[2025-03-12T09:53:07.153+0000] {local_task_job_runner.py:123} INFO - ::group::Pre task execution logs
[2025-03-12T09:53:07.225+0000] {taskinstance.py:2614} INFO - Dependencies all met for dep_context=non-requeueable deps ti=<TaskInstance: weekly_category_analysis.categories manual__2025-03-12T09:52:51.626851+00:00 [queued]>
[2025-03-12T09:53:07.256+0000] {taskinstance.py:2614} INFO - Dependencies all met for dep_context=requeueable deps ti=<TaskInstance: weekly_category_analysis.categories manual__2025-03-12T09:52:51.626851+00:00 [queued]>
[2025-03-12T09:53:07.260+0000] {taskinstance.py:2867} INFO - Starting attempt 1 of 2
[2025-03-12T09:53:07.310+0000] {taskinstance.py:2890} INFO - Executing <Task(PythonOperator): categories> on 2025-03-12 09:52:51.626851+00:00
[2025-03-12T09:53:07.326+0000] {warnings.py:112} WARNING - /home/***/.local/lib/python3.12/site-packages/***/task/task_runner/standard_task_runner.py:70: DeprecationWarning: This process (pid=156) is multi-threaded, use of fork() may lead to deadlocks in the child.
  pid = os.fork()

[2025-03-12T09:53:07.337+0000] {standard_task_runner.py:72} INFO - Started process 163 to run task
[2025-03-12T09:53:07.336+0000] {standard_task_runner.py:104} INFO - Running: ['***', 'tasks', 'run', 'weekly_category_analysis', 'categories', 'manual__2025-03-12T09:52:51.626851+00:00', '--job-id', '393', '--raw', '--subdir', 'DAGS_FOLDER/s3_data.py', '--cfg-path', '/tmp/tmprl5a_ptz']
[2025-03-12T09:53:07.339+0000] {standard_task_runner.py:105} INFO - Job 393: Subtask categories
[2025-03-12T09:53:07.466+0000] {task_command.py:467} INFO - Running <TaskInstance: weekly_category_analysis.categories manual__2025-03-12T09:52:51.626851+00:00 [running]> on host b404e9833d11
[2025-03-12T09:53:08.526+0000] {taskinstance.py:3134} INFO - Exporting env vars: AIRFLOW_CTX_DAG_OWNER='***' AIRFLOW_CTX_DAG_ID='weekly_category_analysis' AIRFLOW_CTX_TASK_ID='categories' AIRFLOW_CTX_EXECUTION_DATE='2025-03-12T09:52:51.626851+00:00' AIRFLOW_CTX_TRY_NUMBER='1' AIRFLOW_CTX_DAG_RUN_ID='manual__2025-03-12T09:52:51.626851+00:00'
[2025-03-12T09:53:08.533+0000] {logging_mixin.py:190} INFO - Task instance is in running state
[2025-03-12T09:53:08.534+0000] {logging_mixin.py:190} INFO -  Previous state of the Task instance: queued
[2025-03-12T09:53:08.537+0000] {logging_mixin.py:190} INFO - Current task name:categories state:running start_date:2025-03-12 09:53:07.233124+00:00
[2025-03-12T09:53:08.539+0000] {logging_mixin.py:190} INFO - Dag name:weekly_category_analysis and current dag run status:running
[2025-03-12T09:53:08.541+0000] {taskinstance.py:732} INFO - ::endgroup::
[2025-03-12T09:53:08.581+0000] {logging_mixin.py:190} INFO - Validation successful. Found 7 category records.
[2025-03-12T09:53:08.582+0000] {python.py:240} INFO - Done. Returned value was: None
[2025-03-12T09:53:08.607+0000] {taskinstance.py:341} INFO - ::group::Post task execution logs
[2025-03-12T09:53:08.608+0000] {taskinstance.py:353} INFO - Marking task as SUCCESS. dag_id=weekly_category_analysis, task_id=categories, run_id=manual__2025-03-12T09:52:51.626851+00:00, execution_date=20250312T095251, start_date=20250312T095307, end_date=20250312T095308
[2025-03-12T09:53:08.657+0000] {logging_mixin.py:190} INFO - Task instance in success state
[2025-03-12T09:53:08.658+0000] {logging_mixin.py:190} INFO -  Previous state of the Task instance: running
[2025-03-12T09:53:08.659+0000] {logging_mixin.py:190} INFO - Dag name:weekly_category_analysis queued_at:2025-03-12 09:52:51.692009+00:00
[2025-03-12T09:53:08.659+0000] {logging_mixin.py:190} INFO - Task hostname:b404e9833d11 operator:PythonOperator
[2025-03-12T09:53:08.709+0000] {local_task_job_runner.py:266} INFO - Task exited with return code 0
[2025-03-12T09:53:08.728+0000] {local_task_job_runner.py:245} INFO - ::endgroup::
