[2025-03-11T10:33:05.070+0000] {local_task_job_runner.py:123} INFO - ::group::Pre task execution logs
[2025-03-11T10:33:05.321+0000] {taskinstance.py:2614} INFO - Dependencies all met for dep_context=non-requeueable deps ti=<TaskInstance: daily_product_analysis.stores manual__2025-03-11T10:32:43.671787+00:00 [queued]>
[2025-03-11T10:33:05.564+0000] {taskinstance.py:2614} INFO - Dependencies all met for dep_context=requeueable deps ti=<TaskInstance: daily_product_analysis.stores manual__2025-03-11T10:32:43.671787+00:00 [queued]>
[2025-03-11T10:33:05.590+0000] {taskinstance.py:2867} INFO - Starting attempt 1 of 2
[2025-03-11T10:33:06.014+0000] {taskinstance.py:2890} INFO - Executing <Task(PythonOperator): stores> on 2025-03-11 10:32:43.671787+00:00
[2025-03-11T10:33:06.158+0000] {warnings.py:112} WARNING - /home/***/.local/lib/python3.12/site-packages/***/task/task_runner/standard_task_runner.py:70: DeprecationWarning: This process (pid=9272) is multi-threaded, use of fork() may lead to deadlocks in the child.
  pid = os.fork()

[2025-03-11T10:33:06.170+0000] {standard_task_runner.py:72} INFO - Started process 9291 to run task
[2025-03-11T10:33:06.257+0000] {standard_task_runner.py:104} INFO - Running: ['***', 'tasks', 'run', 'daily_product_analysis', 'stores', 'manual__2025-03-11T10:32:43.671787+00:00', '--job-id', '278', '--raw', '--subdir', 'DAGS_FOLDER/scheduled.py', '--cfg-path', '/tmp/tmp8369zxta']
[2025-03-11T10:33:06.272+0000] {standard_task_runner.py:105} INFO - Job 278: Subtask stores
[2025-03-11T10:33:09.390+0000] {task_command.py:467} INFO - Running <TaskInstance: daily_product_analysis.stores manual__2025-03-11T10:32:43.671787+00:00 [running]> on host efacfdd0be48
[2025-03-11T10:33:10.191+0000] {taskinstance.py:3134} INFO - Exporting env vars: AIRFLOW_CTX_DAG_OWNER='***' AIRFLOW_CTX_DAG_ID='daily_product_analysis' AIRFLOW_CTX_TASK_ID='stores' AIRFLOW_CTX_EXECUTION_DATE='2025-03-11T10:32:43.671787+00:00' AIRFLOW_CTX_TRY_NUMBER='1' AIRFLOW_CTX_DAG_RUN_ID='manual__2025-03-11T10:32:43.671787+00:00'
[2025-03-11T10:33:10.202+0000] {logging_mixin.py:190} INFO - Task instance is in running state
[2025-03-11T10:33:10.205+0000] {logging_mixin.py:190} INFO -  Previous state of the Task instance: queued
[2025-03-11T10:33:10.267+0000] {logging_mixin.py:190} INFO - Current task name:stores state:running start_date:2025-03-11 10:33:05.331006+00:00
[2025-03-11T10:33:10.268+0000] {logging_mixin.py:190} INFO - Dag name:daily_product_analysis and current dag run status:running
[2025-03-11T10:33:10.282+0000] {taskinstance.py:732} INFO - ::endgroup::
[2025-03-11T10:33:10.477+0000] {logging_mixin.py:190} INFO - Validation successful. Found 3 store records.
[2025-03-11T10:33:10.490+0000] {python.py:240} INFO - Done. Returned value was: None
[2025-03-11T10:33:10.625+0000] {taskinstance.py:341} INFO - ::group::Post task execution logs
[2025-03-11T10:33:10.644+0000] {taskinstance.py:353} INFO - Marking task as SUCCESS. dag_id=daily_product_analysis, task_id=stores, run_id=manual__2025-03-11T10:32:43.671787+00:00, execution_date=20250311T103243, start_date=20250311T103305, end_date=20250311T103310
[2025-03-11T10:33:10.980+0000] {logging_mixin.py:190} INFO - Task instance in success state
[2025-03-11T10:33:10.996+0000] {logging_mixin.py:190} INFO -  Previous state of the Task instance: running
[2025-03-11T10:33:11.004+0000] {logging_mixin.py:190} INFO - Dag name:daily_product_analysis queued_at:2025-03-11 10:32:43.807453+00:00
[2025-03-11T10:33:11.007+0000] {logging_mixin.py:190} INFO - Task hostname:efacfdd0be48 operator:PythonOperator
[2025-03-11T10:33:11.159+0000] {local_task_job_runner.py:266} INFO - Task exited with return code 0
[2025-03-11T10:33:12.487+0000] {standard_task_runner.py:217} INFO - Process not found (most likely exited), stop collecting metrics
[2025-03-11T10:33:12.841+0000] {taskinstance.py:3901} INFO - 0 downstream tasks scheduled from follow-on schedule check
[2025-03-11T10:33:12.909+0000] {local_task_job_runner.py:245} INFO - ::endgroup::
