[2025-03-12T09:55:06.862+0000] {local_task_job_runner.py:123} INFO - ::group::Pre task execution logs
[2025-03-12T09:55:06.977+0000] {taskinstance.py:2614} INFO - Dependencies all met for dep_context=non-requeueable deps ti=<TaskInstance: weekly_category_analysis.order_items manual__2025-03-12T09:54:44.136846+00:00 [queued]>
[2025-03-12T09:55:07.060+0000] {taskinstance.py:2614} INFO - Dependencies all met for dep_context=requeueable deps ti=<TaskInstance: weekly_category_analysis.order_items manual__2025-03-12T09:54:44.136846+00:00 [queued]>
[2025-03-12T09:55:07.067+0000] {taskinstance.py:2867} INFO - Starting attempt 1 of 2
[2025-03-12T09:55:07.159+0000] {taskinstance.py:2890} INFO - Executing <Task(PythonOperator): order_items> on 2025-03-12 09:54:44.136846+00:00
[2025-03-12T09:55:07.188+0000] {warnings.py:112} WARNING - /home/***/.local/lib/python3.12/site-packages/***/task/task_runner/standard_task_runner.py:70: DeprecationWarning: This process (pid=235) is multi-threaded, use of fork() may lead to deadlocks in the child.
  pid = os.fork()

[2025-03-12T09:55:07.193+0000] {standard_task_runner.py:72} INFO - Started process 239 to run task
[2025-03-12T09:55:07.200+0000] {standard_task_runner.py:104} INFO - Running: ['***', 'tasks', 'run', 'weekly_category_analysis', 'order_items', 'manual__2025-03-12T09:54:44.136846+00:00', '--job-id', '404', '--raw', '--subdir', 'DAGS_FOLDER/s3_data.py', '--cfg-path', '/tmp/tmp8m67bcrt']
[2025-03-12T09:55:07.241+0000] {standard_task_runner.py:105} INFO - Job 404: Subtask order_items
[2025-03-12T09:55:07.488+0000] {task_command.py:467} INFO - Running <TaskInstance: weekly_category_analysis.order_items manual__2025-03-12T09:54:44.136846+00:00 [running]> on host b404e9833d11
[2025-03-12T09:55:07.893+0000] {taskinstance.py:3134} INFO - Exporting env vars: AIRFLOW_CTX_DAG_OWNER='***' AIRFLOW_CTX_DAG_ID='weekly_category_analysis' AIRFLOW_CTX_TASK_ID='order_items' AIRFLOW_CTX_EXECUTION_DATE='2025-03-12T09:54:44.136846+00:00' AIRFLOW_CTX_TRY_NUMBER='1' AIRFLOW_CTX_DAG_RUN_ID='manual__2025-03-12T09:54:44.136846+00:00'
[2025-03-12T09:55:07.905+0000] {logging_mixin.py:190} INFO - Task instance is in running state
[2025-03-12T09:55:07.912+0000] {logging_mixin.py:190} INFO -  Previous state of the Task instance: queued
[2025-03-12T09:55:07.921+0000] {logging_mixin.py:190} INFO - Current task name:order_items state:running start_date:2025-03-12 09:55:07.000392+00:00
[2025-03-12T09:55:07.923+0000] {logging_mixin.py:190} INFO - Dag name:weekly_category_analysis and current dag run status:running
[2025-03-12T09:55:07.925+0000] {taskinstance.py:732} INFO - ::endgroup::
[2025-03-12T09:55:07.980+0000] {logging_mixin.py:190} INFO - Validation successful. Found 4722 order item records.
[2025-03-12T09:55:07.982+0000] {python.py:240} INFO - Done. Returned value was: None
[2025-03-12T09:55:08.012+0000] {taskinstance.py:341} INFO - ::group::Post task execution logs
[2025-03-12T09:55:08.013+0000] {taskinstance.py:353} INFO - Marking task as SUCCESS. dag_id=weekly_category_analysis, task_id=order_items, run_id=manual__2025-03-12T09:54:44.136846+00:00, execution_date=20250312T095444, start_date=20250312T095507, end_date=20250312T095508
[2025-03-12T09:55:08.074+0000] {logging_mixin.py:190} INFO - Task instance in success state
[2025-03-12T09:55:08.075+0000] {logging_mixin.py:190} INFO -  Previous state of the Task instance: running
[2025-03-12T09:55:08.076+0000] {logging_mixin.py:190} INFO - Dag name:weekly_category_analysis queued_at:2025-03-12 09:54:44.176207+00:00
[2025-03-12T09:55:08.077+0000] {logging_mixin.py:190} INFO - Task hostname:b404e9833d11 operator:PythonOperator
[2025-03-12T09:55:08.128+0000] {local_task_job_runner.py:266} INFO - Task exited with return code 0
[2025-03-12T09:55:08.198+0000] {taskinstance.py:3901} INFO - 1 downstream tasks scheduled from follow-on schedule check
[2025-03-12T09:55:08.201+0000] {local_task_job_runner.py:245} INFO - ::endgroup::
