[2025-03-12T10:03:38.799+0000] {local_task_job_runner.py:123} INFO - ::group::Pre task execution logs
[2025-03-12T10:03:38.844+0000] {taskinstance.py:2614} INFO - Dependencies all met for dep_context=non-requeueable deps ti=<TaskInstance: weekly_category_analysis.categories manual__2025-03-12T10:03:30.091434+00:00 [queued]>
[2025-03-12T10:03:38.885+0000] {taskinstance.py:2614} INFO - Dependencies all met for dep_context=requeueable deps ti=<TaskInstance: weekly_category_analysis.categories manual__2025-03-12T10:03:30.091434+00:00 [queued]>
[2025-03-12T10:03:38.886+0000] {taskinstance.py:2867} INFO - Starting attempt 1 of 2
[2025-03-12T10:03:38.948+0000] {taskinstance.py:2890} INFO - Executing <Task(PythonOperator): categories> on 2025-03-12 10:03:30.091434+00:00
[2025-03-12T10:03:38.972+0000] {warnings.py:112} WARNING - /home/***/.local/lib/python3.12/site-packages/***/task/task_runner/standard_task_runner.py:70: DeprecationWarning: This process (pid=437) is multi-threaded, use of fork() may lead to deadlocks in the child.
  pid = os.fork()

[2025-03-12T10:03:38.977+0000] {standard_task_runner.py:104} INFO - Running: ['***', 'tasks', 'run', 'weekly_category_analysis', 'categories', 'manual__2025-03-12T10:03:30.091434+00:00', '--job-id', '431', '--raw', '--subdir', 'DAGS_FOLDER/data/scheduled.py', '--cfg-path', '/tmp/tmpgw2jke2o']
[2025-03-12T10:03:38.979+0000] {standard_task_runner.py:72} INFO - Started process 444 to run task
[2025-03-12T10:03:38.992+0000] {standard_task_runner.py:105} INFO - Job 431: Subtask categories
[2025-03-12T10:03:39.140+0000] {task_command.py:467} INFO - Running <TaskInstance: weekly_category_analysis.categories manual__2025-03-12T10:03:30.091434+00:00 [running]> on host b404e9833d11
[2025-03-12T10:03:39.460+0000] {taskinstance.py:3134} INFO - Exporting env vars: AIRFLOW_CTX_DAG_OWNER='***' AIRFLOW_CTX_DAG_ID='weekly_category_analysis' AIRFLOW_CTX_TASK_ID='categories' AIRFLOW_CTX_EXECUTION_DATE='2025-03-12T10:03:30.091434+00:00' AIRFLOW_CTX_TRY_NUMBER='1' AIRFLOW_CTX_DAG_RUN_ID='manual__2025-03-12T10:03:30.091434+00:00'
[2025-03-12T10:03:39.463+0000] {logging_mixin.py:190} INFO - Task instance is in running state
[2025-03-12T10:03:39.464+0000] {logging_mixin.py:190} INFO -  Previous state of the Task instance: queued
[2025-03-12T10:03:39.465+0000] {logging_mixin.py:190} INFO - Current task name:categories state:running start_date:2025-03-12 10:03:38.845772+00:00
[2025-03-12T10:03:39.467+0000] {logging_mixin.py:190} INFO - Dag name:weekly_category_analysis and current dag run status:running
[2025-03-12T10:03:39.471+0000] {taskinstance.py:732} INFO - ::endgroup::
[2025-03-12T10:03:40.262+0000] {httpchecksum.py:481} INFO - Skipping checksum validation. Response did not contain one of the following algorithms: ['crc32', 'sha1', 'sha256'].
[2025-03-12T10:03:40.283+0000] {logging_mixin.py:190} INFO - Validation successful. Found 7 category records.
[2025-03-12T10:03:40.284+0000] {python.py:240} INFO - Done. Returned value was: None
[2025-03-12T10:03:40.305+0000] {taskinstance.py:341} INFO - ::group::Post task execution logs
[2025-03-12T10:03:40.306+0000] {taskinstance.py:353} INFO - Marking task as SUCCESS. dag_id=weekly_category_analysis, task_id=categories, run_id=manual__2025-03-12T10:03:30.091434+00:00, execution_date=20250312T100330, start_date=20250312T100338, end_date=20250312T100340
[2025-03-12T10:03:40.482+0000] {logging_mixin.py:190} INFO - Task instance in success state
[2025-03-12T10:03:40.499+0000] {logging_mixin.py:190} INFO -  Previous state of the Task instance: running
[2025-03-12T10:03:40.511+0000] {logging_mixin.py:190} INFO - Dag name:weekly_category_analysis queued_at:2025-03-12 10:03:30.119001+00:00
[2025-03-12T10:03:40.532+0000] {logging_mixin.py:190} INFO - Task hostname:b404e9833d11 operator:PythonOperator
[2025-03-12T10:03:40.717+0000] {local_task_job_runner.py:266} INFO - Task exited with return code 0
[2025-03-12T10:03:40.750+0000] {local_task_job_runner.py:245} INFO - ::endgroup::
