[2025-03-12T09:40:41.972+0000] {local_task_job_runner.py:123} INFO - ::group::Pre task execution logs
[2025-03-12T09:40:42.021+0000] {taskinstance.py:2614} INFO - Dependencies all met for dep_context=non-requeueable deps ti=<TaskInstance: weekly_category_analysis.category_stocks_analysis manual__2025-03-12T09:40:17.859969+00:00 [queued]>
[2025-03-12T09:40:42.040+0000] {taskinstance.py:2614} INFO - Dependencies all met for dep_context=requeueable deps ti=<TaskInstance: weekly_category_analysis.category_stocks_analysis manual__2025-03-12T09:40:17.859969+00:00 [queued]>
[2025-03-12T09:40:42.041+0000] {taskinstance.py:2867} INFO - Starting attempt 1 of 2
[2025-03-12T09:40:42.062+0000] {taskinstance.py:2890} INFO - Executing <Task(PythonOperator): category_stocks_analysis> on 2025-03-12 09:40:17.859969+00:00
[2025-03-12T09:40:42.070+0000] {warnings.py:112} WARNING - /home/***/.local/lib/python3.12/site-packages/***/task/task_runner/standard_task_runner.py:70: DeprecationWarning: This process (pid=510) is multi-threaded, use of fork() may lead to deadlocks in the child.
  pid = os.fork()

[2025-03-12T09:40:42.072+0000] {standard_task_runner.py:72} INFO - Started process 513 to run task
[2025-03-12T09:40:42.073+0000] {standard_task_runner.py:104} INFO - Running: ['***', 'tasks', 'run', 'weekly_category_analysis', 'category_stocks_analysis', 'manual__2025-03-12T09:40:17.859969+00:00', '--job-id', '387', '--raw', '--subdir', 'DAGS_FOLDER/s3_data.py', '--cfg-path', '/tmp/tmp07gt9igl']
[2025-03-12T09:40:42.075+0000] {standard_task_runner.py:105} INFO - Job 387: Subtask category_stocks_analysis
[2025-03-12T09:40:42.144+0000] {task_command.py:467} INFO - Running <TaskInstance: weekly_category_analysis.category_stocks_analysis manual__2025-03-12T09:40:17.859969+00:00 [running]> on host fc342882eb4f
[2025-03-12T09:40:42.351+0000] {taskinstance.py:3134} INFO - Exporting env vars: AIRFLOW_CTX_DAG_OWNER='***' AIRFLOW_CTX_DAG_ID='weekly_category_analysis' AIRFLOW_CTX_TASK_ID='category_stocks_analysis' AIRFLOW_CTX_EXECUTION_DATE='2025-03-12T09:40:17.859969+00:00' AIRFLOW_CTX_TRY_NUMBER='1' AIRFLOW_CTX_DAG_RUN_ID='manual__2025-03-12T09:40:17.859969+00:00'
[2025-03-12T09:40:42.353+0000] {logging_mixin.py:190} INFO - Task instance is in running state
[2025-03-12T09:40:42.354+0000] {logging_mixin.py:190} INFO -  Previous state of the Task instance: queued
[2025-03-12T09:40:42.355+0000] {logging_mixin.py:190} INFO - Current task name:category_stocks_analysis state:running start_date:2025-03-12 09:40:42.022227+00:00
[2025-03-12T09:40:42.356+0000] {logging_mixin.py:190} INFO - Dag name:weekly_category_analysis and current dag run status:running
[2025-03-12T09:40:42.357+0000] {taskinstance.py:732} INFO - ::endgroup::
[2025-03-12T09:40:43.267+0000] {httpchecksum.py:481} INFO - Skipping checksum validation. Response did not contain one of the following algorithms: ['crc32', 'sha1', 'sha256'].
[2025-03-12T09:40:43.511+0000] {httpchecksum.py:481} INFO - Skipping checksum validation. Response did not contain one of the following algorithms: ['crc32', 'sha1', 'sha256'].
[2025-03-12T09:40:43.726+0000] {httpchecksum.py:481} INFO - Skipping checksum validation. Response did not contain one of the following algorithms: ['crc32', 'sha1', 'sha256'].
[2025-03-12T09:40:44.108+0000] {logging_mixin.py:190} INFO - Category stocks analysis completed successfully
[2025-03-12T09:40:44.110+0000] {python.py:240} INFO - Done. Returned value was: None
[2025-03-12T09:40:44.141+0000] {taskinstance.py:341} INFO - ::group::Post task execution logs
[2025-03-12T09:40:44.146+0000] {taskinstance.py:353} INFO - Marking task as SUCCESS. dag_id=weekly_category_analysis, task_id=category_stocks_analysis, run_id=manual__2025-03-12T09:40:17.859969+00:00, execution_date=20250312T094017, start_date=20250312T094042, end_date=20250312T094044
[2025-03-12T09:40:44.221+0000] {logging_mixin.py:190} INFO - Task instance in success state
[2025-03-12T09:40:44.227+0000] {logging_mixin.py:190} INFO -  Previous state of the Task instance: running
[2025-03-12T09:40:44.229+0000] {logging_mixin.py:190} INFO - Dag name:weekly_category_analysis queued_at:2025-03-12 09:40:17.909407+00:00
[2025-03-12T09:40:44.233+0000] {logging_mixin.py:190} INFO - Task hostname:fc342882eb4f operator:PythonOperator
[2025-03-12T09:40:44.335+0000] {local_task_job_runner.py:266} INFO - Task exited with return code 0
[2025-03-12T09:40:44.413+0000] {taskinstance.py:3901} INFO - 0 downstream tasks scheduled from follow-on schedule check
[2025-03-12T09:40:44.423+0000] {local_task_job_runner.py:245} INFO - ::endgroup::
