[2025-03-12T09:58:14.169+0000] {local_task_job_runner.py:123} INFO - ::group::Pre task execution logs
[2025-03-12T09:58:14.226+0000] {taskinstance.py:2614} INFO - Dependencies all met for dep_context=non-requeueable deps ti=<TaskInstance: weekly_category_analysis.brands manual__2025-03-12T09:52:51.626851+00:00 [queued]>
[2025-03-12T09:58:14.263+0000] {taskinstance.py:2614} INFO - Dependencies all met for dep_context=requeueable deps ti=<TaskInstance: weekly_category_analysis.brands manual__2025-03-12T09:52:51.626851+00:00 [queued]>
[2025-03-12T09:58:14.264+0000] {taskinstance.py:2867} INFO - Starting attempt 2 of 2
[2025-03-12T09:58:14.316+0000] {taskinstance.py:2890} INFO - Executing <Task(PythonOperator): brands> on 2025-03-12 09:52:51.626851+00:00
[2025-03-12T09:58:14.331+0000] {warnings.py:112} WARNING - /home/***/.local/lib/python3.12/site-packages/***/task/task_runner/standard_task_runner.py:70: DeprecationWarning: This process (pid=280) is multi-threaded, use of fork() may lead to deadlocks in the child.
  pid = os.fork()

[2025-03-12T09:58:14.335+0000] {standard_task_runner.py:72} INFO - Started process 289 to run task
[2025-03-12T09:58:14.336+0000] {standard_task_runner.py:104} INFO - Running: ['***', 'tasks', 'run', 'weekly_category_analysis', 'brands', 'manual__2025-03-12T09:52:51.626851+00:00', '--job-id', '408', '--raw', '--subdir', 'DAGS_FOLDER/s3_data.py', '--cfg-path', '/tmp/tmpl33bta38']
[2025-03-12T09:58:14.339+0000] {standard_task_runner.py:105} INFO - Job 408: Subtask brands
[2025-03-12T09:58:14.497+0000] {task_command.py:467} INFO - Running <TaskInstance: weekly_category_analysis.brands manual__2025-03-12T09:52:51.626851+00:00 [running]> on host b404e9833d11
[2025-03-12T09:58:14.781+0000] {taskinstance.py:3134} INFO - Exporting env vars: AIRFLOW_CTX_DAG_OWNER='***' AIRFLOW_CTX_DAG_ID='weekly_category_analysis' AIRFLOW_CTX_TASK_ID='brands' AIRFLOW_CTX_EXECUTION_DATE='2025-03-12T09:52:51.626851+00:00' AIRFLOW_CTX_TRY_NUMBER='2' AIRFLOW_CTX_DAG_RUN_ID='manual__2025-03-12T09:52:51.626851+00:00'
[2025-03-12T09:58:14.786+0000] {logging_mixin.py:190} INFO - Task instance is in running state
[2025-03-12T09:58:14.787+0000] {logging_mixin.py:190} INFO -  Previous state of the Task instance: queued
[2025-03-12T09:58:14.789+0000] {logging_mixin.py:190} INFO - Current task name:brands state:running start_date:2025-03-12 09:58:14.230608+00:00
[2025-03-12T09:58:14.791+0000] {logging_mixin.py:190} INFO - Dag name:weekly_category_analysis and current dag run status:running
[2025-03-12T09:58:14.792+0000] {taskinstance.py:732} INFO - ::endgroup::
[2025-03-12T09:58:14.829+0000] {logging_mixin.py:190} INFO - Validation successful. Found 9 brand records.
[2025-03-12T09:58:14.831+0000] {python.py:240} INFO - Done. Returned value was: None
[2025-03-12T09:58:14.867+0000] {taskinstance.py:341} INFO - ::group::Post task execution logs
[2025-03-12T09:58:14.878+0000] {taskinstance.py:353} INFO - Marking task as SUCCESS. dag_id=weekly_category_analysis, task_id=brands, run_id=manual__2025-03-12T09:52:51.626851+00:00, execution_date=20250312T095251, start_date=20250312T095814, end_date=20250312T095814
[2025-03-12T09:58:14.988+0000] {logging_mixin.py:190} INFO - Task instance in success state
[2025-03-12T09:58:14.989+0000] {logging_mixin.py:190} INFO -  Previous state of the Task instance: running
[2025-03-12T09:58:14.990+0000] {logging_mixin.py:190} INFO - Dag name:weekly_category_analysis queued_at:2025-03-12 09:52:51.692009+00:00
[2025-03-12T09:58:14.991+0000] {logging_mixin.py:190} INFO - Task hostname:b404e9833d11 operator:PythonOperator
[2025-03-12T09:58:15.046+0000] {local_task_job_runner.py:266} INFO - Task exited with return code 0
[2025-03-12T09:58:15.200+0000] {taskinstance.py:3901} INFO - 1 downstream tasks scheduled from follow-on schedule check
[2025-03-12T09:58:15.205+0000] {local_task_job_runner.py:245} INFO - ::endgroup::
