[2025-03-13T06:02:32.222+0000] {local_task_job_runner.py:123} INFO - ::group::Pre task execution logs
[2025-03-13T06:02:32.307+0000] {taskinstance.py:2614} INFO - Dependencies all met for dep_context=non-requeueable deps ti=<TaskInstance: daily_product_analysis.brands scheduled__2025-03-12T00:00:00+00:00 [queued]>
[2025-03-13T06:02:32.342+0000] {taskinstance.py:2614} INFO - Dependencies all met for dep_context=requeueable deps ti=<TaskInstance: daily_product_analysis.brands scheduled__2025-03-12T00:00:00+00:00 [queued]>
[2025-03-13T06:02:32.354+0000] {taskinstance.py:2867} INFO - Starting attempt 1 of 2
[2025-03-13T06:02:32.443+0000] {taskinstance.py:2890} INFO - Executing <Task(PythonOperator): brands> on 2025-03-12 00:00:00+00:00
[2025-03-13T06:02:32.460+0000] {warnings.py:112} WARNING - /home/***/.local/lib/python3.12/site-packages/***/task/task_runner/standard_task_runner.py:70: DeprecationWarning: This process (pid=2010) is multi-threaded, use of fork() may lead to deadlocks in the child.
  pid = os.fork()

[2025-03-13T06:02:32.476+0000] {standard_task_runner.py:104} INFO - Running: ['***', 'tasks', 'run', 'daily_product_analysis', 'brands', 'scheduled__2025-03-12T00:00:00+00:00', '--job-id', '503', '--raw', '--subdir', 'DAGS_FOLDER/s3_data.py', '--cfg-path', '/tmp/tmp3nvg984v']
[2025-03-13T06:02:32.481+0000] {standard_task_runner.py:72} INFO - Started process 2022 to run task
[2025-03-13T06:02:32.483+0000] {standard_task_runner.py:105} INFO - Job 503: Subtask brands
[2025-03-13T06:02:32.811+0000] {task_command.py:467} INFO - Running <TaskInstance: daily_product_analysis.brands scheduled__2025-03-12T00:00:00+00:00 [running]> on host b404e9833d11
[2025-03-13T06:02:33.351+0000] {taskinstance.py:3134} INFO - Exporting env vars: AIRFLOW_CTX_DAG_OWNER='***' AIRFLOW_CTX_DAG_ID='daily_product_analysis' AIRFLOW_CTX_TASK_ID='brands' AIRFLOW_CTX_EXECUTION_DATE='2025-03-12T00:00:00+00:00' AIRFLOW_CTX_TRY_NUMBER='1' AIRFLOW_CTX_DAG_RUN_ID='scheduled__2025-03-12T00:00:00+00:00'
[2025-03-13T06:02:33.365+0000] {logging_mixin.py:190} INFO - Task instance is in running state
[2025-03-13T06:02:33.371+0000] {logging_mixin.py:190} INFO -  Previous state of the Task instance: queued
[2025-03-13T06:02:33.372+0000] {logging_mixin.py:190} INFO - Current task name:brands state:running start_date:2025-03-13 06:02:32.316627+00:00
[2025-03-13T06:02:33.373+0000] {logging_mixin.py:190} INFO - Dag name:daily_product_analysis and current dag run status:running
[2025-03-13T06:02:33.374+0000] {taskinstance.py:732} INFO - ::endgroup::
[2025-03-13T06:02:34.171+0000] {httpchecksum.py:481} INFO - Skipping checksum validation. Response did not contain one of the following algorithms: ['crc32', 'sha1', 'sha256'].
[2025-03-13T06:02:34.208+0000] {logging_mixin.py:190} INFO - Validation successful. Found 9 brand records.
[2025-03-13T06:02:34.209+0000] {python.py:240} INFO - Done. Returned value was: None
[2025-03-13T06:02:34.253+0000] {taskinstance.py:341} INFO - ::group::Post task execution logs
[2025-03-13T06:02:34.256+0000] {taskinstance.py:353} INFO - Marking task as SUCCESS. dag_id=daily_product_analysis, task_id=brands, run_id=scheduled__2025-03-12T00:00:00+00:00, execution_date=20250312T000000, start_date=20250313T060232, end_date=20250313T060234
[2025-03-13T06:02:34.477+0000] {logging_mixin.py:190} INFO - Task instance in success state
[2025-03-13T06:02:34.502+0000] {logging_mixin.py:190} INFO -  Previous state of the Task instance: running
[2025-03-13T06:02:34.519+0000] {logging_mixin.py:190} INFO - Dag name:daily_product_analysis queued_at:2025-03-13 06:02:11.989705+00:00
[2025-03-13T06:02:34.524+0000] {logging_mixin.py:190} INFO - Task hostname:b404e9833d11 operator:PythonOperator
[2025-03-13T06:02:34.679+0000] {local_task_job_runner.py:266} INFO - Task exited with return code 0
[2025-03-13T06:02:34.703+0000] {local_task_job_runner.py:245} INFO - ::endgroup::
