[2025-03-12T09:54:57.979+0000] {local_task_job_runner.py:123} INFO - ::group::Pre task execution logs
[2025-03-12T09:54:58.100+0000] {taskinstance.py:2614} INFO - Dependencies all met for dep_context=non-requeueable deps ti=<TaskInstance: weekly_category_analysis.orders manual__2025-03-12T09:54:44.136846+00:00 [queued]>
[2025-03-12T09:54:58.147+0000] {taskinstance.py:2614} INFO - Dependencies all met for dep_context=requeueable deps ti=<TaskInstance: weekly_category_analysis.orders manual__2025-03-12T09:54:44.136846+00:00 [queued]>
[2025-03-12T09:54:58.150+0000] {taskinstance.py:2867} INFO - Starting attempt 1 of 2
[2025-03-12T09:54:58.221+0000] {taskinstance.py:2890} INFO - Executing <Task(PythonOperator): orders> on 2025-03-12 09:54:44.136846+00:00
[2025-03-12T09:54:58.236+0000] {warnings.py:112} WARNING - /home/***/.local/lib/python3.12/site-packages/***/task/task_runner/standard_task_runner.py:70: DeprecationWarning: This process (pid=217) is multi-threaded, use of fork() may lead to deadlocks in the child.
  pid = os.fork()

[2025-03-12T09:54:58.241+0000] {standard_task_runner.py:72} INFO - Started process 224 to run task
[2025-03-12T09:54:58.248+0000] {standard_task_runner.py:104} INFO - Running: ['***', 'tasks', 'run', 'weekly_category_analysis', 'orders', 'manual__2025-03-12T09:54:44.136846+00:00', '--job-id', '402', '--raw', '--subdir', 'DAGS_FOLDER/s3_data.py', '--cfg-path', '/tmp/tmp9593q73u']
[2025-03-12T09:54:58.269+0000] {standard_task_runner.py:105} INFO - Job 402: Subtask orders
[2025-03-12T09:54:58.469+0000] {task_command.py:467} INFO - Running <TaskInstance: weekly_category_analysis.orders manual__2025-03-12T09:54:44.136846+00:00 [running]> on host b404e9833d11
[2025-03-12T09:54:58.863+0000] {taskinstance.py:3134} INFO - Exporting env vars: AIRFLOW_CTX_DAG_OWNER='***' AIRFLOW_CTX_DAG_ID='weekly_category_analysis' AIRFLOW_CTX_TASK_ID='orders' AIRFLOW_CTX_EXECUTION_DATE='2025-03-12T09:54:44.136846+00:00' AIRFLOW_CTX_TRY_NUMBER='1' AIRFLOW_CTX_DAG_RUN_ID='manual__2025-03-12T09:54:44.136846+00:00'
[2025-03-12T09:54:58.867+0000] {logging_mixin.py:190} INFO - Task instance is in running state
[2025-03-12T09:54:58.869+0000] {logging_mixin.py:190} INFO -  Previous state of the Task instance: queued
[2025-03-12T09:54:58.871+0000] {logging_mixin.py:190} INFO - Current task name:orders state:running start_date:2025-03-12 09:54:58.101689+00:00
[2025-03-12T09:54:58.873+0000] {logging_mixin.py:190} INFO - Dag name:weekly_category_analysis and current dag run status:running
[2025-03-12T09:54:58.878+0000] {taskinstance.py:732} INFO - ::endgroup::
[2025-03-12T09:54:58.963+0000] {logging_mixin.py:190} INFO - Validation successful. Found 1615 order records.
[2025-03-12T09:54:58.983+0000] {python.py:240} INFO - Done. Returned value was: None
[2025-03-12T09:54:59.035+0000] {taskinstance.py:341} INFO - ::group::Post task execution logs
[2025-03-12T09:54:59.044+0000] {taskinstance.py:353} INFO - Marking task as SUCCESS. dag_id=weekly_category_analysis, task_id=orders, run_id=manual__2025-03-12T09:54:44.136846+00:00, execution_date=20250312T095444, start_date=20250312T095458, end_date=20250312T095459
[2025-03-12T09:54:59.166+0000] {logging_mixin.py:190} INFO - Task instance in success state
[2025-03-12T09:54:59.167+0000] {logging_mixin.py:190} INFO -  Previous state of the Task instance: running
[2025-03-12T09:54:59.169+0000] {logging_mixin.py:190} INFO - Dag name:weekly_category_analysis queued_at:2025-03-12 09:54:44.176207+00:00
[2025-03-12T09:54:59.170+0000] {logging_mixin.py:190} INFO - Task hostname:b404e9833d11 operator:PythonOperator
[2025-03-12T09:54:59.240+0000] {local_task_job_runner.py:266} INFO - Task exited with return code 0
[2025-03-12T09:54:59.392+0000] {taskinstance.py:3901} INFO - 1 downstream tasks scheduled from follow-on schedule check
[2025-03-12T09:54:59.404+0000] {local_task_job_runner.py:245} INFO - ::endgroup::
