[2025-03-07T10:49:30.045+0000] {processor.py:186} INFO - Started process (PID=108) to work on /home/airflow/.local/lib/python3.12/site-packages/airflow/example_dags/example_time_delta_sensor_async.py
[2025-03-07T10:49:30.047+0000] {processor.py:914} INFO - Processing file /home/airflow/.local/lib/python3.12/site-packages/airflow/example_dags/example_time_delta_sensor_async.py for tasks to queue
[2025-03-07T10:49:30.050+0000] {logging_mixin.py:190} INFO - [2025-03-07T10:49:30.049+0000] {dagbag.py:588} INFO - Filling up the DagBag from /home/airflow/.local/lib/python3.12/site-packages/airflow/example_dags/example_time_delta_sensor_async.py
[2025-03-07T10:49:30.059+0000] {processor.py:925} INFO - DAG(s) 'example_time_delta_sensor_async' retrieved from /home/airflow/.local/lib/python3.12/site-packages/airflow/example_dags/example_time_delta_sensor_async.py
[2025-03-07T10:49:30.206+0000] {logging_mixin.py:190} INFO - [2025-03-07T10:49:30.204+0000] {override.py:1912} INFO - Created Permission View: can delete on DAG:example_time_delta_sensor_async
[2025-03-07T10:49:30.221+0000] {logging_mixin.py:190} INFO - [2025-03-07T10:49:30.221+0000] {override.py:1912} INFO - Created Permission View: can read on DAG:example_time_delta_sensor_async
[2025-03-07T10:49:30.229+0000] {logging_mixin.py:190} INFO - [2025-03-07T10:49:30.229+0000] {override.py:1912} INFO - Created Permission View: can edit on DAG:example_time_delta_sensor_async
[2025-03-07T10:49:30.239+0000] {logging_mixin.py:190} INFO - [2025-03-07T10:49:30.238+0000] {override.py:1912} INFO - Created Permission View: can delete on DAG Run:example_time_delta_sensor_async
[2025-03-07T10:49:30.247+0000] {logging_mixin.py:190} INFO - [2025-03-07T10:49:30.247+0000] {override.py:1912} INFO - Created Permission View: can create on DAG Run:example_time_delta_sensor_async
[2025-03-07T10:49:30.256+0000] {logging_mixin.py:190} INFO - [2025-03-07T10:49:30.255+0000] {override.py:1912} INFO - Created Permission View: menu access on DAG Run:example_time_delta_sensor_async
[2025-03-07T10:49:30.264+0000] {logging_mixin.py:190} INFO - [2025-03-07T10:49:30.264+0000] {override.py:1912} INFO - Created Permission View: can read on DAG Run:example_time_delta_sensor_async
[2025-03-07T10:49:30.265+0000] {logging_mixin.py:190} INFO - [2025-03-07T10:49:30.265+0000] {dag.py:3239} INFO - Sync 1 DAGs
[2025-03-07T10:49:30.283+0000] {logging_mixin.py:190} INFO - [2025-03-07T10:49:30.283+0000] {dag.py:3262} INFO - Creating ORM DAG for example_time_delta_sensor_async
[2025-03-07T10:49:30.284+0000] {logging_mixin.py:190} INFO - [2025-03-07T10:49:30.284+0000] {dag.py:4180} INFO - Setting next_dagrun for example_time_delta_sensor_async to None, run_after=None
[2025-03-07T10:49:30.304+0000] {processor.py:208} INFO - Processing /home/airflow/.local/lib/python3.12/site-packages/airflow/example_dags/example_time_delta_sensor_async.py took 0.266 seconds
[2025-03-07T10:50:00.733+0000] {processor.py:186} INFO - Started process (PID=171) to work on /home/airflow/.local/lib/python3.12/site-packages/airflow/example_dags/example_time_delta_sensor_async.py
[2025-03-07T10:50:00.735+0000] {processor.py:914} INFO - Processing file /home/airflow/.local/lib/python3.12/site-packages/airflow/example_dags/example_time_delta_sensor_async.py for tasks to queue
[2025-03-07T10:50:00.739+0000] {logging_mixin.py:190} INFO - [2025-03-07T10:50:00.738+0000] {dagbag.py:588} INFO - Filling up the DagBag from /home/airflow/.local/lib/python3.12/site-packages/airflow/example_dags/example_time_delta_sensor_async.py
[2025-03-07T10:50:00.748+0000] {processor.py:925} INFO - DAG(s) 'example_time_delta_sensor_async' retrieved from /home/airflow/.local/lib/python3.12/site-packages/airflow/example_dags/example_time_delta_sensor_async.py
[2025-03-07T10:50:00.771+0000] {logging_mixin.py:190} INFO - [2025-03-07T10:50:00.771+0000] {dag.py:3239} INFO - Sync 1 DAGs
[2025-03-07T10:50:00.791+0000] {logging_mixin.py:190} INFO - [2025-03-07T10:50:00.791+0000] {dag.py:4180} INFO - Setting next_dagrun for example_time_delta_sensor_async to None, run_after=None
[2025-03-07T10:50:00.816+0000] {processor.py:208} INFO - Processing /home/airflow/.local/lib/python3.12/site-packages/airflow/example_dags/example_time_delta_sensor_async.py took 0.091 seconds
[2025-03-07T10:50:32.091+0000] {processor.py:186} INFO - Started process (PID=234) to work on /home/airflow/.local/lib/python3.12/site-packages/airflow/example_dags/example_time_delta_sensor_async.py
[2025-03-07T10:50:32.094+0000] {processor.py:914} INFO - Processing file /home/airflow/.local/lib/python3.12/site-packages/airflow/example_dags/example_time_delta_sensor_async.py for tasks to queue
[2025-03-07T10:50:32.100+0000] {logging_mixin.py:190} INFO - [2025-03-07T10:50:32.099+0000] {dagbag.py:588} INFO - Filling up the DagBag from /home/airflow/.local/lib/python3.12/site-packages/airflow/example_dags/example_time_delta_sensor_async.py
[2025-03-07T10:50:32.117+0000] {processor.py:925} INFO - DAG(s) 'example_time_delta_sensor_async' retrieved from /home/airflow/.local/lib/python3.12/site-packages/airflow/example_dags/example_time_delta_sensor_async.py
[2025-03-07T10:50:32.150+0000] {logging_mixin.py:190} INFO - [2025-03-07T10:50:32.149+0000] {dag.py:3239} INFO - Sync 1 DAGs
[2025-03-07T10:50:32.181+0000] {logging_mixin.py:190} INFO - [2025-03-07T10:50:32.181+0000] {dag.py:4180} INFO - Setting next_dagrun for example_time_delta_sensor_async to None, run_after=None
[2025-03-07T10:50:32.218+0000] {processor.py:208} INFO - Processing /home/airflow/.local/lib/python3.12/site-packages/airflow/example_dags/example_time_delta_sensor_async.py took 0.139 seconds
[2025-03-07T10:51:03.568+0000] {processor.py:186} INFO - Started process (PID=304) to work on /home/airflow/.local/lib/python3.12/site-packages/airflow/example_dags/example_time_delta_sensor_async.py
[2025-03-07T10:51:03.569+0000] {processor.py:914} INFO - Processing file /home/airflow/.local/lib/python3.12/site-packages/airflow/example_dags/example_time_delta_sensor_async.py for tasks to queue
[2025-03-07T10:51:03.572+0000] {logging_mixin.py:190} INFO - [2025-03-07T10:51:03.572+0000] {dagbag.py:588} INFO - Filling up the DagBag from /home/airflow/.local/lib/python3.12/site-packages/airflow/example_dags/example_time_delta_sensor_async.py
[2025-03-07T10:51:03.580+0000] {processor.py:925} INFO - DAG(s) 'example_time_delta_sensor_async' retrieved from /home/airflow/.local/lib/python3.12/site-packages/airflow/example_dags/example_time_delta_sensor_async.py
[2025-03-07T10:51:03.603+0000] {logging_mixin.py:190} INFO - [2025-03-07T10:51:03.603+0000] {dag.py:3239} INFO - Sync 1 DAGs
[2025-03-07T10:51:03.623+0000] {logging_mixin.py:190} INFO - [2025-03-07T10:51:03.623+0000] {dag.py:4180} INFO - Setting next_dagrun for example_time_delta_sensor_async to None, run_after=None
[2025-03-07T10:51:03.652+0000] {processor.py:208} INFO - Processing /home/airflow/.local/lib/python3.12/site-packages/airflow/example_dags/example_time_delta_sensor_async.py took 0.091 seconds
[2025-03-07T10:51:34.893+0000] {processor.py:186} INFO - Started process (PID=368) to work on /home/airflow/.local/lib/python3.12/site-packages/airflow/example_dags/example_time_delta_sensor_async.py
[2025-03-07T10:51:34.895+0000] {processor.py:914} INFO - Processing file /home/airflow/.local/lib/python3.12/site-packages/airflow/example_dags/example_time_delta_sensor_async.py for tasks to queue
[2025-03-07T10:51:34.899+0000] {logging_mixin.py:190} INFO - [2025-03-07T10:51:34.898+0000] {dagbag.py:588} INFO - Filling up the DagBag from /home/airflow/.local/lib/python3.12/site-packages/airflow/example_dags/example_time_delta_sensor_async.py
[2025-03-07T10:51:34.915+0000] {processor.py:925} INFO - DAG(s) 'example_time_delta_sensor_async' retrieved from /home/airflow/.local/lib/python3.12/site-packages/airflow/example_dags/example_time_delta_sensor_async.py
[2025-03-07T10:51:34.951+0000] {logging_mixin.py:190} INFO - [2025-03-07T10:51:34.949+0000] {dag.py:3239} INFO - Sync 1 DAGs
[2025-03-07T10:51:34.974+0000] {logging_mixin.py:190} INFO - [2025-03-07T10:51:34.974+0000] {dag.py:4180} INFO - Setting next_dagrun for example_time_delta_sensor_async to None, run_after=None
[2025-03-07T10:51:35.000+0000] {processor.py:208} INFO - Processing /home/airflow/.local/lib/python3.12/site-packages/airflow/example_dags/example_time_delta_sensor_async.py took 0.120 seconds
[2025-03-07T10:52:05.963+0000] {processor.py:186} INFO - Started process (PID=431) to work on /home/airflow/.local/lib/python3.12/site-packages/airflow/example_dags/example_time_delta_sensor_async.py
[2025-03-07T10:52:05.964+0000] {processor.py:914} INFO - Processing file /home/airflow/.local/lib/python3.12/site-packages/airflow/example_dags/example_time_delta_sensor_async.py for tasks to queue
[2025-03-07T10:52:05.966+0000] {logging_mixin.py:190} INFO - [2025-03-07T10:52:05.966+0000] {dagbag.py:588} INFO - Filling up the DagBag from /home/airflow/.local/lib/python3.12/site-packages/airflow/example_dags/example_time_delta_sensor_async.py
[2025-03-07T10:52:05.974+0000] {processor.py:925} INFO - DAG(s) 'example_time_delta_sensor_async' retrieved from /home/airflow/.local/lib/python3.12/site-packages/airflow/example_dags/example_time_delta_sensor_async.py
[2025-03-07T10:52:05.995+0000] {logging_mixin.py:190} INFO - [2025-03-07T10:52:05.995+0000] {dag.py:3239} INFO - Sync 1 DAGs
[2025-03-07T10:52:06.012+0000] {logging_mixin.py:190} INFO - [2025-03-07T10:52:06.012+0000] {dag.py:4180} INFO - Setting next_dagrun for example_time_delta_sensor_async to None, run_after=None
[2025-03-07T10:52:06.035+0000] {processor.py:208} INFO - Processing /home/airflow/.local/lib/python3.12/site-packages/airflow/example_dags/example_time_delta_sensor_async.py took 0.078 seconds
[2025-03-07T10:52:36.790+0000] {processor.py:186} INFO - Started process (PID=494) to work on /home/airflow/.local/lib/python3.12/site-packages/airflow/example_dags/example_time_delta_sensor_async.py
[2025-03-07T10:52:36.792+0000] {processor.py:914} INFO - Processing file /home/airflow/.local/lib/python3.12/site-packages/airflow/example_dags/example_time_delta_sensor_async.py for tasks to queue
[2025-03-07T10:52:36.794+0000] {logging_mixin.py:190} INFO - [2025-03-07T10:52:36.794+0000] {dagbag.py:588} INFO - Filling up the DagBag from /home/airflow/.local/lib/python3.12/site-packages/airflow/example_dags/example_time_delta_sensor_async.py
[2025-03-07T10:52:36.803+0000] {processor.py:925} INFO - DAG(s) 'example_time_delta_sensor_async' retrieved from /home/airflow/.local/lib/python3.12/site-packages/airflow/example_dags/example_time_delta_sensor_async.py
[2025-03-07T10:52:36.829+0000] {logging_mixin.py:190} INFO - [2025-03-07T10:52:36.828+0000] {dag.py:3239} INFO - Sync 1 DAGs
[2025-03-07T10:52:36.849+0000] {logging_mixin.py:190} INFO - [2025-03-07T10:52:36.848+0000] {dag.py:4180} INFO - Setting next_dagrun for example_time_delta_sensor_async to None, run_after=None
[2025-03-07T10:52:36.879+0000] {processor.py:208} INFO - Processing /home/airflow/.local/lib/python3.12/site-packages/airflow/example_dags/example_time_delta_sensor_async.py took 0.097 seconds
[2025-03-07T10:53:09.009+0000] {processor.py:186} INFO - Started process (PID=557) to work on /home/airflow/.local/lib/python3.12/site-packages/airflow/example_dags/example_time_delta_sensor_async.py
[2025-03-07T10:53:09.010+0000] {processor.py:914} INFO - Processing file /home/airflow/.local/lib/python3.12/site-packages/airflow/example_dags/example_time_delta_sensor_async.py for tasks to queue
[2025-03-07T10:53:09.013+0000] {logging_mixin.py:190} INFO - [2025-03-07T10:53:09.013+0000] {dagbag.py:588} INFO - Filling up the DagBag from /home/airflow/.local/lib/python3.12/site-packages/airflow/example_dags/example_time_delta_sensor_async.py
[2025-03-07T10:53:09.021+0000] {processor.py:925} INFO - DAG(s) 'example_time_delta_sensor_async' retrieved from /home/airflow/.local/lib/python3.12/site-packages/airflow/example_dags/example_time_delta_sensor_async.py
[2025-03-07T10:53:09.044+0000] {logging_mixin.py:190} INFO - [2025-03-07T10:53:09.043+0000] {dag.py:3239} INFO - Sync 1 DAGs
[2025-03-07T10:53:09.064+0000] {logging_mixin.py:190} INFO - [2025-03-07T10:53:09.063+0000] {dag.py:4180} INFO - Setting next_dagrun for example_time_delta_sensor_async to None, run_after=None
[2025-03-07T10:53:09.087+0000] {processor.py:208} INFO - Processing /home/airflow/.local/lib/python3.12/site-packages/airflow/example_dags/example_time_delta_sensor_async.py took 0.085 seconds
[2025-03-07T10:53:40.228+0000] {processor.py:186} INFO - Started process (PID=621) to work on /home/airflow/.local/lib/python3.12/site-packages/airflow/example_dags/example_time_delta_sensor_async.py
[2025-03-07T10:53:40.229+0000] {processor.py:914} INFO - Processing file /home/airflow/.local/lib/python3.12/site-packages/airflow/example_dags/example_time_delta_sensor_async.py for tasks to queue
[2025-03-07T10:53:40.232+0000] {logging_mixin.py:190} INFO - [2025-03-07T10:53:40.232+0000] {dagbag.py:588} INFO - Filling up the DagBag from /home/airflow/.local/lib/python3.12/site-packages/airflow/example_dags/example_time_delta_sensor_async.py
[2025-03-07T10:53:40.241+0000] {processor.py:925} INFO - DAG(s) 'example_time_delta_sensor_async' retrieved from /home/airflow/.local/lib/python3.12/site-packages/airflow/example_dags/example_time_delta_sensor_async.py
[2025-03-07T10:53:40.267+0000] {logging_mixin.py:190} INFO - [2025-03-07T10:53:40.267+0000] {dag.py:3239} INFO - Sync 1 DAGs
[2025-03-07T10:53:40.299+0000] {logging_mixin.py:190} INFO - [2025-03-07T10:53:40.299+0000] {dag.py:4180} INFO - Setting next_dagrun for example_time_delta_sensor_async to None, run_after=None
[2025-03-07T10:53:40.332+0000] {processor.py:208} INFO - Processing /home/airflow/.local/lib/python3.12/site-packages/airflow/example_dags/example_time_delta_sensor_async.py took 0.114 seconds
[2025-03-07T10:54:11.326+0000] {processor.py:186} INFO - Started process (PID=684) to work on /home/airflow/.local/lib/python3.12/site-packages/airflow/example_dags/example_time_delta_sensor_async.py
[2025-03-07T10:54:11.328+0000] {processor.py:914} INFO - Processing file /home/airflow/.local/lib/python3.12/site-packages/airflow/example_dags/example_time_delta_sensor_async.py for tasks to queue
[2025-03-07T10:54:11.333+0000] {logging_mixin.py:190} INFO - [2025-03-07T10:54:11.333+0000] {dagbag.py:588} INFO - Filling up the DagBag from /home/airflow/.local/lib/python3.12/site-packages/airflow/example_dags/example_time_delta_sensor_async.py
[2025-03-07T10:54:11.346+0000] {processor.py:925} INFO - DAG(s) 'example_time_delta_sensor_async' retrieved from /home/airflow/.local/lib/python3.12/site-packages/airflow/example_dags/example_time_delta_sensor_async.py
[2025-03-07T10:54:11.379+0000] {logging_mixin.py:190} INFO - [2025-03-07T10:54:11.378+0000] {dag.py:3239} INFO - Sync 1 DAGs
[2025-03-07T10:54:11.409+0000] {logging_mixin.py:190} INFO - [2025-03-07T10:54:11.409+0000] {dag.py:4180} INFO - Setting next_dagrun for example_time_delta_sensor_async to None, run_after=None
[2025-03-07T10:54:11.449+0000] {processor.py:208} INFO - Processing /home/airflow/.local/lib/python3.12/site-packages/airflow/example_dags/example_time_delta_sensor_async.py took 0.134 seconds
[2025-03-07T10:54:43.062+0000] {processor.py:186} INFO - Started process (PID=747) to work on /home/airflow/.local/lib/python3.12/site-packages/airflow/example_dags/example_time_delta_sensor_async.py
[2025-03-07T10:54:43.064+0000] {processor.py:914} INFO - Processing file /home/airflow/.local/lib/python3.12/site-packages/airflow/example_dags/example_time_delta_sensor_async.py for tasks to queue
[2025-03-07T10:54:43.067+0000] {logging_mixin.py:190} INFO - [2025-03-07T10:54:43.067+0000] {dagbag.py:588} INFO - Filling up the DagBag from /home/airflow/.local/lib/python3.12/site-packages/airflow/example_dags/example_time_delta_sensor_async.py
[2025-03-07T10:54:43.076+0000] {processor.py:925} INFO - DAG(s) 'example_time_delta_sensor_async' retrieved from /home/airflow/.local/lib/python3.12/site-packages/airflow/example_dags/example_time_delta_sensor_async.py
[2025-03-07T10:54:43.103+0000] {logging_mixin.py:190} INFO - [2025-03-07T10:54:43.103+0000] {dag.py:3239} INFO - Sync 1 DAGs
[2025-03-07T10:54:43.128+0000] {logging_mixin.py:190} INFO - [2025-03-07T10:54:43.128+0000] {dag.py:4180} INFO - Setting next_dagrun for example_time_delta_sensor_async to None, run_after=None
[2025-03-07T10:54:43.158+0000] {processor.py:208} INFO - Processing /home/airflow/.local/lib/python3.12/site-packages/airflow/example_dags/example_time_delta_sensor_async.py took 0.104 seconds
[2025-03-07T10:55:14.180+0000] {processor.py:186} INFO - Started process (PID=810) to work on /home/airflow/.local/lib/python3.12/site-packages/airflow/example_dags/example_time_delta_sensor_async.py
[2025-03-07T10:55:14.182+0000] {processor.py:914} INFO - Processing file /home/airflow/.local/lib/python3.12/site-packages/airflow/example_dags/example_time_delta_sensor_async.py for tasks to queue
[2025-03-07T10:55:14.186+0000] {logging_mixin.py:190} INFO - [2025-03-07T10:55:14.185+0000] {dagbag.py:588} INFO - Filling up the DagBag from /home/airflow/.local/lib/python3.12/site-packages/airflow/example_dags/example_time_delta_sensor_async.py
[2025-03-07T10:55:14.198+0000] {processor.py:925} INFO - DAG(s) 'example_time_delta_sensor_async' retrieved from /home/airflow/.local/lib/python3.12/site-packages/airflow/example_dags/example_time_delta_sensor_async.py
[2025-03-07T10:55:14.228+0000] {logging_mixin.py:190} INFO - [2025-03-07T10:55:14.228+0000] {dag.py:3239} INFO - Sync 1 DAGs
[2025-03-07T10:55:14.251+0000] {logging_mixin.py:190} INFO - [2025-03-07T10:55:14.251+0000] {dag.py:4180} INFO - Setting next_dagrun for example_time_delta_sensor_async to None, run_after=None
[2025-03-07T10:55:14.275+0000] {processor.py:208} INFO - Processing /home/airflow/.local/lib/python3.12/site-packages/airflow/example_dags/example_time_delta_sensor_async.py took 0.103 seconds
[2025-03-07T10:55:45.869+0000] {processor.py:186} INFO - Started process (PID=873) to work on /home/airflow/.local/lib/python3.12/site-packages/airflow/example_dags/example_time_delta_sensor_async.py
[2025-03-07T10:55:45.870+0000] {processor.py:914} INFO - Processing file /home/airflow/.local/lib/python3.12/site-packages/airflow/example_dags/example_time_delta_sensor_async.py for tasks to queue
[2025-03-07T10:55:45.874+0000] {logging_mixin.py:190} INFO - [2025-03-07T10:55:45.873+0000] {dagbag.py:588} INFO - Filling up the DagBag from /home/airflow/.local/lib/python3.12/site-packages/airflow/example_dags/example_time_delta_sensor_async.py
[2025-03-07T10:55:45.885+0000] {processor.py:925} INFO - DAG(s) 'example_time_delta_sensor_async' retrieved from /home/airflow/.local/lib/python3.12/site-packages/airflow/example_dags/example_time_delta_sensor_async.py
[2025-03-07T10:55:45.913+0000] {logging_mixin.py:190} INFO - [2025-03-07T10:55:45.912+0000] {dag.py:3239} INFO - Sync 1 DAGs
[2025-03-07T10:55:45.935+0000] {logging_mixin.py:190} INFO - [2025-03-07T10:55:45.934+0000] {dag.py:4180} INFO - Setting next_dagrun for example_time_delta_sensor_async to None, run_after=None
[2025-03-07T10:55:45.969+0000] {processor.py:208} INFO - Processing /home/airflow/.local/lib/python3.12/site-packages/airflow/example_dags/example_time_delta_sensor_async.py took 0.108 seconds
[2025-03-07T10:56:17.742+0000] {processor.py:186} INFO - Started process (PID=936) to work on /home/airflow/.local/lib/python3.12/site-packages/airflow/example_dags/example_time_delta_sensor_async.py
[2025-03-07T10:56:17.743+0000] {processor.py:914} INFO - Processing file /home/airflow/.local/lib/python3.12/site-packages/airflow/example_dags/example_time_delta_sensor_async.py for tasks to queue
[2025-03-07T10:56:17.747+0000] {logging_mixin.py:190} INFO - [2025-03-07T10:56:17.747+0000] {dagbag.py:588} INFO - Filling up the DagBag from /home/airflow/.local/lib/python3.12/site-packages/airflow/example_dags/example_time_delta_sensor_async.py
[2025-03-07T10:56:17.760+0000] {processor.py:925} INFO - DAG(s) 'example_time_delta_sensor_async' retrieved from /home/airflow/.local/lib/python3.12/site-packages/airflow/example_dags/example_time_delta_sensor_async.py
[2025-03-07T10:56:17.791+0000] {logging_mixin.py:190} INFO - [2025-03-07T10:56:17.790+0000] {dag.py:3239} INFO - Sync 1 DAGs
[2025-03-07T10:56:17.825+0000] {logging_mixin.py:190} INFO - [2025-03-07T10:56:17.825+0000] {dag.py:4180} INFO - Setting next_dagrun for example_time_delta_sensor_async to None, run_after=None
[2025-03-07T10:56:17.866+0000] {processor.py:208} INFO - Processing /home/airflow/.local/lib/python3.12/site-packages/airflow/example_dags/example_time_delta_sensor_async.py took 0.135 seconds
[2025-03-07T10:56:49.973+0000] {processor.py:186} INFO - Started process (PID=999) to work on /home/airflow/.local/lib/python3.12/site-packages/airflow/example_dags/example_time_delta_sensor_async.py
[2025-03-07T10:56:49.975+0000] {processor.py:914} INFO - Processing file /home/airflow/.local/lib/python3.12/site-packages/airflow/example_dags/example_time_delta_sensor_async.py for tasks to queue
[2025-03-07T10:56:49.981+0000] {logging_mixin.py:190} INFO - [2025-03-07T10:56:49.981+0000] {dagbag.py:588} INFO - Filling up the DagBag from /home/airflow/.local/lib/python3.12/site-packages/airflow/example_dags/example_time_delta_sensor_async.py
[2025-03-07T10:56:49.994+0000] {processor.py:925} INFO - DAG(s) 'example_time_delta_sensor_async' retrieved from /home/airflow/.local/lib/python3.12/site-packages/airflow/example_dags/example_time_delta_sensor_async.py
[2025-03-07T10:56:50.033+0000] {logging_mixin.py:190} INFO - [2025-03-07T10:56:50.033+0000] {dag.py:3239} INFO - Sync 1 DAGs
[2025-03-07T10:56:50.075+0000] {logging_mixin.py:190} INFO - [2025-03-07T10:56:50.075+0000] {dag.py:4180} INFO - Setting next_dagrun for example_time_delta_sensor_async to None, run_after=None
[2025-03-07T10:56:50.113+0000] {processor.py:208} INFO - Processing /home/airflow/.local/lib/python3.12/site-packages/airflow/example_dags/example_time_delta_sensor_async.py took 0.150 seconds
[2025-03-07T10:57:20.891+0000] {processor.py:186} INFO - Started process (PID=1062) to work on /home/airflow/.local/lib/python3.12/site-packages/airflow/example_dags/example_time_delta_sensor_async.py
[2025-03-07T10:57:20.893+0000] {processor.py:914} INFO - Processing file /home/airflow/.local/lib/python3.12/site-packages/airflow/example_dags/example_time_delta_sensor_async.py for tasks to queue
[2025-03-07T10:57:20.896+0000] {logging_mixin.py:190} INFO - [2025-03-07T10:57:20.896+0000] {dagbag.py:588} INFO - Filling up the DagBag from /home/airflow/.local/lib/python3.12/site-packages/airflow/example_dags/example_time_delta_sensor_async.py
[2025-03-07T10:57:20.905+0000] {processor.py:925} INFO - DAG(s) 'example_time_delta_sensor_async' retrieved from /home/airflow/.local/lib/python3.12/site-packages/airflow/example_dags/example_time_delta_sensor_async.py
[2025-03-07T10:57:20.934+0000] {logging_mixin.py:190} INFO - [2025-03-07T10:57:20.934+0000] {dag.py:3239} INFO - Sync 1 DAGs
[2025-03-07T10:57:20.959+0000] {logging_mixin.py:190} INFO - [2025-03-07T10:57:20.959+0000] {dag.py:4180} INFO - Setting next_dagrun for example_time_delta_sensor_async to None, run_after=None
[2025-03-07T10:57:20.991+0000] {processor.py:208} INFO - Processing /home/airflow/.local/lib/python3.12/site-packages/airflow/example_dags/example_time_delta_sensor_async.py took 0.109 seconds
[2025-03-07T10:57:51.740+0000] {processor.py:186} INFO - Started process (PID=1125) to work on /home/airflow/.local/lib/python3.12/site-packages/airflow/example_dags/example_time_delta_sensor_async.py
[2025-03-07T10:57:51.742+0000] {processor.py:914} INFO - Processing file /home/airflow/.local/lib/python3.12/site-packages/airflow/example_dags/example_time_delta_sensor_async.py for tasks to queue
[2025-03-07T10:57:51.749+0000] {logging_mixin.py:190} INFO - [2025-03-07T10:57:51.748+0000] {dagbag.py:588} INFO - Filling up the DagBag from /home/airflow/.local/lib/python3.12/site-packages/airflow/example_dags/example_time_delta_sensor_async.py
[2025-03-07T10:57:51.769+0000] {processor.py:925} INFO - DAG(s) 'example_time_delta_sensor_async' retrieved from /home/airflow/.local/lib/python3.12/site-packages/airflow/example_dags/example_time_delta_sensor_async.py
[2025-03-07T10:57:51.821+0000] {logging_mixin.py:190} INFO - [2025-03-07T10:57:51.820+0000] {dag.py:3239} INFO - Sync 1 DAGs
[2025-03-07T10:57:51.876+0000] {logging_mixin.py:190} INFO - [2025-03-07T10:57:51.875+0000] {dag.py:4180} INFO - Setting next_dagrun for example_time_delta_sensor_async to None, run_after=None
[2025-03-07T10:57:51.915+0000] {processor.py:208} INFO - Processing /home/airflow/.local/lib/python3.12/site-packages/airflow/example_dags/example_time_delta_sensor_async.py took 0.190 seconds
[2025-03-07T10:58:23.753+0000] {processor.py:186} INFO - Started process (PID=1188) to work on /home/airflow/.local/lib/python3.12/site-packages/airflow/example_dags/example_time_delta_sensor_async.py
[2025-03-07T10:58:23.754+0000] {processor.py:914} INFO - Processing file /home/airflow/.local/lib/python3.12/site-packages/airflow/example_dags/example_time_delta_sensor_async.py for tasks to queue
[2025-03-07T10:58:23.757+0000] {logging_mixin.py:190} INFO - [2025-03-07T10:58:23.757+0000] {dagbag.py:588} INFO - Filling up the DagBag from /home/airflow/.local/lib/python3.12/site-packages/airflow/example_dags/example_time_delta_sensor_async.py
[2025-03-07T10:58:23.765+0000] {processor.py:925} INFO - DAG(s) 'example_time_delta_sensor_async' retrieved from /home/airflow/.local/lib/python3.12/site-packages/airflow/example_dags/example_time_delta_sensor_async.py
[2025-03-07T10:58:23.789+0000] {logging_mixin.py:190} INFO - [2025-03-07T10:58:23.788+0000] {dag.py:3239} INFO - Sync 1 DAGs
[2025-03-07T10:58:23.810+0000] {logging_mixin.py:190} INFO - [2025-03-07T10:58:23.809+0000] {dag.py:4180} INFO - Setting next_dagrun for example_time_delta_sensor_async to None, run_after=None
[2025-03-07T10:58:23.838+0000] {processor.py:208} INFO - Processing /home/airflow/.local/lib/python3.12/site-packages/airflow/example_dags/example_time_delta_sensor_async.py took 0.092 seconds
[2025-03-07T10:58:55.128+0000] {processor.py:186} INFO - Started process (PID=1251) to work on /home/airflow/.local/lib/python3.12/site-packages/airflow/example_dags/example_time_delta_sensor_async.py
[2025-03-07T10:58:55.133+0000] {processor.py:914} INFO - Processing file /home/airflow/.local/lib/python3.12/site-packages/airflow/example_dags/example_time_delta_sensor_async.py for tasks to queue
[2025-03-07T10:58:55.137+0000] {logging_mixin.py:190} INFO - [2025-03-07T10:58:55.137+0000] {dagbag.py:588} INFO - Filling up the DagBag from /home/airflow/.local/lib/python3.12/site-packages/airflow/example_dags/example_time_delta_sensor_async.py
[2025-03-07T10:58:55.152+0000] {processor.py:925} INFO - DAG(s) 'example_time_delta_sensor_async' retrieved from /home/airflow/.local/lib/python3.12/site-packages/airflow/example_dags/example_time_delta_sensor_async.py
[2025-03-07T10:58:55.194+0000] {logging_mixin.py:190} INFO - [2025-03-07T10:58:55.193+0000] {dag.py:3239} INFO - Sync 1 DAGs
[2025-03-07T10:58:55.236+0000] {logging_mixin.py:190} INFO - [2025-03-07T10:58:55.236+0000] {dag.py:4180} INFO - Setting next_dagrun for example_time_delta_sensor_async to None, run_after=None
[2025-03-07T10:58:55.283+0000] {processor.py:208} INFO - Processing /home/airflow/.local/lib/python3.12/site-packages/airflow/example_dags/example_time_delta_sensor_async.py took 0.168 seconds
[2025-03-07T10:59:26.248+0000] {processor.py:186} INFO - Started process (PID=1314) to work on /home/airflow/.local/lib/python3.12/site-packages/airflow/example_dags/example_time_delta_sensor_async.py
[2025-03-07T10:59:26.249+0000] {processor.py:914} INFO - Processing file /home/airflow/.local/lib/python3.12/site-packages/airflow/example_dags/example_time_delta_sensor_async.py for tasks to queue
[2025-03-07T10:59:26.252+0000] {logging_mixin.py:190} INFO - [2025-03-07T10:59:26.252+0000] {dagbag.py:588} INFO - Filling up the DagBag from /home/airflow/.local/lib/python3.12/site-packages/airflow/example_dags/example_time_delta_sensor_async.py
[2025-03-07T10:59:26.261+0000] {processor.py:925} INFO - DAG(s) 'example_time_delta_sensor_async' retrieved from /home/airflow/.local/lib/python3.12/site-packages/airflow/example_dags/example_time_delta_sensor_async.py
[2025-03-07T10:59:26.283+0000] {logging_mixin.py:190} INFO - [2025-03-07T10:59:26.283+0000] {dag.py:3239} INFO - Sync 1 DAGs
[2025-03-07T10:59:26.302+0000] {logging_mixin.py:190} INFO - [2025-03-07T10:59:26.302+0000] {dag.py:4180} INFO - Setting next_dagrun for example_time_delta_sensor_async to None, run_after=None
[2025-03-07T10:59:26.328+0000] {processor.py:208} INFO - Processing /home/airflow/.local/lib/python3.12/site-packages/airflow/example_dags/example_time_delta_sensor_async.py took 0.087 seconds
[2025-03-07T10:59:58.132+0000] {processor.py:186} INFO - Started process (PID=1377) to work on /home/airflow/.local/lib/python3.12/site-packages/airflow/example_dags/example_time_delta_sensor_async.py
[2025-03-07T10:59:58.134+0000] {processor.py:914} INFO - Processing file /home/airflow/.local/lib/python3.12/site-packages/airflow/example_dags/example_time_delta_sensor_async.py for tasks to queue
[2025-03-07T10:59:58.140+0000] {logging_mixin.py:190} INFO - [2025-03-07T10:59:58.139+0000] {dagbag.py:588} INFO - Filling up the DagBag from /home/airflow/.local/lib/python3.12/site-packages/airflow/example_dags/example_time_delta_sensor_async.py
[2025-03-07T10:59:58.158+0000] {processor.py:925} INFO - DAG(s) 'example_time_delta_sensor_async' retrieved from /home/airflow/.local/lib/python3.12/site-packages/airflow/example_dags/example_time_delta_sensor_async.py
[2025-03-07T10:59:58.206+0000] {logging_mixin.py:190} INFO - [2025-03-07T10:59:58.204+0000] {dag.py:3239} INFO - Sync 1 DAGs
[2025-03-07T10:59:58.236+0000] {logging_mixin.py:190} INFO - [2025-03-07T10:59:58.236+0000] {dag.py:4180} INFO - Setting next_dagrun for example_time_delta_sensor_async to None, run_after=None
[2025-03-07T10:59:58.280+0000] {processor.py:208} INFO - Processing /home/airflow/.local/lib/python3.12/site-packages/airflow/example_dags/example_time_delta_sensor_async.py took 0.160 seconds
[2025-03-07T11:00:31.450+0000] {processor.py:186} INFO - Started process (PID=1440) to work on /home/airflow/.local/lib/python3.12/site-packages/airflow/example_dags/example_time_delta_sensor_async.py
[2025-03-07T11:00:31.451+0000] {processor.py:914} INFO - Processing file /home/airflow/.local/lib/python3.12/site-packages/airflow/example_dags/example_time_delta_sensor_async.py for tasks to queue
[2025-03-07T11:00:31.455+0000] {logging_mixin.py:190} INFO - [2025-03-07T11:00:31.454+0000] {dagbag.py:588} INFO - Filling up the DagBag from /home/airflow/.local/lib/python3.12/site-packages/airflow/example_dags/example_time_delta_sensor_async.py
[2025-03-07T11:00:31.470+0000] {processor.py:925} INFO - DAG(s) 'example_time_delta_sensor_async' retrieved from /home/airflow/.local/lib/python3.12/site-packages/airflow/example_dags/example_time_delta_sensor_async.py
[2025-03-07T11:00:31.497+0000] {logging_mixin.py:190} INFO - [2025-03-07T11:00:31.497+0000] {dag.py:3239} INFO - Sync 1 DAGs
[2025-03-07T11:00:31.519+0000] {logging_mixin.py:190} INFO - [2025-03-07T11:00:31.518+0000] {dag.py:4180} INFO - Setting next_dagrun for example_time_delta_sensor_async to None, run_after=None
[2025-03-07T11:00:31.545+0000] {processor.py:208} INFO - Processing /home/airflow/.local/lib/python3.12/site-packages/airflow/example_dags/example_time_delta_sensor_async.py took 0.103 seconds
[2025-03-07T11:01:02.578+0000] {processor.py:186} INFO - Started process (PID=1503) to work on /home/airflow/.local/lib/python3.12/site-packages/airflow/example_dags/example_time_delta_sensor_async.py
[2025-03-07T11:01:02.580+0000] {processor.py:914} INFO - Processing file /home/airflow/.local/lib/python3.12/site-packages/airflow/example_dags/example_time_delta_sensor_async.py for tasks to queue
[2025-03-07T11:01:02.584+0000] {logging_mixin.py:190} INFO - [2025-03-07T11:01:02.583+0000] {dagbag.py:588} INFO - Filling up the DagBag from /home/airflow/.local/lib/python3.12/site-packages/airflow/example_dags/example_time_delta_sensor_async.py
[2025-03-07T11:01:02.597+0000] {processor.py:925} INFO - DAG(s) 'example_time_delta_sensor_async' retrieved from /home/airflow/.local/lib/python3.12/site-packages/airflow/example_dags/example_time_delta_sensor_async.py
[2025-03-07T11:01:02.631+0000] {logging_mixin.py:190} INFO - [2025-03-07T11:01:02.631+0000] {dag.py:3239} INFO - Sync 1 DAGs
[2025-03-07T11:01:02.663+0000] {logging_mixin.py:190} INFO - [2025-03-07T11:01:02.663+0000] {dag.py:4180} INFO - Setting next_dagrun for example_time_delta_sensor_async to None, run_after=None
[2025-03-07T11:01:02.730+0000] {processor.py:208} INFO - Processing /home/airflow/.local/lib/python3.12/site-packages/airflow/example_dags/example_time_delta_sensor_async.py took 0.163 seconds
[2025-03-07T11:01:34.332+0000] {processor.py:186} INFO - Started process (PID=1572) to work on /home/airflow/.local/lib/python3.12/site-packages/airflow/example_dags/example_time_delta_sensor_async.py
[2025-03-07T11:01:34.333+0000] {processor.py:914} INFO - Processing file /home/airflow/.local/lib/python3.12/site-packages/airflow/example_dags/example_time_delta_sensor_async.py for tasks to queue
[2025-03-07T11:01:34.337+0000] {logging_mixin.py:190} INFO - [2025-03-07T11:01:34.337+0000] {dagbag.py:588} INFO - Filling up the DagBag from /home/airflow/.local/lib/python3.12/site-packages/airflow/example_dags/example_time_delta_sensor_async.py
[2025-03-07T11:01:34.349+0000] {processor.py:925} INFO - DAG(s) 'example_time_delta_sensor_async' retrieved from /home/airflow/.local/lib/python3.12/site-packages/airflow/example_dags/example_time_delta_sensor_async.py
[2025-03-07T11:01:34.382+0000] {logging_mixin.py:190} INFO - [2025-03-07T11:01:34.382+0000] {dag.py:3239} INFO - Sync 1 DAGs
[2025-03-07T11:01:34.412+0000] {logging_mixin.py:190} INFO - [2025-03-07T11:01:34.411+0000] {dag.py:4180} INFO - Setting next_dagrun for example_time_delta_sensor_async to None, run_after=None
[2025-03-07T11:01:34.441+0000] {processor.py:208} INFO - Processing /home/airflow/.local/lib/python3.12/site-packages/airflow/example_dags/example_time_delta_sensor_async.py took 0.121 seconds
[2025-03-07T11:02:07.356+0000] {processor.py:186} INFO - Started process (PID=1636) to work on /home/airflow/.local/lib/python3.12/site-packages/airflow/example_dags/example_time_delta_sensor_async.py
[2025-03-07T11:02:07.358+0000] {processor.py:914} INFO - Processing file /home/airflow/.local/lib/python3.12/site-packages/airflow/example_dags/example_time_delta_sensor_async.py for tasks to queue
[2025-03-07T11:02:07.364+0000] {logging_mixin.py:190} INFO - [2025-03-07T11:02:07.363+0000] {dagbag.py:588} INFO - Filling up the DagBag from /home/airflow/.local/lib/python3.12/site-packages/airflow/example_dags/example_time_delta_sensor_async.py
[2025-03-07T11:02:07.382+0000] {processor.py:925} INFO - DAG(s) 'example_time_delta_sensor_async' retrieved from /home/airflow/.local/lib/python3.12/site-packages/airflow/example_dags/example_time_delta_sensor_async.py
[2025-03-07T11:02:07.427+0000] {logging_mixin.py:190} INFO - [2025-03-07T11:02:07.426+0000] {dag.py:3239} INFO - Sync 1 DAGs
[2025-03-07T11:02:07.467+0000] {logging_mixin.py:190} INFO - [2025-03-07T11:02:07.467+0000] {dag.py:4180} INFO - Setting next_dagrun for example_time_delta_sensor_async to None, run_after=None
[2025-03-07T11:02:07.510+0000] {processor.py:208} INFO - Processing /home/airflow/.local/lib/python3.12/site-packages/airflow/example_dags/example_time_delta_sensor_async.py took 0.172 seconds
[2025-03-07T11:02:51.668+0000] {processor.py:186} INFO - Started process (PID=1708) to work on /home/airflow/.local/lib/python3.12/site-packages/airflow/example_dags/example_time_delta_sensor_async.py
[2025-03-07T11:02:51.681+0000] {processor.py:914} INFO - Processing file /home/airflow/.local/lib/python3.12/site-packages/airflow/example_dags/example_time_delta_sensor_async.py for tasks to queue
[2025-03-07T11:02:51.689+0000] {logging_mixin.py:190} INFO - [2025-03-07T11:02:51.688+0000] {dagbag.py:588} INFO - Filling up the DagBag from /home/airflow/.local/lib/python3.12/site-packages/airflow/example_dags/example_time_delta_sensor_async.py
[2025-03-07T11:02:51.746+0000] {processor.py:925} INFO - DAG(s) 'example_time_delta_sensor_async' retrieved from /home/airflow/.local/lib/python3.12/site-packages/airflow/example_dags/example_time_delta_sensor_async.py
[2025-03-07T11:02:51.892+0000] {logging_mixin.py:190} INFO - [2025-03-07T11:02:51.892+0000] {dag.py:3239} INFO - Sync 1 DAGs
[2025-03-07T11:02:52.153+0000] {logging_mixin.py:190} INFO - [2025-03-07T11:02:52.153+0000] {dag.py:4180} INFO - Setting next_dagrun for example_time_delta_sensor_async to None, run_after=None
[2025-03-07T11:02:52.343+0000] {processor.py:208} INFO - Processing /home/airflow/.local/lib/python3.12/site-packages/airflow/example_dags/example_time_delta_sensor_async.py took 0.716 seconds
[2025-03-07T11:03:38.382+0000] {processor.py:186} INFO - Started process (PID=1777) to work on /home/airflow/.local/lib/python3.12/site-packages/airflow/example_dags/example_time_delta_sensor_async.py
[2025-03-07T11:03:38.509+0000] {processor.py:914} INFO - Processing file /home/airflow/.local/lib/python3.12/site-packages/airflow/example_dags/example_time_delta_sensor_async.py for tasks to queue
[2025-03-07T11:03:38.852+0000] {logging_mixin.py:190} INFO - [2025-03-07T11:03:38.851+0000] {dagbag.py:588} INFO - Filling up the DagBag from /home/airflow/.local/lib/python3.12/site-packages/airflow/example_dags/example_time_delta_sensor_async.py
[2025-03-07T11:03:39.022+0000] {processor.py:925} INFO - DAG(s) 'example_time_delta_sensor_async' retrieved from /home/airflow/.local/lib/python3.12/site-packages/airflow/example_dags/example_time_delta_sensor_async.py
[2025-03-07T11:03:39.243+0000] {logging_mixin.py:190} INFO - [2025-03-07T11:03:39.239+0000] {dag.py:3239} INFO - Sync 1 DAGs
[2025-03-07T11:03:39.449+0000] {logging_mixin.py:190} INFO - [2025-03-07T11:03:39.447+0000] {dag.py:4180} INFO - Setting next_dagrun for example_time_delta_sensor_async to None, run_after=None
[2025-03-07T11:03:39.712+0000] {processor.py:208} INFO - Processing /home/airflow/.local/lib/python3.12/site-packages/airflow/example_dags/example_time_delta_sensor_async.py took 1.362 seconds
[2025-03-07T11:04:34.953+0000] {processor.py:186} INFO - Started process (PID=1840) to work on /home/airflow/.local/lib/python3.12/site-packages/airflow/example_dags/example_time_delta_sensor_async.py
[2025-03-07T11:04:34.988+0000] {processor.py:914} INFO - Processing file /home/airflow/.local/lib/python3.12/site-packages/airflow/example_dags/example_time_delta_sensor_async.py for tasks to queue
[2025-03-07T11:04:35.051+0000] {logging_mixin.py:190} INFO - [2025-03-07T11:04:35.050+0000] {dagbag.py:588} INFO - Filling up the DagBag from /home/airflow/.local/lib/python3.12/site-packages/airflow/example_dags/example_time_delta_sensor_async.py
[2025-03-07T11:04:35.132+0000] {processor.py:925} INFO - DAG(s) 'example_time_delta_sensor_async' retrieved from /home/airflow/.local/lib/python3.12/site-packages/airflow/example_dags/example_time_delta_sensor_async.py
[2025-03-07T11:04:35.259+0000] {logging_mixin.py:190} INFO - [2025-03-07T11:04:35.258+0000] {dag.py:3239} INFO - Sync 1 DAGs
[2025-03-07T11:04:35.363+0000] {logging_mixin.py:190} INFO - [2025-03-07T11:04:35.362+0000] {dag.py:4180} INFO - Setting next_dagrun for example_time_delta_sensor_async to None, run_after=None
[2025-03-07T11:04:35.570+0000] {processor.py:208} INFO - Processing /home/airflow/.local/lib/python3.12/site-packages/airflow/example_dags/example_time_delta_sensor_async.py took 0.653 seconds
[2025-03-07T11:05:15.699+0000] {processor.py:186} INFO - Started process (PID=1921) to work on /home/airflow/.local/lib/python3.12/site-packages/airflow/example_dags/example_time_delta_sensor_async.py
[2025-03-07T11:05:15.786+0000] {processor.py:914} INFO - Processing file /home/airflow/.local/lib/python3.12/site-packages/airflow/example_dags/example_time_delta_sensor_async.py for tasks to queue
[2025-03-07T11:05:15.807+0000] {logging_mixin.py:190} INFO - [2025-03-07T11:05:15.806+0000] {dagbag.py:588} INFO - Filling up the DagBag from /home/airflow/.local/lib/python3.12/site-packages/airflow/example_dags/example_time_delta_sensor_async.py
[2025-03-07T11:05:15.836+0000] {processor.py:925} INFO - DAG(s) 'example_time_delta_sensor_async' retrieved from /home/airflow/.local/lib/python3.12/site-packages/airflow/example_dags/example_time_delta_sensor_async.py
[2025-03-07T11:05:15.956+0000] {logging_mixin.py:190} INFO - [2025-03-07T11:05:15.955+0000] {dag.py:3239} INFO - Sync 1 DAGs
[2025-03-07T11:05:16.097+0000] {logging_mixin.py:190} INFO - [2025-03-07T11:05:16.097+0000] {dag.py:4180} INFO - Setting next_dagrun for example_time_delta_sensor_async to None, run_after=None
[2025-03-07T11:05:16.235+0000] {processor.py:208} INFO - Processing /home/airflow/.local/lib/python3.12/site-packages/airflow/example_dags/example_time_delta_sensor_async.py took 0.583 seconds
[2025-03-07T11:05:53.128+0000] {processor.py:186} INFO - Started process (PID=1983) to work on /home/airflow/.local/lib/python3.12/site-packages/airflow/example_dags/example_time_delta_sensor_async.py
[2025-03-07T11:05:53.131+0000] {processor.py:914} INFO - Processing file /home/airflow/.local/lib/python3.12/site-packages/airflow/example_dags/example_time_delta_sensor_async.py for tasks to queue
[2025-03-07T11:05:53.136+0000] {logging_mixin.py:190} INFO - [2025-03-07T11:05:53.135+0000] {dagbag.py:588} INFO - Filling up the DagBag from /home/airflow/.local/lib/python3.12/site-packages/airflow/example_dags/example_time_delta_sensor_async.py
[2025-03-07T11:05:53.161+0000] {processor.py:925} INFO - DAG(s) 'example_time_delta_sensor_async' retrieved from /home/airflow/.local/lib/python3.12/site-packages/airflow/example_dags/example_time_delta_sensor_async.py
[2025-03-07T11:05:53.229+0000] {logging_mixin.py:190} INFO - [2025-03-07T11:05:53.229+0000] {dag.py:3239} INFO - Sync 1 DAGs
[2025-03-07T11:05:53.328+0000] {logging_mixin.py:190} INFO - [2025-03-07T11:05:53.328+0000] {dag.py:4180} INFO - Setting next_dagrun for example_time_delta_sensor_async to None, run_after=None
[2025-03-07T11:05:53.434+0000] {processor.py:208} INFO - Processing /home/airflow/.local/lib/python3.12/site-packages/airflow/example_dags/example_time_delta_sensor_async.py took 0.327 seconds
[2025-03-07T11:06:24.011+0000] {processor.py:186} INFO - Started process (PID=2047) to work on /home/airflow/.local/lib/python3.12/site-packages/airflow/example_dags/example_time_delta_sensor_async.py
[2025-03-07T11:06:24.013+0000] {processor.py:914} INFO - Processing file /home/airflow/.local/lib/python3.12/site-packages/airflow/example_dags/example_time_delta_sensor_async.py for tasks to queue
[2025-03-07T11:06:24.019+0000] {logging_mixin.py:190} INFO - [2025-03-07T11:06:24.016+0000] {dagbag.py:588} INFO - Filling up the DagBag from /home/airflow/.local/lib/python3.12/site-packages/airflow/example_dags/example_time_delta_sensor_async.py
[2025-03-07T11:06:24.032+0000] {processor.py:925} INFO - DAG(s) 'example_time_delta_sensor_async' retrieved from /home/airflow/.local/lib/python3.12/site-packages/airflow/example_dags/example_time_delta_sensor_async.py
[2025-03-07T11:06:24.092+0000] {logging_mixin.py:190} INFO - [2025-03-07T11:06:24.092+0000] {dag.py:3239} INFO - Sync 1 DAGs
[2025-03-07T11:06:24.173+0000] {logging_mixin.py:190} INFO - [2025-03-07T11:06:24.173+0000] {dag.py:4180} INFO - Setting next_dagrun for example_time_delta_sensor_async to None, run_after=None
[2025-03-07T11:06:24.275+0000] {processor.py:208} INFO - Processing /home/airflow/.local/lib/python3.12/site-packages/airflow/example_dags/example_time_delta_sensor_async.py took 0.277 seconds
[2025-03-07T11:06:54.483+0000] {processor.py:186} INFO - Started process (PID=2110) to work on /home/airflow/.local/lib/python3.12/site-packages/airflow/example_dags/example_time_delta_sensor_async.py
[2025-03-07T11:06:54.485+0000] {processor.py:914} INFO - Processing file /home/airflow/.local/lib/python3.12/site-packages/airflow/example_dags/example_time_delta_sensor_async.py for tasks to queue
[2025-03-07T11:06:54.490+0000] {logging_mixin.py:190} INFO - [2025-03-07T11:06:54.489+0000] {dagbag.py:588} INFO - Filling up the DagBag from /home/airflow/.local/lib/python3.12/site-packages/airflow/example_dags/example_time_delta_sensor_async.py
[2025-03-07T11:06:54.505+0000] {processor.py:925} INFO - DAG(s) 'example_time_delta_sensor_async' retrieved from /home/airflow/.local/lib/python3.12/site-packages/airflow/example_dags/example_time_delta_sensor_async.py
[2025-03-07T11:06:54.542+0000] {logging_mixin.py:190} INFO - [2025-03-07T11:06:54.541+0000] {dag.py:3239} INFO - Sync 1 DAGs
[2025-03-07T11:06:54.577+0000] {logging_mixin.py:190} INFO - [2025-03-07T11:06:54.576+0000] {dag.py:4180} INFO - Setting next_dagrun for example_time_delta_sensor_async to None, run_after=None
[2025-03-07T11:06:54.622+0000] {processor.py:208} INFO - Processing /home/airflow/.local/lib/python3.12/site-packages/airflow/example_dags/example_time_delta_sensor_async.py took 0.150 seconds
[2025-03-07T11:07:25.971+0000] {processor.py:186} INFO - Started process (PID=2173) to work on /home/airflow/.local/lib/python3.12/site-packages/airflow/example_dags/example_time_delta_sensor_async.py
[2025-03-07T11:07:25.975+0000] {processor.py:914} INFO - Processing file /home/airflow/.local/lib/python3.12/site-packages/airflow/example_dags/example_time_delta_sensor_async.py for tasks to queue
[2025-03-07T11:07:25.981+0000] {logging_mixin.py:190} INFO - [2025-03-07T11:07:25.981+0000] {dagbag.py:588} INFO - Filling up the DagBag from /home/airflow/.local/lib/python3.12/site-packages/airflow/example_dags/example_time_delta_sensor_async.py
[2025-03-07T11:07:26.010+0000] {processor.py:925} INFO - DAG(s) 'example_time_delta_sensor_async' retrieved from /home/airflow/.local/lib/python3.12/site-packages/airflow/example_dags/example_time_delta_sensor_async.py
[2025-03-07T11:07:26.066+0000] {logging_mixin.py:190} INFO - [2025-03-07T11:07:26.065+0000] {dag.py:3239} INFO - Sync 1 DAGs
[2025-03-07T11:07:26.132+0000] {logging_mixin.py:190} INFO - [2025-03-07T11:07:26.131+0000] {dag.py:4180} INFO - Setting next_dagrun for example_time_delta_sensor_async to None, run_after=None
[2025-03-07T11:07:26.194+0000] {processor.py:208} INFO - Processing /home/airflow/.local/lib/python3.12/site-packages/airflow/example_dags/example_time_delta_sensor_async.py took 0.242 seconds
[2025-03-07T11:07:56.445+0000] {processor.py:186} INFO - Started process (PID=2236) to work on /home/airflow/.local/lib/python3.12/site-packages/airflow/example_dags/example_time_delta_sensor_async.py
[2025-03-07T11:07:56.449+0000] {processor.py:914} INFO - Processing file /home/airflow/.local/lib/python3.12/site-packages/airflow/example_dags/example_time_delta_sensor_async.py for tasks to queue
[2025-03-07T11:07:56.454+0000] {logging_mixin.py:190} INFO - [2025-03-07T11:07:56.453+0000] {dagbag.py:588} INFO - Filling up the DagBag from /home/airflow/.local/lib/python3.12/site-packages/airflow/example_dags/example_time_delta_sensor_async.py
[2025-03-07T11:07:56.475+0000] {processor.py:925} INFO - DAG(s) 'example_time_delta_sensor_async' retrieved from /home/airflow/.local/lib/python3.12/site-packages/airflow/example_dags/example_time_delta_sensor_async.py
[2025-03-07T11:07:56.525+0000] {logging_mixin.py:190} INFO - [2025-03-07T11:07:56.525+0000] {dag.py:3239} INFO - Sync 1 DAGs
[2025-03-07T11:07:56.567+0000] {logging_mixin.py:190} INFO - [2025-03-07T11:07:56.567+0000] {dag.py:4180} INFO - Setting next_dagrun for example_time_delta_sensor_async to None, run_after=None
[2025-03-07T11:07:56.599+0000] {processor.py:208} INFO - Processing /home/airflow/.local/lib/python3.12/site-packages/airflow/example_dags/example_time_delta_sensor_async.py took 0.170 seconds
[2025-03-07T11:08:27.086+0000] {processor.py:186} INFO - Started process (PID=2299) to work on /home/airflow/.local/lib/python3.12/site-packages/airflow/example_dags/example_time_delta_sensor_async.py
[2025-03-07T11:08:27.088+0000] {processor.py:914} INFO - Processing file /home/airflow/.local/lib/python3.12/site-packages/airflow/example_dags/example_time_delta_sensor_async.py for tasks to queue
[2025-03-07T11:08:27.091+0000] {logging_mixin.py:190} INFO - [2025-03-07T11:08:27.090+0000] {dagbag.py:588} INFO - Filling up the DagBag from /home/airflow/.local/lib/python3.12/site-packages/airflow/example_dags/example_time_delta_sensor_async.py
[2025-03-07T11:08:27.102+0000] {processor.py:925} INFO - DAG(s) 'example_time_delta_sensor_async' retrieved from /home/airflow/.local/lib/python3.12/site-packages/airflow/example_dags/example_time_delta_sensor_async.py
[2025-03-07T11:08:27.128+0000] {logging_mixin.py:190} INFO - [2025-03-07T11:08:27.128+0000] {dag.py:3239} INFO - Sync 1 DAGs
[2025-03-07T11:08:27.155+0000] {logging_mixin.py:190} INFO - [2025-03-07T11:08:27.154+0000] {dag.py:4180} INFO - Setting next_dagrun for example_time_delta_sensor_async to None, run_after=None
[2025-03-07T11:08:27.195+0000] {processor.py:208} INFO - Processing /home/airflow/.local/lib/python3.12/site-packages/airflow/example_dags/example_time_delta_sensor_async.py took 0.118 seconds
[2025-03-07T11:08:58.116+0000] {processor.py:186} INFO - Started process (PID=2362) to work on /home/airflow/.local/lib/python3.12/site-packages/airflow/example_dags/example_time_delta_sensor_async.py
[2025-03-07T11:08:58.118+0000] {processor.py:914} INFO - Processing file /home/airflow/.local/lib/python3.12/site-packages/airflow/example_dags/example_time_delta_sensor_async.py for tasks to queue
[2025-03-07T11:08:58.123+0000] {logging_mixin.py:190} INFO - [2025-03-07T11:08:58.122+0000] {dagbag.py:588} INFO - Filling up the DagBag from /home/airflow/.local/lib/python3.12/site-packages/airflow/example_dags/example_time_delta_sensor_async.py
[2025-03-07T11:08:58.138+0000] {processor.py:925} INFO - DAG(s) 'example_time_delta_sensor_async' retrieved from /home/airflow/.local/lib/python3.12/site-packages/airflow/example_dags/example_time_delta_sensor_async.py
[2025-03-07T11:08:58.175+0000] {logging_mixin.py:190} INFO - [2025-03-07T11:08:58.175+0000] {dag.py:3239} INFO - Sync 1 DAGs
[2025-03-07T11:08:58.209+0000] {logging_mixin.py:190} INFO - [2025-03-07T11:08:58.209+0000] {dag.py:4180} INFO - Setting next_dagrun for example_time_delta_sensor_async to None, run_after=None
[2025-03-07T11:08:58.242+0000] {processor.py:208} INFO - Processing /home/airflow/.local/lib/python3.12/site-packages/airflow/example_dags/example_time_delta_sensor_async.py took 0.139 seconds
[2025-03-07T11:09:29.305+0000] {processor.py:186} INFO - Started process (PID=2425) to work on /home/airflow/.local/lib/python3.12/site-packages/airflow/example_dags/example_time_delta_sensor_async.py
[2025-03-07T11:09:29.307+0000] {processor.py:914} INFO - Processing file /home/airflow/.local/lib/python3.12/site-packages/airflow/example_dags/example_time_delta_sensor_async.py for tasks to queue
[2025-03-07T11:09:29.312+0000] {logging_mixin.py:190} INFO - [2025-03-07T11:09:29.311+0000] {dagbag.py:588} INFO - Filling up the DagBag from /home/airflow/.local/lib/python3.12/site-packages/airflow/example_dags/example_time_delta_sensor_async.py
[2025-03-07T11:09:29.325+0000] {processor.py:925} INFO - DAG(s) 'example_time_delta_sensor_async' retrieved from /home/airflow/.local/lib/python3.12/site-packages/airflow/example_dags/example_time_delta_sensor_async.py
[2025-03-07T11:09:29.368+0000] {logging_mixin.py:190} INFO - [2025-03-07T11:09:29.367+0000] {dag.py:3239} INFO - Sync 1 DAGs
[2025-03-07T11:09:29.411+0000] {logging_mixin.py:190} INFO - [2025-03-07T11:09:29.410+0000] {dag.py:4180} INFO - Setting next_dagrun for example_time_delta_sensor_async to None, run_after=None
[2025-03-07T11:09:29.455+0000] {processor.py:208} INFO - Processing /home/airflow/.local/lib/python3.12/site-packages/airflow/example_dags/example_time_delta_sensor_async.py took 0.159 seconds
[2025-03-07T11:10:02.608+0000] {processor.py:186} INFO - Started process (PID=2488) to work on /home/airflow/.local/lib/python3.12/site-packages/airflow/example_dags/example_time_delta_sensor_async.py
[2025-03-07T11:10:02.609+0000] {processor.py:914} INFO - Processing file /home/airflow/.local/lib/python3.12/site-packages/airflow/example_dags/example_time_delta_sensor_async.py for tasks to queue
[2025-03-07T11:10:02.613+0000] {logging_mixin.py:190} INFO - [2025-03-07T11:10:02.613+0000] {dagbag.py:588} INFO - Filling up the DagBag from /home/airflow/.local/lib/python3.12/site-packages/airflow/example_dags/example_time_delta_sensor_async.py
[2025-03-07T11:10:02.627+0000] {processor.py:925} INFO - DAG(s) 'example_time_delta_sensor_async' retrieved from /home/airflow/.local/lib/python3.12/site-packages/airflow/example_dags/example_time_delta_sensor_async.py
[2025-03-07T11:10:02.663+0000] {logging_mixin.py:190} INFO - [2025-03-07T11:10:02.663+0000] {dag.py:3239} INFO - Sync 1 DAGs
[2025-03-07T11:10:02.705+0000] {logging_mixin.py:190} INFO - [2025-03-07T11:10:02.705+0000] {dag.py:4180} INFO - Setting next_dagrun for example_time_delta_sensor_async to None, run_after=None
[2025-03-07T11:10:02.746+0000] {processor.py:208} INFO - Processing /home/airflow/.local/lib/python3.12/site-packages/airflow/example_dags/example_time_delta_sensor_async.py took 0.150 seconds
[2025-03-07T11:10:33.220+0000] {processor.py:186} INFO - Started process (PID=2550) to work on /home/airflow/.local/lib/python3.12/site-packages/airflow/example_dags/example_time_delta_sensor_async.py
[2025-03-07T11:10:33.222+0000] {processor.py:914} INFO - Processing file /home/airflow/.local/lib/python3.12/site-packages/airflow/example_dags/example_time_delta_sensor_async.py for tasks to queue
[2025-03-07T11:10:33.227+0000] {logging_mixin.py:190} INFO - [2025-03-07T11:10:33.226+0000] {dagbag.py:588} INFO - Filling up the DagBag from /home/airflow/.local/lib/python3.12/site-packages/airflow/example_dags/example_time_delta_sensor_async.py
[2025-03-07T11:10:33.244+0000] {processor.py:925} INFO - DAG(s) 'example_time_delta_sensor_async' retrieved from /home/airflow/.local/lib/python3.12/site-packages/airflow/example_dags/example_time_delta_sensor_async.py
[2025-03-07T11:10:33.285+0000] {logging_mixin.py:190} INFO - [2025-03-07T11:10:33.284+0000] {dag.py:3239} INFO - Sync 1 DAGs
[2025-03-07T11:10:33.332+0000] {logging_mixin.py:190} INFO - [2025-03-07T11:10:33.332+0000] {dag.py:4180} INFO - Setting next_dagrun for example_time_delta_sensor_async to None, run_after=None
[2025-03-07T11:10:33.398+0000] {processor.py:208} INFO - Processing /home/airflow/.local/lib/python3.12/site-packages/airflow/example_dags/example_time_delta_sensor_async.py took 0.192 seconds
[2025-03-07T11:11:04.621+0000] {processor.py:186} INFO - Started process (PID=2614) to work on /home/airflow/.local/lib/python3.12/site-packages/airflow/example_dags/example_time_delta_sensor_async.py
[2025-03-07T11:11:04.622+0000] {processor.py:914} INFO - Processing file /home/airflow/.local/lib/python3.12/site-packages/airflow/example_dags/example_time_delta_sensor_async.py for tasks to queue
[2025-03-07T11:11:04.626+0000] {logging_mixin.py:190} INFO - [2025-03-07T11:11:04.625+0000] {dagbag.py:588} INFO - Filling up the DagBag from /home/airflow/.local/lib/python3.12/site-packages/airflow/example_dags/example_time_delta_sensor_async.py
[2025-03-07T11:11:04.635+0000] {processor.py:925} INFO - DAG(s) 'example_time_delta_sensor_async' retrieved from /home/airflow/.local/lib/python3.12/site-packages/airflow/example_dags/example_time_delta_sensor_async.py
[2025-03-07T11:11:04.662+0000] {logging_mixin.py:190} INFO - [2025-03-07T11:11:04.662+0000] {dag.py:3239} INFO - Sync 1 DAGs
[2025-03-07T11:11:04.686+0000] {logging_mixin.py:190} INFO - [2025-03-07T11:11:04.686+0000] {dag.py:4180} INFO - Setting next_dagrun for example_time_delta_sensor_async to None, run_after=None
[2025-03-07T11:11:04.721+0000] {processor.py:208} INFO - Processing /home/airflow/.local/lib/python3.12/site-packages/airflow/example_dags/example_time_delta_sensor_async.py took 0.108 seconds
[2025-03-07T11:11:35.979+0000] {processor.py:186} INFO - Started process (PID=2677) to work on /home/airflow/.local/lib/python3.12/site-packages/airflow/example_dags/example_time_delta_sensor_async.py
[2025-03-07T11:11:35.981+0000] {processor.py:914} INFO - Processing file /home/airflow/.local/lib/python3.12/site-packages/airflow/example_dags/example_time_delta_sensor_async.py for tasks to queue
[2025-03-07T11:11:35.986+0000] {logging_mixin.py:190} INFO - [2025-03-07T11:11:35.986+0000] {dagbag.py:588} INFO - Filling up the DagBag from /home/airflow/.local/lib/python3.12/site-packages/airflow/example_dags/example_time_delta_sensor_async.py
[2025-03-07T11:11:36.003+0000] {processor.py:925} INFO - DAG(s) 'example_time_delta_sensor_async' retrieved from /home/airflow/.local/lib/python3.12/site-packages/airflow/example_dags/example_time_delta_sensor_async.py
[2025-03-07T11:11:36.063+0000] {logging_mixin.py:190} INFO - [2025-03-07T11:11:36.062+0000] {dag.py:3239} INFO - Sync 1 DAGs
[2025-03-07T11:11:36.106+0000] {logging_mixin.py:190} INFO - [2025-03-07T11:11:36.105+0000] {dag.py:4180} INFO - Setting next_dagrun for example_time_delta_sensor_async to None, run_after=None
[2025-03-07T11:11:36.155+0000] {processor.py:208} INFO - Processing /home/airflow/.local/lib/python3.12/site-packages/airflow/example_dags/example_time_delta_sensor_async.py took 0.193 seconds
[2025-03-07T11:12:07.051+0000] {processor.py:186} INFO - Started process (PID=2747) to work on /home/airflow/.local/lib/python3.12/site-packages/airflow/example_dags/example_time_delta_sensor_async.py
[2025-03-07T11:12:07.053+0000] {processor.py:914} INFO - Processing file /home/airflow/.local/lib/python3.12/site-packages/airflow/example_dags/example_time_delta_sensor_async.py for tasks to queue
[2025-03-07T11:12:07.057+0000] {logging_mixin.py:190} INFO - [2025-03-07T11:12:07.056+0000] {dagbag.py:588} INFO - Filling up the DagBag from /home/airflow/.local/lib/python3.12/site-packages/airflow/example_dags/example_time_delta_sensor_async.py
[2025-03-07T11:12:07.068+0000] {processor.py:925} INFO - DAG(s) 'example_time_delta_sensor_async' retrieved from /home/airflow/.local/lib/python3.12/site-packages/airflow/example_dags/example_time_delta_sensor_async.py
[2025-03-07T11:12:07.095+0000] {logging_mixin.py:190} INFO - [2025-03-07T11:12:07.095+0000] {dag.py:3239} INFO - Sync 1 DAGs
[2025-03-07T11:12:07.120+0000] {logging_mixin.py:190} INFO - [2025-03-07T11:12:07.120+0000] {dag.py:4180} INFO - Setting next_dagrun for example_time_delta_sensor_async to None, run_after=None
[2025-03-07T11:12:07.157+0000] {processor.py:208} INFO - Processing /home/airflow/.local/lib/python3.12/site-packages/airflow/example_dags/example_time_delta_sensor_async.py took 0.115 seconds
[2025-03-07T11:12:39.305+0000] {processor.py:186} INFO - Started process (PID=2809) to work on /home/airflow/.local/lib/python3.12/site-packages/airflow/example_dags/example_time_delta_sensor_async.py
[2025-03-07T11:12:39.309+0000] {processor.py:914} INFO - Processing file /home/airflow/.local/lib/python3.12/site-packages/airflow/example_dags/example_time_delta_sensor_async.py for tasks to queue
[2025-03-07T11:12:39.316+0000] {logging_mixin.py:190} INFO - [2025-03-07T11:12:39.315+0000] {dagbag.py:588} INFO - Filling up the DagBag from /home/airflow/.local/lib/python3.12/site-packages/airflow/example_dags/example_time_delta_sensor_async.py
[2025-03-07T11:12:39.337+0000] {processor.py:925} INFO - DAG(s) 'example_time_delta_sensor_async' retrieved from /home/airflow/.local/lib/python3.12/site-packages/airflow/example_dags/example_time_delta_sensor_async.py
[2025-03-07T11:12:39.381+0000] {logging_mixin.py:190} INFO - [2025-03-07T11:12:39.381+0000] {dag.py:3239} INFO - Sync 1 DAGs
[2025-03-07T11:12:39.428+0000] {logging_mixin.py:190} INFO - [2025-03-07T11:12:39.427+0000] {dag.py:4180} INFO - Setting next_dagrun for example_time_delta_sensor_async to None, run_after=None
[2025-03-07T11:12:39.474+0000] {processor.py:208} INFO - Processing /home/airflow/.local/lib/python3.12/site-packages/airflow/example_dags/example_time_delta_sensor_async.py took 0.184 seconds
[2025-03-07T11:13:12.529+0000] {processor.py:186} INFO - Started process (PID=2874) to work on /home/airflow/.local/lib/python3.12/site-packages/airflow/example_dags/example_time_delta_sensor_async.py
[2025-03-07T11:13:12.533+0000] {processor.py:914} INFO - Processing file /home/airflow/.local/lib/python3.12/site-packages/airflow/example_dags/example_time_delta_sensor_async.py for tasks to queue
[2025-03-07T11:13:12.561+0000] {logging_mixin.py:190} INFO - [2025-03-07T11:13:12.550+0000] {dagbag.py:588} INFO - Filling up the DagBag from /home/airflow/.local/lib/python3.12/site-packages/airflow/example_dags/example_time_delta_sensor_async.py
[2025-03-07T11:13:12.589+0000] {processor.py:925} INFO - DAG(s) 'example_time_delta_sensor_async' retrieved from /home/airflow/.local/lib/python3.12/site-packages/airflow/example_dags/example_time_delta_sensor_async.py
[2025-03-07T11:13:12.698+0000] {logging_mixin.py:190} INFO - [2025-03-07T11:13:12.687+0000] {dag.py:3239} INFO - Sync 1 DAGs
[2025-03-07T11:13:12.811+0000] {logging_mixin.py:190} INFO - [2025-03-07T11:13:12.811+0000] {dag.py:4180} INFO - Setting next_dagrun for example_time_delta_sensor_async to None, run_after=None
[2025-03-07T11:13:12.934+0000] {processor.py:208} INFO - Processing /home/airflow/.local/lib/python3.12/site-packages/airflow/example_dags/example_time_delta_sensor_async.py took 0.429 seconds
[2025-03-07T11:13:43.215+0000] {processor.py:186} INFO - Started process (PID=2937) to work on /home/airflow/.local/lib/python3.12/site-packages/airflow/example_dags/example_time_delta_sensor_async.py
[2025-03-07T11:13:43.216+0000] {processor.py:914} INFO - Processing file /home/airflow/.local/lib/python3.12/site-packages/airflow/example_dags/example_time_delta_sensor_async.py for tasks to queue
[2025-03-07T11:13:43.219+0000] {logging_mixin.py:190} INFO - [2025-03-07T11:13:43.219+0000] {dagbag.py:588} INFO - Filling up the DagBag from /home/airflow/.local/lib/python3.12/site-packages/airflow/example_dags/example_time_delta_sensor_async.py
[2025-03-07T11:13:43.231+0000] {processor.py:925} INFO - DAG(s) 'example_time_delta_sensor_async' retrieved from /home/airflow/.local/lib/python3.12/site-packages/airflow/example_dags/example_time_delta_sensor_async.py
[2025-03-07T11:13:43.269+0000] {logging_mixin.py:190} INFO - [2025-03-07T11:13:43.268+0000] {dag.py:3239} INFO - Sync 1 DAGs
[2025-03-07T11:13:43.302+0000] {logging_mixin.py:190} INFO - [2025-03-07T11:13:43.301+0000] {dag.py:4180} INFO - Setting next_dagrun for example_time_delta_sensor_async to None, run_after=None
[2025-03-07T11:13:43.336+0000] {processor.py:208} INFO - Processing /home/airflow/.local/lib/python3.12/site-packages/airflow/example_dags/example_time_delta_sensor_async.py took 0.131 seconds
