[2025-03-07T10:49:35.932+0000] {processor.py:186} INFO - Started process (PID=125) to work on /home/airflow/.local/lib/python3.12/site-packages/airflow/example_dags/example_branch_python_dop_operator_3.py
[2025-03-07T10:49:35.933+0000] {processor.py:914} INFO - Processing file /home/airflow/.local/lib/python3.12/site-packages/airflow/example_dags/example_branch_python_dop_operator_3.py for tasks to queue
[2025-03-07T10:49:35.937+0000] {logging_mixin.py:190} INFO - [2025-03-07T10:49:35.937+0000] {dagbag.py:588} INFO - Filling up the DagBag from /home/airflow/.local/lib/python3.12/site-packages/airflow/example_dags/example_branch_python_dop_operator_3.py
[2025-03-07T10:49:35.980+0000] {processor.py:925} INFO - DAG(s) 'example_branch_dop_operator_v3' retrieved from /home/airflow/.local/lib/python3.12/site-packages/airflow/example_dags/example_branch_python_dop_operator_3.py
[2025-03-07T10:49:36.219+0000] {logging_mixin.py:190} INFO - [2025-03-07T10:49:36.217+0000] {override.py:1912} INFO - Created Permission View: can delete on DAG:example_branch_dop_operator_v3
[2025-03-07T10:49:36.244+0000] {logging_mixin.py:190} INFO - [2025-03-07T10:49:36.243+0000] {override.py:1912} INFO - Created Permission View: can read on DAG:example_branch_dop_operator_v3
[2025-03-07T10:49:36.257+0000] {logging_mixin.py:190} INFO - [2025-03-07T10:49:36.256+0000] {override.py:1912} INFO - Created Permission View: can edit on DAG:example_branch_dop_operator_v3
[2025-03-07T10:49:36.269+0000] {logging_mixin.py:190} INFO - [2025-03-07T10:49:36.269+0000] {override.py:1912} INFO - Created Permission View: can delete on DAG Run:example_branch_dop_operator_v3
[2025-03-07T10:49:36.282+0000] {logging_mixin.py:190} INFO - [2025-03-07T10:49:36.282+0000] {override.py:1912} INFO - Created Permission View: can create on DAG Run:example_branch_dop_operator_v3
[2025-03-07T10:49:36.294+0000] {logging_mixin.py:190} INFO - [2025-03-07T10:49:36.293+0000] {override.py:1912} INFO - Created Permission View: menu access on DAG Run:example_branch_dop_operator_v3
[2025-03-07T10:49:36.306+0000] {logging_mixin.py:190} INFO - [2025-03-07T10:49:36.305+0000] {override.py:1912} INFO - Created Permission View: can read on DAG Run:example_branch_dop_operator_v3
[2025-03-07T10:49:36.307+0000] {logging_mixin.py:190} INFO - [2025-03-07T10:49:36.307+0000] {dag.py:3239} INFO - Sync 1 DAGs
[2025-03-07T10:49:36.329+0000] {logging_mixin.py:190} INFO - [2025-03-07T10:49:36.329+0000] {dag.py:3262} INFO - Creating ORM DAG for example_branch_dop_operator_v3
[2025-03-07T10:49:36.352+0000] {logging_mixin.py:190} INFO - [2025-03-07T10:49:36.352+0000] {dag.py:4180} INFO - Setting next_dagrun for example_branch_dop_operator_v3 to 2025-03-07 10:48:00+00:00, run_after=2025-03-07 10:49:00+00:00
[2025-03-07T10:49:36.381+0000] {processor.py:208} INFO - Processing /home/airflow/.local/lib/python3.12/site-packages/airflow/example_dags/example_branch_python_dop_operator_3.py took 0.458 seconds
[2025-03-07T10:50:06.498+0000] {processor.py:186} INFO - Started process (PID=188) to work on /home/airflow/.local/lib/python3.12/site-packages/airflow/example_dags/example_branch_python_dop_operator_3.py
[2025-03-07T10:50:06.499+0000] {processor.py:914} INFO - Processing file /home/airflow/.local/lib/python3.12/site-packages/airflow/example_dags/example_branch_python_dop_operator_3.py for tasks to queue
[2025-03-07T10:50:06.501+0000] {logging_mixin.py:190} INFO - [2025-03-07T10:50:06.501+0000] {dagbag.py:588} INFO - Filling up the DagBag from /home/airflow/.local/lib/python3.12/site-packages/airflow/example_dags/example_branch_python_dop_operator_3.py
[2025-03-07T10:50:06.510+0000] {processor.py:925} INFO - DAG(s) 'example_branch_dop_operator_v3' retrieved from /home/airflow/.local/lib/python3.12/site-packages/airflow/example_dags/example_branch_python_dop_operator_3.py
[2025-03-07T10:50:06.528+0000] {logging_mixin.py:190} INFO - [2025-03-07T10:50:06.527+0000] {dag.py:3239} INFO - Sync 1 DAGs
[2025-03-07T10:50:06.553+0000] {logging_mixin.py:190} INFO - [2025-03-07T10:50:06.553+0000] {dag.py:4180} INFO - Setting next_dagrun for example_branch_dop_operator_v3 to 2025-03-07 10:49:00+00:00, run_after=2025-03-07 10:50:00+00:00
[2025-03-07T10:50:06.573+0000] {processor.py:208} INFO - Processing /home/airflow/.local/lib/python3.12/site-packages/airflow/example_dags/example_branch_python_dop_operator_3.py took 0.079 seconds
[2025-03-07T10:50:37.234+0000] {processor.py:186} INFO - Started process (PID=251) to work on /home/airflow/.local/lib/python3.12/site-packages/airflow/example_dags/example_branch_python_dop_operator_3.py
[2025-03-07T10:50:37.234+0000] {processor.py:914} INFO - Processing file /home/airflow/.local/lib/python3.12/site-packages/airflow/example_dags/example_branch_python_dop_operator_3.py for tasks to queue
[2025-03-07T10:50:37.237+0000] {logging_mixin.py:190} INFO - [2025-03-07T10:50:37.237+0000] {dagbag.py:588} INFO - Filling up the DagBag from /home/airflow/.local/lib/python3.12/site-packages/airflow/example_dags/example_branch_python_dop_operator_3.py
[2025-03-07T10:50:37.246+0000] {processor.py:925} INFO - DAG(s) 'example_branch_dop_operator_v3' retrieved from /home/airflow/.local/lib/python3.12/site-packages/airflow/example_dags/example_branch_python_dop_operator_3.py
[2025-03-07T10:50:37.264+0000] {logging_mixin.py:190} INFO - [2025-03-07T10:50:37.264+0000] {dag.py:3239} INFO - Sync 1 DAGs
[2025-03-07T10:50:37.298+0000] {logging_mixin.py:190} INFO - [2025-03-07T10:50:37.297+0000] {dag.py:4180} INFO - Setting next_dagrun for example_branch_dop_operator_v3 to 2025-03-07 10:49:00+00:00, run_after=2025-03-07 10:50:00+00:00
[2025-03-07T10:50:37.322+0000] {processor.py:208} INFO - Processing /home/airflow/.local/lib/python3.12/site-packages/airflow/example_dags/example_branch_python_dop_operator_3.py took 0.094 seconds
[2025-03-07T10:51:08.121+0000] {processor.py:186} INFO - Started process (PID=315) to work on /home/airflow/.local/lib/python3.12/site-packages/airflow/example_dags/example_branch_python_dop_operator_3.py
[2025-03-07T10:51:08.123+0000] {processor.py:914} INFO - Processing file /home/airflow/.local/lib/python3.12/site-packages/airflow/example_dags/example_branch_python_dop_operator_3.py for tasks to queue
[2025-03-07T10:51:08.128+0000] {logging_mixin.py:190} INFO - [2025-03-07T10:51:08.127+0000] {dagbag.py:588} INFO - Filling up the DagBag from /home/airflow/.local/lib/python3.12/site-packages/airflow/example_dags/example_branch_python_dop_operator_3.py
[2025-03-07T10:51:08.146+0000] {processor.py:925} INFO - DAG(s) 'example_branch_dop_operator_v3' retrieved from /home/airflow/.local/lib/python3.12/site-packages/airflow/example_dags/example_branch_python_dop_operator_3.py
[2025-03-07T10:51:08.177+0000] {logging_mixin.py:190} INFO - [2025-03-07T10:51:08.177+0000] {dag.py:3239} INFO - Sync 1 DAGs
[2025-03-07T10:51:08.231+0000] {logging_mixin.py:190} INFO - [2025-03-07T10:51:08.230+0000] {dag.py:4180} INFO - Setting next_dagrun for example_branch_dop_operator_v3 to 2025-03-07 10:50:00+00:00, run_after=2025-03-07 10:51:00+00:00
[2025-03-07T10:51:08.268+0000] {processor.py:208} INFO - Processing /home/airflow/.local/lib/python3.12/site-packages/airflow/example_dags/example_branch_python_dop_operator_3.py took 0.159 seconds
[2025-03-07T10:51:39.293+0000] {processor.py:186} INFO - Started process (PID=379) to work on /home/airflow/.local/lib/python3.12/site-packages/airflow/example_dags/example_branch_python_dop_operator_3.py
[2025-03-07T10:51:39.294+0000] {processor.py:914} INFO - Processing file /home/airflow/.local/lib/python3.12/site-packages/airflow/example_dags/example_branch_python_dop_operator_3.py for tasks to queue
[2025-03-07T10:51:39.296+0000] {logging_mixin.py:190} INFO - [2025-03-07T10:51:39.296+0000] {dagbag.py:588} INFO - Filling up the DagBag from /home/airflow/.local/lib/python3.12/site-packages/airflow/example_dags/example_branch_python_dop_operator_3.py
[2025-03-07T10:51:39.306+0000] {processor.py:925} INFO - DAG(s) 'example_branch_dop_operator_v3' retrieved from /home/airflow/.local/lib/python3.12/site-packages/airflow/example_dags/example_branch_python_dop_operator_3.py
[2025-03-07T10:51:39.323+0000] {logging_mixin.py:190} INFO - [2025-03-07T10:51:39.323+0000] {dag.py:3239} INFO - Sync 1 DAGs
[2025-03-07T10:51:39.346+0000] {logging_mixin.py:190} INFO - [2025-03-07T10:51:39.346+0000] {dag.py:4180} INFO - Setting next_dagrun for example_branch_dop_operator_v3 to 2025-03-07 10:50:00+00:00, run_after=2025-03-07 10:51:00+00:00
[2025-03-07T10:51:39.364+0000] {processor.py:208} INFO - Processing /home/airflow/.local/lib/python3.12/site-packages/airflow/example_dags/example_branch_python_dop_operator_3.py took 0.076 seconds
[2025-03-07T10:52:09.670+0000] {processor.py:186} INFO - Started process (PID=441) to work on /home/airflow/.local/lib/python3.12/site-packages/airflow/example_dags/example_branch_python_dop_operator_3.py
[2025-03-07T10:52:09.671+0000] {processor.py:914} INFO - Processing file /home/airflow/.local/lib/python3.12/site-packages/airflow/example_dags/example_branch_python_dop_operator_3.py for tasks to queue
[2025-03-07T10:52:09.675+0000] {logging_mixin.py:190} INFO - [2025-03-07T10:52:09.674+0000] {dagbag.py:588} INFO - Filling up the DagBag from /home/airflow/.local/lib/python3.12/site-packages/airflow/example_dags/example_branch_python_dop_operator_3.py
[2025-03-07T10:52:09.687+0000] {processor.py:925} INFO - DAG(s) 'example_branch_dop_operator_v3' retrieved from /home/airflow/.local/lib/python3.12/site-packages/airflow/example_dags/example_branch_python_dop_operator_3.py
[2025-03-07T10:52:09.713+0000] {logging_mixin.py:190} INFO - [2025-03-07T10:52:09.712+0000] {dag.py:3239} INFO - Sync 1 DAGs
[2025-03-07T10:52:09.759+0000] {logging_mixin.py:190} INFO - [2025-03-07T10:52:09.759+0000] {dag.py:4180} INFO - Setting next_dagrun for example_branch_dop_operator_v3 to 2025-03-07 10:51:00+00:00, run_after=2025-03-07 10:52:00+00:00
[2025-03-07T10:52:09.790+0000] {processor.py:208} INFO - Processing /home/airflow/.local/lib/python3.12/site-packages/airflow/example_dags/example_branch_python_dop_operator_3.py took 0.126 seconds
[2025-03-07T10:52:39.980+0000] {processor.py:186} INFO - Started process (PID=504) to work on /home/airflow/.local/lib/python3.12/site-packages/airflow/example_dags/example_branch_python_dop_operator_3.py
[2025-03-07T10:52:39.981+0000] {processor.py:914} INFO - Processing file /home/airflow/.local/lib/python3.12/site-packages/airflow/example_dags/example_branch_python_dop_operator_3.py for tasks to queue
[2025-03-07T10:52:39.984+0000] {logging_mixin.py:190} INFO - [2025-03-07T10:52:39.983+0000] {dagbag.py:588} INFO - Filling up the DagBag from /home/airflow/.local/lib/python3.12/site-packages/airflow/example_dags/example_branch_python_dop_operator_3.py
[2025-03-07T10:52:39.996+0000] {processor.py:925} INFO - DAG(s) 'example_branch_dop_operator_v3' retrieved from /home/airflow/.local/lib/python3.12/site-packages/airflow/example_dags/example_branch_python_dop_operator_3.py
[2025-03-07T10:52:40.018+0000] {logging_mixin.py:190} INFO - [2025-03-07T10:52:40.017+0000] {dag.py:3239} INFO - Sync 1 DAGs
[2025-03-07T10:52:40.050+0000] {logging_mixin.py:190} INFO - [2025-03-07T10:52:40.050+0000] {dag.py:4180} INFO - Setting next_dagrun for example_branch_dop_operator_v3 to 2025-03-07 10:51:00+00:00, run_after=2025-03-07 10:52:00+00:00
[2025-03-07T10:52:40.074+0000] {processor.py:208} INFO - Processing /home/airflow/.local/lib/python3.12/site-packages/airflow/example_dags/example_branch_python_dop_operator_3.py took 0.101 seconds
[2025-03-07T10:53:11.197+0000] {processor.py:186} INFO - Started process (PID=567) to work on /home/airflow/.local/lib/python3.12/site-packages/airflow/example_dags/example_branch_python_dop_operator_3.py
[2025-03-07T10:53:11.199+0000] {processor.py:914} INFO - Processing file /home/airflow/.local/lib/python3.12/site-packages/airflow/example_dags/example_branch_python_dop_operator_3.py for tasks to queue
[2025-03-07T10:53:11.201+0000] {logging_mixin.py:190} INFO - [2025-03-07T10:53:11.201+0000] {dagbag.py:588} INFO - Filling up the DagBag from /home/airflow/.local/lib/python3.12/site-packages/airflow/example_dags/example_branch_python_dop_operator_3.py
[2025-03-07T10:53:11.213+0000] {processor.py:925} INFO - DAG(s) 'example_branch_dop_operator_v3' retrieved from /home/airflow/.local/lib/python3.12/site-packages/airflow/example_dags/example_branch_python_dop_operator_3.py
[2025-03-07T10:53:11.234+0000] {logging_mixin.py:190} INFO - [2025-03-07T10:53:11.234+0000] {dag.py:3239} INFO - Sync 1 DAGs
[2025-03-07T10:53:11.266+0000] {logging_mixin.py:190} INFO - [2025-03-07T10:53:11.266+0000] {dag.py:4180} INFO - Setting next_dagrun for example_branch_dop_operator_v3 to 2025-03-07 10:52:00+00:00, run_after=2025-03-07 10:53:00+00:00
[2025-03-07T10:53:11.289+0000] {processor.py:208} INFO - Processing /home/airflow/.local/lib/python3.12/site-packages/airflow/example_dags/example_branch_python_dop_operator_3.py took 0.098 seconds
[2025-03-07T10:53:43.243+0000] {processor.py:186} INFO - Started process (PID=631) to work on /home/airflow/.local/lib/python3.12/site-packages/airflow/example_dags/example_branch_python_dop_operator_3.py
[2025-03-07T10:53:43.245+0000] {processor.py:914} INFO - Processing file /home/airflow/.local/lib/python3.12/site-packages/airflow/example_dags/example_branch_python_dop_operator_3.py for tasks to queue
[2025-03-07T10:53:43.248+0000] {logging_mixin.py:190} INFO - [2025-03-07T10:53:43.247+0000] {dagbag.py:588} INFO - Filling up the DagBag from /home/airflow/.local/lib/python3.12/site-packages/airflow/example_dags/example_branch_python_dop_operator_3.py
[2025-03-07T10:53:43.260+0000] {processor.py:925} INFO - DAG(s) 'example_branch_dop_operator_v3' retrieved from /home/airflow/.local/lib/python3.12/site-packages/airflow/example_dags/example_branch_python_dop_operator_3.py
[2025-03-07T10:53:43.285+0000] {logging_mixin.py:190} INFO - [2025-03-07T10:53:43.285+0000] {dag.py:3239} INFO - Sync 1 DAGs
[2025-03-07T10:53:43.320+0000] {logging_mixin.py:190} INFO - [2025-03-07T10:53:43.320+0000] {dag.py:4180} INFO - Setting next_dagrun for example_branch_dop_operator_v3 to 2025-03-07 10:52:00+00:00, run_after=2025-03-07 10:53:00+00:00
[2025-03-07T10:53:43.346+0000] {processor.py:208} INFO - Processing /home/airflow/.local/lib/python3.12/site-packages/airflow/example_dags/example_branch_python_dop_operator_3.py took 0.110 seconds
[2025-03-07T10:54:14.099+0000] {processor.py:186} INFO - Started process (PID=694) to work on /home/airflow/.local/lib/python3.12/site-packages/airflow/example_dags/example_branch_python_dop_operator_3.py
[2025-03-07T10:54:14.101+0000] {processor.py:914} INFO - Processing file /home/airflow/.local/lib/python3.12/site-packages/airflow/example_dags/example_branch_python_dop_operator_3.py for tasks to queue
[2025-03-07T10:54:14.104+0000] {logging_mixin.py:190} INFO - [2025-03-07T10:54:14.103+0000] {dagbag.py:588} INFO - Filling up the DagBag from /home/airflow/.local/lib/python3.12/site-packages/airflow/example_dags/example_branch_python_dop_operator_3.py
[2025-03-07T10:54:14.118+0000] {processor.py:925} INFO - DAG(s) 'example_branch_dop_operator_v3' retrieved from /home/airflow/.local/lib/python3.12/site-packages/airflow/example_dags/example_branch_python_dop_operator_3.py
[2025-03-07T10:54:14.146+0000] {logging_mixin.py:190} INFO - [2025-03-07T10:54:14.145+0000] {dag.py:3239} INFO - Sync 1 DAGs
[2025-03-07T10:54:14.194+0000] {logging_mixin.py:190} INFO - [2025-03-07T10:54:14.194+0000] {dag.py:4180} INFO - Setting next_dagrun for example_branch_dop_operator_v3 to 2025-03-07 10:53:00+00:00, run_after=2025-03-07 10:54:00+00:00
[2025-03-07T10:54:14.225+0000] {processor.py:208} INFO - Processing /home/airflow/.local/lib/python3.12/site-packages/airflow/example_dags/example_branch_python_dop_operator_3.py took 0.136 seconds
[2025-03-07T10:54:45.469+0000] {processor.py:186} INFO - Started process (PID=757) to work on /home/airflow/.local/lib/python3.12/site-packages/airflow/example_dags/example_branch_python_dop_operator_3.py
[2025-03-07T10:54:45.470+0000] {processor.py:914} INFO - Processing file /home/airflow/.local/lib/python3.12/site-packages/airflow/example_dags/example_branch_python_dop_operator_3.py for tasks to queue
[2025-03-07T10:54:45.472+0000] {logging_mixin.py:190} INFO - [2025-03-07T10:54:45.472+0000] {dagbag.py:588} INFO - Filling up the DagBag from /home/airflow/.local/lib/python3.12/site-packages/airflow/example_dags/example_branch_python_dop_operator_3.py
[2025-03-07T10:54:45.485+0000] {processor.py:925} INFO - DAG(s) 'example_branch_dop_operator_v3' retrieved from /home/airflow/.local/lib/python3.12/site-packages/airflow/example_dags/example_branch_python_dop_operator_3.py
[2025-03-07T10:54:45.507+0000] {logging_mixin.py:190} INFO - [2025-03-07T10:54:45.507+0000] {dag.py:3239} INFO - Sync 1 DAGs
[2025-03-07T10:54:45.543+0000] {logging_mixin.py:190} INFO - [2025-03-07T10:54:45.543+0000] {dag.py:4180} INFO - Setting next_dagrun for example_branch_dop_operator_v3 to 2025-03-07 10:53:00+00:00, run_after=2025-03-07 10:54:00+00:00
[2025-03-07T10:54:45.567+0000] {processor.py:208} INFO - Processing /home/airflow/.local/lib/python3.12/site-packages/airflow/example_dags/example_branch_python_dop_operator_3.py took 0.105 seconds
[2025-03-07T10:55:16.755+0000] {processor.py:186} INFO - Started process (PID=820) to work on /home/airflow/.local/lib/python3.12/site-packages/airflow/example_dags/example_branch_python_dop_operator_3.py
[2025-03-07T10:55:16.757+0000] {processor.py:914} INFO - Processing file /home/airflow/.local/lib/python3.12/site-packages/airflow/example_dags/example_branch_python_dop_operator_3.py for tasks to queue
[2025-03-07T10:55:16.760+0000] {logging_mixin.py:190} INFO - [2025-03-07T10:55:16.760+0000] {dagbag.py:588} INFO - Filling up the DagBag from /home/airflow/.local/lib/python3.12/site-packages/airflow/example_dags/example_branch_python_dop_operator_3.py
[2025-03-07T10:55:16.774+0000] {processor.py:925} INFO - DAG(s) 'example_branch_dop_operator_v3' retrieved from /home/airflow/.local/lib/python3.12/site-packages/airflow/example_dags/example_branch_python_dop_operator_3.py
[2025-03-07T10:55:16.799+0000] {logging_mixin.py:190} INFO - [2025-03-07T10:55:16.798+0000] {dag.py:3239} INFO - Sync 1 DAGs
[2025-03-07T10:55:16.843+0000] {logging_mixin.py:190} INFO - [2025-03-07T10:55:16.843+0000] {dag.py:4180} INFO - Setting next_dagrun for example_branch_dop_operator_v3 to 2025-03-07 10:54:00+00:00, run_after=2025-03-07 10:55:00+00:00
[2025-03-07T10:55:16.871+0000] {processor.py:208} INFO - Processing /home/airflow/.local/lib/python3.12/site-packages/airflow/example_dags/example_branch_python_dop_operator_3.py took 0.123 seconds
[2025-03-07T10:55:48.793+0000] {processor.py:186} INFO - Started process (PID=883) to work on /home/airflow/.local/lib/python3.12/site-packages/airflow/example_dags/example_branch_python_dop_operator_3.py
[2025-03-07T10:55:48.795+0000] {processor.py:914} INFO - Processing file /home/airflow/.local/lib/python3.12/site-packages/airflow/example_dags/example_branch_python_dop_operator_3.py for tasks to queue
[2025-03-07T10:55:48.799+0000] {logging_mixin.py:190} INFO - [2025-03-07T10:55:48.799+0000] {dagbag.py:588} INFO - Filling up the DagBag from /home/airflow/.local/lib/python3.12/site-packages/airflow/example_dags/example_branch_python_dop_operator_3.py
[2025-03-07T10:55:48.829+0000] {processor.py:925} INFO - DAG(s) 'example_branch_dop_operator_v3' retrieved from /home/airflow/.local/lib/python3.12/site-packages/airflow/example_dags/example_branch_python_dop_operator_3.py
[2025-03-07T10:55:48.881+0000] {logging_mixin.py:190} INFO - [2025-03-07T10:55:48.881+0000] {dag.py:3239} INFO - Sync 1 DAGs
[2025-03-07T10:55:48.968+0000] {logging_mixin.py:190} INFO - [2025-03-07T10:55:48.967+0000] {dag.py:4180} INFO - Setting next_dagrun for example_branch_dop_operator_v3 to 2025-03-07 10:54:00+00:00, run_after=2025-03-07 10:55:00+00:00
[2025-03-07T10:55:49.012+0000] {processor.py:208} INFO - Processing /home/airflow/.local/lib/python3.12/site-packages/airflow/example_dags/example_branch_python_dop_operator_3.py took 0.233 seconds
[2025-03-07T10:56:19.910+0000] {processor.py:186} INFO - Started process (PID=946) to work on /home/airflow/.local/lib/python3.12/site-packages/airflow/example_dags/example_branch_python_dop_operator_3.py
[2025-03-07T10:56:19.912+0000] {processor.py:914} INFO - Processing file /home/airflow/.local/lib/python3.12/site-packages/airflow/example_dags/example_branch_python_dop_operator_3.py for tasks to queue
[2025-03-07T10:56:19.915+0000] {logging_mixin.py:190} INFO - [2025-03-07T10:56:19.914+0000] {dagbag.py:588} INFO - Filling up the DagBag from /home/airflow/.local/lib/python3.12/site-packages/airflow/example_dags/example_branch_python_dop_operator_3.py
[2025-03-07T10:56:19.930+0000] {processor.py:925} INFO - DAG(s) 'example_branch_dop_operator_v3' retrieved from /home/airflow/.local/lib/python3.12/site-packages/airflow/example_dags/example_branch_python_dop_operator_3.py
[2025-03-07T10:56:19.953+0000] {logging_mixin.py:190} INFO - [2025-03-07T10:56:19.952+0000] {dag.py:3239} INFO - Sync 1 DAGs
[2025-03-07T10:56:19.987+0000] {logging_mixin.py:190} INFO - [2025-03-07T10:56:19.986+0000] {dag.py:4180} INFO - Setting next_dagrun for example_branch_dop_operator_v3 to 2025-03-07 10:55:00+00:00, run_after=2025-03-07 10:56:00+00:00
[2025-03-07T10:56:20.010+0000] {processor.py:208} INFO - Processing /home/airflow/.local/lib/python3.12/site-packages/airflow/example_dags/example_branch_python_dop_operator_3.py took 0.106 seconds
[2025-03-07T10:56:51.953+0000] {processor.py:186} INFO - Started process (PID=1009) to work on /home/airflow/.local/lib/python3.12/site-packages/airflow/example_dags/example_branch_python_dop_operator_3.py
[2025-03-07T10:56:51.956+0000] {processor.py:914} INFO - Processing file /home/airflow/.local/lib/python3.12/site-packages/airflow/example_dags/example_branch_python_dop_operator_3.py for tasks to queue
[2025-03-07T10:56:51.962+0000] {logging_mixin.py:190} INFO - [2025-03-07T10:56:51.961+0000] {dagbag.py:588} INFO - Filling up the DagBag from /home/airflow/.local/lib/python3.12/site-packages/airflow/example_dags/example_branch_python_dop_operator_3.py
[2025-03-07T10:56:51.980+0000] {processor.py:925} INFO - DAG(s) 'example_branch_dop_operator_v3' retrieved from /home/airflow/.local/lib/python3.12/site-packages/airflow/example_dags/example_branch_python_dop_operator_3.py
[2025-03-07T10:56:52.015+0000] {logging_mixin.py:190} INFO - [2025-03-07T10:56:52.014+0000] {dag.py:3239} INFO - Sync 1 DAGs
[2025-03-07T10:56:52.078+0000] {logging_mixin.py:190} INFO - [2025-03-07T10:56:52.078+0000] {dag.py:4180} INFO - Setting next_dagrun for example_branch_dop_operator_v3 to 2025-03-07 10:55:00+00:00, run_after=2025-03-07 10:56:00+00:00
[2025-03-07T10:56:52.118+0000] {processor.py:208} INFO - Processing /home/airflow/.local/lib/python3.12/site-packages/airflow/example_dags/example_branch_python_dop_operator_3.py took 0.174 seconds
[2025-03-07T10:57:23.902+0000] {processor.py:186} INFO - Started process (PID=1072) to work on /home/airflow/.local/lib/python3.12/site-packages/airflow/example_dags/example_branch_python_dop_operator_3.py
[2025-03-07T10:57:23.903+0000] {processor.py:914} INFO - Processing file /home/airflow/.local/lib/python3.12/site-packages/airflow/example_dags/example_branch_python_dop_operator_3.py for tasks to queue
[2025-03-07T10:57:23.906+0000] {logging_mixin.py:190} INFO - [2025-03-07T10:57:23.906+0000] {dagbag.py:588} INFO - Filling up the DagBag from /home/airflow/.local/lib/python3.12/site-packages/airflow/example_dags/example_branch_python_dop_operator_3.py
[2025-03-07T10:57:23.923+0000] {processor.py:925} INFO - DAG(s) 'example_branch_dop_operator_v3' retrieved from /home/airflow/.local/lib/python3.12/site-packages/airflow/example_dags/example_branch_python_dop_operator_3.py
[2025-03-07T10:57:23.947+0000] {logging_mixin.py:190} INFO - [2025-03-07T10:57:23.947+0000] {dag.py:3239} INFO - Sync 1 DAGs
[2025-03-07T10:57:23.985+0000] {logging_mixin.py:190} INFO - [2025-03-07T10:57:23.984+0000] {dag.py:4180} INFO - Setting next_dagrun for example_branch_dop_operator_v3 to 2025-03-07 10:56:00+00:00, run_after=2025-03-07 10:57:00+00:00
[2025-03-07T10:57:24.010+0000] {processor.py:208} INFO - Processing /home/airflow/.local/lib/python3.12/site-packages/airflow/example_dags/example_branch_python_dop_operator_3.py took 0.115 seconds
[2025-03-07T10:57:55.457+0000] {processor.py:186} INFO - Started process (PID=1135) to work on /home/airflow/.local/lib/python3.12/site-packages/airflow/example_dags/example_branch_python_dop_operator_3.py
[2025-03-07T10:57:55.459+0000] {processor.py:914} INFO - Processing file /home/airflow/.local/lib/python3.12/site-packages/airflow/example_dags/example_branch_python_dop_operator_3.py for tasks to queue
[2025-03-07T10:57:55.463+0000] {logging_mixin.py:190} INFO - [2025-03-07T10:57:55.462+0000] {dagbag.py:588} INFO - Filling up the DagBag from /home/airflow/.local/lib/python3.12/site-packages/airflow/example_dags/example_branch_python_dop_operator_3.py
[2025-03-07T10:57:55.483+0000] {processor.py:925} INFO - DAG(s) 'example_branch_dop_operator_v3' retrieved from /home/airflow/.local/lib/python3.12/site-packages/airflow/example_dags/example_branch_python_dop_operator_3.py
[2025-03-07T10:57:55.520+0000] {logging_mixin.py:190} INFO - [2025-03-07T10:57:55.520+0000] {dag.py:3239} INFO - Sync 1 DAGs
[2025-03-07T10:57:55.578+0000] {logging_mixin.py:190} INFO - [2025-03-07T10:57:55.578+0000] {dag.py:4180} INFO - Setting next_dagrun for example_branch_dop_operator_v3 to 2025-03-07 10:56:00+00:00, run_after=2025-03-07 10:57:00+00:00
[2025-03-07T10:57:55.608+0000] {processor.py:208} INFO - Processing /home/airflow/.local/lib/python3.12/site-packages/airflow/example_dags/example_branch_python_dop_operator_3.py took 0.159 seconds
[2025-03-07T10:58:27.033+0000] {processor.py:186} INFO - Started process (PID=1198) to work on /home/airflow/.local/lib/python3.12/site-packages/airflow/example_dags/example_branch_python_dop_operator_3.py
[2025-03-07T10:58:27.034+0000] {processor.py:914} INFO - Processing file /home/airflow/.local/lib/python3.12/site-packages/airflow/example_dags/example_branch_python_dop_operator_3.py for tasks to queue
[2025-03-07T10:58:27.036+0000] {logging_mixin.py:190} INFO - [2025-03-07T10:58:27.036+0000] {dagbag.py:588} INFO - Filling up the DagBag from /home/airflow/.local/lib/python3.12/site-packages/airflow/example_dags/example_branch_python_dop_operator_3.py
[2025-03-07T10:58:27.049+0000] {processor.py:925} INFO - DAG(s) 'example_branch_dop_operator_v3' retrieved from /home/airflow/.local/lib/python3.12/site-packages/airflow/example_dags/example_branch_python_dop_operator_3.py
[2025-03-07T10:58:27.067+0000] {logging_mixin.py:190} INFO - [2025-03-07T10:58:27.067+0000] {dag.py:3239} INFO - Sync 1 DAGs
[2025-03-07T10:58:27.096+0000] {logging_mixin.py:190} INFO - [2025-03-07T10:58:27.096+0000] {dag.py:4180} INFO - Setting next_dagrun for example_branch_dop_operator_v3 to 2025-03-07 10:57:00+00:00, run_after=2025-03-07 10:58:00+00:00
[2025-03-07T10:58:27.117+0000] {processor.py:208} INFO - Processing /home/airflow/.local/lib/python3.12/site-packages/airflow/example_dags/example_branch_python_dop_operator_3.py took 0.088 seconds
[2025-03-07T10:58:58.801+0000] {processor.py:186} INFO - Started process (PID=1261) to work on /home/airflow/.local/lib/python3.12/site-packages/airflow/example_dags/example_branch_python_dop_operator_3.py
[2025-03-07T10:58:58.803+0000] {processor.py:914} INFO - Processing file /home/airflow/.local/lib/python3.12/site-packages/airflow/example_dags/example_branch_python_dop_operator_3.py for tasks to queue
[2025-03-07T10:58:58.805+0000] {logging_mixin.py:190} INFO - [2025-03-07T10:58:58.805+0000] {dagbag.py:588} INFO - Filling up the DagBag from /home/airflow/.local/lib/python3.12/site-packages/airflow/example_dags/example_branch_python_dop_operator_3.py
[2025-03-07T10:58:58.820+0000] {processor.py:925} INFO - DAG(s) 'example_branch_dop_operator_v3' retrieved from /home/airflow/.local/lib/python3.12/site-packages/airflow/example_dags/example_branch_python_dop_operator_3.py
[2025-03-07T10:58:58.843+0000] {logging_mixin.py:190} INFO - [2025-03-07T10:58:58.843+0000] {dag.py:3239} INFO - Sync 1 DAGs
[2025-03-07T10:58:58.880+0000] {logging_mixin.py:190} INFO - [2025-03-07T10:58:58.880+0000] {dag.py:4180} INFO - Setting next_dagrun for example_branch_dop_operator_v3 to 2025-03-07 10:57:00+00:00, run_after=2025-03-07 10:58:00+00:00
[2025-03-07T10:58:58.907+0000] {processor.py:208} INFO - Processing /home/airflow/.local/lib/python3.12/site-packages/airflow/example_dags/example_branch_python_dop_operator_3.py took 0.114 seconds
[2025-03-07T10:59:30.273+0000] {processor.py:186} INFO - Started process (PID=1324) to work on /home/airflow/.local/lib/python3.12/site-packages/airflow/example_dags/example_branch_python_dop_operator_3.py
[2025-03-07T10:59:30.275+0000] {processor.py:914} INFO - Processing file /home/airflow/.local/lib/python3.12/site-packages/airflow/example_dags/example_branch_python_dop_operator_3.py for tasks to queue
[2025-03-07T10:59:30.278+0000] {logging_mixin.py:190} INFO - [2025-03-07T10:59:30.278+0000] {dagbag.py:588} INFO - Filling up the DagBag from /home/airflow/.local/lib/python3.12/site-packages/airflow/example_dags/example_branch_python_dop_operator_3.py
[2025-03-07T10:59:30.292+0000] {processor.py:925} INFO - DAG(s) 'example_branch_dop_operator_v3' retrieved from /home/airflow/.local/lib/python3.12/site-packages/airflow/example_dags/example_branch_python_dop_operator_3.py
[2025-03-07T10:59:30.318+0000] {logging_mixin.py:190} INFO - [2025-03-07T10:59:30.318+0000] {dag.py:3239} INFO - Sync 1 DAGs
[2025-03-07T10:59:30.365+0000] {logging_mixin.py:190} INFO - [2025-03-07T10:59:30.364+0000] {dag.py:4180} INFO - Setting next_dagrun for example_branch_dop_operator_v3 to 2025-03-07 10:58:00+00:00, run_after=2025-03-07 10:59:00+00:00
[2025-03-07T10:59:30.396+0000] {processor.py:208} INFO - Processing /home/airflow/.local/lib/python3.12/site-packages/airflow/example_dags/example_branch_python_dop_operator_3.py took 0.130 seconds
[2025-03-07T11:00:01.471+0000] {processor.py:186} INFO - Started process (PID=1387) to work on /home/airflow/.local/lib/python3.12/site-packages/airflow/example_dags/example_branch_python_dop_operator_3.py
[2025-03-07T11:00:01.473+0000] {processor.py:914} INFO - Processing file /home/airflow/.local/lib/python3.12/site-packages/airflow/example_dags/example_branch_python_dop_operator_3.py for tasks to queue
[2025-03-07T11:00:01.476+0000] {logging_mixin.py:190} INFO - [2025-03-07T11:00:01.475+0000] {dagbag.py:588} INFO - Filling up the DagBag from /home/airflow/.local/lib/python3.12/site-packages/airflow/example_dags/example_branch_python_dop_operator_3.py
[2025-03-07T11:00:01.488+0000] {processor.py:925} INFO - DAG(s) 'example_branch_dop_operator_v3' retrieved from /home/airflow/.local/lib/python3.12/site-packages/airflow/example_dags/example_branch_python_dop_operator_3.py
[2025-03-07T11:00:01.511+0000] {logging_mixin.py:190} INFO - [2025-03-07T11:00:01.511+0000] {dag.py:3239} INFO - Sync 1 DAGs
[2025-03-07T11:00:01.542+0000] {logging_mixin.py:190} INFO - [2025-03-07T11:00:01.542+0000] {dag.py:4180} INFO - Setting next_dagrun for example_branch_dop_operator_v3 to 2025-03-07 10:59:00+00:00, run_after=2025-03-07 11:00:00+00:00
[2025-03-07T11:00:01.568+0000] {processor.py:208} INFO - Processing /home/airflow/.local/lib/python3.12/site-packages/airflow/example_dags/example_branch_python_dop_operator_3.py took 0.105 seconds
[2025-03-07T11:00:34.345+0000] {processor.py:186} INFO - Started process (PID=1458) to work on /home/airflow/.local/lib/python3.12/site-packages/airflow/example_dags/example_branch_python_dop_operator_3.py
[2025-03-07T11:00:34.347+0000] {processor.py:914} INFO - Processing file /home/airflow/.local/lib/python3.12/site-packages/airflow/example_dags/example_branch_python_dop_operator_3.py for tasks to queue
[2025-03-07T11:00:34.350+0000] {logging_mixin.py:190} INFO - [2025-03-07T11:00:34.350+0000] {dagbag.py:588} INFO - Filling up the DagBag from /home/airflow/.local/lib/python3.12/site-packages/airflow/example_dags/example_branch_python_dop_operator_3.py
[2025-03-07T11:00:34.366+0000] {processor.py:925} INFO - DAG(s) 'example_branch_dop_operator_v3' retrieved from /home/airflow/.local/lib/python3.12/site-packages/airflow/example_dags/example_branch_python_dop_operator_3.py
[2025-03-07T11:00:34.395+0000] {logging_mixin.py:190} INFO - [2025-03-07T11:00:34.394+0000] {dag.py:3239} INFO - Sync 1 DAGs
[2025-03-07T11:00:34.442+0000] {logging_mixin.py:190} INFO - [2025-03-07T11:00:34.442+0000] {dag.py:4180} INFO - Setting next_dagrun for example_branch_dop_operator_v3 to 2025-03-07 10:59:00+00:00, run_after=2025-03-07 11:00:00+00:00
[2025-03-07T11:00:34.475+0000] {processor.py:208} INFO - Processing /home/airflow/.local/lib/python3.12/site-packages/airflow/example_dags/example_branch_python_dop_operator_3.py took 0.137 seconds
[2025-03-07T11:01:04.951+0000] {processor.py:186} INFO - Started process (PID=1520) to work on /home/airflow/.local/lib/python3.12/site-packages/airflow/example_dags/example_branch_python_dop_operator_3.py
[2025-03-07T11:01:04.953+0000] {processor.py:914} INFO - Processing file /home/airflow/.local/lib/python3.12/site-packages/airflow/example_dags/example_branch_python_dop_operator_3.py for tasks to queue
[2025-03-07T11:01:04.957+0000] {logging_mixin.py:190} INFO - [2025-03-07T11:01:04.957+0000] {dagbag.py:588} INFO - Filling up the DagBag from /home/airflow/.local/lib/python3.12/site-packages/airflow/example_dags/example_branch_python_dop_operator_3.py
[2025-03-07T11:01:04.974+0000] {processor.py:925} INFO - DAG(s) 'example_branch_dop_operator_v3' retrieved from /home/airflow/.local/lib/python3.12/site-packages/airflow/example_dags/example_branch_python_dop_operator_3.py
[2025-03-07T11:01:05.002+0000] {logging_mixin.py:190} INFO - [2025-03-07T11:01:05.002+0000] {dag.py:3239} INFO - Sync 1 DAGs
[2025-03-07T11:01:05.039+0000] {logging_mixin.py:190} INFO - [2025-03-07T11:01:05.039+0000] {dag.py:4180} INFO - Setting next_dagrun for example_branch_dop_operator_v3 to 2025-03-07 11:00:00+00:00, run_after=2025-03-07 11:01:00+00:00
[2025-03-07T11:01:05.068+0000] {processor.py:208} INFO - Processing /home/airflow/.local/lib/python3.12/site-packages/airflow/example_dags/example_branch_python_dop_operator_3.py took 0.126 seconds
[2025-03-07T11:01:35.145+0000] {processor.py:186} INFO - Started process (PID=1582) to work on /home/airflow/.local/lib/python3.12/site-packages/airflow/example_dags/example_branch_python_dop_operator_3.py
[2025-03-07T11:01:35.147+0000] {processor.py:914} INFO - Processing file /home/airflow/.local/lib/python3.12/site-packages/airflow/example_dags/example_branch_python_dop_operator_3.py for tasks to queue
[2025-03-07T11:01:35.149+0000] {logging_mixin.py:190} INFO - [2025-03-07T11:01:35.149+0000] {dagbag.py:588} INFO - Filling up the DagBag from /home/airflow/.local/lib/python3.12/site-packages/airflow/example_dags/example_branch_python_dop_operator_3.py
[2025-03-07T11:01:35.163+0000] {processor.py:925} INFO - DAG(s) 'example_branch_dop_operator_v3' retrieved from /home/airflow/.local/lib/python3.12/site-packages/airflow/example_dags/example_branch_python_dop_operator_3.py
[2025-03-07T11:01:35.187+0000] {logging_mixin.py:190} INFO - [2025-03-07T11:01:35.187+0000] {dag.py:3239} INFO - Sync 1 DAGs
[2025-03-07T11:01:35.233+0000] {logging_mixin.py:190} INFO - [2025-03-07T11:01:35.233+0000] {dag.py:4180} INFO - Setting next_dagrun for example_branch_dop_operator_v3 to 2025-03-07 11:00:00+00:00, run_after=2025-03-07 11:01:00+00:00
[2025-03-07T11:01:35.263+0000] {processor.py:208} INFO - Processing /home/airflow/.local/lib/python3.12/site-packages/airflow/example_dags/example_branch_python_dop_operator_3.py took 0.125 seconds
[2025-03-07T11:02:10.773+0000] {processor.py:186} INFO - Started process (PID=1653) to work on /home/airflow/.local/lib/python3.12/site-packages/airflow/example_dags/example_branch_python_dop_operator_3.py
[2025-03-07T11:02:10.775+0000] {processor.py:914} INFO - Processing file /home/airflow/.local/lib/python3.12/site-packages/airflow/example_dags/example_branch_python_dop_operator_3.py for tasks to queue
[2025-03-07T11:02:10.779+0000] {logging_mixin.py:190} INFO - [2025-03-07T11:02:10.778+0000] {dagbag.py:588} INFO - Filling up the DagBag from /home/airflow/.local/lib/python3.12/site-packages/airflow/example_dags/example_branch_python_dop_operator_3.py
[2025-03-07T11:02:10.802+0000] {processor.py:925} INFO - DAG(s) 'example_branch_dop_operator_v3' retrieved from /home/airflow/.local/lib/python3.12/site-packages/airflow/example_dags/example_branch_python_dop_operator_3.py
[2025-03-07T11:02:10.842+0000] {logging_mixin.py:190} INFO - [2025-03-07T11:02:10.841+0000] {dag.py:3239} INFO - Sync 1 DAGs
[2025-03-07T11:02:10.897+0000] {logging_mixin.py:190} INFO - [2025-03-07T11:02:10.896+0000] {dag.py:4180} INFO - Setting next_dagrun for example_branch_dop_operator_v3 to 2025-03-07 11:01:00+00:00, run_after=2025-03-07 11:02:00+00:00
[2025-03-07T11:02:10.930+0000] {processor.py:208} INFO - Processing /home/airflow/.local/lib/python3.12/site-packages/airflow/example_dags/example_branch_python_dop_operator_3.py took 0.168 seconds
[2025-03-07T11:03:03.177+0000] {processor.py:186} INFO - Started process (PID=1717) to work on /home/airflow/.local/lib/python3.12/site-packages/airflow/example_dags/example_branch_python_dop_operator_3.py
[2025-03-07T11:03:03.179+0000] {processor.py:914} INFO - Processing file /home/airflow/.local/lib/python3.12/site-packages/airflow/example_dags/example_branch_python_dop_operator_3.py for tasks to queue
[2025-03-07T11:03:03.195+0000] {logging_mixin.py:190} INFO - [2025-03-07T11:03:03.194+0000] {dagbag.py:588} INFO - Filling up the DagBag from /home/airflow/.local/lib/python3.12/site-packages/airflow/example_dags/example_branch_python_dop_operator_3.py
[2025-03-07T11:03:03.247+0000] {processor.py:925} INFO - DAG(s) 'example_branch_dop_operator_v3' retrieved from /home/airflow/.local/lib/python3.12/site-packages/airflow/example_dags/example_branch_python_dop_operator_3.py
[2025-03-07T11:03:03.331+0000] {logging_mixin.py:190} INFO - [2025-03-07T11:03:03.330+0000] {dag.py:3239} INFO - Sync 1 DAGs
[2025-03-07T11:03:03.509+0000] {logging_mixin.py:190} INFO - [2025-03-07T11:03:03.509+0000] {dag.py:4180} INFO - Setting next_dagrun for example_branch_dop_operator_v3 to 2025-03-07 11:02:00+00:00, run_after=2025-03-07 11:03:00+00:00
[2025-03-07T11:03:03.678+0000] {processor.py:208} INFO - Processing /home/airflow/.local/lib/python3.12/site-packages/airflow/example_dags/example_branch_python_dop_operator_3.py took 0.524 seconds
[2025-03-07T11:04:03.424+0000] {processor.py:186} INFO - Started process (PID=1799) to work on /home/airflow/.local/lib/python3.12/site-packages/airflow/example_dags/example_branch_python_dop_operator_3.py
[2025-03-07T11:04:03.431+0000] {processor.py:914} INFO - Processing file /home/airflow/.local/lib/python3.12/site-packages/airflow/example_dags/example_branch_python_dop_operator_3.py for tasks to queue
[2025-03-07T11:04:03.452+0000] {logging_mixin.py:190} INFO - [2025-03-07T11:04:03.443+0000] {dagbag.py:588} INFO - Filling up the DagBag from /home/airflow/.local/lib/python3.12/site-packages/airflow/example_dags/example_branch_python_dop_operator_3.py
[2025-03-07T11:04:03.510+0000] {processor.py:925} INFO - DAG(s) 'example_branch_dop_operator_v3' retrieved from /home/airflow/.local/lib/python3.12/site-packages/airflow/example_dags/example_branch_python_dop_operator_3.py
[2025-03-07T11:04:03.588+0000] {logging_mixin.py:190} INFO - [2025-03-07T11:04:03.587+0000] {dag.py:3239} INFO - Sync 1 DAGs
[2025-03-07T11:04:03.778+0000] {logging_mixin.py:190} INFO - [2025-03-07T11:04:03.777+0000] {dag.py:4180} INFO - Setting next_dagrun for example_branch_dop_operator_v3 to 2025-03-07 11:03:00+00:00, run_after=2025-03-07 11:04:00+00:00
[2025-03-07T11:04:03.895+0000] {processor.py:208} INFO - Processing /home/airflow/.local/lib/python3.12/site-packages/airflow/example_dags/example_branch_python_dop_operator_3.py took 0.509 seconds
[2025-03-07T11:04:50.948+0000] {processor.py:186} INFO - Started process (PID=1869) to work on /home/airflow/.local/lib/python3.12/site-packages/airflow/example_dags/example_branch_python_dop_operator_3.py
[2025-03-07T11:04:50.963+0000] {processor.py:914} INFO - Processing file /home/airflow/.local/lib/python3.12/site-packages/airflow/example_dags/example_branch_python_dop_operator_3.py for tasks to queue
[2025-03-07T11:04:50.980+0000] {logging_mixin.py:190} INFO - [2025-03-07T11:04:50.979+0000] {dagbag.py:588} INFO - Filling up the DagBag from /home/airflow/.local/lib/python3.12/site-packages/airflow/example_dags/example_branch_python_dop_operator_3.py
[2025-03-07T11:04:51.060+0000] {processor.py:925} INFO - DAG(s) 'example_branch_dop_operator_v3' retrieved from /home/airflow/.local/lib/python3.12/site-packages/airflow/example_dags/example_branch_python_dop_operator_3.py
[2025-03-07T11:04:51.247+0000] {logging_mixin.py:190} INFO - [2025-03-07T11:04:51.247+0000] {dag.py:3239} INFO - Sync 1 DAGs
[2025-03-07T11:04:51.440+0000] {logging_mixin.py:190} INFO - [2025-03-07T11:04:51.440+0000] {dag.py:4180} INFO - Setting next_dagrun for example_branch_dop_operator_v3 to 2025-03-07 11:03:00+00:00, run_after=2025-03-07 11:04:00+00:00
[2025-03-07T11:04:52.322+0000] {processor.py:208} INFO - Processing /home/airflow/.local/lib/python3.12/site-packages/airflow/example_dags/example_branch_python_dop_operator_3.py took 1.449 seconds
[2025-03-07T11:05:23.954+0000] {processor.py:186} INFO - Started process (PID=1933) to work on /home/airflow/.local/lib/python3.12/site-packages/airflow/example_dags/example_branch_python_dop_operator_3.py
[2025-03-07T11:05:23.957+0000] {processor.py:914} INFO - Processing file /home/airflow/.local/lib/python3.12/site-packages/airflow/example_dags/example_branch_python_dop_operator_3.py for tasks to queue
[2025-03-07T11:05:23.972+0000] {logging_mixin.py:190} INFO - [2025-03-07T11:05:23.971+0000] {dagbag.py:588} INFO - Filling up the DagBag from /home/airflow/.local/lib/python3.12/site-packages/airflow/example_dags/example_branch_python_dop_operator_3.py
[2025-03-07T11:05:24.036+0000] {processor.py:925} INFO - DAG(s) 'example_branch_dop_operator_v3' retrieved from /home/airflow/.local/lib/python3.12/site-packages/airflow/example_dags/example_branch_python_dop_operator_3.py
[2025-03-07T11:05:24.147+0000] {logging_mixin.py:190} INFO - [2025-03-07T11:05:24.146+0000] {dag.py:3239} INFO - Sync 1 DAGs
[2025-03-07T11:05:24.422+0000] {logging_mixin.py:190} INFO - [2025-03-07T11:05:24.421+0000] {dag.py:4180} INFO - Setting next_dagrun for example_branch_dop_operator_v3 to 2025-03-07 11:04:00+00:00, run_after=2025-03-07 11:05:00+00:00
[2025-03-07T11:05:24.556+0000] {processor.py:208} INFO - Processing /home/airflow/.local/lib/python3.12/site-packages/airflow/example_dags/example_branch_python_dop_operator_3.py took 0.634 seconds
[2025-03-07T11:05:59.834+0000] {processor.py:186} INFO - Started process (PID=2001) to work on /home/airflow/.local/lib/python3.12/site-packages/airflow/example_dags/example_branch_python_dop_operator_3.py
[2025-03-07T11:05:59.836+0000] {processor.py:914} INFO - Processing file /home/airflow/.local/lib/python3.12/site-packages/airflow/example_dags/example_branch_python_dop_operator_3.py for tasks to queue
[2025-03-07T11:05:59.842+0000] {logging_mixin.py:190} INFO - [2025-03-07T11:05:59.841+0000] {dagbag.py:588} INFO - Filling up the DagBag from /home/airflow/.local/lib/python3.12/site-packages/airflow/example_dags/example_branch_python_dop_operator_3.py
[2025-03-07T11:05:59.875+0000] {processor.py:925} INFO - DAG(s) 'example_branch_dop_operator_v3' retrieved from /home/airflow/.local/lib/python3.12/site-packages/airflow/example_dags/example_branch_python_dop_operator_3.py
[2025-03-07T11:05:59.928+0000] {logging_mixin.py:190} INFO - [2025-03-07T11:05:59.928+0000] {dag.py:3239} INFO - Sync 1 DAGs
[2025-03-07T11:06:00.027+0000] {logging_mixin.py:190} INFO - [2025-03-07T11:06:00.026+0000] {dag.py:4180} INFO - Setting next_dagrun for example_branch_dop_operator_v3 to 2025-03-07 11:05:00+00:00, run_after=2025-03-07 11:06:00+00:00
[2025-03-07T11:06:00.088+0000] {processor.py:208} INFO - Processing /home/airflow/.local/lib/python3.12/site-packages/airflow/example_dags/example_branch_python_dop_operator_3.py took 0.271 seconds
[2025-03-07T11:06:31.568+0000] {processor.py:186} INFO - Started process (PID=2066) to work on /home/airflow/.local/lib/python3.12/site-packages/airflow/example_dags/example_branch_python_dop_operator_3.py
[2025-03-07T11:06:31.570+0000] {processor.py:914} INFO - Processing file /home/airflow/.local/lib/python3.12/site-packages/airflow/example_dags/example_branch_python_dop_operator_3.py for tasks to queue
[2025-03-07T11:06:31.574+0000] {logging_mixin.py:190} INFO - [2025-03-07T11:06:31.574+0000] {dagbag.py:588} INFO - Filling up the DagBag from /home/airflow/.local/lib/python3.12/site-packages/airflow/example_dags/example_branch_python_dop_operator_3.py
[2025-03-07T11:06:31.590+0000] {processor.py:925} INFO - DAG(s) 'example_branch_dop_operator_v3' retrieved from /home/airflow/.local/lib/python3.12/site-packages/airflow/example_dags/example_branch_python_dop_operator_3.py
[2025-03-07T11:06:31.616+0000] {logging_mixin.py:190} INFO - [2025-03-07T11:06:31.616+0000] {dag.py:3239} INFO - Sync 1 DAGs
[2025-03-07T11:06:31.657+0000] {logging_mixin.py:190} INFO - [2025-03-07T11:06:31.657+0000] {dag.py:4180} INFO - Setting next_dagrun for example_branch_dop_operator_v3 to 2025-03-07 11:05:00+00:00, run_after=2025-03-07 11:06:00+00:00
[2025-03-07T11:06:31.683+0000] {processor.py:208} INFO - Processing /home/airflow/.local/lib/python3.12/site-packages/airflow/example_dags/example_branch_python_dop_operator_3.py took 0.123 seconds
[2025-03-07T11:07:03.410+0000] {processor.py:186} INFO - Started process (PID=2130) to work on /home/airflow/.local/lib/python3.12/site-packages/airflow/example_dags/example_branch_python_dop_operator_3.py
[2025-03-07T11:07:03.412+0000] {processor.py:914} INFO - Processing file /home/airflow/.local/lib/python3.12/site-packages/airflow/example_dags/example_branch_python_dop_operator_3.py for tasks to queue
[2025-03-07T11:07:03.417+0000] {logging_mixin.py:190} INFO - [2025-03-07T11:07:03.416+0000] {dagbag.py:588} INFO - Filling up the DagBag from /home/airflow/.local/lib/python3.12/site-packages/airflow/example_dags/example_branch_python_dop_operator_3.py
[2025-03-07T11:07:03.441+0000] {processor.py:925} INFO - DAG(s) 'example_branch_dop_operator_v3' retrieved from /home/airflow/.local/lib/python3.12/site-packages/airflow/example_dags/example_branch_python_dop_operator_3.py
[2025-03-07T11:07:03.486+0000] {logging_mixin.py:190} INFO - [2025-03-07T11:07:03.486+0000] {dag.py:3239} INFO - Sync 1 DAGs
[2025-03-07T11:07:03.562+0000] {logging_mixin.py:190} INFO - [2025-03-07T11:07:03.562+0000] {dag.py:4180} INFO - Setting next_dagrun for example_branch_dop_operator_v3 to 2025-03-07 11:06:00+00:00, run_after=2025-03-07 11:07:00+00:00
[2025-03-07T11:07:03.602+0000] {processor.py:208} INFO - Processing /home/airflow/.local/lib/python3.12/site-packages/airflow/example_dags/example_branch_python_dop_operator_3.py took 0.210 seconds
[2025-03-07T11:07:36.567+0000] {processor.py:186} INFO - Started process (PID=2199) to work on /home/airflow/.local/lib/python3.12/site-packages/airflow/example_dags/example_branch_python_dop_operator_3.py
[2025-03-07T11:07:36.569+0000] {processor.py:914} INFO - Processing file /home/airflow/.local/lib/python3.12/site-packages/airflow/example_dags/example_branch_python_dop_operator_3.py for tasks to queue
[2025-03-07T11:07:36.574+0000] {logging_mixin.py:190} INFO - [2025-03-07T11:07:36.573+0000] {dagbag.py:588} INFO - Filling up the DagBag from /home/airflow/.local/lib/python3.12/site-packages/airflow/example_dags/example_branch_python_dop_operator_3.py
[2025-03-07T11:07:36.601+0000] {processor.py:925} INFO - DAG(s) 'example_branch_dop_operator_v3' retrieved from /home/airflow/.local/lib/python3.12/site-packages/airflow/example_dags/example_branch_python_dop_operator_3.py
[2025-03-07T11:07:36.647+0000] {logging_mixin.py:190} INFO - [2025-03-07T11:07:36.646+0000] {dag.py:3239} INFO - Sync 1 DAGs
[2025-03-07T11:07:36.706+0000] {logging_mixin.py:190} INFO - [2025-03-07T11:07:36.706+0000] {dag.py:4180} INFO - Setting next_dagrun for example_branch_dop_operator_v3 to 2025-03-07 11:06:00+00:00, run_after=2025-03-07 11:07:00+00:00
[2025-03-07T11:07:36.743+0000] {processor.py:208} INFO - Processing /home/airflow/.local/lib/python3.12/site-packages/airflow/example_dags/example_branch_python_dop_operator_3.py took 0.192 seconds
[2025-03-07T11:08:08.086+0000] {processor.py:186} INFO - Started process (PID=2262) to work on /home/airflow/.local/lib/python3.12/site-packages/airflow/example_dags/example_branch_python_dop_operator_3.py
[2025-03-07T11:08:08.087+0000] {processor.py:914} INFO - Processing file /home/airflow/.local/lib/python3.12/site-packages/airflow/example_dags/example_branch_python_dop_operator_3.py for tasks to queue
[2025-03-07T11:08:08.094+0000] {logging_mixin.py:190} INFO - [2025-03-07T11:08:08.094+0000] {dagbag.py:588} INFO - Filling up the DagBag from /home/airflow/.local/lib/python3.12/site-packages/airflow/example_dags/example_branch_python_dop_operator_3.py
[2025-03-07T11:08:08.116+0000] {processor.py:925} INFO - DAG(s) 'example_branch_dop_operator_v3' retrieved from /home/airflow/.local/lib/python3.12/site-packages/airflow/example_dags/example_branch_python_dop_operator_3.py
[2025-03-07T11:08:08.155+0000] {logging_mixin.py:190} INFO - [2025-03-07T11:08:08.154+0000] {dag.py:3239} INFO - Sync 1 DAGs
[2025-03-07T11:08:08.231+0000] {logging_mixin.py:190} INFO - [2025-03-07T11:08:08.231+0000] {dag.py:4180} INFO - Setting next_dagrun for example_branch_dop_operator_v3 to 2025-03-07 11:07:00+00:00, run_after=2025-03-07 11:08:00+00:00
[2025-03-07T11:08:08.272+0000] {processor.py:208} INFO - Processing /home/airflow/.local/lib/python3.12/site-packages/airflow/example_dags/example_branch_python_dop_operator_3.py took 0.196 seconds
[2025-03-07T11:08:40.591+0000] {processor.py:186} INFO - Started process (PID=2325) to work on /home/airflow/.local/lib/python3.12/site-packages/airflow/example_dags/example_branch_python_dop_operator_3.py
[2025-03-07T11:08:40.594+0000] {processor.py:914} INFO - Processing file /home/airflow/.local/lib/python3.12/site-packages/airflow/example_dags/example_branch_python_dop_operator_3.py for tasks to queue
[2025-03-07T11:08:40.608+0000] {logging_mixin.py:190} INFO - [2025-03-07T11:08:40.608+0000] {dagbag.py:588} INFO - Filling up the DagBag from /home/airflow/.local/lib/python3.12/site-packages/airflow/example_dags/example_branch_python_dop_operator_3.py
[2025-03-07T11:08:40.654+0000] {processor.py:925} INFO - DAG(s) 'example_branch_dop_operator_v3' retrieved from /home/airflow/.local/lib/python3.12/site-packages/airflow/example_dags/example_branch_python_dop_operator_3.py
[2025-03-07T11:08:40.714+0000] {logging_mixin.py:190} INFO - [2025-03-07T11:08:40.713+0000] {dag.py:3239} INFO - Sync 1 DAGs
[2025-03-07T11:08:40.812+0000] {logging_mixin.py:190} INFO - [2025-03-07T11:08:40.812+0000] {dag.py:4180} INFO - Setting next_dagrun for example_branch_dop_operator_v3 to 2025-03-07 11:07:00+00:00, run_after=2025-03-07 11:08:00+00:00
[2025-03-07T11:08:40.886+0000] {processor.py:208} INFO - Processing /home/airflow/.local/lib/python3.12/site-packages/airflow/example_dags/example_branch_python_dop_operator_3.py took 0.314 seconds
[2025-03-07T11:09:12.501+0000] {processor.py:186} INFO - Started process (PID=2388) to work on /home/airflow/.local/lib/python3.12/site-packages/airflow/example_dags/example_branch_python_dop_operator_3.py
[2025-03-07T11:09:12.503+0000] {processor.py:914} INFO - Processing file /home/airflow/.local/lib/python3.12/site-packages/airflow/example_dags/example_branch_python_dop_operator_3.py for tasks to queue
[2025-03-07T11:09:12.508+0000] {logging_mixin.py:190} INFO - [2025-03-07T11:09:12.507+0000] {dagbag.py:588} INFO - Filling up the DagBag from /home/airflow/.local/lib/python3.12/site-packages/airflow/example_dags/example_branch_python_dop_operator_3.py
[2025-03-07T11:09:12.529+0000] {processor.py:925} INFO - DAG(s) 'example_branch_dop_operator_v3' retrieved from /home/airflow/.local/lib/python3.12/site-packages/airflow/example_dags/example_branch_python_dop_operator_3.py
[2025-03-07T11:09:12.572+0000] {logging_mixin.py:190} INFO - [2025-03-07T11:09:12.572+0000] {dag.py:3239} INFO - Sync 1 DAGs
[2025-03-07T11:09:12.671+0000] {logging_mixin.py:190} INFO - [2025-03-07T11:09:12.670+0000] {dag.py:4180} INFO - Setting next_dagrun for example_branch_dop_operator_v3 to 2025-03-07 11:08:00+00:00, run_after=2025-03-07 11:09:00+00:00
[2025-03-07T11:09:12.720+0000] {processor.py:208} INFO - Processing /home/airflow/.local/lib/python3.12/site-packages/airflow/example_dags/example_branch_python_dop_operator_3.py took 0.231 seconds
[2025-03-07T11:09:44.193+0000] {processor.py:186} INFO - Started process (PID=2451) to work on /home/airflow/.local/lib/python3.12/site-packages/airflow/example_dags/example_branch_python_dop_operator_3.py
[2025-03-07T11:09:44.199+0000] {processor.py:914} INFO - Processing file /home/airflow/.local/lib/python3.12/site-packages/airflow/example_dags/example_branch_python_dop_operator_3.py for tasks to queue
[2025-03-07T11:09:44.218+0000] {logging_mixin.py:190} INFO - [2025-03-07T11:09:44.218+0000] {dagbag.py:588} INFO - Filling up the DagBag from /home/airflow/.local/lib/python3.12/site-packages/airflow/example_dags/example_branch_python_dop_operator_3.py
[2025-03-07T11:09:44.323+0000] {processor.py:925} INFO - DAG(s) 'example_branch_dop_operator_v3' retrieved from /home/airflow/.local/lib/python3.12/site-packages/airflow/example_dags/example_branch_python_dop_operator_3.py
[2025-03-07T11:09:44.368+0000] {logging_mixin.py:190} INFO - [2025-03-07T11:09:44.367+0000] {dag.py:3239} INFO - Sync 1 DAGs
[2025-03-07T11:09:44.453+0000] {logging_mixin.py:190} INFO - [2025-03-07T11:09:44.453+0000] {dag.py:4180} INFO - Setting next_dagrun for example_branch_dop_operator_v3 to 2025-03-07 11:08:00+00:00, run_after=2025-03-07 11:09:00+00:00
[2025-03-07T11:09:44.515+0000] {processor.py:208} INFO - Processing /home/airflow/.local/lib/python3.12/site-packages/airflow/example_dags/example_branch_python_dop_operator_3.py took 0.350 seconds
[2025-03-07T11:10:15.183+0000] {processor.py:186} INFO - Started process (PID=2514) to work on /home/airflow/.local/lib/python3.12/site-packages/airflow/example_dags/example_branch_python_dop_operator_3.py
[2025-03-07T11:10:15.186+0000] {processor.py:914} INFO - Processing file /home/airflow/.local/lib/python3.12/site-packages/airflow/example_dags/example_branch_python_dop_operator_3.py for tasks to queue
[2025-03-07T11:10:15.191+0000] {logging_mixin.py:190} INFO - [2025-03-07T11:10:15.190+0000] {dagbag.py:588} INFO - Filling up the DagBag from /home/airflow/.local/lib/python3.12/site-packages/airflow/example_dags/example_branch_python_dop_operator_3.py
[2025-03-07T11:10:15.220+0000] {processor.py:925} INFO - DAG(s) 'example_branch_dop_operator_v3' retrieved from /home/airflow/.local/lib/python3.12/site-packages/airflow/example_dags/example_branch_python_dop_operator_3.py
[2025-03-07T11:10:15.266+0000] {logging_mixin.py:190} INFO - [2025-03-07T11:10:15.265+0000] {dag.py:3239} INFO - Sync 1 DAGs
[2025-03-07T11:10:15.345+0000] {logging_mixin.py:190} INFO - [2025-03-07T11:10:15.344+0000] {dag.py:4180} INFO - Setting next_dagrun for example_branch_dop_operator_v3 to 2025-03-07 11:09:00+00:00, run_after=2025-03-07 11:10:00+00:00
[2025-03-07T11:10:15.389+0000] {processor.py:208} INFO - Processing /home/airflow/.local/lib/python3.12/site-packages/airflow/example_dags/example_branch_python_dop_operator_3.py took 0.226 seconds
[2025-03-07T11:10:45.513+0000] {processor.py:186} INFO - Started process (PID=2576) to work on /home/airflow/.local/lib/python3.12/site-packages/airflow/example_dags/example_branch_python_dop_operator_3.py
[2025-03-07T11:10:45.515+0000] {processor.py:914} INFO - Processing file /home/airflow/.local/lib/python3.12/site-packages/airflow/example_dags/example_branch_python_dop_operator_3.py for tasks to queue
[2025-03-07T11:10:45.519+0000] {logging_mixin.py:190} INFO - [2025-03-07T11:10:45.519+0000] {dagbag.py:588} INFO - Filling up the DagBag from /home/airflow/.local/lib/python3.12/site-packages/airflow/example_dags/example_branch_python_dop_operator_3.py
[2025-03-07T11:10:45.544+0000] {processor.py:925} INFO - DAG(s) 'example_branch_dop_operator_v3' retrieved from /home/airflow/.local/lib/python3.12/site-packages/airflow/example_dags/example_branch_python_dop_operator_3.py
[2025-03-07T11:10:45.593+0000] {logging_mixin.py:190} INFO - [2025-03-07T11:10:45.593+0000] {dag.py:3239} INFO - Sync 1 DAGs
[2025-03-07T11:10:45.683+0000] {logging_mixin.py:190} INFO - [2025-03-07T11:10:45.683+0000] {dag.py:4180} INFO - Setting next_dagrun for example_branch_dop_operator_v3 to 2025-03-07 11:09:00+00:00, run_after=2025-03-07 11:10:00+00:00
[2025-03-07T11:10:45.724+0000] {processor.py:208} INFO - Processing /home/airflow/.local/lib/python3.12/site-packages/airflow/example_dags/example_branch_python_dop_operator_3.py took 0.226 seconds
[2025-03-07T11:11:16.177+0000] {processor.py:186} INFO - Started process (PID=2638) to work on /home/airflow/.local/lib/python3.12/site-packages/airflow/example_dags/example_branch_python_dop_operator_3.py
[2025-03-07T11:11:16.189+0000] {processor.py:914} INFO - Processing file /home/airflow/.local/lib/python3.12/site-packages/airflow/example_dags/example_branch_python_dop_operator_3.py for tasks to queue
[2025-03-07T11:11:16.198+0000] {logging_mixin.py:190} INFO - [2025-03-07T11:11:16.194+0000] {dagbag.py:588} INFO - Filling up the DagBag from /home/airflow/.local/lib/python3.12/site-packages/airflow/example_dags/example_branch_python_dop_operator_3.py
[2025-03-07T11:11:16.235+0000] {processor.py:925} INFO - DAG(s) 'example_branch_dop_operator_v3' retrieved from /home/airflow/.local/lib/python3.12/site-packages/airflow/example_dags/example_branch_python_dop_operator_3.py
[2025-03-07T11:11:16.301+0000] {logging_mixin.py:190} INFO - [2025-03-07T11:11:16.301+0000] {dag.py:3239} INFO - Sync 1 DAGs
[2025-03-07T11:11:16.402+0000] {logging_mixin.py:190} INFO - [2025-03-07T11:11:16.401+0000] {dag.py:4180} INFO - Setting next_dagrun for example_branch_dop_operator_v3 to 2025-03-07 11:10:00+00:00, run_after=2025-03-07 11:11:00+00:00
[2025-03-07T11:11:16.513+0000] {processor.py:208} INFO - Processing /home/airflow/.local/lib/python3.12/site-packages/airflow/example_dags/example_branch_python_dop_operator_3.py took 0.354 seconds
[2025-03-07T11:11:47.456+0000] {processor.py:186} INFO - Started process (PID=2701) to work on /home/airflow/.local/lib/python3.12/site-packages/airflow/example_dags/example_branch_python_dop_operator_3.py
[2025-03-07T11:11:47.458+0000] {processor.py:914} INFO - Processing file /home/airflow/.local/lib/python3.12/site-packages/airflow/example_dags/example_branch_python_dop_operator_3.py for tasks to queue
[2025-03-07T11:11:47.461+0000] {logging_mixin.py:190} INFO - [2025-03-07T11:11:47.461+0000] {dagbag.py:588} INFO - Filling up the DagBag from /home/airflow/.local/lib/python3.12/site-packages/airflow/example_dags/example_branch_python_dop_operator_3.py
[2025-03-07T11:11:47.474+0000] {processor.py:925} INFO - DAG(s) 'example_branch_dop_operator_v3' retrieved from /home/airflow/.local/lib/python3.12/site-packages/airflow/example_dags/example_branch_python_dop_operator_3.py
[2025-03-07T11:11:47.502+0000] {logging_mixin.py:190} INFO - [2025-03-07T11:11:47.502+0000] {dag.py:3239} INFO - Sync 1 DAGs
[2025-03-07T11:11:47.545+0000] {logging_mixin.py:190} INFO - [2025-03-07T11:11:47.545+0000] {dag.py:4180} INFO - Setting next_dagrun for example_branch_dop_operator_v3 to 2025-03-07 11:10:00+00:00, run_after=2025-03-07 11:11:00+00:00
[2025-03-07T11:11:47.572+0000] {processor.py:208} INFO - Processing /home/airflow/.local/lib/python3.12/site-packages/airflow/example_dags/example_branch_python_dop_operator_3.py took 0.122 seconds
[2025-03-07T11:12:17.943+0000] {processor.py:186} INFO - Started process (PID=2764) to work on /home/airflow/.local/lib/python3.12/site-packages/airflow/example_dags/example_branch_python_dop_operator_3.py
[2025-03-07T11:12:17.944+0000] {processor.py:914} INFO - Processing file /home/airflow/.local/lib/python3.12/site-packages/airflow/example_dags/example_branch_python_dop_operator_3.py for tasks to queue
[2025-03-07T11:12:17.948+0000] {logging_mixin.py:190} INFO - [2025-03-07T11:12:17.947+0000] {dagbag.py:588} INFO - Filling up the DagBag from /home/airflow/.local/lib/python3.12/site-packages/airflow/example_dags/example_branch_python_dop_operator_3.py
[2025-03-07T11:12:17.963+0000] {processor.py:925} INFO - DAG(s) 'example_branch_dop_operator_v3' retrieved from /home/airflow/.local/lib/python3.12/site-packages/airflow/example_dags/example_branch_python_dop_operator_3.py
[2025-03-07T11:12:17.994+0000] {logging_mixin.py:190} INFO - [2025-03-07T11:12:17.994+0000] {dag.py:3239} INFO - Sync 1 DAGs
[2025-03-07T11:12:18.038+0000] {logging_mixin.py:190} INFO - [2025-03-07T11:12:18.037+0000] {dag.py:4180} INFO - Setting next_dagrun for example_branch_dop_operator_v3 to 2025-03-07 11:11:00+00:00, run_after=2025-03-07 11:12:00+00:00
[2025-03-07T11:12:18.066+0000] {processor.py:208} INFO - Processing /home/airflow/.local/lib/python3.12/site-packages/airflow/example_dags/example_branch_python_dop_operator_3.py took 0.132 seconds
[2025-03-07T11:12:48.409+0000] {processor.py:186} INFO - Started process (PID=2827) to work on /home/airflow/.local/lib/python3.12/site-packages/airflow/example_dags/example_branch_python_dop_operator_3.py
[2025-03-07T11:12:48.411+0000] {processor.py:914} INFO - Processing file /home/airflow/.local/lib/python3.12/site-packages/airflow/example_dags/example_branch_python_dop_operator_3.py for tasks to queue
[2025-03-07T11:12:48.416+0000] {logging_mixin.py:190} INFO - [2025-03-07T11:12:48.415+0000] {dagbag.py:588} INFO - Filling up the DagBag from /home/airflow/.local/lib/python3.12/site-packages/airflow/example_dags/example_branch_python_dop_operator_3.py
[2025-03-07T11:12:48.438+0000] {processor.py:925} INFO - DAG(s) 'example_branch_dop_operator_v3' retrieved from /home/airflow/.local/lib/python3.12/site-packages/airflow/example_dags/example_branch_python_dop_operator_3.py
[2025-03-07T11:12:48.477+0000] {logging_mixin.py:190} INFO - [2025-03-07T11:12:48.476+0000] {dag.py:3239} INFO - Sync 1 DAGs
[2025-03-07T11:12:48.542+0000] {logging_mixin.py:190} INFO - [2025-03-07T11:12:48.542+0000] {dag.py:4180} INFO - Setting next_dagrun for example_branch_dop_operator_v3 to 2025-03-07 11:11:00+00:00, run_after=2025-03-07 11:12:00+00:00
[2025-03-07T11:12:48.582+0000] {processor.py:208} INFO - Processing /home/airflow/.local/lib/python3.12/site-packages/airflow/example_dags/example_branch_python_dop_operator_3.py took 0.192 seconds
[2025-03-07T11:13:22.269+0000] {processor.py:186} INFO - Started process (PID=2890) to work on /home/airflow/.local/lib/python3.12/site-packages/airflow/example_dags/example_branch_python_dop_operator_3.py
[2025-03-07T11:13:22.272+0000] {processor.py:914} INFO - Processing file /home/airflow/.local/lib/python3.12/site-packages/airflow/example_dags/example_branch_python_dop_operator_3.py for tasks to queue
[2025-03-07T11:13:22.280+0000] {logging_mixin.py:190} INFO - [2025-03-07T11:13:22.279+0000] {dagbag.py:588} INFO - Filling up the DagBag from /home/airflow/.local/lib/python3.12/site-packages/airflow/example_dags/example_branch_python_dop_operator_3.py
[2025-03-07T11:13:22.311+0000] {processor.py:925} INFO - DAG(s) 'example_branch_dop_operator_v3' retrieved from /home/airflow/.local/lib/python3.12/site-packages/airflow/example_dags/example_branch_python_dop_operator_3.py
[2025-03-07T11:13:22.365+0000] {logging_mixin.py:190} INFO - [2025-03-07T11:13:22.365+0000] {dag.py:3239} INFO - Sync 1 DAGs
[2025-03-07T11:13:22.453+0000] {logging_mixin.py:190} INFO - [2025-03-07T11:13:22.452+0000] {dag.py:4180} INFO - Setting next_dagrun for example_branch_dop_operator_v3 to 2025-03-07 11:12:00+00:00, run_after=2025-03-07 11:13:00+00:00
[2025-03-07T11:13:22.510+0000] {processor.py:208} INFO - Processing /home/airflow/.local/lib/python3.12/site-packages/airflow/example_dags/example_branch_python_dop_operator_3.py took 0.256 seconds
