[2025-03-07T10:49:27.892+0000] {processor.py:186} INFO - Started process (PID=97) to work on /home/airflow/.local/lib/python3.12/site-packages/airflow/example_dags/example_sla_dag.py
[2025-03-07T10:49:27.894+0000] {processor.py:914} INFO - Processing file /home/airflow/.local/lib/python3.12/site-packages/airflow/example_dags/example_sla_dag.py for tasks to queue
[2025-03-07T10:49:27.899+0000] {logging_mixin.py:190} INFO - [2025-03-07T10:49:27.898+0000] {dagbag.py:588} INFO - Filling up the DagBag from /home/airflow/.local/lib/python3.12/site-packages/airflow/example_dags/example_sla_dag.py
[2025-03-07T10:49:27.923+0000] {processor.py:925} INFO - DAG(s) 'example_sla_dag' retrieved from /home/airflow/.local/lib/python3.12/site-packages/airflow/example_dags/example_sla_dag.py
[2025-03-07T10:49:28.133+0000] {logging_mixin.py:190} INFO - [2025-03-07T10:49:28.131+0000] {override.py:1912} INFO - Created Permission View: can delete on DAG:example_sla_dag
[2025-03-07T10:49:28.156+0000] {logging_mixin.py:190} INFO - [2025-03-07T10:49:28.155+0000] {override.py:1912} INFO - Created Permission View: can read on DAG:example_sla_dag
[2025-03-07T10:49:28.168+0000] {logging_mixin.py:190} INFO - [2025-03-07T10:49:28.168+0000] {override.py:1912} INFO - Created Permission View: can edit on DAG:example_sla_dag
[2025-03-07T10:49:28.181+0000] {logging_mixin.py:190} INFO - [2025-03-07T10:49:28.180+0000] {override.py:1912} INFO - Created Permission View: can delete on DAG Run:example_sla_dag
[2025-03-07T10:49:28.193+0000] {logging_mixin.py:190} INFO - [2025-03-07T10:49:28.193+0000] {override.py:1912} INFO - Created Permission View: can create on DAG Run:example_sla_dag
[2025-03-07T10:49:28.205+0000] {logging_mixin.py:190} INFO - [2025-03-07T10:49:28.203+0000] {override.py:1912} INFO - Created Permission View: menu access on DAG Run:example_sla_dag
[2025-03-07T10:49:28.218+0000] {logging_mixin.py:190} INFO - [2025-03-07T10:49:28.217+0000] {override.py:1912} INFO - Created Permission View: can read on DAG Run:example_sla_dag
[2025-03-07T10:49:28.220+0000] {logging_mixin.py:190} INFO - [2025-03-07T10:49:28.219+0000] {dag.py:3239} INFO - Sync 1 DAGs
[2025-03-07T10:49:28.245+0000] {logging_mixin.py:190} INFO - [2025-03-07T10:49:28.244+0000] {dag.py:3262} INFO - Creating ORM DAG for example_sla_dag
[2025-03-07T10:49:28.269+0000] {logging_mixin.py:190} INFO - [2025-03-07T10:49:28.268+0000] {dag.py:4180} INFO - Setting next_dagrun for example_sla_dag to 2025-03-07 10:46:00+00:00, run_after=2025-03-07 10:48:00+00:00
[2025-03-07T10:49:28.295+0000] {processor.py:208} INFO - Processing /home/airflow/.local/lib/python3.12/site-packages/airflow/example_dags/example_sla_dag.py took 0.412 seconds
[2025-03-07T10:49:59.760+0000] {processor.py:186} INFO - Started process (PID=161) to work on /home/airflow/.local/lib/python3.12/site-packages/airflow/example_dags/example_sla_dag.py
[2025-03-07T10:49:59.762+0000] {processor.py:914} INFO - Processing file /home/airflow/.local/lib/python3.12/site-packages/airflow/example_dags/example_sla_dag.py for tasks to queue
[2025-03-07T10:49:59.765+0000] {logging_mixin.py:190} INFO - [2025-03-07T10:49:59.765+0000] {dagbag.py:588} INFO - Filling up the DagBag from /home/airflow/.local/lib/python3.12/site-packages/airflow/example_dags/example_sla_dag.py
[2025-03-07T10:49:59.778+0000] {processor.py:925} INFO - DAG(s) 'example_sla_dag' retrieved from /home/airflow/.local/lib/python3.12/site-packages/airflow/example_dags/example_sla_dag.py
[2025-03-07T10:49:59.802+0000] {logging_mixin.py:190} INFO - [2025-03-07T10:49:59.801+0000] {dag.py:3239} INFO - Sync 1 DAGs
[2025-03-07T10:49:59.837+0000] {logging_mixin.py:190} INFO - [2025-03-07T10:49:59.837+0000] {dag.py:4180} INFO - Setting next_dagrun for example_sla_dag to 2025-03-07 10:46:00+00:00, run_after=2025-03-07 10:48:00+00:00
[2025-03-07T10:49:59.876+0000] {processor.py:208} INFO - Processing /home/airflow/.local/lib/python3.12/site-packages/airflow/example_dags/example_sla_dag.py took 0.123 seconds
[2025-03-07T10:50:31.021+0000] {processor.py:186} INFO - Started process (PID=224) to work on /home/airflow/.local/lib/python3.12/site-packages/airflow/example_dags/example_sla_dag.py
[2025-03-07T10:50:31.022+0000] {processor.py:914} INFO - Processing file /home/airflow/.local/lib/python3.12/site-packages/airflow/example_dags/example_sla_dag.py for tasks to queue
[2025-03-07T10:50:31.025+0000] {logging_mixin.py:190} INFO - [2025-03-07T10:50:31.025+0000] {dagbag.py:588} INFO - Filling up the DagBag from /home/airflow/.local/lib/python3.12/site-packages/airflow/example_dags/example_sla_dag.py
[2025-03-07T10:50:31.037+0000] {processor.py:925} INFO - DAG(s) 'example_sla_dag' retrieved from /home/airflow/.local/lib/python3.12/site-packages/airflow/example_dags/example_sla_dag.py
[2025-03-07T10:50:31.057+0000] {logging_mixin.py:190} INFO - [2025-03-07T10:50:31.057+0000] {dag.py:3239} INFO - Sync 1 DAGs
[2025-03-07T10:50:31.088+0000] {logging_mixin.py:190} INFO - [2025-03-07T10:50:31.088+0000] {dag.py:4180} INFO - Setting next_dagrun for example_sla_dag to 2025-03-07 10:48:00+00:00, run_after=2025-03-07 10:50:00+00:00
[2025-03-07T10:50:31.112+0000] {processor.py:208} INFO - Processing /home/airflow/.local/lib/python3.12/site-packages/airflow/example_dags/example_sla_dag.py took 0.098 seconds
[2025-03-07T10:51:02.456+0000] {processor.py:186} INFO - Started process (PID=287) to work on /home/airflow/.local/lib/python3.12/site-packages/airflow/example_dags/example_sla_dag.py
[2025-03-07T10:51:02.458+0000] {processor.py:914} INFO - Processing file /home/airflow/.local/lib/python3.12/site-packages/airflow/example_dags/example_sla_dag.py for tasks to queue
[2025-03-07T10:51:02.463+0000] {logging_mixin.py:190} INFO - [2025-03-07T10:51:02.463+0000] {dagbag.py:588} INFO - Filling up the DagBag from /home/airflow/.local/lib/python3.12/site-packages/airflow/example_dags/example_sla_dag.py
[2025-03-07T10:51:02.495+0000] {processor.py:925} INFO - DAG(s) 'example_sla_dag' retrieved from /home/airflow/.local/lib/python3.12/site-packages/airflow/example_dags/example_sla_dag.py
[2025-03-07T10:51:02.527+0000] {logging_mixin.py:190} INFO - [2025-03-07T10:51:02.527+0000] {dag.py:3239} INFO - Sync 1 DAGs
[2025-03-07T10:51:02.573+0000] {logging_mixin.py:190} INFO - [2025-03-07T10:51:02.572+0000] {dag.py:4180} INFO - Setting next_dagrun for example_sla_dag to 2025-03-07 10:48:00+00:00, run_after=2025-03-07 10:50:00+00:00
[2025-03-07T10:51:02.602+0000] {processor.py:208} INFO - Processing /home/airflow/.local/lib/python3.12/site-packages/airflow/example_dags/example_sla_dag.py took 0.162 seconds
[2025-03-07T10:51:33.824+0000] {processor.py:186} INFO - Started process (PID=358) to work on /home/airflow/.local/lib/python3.12/site-packages/airflow/example_dags/example_sla_dag.py
[2025-03-07T10:51:33.826+0000] {processor.py:914} INFO - Processing file /home/airflow/.local/lib/python3.12/site-packages/airflow/example_dags/example_sla_dag.py for tasks to queue
[2025-03-07T10:51:33.830+0000] {logging_mixin.py:190} INFO - [2025-03-07T10:51:33.830+0000] {dagbag.py:588} INFO - Filling up the DagBag from /home/airflow/.local/lib/python3.12/site-packages/airflow/example_dags/example_sla_dag.py
[2025-03-07T10:51:33.849+0000] {processor.py:925} INFO - DAG(s) 'example_sla_dag' retrieved from /home/airflow/.local/lib/python3.12/site-packages/airflow/example_dags/example_sla_dag.py
[2025-03-07T10:51:33.878+0000] {logging_mixin.py:190} INFO - [2025-03-07T10:51:33.878+0000] {dag.py:3239} INFO - Sync 1 DAGs
[2025-03-07T10:51:33.938+0000] {logging_mixin.py:190} INFO - [2025-03-07T10:51:33.938+0000] {dag.py:4180} INFO - Setting next_dagrun for example_sla_dag to 2025-03-07 10:48:00+00:00, run_after=2025-03-07 10:50:00+00:00
[2025-03-07T10:51:33.984+0000] {processor.py:208} INFO - Processing /home/airflow/.local/lib/python3.12/site-packages/airflow/example_dags/example_sla_dag.py took 0.168 seconds
[2025-03-07T10:52:05.167+0000] {processor.py:186} INFO - Started process (PID=421) to work on /home/airflow/.local/lib/python3.12/site-packages/airflow/example_dags/example_sla_dag.py
[2025-03-07T10:52:05.169+0000] {processor.py:914} INFO - Processing file /home/airflow/.local/lib/python3.12/site-packages/airflow/example_dags/example_sla_dag.py for tasks to queue
[2025-03-07T10:52:05.174+0000] {logging_mixin.py:190} INFO - [2025-03-07T10:52:05.173+0000] {dagbag.py:588} INFO - Filling up the DagBag from /home/airflow/.local/lib/python3.12/site-packages/airflow/example_dags/example_sla_dag.py
[2025-03-07T10:52:05.185+0000] {processor.py:925} INFO - DAG(s) 'example_sla_dag' retrieved from /home/airflow/.local/lib/python3.12/site-packages/airflow/example_dags/example_sla_dag.py
[2025-03-07T10:52:05.206+0000] {logging_mixin.py:190} INFO - [2025-03-07T10:52:05.206+0000] {dag.py:3239} INFO - Sync 1 DAGs
[2025-03-07T10:52:05.232+0000] {logging_mixin.py:190} INFO - [2025-03-07T10:52:05.232+0000] {dag.py:4180} INFO - Setting next_dagrun for example_sla_dag to 2025-03-07 10:50:00+00:00, run_after=2025-03-07 10:52:00+00:00
[2025-03-07T10:52:05.250+0000] {processor.py:208} INFO - Processing /home/airflow/.local/lib/python3.12/site-packages/airflow/example_dags/example_sla_dag.py took 0.090 seconds
[2025-03-07T10:52:36.034+0000] {processor.py:186} INFO - Started process (PID=484) to work on /home/airflow/.local/lib/python3.12/site-packages/airflow/example_dags/example_sla_dag.py
[2025-03-07T10:52:36.035+0000] {processor.py:914} INFO - Processing file /home/airflow/.local/lib/python3.12/site-packages/airflow/example_dags/example_sla_dag.py for tasks to queue
[2025-03-07T10:52:36.037+0000] {logging_mixin.py:190} INFO - [2025-03-07T10:52:36.037+0000] {dagbag.py:588} INFO - Filling up the DagBag from /home/airflow/.local/lib/python3.12/site-packages/airflow/example_dags/example_sla_dag.py
[2025-03-07T10:52:36.047+0000] {processor.py:925} INFO - DAG(s) 'example_sla_dag' retrieved from /home/airflow/.local/lib/python3.12/site-packages/airflow/example_dags/example_sla_dag.py
[2025-03-07T10:52:36.067+0000] {logging_mixin.py:190} INFO - [2025-03-07T10:52:36.067+0000] {dag.py:3239} INFO - Sync 1 DAGs
[2025-03-07T10:52:36.095+0000] {logging_mixin.py:190} INFO - [2025-03-07T10:52:36.095+0000] {dag.py:4180} INFO - Setting next_dagrun for example_sla_dag to 2025-03-07 10:50:00+00:00, run_after=2025-03-07 10:52:00+00:00
[2025-03-07T10:52:36.114+0000] {processor.py:208} INFO - Processing /home/airflow/.local/lib/python3.12/site-packages/airflow/example_dags/example_sla_dag.py took 0.086 seconds
[2025-03-07T10:53:07.855+0000] {processor.py:186} INFO - Started process (PID=547) to work on /home/airflow/.local/lib/python3.12/site-packages/airflow/example_dags/example_sla_dag.py
[2025-03-07T10:53:07.856+0000] {processor.py:914} INFO - Processing file /home/airflow/.local/lib/python3.12/site-packages/airflow/example_dags/example_sla_dag.py for tasks to queue
[2025-03-07T10:53:07.859+0000] {logging_mixin.py:190} INFO - [2025-03-07T10:53:07.859+0000] {dagbag.py:588} INFO - Filling up the DagBag from /home/airflow/.local/lib/python3.12/site-packages/airflow/example_dags/example_sla_dag.py
[2025-03-07T10:53:07.874+0000] {processor.py:925} INFO - DAG(s) 'example_sla_dag' retrieved from /home/airflow/.local/lib/python3.12/site-packages/airflow/example_dags/example_sla_dag.py
[2025-03-07T10:53:07.903+0000] {logging_mixin.py:190} INFO - [2025-03-07T10:53:07.902+0000] {dag.py:3239} INFO - Sync 1 DAGs
[2025-03-07T10:53:07.947+0000] {logging_mixin.py:190} INFO - [2025-03-07T10:53:07.947+0000] {dag.py:4180} INFO - Setting next_dagrun for example_sla_dag to 2025-03-07 10:50:00+00:00, run_after=2025-03-07 10:52:00+00:00
[2025-03-07T10:53:07.983+0000] {processor.py:208} INFO - Processing /home/airflow/.local/lib/python3.12/site-packages/airflow/example_dags/example_sla_dag.py took 0.137 seconds
[2025-03-07T10:53:39.177+0000] {processor.py:186} INFO - Started process (PID=611) to work on /home/airflow/.local/lib/python3.12/site-packages/airflow/example_dags/example_sla_dag.py
[2025-03-07T10:53:39.178+0000] {processor.py:914} INFO - Processing file /home/airflow/.local/lib/python3.12/site-packages/airflow/example_dags/example_sla_dag.py for tasks to queue
[2025-03-07T10:53:39.181+0000] {logging_mixin.py:190} INFO - [2025-03-07T10:53:39.181+0000] {dagbag.py:588} INFO - Filling up the DagBag from /home/airflow/.local/lib/python3.12/site-packages/airflow/example_dags/example_sla_dag.py
[2025-03-07T10:53:39.195+0000] {processor.py:925} INFO - DAG(s) 'example_sla_dag' retrieved from /home/airflow/.local/lib/python3.12/site-packages/airflow/example_dags/example_sla_dag.py
[2025-03-07T10:53:39.217+0000] {logging_mixin.py:190} INFO - [2025-03-07T10:53:39.217+0000] {dag.py:3239} INFO - Sync 1 DAGs
[2025-03-07T10:53:39.251+0000] {logging_mixin.py:190} INFO - [2025-03-07T10:53:39.251+0000] {dag.py:4180} INFO - Setting next_dagrun for example_sla_dag to 2025-03-07 10:50:00+00:00, run_after=2025-03-07 10:52:00+00:00
[2025-03-07T10:53:39.275+0000] {processor.py:208} INFO - Processing /home/airflow/.local/lib/python3.12/site-packages/airflow/example_dags/example_sla_dag.py took 0.106 seconds
[2025-03-07T10:54:10.284+0000] {processor.py:186} INFO - Started process (PID=674) to work on /home/airflow/.local/lib/python3.12/site-packages/airflow/example_dags/example_sla_dag.py
[2025-03-07T10:54:10.285+0000] {processor.py:914} INFO - Processing file /home/airflow/.local/lib/python3.12/site-packages/airflow/example_dags/example_sla_dag.py for tasks to queue
[2025-03-07T10:54:10.288+0000] {logging_mixin.py:190} INFO - [2025-03-07T10:54:10.288+0000] {dagbag.py:588} INFO - Filling up the DagBag from /home/airflow/.local/lib/python3.12/site-packages/airflow/example_dags/example_sla_dag.py
[2025-03-07T10:54:10.300+0000] {processor.py:925} INFO - DAG(s) 'example_sla_dag' retrieved from /home/airflow/.local/lib/python3.12/site-packages/airflow/example_dags/example_sla_dag.py
[2025-03-07T10:54:10.323+0000] {logging_mixin.py:190} INFO - [2025-03-07T10:54:10.323+0000] {dag.py:3239} INFO - Sync 1 DAGs
[2025-03-07T10:54:10.356+0000] {logging_mixin.py:190} INFO - [2025-03-07T10:54:10.355+0000] {dag.py:4180} INFO - Setting next_dagrun for example_sla_dag to 2025-03-07 10:52:00+00:00, run_after=2025-03-07 10:54:00+00:00
[2025-03-07T10:54:10.378+0000] {processor.py:208} INFO - Processing /home/airflow/.local/lib/python3.12/site-packages/airflow/example_dags/example_sla_dag.py took 0.101 seconds
[2025-03-07T10:54:41.633+0000] {processor.py:186} INFO - Started process (PID=737) to work on /home/airflow/.local/lib/python3.12/site-packages/airflow/example_dags/example_sla_dag.py
[2025-03-07T10:54:41.635+0000] {processor.py:914} INFO - Processing file /home/airflow/.local/lib/python3.12/site-packages/airflow/example_dags/example_sla_dag.py for tasks to queue
[2025-03-07T10:54:41.638+0000] {logging_mixin.py:190} INFO - [2025-03-07T10:54:41.638+0000] {dagbag.py:588} INFO - Filling up the DagBag from /home/airflow/.local/lib/python3.12/site-packages/airflow/example_dags/example_sla_dag.py
[2025-03-07T10:54:41.662+0000] {processor.py:925} INFO - DAG(s) 'example_sla_dag' retrieved from /home/airflow/.local/lib/python3.12/site-packages/airflow/example_dags/example_sla_dag.py
[2025-03-07T10:54:41.695+0000] {logging_mixin.py:190} INFO - [2025-03-07T10:54:41.695+0000] {dag.py:3239} INFO - Sync 1 DAGs
[2025-03-07T10:54:41.740+0000] {logging_mixin.py:190} INFO - [2025-03-07T10:54:41.740+0000] {dag.py:4180} INFO - Setting next_dagrun for example_sla_dag to 2025-03-07 10:52:00+00:00, run_after=2025-03-07 10:54:00+00:00
[2025-03-07T10:54:41.773+0000] {processor.py:208} INFO - Processing /home/airflow/.local/lib/python3.12/site-packages/airflow/example_dags/example_sla_dag.py took 0.154 seconds
[2025-03-07T10:55:13.306+0000] {processor.py:186} INFO - Started process (PID=800) to work on /home/airflow/.local/lib/python3.12/site-packages/airflow/example_dags/example_sla_dag.py
[2025-03-07T10:55:13.307+0000] {processor.py:914} INFO - Processing file /home/airflow/.local/lib/python3.12/site-packages/airflow/example_dags/example_sla_dag.py for tasks to queue
[2025-03-07T10:55:13.309+0000] {logging_mixin.py:190} INFO - [2025-03-07T10:55:13.309+0000] {dagbag.py:588} INFO - Filling up the DagBag from /home/airflow/.local/lib/python3.12/site-packages/airflow/example_dags/example_sla_dag.py
[2025-03-07T10:55:13.320+0000] {processor.py:925} INFO - DAG(s) 'example_sla_dag' retrieved from /home/airflow/.local/lib/python3.12/site-packages/airflow/example_dags/example_sla_dag.py
[2025-03-07T10:55:13.341+0000] {logging_mixin.py:190} INFO - [2025-03-07T10:55:13.341+0000] {dag.py:3239} INFO - Sync 1 DAGs
[2025-03-07T10:55:13.376+0000] {logging_mixin.py:190} INFO - [2025-03-07T10:55:13.376+0000] {dag.py:4180} INFO - Setting next_dagrun for example_sla_dag to 2025-03-07 10:52:00+00:00, run_after=2025-03-07 10:54:00+00:00
[2025-03-07T10:55:13.403+0000] {processor.py:208} INFO - Processing /home/airflow/.local/lib/python3.12/site-packages/airflow/example_dags/example_sla_dag.py took 0.104 seconds
[2025-03-07T10:55:45.001+0000] {processor.py:186} INFO - Started process (PID=863) to work on /home/airflow/.local/lib/python3.12/site-packages/airflow/example_dags/example_sla_dag.py
[2025-03-07T10:55:45.003+0000] {processor.py:914} INFO - Processing file /home/airflow/.local/lib/python3.12/site-packages/airflow/example_dags/example_sla_dag.py for tasks to queue
[2025-03-07T10:55:45.011+0000] {logging_mixin.py:190} INFO - [2025-03-07T10:55:45.010+0000] {dagbag.py:588} INFO - Filling up the DagBag from /home/airflow/.local/lib/python3.12/site-packages/airflow/example_dags/example_sla_dag.py
[2025-03-07T10:55:45.025+0000] {processor.py:925} INFO - DAG(s) 'example_sla_dag' retrieved from /home/airflow/.local/lib/python3.12/site-packages/airflow/example_dags/example_sla_dag.py
[2025-03-07T10:55:45.045+0000] {logging_mixin.py:190} INFO - [2025-03-07T10:55:45.044+0000] {dag.py:3239} INFO - Sync 1 DAGs
[2025-03-07T10:55:45.076+0000] {logging_mixin.py:190} INFO - [2025-03-07T10:55:45.076+0000] {dag.py:4180} INFO - Setting next_dagrun for example_sla_dag to 2025-03-07 10:52:00+00:00, run_after=2025-03-07 10:54:00+00:00
[2025-03-07T10:55:45.098+0000] {processor.py:208} INFO - Processing /home/airflow/.local/lib/python3.12/site-packages/airflow/example_dags/example_sla_dag.py took 0.105 seconds
[2025-03-07T10:56:16.729+0000] {processor.py:186} INFO - Started process (PID=926) to work on /home/airflow/.local/lib/python3.12/site-packages/airflow/example_dags/example_sla_dag.py
[2025-03-07T10:56:16.730+0000] {processor.py:914} INFO - Processing file /home/airflow/.local/lib/python3.12/site-packages/airflow/example_dags/example_sla_dag.py for tasks to queue
[2025-03-07T10:56:16.734+0000] {logging_mixin.py:190} INFO - [2025-03-07T10:56:16.733+0000] {dagbag.py:588} INFO - Filling up the DagBag from /home/airflow/.local/lib/python3.12/site-packages/airflow/example_dags/example_sla_dag.py
[2025-03-07T10:56:16.749+0000] {processor.py:925} INFO - DAG(s) 'example_sla_dag' retrieved from /home/airflow/.local/lib/python3.12/site-packages/airflow/example_dags/example_sla_dag.py
[2025-03-07T10:56:16.782+0000] {logging_mixin.py:190} INFO - [2025-03-07T10:56:16.780+0000] {dag.py:3239} INFO - Sync 1 DAGs
[2025-03-07T10:56:16.825+0000] {logging_mixin.py:190} INFO - [2025-03-07T10:56:16.825+0000] {dag.py:4180} INFO - Setting next_dagrun for example_sla_dag to 2025-03-07 10:54:00+00:00, run_after=2025-03-07 10:56:00+00:00
[2025-03-07T10:56:16.849+0000] {processor.py:208} INFO - Processing /home/airflow/.local/lib/python3.12/site-packages/airflow/example_dags/example_sla_dag.py took 0.129 seconds
[2025-03-07T10:56:48.618+0000] {processor.py:186} INFO - Started process (PID=989) to work on /home/airflow/.local/lib/python3.12/site-packages/airflow/example_dags/example_sla_dag.py
[2025-03-07T10:56:48.621+0000] {processor.py:914} INFO - Processing file /home/airflow/.local/lib/python3.12/site-packages/airflow/example_dags/example_sla_dag.py for tasks to queue
[2025-03-07T10:56:48.625+0000] {logging_mixin.py:190} INFO - [2025-03-07T10:56:48.625+0000] {dagbag.py:588} INFO - Filling up the DagBag from /home/airflow/.local/lib/python3.12/site-packages/airflow/example_dags/example_sla_dag.py
[2025-03-07T10:56:48.646+0000] {processor.py:925} INFO - DAG(s) 'example_sla_dag' retrieved from /home/airflow/.local/lib/python3.12/site-packages/airflow/example_dags/example_sla_dag.py
[2025-03-07T10:56:48.689+0000] {logging_mixin.py:190} INFO - [2025-03-07T10:56:48.689+0000] {dag.py:3239} INFO - Sync 1 DAGs
[2025-03-07T10:56:48.757+0000] {logging_mixin.py:190} INFO - [2025-03-07T10:56:48.757+0000] {dag.py:4180} INFO - Setting next_dagrun for example_sla_dag to 2025-03-07 10:54:00+00:00, run_after=2025-03-07 10:56:00+00:00
[2025-03-07T10:56:48.803+0000] {processor.py:208} INFO - Processing /home/airflow/.local/lib/python3.12/site-packages/airflow/example_dags/example_sla_dag.py took 0.197 seconds
[2025-03-07T10:57:19.822+0000] {processor.py:186} INFO - Started process (PID=1052) to work on /home/airflow/.local/lib/python3.12/site-packages/airflow/example_dags/example_sla_dag.py
[2025-03-07T10:57:19.823+0000] {processor.py:914} INFO - Processing file /home/airflow/.local/lib/python3.12/site-packages/airflow/example_dags/example_sla_dag.py for tasks to queue
[2025-03-07T10:57:19.826+0000] {logging_mixin.py:190} INFO - [2025-03-07T10:57:19.825+0000] {dagbag.py:588} INFO - Filling up the DagBag from /home/airflow/.local/lib/python3.12/site-packages/airflow/example_dags/example_sla_dag.py
[2025-03-07T10:57:19.844+0000] {processor.py:925} INFO - DAG(s) 'example_sla_dag' retrieved from /home/airflow/.local/lib/python3.12/site-packages/airflow/example_dags/example_sla_dag.py
[2025-03-07T10:57:19.868+0000] {logging_mixin.py:190} INFO - [2025-03-07T10:57:19.868+0000] {dag.py:3239} INFO - Sync 1 DAGs
[2025-03-07T10:57:19.908+0000] {logging_mixin.py:190} INFO - [2025-03-07T10:57:19.908+0000] {dag.py:4180} INFO - Setting next_dagrun for example_sla_dag to 2025-03-07 10:54:00+00:00, run_after=2025-03-07 10:56:00+00:00
[2025-03-07T10:57:19.932+0000] {processor.py:208} INFO - Processing /home/airflow/.local/lib/python3.12/site-packages/airflow/example_dags/example_sla_dag.py took 0.117 seconds
[2025-03-07T10:57:50.928+0000] {processor.py:186} INFO - Started process (PID=1115) to work on /home/airflow/.local/lib/python3.12/site-packages/airflow/example_dags/example_sla_dag.py
[2025-03-07T10:57:50.929+0000] {processor.py:914} INFO - Processing file /home/airflow/.local/lib/python3.12/site-packages/airflow/example_dags/example_sla_dag.py for tasks to queue
[2025-03-07T10:57:50.931+0000] {logging_mixin.py:190} INFO - [2025-03-07T10:57:50.931+0000] {dagbag.py:588} INFO - Filling up the DagBag from /home/airflow/.local/lib/python3.12/site-packages/airflow/example_dags/example_sla_dag.py
[2025-03-07T10:57:50.941+0000] {processor.py:925} INFO - DAG(s) 'example_sla_dag' retrieved from /home/airflow/.local/lib/python3.12/site-packages/airflow/example_dags/example_sla_dag.py
[2025-03-07T10:57:50.959+0000] {logging_mixin.py:190} INFO - [2025-03-07T10:57:50.959+0000] {dag.py:3239} INFO - Sync 1 DAGs
[2025-03-07T10:57:50.986+0000] {logging_mixin.py:190} INFO - [2025-03-07T10:57:50.986+0000] {dag.py:4180} INFO - Setting next_dagrun for example_sla_dag to 2025-03-07 10:54:00+00:00, run_after=2025-03-07 10:56:00+00:00
[2025-03-07T10:57:51.006+0000] {processor.py:208} INFO - Processing /home/airflow/.local/lib/python3.12/site-packages/airflow/example_dags/example_sla_dag.py took 0.084 seconds
[2025-03-07T10:58:22.870+0000] {processor.py:186} INFO - Started process (PID=1178) to work on /home/airflow/.local/lib/python3.12/site-packages/airflow/example_dags/example_sla_dag.py
[2025-03-07T10:58:22.872+0000] {processor.py:914} INFO - Processing file /home/airflow/.local/lib/python3.12/site-packages/airflow/example_dags/example_sla_dag.py for tasks to queue
[2025-03-07T10:58:22.876+0000] {logging_mixin.py:190} INFO - [2025-03-07T10:58:22.876+0000] {dagbag.py:588} INFO - Filling up the DagBag from /home/airflow/.local/lib/python3.12/site-packages/airflow/example_dags/example_sla_dag.py
[2025-03-07T10:58:22.892+0000] {processor.py:925} INFO - DAG(s) 'example_sla_dag' retrieved from /home/airflow/.local/lib/python3.12/site-packages/airflow/example_dags/example_sla_dag.py
[2025-03-07T10:58:22.923+0000] {logging_mixin.py:190} INFO - [2025-03-07T10:58:22.923+0000] {dag.py:3239} INFO - Sync 1 DAGs
[2025-03-07T10:58:22.977+0000] {logging_mixin.py:190} INFO - [2025-03-07T10:58:22.977+0000] {dag.py:4180} INFO - Setting next_dagrun for example_sla_dag to 2025-03-07 10:56:00+00:00, run_after=2025-03-07 10:58:00+00:00
[2025-03-07T10:58:23.017+0000] {processor.py:208} INFO - Processing /home/airflow/.local/lib/python3.12/site-packages/airflow/example_dags/example_sla_dag.py took 0.163 seconds
[2025-03-07T10:58:54.127+0000] {processor.py:186} INFO - Started process (PID=1241) to work on /home/airflow/.local/lib/python3.12/site-packages/airflow/example_dags/example_sla_dag.py
[2025-03-07T10:58:54.128+0000] {processor.py:914} INFO - Processing file /home/airflow/.local/lib/python3.12/site-packages/airflow/example_dags/example_sla_dag.py for tasks to queue
[2025-03-07T10:58:54.133+0000] {logging_mixin.py:190} INFO - [2025-03-07T10:58:54.132+0000] {dagbag.py:588} INFO - Filling up the DagBag from /home/airflow/.local/lib/python3.12/site-packages/airflow/example_dags/example_sla_dag.py
[2025-03-07T10:58:54.147+0000] {processor.py:925} INFO - DAG(s) 'example_sla_dag' retrieved from /home/airflow/.local/lib/python3.12/site-packages/airflow/example_dags/example_sla_dag.py
[2025-03-07T10:58:54.174+0000] {logging_mixin.py:190} INFO - [2025-03-07T10:58:54.174+0000] {dag.py:3239} INFO - Sync 1 DAGs
[2025-03-07T10:58:54.212+0000] {logging_mixin.py:190} INFO - [2025-03-07T10:58:54.212+0000] {dag.py:4180} INFO - Setting next_dagrun for example_sla_dag to 2025-03-07 10:56:00+00:00, run_after=2025-03-07 10:58:00+00:00
[2025-03-07T10:58:54.238+0000] {processor.py:208} INFO - Processing /home/airflow/.local/lib/python3.12/site-packages/airflow/example_dags/example_sla_dag.py took 0.122 seconds
[2025-03-07T10:59:25.574+0000] {processor.py:186} INFO - Started process (PID=1304) to work on /home/airflow/.local/lib/python3.12/site-packages/airflow/example_dags/example_sla_dag.py
[2025-03-07T10:59:25.575+0000] {processor.py:914} INFO - Processing file /home/airflow/.local/lib/python3.12/site-packages/airflow/example_dags/example_sla_dag.py for tasks to queue
[2025-03-07T10:59:25.578+0000] {logging_mixin.py:190} INFO - [2025-03-07T10:59:25.578+0000] {dagbag.py:588} INFO - Filling up the DagBag from /home/airflow/.local/lib/python3.12/site-packages/airflow/example_dags/example_sla_dag.py
[2025-03-07T10:59:25.588+0000] {processor.py:925} INFO - DAG(s) 'example_sla_dag' retrieved from /home/airflow/.local/lib/python3.12/site-packages/airflow/example_dags/example_sla_dag.py
[2025-03-07T10:59:25.604+0000] {logging_mixin.py:190} INFO - [2025-03-07T10:59:25.604+0000] {dag.py:3239} INFO - Sync 1 DAGs
[2025-03-07T10:59:25.632+0000] {logging_mixin.py:190} INFO - [2025-03-07T10:59:25.632+0000] {dag.py:4180} INFO - Setting next_dagrun for example_sla_dag to 2025-03-07 10:56:00+00:00, run_after=2025-03-07 10:58:00+00:00
[2025-03-07T10:59:25.653+0000] {processor.py:208} INFO - Processing /home/airflow/.local/lib/python3.12/site-packages/airflow/example_dags/example_sla_dag.py took 0.084 seconds
[2025-03-07T10:59:57.089+0000] {processor.py:186} INFO - Started process (PID=1367) to work on /home/airflow/.local/lib/python3.12/site-packages/airflow/example_dags/example_sla_dag.py
[2025-03-07T10:59:57.091+0000] {processor.py:914} INFO - Processing file /home/airflow/.local/lib/python3.12/site-packages/airflow/example_dags/example_sla_dag.py for tasks to queue
[2025-03-07T10:59:57.093+0000] {logging_mixin.py:190} INFO - [2025-03-07T10:59:57.093+0000] {dagbag.py:588} INFO - Filling up the DagBag from /home/airflow/.local/lib/python3.12/site-packages/airflow/example_dags/example_sla_dag.py
[2025-03-07T10:59:57.105+0000] {processor.py:925} INFO - DAG(s) 'example_sla_dag' retrieved from /home/airflow/.local/lib/python3.12/site-packages/airflow/example_dags/example_sla_dag.py
[2025-03-07T10:59:57.128+0000] {logging_mixin.py:190} INFO - [2025-03-07T10:59:57.127+0000] {dag.py:3239} INFO - Sync 1 DAGs
[2025-03-07T10:59:57.161+0000] {logging_mixin.py:190} INFO - [2025-03-07T10:59:57.161+0000] {dag.py:4180} INFO - Setting next_dagrun for example_sla_dag to 2025-03-07 10:56:00+00:00, run_after=2025-03-07 10:58:00+00:00
[2025-03-07T10:59:57.182+0000] {processor.py:208} INFO - Processing /home/airflow/.local/lib/python3.12/site-packages/airflow/example_dags/example_sla_dag.py took 0.102 seconds
[2025-03-07T11:00:29.837+0000] {processor.py:186} INFO - Started process (PID=1430) to work on /home/airflow/.local/lib/python3.12/site-packages/airflow/example_dags/example_sla_dag.py
[2025-03-07T11:00:29.842+0000] {processor.py:914} INFO - Processing file /home/airflow/.local/lib/python3.12/site-packages/airflow/example_dags/example_sla_dag.py for tasks to queue
[2025-03-07T11:00:29.847+0000] {logging_mixin.py:190} INFO - [2025-03-07T11:00:29.846+0000] {dagbag.py:588} INFO - Filling up the DagBag from /home/airflow/.local/lib/python3.12/site-packages/airflow/example_dags/example_sla_dag.py
[2025-03-07T11:00:29.891+0000] {processor.py:925} INFO - DAG(s) 'example_sla_dag' retrieved from /home/airflow/.local/lib/python3.12/site-packages/airflow/example_dags/example_sla_dag.py
[2025-03-07T11:00:29.956+0000] {logging_mixin.py:190} INFO - [2025-03-07T11:00:29.955+0000] {dag.py:3239} INFO - Sync 1 DAGs
[2025-03-07T11:00:30.049+0000] {logging_mixin.py:190} INFO - [2025-03-07T11:00:30.049+0000] {dag.py:4180} INFO - Setting next_dagrun for example_sla_dag to 2025-03-07 10:58:00+00:00, run_after=2025-03-07 11:00:00+00:00
[2025-03-07T11:00:30.110+0000] {processor.py:208} INFO - Processing /home/airflow/.local/lib/python3.12/site-packages/airflow/example_dags/example_sla_dag.py took 0.302 seconds
[2025-03-07T11:01:01.358+0000] {processor.py:186} INFO - Started process (PID=1493) to work on /home/airflow/.local/lib/python3.12/site-packages/airflow/example_dags/example_sla_dag.py
[2025-03-07T11:01:01.360+0000] {processor.py:914} INFO - Processing file /home/airflow/.local/lib/python3.12/site-packages/airflow/example_dags/example_sla_dag.py for tasks to queue
[2025-03-07T11:01:01.365+0000] {logging_mixin.py:190} INFO - [2025-03-07T11:01:01.364+0000] {dagbag.py:588} INFO - Filling up the DagBag from /home/airflow/.local/lib/python3.12/site-packages/airflow/example_dags/example_sla_dag.py
[2025-03-07T11:01:01.384+0000] {processor.py:925} INFO - DAG(s) 'example_sla_dag' retrieved from /home/airflow/.local/lib/python3.12/site-packages/airflow/example_dags/example_sla_dag.py
[2025-03-07T11:01:01.420+0000] {logging_mixin.py:190} INFO - [2025-03-07T11:01:01.419+0000] {dag.py:3239} INFO - Sync 1 DAGs
[2025-03-07T11:01:01.470+0000] {logging_mixin.py:190} INFO - [2025-03-07T11:01:01.470+0000] {dag.py:4180} INFO - Setting next_dagrun for example_sla_dag to 2025-03-07 10:58:00+00:00, run_after=2025-03-07 11:00:00+00:00
[2025-03-07T11:01:01.505+0000] {processor.py:208} INFO - Processing /home/airflow/.local/lib/python3.12/site-packages/airflow/example_dags/example_sla_dag.py took 0.158 seconds
[2025-03-07T11:01:32.838+0000] {processor.py:186} INFO - Started process (PID=1556) to work on /home/airflow/.local/lib/python3.12/site-packages/airflow/example_dags/example_sla_dag.py
[2025-03-07T11:01:32.841+0000] {processor.py:914} INFO - Processing file /home/airflow/.local/lib/python3.12/site-packages/airflow/example_dags/example_sla_dag.py for tasks to queue
[2025-03-07T11:01:32.847+0000] {logging_mixin.py:190} INFO - [2025-03-07T11:01:32.846+0000] {dagbag.py:588} INFO - Filling up the DagBag from /home/airflow/.local/lib/python3.12/site-packages/airflow/example_dags/example_sla_dag.py
[2025-03-07T11:01:32.878+0000] {processor.py:925} INFO - DAG(s) 'example_sla_dag' retrieved from /home/airflow/.local/lib/python3.12/site-packages/airflow/example_dags/example_sla_dag.py
[2025-03-07T11:01:32.941+0000] {logging_mixin.py:190} INFO - [2025-03-07T11:01:32.935+0000] {dag.py:3239} INFO - Sync 1 DAGs
[2025-03-07T11:01:33.102+0000] {logging_mixin.py:190} INFO - [2025-03-07T11:01:33.101+0000] {dag.py:4180} INFO - Setting next_dagrun for example_sla_dag to 2025-03-07 10:58:00+00:00, run_after=2025-03-07 11:00:00+00:00
[2025-03-07T11:01:33.157+0000] {processor.py:208} INFO - Processing /home/airflow/.local/lib/python3.12/site-packages/airflow/example_dags/example_sla_dag.py took 0.336 seconds
[2025-03-07T11:02:05.141+0000] {processor.py:186} INFO - Started process (PID=1624) to work on /home/airflow/.local/lib/python3.12/site-packages/airflow/example_dags/example_sla_dag.py
[2025-03-07T11:02:05.143+0000] {processor.py:914} INFO - Processing file /home/airflow/.local/lib/python3.12/site-packages/airflow/example_dags/example_sla_dag.py for tasks to queue
[2025-03-07T11:02:05.147+0000] {logging_mixin.py:190} INFO - [2025-03-07T11:02:05.146+0000] {dagbag.py:588} INFO - Filling up the DagBag from /home/airflow/.local/lib/python3.12/site-packages/airflow/example_dags/example_sla_dag.py
[2025-03-07T11:02:05.168+0000] {processor.py:925} INFO - DAG(s) 'example_sla_dag' retrieved from /home/airflow/.local/lib/python3.12/site-packages/airflow/example_dags/example_sla_dag.py
[2025-03-07T11:02:05.199+0000] {logging_mixin.py:190} INFO - [2025-03-07T11:02:05.198+0000] {dag.py:3239} INFO - Sync 1 DAGs
[2025-03-07T11:02:05.266+0000] {logging_mixin.py:190} INFO - [2025-03-07T11:02:05.265+0000] {dag.py:4180} INFO - Setting next_dagrun for example_sla_dag to 2025-03-07 11:00:00+00:00, run_after=2025-03-07 11:02:00+00:00
[2025-03-07T11:02:05.311+0000] {processor.py:208} INFO - Processing /home/airflow/.local/lib/python3.12/site-packages/airflow/example_dags/example_sla_dag.py took 0.183 seconds
[2025-03-07T11:02:41.134+0000] {processor.py:186} INFO - Started process (PID=1688) to work on /home/airflow/.local/lib/python3.12/site-packages/airflow/example_dags/example_sla_dag.py
[2025-03-07T11:02:41.225+0000] {processor.py:914} INFO - Processing file /home/airflow/.local/lib/python3.12/site-packages/airflow/example_dags/example_sla_dag.py for tasks to queue
[2025-03-07T11:02:41.242+0000] {logging_mixin.py:190} INFO - [2025-03-07T11:02:41.242+0000] {dagbag.py:588} INFO - Filling up the DagBag from /home/airflow/.local/lib/python3.12/site-packages/airflow/example_dags/example_sla_dag.py
[2025-03-07T11:02:41.354+0000] {processor.py:925} INFO - DAG(s) 'example_sla_dag' retrieved from /home/airflow/.local/lib/python3.12/site-packages/airflow/example_dags/example_sla_dag.py
[2025-03-07T11:02:41.485+0000] {logging_mixin.py:190} INFO - [2025-03-07T11:02:41.484+0000] {dag.py:3239} INFO - Sync 1 DAGs
[2025-03-07T11:02:41.762+0000] {logging_mixin.py:190} INFO - [2025-03-07T11:02:41.762+0000] {dag.py:4180} INFO - Setting next_dagrun for example_sla_dag to 2025-03-07 11:00:00+00:00, run_after=2025-03-07 11:02:00+00:00
[2025-03-07T11:02:41.906+0000] {processor.py:208} INFO - Processing /home/airflow/.local/lib/python3.12/site-packages/airflow/example_dags/example_sla_dag.py took 0.807 seconds
[2025-03-07T11:03:29.103+0000] {processor.py:186} INFO - Started process (PID=1760) to work on /home/airflow/.local/lib/python3.12/site-packages/airflow/example_dags/example_sla_dag.py
[2025-03-07T11:03:29.208+0000] {processor.py:914} INFO - Processing file /home/airflow/.local/lib/python3.12/site-packages/airflow/example_dags/example_sla_dag.py for tasks to queue
[2025-03-07T11:03:29.242+0000] {logging_mixin.py:190} INFO - [2025-03-07T11:03:29.241+0000] {dagbag.py:588} INFO - Filling up the DagBag from /home/airflow/.local/lib/python3.12/site-packages/airflow/example_dags/example_sla_dag.py
[2025-03-07T11:03:29.337+0000] {processor.py:925} INFO - DAG(s) 'example_sla_dag' retrieved from /home/airflow/.local/lib/python3.12/site-packages/airflow/example_dags/example_sla_dag.py
[2025-03-07T11:03:29.489+0000] {logging_mixin.py:190} INFO - [2025-03-07T11:03:29.488+0000] {dag.py:3239} INFO - Sync 1 DAGs
[2025-03-07T11:03:29.693+0000] {logging_mixin.py:190} INFO - [2025-03-07T11:03:29.692+0000] {dag.py:4180} INFO - Setting next_dagrun for example_sla_dag to 2025-03-07 11:00:00+00:00, run_after=2025-03-07 11:02:00+00:00
[2025-03-07T11:03:29.872+0000] {processor.py:208} INFO - Processing /home/airflow/.local/lib/python3.12/site-packages/airflow/example_dags/example_sla_dag.py took 0.853 seconds
[2025-03-07T11:04:25.124+0000] {processor.py:186} INFO - Started process (PID=1830) to work on /home/airflow/.local/lib/python3.12/site-packages/airflow/example_dags/example_sla_dag.py
[2025-03-07T11:04:25.243+0000] {processor.py:914} INFO - Processing file /home/airflow/.local/lib/python3.12/site-packages/airflow/example_dags/example_sla_dag.py for tasks to queue
[2025-03-07T11:04:25.291+0000] {logging_mixin.py:190} INFO - [2025-03-07T11:04:25.290+0000] {dagbag.py:588} INFO - Filling up the DagBag from /home/airflow/.local/lib/python3.12/site-packages/airflow/example_dags/example_sla_dag.py
[2025-03-07T11:04:25.444+0000] {processor.py:925} INFO - DAG(s) 'example_sla_dag' retrieved from /home/airflow/.local/lib/python3.12/site-packages/airflow/example_dags/example_sla_dag.py
[2025-03-07T11:04:25.570+0000] {logging_mixin.py:190} INFO - [2025-03-07T11:04:25.570+0000] {dag.py:3239} INFO - Sync 1 DAGs
[2025-03-07T11:04:25.731+0000] {logging_mixin.py:190} INFO - [2025-03-07T11:04:25.730+0000] {dag.py:4180} INFO - Setting next_dagrun for example_sla_dag to 2025-03-07 11:02:00+00:00, run_after=2025-03-07 11:04:00+00:00
[2025-03-07T11:04:25.838+0000] {processor.py:208} INFO - Processing /home/airflow/.local/lib/python3.12/site-packages/airflow/example_dags/example_sla_dag.py took 0.736 seconds
[2025-03-07T11:05:08.306+0000] {processor.py:186} INFO - Started process (PID=1900) to work on /home/airflow/.local/lib/python3.12/site-packages/airflow/example_dags/example_sla_dag.py
[2025-03-07T11:05:08.308+0000] {processor.py:914} INFO - Processing file /home/airflow/.local/lib/python3.12/site-packages/airflow/example_dags/example_sla_dag.py for tasks to queue
[2025-03-07T11:05:08.313+0000] {logging_mixin.py:190} INFO - [2025-03-07T11:05:08.313+0000] {dagbag.py:588} INFO - Filling up the DagBag from /home/airflow/.local/lib/python3.12/site-packages/airflow/example_dags/example_sla_dag.py
[2025-03-07T11:05:08.380+0000] {processor.py:925} INFO - DAG(s) 'example_sla_dag' retrieved from /home/airflow/.local/lib/python3.12/site-packages/airflow/example_dags/example_sla_dag.py
[2025-03-07T11:05:08.480+0000] {logging_mixin.py:190} INFO - [2025-03-07T11:05:08.479+0000] {dag.py:3239} INFO - Sync 1 DAGs
[2025-03-07T11:05:08.595+0000] {logging_mixin.py:190} INFO - [2025-03-07T11:05:08.594+0000] {dag.py:4180} INFO - Setting next_dagrun for example_sla_dag to 2025-03-07 11:02:00+00:00, run_after=2025-03-07 11:04:00+00:00
[2025-03-07T11:05:08.696+0000] {processor.py:208} INFO - Processing /home/airflow/.local/lib/python3.12/site-packages/airflow/example_dags/example_sla_dag.py took 0.426 seconds
[2025-03-07T11:05:45.172+0000] {processor.py:186} INFO - Started process (PID=1962) to work on /home/airflow/.local/lib/python3.12/site-packages/airflow/example_dags/example_sla_dag.py
[2025-03-07T11:05:45.195+0000] {processor.py:914} INFO - Processing file /home/airflow/.local/lib/python3.12/site-packages/airflow/example_dags/example_sla_dag.py for tasks to queue
[2025-03-07T11:05:45.211+0000] {logging_mixin.py:190} INFO - [2025-03-07T11:05:45.201+0000] {dagbag.py:588} INFO - Filling up the DagBag from /home/airflow/.local/lib/python3.12/site-packages/airflow/example_dags/example_sla_dag.py
[2025-03-07T11:05:45.307+0000] {processor.py:925} INFO - DAG(s) 'example_sla_dag' retrieved from /home/airflow/.local/lib/python3.12/site-packages/airflow/example_dags/example_sla_dag.py
[2025-03-07T11:05:45.518+0000] {logging_mixin.py:190} INFO - [2025-03-07T11:05:45.517+0000] {dag.py:3239} INFO - Sync 1 DAGs
[2025-03-07T11:05:45.710+0000] {logging_mixin.py:190} INFO - [2025-03-07T11:05:45.710+0000] {dag.py:4180} INFO - Setting next_dagrun for example_sla_dag to 2025-03-07 11:02:00+00:00, run_after=2025-03-07 11:04:00+00:00
[2025-03-07T11:05:45.802+0000] {processor.py:208} INFO - Processing /home/airflow/.local/lib/python3.12/site-packages/airflow/example_dags/example_sla_dag.py took 0.665 seconds
[2025-03-07T11:06:16.250+0000] {processor.py:186} INFO - Started process (PID=2024) to work on /home/airflow/.local/lib/python3.12/site-packages/airflow/example_dags/example_sla_dag.py
[2025-03-07T11:06:16.252+0000] {processor.py:914} INFO - Processing file /home/airflow/.local/lib/python3.12/site-packages/airflow/example_dags/example_sla_dag.py for tasks to queue
[2025-03-07T11:06:16.256+0000] {logging_mixin.py:190} INFO - [2025-03-07T11:06:16.256+0000] {dagbag.py:588} INFO - Filling up the DagBag from /home/airflow/.local/lib/python3.12/site-packages/airflow/example_dags/example_sla_dag.py
[2025-03-07T11:06:16.274+0000] {processor.py:925} INFO - DAG(s) 'example_sla_dag' retrieved from /home/airflow/.local/lib/python3.12/site-packages/airflow/example_dags/example_sla_dag.py
[2025-03-07T11:06:16.305+0000] {logging_mixin.py:190} INFO - [2025-03-07T11:06:16.304+0000] {dag.py:3239} INFO - Sync 1 DAGs
[2025-03-07T11:06:16.359+0000] {logging_mixin.py:190} INFO - [2025-03-07T11:06:16.358+0000] {dag.py:4180} INFO - Setting next_dagrun for example_sla_dag to 2025-03-07 11:04:00+00:00, run_after=2025-03-07 11:06:00+00:00
[2025-03-07T11:06:16.400+0000] {processor.py:208} INFO - Processing /home/airflow/.local/lib/python3.12/site-packages/airflow/example_dags/example_sla_dag.py took 0.161 seconds
[2025-03-07T11:06:46.593+0000] {processor.py:186} INFO - Started process (PID=2087) to work on /home/airflow/.local/lib/python3.12/site-packages/airflow/example_dags/example_sla_dag.py
[2025-03-07T11:06:46.596+0000] {processor.py:914} INFO - Processing file /home/airflow/.local/lib/python3.12/site-packages/airflow/example_dags/example_sla_dag.py for tasks to queue
[2025-03-07T11:06:46.601+0000] {logging_mixin.py:190} INFO - [2025-03-07T11:06:46.600+0000] {dagbag.py:588} INFO - Filling up the DagBag from /home/airflow/.local/lib/python3.12/site-packages/airflow/example_dags/example_sla_dag.py
[2025-03-07T11:06:46.622+0000] {processor.py:925} INFO - DAG(s) 'example_sla_dag' retrieved from /home/airflow/.local/lib/python3.12/site-packages/airflow/example_dags/example_sla_dag.py
[2025-03-07T11:06:46.675+0000] {logging_mixin.py:190} INFO - [2025-03-07T11:06:46.674+0000] {dag.py:3239} INFO - Sync 1 DAGs
[2025-03-07T11:06:46.753+0000] {logging_mixin.py:190} INFO - [2025-03-07T11:06:46.752+0000] {dag.py:4180} INFO - Setting next_dagrun for example_sla_dag to 2025-03-07 11:04:00+00:00, run_after=2025-03-07 11:06:00+00:00
[2025-03-07T11:06:46.827+0000] {processor.py:208} INFO - Processing /home/airflow/.local/lib/python3.12/site-packages/airflow/example_dags/example_sla_dag.py took 0.250 seconds
[2025-03-07T11:07:16.925+0000] {processor.py:186} INFO - Started process (PID=2149) to work on /home/airflow/.local/lib/python3.12/site-packages/airflow/example_dags/example_sla_dag.py
[2025-03-07T11:07:16.926+0000] {processor.py:914} INFO - Processing file /home/airflow/.local/lib/python3.12/site-packages/airflow/example_dags/example_sla_dag.py for tasks to queue
[2025-03-07T11:07:16.929+0000] {logging_mixin.py:190} INFO - [2025-03-07T11:07:16.929+0000] {dagbag.py:588} INFO - Filling up the DagBag from /home/airflow/.local/lib/python3.12/site-packages/airflow/example_dags/example_sla_dag.py
[2025-03-07T11:07:16.944+0000] {processor.py:925} INFO - DAG(s) 'example_sla_dag' retrieved from /home/airflow/.local/lib/python3.12/site-packages/airflow/example_dags/example_sla_dag.py
[2025-03-07T11:07:16.969+0000] {logging_mixin.py:190} INFO - [2025-03-07T11:07:16.968+0000] {dag.py:3239} INFO - Sync 1 DAGs
[2025-03-07T11:07:17.004+0000] {logging_mixin.py:190} INFO - [2025-03-07T11:07:17.003+0000] {dag.py:4180} INFO - Setting next_dagrun for example_sla_dag to 2025-03-07 11:04:00+00:00, run_after=2025-03-07 11:06:00+00:00
[2025-03-07T11:07:17.029+0000] {processor.py:208} INFO - Processing /home/airflow/.local/lib/python3.12/site-packages/airflow/example_dags/example_sla_dag.py took 0.112 seconds
[2025-03-07T11:07:47.570+0000] {processor.py:186} INFO - Started process (PID=2212) to work on /home/airflow/.local/lib/python3.12/site-packages/airflow/example_dags/example_sla_dag.py
[2025-03-07T11:07:47.572+0000] {processor.py:914} INFO - Processing file /home/airflow/.local/lib/python3.12/site-packages/airflow/example_dags/example_sla_dag.py for tasks to queue
[2025-03-07T11:07:47.574+0000] {logging_mixin.py:190} INFO - [2025-03-07T11:07:47.574+0000] {dagbag.py:588} INFO - Filling up the DagBag from /home/airflow/.local/lib/python3.12/site-packages/airflow/example_dags/example_sla_dag.py
[2025-03-07T11:07:47.587+0000] {processor.py:925} INFO - DAG(s) 'example_sla_dag' retrieved from /home/airflow/.local/lib/python3.12/site-packages/airflow/example_dags/example_sla_dag.py
[2025-03-07T11:07:47.610+0000] {logging_mixin.py:190} INFO - [2025-03-07T11:07:47.610+0000] {dag.py:3239} INFO - Sync 1 DAGs
[2025-03-07T11:07:47.644+0000] {logging_mixin.py:190} INFO - [2025-03-07T11:07:47.644+0000] {dag.py:4180} INFO - Setting next_dagrun for example_sla_dag to 2025-03-07 11:04:00+00:00, run_after=2025-03-07 11:06:00+00:00
[2025-03-07T11:07:47.670+0000] {processor.py:208} INFO - Processing /home/airflow/.local/lib/python3.12/site-packages/airflow/example_dags/example_sla_dag.py took 0.108 seconds
[2025-03-07T11:08:18.231+0000] {processor.py:186} INFO - Started process (PID=2274) to work on /home/airflow/.local/lib/python3.12/site-packages/airflow/example_dags/example_sla_dag.py
[2025-03-07T11:08:18.232+0000] {processor.py:914} INFO - Processing file /home/airflow/.local/lib/python3.12/site-packages/airflow/example_dags/example_sla_dag.py for tasks to queue
[2025-03-07T11:08:18.236+0000] {logging_mixin.py:190} INFO - [2025-03-07T11:08:18.235+0000] {dagbag.py:588} INFO - Filling up the DagBag from /home/airflow/.local/lib/python3.12/site-packages/airflow/example_dags/example_sla_dag.py
[2025-03-07T11:08:18.253+0000] {processor.py:925} INFO - DAG(s) 'example_sla_dag' retrieved from /home/airflow/.local/lib/python3.12/site-packages/airflow/example_dags/example_sla_dag.py
[2025-03-07T11:08:18.282+0000] {logging_mixin.py:190} INFO - [2025-03-07T11:08:18.282+0000] {dag.py:3239} INFO - Sync 1 DAGs
[2025-03-07T11:08:18.323+0000] {logging_mixin.py:190} INFO - [2025-03-07T11:08:18.322+0000] {dag.py:4180} INFO - Setting next_dagrun for example_sla_dag to 2025-03-07 11:06:00+00:00, run_after=2025-03-07 11:08:00+00:00
[2025-03-07T11:08:18.351+0000] {processor.py:208} INFO - Processing /home/airflow/.local/lib/python3.12/site-packages/airflow/example_dags/example_sla_dag.py took 0.130 seconds
[2025-03-07T11:08:49.312+0000] {processor.py:186} INFO - Started process (PID=2337) to work on /home/airflow/.local/lib/python3.12/site-packages/airflow/example_dags/example_sla_dag.py
[2025-03-07T11:08:49.315+0000] {processor.py:914} INFO - Processing file /home/airflow/.local/lib/python3.12/site-packages/airflow/example_dags/example_sla_dag.py for tasks to queue
[2025-03-07T11:08:49.321+0000] {logging_mixin.py:190} INFO - [2025-03-07T11:08:49.321+0000] {dagbag.py:588} INFO - Filling up the DagBag from /home/airflow/.local/lib/python3.12/site-packages/airflow/example_dags/example_sla_dag.py
[2025-03-07T11:08:49.345+0000] {processor.py:925} INFO - DAG(s) 'example_sla_dag' retrieved from /home/airflow/.local/lib/python3.12/site-packages/airflow/example_dags/example_sla_dag.py
[2025-03-07T11:08:49.380+0000] {logging_mixin.py:190} INFO - [2025-03-07T11:08:49.380+0000] {dag.py:3239} INFO - Sync 1 DAGs
[2025-03-07T11:08:49.453+0000] {logging_mixin.py:190} INFO - [2025-03-07T11:08:49.452+0000] {dag.py:4180} INFO - Setting next_dagrun for example_sla_dag to 2025-03-07 11:06:00+00:00, run_after=2025-03-07 11:08:00+00:00
[2025-03-07T11:08:49.493+0000] {processor.py:208} INFO - Processing /home/airflow/.local/lib/python3.12/site-packages/airflow/example_dags/example_sla_dag.py took 0.191 seconds
[2025-03-07T11:09:19.571+0000] {processor.py:186} INFO - Started process (PID=2400) to work on /home/airflow/.local/lib/python3.12/site-packages/airflow/example_dags/example_sla_dag.py
[2025-03-07T11:09:19.573+0000] {processor.py:914} INFO - Processing file /home/airflow/.local/lib/python3.12/site-packages/airflow/example_dags/example_sla_dag.py for tasks to queue
[2025-03-07T11:09:19.577+0000] {logging_mixin.py:190} INFO - [2025-03-07T11:09:19.576+0000] {dagbag.py:588} INFO - Filling up the DagBag from /home/airflow/.local/lib/python3.12/site-packages/airflow/example_dags/example_sla_dag.py
[2025-03-07T11:09:19.597+0000] {processor.py:925} INFO - DAG(s) 'example_sla_dag' retrieved from /home/airflow/.local/lib/python3.12/site-packages/airflow/example_dags/example_sla_dag.py
[2025-03-07T11:09:19.631+0000] {logging_mixin.py:190} INFO - [2025-03-07T11:09:19.631+0000] {dag.py:3239} INFO - Sync 1 DAGs
[2025-03-07T11:09:19.687+0000] {logging_mixin.py:190} INFO - [2025-03-07T11:09:19.686+0000] {dag.py:4180} INFO - Setting next_dagrun for example_sla_dag to 2025-03-07 11:06:00+00:00, run_after=2025-03-07 11:08:00+00:00
[2025-03-07T11:09:19.742+0000] {processor.py:208} INFO - Processing /home/airflow/.local/lib/python3.12/site-packages/airflow/example_dags/example_sla_dag.py took 0.183 seconds
[2025-03-07T11:09:50.184+0000] {processor.py:186} INFO - Started process (PID=2464) to work on /home/airflow/.local/lib/python3.12/site-packages/airflow/example_dags/example_sla_dag.py
[2025-03-07T11:09:50.186+0000] {processor.py:914} INFO - Processing file /home/airflow/.local/lib/python3.12/site-packages/airflow/example_dags/example_sla_dag.py for tasks to queue
[2025-03-07T11:09:50.190+0000] {logging_mixin.py:190} INFO - [2025-03-07T11:09:50.189+0000] {dagbag.py:588} INFO - Filling up the DagBag from /home/airflow/.local/lib/python3.12/site-packages/airflow/example_dags/example_sla_dag.py
[2025-03-07T11:09:50.217+0000] {processor.py:925} INFO - DAG(s) 'example_sla_dag' retrieved from /home/airflow/.local/lib/python3.12/site-packages/airflow/example_dags/example_sla_dag.py
[2025-03-07T11:09:50.255+0000] {logging_mixin.py:190} INFO - [2025-03-07T11:09:50.255+0000] {dag.py:3239} INFO - Sync 1 DAGs
[2025-03-07T11:09:50.323+0000] {logging_mixin.py:190} INFO - [2025-03-07T11:09:50.322+0000] {dag.py:4180} INFO - Setting next_dagrun for example_sla_dag to 2025-03-07 11:06:00+00:00, run_after=2025-03-07 11:08:00+00:00
[2025-03-07T11:09:50.367+0000] {processor.py:208} INFO - Processing /home/airflow/.local/lib/python3.12/site-packages/airflow/example_dags/example_sla_dag.py took 0.197 seconds
[2025-03-07T11:10:20.916+0000] {processor.py:186} INFO - Started process (PID=2527) to work on /home/airflow/.local/lib/python3.12/site-packages/airflow/example_dags/example_sla_dag.py
[2025-03-07T11:10:20.930+0000] {processor.py:914} INFO - Processing file /home/airflow/.local/lib/python3.12/site-packages/airflow/example_dags/example_sla_dag.py for tasks to queue
[2025-03-07T11:10:20.937+0000] {logging_mixin.py:190} INFO - [2025-03-07T11:10:20.936+0000] {dagbag.py:588} INFO - Filling up the DagBag from /home/airflow/.local/lib/python3.12/site-packages/airflow/example_dags/example_sla_dag.py
[2025-03-07T11:10:20.959+0000] {processor.py:925} INFO - DAG(s) 'example_sla_dag' retrieved from /home/airflow/.local/lib/python3.12/site-packages/airflow/example_dags/example_sla_dag.py
[2025-03-07T11:10:20.994+0000] {logging_mixin.py:190} INFO - [2025-03-07T11:10:20.993+0000] {dag.py:3239} INFO - Sync 1 DAGs
[2025-03-07T11:10:21.084+0000] {logging_mixin.py:190} INFO - [2025-03-07T11:10:21.083+0000] {dag.py:4180} INFO - Setting next_dagrun for example_sla_dag to 2025-03-07 11:08:00+00:00, run_after=2025-03-07 11:10:00+00:00
[2025-03-07T11:10:21.137+0000] {processor.py:208} INFO - Processing /home/airflow/.local/lib/python3.12/site-packages/airflow/example_dags/example_sla_dag.py took 0.242 seconds
[2025-03-07T11:10:51.847+0000] {processor.py:186} INFO - Started process (PID=2590) to work on /home/airflow/.local/lib/python3.12/site-packages/airflow/example_dags/example_sla_dag.py
[2025-03-07T11:10:51.850+0000] {processor.py:914} INFO - Processing file /home/airflow/.local/lib/python3.12/site-packages/airflow/example_dags/example_sla_dag.py for tasks to queue
[2025-03-07T11:10:51.855+0000] {logging_mixin.py:190} INFO - [2025-03-07T11:10:51.855+0000] {dagbag.py:588} INFO - Filling up the DagBag from /home/airflow/.local/lib/python3.12/site-packages/airflow/example_dags/example_sla_dag.py
[2025-03-07T11:10:51.908+0000] {processor.py:925} INFO - DAG(s) 'example_sla_dag' retrieved from /home/airflow/.local/lib/python3.12/site-packages/airflow/example_dags/example_sla_dag.py
[2025-03-07T11:10:51.972+0000] {logging_mixin.py:190} INFO - [2025-03-07T11:10:51.971+0000] {dag.py:3239} INFO - Sync 1 DAGs
[2025-03-07T11:10:52.188+0000] {logging_mixin.py:190} INFO - [2025-03-07T11:10:52.187+0000] {dag.py:4180} INFO - Setting next_dagrun for example_sla_dag to 2025-03-07 11:08:00+00:00, run_after=2025-03-07 11:10:00+00:00
[2025-03-07T11:10:52.254+0000] {processor.py:208} INFO - Processing /home/airflow/.local/lib/python3.12/site-packages/airflow/example_dags/example_sla_dag.py took 0.429 seconds
[2025-03-07T11:11:22.419+0000] {processor.py:186} INFO - Started process (PID=2653) to work on /home/airflow/.local/lib/python3.12/site-packages/airflow/example_dags/example_sla_dag.py
[2025-03-07T11:11:22.421+0000] {processor.py:914} INFO - Processing file /home/airflow/.local/lib/python3.12/site-packages/airflow/example_dags/example_sla_dag.py for tasks to queue
[2025-03-07T11:11:22.425+0000] {logging_mixin.py:190} INFO - [2025-03-07T11:11:22.424+0000] {dagbag.py:588} INFO - Filling up the DagBag from /home/airflow/.local/lib/python3.12/site-packages/airflow/example_dags/example_sla_dag.py
[2025-03-07T11:11:22.445+0000] {processor.py:925} INFO - DAG(s) 'example_sla_dag' retrieved from /home/airflow/.local/lib/python3.12/site-packages/airflow/example_dags/example_sla_dag.py
[2025-03-07T11:11:22.477+0000] {logging_mixin.py:190} INFO - [2025-03-07T11:11:22.476+0000] {dag.py:3239} INFO - Sync 1 DAGs
[2025-03-07T11:11:22.523+0000] {logging_mixin.py:190} INFO - [2025-03-07T11:11:22.523+0000] {dag.py:4180} INFO - Setting next_dagrun for example_sla_dag to 2025-03-07 11:08:00+00:00, run_after=2025-03-07 11:10:00+00:00
[2025-03-07T11:11:22.558+0000] {processor.py:208} INFO - Processing /home/airflow/.local/lib/python3.12/site-packages/airflow/example_dags/example_sla_dag.py took 0.148 seconds
[2025-03-07T11:11:53.191+0000] {processor.py:186} INFO - Started process (PID=2716) to work on /home/airflow/.local/lib/python3.12/site-packages/airflow/example_dags/example_sla_dag.py
[2025-03-07T11:11:53.193+0000] {processor.py:914} INFO - Processing file /home/airflow/.local/lib/python3.12/site-packages/airflow/example_dags/example_sla_dag.py for tasks to queue
[2025-03-07T11:11:53.202+0000] {logging_mixin.py:190} INFO - [2025-03-07T11:11:53.201+0000] {dagbag.py:588} INFO - Filling up the DagBag from /home/airflow/.local/lib/python3.12/site-packages/airflow/example_dags/example_sla_dag.py
[2025-03-07T11:11:53.229+0000] {processor.py:925} INFO - DAG(s) 'example_sla_dag' retrieved from /home/airflow/.local/lib/python3.12/site-packages/airflow/example_dags/example_sla_dag.py
[2025-03-07T11:11:53.282+0000] {logging_mixin.py:190} INFO - [2025-03-07T11:11:53.280+0000] {dag.py:3239} INFO - Sync 1 DAGs
[2025-03-07T11:11:53.368+0000] {logging_mixin.py:190} INFO - [2025-03-07T11:11:53.366+0000] {dag.py:4180} INFO - Setting next_dagrun for example_sla_dag to 2025-03-07 11:08:00+00:00, run_after=2025-03-07 11:10:00+00:00
[2025-03-07T11:11:53.422+0000] {processor.py:208} INFO - Processing /home/airflow/.local/lib/python3.12/site-packages/airflow/example_dags/example_sla_dag.py took 0.249 seconds
[2025-03-07T11:12:23.836+0000] {processor.py:186} INFO - Started process (PID=2778) to work on /home/airflow/.local/lib/python3.12/site-packages/airflow/example_dags/example_sla_dag.py
[2025-03-07T11:12:23.838+0000] {processor.py:914} INFO - Processing file /home/airflow/.local/lib/python3.12/site-packages/airflow/example_dags/example_sla_dag.py for tasks to queue
[2025-03-07T11:12:23.842+0000] {logging_mixin.py:190} INFO - [2025-03-07T11:12:23.841+0000] {dagbag.py:588} INFO - Filling up the DagBag from /home/airflow/.local/lib/python3.12/site-packages/airflow/example_dags/example_sla_dag.py
[2025-03-07T11:12:23.857+0000] {processor.py:925} INFO - DAG(s) 'example_sla_dag' retrieved from /home/airflow/.local/lib/python3.12/site-packages/airflow/example_dags/example_sla_dag.py
[2025-03-07T11:12:23.890+0000] {logging_mixin.py:190} INFO - [2025-03-07T11:12:23.889+0000] {dag.py:3239} INFO - Sync 1 DAGs
[2025-03-07T11:12:23.951+0000] {logging_mixin.py:190} INFO - [2025-03-07T11:12:23.951+0000] {dag.py:4180} INFO - Setting next_dagrun for example_sla_dag to 2025-03-07 11:10:00+00:00, run_after=2025-03-07 11:12:00+00:00
[2025-03-07T11:12:23.985+0000] {processor.py:208} INFO - Processing /home/airflow/.local/lib/python3.12/site-packages/airflow/example_dags/example_sla_dag.py took 0.157 seconds
[2025-03-07T11:12:54.670+0000] {processor.py:186} INFO - Started process (PID=2841) to work on /home/airflow/.local/lib/python3.12/site-packages/airflow/example_dags/example_sla_dag.py
[2025-03-07T11:12:54.673+0000] {processor.py:914} INFO - Processing file /home/airflow/.local/lib/python3.12/site-packages/airflow/example_dags/example_sla_dag.py for tasks to queue
[2025-03-07T11:12:54.680+0000] {logging_mixin.py:190} INFO - [2025-03-07T11:12:54.680+0000] {dagbag.py:588} INFO - Filling up the DagBag from /home/airflow/.local/lib/python3.12/site-packages/airflow/example_dags/example_sla_dag.py
[2025-03-07T11:12:54.711+0000] {processor.py:925} INFO - DAG(s) 'example_sla_dag' retrieved from /home/airflow/.local/lib/python3.12/site-packages/airflow/example_dags/example_sla_dag.py
[2025-03-07T11:12:54.771+0000] {logging_mixin.py:190} INFO - [2025-03-07T11:12:54.770+0000] {dag.py:3239} INFO - Sync 1 DAGs
[2025-03-07T11:12:54.914+0000] {logging_mixin.py:190} INFO - [2025-03-07T11:12:54.913+0000] {dag.py:4180} INFO - Setting next_dagrun for example_sla_dag to 2025-03-07 11:10:00+00:00, run_after=2025-03-07 11:12:00+00:00
[2025-03-07T11:12:54.985+0000] {processor.py:208} INFO - Processing /home/airflow/.local/lib/python3.12/site-packages/airflow/example_dags/example_sla_dag.py took 0.331 seconds
[2025-03-07T11:13:25.273+0000] {processor.py:186} INFO - Started process (PID=2903) to work on /home/airflow/.local/lib/python3.12/site-packages/airflow/example_dags/example_sla_dag.py
[2025-03-07T11:13:25.275+0000] {processor.py:914} INFO - Processing file /home/airflow/.local/lib/python3.12/site-packages/airflow/example_dags/example_sla_dag.py for tasks to queue
[2025-03-07T11:13:25.281+0000] {logging_mixin.py:190} INFO - [2025-03-07T11:13:25.280+0000] {dagbag.py:588} INFO - Filling up the DagBag from /home/airflow/.local/lib/python3.12/site-packages/airflow/example_dags/example_sla_dag.py
[2025-03-07T11:13:25.301+0000] {processor.py:925} INFO - DAG(s) 'example_sla_dag' retrieved from /home/airflow/.local/lib/python3.12/site-packages/airflow/example_dags/example_sla_dag.py
[2025-03-07T11:13:25.340+0000] {logging_mixin.py:190} INFO - [2025-03-07T11:13:25.339+0000] {dag.py:3239} INFO - Sync 1 DAGs
[2025-03-07T11:13:25.424+0000] {logging_mixin.py:190} INFO - [2025-03-07T11:13:25.423+0000] {dag.py:4180} INFO - Setting next_dagrun for example_sla_dag to 2025-03-07 11:10:00+00:00, run_after=2025-03-07 11:12:00+00:00
[2025-03-07T11:13:25.480+0000] {processor.py:208} INFO - Processing /home/airflow/.local/lib/python3.12/site-packages/airflow/example_dags/example_sla_dag.py took 0.220 seconds
