[2025-03-07T10:49:23.862+0000] {processor.py:186} INFO - Started process (PID=88) to work on /home/airflow/.local/lib/python3.12/site-packages/airflow/example_dags/example_latest_only.py
[2025-03-07T10:49:23.863+0000] {processor.py:914} INFO - Processing file /home/airflow/.local/lib/python3.12/site-packages/airflow/example_dags/example_latest_only.py for tasks to queue
[2025-03-07T10:49:23.867+0000] {logging_mixin.py:190} INFO - [2025-03-07T10:49:23.866+0000] {dagbag.py:588} INFO - Filling up the DagBag from /home/airflow/.local/lib/python3.12/site-packages/airflow/example_dags/example_latest_only.py
[2025-03-07T10:49:23.875+0000] {processor.py:925} INFO - DAG(s) 'latest_only' retrieved from /home/airflow/.local/lib/python3.12/site-packages/airflow/example_dags/example_latest_only.py
[2025-03-07T10:49:24.018+0000] {logging_mixin.py:190} INFO - [2025-03-07T10:49:24.017+0000] {override.py:1912} INFO - Created Permission View: can delete on DAG:latest_only
[2025-03-07T10:49:24.033+0000] {logging_mixin.py:190} INFO - [2025-03-07T10:49:24.033+0000] {override.py:1912} INFO - Created Permission View: can read on DAG:latest_only
[2025-03-07T10:49:24.043+0000] {logging_mixin.py:190} INFO - [2025-03-07T10:49:24.042+0000] {override.py:1912} INFO - Created Permission View: can edit on DAG:latest_only
[2025-03-07T10:49:24.053+0000] {logging_mixin.py:190} INFO - [2025-03-07T10:49:24.053+0000] {override.py:1912} INFO - Created Permission View: can delete on DAG Run:latest_only
[2025-03-07T10:49:24.062+0000] {logging_mixin.py:190} INFO - [2025-03-07T10:49:24.062+0000] {override.py:1912} INFO - Created Permission View: can create on DAG Run:latest_only
[2025-03-07T10:49:24.072+0000] {logging_mixin.py:190} INFO - [2025-03-07T10:49:24.071+0000] {override.py:1912} INFO - Created Permission View: menu access on DAG Run:latest_only
[2025-03-07T10:49:24.080+0000] {logging_mixin.py:190} INFO - [2025-03-07T10:49:24.080+0000] {override.py:1912} INFO - Created Permission View: can read on DAG Run:latest_only
[2025-03-07T10:49:24.081+0000] {logging_mixin.py:190} INFO - [2025-03-07T10:49:24.081+0000] {dag.py:3239} INFO - Sync 1 DAGs
[2025-03-07T10:49:24.101+0000] {logging_mixin.py:190} INFO - [2025-03-07T10:49:24.101+0000] {dag.py:3262} INFO - Creating ORM DAG for latest_only
[2025-03-07T10:49:24.114+0000] {logging_mixin.py:190} INFO - [2025-03-07T10:49:24.113+0000] {dag.py:4180} INFO - Setting next_dagrun for latest_only to 2025-03-07 04:00:00+00:00, run_after=2025-03-07 08:00:00+00:00
[2025-03-07T10:49:24.135+0000] {processor.py:208} INFO - Processing /home/airflow/.local/lib/python3.12/site-packages/airflow/example_dags/example_latest_only.py took 0.281 seconds
[2025-03-07T10:49:54.256+0000] {processor.py:186} INFO - Started process (PID=152) to work on /home/airflow/.local/lib/python3.12/site-packages/airflow/example_dags/example_latest_only.py
[2025-03-07T10:49:54.257+0000] {processor.py:914} INFO - Processing file /home/airflow/.local/lib/python3.12/site-packages/airflow/example_dags/example_latest_only.py for tasks to queue
[2025-03-07T10:49:54.260+0000] {logging_mixin.py:190} INFO - [2025-03-07T10:49:54.260+0000] {dagbag.py:588} INFO - Filling up the DagBag from /home/airflow/.local/lib/python3.12/site-packages/airflow/example_dags/example_latest_only.py
[2025-03-07T10:49:54.268+0000] {processor.py:925} INFO - DAG(s) 'latest_only' retrieved from /home/airflow/.local/lib/python3.12/site-packages/airflow/example_dags/example_latest_only.py
[2025-03-07T10:49:54.289+0000] {logging_mixin.py:190} INFO - [2025-03-07T10:49:54.288+0000] {dag.py:3239} INFO - Sync 1 DAGs
[2025-03-07T10:49:54.318+0000] {logging_mixin.py:190} INFO - [2025-03-07T10:49:54.318+0000] {dag.py:4180} INFO - Setting next_dagrun for latest_only to 2025-03-07 04:00:00+00:00, run_after=2025-03-07 08:00:00+00:00
[2025-03-07T10:49:54.341+0000] {processor.py:208} INFO - Processing /home/airflow/.local/lib/python3.12/site-packages/airflow/example_dags/example_latest_only.py took 0.092 seconds
[2025-03-07T10:50:24.786+0000] {processor.py:186} INFO - Started process (PID=215) to work on /home/airflow/.local/lib/python3.12/site-packages/airflow/example_dags/example_latest_only.py
[2025-03-07T10:50:24.788+0000] {processor.py:914} INFO - Processing file /home/airflow/.local/lib/python3.12/site-packages/airflow/example_dags/example_latest_only.py for tasks to queue
[2025-03-07T10:50:24.791+0000] {logging_mixin.py:190} INFO - [2025-03-07T10:50:24.790+0000] {dagbag.py:588} INFO - Filling up the DagBag from /home/airflow/.local/lib/python3.12/site-packages/airflow/example_dags/example_latest_only.py
[2025-03-07T10:50:24.800+0000] {processor.py:925} INFO - DAG(s) 'latest_only' retrieved from /home/airflow/.local/lib/python3.12/site-packages/airflow/example_dags/example_latest_only.py
[2025-03-07T10:50:24.828+0000] {logging_mixin.py:190} INFO - [2025-03-07T10:50:24.827+0000] {dag.py:3239} INFO - Sync 1 DAGs
[2025-03-07T10:50:24.864+0000] {logging_mixin.py:190} INFO - [2025-03-07T10:50:24.864+0000] {dag.py:4180} INFO - Setting next_dagrun for latest_only to 2025-03-07 04:00:00+00:00, run_after=2025-03-07 08:00:00+00:00
[2025-03-07T10:50:24.890+0000] {processor.py:208} INFO - Processing /home/airflow/.local/lib/python3.12/site-packages/airflow/example_dags/example_latest_only.py took 0.112 seconds
[2025-03-07T10:50:55.638+0000] {processor.py:186} INFO - Started process (PID=278) to work on /home/airflow/.local/lib/python3.12/site-packages/airflow/example_dags/example_latest_only.py
[2025-03-07T10:50:55.640+0000] {processor.py:914} INFO - Processing file /home/airflow/.local/lib/python3.12/site-packages/airflow/example_dags/example_latest_only.py for tasks to queue
[2025-03-07T10:50:55.643+0000] {logging_mixin.py:190} INFO - [2025-03-07T10:50:55.643+0000] {dagbag.py:588} INFO - Filling up the DagBag from /home/airflow/.local/lib/python3.12/site-packages/airflow/example_dags/example_latest_only.py
[2025-03-07T10:50:55.651+0000] {processor.py:925} INFO - DAG(s) 'latest_only' retrieved from /home/airflow/.local/lib/python3.12/site-packages/airflow/example_dags/example_latest_only.py
[2025-03-07T10:50:55.676+0000] {logging_mixin.py:190} INFO - [2025-03-07T10:50:55.675+0000] {dag.py:3239} INFO - Sync 1 DAGs
[2025-03-07T10:50:55.706+0000] {logging_mixin.py:190} INFO - [2025-03-07T10:50:55.706+0000] {dag.py:4180} INFO - Setting next_dagrun for latest_only to 2025-03-07 04:00:00+00:00, run_after=2025-03-07 08:00:00+00:00
[2025-03-07T10:50:55.731+0000] {processor.py:208} INFO - Processing /home/airflow/.local/lib/python3.12/site-packages/airflow/example_dags/example_latest_only.py took 0.100 seconds
[2025-03-07T10:51:26.188+0000] {processor.py:186} INFO - Started process (PID=342) to work on /home/airflow/.local/lib/python3.12/site-packages/airflow/example_dags/example_latest_only.py
[2025-03-07T10:51:26.189+0000] {processor.py:914} INFO - Processing file /home/airflow/.local/lib/python3.12/site-packages/airflow/example_dags/example_latest_only.py for tasks to queue
[2025-03-07T10:51:26.193+0000] {logging_mixin.py:190} INFO - [2025-03-07T10:51:26.193+0000] {dagbag.py:588} INFO - Filling up the DagBag from /home/airflow/.local/lib/python3.12/site-packages/airflow/example_dags/example_latest_only.py
[2025-03-07T10:51:26.206+0000] {processor.py:925} INFO - DAG(s) 'latest_only' retrieved from /home/airflow/.local/lib/python3.12/site-packages/airflow/example_dags/example_latest_only.py
[2025-03-07T10:51:26.238+0000] {logging_mixin.py:190} INFO - [2025-03-07T10:51:26.237+0000] {dag.py:3239} INFO - Sync 1 DAGs
[2025-03-07T10:51:26.283+0000] {logging_mixin.py:190} INFO - [2025-03-07T10:51:26.283+0000] {dag.py:4180} INFO - Setting next_dagrun for latest_only to 2025-03-07 04:00:00+00:00, run_after=2025-03-07 08:00:00+00:00
[2025-03-07T10:51:26.310+0000] {processor.py:208} INFO - Processing /home/airflow/.local/lib/python3.12/site-packages/airflow/example_dags/example_latest_only.py took 0.132 seconds
[2025-03-07T10:51:56.703+0000] {processor.py:186} INFO - Started process (PID=406) to work on /home/airflow/.local/lib/python3.12/site-packages/airflow/example_dags/example_latest_only.py
[2025-03-07T10:51:56.705+0000] {processor.py:914} INFO - Processing file /home/airflow/.local/lib/python3.12/site-packages/airflow/example_dags/example_latest_only.py for tasks to queue
[2025-03-07T10:51:56.709+0000] {logging_mixin.py:190} INFO - [2025-03-07T10:51:56.708+0000] {dagbag.py:588} INFO - Filling up the DagBag from /home/airflow/.local/lib/python3.12/site-packages/airflow/example_dags/example_latest_only.py
[2025-03-07T10:51:56.718+0000] {processor.py:925} INFO - DAG(s) 'latest_only' retrieved from /home/airflow/.local/lib/python3.12/site-packages/airflow/example_dags/example_latest_only.py
[2025-03-07T10:51:56.745+0000] {logging_mixin.py:190} INFO - [2025-03-07T10:51:56.744+0000] {dag.py:3239} INFO - Sync 1 DAGs
[2025-03-07T10:51:56.782+0000] {logging_mixin.py:190} INFO - [2025-03-07T10:51:56.782+0000] {dag.py:4180} INFO - Setting next_dagrun for latest_only to 2025-03-07 04:00:00+00:00, run_after=2025-03-07 08:00:00+00:00
[2025-03-07T10:51:56.809+0000] {processor.py:208} INFO - Processing /home/airflow/.local/lib/python3.12/site-packages/airflow/example_dags/example_latest_only.py took 0.116 seconds
[2025-03-07T10:52:27.510+0000] {processor.py:186} INFO - Started process (PID=469) to work on /home/airflow/.local/lib/python3.12/site-packages/airflow/example_dags/example_latest_only.py
[2025-03-07T10:52:27.512+0000] {processor.py:914} INFO - Processing file /home/airflow/.local/lib/python3.12/site-packages/airflow/example_dags/example_latest_only.py for tasks to queue
[2025-03-07T10:52:27.519+0000] {logging_mixin.py:190} INFO - [2025-03-07T10:52:27.518+0000] {dagbag.py:588} INFO - Filling up the DagBag from /home/airflow/.local/lib/python3.12/site-packages/airflow/example_dags/example_latest_only.py
[2025-03-07T10:52:27.536+0000] {processor.py:925} INFO - DAG(s) 'latest_only' retrieved from /home/airflow/.local/lib/python3.12/site-packages/airflow/example_dags/example_latest_only.py
[2025-03-07T10:52:27.583+0000] {logging_mixin.py:190} INFO - [2025-03-07T10:52:27.582+0000] {dag.py:3239} INFO - Sync 1 DAGs
[2025-03-07T10:52:27.639+0000] {logging_mixin.py:190} INFO - [2025-03-07T10:52:27.639+0000] {dag.py:4180} INFO - Setting next_dagrun for latest_only to 2025-03-07 04:00:00+00:00, run_after=2025-03-07 08:00:00+00:00
[2025-03-07T10:52:27.674+0000] {processor.py:208} INFO - Processing /home/airflow/.local/lib/python3.12/site-packages/airflow/example_dags/example_latest_only.py took 0.181 seconds
[2025-03-07T10:52:58.312+0000] {processor.py:186} INFO - Started process (PID=532) to work on /home/airflow/.local/lib/python3.12/site-packages/airflow/example_dags/example_latest_only.py
[2025-03-07T10:52:58.314+0000] {processor.py:914} INFO - Processing file /home/airflow/.local/lib/python3.12/site-packages/airflow/example_dags/example_latest_only.py for tasks to queue
[2025-03-07T10:52:58.318+0000] {logging_mixin.py:190} INFO - [2025-03-07T10:52:58.317+0000] {dagbag.py:588} INFO - Filling up the DagBag from /home/airflow/.local/lib/python3.12/site-packages/airflow/example_dags/example_latest_only.py
[2025-03-07T10:52:58.329+0000] {processor.py:925} INFO - DAG(s) 'latest_only' retrieved from /home/airflow/.local/lib/python3.12/site-packages/airflow/example_dags/example_latest_only.py
[2025-03-07T10:52:58.353+0000] {logging_mixin.py:190} INFO - [2025-03-07T10:52:58.353+0000] {dag.py:3239} INFO - Sync 1 DAGs
[2025-03-07T10:52:58.400+0000] {logging_mixin.py:190} INFO - [2025-03-07T10:52:58.399+0000] {dag.py:4180} INFO - Setting next_dagrun for latest_only to 2025-03-07 04:00:00+00:00, run_after=2025-03-07 08:00:00+00:00
[2025-03-07T10:52:58.431+0000] {processor.py:208} INFO - Processing /home/airflow/.local/lib/python3.12/site-packages/airflow/example_dags/example_latest_only.py took 0.128 seconds
[2025-03-07T10:53:29.206+0000] {processor.py:186} INFO - Started process (PID=595) to work on /home/airflow/.local/lib/python3.12/site-packages/airflow/example_dags/example_latest_only.py
[2025-03-07T10:53:29.207+0000] {processor.py:914} INFO - Processing file /home/airflow/.local/lib/python3.12/site-packages/airflow/example_dags/example_latest_only.py for tasks to queue
[2025-03-07T10:53:29.210+0000] {logging_mixin.py:190} INFO - [2025-03-07T10:53:29.210+0000] {dagbag.py:588} INFO - Filling up the DagBag from /home/airflow/.local/lib/python3.12/site-packages/airflow/example_dags/example_latest_only.py
[2025-03-07T10:53:29.219+0000] {processor.py:925} INFO - DAG(s) 'latest_only' retrieved from /home/airflow/.local/lib/python3.12/site-packages/airflow/example_dags/example_latest_only.py
[2025-03-07T10:53:29.244+0000] {logging_mixin.py:190} INFO - [2025-03-07T10:53:29.243+0000] {dag.py:3239} INFO - Sync 1 DAGs
[2025-03-07T10:53:29.276+0000] {logging_mixin.py:190} INFO - [2025-03-07T10:53:29.276+0000] {dag.py:4180} INFO - Setting next_dagrun for latest_only to 2025-03-07 04:00:00+00:00, run_after=2025-03-07 08:00:00+00:00
[2025-03-07T10:53:29.298+0000] {processor.py:208} INFO - Processing /home/airflow/.local/lib/python3.12/site-packages/airflow/example_dags/example_latest_only.py took 0.100 seconds
[2025-03-07T10:53:59.848+0000] {processor.py:186} INFO - Started process (PID=659) to work on /home/airflow/.local/lib/python3.12/site-packages/airflow/example_dags/example_latest_only.py
[2025-03-07T10:53:59.849+0000] {processor.py:914} INFO - Processing file /home/airflow/.local/lib/python3.12/site-packages/airflow/example_dags/example_latest_only.py for tasks to queue
[2025-03-07T10:53:59.851+0000] {logging_mixin.py:190} INFO - [2025-03-07T10:53:59.851+0000] {dagbag.py:588} INFO - Filling up the DagBag from /home/airflow/.local/lib/python3.12/site-packages/airflow/example_dags/example_latest_only.py
[2025-03-07T10:53:59.858+0000] {processor.py:925} INFO - DAG(s) 'latest_only' retrieved from /home/airflow/.local/lib/python3.12/site-packages/airflow/example_dags/example_latest_only.py
[2025-03-07T10:53:59.876+0000] {logging_mixin.py:190} INFO - [2025-03-07T10:53:59.876+0000] {dag.py:3239} INFO - Sync 1 DAGs
[2025-03-07T10:53:59.901+0000] {logging_mixin.py:190} INFO - [2025-03-07T10:53:59.901+0000] {dag.py:4180} INFO - Setting next_dagrun for latest_only to 2025-03-07 04:00:00+00:00, run_after=2025-03-07 08:00:00+00:00
[2025-03-07T10:53:59.921+0000] {processor.py:208} INFO - Processing /home/airflow/.local/lib/python3.12/site-packages/airflow/example_dags/example_latest_only.py took 0.078 seconds
[2025-03-07T10:54:30.228+0000] {processor.py:186} INFO - Started process (PID=722) to work on /home/airflow/.local/lib/python3.12/site-packages/airflow/example_dags/example_latest_only.py
[2025-03-07T10:54:30.229+0000] {processor.py:914} INFO - Processing file /home/airflow/.local/lib/python3.12/site-packages/airflow/example_dags/example_latest_only.py for tasks to queue
[2025-03-07T10:54:30.233+0000] {logging_mixin.py:190} INFO - [2025-03-07T10:54:30.232+0000] {dagbag.py:588} INFO - Filling up the DagBag from /home/airflow/.local/lib/python3.12/site-packages/airflow/example_dags/example_latest_only.py
[2025-03-07T10:54:30.244+0000] {processor.py:925} INFO - DAG(s) 'latest_only' retrieved from /home/airflow/.local/lib/python3.12/site-packages/airflow/example_dags/example_latest_only.py
[2025-03-07T10:54:30.277+0000] {logging_mixin.py:190} INFO - [2025-03-07T10:54:30.276+0000] {dag.py:3239} INFO - Sync 1 DAGs
[2025-03-07T10:54:30.318+0000] {logging_mixin.py:190} INFO - [2025-03-07T10:54:30.317+0000] {dag.py:4180} INFO - Setting next_dagrun for latest_only to 2025-03-07 04:00:00+00:00, run_after=2025-03-07 08:00:00+00:00
[2025-03-07T10:54:30.348+0000] {processor.py:208} INFO - Processing /home/airflow/.local/lib/python3.12/site-packages/airflow/example_dags/example_latest_only.py took 0.131 seconds
[2025-03-07T10:55:00.697+0000] {processor.py:186} INFO - Started process (PID=785) to work on /home/airflow/.local/lib/python3.12/site-packages/airflow/example_dags/example_latest_only.py
[2025-03-07T10:55:00.698+0000] {processor.py:914} INFO - Processing file /home/airflow/.local/lib/python3.12/site-packages/airflow/example_dags/example_latest_only.py for tasks to queue
[2025-03-07T10:55:00.701+0000] {logging_mixin.py:190} INFO - [2025-03-07T10:55:00.700+0000] {dagbag.py:588} INFO - Filling up the DagBag from /home/airflow/.local/lib/python3.12/site-packages/airflow/example_dags/example_latest_only.py
[2025-03-07T10:55:00.709+0000] {processor.py:925} INFO - DAG(s) 'latest_only' retrieved from /home/airflow/.local/lib/python3.12/site-packages/airflow/example_dags/example_latest_only.py
[2025-03-07T10:55:00.732+0000] {logging_mixin.py:190} INFO - [2025-03-07T10:55:00.732+0000] {dag.py:3239} INFO - Sync 1 DAGs
[2025-03-07T10:55:00.764+0000] {logging_mixin.py:190} INFO - [2025-03-07T10:55:00.764+0000] {dag.py:4180} INFO - Setting next_dagrun for latest_only to 2025-03-07 04:00:00+00:00, run_after=2025-03-07 08:00:00+00:00
[2025-03-07T10:55:00.789+0000] {processor.py:208} INFO - Processing /home/airflow/.local/lib/python3.12/site-packages/airflow/example_dags/example_latest_only.py took 0.100 seconds
[2025-03-07T10:55:31.274+0000] {processor.py:186} INFO - Started process (PID=848) to work on /home/airflow/.local/lib/python3.12/site-packages/airflow/example_dags/example_latest_only.py
[2025-03-07T10:55:31.275+0000] {processor.py:914} INFO - Processing file /home/airflow/.local/lib/python3.12/site-packages/airflow/example_dags/example_latest_only.py for tasks to queue
[2025-03-07T10:55:31.278+0000] {logging_mixin.py:190} INFO - [2025-03-07T10:55:31.278+0000] {dagbag.py:588} INFO - Filling up the DagBag from /home/airflow/.local/lib/python3.12/site-packages/airflow/example_dags/example_latest_only.py
[2025-03-07T10:55:31.292+0000] {processor.py:925} INFO - DAG(s) 'latest_only' retrieved from /home/airflow/.local/lib/python3.12/site-packages/airflow/example_dags/example_latest_only.py
[2025-03-07T10:55:31.316+0000] {logging_mixin.py:190} INFO - [2025-03-07T10:55:31.316+0000] {dag.py:3239} INFO - Sync 1 DAGs
[2025-03-07T10:55:31.350+0000] {logging_mixin.py:190} INFO - [2025-03-07T10:55:31.350+0000] {dag.py:4180} INFO - Setting next_dagrun for latest_only to 2025-03-07 04:00:00+00:00, run_after=2025-03-07 08:00:00+00:00
[2025-03-07T10:55:31.376+0000] {processor.py:208} INFO - Processing /home/airflow/.local/lib/python3.12/site-packages/airflow/example_dags/example_latest_only.py took 0.110 seconds
[2025-03-07T10:56:01.891+0000] {processor.py:186} INFO - Started process (PID=911) to work on /home/airflow/.local/lib/python3.12/site-packages/airflow/example_dags/example_latest_only.py
[2025-03-07T10:56:01.892+0000] {processor.py:914} INFO - Processing file /home/airflow/.local/lib/python3.12/site-packages/airflow/example_dags/example_latest_only.py for tasks to queue
[2025-03-07T10:56:01.897+0000] {logging_mixin.py:190} INFO - [2025-03-07T10:56:01.896+0000] {dagbag.py:588} INFO - Filling up the DagBag from /home/airflow/.local/lib/python3.12/site-packages/airflow/example_dags/example_latest_only.py
[2025-03-07T10:56:01.914+0000] {processor.py:925} INFO - DAG(s) 'latest_only' retrieved from /home/airflow/.local/lib/python3.12/site-packages/airflow/example_dags/example_latest_only.py
[2025-03-07T10:56:01.951+0000] {logging_mixin.py:190} INFO - [2025-03-07T10:56:01.951+0000] {dag.py:3239} INFO - Sync 1 DAGs
[2025-03-07T10:56:02.010+0000] {logging_mixin.py:190} INFO - [2025-03-07T10:56:02.009+0000] {dag.py:4180} INFO - Setting next_dagrun for latest_only to 2025-03-07 04:00:00+00:00, run_after=2025-03-07 08:00:00+00:00
[2025-03-07T10:56:02.053+0000] {processor.py:208} INFO - Processing /home/airflow/.local/lib/python3.12/site-packages/airflow/example_dags/example_latest_only.py took 0.174 seconds
[2025-03-07T10:56:32.477+0000] {processor.py:186} INFO - Started process (PID=974) to work on /home/airflow/.local/lib/python3.12/site-packages/airflow/example_dags/example_latest_only.py
[2025-03-07T10:56:32.478+0000] {processor.py:914} INFO - Processing file /home/airflow/.local/lib/python3.12/site-packages/airflow/example_dags/example_latest_only.py for tasks to queue
[2025-03-07T10:56:32.482+0000] {logging_mixin.py:190} INFO - [2025-03-07T10:56:32.481+0000] {dagbag.py:588} INFO - Filling up the DagBag from /home/airflow/.local/lib/python3.12/site-packages/airflow/example_dags/example_latest_only.py
[2025-03-07T10:56:32.493+0000] {processor.py:925} INFO - DAG(s) 'latest_only' retrieved from /home/airflow/.local/lib/python3.12/site-packages/airflow/example_dags/example_latest_only.py
[2025-03-07T10:56:32.526+0000] {logging_mixin.py:190} INFO - [2025-03-07T10:56:32.526+0000] {dag.py:3239} INFO - Sync 1 DAGs
[2025-03-07T10:56:32.575+0000] {logging_mixin.py:190} INFO - [2025-03-07T10:56:32.575+0000] {dag.py:4180} INFO - Setting next_dagrun for latest_only to 2025-03-07 04:00:00+00:00, run_after=2025-03-07 08:00:00+00:00
[2025-03-07T10:56:32.608+0000] {processor.py:208} INFO - Processing /home/airflow/.local/lib/python3.12/site-packages/airflow/example_dags/example_latest_only.py took 0.143 seconds
[2025-03-07T10:57:02.948+0000] {processor.py:186} INFO - Started process (PID=1037) to work on /home/airflow/.local/lib/python3.12/site-packages/airflow/example_dags/example_latest_only.py
[2025-03-07T10:57:02.950+0000] {processor.py:914} INFO - Processing file /home/airflow/.local/lib/python3.12/site-packages/airflow/example_dags/example_latest_only.py for tasks to queue
[2025-03-07T10:57:02.956+0000] {logging_mixin.py:190} INFO - [2025-03-07T10:57:02.955+0000] {dagbag.py:588} INFO - Filling up the DagBag from /home/airflow/.local/lib/python3.12/site-packages/airflow/example_dags/example_latest_only.py
[2025-03-07T10:57:02.968+0000] {processor.py:925} INFO - DAG(s) 'latest_only' retrieved from /home/airflow/.local/lib/python3.12/site-packages/airflow/example_dags/example_latest_only.py
[2025-03-07T10:57:03.006+0000] {logging_mixin.py:190} INFO - [2025-03-07T10:57:03.005+0000] {dag.py:3239} INFO - Sync 1 DAGs
[2025-03-07T10:57:03.047+0000] {logging_mixin.py:190} INFO - [2025-03-07T10:57:03.047+0000] {dag.py:4180} INFO - Setting next_dagrun for latest_only to 2025-03-07 04:00:00+00:00, run_after=2025-03-07 08:00:00+00:00
[2025-03-07T10:57:03.082+0000] {processor.py:208} INFO - Processing /home/airflow/.local/lib/python3.12/site-packages/airflow/example_dags/example_latest_only.py took 0.147 seconds
[2025-03-07T10:57:33.717+0000] {processor.py:186} INFO - Started process (PID=1106) to work on /home/airflow/.local/lib/python3.12/site-packages/airflow/example_dags/example_latest_only.py
[2025-03-07T10:57:33.718+0000] {processor.py:914} INFO - Processing file /home/airflow/.local/lib/python3.12/site-packages/airflow/example_dags/example_latest_only.py for tasks to queue
[2025-03-07T10:57:33.720+0000] {logging_mixin.py:190} INFO - [2025-03-07T10:57:33.720+0000] {dagbag.py:588} INFO - Filling up the DagBag from /home/airflow/.local/lib/python3.12/site-packages/airflow/example_dags/example_latest_only.py
[2025-03-07T10:57:33.727+0000] {processor.py:925} INFO - DAG(s) 'latest_only' retrieved from /home/airflow/.local/lib/python3.12/site-packages/airflow/example_dags/example_latest_only.py
[2025-03-07T10:57:33.744+0000] {logging_mixin.py:190} INFO - [2025-03-07T10:57:33.744+0000] {dag.py:3239} INFO - Sync 1 DAGs
[2025-03-07T10:57:33.768+0000] {logging_mixin.py:190} INFO - [2025-03-07T10:57:33.767+0000] {dag.py:4180} INFO - Setting next_dagrun for latest_only to 2025-03-07 04:00:00+00:00, run_after=2025-03-07 08:00:00+00:00
[2025-03-07T10:57:33.787+0000] {processor.py:208} INFO - Processing /home/airflow/.local/lib/python3.12/site-packages/airflow/example_dags/example_latest_only.py took 0.075 seconds
[2025-03-07T10:58:03.928+0000] {processor.py:186} INFO - Started process (PID=1169) to work on /home/airflow/.local/lib/python3.12/site-packages/airflow/example_dags/example_latest_only.py
[2025-03-07T10:58:03.929+0000] {processor.py:914} INFO - Processing file /home/airflow/.local/lib/python3.12/site-packages/airflow/example_dags/example_latest_only.py for tasks to queue
[2025-03-07T10:58:03.930+0000] {logging_mixin.py:190} INFO - [2025-03-07T10:58:03.930+0000] {dagbag.py:588} INFO - Filling up the DagBag from /home/airflow/.local/lib/python3.12/site-packages/airflow/example_dags/example_latest_only.py
[2025-03-07T10:58:03.936+0000] {processor.py:925} INFO - DAG(s) 'latest_only' retrieved from /home/airflow/.local/lib/python3.12/site-packages/airflow/example_dags/example_latest_only.py
[2025-03-07T10:58:03.953+0000] {logging_mixin.py:190} INFO - [2025-03-07T10:58:03.953+0000] {dag.py:3239} INFO - Sync 1 DAGs
[2025-03-07T10:58:03.976+0000] {logging_mixin.py:190} INFO - [2025-03-07T10:58:03.976+0000] {dag.py:4180} INFO - Setting next_dagrun for latest_only to 2025-03-07 04:00:00+00:00, run_after=2025-03-07 08:00:00+00:00
[2025-03-07T10:58:03.995+0000] {processor.py:208} INFO - Processing /home/airflow/.local/lib/python3.12/site-packages/airflow/example_dags/example_latest_only.py took 0.072 seconds
[2025-03-07T10:58:34.434+0000] {processor.py:186} INFO - Started process (PID=1232) to work on /home/airflow/.local/lib/python3.12/site-packages/airflow/example_dags/example_latest_only.py
[2025-03-07T10:58:34.435+0000] {processor.py:914} INFO - Processing file /home/airflow/.local/lib/python3.12/site-packages/airflow/example_dags/example_latest_only.py for tasks to queue
[2025-03-07T10:58:34.439+0000] {logging_mixin.py:190} INFO - [2025-03-07T10:58:34.438+0000] {dagbag.py:588} INFO - Filling up the DagBag from /home/airflow/.local/lib/python3.12/site-packages/airflow/example_dags/example_latest_only.py
[2025-03-07T10:58:34.447+0000] {processor.py:925} INFO - DAG(s) 'latest_only' retrieved from /home/airflow/.local/lib/python3.12/site-packages/airflow/example_dags/example_latest_only.py
[2025-03-07T10:58:34.469+0000] {logging_mixin.py:190} INFO - [2025-03-07T10:58:34.468+0000] {dag.py:3239} INFO - Sync 1 DAGs
[2025-03-07T10:58:34.498+0000] {logging_mixin.py:190} INFO - [2025-03-07T10:58:34.498+0000] {dag.py:4180} INFO - Setting next_dagrun for latest_only to 2025-03-07 04:00:00+00:00, run_after=2025-03-07 08:00:00+00:00
[2025-03-07T10:58:34.522+0000] {processor.py:208} INFO - Processing /home/airflow/.local/lib/python3.12/site-packages/airflow/example_dags/example_latest_only.py took 0.095 seconds
[2025-03-07T10:59:04.902+0000] {processor.py:186} INFO - Started process (PID=1295) to work on /home/airflow/.local/lib/python3.12/site-packages/airflow/example_dags/example_latest_only.py
[2025-03-07T10:59:04.903+0000] {processor.py:914} INFO - Processing file /home/airflow/.local/lib/python3.12/site-packages/airflow/example_dags/example_latest_only.py for tasks to queue
[2025-03-07T10:59:04.905+0000] {logging_mixin.py:190} INFO - [2025-03-07T10:59:04.905+0000] {dagbag.py:588} INFO - Filling up the DagBag from /home/airflow/.local/lib/python3.12/site-packages/airflow/example_dags/example_latest_only.py
[2025-03-07T10:59:04.915+0000] {processor.py:925} INFO - DAG(s) 'latest_only' retrieved from /home/airflow/.local/lib/python3.12/site-packages/airflow/example_dags/example_latest_only.py
[2025-03-07T10:59:04.943+0000] {logging_mixin.py:190} INFO - [2025-03-07T10:59:04.942+0000] {dag.py:3239} INFO - Sync 1 DAGs
[2025-03-07T10:59:04.975+0000] {logging_mixin.py:190} INFO - [2025-03-07T10:59:04.975+0000] {dag.py:4180} INFO - Setting next_dagrun for latest_only to 2025-03-07 04:00:00+00:00, run_after=2025-03-07 08:00:00+00:00
[2025-03-07T10:59:05.002+0000] {processor.py:208} INFO - Processing /home/airflow/.local/lib/python3.12/site-packages/airflow/example_dags/example_latest_only.py took 0.106 seconds
[2025-03-07T10:59:35.692+0000] {processor.py:186} INFO - Started process (PID=1358) to work on /home/airflow/.local/lib/python3.12/site-packages/airflow/example_dags/example_latest_only.py
[2025-03-07T10:59:35.693+0000] {processor.py:914} INFO - Processing file /home/airflow/.local/lib/python3.12/site-packages/airflow/example_dags/example_latest_only.py for tasks to queue
[2025-03-07T10:59:35.697+0000] {logging_mixin.py:190} INFO - [2025-03-07T10:59:35.696+0000] {dagbag.py:588} INFO - Filling up the DagBag from /home/airflow/.local/lib/python3.12/site-packages/airflow/example_dags/example_latest_only.py
[2025-03-07T10:59:35.704+0000] {processor.py:925} INFO - DAG(s) 'latest_only' retrieved from /home/airflow/.local/lib/python3.12/site-packages/airflow/example_dags/example_latest_only.py
[2025-03-07T10:59:35.723+0000] {logging_mixin.py:190} INFO - [2025-03-07T10:59:35.723+0000] {dag.py:3239} INFO - Sync 1 DAGs
[2025-03-07T10:59:35.749+0000] {logging_mixin.py:190} INFO - [2025-03-07T10:59:35.749+0000] {dag.py:4180} INFO - Setting next_dagrun for latest_only to 2025-03-07 04:00:00+00:00, run_after=2025-03-07 08:00:00+00:00
[2025-03-07T10:59:35.770+0000] {processor.py:208} INFO - Processing /home/airflow/.local/lib/python3.12/site-packages/airflow/example_dags/example_latest_only.py took 0.083 seconds
[2025-03-07T11:00:06.328+0000] {processor.py:186} INFO - Started process (PID=1421) to work on /home/airflow/.local/lib/python3.12/site-packages/airflow/example_dags/example_latest_only.py
[2025-03-07T11:00:06.330+0000] {processor.py:914} INFO - Processing file /home/airflow/.local/lib/python3.12/site-packages/airflow/example_dags/example_latest_only.py for tasks to queue
[2025-03-07T11:00:06.332+0000] {logging_mixin.py:190} INFO - [2025-03-07T11:00:06.332+0000] {dagbag.py:588} INFO - Filling up the DagBag from /home/airflow/.local/lib/python3.12/site-packages/airflow/example_dags/example_latest_only.py
[2025-03-07T11:00:06.342+0000] {processor.py:925} INFO - DAG(s) 'latest_only' retrieved from /home/airflow/.local/lib/python3.12/site-packages/airflow/example_dags/example_latest_only.py
[2025-03-07T11:00:06.368+0000] {logging_mixin.py:190} INFO - [2025-03-07T11:00:06.367+0000] {dag.py:3239} INFO - Sync 1 DAGs
[2025-03-07T11:00:06.407+0000] {logging_mixin.py:190} INFO - [2025-03-07T11:00:06.406+0000] {dag.py:4180} INFO - Setting next_dagrun for latest_only to 2025-03-07 04:00:00+00:00, run_after=2025-03-07 08:00:00+00:00
[2025-03-07T11:00:06.439+0000] {processor.py:208} INFO - Processing /home/airflow/.local/lib/python3.12/site-packages/airflow/example_dags/example_latest_only.py took 0.120 seconds
[2025-03-07T11:00:37.191+0000] {processor.py:186} INFO - Started process (PID=1483) to work on /home/airflow/.local/lib/python3.12/site-packages/airflow/example_dags/example_latest_only.py
[2025-03-07T11:00:37.192+0000] {processor.py:914} INFO - Processing file /home/airflow/.local/lib/python3.12/site-packages/airflow/example_dags/example_latest_only.py for tasks to queue
[2025-03-07T11:00:37.195+0000] {logging_mixin.py:190} INFO - [2025-03-07T11:00:37.195+0000] {dagbag.py:588} INFO - Filling up the DagBag from /home/airflow/.local/lib/python3.12/site-packages/airflow/example_dags/example_latest_only.py
[2025-03-07T11:00:37.206+0000] {processor.py:925} INFO - DAG(s) 'latest_only' retrieved from /home/airflow/.local/lib/python3.12/site-packages/airflow/example_dags/example_latest_only.py
[2025-03-07T11:00:37.230+0000] {logging_mixin.py:190} INFO - [2025-03-07T11:00:37.230+0000] {dag.py:3239} INFO - Sync 1 DAGs
[2025-03-07T11:00:37.269+0000] {logging_mixin.py:190} INFO - [2025-03-07T11:00:37.269+0000] {dag.py:4180} INFO - Setting next_dagrun for latest_only to 2025-03-07 04:00:00+00:00, run_after=2025-03-07 08:00:00+00:00
[2025-03-07T11:00:37.298+0000] {processor.py:208} INFO - Processing /home/airflow/.local/lib/python3.12/site-packages/airflow/example_dags/example_latest_only.py took 0.115 seconds
[2025-03-07T11:01:08.093+0000] {processor.py:186} INFO - Started process (PID=1546) to work on /home/airflow/.local/lib/python3.12/site-packages/airflow/example_dags/example_latest_only.py
[2025-03-07T11:01:08.096+0000] {processor.py:914} INFO - Processing file /home/airflow/.local/lib/python3.12/site-packages/airflow/example_dags/example_latest_only.py for tasks to queue
[2025-03-07T11:01:08.101+0000] {logging_mixin.py:190} INFO - [2025-03-07T11:01:08.100+0000] {dagbag.py:588} INFO - Filling up the DagBag from /home/airflow/.local/lib/python3.12/site-packages/airflow/example_dags/example_latest_only.py
[2025-03-07T11:01:08.114+0000] {processor.py:925} INFO - DAG(s) 'latest_only' retrieved from /home/airflow/.local/lib/python3.12/site-packages/airflow/example_dags/example_latest_only.py
[2025-03-07T11:01:08.147+0000] {logging_mixin.py:190} INFO - [2025-03-07T11:01:08.146+0000] {dag.py:3239} INFO - Sync 1 DAGs
[2025-03-07T11:01:08.200+0000] {logging_mixin.py:190} INFO - [2025-03-07T11:01:08.199+0000] {dag.py:4180} INFO - Setting next_dagrun for latest_only to 2025-03-07 04:00:00+00:00, run_after=2025-03-07 08:00:00+00:00
[2025-03-07T11:01:08.239+0000] {processor.py:208} INFO - Processing /home/airflow/.local/lib/python3.12/site-packages/airflow/example_dags/example_latest_only.py took 0.156 seconds
[2025-03-07T11:01:39.370+0000] {processor.py:186} INFO - Started process (PID=1609) to work on /home/airflow/.local/lib/python3.12/site-packages/airflow/example_dags/example_latest_only.py
[2025-03-07T11:01:39.372+0000] {processor.py:914} INFO - Processing file /home/airflow/.local/lib/python3.12/site-packages/airflow/example_dags/example_latest_only.py for tasks to queue
[2025-03-07T11:01:39.375+0000] {logging_mixin.py:190} INFO - [2025-03-07T11:01:39.375+0000] {dagbag.py:588} INFO - Filling up the DagBag from /home/airflow/.local/lib/python3.12/site-packages/airflow/example_dags/example_latest_only.py
[2025-03-07T11:01:39.386+0000] {processor.py:925} INFO - DAG(s) 'latest_only' retrieved from /home/airflow/.local/lib/python3.12/site-packages/airflow/example_dags/example_latest_only.py
[2025-03-07T11:01:39.415+0000] {logging_mixin.py:190} INFO - [2025-03-07T11:01:39.414+0000] {dag.py:3239} INFO - Sync 1 DAGs
[2025-03-07T11:01:39.450+0000] {logging_mixin.py:190} INFO - [2025-03-07T11:01:39.450+0000] {dag.py:4180} INFO - Setting next_dagrun for latest_only to 2025-03-07 04:00:00+00:00, run_after=2025-03-07 08:00:00+00:00
[2025-03-07T11:01:39.478+0000] {processor.py:208} INFO - Processing /home/airflow/.local/lib/python3.12/site-packages/airflow/example_dags/example_latest_only.py took 0.116 seconds
[2025-03-07T11:02:12.402+0000] {processor.py:186} INFO - Started process (PID=1664) to work on /home/airflow/.local/lib/python3.12/site-packages/airflow/example_dags/example_latest_only.py
[2025-03-07T11:02:12.403+0000] {processor.py:914} INFO - Processing file /home/airflow/.local/lib/python3.12/site-packages/airflow/example_dags/example_latest_only.py for tasks to queue
[2025-03-07T11:02:12.407+0000] {logging_mixin.py:190} INFO - [2025-03-07T11:02:12.406+0000] {dagbag.py:588} INFO - Filling up the DagBag from /home/airflow/.local/lib/python3.12/site-packages/airflow/example_dags/example_latest_only.py
[2025-03-07T11:02:12.422+0000] {processor.py:925} INFO - DAG(s) 'latest_only' retrieved from /home/airflow/.local/lib/python3.12/site-packages/airflow/example_dags/example_latest_only.py
[2025-03-07T11:02:12.459+0000] {logging_mixin.py:190} INFO - [2025-03-07T11:02:12.458+0000] {dag.py:3239} INFO - Sync 1 DAGs
[2025-03-07T11:02:12.517+0000] {logging_mixin.py:190} INFO - [2025-03-07T11:02:12.516+0000] {dag.py:4180} INFO - Setting next_dagrun for latest_only to 2025-03-07 04:00:00+00:00, run_after=2025-03-07 08:00:00+00:00
[2025-03-07T11:02:12.555+0000] {processor.py:208} INFO - Processing /home/airflow/.local/lib/python3.12/site-packages/airflow/example_dags/example_latest_only.py took 0.169 seconds
[2025-03-07T11:03:08.299+0000] {processor.py:186} INFO - Started process (PID=1733) to work on /home/airflow/.local/lib/python3.12/site-packages/airflow/example_dags/example_latest_only.py
[2025-03-07T11:03:08.381+0000] {processor.py:914} INFO - Processing file /home/airflow/.local/lib/python3.12/site-packages/airflow/example_dags/example_latest_only.py for tasks to queue
[2025-03-07T11:03:08.401+0000] {logging_mixin.py:190} INFO - [2025-03-07T11:03:08.400+0000] {dagbag.py:588} INFO - Filling up the DagBag from /home/airflow/.local/lib/python3.12/site-packages/airflow/example_dags/example_latest_only.py
[2025-03-07T11:03:08.426+0000] {processor.py:925} INFO - DAG(s) 'latest_only' retrieved from /home/airflow/.local/lib/python3.12/site-packages/airflow/example_dags/example_latest_only.py
[2025-03-07T11:03:08.531+0000] {logging_mixin.py:190} INFO - [2025-03-07T11:03:08.526+0000] {dag.py:3239} INFO - Sync 1 DAGs
[2025-03-07T11:03:08.656+0000] {logging_mixin.py:190} INFO - [2025-03-07T11:03:08.655+0000] {dag.py:4180} INFO - Setting next_dagrun for latest_only to 2025-03-07 04:00:00+00:00, run_after=2025-03-07 08:00:00+00:00
[2025-03-07T11:03:08.772+0000] {processor.py:208} INFO - Processing /home/airflow/.local/lib/python3.12/site-packages/airflow/example_dags/example_latest_only.py took 0.503 seconds
[2025-03-07T11:03:55.206+0000] {processor.py:186} INFO - Started process (PID=1787) to work on /home/airflow/.local/lib/python3.12/site-packages/airflow/example_dags/example_latest_only.py
[2025-03-07T11:03:55.288+0000] {processor.py:914} INFO - Processing file /home/airflow/.local/lib/python3.12/site-packages/airflow/example_dags/example_latest_only.py for tasks to queue
[2025-03-07T11:03:55.399+0000] {logging_mixin.py:190} INFO - [2025-03-07T11:03:55.399+0000] {dagbag.py:588} INFO - Filling up the DagBag from /home/airflow/.local/lib/python3.12/site-packages/airflow/example_dags/example_latest_only.py
[2025-03-07T11:03:55.602+0000] {processor.py:925} INFO - DAG(s) 'latest_only' retrieved from /home/airflow/.local/lib/python3.12/site-packages/airflow/example_dags/example_latest_only.py
[2025-03-07T11:03:55.777+0000] {logging_mixin.py:190} INFO - [2025-03-07T11:03:55.777+0000] {dag.py:3239} INFO - Sync 1 DAGs
[2025-03-07T11:03:56.093+0000] {logging_mixin.py:190} INFO - [2025-03-07T11:03:56.092+0000] {dag.py:4180} INFO - Setting next_dagrun for latest_only to 2025-03-07 04:00:00+00:00, run_after=2025-03-07 08:00:00+00:00
[2025-03-07T11:03:56.353+0000] {processor.py:208} INFO - Processing /home/airflow/.local/lib/python3.12/site-packages/airflow/example_dags/example_latest_only.py took 1.180 seconds
[2025-03-07T11:04:37.934+0000] {processor.py:186} INFO - Started process (PID=1853) to work on /home/airflow/.local/lib/python3.12/site-packages/airflow/example_dags/example_latest_only.py
[2025-03-07T11:04:38.012+0000] {processor.py:914} INFO - Processing file /home/airflow/.local/lib/python3.12/site-packages/airflow/example_dags/example_latest_only.py for tasks to queue
[2025-03-07T11:04:38.029+0000] {logging_mixin.py:190} INFO - [2025-03-07T11:04:38.028+0000] {dagbag.py:588} INFO - Filling up the DagBag from /home/airflow/.local/lib/python3.12/site-packages/airflow/example_dags/example_latest_only.py
[2025-03-07T11:04:38.085+0000] {processor.py:925} INFO - DAG(s) 'latest_only' retrieved from /home/airflow/.local/lib/python3.12/site-packages/airflow/example_dags/example_latest_only.py
[2025-03-07T11:04:38.254+0000] {logging_mixin.py:190} INFO - [2025-03-07T11:04:38.253+0000] {dag.py:3239} INFO - Sync 1 DAGs
[2025-03-07T11:04:38.368+0000] {logging_mixin.py:190} INFO - [2025-03-07T11:04:38.368+0000] {dag.py:4180} INFO - Setting next_dagrun for latest_only to 2025-03-07 04:00:00+00:00, run_after=2025-03-07 08:00:00+00:00
[2025-03-07T11:04:38.552+0000] {processor.py:208} INFO - Processing /home/airflow/.local/lib/python3.12/site-packages/airflow/example_dags/example_latest_only.py took 0.640 seconds
[2025-03-07T11:05:13.667+0000] {processor.py:186} INFO - Started process (PID=1914) to work on /home/airflow/.local/lib/python3.12/site-packages/airflow/example_dags/example_latest_only.py
[2025-03-07T11:05:13.676+0000] {processor.py:914} INFO - Processing file /home/airflow/.local/lib/python3.12/site-packages/airflow/example_dags/example_latest_only.py for tasks to queue
[2025-03-07T11:05:13.684+0000] {logging_mixin.py:190} INFO - [2025-03-07T11:05:13.683+0000] {dagbag.py:588} INFO - Filling up the DagBag from /home/airflow/.local/lib/python3.12/site-packages/airflow/example_dags/example_latest_only.py
[2025-03-07T11:05:13.715+0000] {processor.py:925} INFO - DAG(s) 'latest_only' retrieved from /home/airflow/.local/lib/python3.12/site-packages/airflow/example_dags/example_latest_only.py
[2025-03-07T11:05:13.830+0000] {logging_mixin.py:190} INFO - [2025-03-07T11:05:13.830+0000] {dag.py:3239} INFO - Sync 1 DAGs
[2025-03-07T11:05:13.954+0000] {logging_mixin.py:190} INFO - [2025-03-07T11:05:13.953+0000] {dag.py:4180} INFO - Setting next_dagrun for latest_only to 2025-03-07 04:00:00+00:00, run_after=2025-03-07 08:00:00+00:00
[2025-03-07T11:05:14.066+0000] {processor.py:208} INFO - Processing /home/airflow/.local/lib/python3.12/site-packages/airflow/example_dags/example_latest_only.py took 0.414 seconds
[2025-03-07T11:05:48.809+0000] {processor.py:186} INFO - Started process (PID=1969) to work on /home/airflow/.local/lib/python3.12/site-packages/airflow/example_dags/example_latest_only.py
[2025-03-07T11:05:48.822+0000] {processor.py:914} INFO - Processing file /home/airflow/.local/lib/python3.12/site-packages/airflow/example_dags/example_latest_only.py for tasks to queue
[2025-03-07T11:05:48.828+0000] {logging_mixin.py:190} INFO - [2025-03-07T11:05:48.827+0000] {dagbag.py:588} INFO - Filling up the DagBag from /home/airflow/.local/lib/python3.12/site-packages/airflow/example_dags/example_latest_only.py
[2025-03-07T11:05:48.854+0000] {processor.py:925} INFO - DAG(s) 'latest_only' retrieved from /home/airflow/.local/lib/python3.12/site-packages/airflow/example_dags/example_latest_only.py
[2025-03-07T11:05:48.918+0000] {logging_mixin.py:190} INFO - [2025-03-07T11:05:48.918+0000] {dag.py:3239} INFO - Sync 1 DAGs
[2025-03-07T11:05:49.027+0000] {logging_mixin.py:190} INFO - [2025-03-07T11:05:49.027+0000] {dag.py:4180} INFO - Setting next_dagrun for latest_only to 2025-03-07 04:00:00+00:00, run_after=2025-03-07 08:00:00+00:00
[2025-03-07T11:05:49.155+0000] {processor.py:208} INFO - Processing /home/airflow/.local/lib/python3.12/site-packages/airflow/example_dags/example_latest_only.py took 0.362 seconds
[2025-03-07T11:06:19.284+0000] {processor.py:186} INFO - Started process (PID=2032) to work on /home/airflow/.local/lib/python3.12/site-packages/airflow/example_dags/example_latest_only.py
[2025-03-07T11:06:19.286+0000] {processor.py:914} INFO - Processing file /home/airflow/.local/lib/python3.12/site-packages/airflow/example_dags/example_latest_only.py for tasks to queue
[2025-03-07T11:06:19.290+0000] {logging_mixin.py:190} INFO - [2025-03-07T11:06:19.289+0000] {dagbag.py:588} INFO - Filling up the DagBag from /home/airflow/.local/lib/python3.12/site-packages/airflow/example_dags/example_latest_only.py
[2025-03-07T11:06:19.305+0000] {processor.py:925} INFO - DAG(s) 'latest_only' retrieved from /home/airflow/.local/lib/python3.12/site-packages/airflow/example_dags/example_latest_only.py
[2025-03-07T11:06:19.339+0000] {logging_mixin.py:190} INFO - [2025-03-07T11:06:19.338+0000] {dag.py:3239} INFO - Sync 1 DAGs
[2025-03-07T11:06:19.389+0000] {logging_mixin.py:190} INFO - [2025-03-07T11:06:19.388+0000] {dag.py:4180} INFO - Setting next_dagrun for latest_only to 2025-03-07 04:00:00+00:00, run_after=2025-03-07 08:00:00+00:00
[2025-03-07T11:06:19.428+0000] {processor.py:208} INFO - Processing /home/airflow/.local/lib/python3.12/site-packages/airflow/example_dags/example_latest_only.py took 0.154 seconds
[2025-03-07T11:06:50.283+0000] {processor.py:186} INFO - Started process (PID=2095) to work on /home/airflow/.local/lib/python3.12/site-packages/airflow/example_dags/example_latest_only.py
[2025-03-07T11:06:50.286+0000] {processor.py:914} INFO - Processing file /home/airflow/.local/lib/python3.12/site-packages/airflow/example_dags/example_latest_only.py for tasks to queue
[2025-03-07T11:06:50.291+0000] {logging_mixin.py:190} INFO - [2025-03-07T11:06:50.290+0000] {dagbag.py:588} INFO - Filling up the DagBag from /home/airflow/.local/lib/python3.12/site-packages/airflow/example_dags/example_latest_only.py
[2025-03-07T11:06:50.309+0000] {processor.py:925} INFO - DAG(s) 'latest_only' retrieved from /home/airflow/.local/lib/python3.12/site-packages/airflow/example_dags/example_latest_only.py
[2025-03-07T11:06:50.354+0000] {logging_mixin.py:190} INFO - [2025-03-07T11:06:50.353+0000] {dag.py:3239} INFO - Sync 1 DAGs
[2025-03-07T11:06:50.412+0000] {logging_mixin.py:190} INFO - [2025-03-07T11:06:50.411+0000] {dag.py:4180} INFO - Setting next_dagrun for latest_only to 2025-03-07 04:00:00+00:00, run_after=2025-03-07 08:00:00+00:00
[2025-03-07T11:06:50.456+0000] {processor.py:208} INFO - Processing /home/airflow/.local/lib/python3.12/site-packages/airflow/example_dags/example_latest_only.py took 0.187 seconds
[2025-03-07T11:07:22.045+0000] {processor.py:186} INFO - Started process (PID=2158) to work on /home/airflow/.local/lib/python3.12/site-packages/airflow/example_dags/example_latest_only.py
[2025-03-07T11:07:22.047+0000] {processor.py:914} INFO - Processing file /home/airflow/.local/lib/python3.12/site-packages/airflow/example_dags/example_latest_only.py for tasks to queue
[2025-03-07T11:07:22.052+0000] {logging_mixin.py:190} INFO - [2025-03-07T11:07:22.051+0000] {dagbag.py:588} INFO - Filling up the DagBag from /home/airflow/.local/lib/python3.12/site-packages/airflow/example_dags/example_latest_only.py
[2025-03-07T11:07:22.070+0000] {processor.py:925} INFO - DAG(s) 'latest_only' retrieved from /home/airflow/.local/lib/python3.12/site-packages/airflow/example_dags/example_latest_only.py
[2025-03-07T11:07:22.112+0000] {logging_mixin.py:190} INFO - [2025-03-07T11:07:22.112+0000] {dag.py:3239} INFO - Sync 1 DAGs
[2025-03-07T11:07:22.186+0000] {logging_mixin.py:190} INFO - [2025-03-07T11:07:22.185+0000] {dag.py:4180} INFO - Setting next_dagrun for latest_only to 2025-03-07 04:00:00+00:00, run_after=2025-03-07 08:00:00+00:00
[2025-03-07T11:07:22.253+0000] {processor.py:208} INFO - Processing /home/airflow/.local/lib/python3.12/site-packages/airflow/example_dags/example_latest_only.py took 0.221 seconds
[2025-03-07T11:07:52.992+0000] {processor.py:186} INFO - Started process (PID=2221) to work on /home/airflow/.local/lib/python3.12/site-packages/airflow/example_dags/example_latest_only.py
[2025-03-07T11:07:52.994+0000] {processor.py:914} INFO - Processing file /home/airflow/.local/lib/python3.12/site-packages/airflow/example_dags/example_latest_only.py for tasks to queue
[2025-03-07T11:07:52.999+0000] {logging_mixin.py:190} INFO - [2025-03-07T11:07:52.999+0000] {dagbag.py:588} INFO - Filling up the DagBag from /home/airflow/.local/lib/python3.12/site-packages/airflow/example_dags/example_latest_only.py
[2025-03-07T11:07:53.017+0000] {processor.py:925} INFO - DAG(s) 'latest_only' retrieved from /home/airflow/.local/lib/python3.12/site-packages/airflow/example_dags/example_latest_only.py
[2025-03-07T11:07:53.065+0000] {logging_mixin.py:190} INFO - [2025-03-07T11:07:53.065+0000] {dag.py:3239} INFO - Sync 1 DAGs
[2025-03-07T11:07:53.147+0000] {logging_mixin.py:190} INFO - [2025-03-07T11:07:53.146+0000] {dag.py:4180} INFO - Setting next_dagrun for latest_only to 2025-03-07 04:00:00+00:00, run_after=2025-03-07 08:00:00+00:00
[2025-03-07T11:07:53.218+0000] {processor.py:208} INFO - Processing /home/airflow/.local/lib/python3.12/site-packages/airflow/example_dags/example_latest_only.py took 0.244 seconds
[2025-03-07T11:08:23.757+0000] {processor.py:186} INFO - Started process (PID=2283) to work on /home/airflow/.local/lib/python3.12/site-packages/airflow/example_dags/example_latest_only.py
[2025-03-07T11:08:23.759+0000] {processor.py:914} INFO - Processing file /home/airflow/.local/lib/python3.12/site-packages/airflow/example_dags/example_latest_only.py for tasks to queue
[2025-03-07T11:08:23.771+0000] {logging_mixin.py:190} INFO - [2025-03-07T11:08:23.770+0000] {dagbag.py:588} INFO - Filling up the DagBag from /home/airflow/.local/lib/python3.12/site-packages/airflow/example_dags/example_latest_only.py
[2025-03-07T11:08:23.786+0000] {processor.py:925} INFO - DAG(s) 'latest_only' retrieved from /home/airflow/.local/lib/python3.12/site-packages/airflow/example_dags/example_latest_only.py
[2025-03-07T11:08:23.826+0000] {logging_mixin.py:190} INFO - [2025-03-07T11:08:23.825+0000] {dag.py:3239} INFO - Sync 1 DAGs
[2025-03-07T11:08:23.891+0000] {logging_mixin.py:190} INFO - [2025-03-07T11:08:23.891+0000] {dag.py:4180} INFO - Setting next_dagrun for latest_only to 2025-03-07 04:00:00+00:00, run_after=2025-03-07 08:00:00+00:00
[2025-03-07T11:08:23.935+0000] {processor.py:208} INFO - Processing /home/airflow/.local/lib/python3.12/site-packages/airflow/example_dags/example_latest_only.py took 0.195 seconds
[2025-03-07T11:08:54.470+0000] {processor.py:186} INFO - Started process (PID=2345) to work on /home/airflow/.local/lib/python3.12/site-packages/airflow/example_dags/example_latest_only.py
[2025-03-07T11:08:54.472+0000] {processor.py:914} INFO - Processing file /home/airflow/.local/lib/python3.12/site-packages/airflow/example_dags/example_latest_only.py for tasks to queue
[2025-03-07T11:08:54.477+0000] {logging_mixin.py:190} INFO - [2025-03-07T11:08:54.476+0000] {dagbag.py:588} INFO - Filling up the DagBag from /home/airflow/.local/lib/python3.12/site-packages/airflow/example_dags/example_latest_only.py
[2025-03-07T11:08:54.489+0000] {processor.py:925} INFO - DAG(s) 'latest_only' retrieved from /home/airflow/.local/lib/python3.12/site-packages/airflow/example_dags/example_latest_only.py
[2025-03-07T11:08:54.536+0000] {logging_mixin.py:190} INFO - [2025-03-07T11:08:54.535+0000] {dag.py:3239} INFO - Sync 1 DAGs
[2025-03-07T11:08:54.600+0000] {logging_mixin.py:190} INFO - [2025-03-07T11:08:54.600+0000] {dag.py:4180} INFO - Setting next_dagrun for latest_only to 2025-03-07 04:00:00+00:00, run_after=2025-03-07 08:00:00+00:00
[2025-03-07T11:08:54.639+0000] {processor.py:208} INFO - Processing /home/airflow/.local/lib/python3.12/site-packages/airflow/example_dags/example_latest_only.py took 0.178 seconds
[2025-03-07T11:09:24.795+0000] {processor.py:186} INFO - Started process (PID=2407) to work on /home/airflow/.local/lib/python3.12/site-packages/airflow/example_dags/example_latest_only.py
[2025-03-07T11:09:24.797+0000] {processor.py:914} INFO - Processing file /home/airflow/.local/lib/python3.12/site-packages/airflow/example_dags/example_latest_only.py for tasks to queue
[2025-03-07T11:09:24.802+0000] {logging_mixin.py:190} INFO - [2025-03-07T11:09:24.801+0000] {dagbag.py:588} INFO - Filling up the DagBag from /home/airflow/.local/lib/python3.12/site-packages/airflow/example_dags/example_latest_only.py
[2025-03-07T11:09:24.822+0000] {processor.py:925} INFO - DAG(s) 'latest_only' retrieved from /home/airflow/.local/lib/python3.12/site-packages/airflow/example_dags/example_latest_only.py
[2025-03-07T11:09:24.861+0000] {logging_mixin.py:190} INFO - [2025-03-07T11:09:24.860+0000] {dag.py:3239} INFO - Sync 1 DAGs
[2025-03-07T11:09:24.924+0000] {logging_mixin.py:190} INFO - [2025-03-07T11:09:24.924+0000] {dag.py:4180} INFO - Setting next_dagrun for latest_only to 2025-03-07 04:00:00+00:00, run_after=2025-03-07 08:00:00+00:00
[2025-03-07T11:09:24.967+0000] {processor.py:208} INFO - Processing /home/airflow/.local/lib/python3.12/site-packages/airflow/example_dags/example_latest_only.py took 0.185 seconds
[2025-03-07T11:09:55.535+0000] {processor.py:186} INFO - Started process (PID=2470) to work on /home/airflow/.local/lib/python3.12/site-packages/airflow/example_dags/example_latest_only.py
[2025-03-07T11:09:55.538+0000] {processor.py:914} INFO - Processing file /home/airflow/.local/lib/python3.12/site-packages/airflow/example_dags/example_latest_only.py for tasks to queue
[2025-03-07T11:09:55.571+0000] {logging_mixin.py:190} INFO - [2025-03-07T11:09:55.545+0000] {dagbag.py:588} INFO - Filling up the DagBag from /home/airflow/.local/lib/python3.12/site-packages/airflow/example_dags/example_latest_only.py
[2025-03-07T11:09:55.607+0000] {processor.py:925} INFO - DAG(s) 'latest_only' retrieved from /home/airflow/.local/lib/python3.12/site-packages/airflow/example_dags/example_latest_only.py
[2025-03-07T11:09:55.666+0000] {logging_mixin.py:190} INFO - [2025-03-07T11:09:55.665+0000] {dag.py:3239} INFO - Sync 1 DAGs
[2025-03-07T11:09:55.773+0000] {logging_mixin.py:190} INFO - [2025-03-07T11:09:55.773+0000] {dag.py:4180} INFO - Setting next_dagrun for latest_only to 2025-03-07 04:00:00+00:00, run_after=2025-03-07 08:00:00+00:00
[2025-03-07T11:09:55.893+0000] {processor.py:208} INFO - Processing /home/airflow/.local/lib/python3.12/site-packages/airflow/example_dags/example_latest_only.py took 0.389 seconds
[2025-03-07T11:10:26.612+0000] {processor.py:186} INFO - Started process (PID=2533) to work on /home/airflow/.local/lib/python3.12/site-packages/airflow/example_dags/example_latest_only.py
[2025-03-07T11:10:26.614+0000] {processor.py:914} INFO - Processing file /home/airflow/.local/lib/python3.12/site-packages/airflow/example_dags/example_latest_only.py for tasks to queue
[2025-03-07T11:10:26.617+0000] {logging_mixin.py:190} INFO - [2025-03-07T11:10:26.617+0000] {dagbag.py:588} INFO - Filling up the DagBag from /home/airflow/.local/lib/python3.12/site-packages/airflow/example_dags/example_latest_only.py
[2025-03-07T11:10:26.628+0000] {processor.py:925} INFO - DAG(s) 'latest_only' retrieved from /home/airflow/.local/lib/python3.12/site-packages/airflow/example_dags/example_latest_only.py
[2025-03-07T11:10:26.668+0000] {logging_mixin.py:190} INFO - [2025-03-07T11:10:26.667+0000] {dag.py:3239} INFO - Sync 1 DAGs
[2025-03-07T11:10:26.720+0000] {logging_mixin.py:190} INFO - [2025-03-07T11:10:26.720+0000] {dag.py:4180} INFO - Setting next_dagrun for latest_only to 2025-03-07 04:00:00+00:00, run_after=2025-03-07 08:00:00+00:00
[2025-03-07T11:10:26.755+0000] {processor.py:208} INFO - Processing /home/airflow/.local/lib/python3.12/site-packages/airflow/example_dags/example_latest_only.py took 0.152 seconds
[2025-03-07T11:10:57.591+0000] {processor.py:186} INFO - Started process (PID=2595) to work on /home/airflow/.local/lib/python3.12/site-packages/airflow/example_dags/example_latest_only.py
[2025-03-07T11:10:57.592+0000] {processor.py:914} INFO - Processing file /home/airflow/.local/lib/python3.12/site-packages/airflow/example_dags/example_latest_only.py for tasks to queue
[2025-03-07T11:10:57.594+0000] {logging_mixin.py:190} INFO - [2025-03-07T11:10:57.594+0000] {dagbag.py:588} INFO - Filling up the DagBag from /home/airflow/.local/lib/python3.12/site-packages/airflow/example_dags/example_latest_only.py
[2025-03-07T11:10:57.601+0000] {processor.py:925} INFO - DAG(s) 'latest_only' retrieved from /home/airflow/.local/lib/python3.12/site-packages/airflow/example_dags/example_latest_only.py
[2025-03-07T11:10:57.621+0000] {logging_mixin.py:190} INFO - [2025-03-07T11:10:57.621+0000] {dag.py:3239} INFO - Sync 1 DAGs
[2025-03-07T11:10:57.647+0000] {logging_mixin.py:190} INFO - [2025-03-07T11:10:57.646+0000] {dag.py:4180} INFO - Setting next_dagrun for latest_only to 2025-03-07 04:00:00+00:00, run_after=2025-03-07 08:00:00+00:00
[2025-03-07T11:10:57.672+0000] {processor.py:208} INFO - Processing /home/airflow/.local/lib/python3.12/site-packages/airflow/example_dags/example_latest_only.py took 0.087 seconds
[2025-03-07T11:11:27.895+0000] {processor.py:186} INFO - Started process (PID=2658) to work on /home/airflow/.local/lib/python3.12/site-packages/airflow/example_dags/example_latest_only.py
[2025-03-07T11:11:27.896+0000] {processor.py:914} INFO - Processing file /home/airflow/.local/lib/python3.12/site-packages/airflow/example_dags/example_latest_only.py for tasks to queue
[2025-03-07T11:11:27.898+0000] {logging_mixin.py:190} INFO - [2025-03-07T11:11:27.898+0000] {dagbag.py:588} INFO - Filling up the DagBag from /home/airflow/.local/lib/python3.12/site-packages/airflow/example_dags/example_latest_only.py
[2025-03-07T11:11:27.906+0000] {processor.py:925} INFO - DAG(s) 'latest_only' retrieved from /home/airflow/.local/lib/python3.12/site-packages/airflow/example_dags/example_latest_only.py
[2025-03-07T11:11:27.926+0000] {logging_mixin.py:190} INFO - [2025-03-07T11:11:27.926+0000] {dag.py:3239} INFO - Sync 1 DAGs
[2025-03-07T11:11:27.951+0000] {logging_mixin.py:190} INFO - [2025-03-07T11:11:27.951+0000] {dag.py:4180} INFO - Setting next_dagrun for latest_only to 2025-03-07 04:00:00+00:00, run_after=2025-03-07 08:00:00+00:00
[2025-03-07T11:11:27.972+0000] {processor.py:208} INFO - Processing /home/airflow/.local/lib/python3.12/site-packages/airflow/example_dags/example_latest_only.py took 0.084 seconds
[2025-03-07T11:11:58.047+0000] {processor.py:186} INFO - Started process (PID=2721) to work on /home/airflow/.local/lib/python3.12/site-packages/airflow/example_dags/example_latest_only.py
[2025-03-07T11:11:58.048+0000] {processor.py:914} INFO - Processing file /home/airflow/.local/lib/python3.12/site-packages/airflow/example_dags/example_latest_only.py for tasks to queue
[2025-03-07T11:11:58.052+0000] {logging_mixin.py:190} INFO - [2025-03-07T11:11:58.051+0000] {dagbag.py:588} INFO - Filling up the DagBag from /home/airflow/.local/lib/python3.12/site-packages/airflow/example_dags/example_latest_only.py
[2025-03-07T11:11:58.063+0000] {processor.py:925} INFO - DAG(s) 'latest_only' retrieved from /home/airflow/.local/lib/python3.12/site-packages/airflow/example_dags/example_latest_only.py
[2025-03-07T11:11:58.091+0000] {logging_mixin.py:190} INFO - [2025-03-07T11:11:58.091+0000] {dag.py:3239} INFO - Sync 1 DAGs
[2025-03-07T11:11:58.131+0000] {logging_mixin.py:190} INFO - [2025-03-07T11:11:58.131+0000] {dag.py:4180} INFO - Setting next_dagrun for latest_only to 2025-03-07 04:00:00+00:00, run_after=2025-03-07 08:00:00+00:00
[2025-03-07T11:11:58.167+0000] {processor.py:208} INFO - Processing /home/airflow/.local/lib/python3.12/site-packages/airflow/example_dags/example_latest_only.py took 0.131 seconds
[2025-03-07T11:12:28.672+0000] {processor.py:186} INFO - Started process (PID=2784) to work on /home/airflow/.local/lib/python3.12/site-packages/airflow/example_dags/example_latest_only.py
[2025-03-07T11:12:28.676+0000] {processor.py:914} INFO - Processing file /home/airflow/.local/lib/python3.12/site-packages/airflow/example_dags/example_latest_only.py for tasks to queue
[2025-03-07T11:12:28.682+0000] {logging_mixin.py:190} INFO - [2025-03-07T11:12:28.681+0000] {dagbag.py:588} INFO - Filling up the DagBag from /home/airflow/.local/lib/python3.12/site-packages/airflow/example_dags/example_latest_only.py
[2025-03-07T11:12:28.698+0000] {processor.py:925} INFO - DAG(s) 'latest_only' retrieved from /home/airflow/.local/lib/python3.12/site-packages/airflow/example_dags/example_latest_only.py
[2025-03-07T11:12:28.795+0000] {logging_mixin.py:190} INFO - [2025-03-07T11:12:28.795+0000] {dag.py:3239} INFO - Sync 1 DAGs
[2025-03-07T11:12:28.882+0000] {logging_mixin.py:190} INFO - [2025-03-07T11:12:28.881+0000] {dag.py:4180} INFO - Setting next_dagrun for latest_only to 2025-03-07 04:00:00+00:00, run_after=2025-03-07 08:00:00+00:00
[2025-03-07T11:12:28.977+0000] {processor.py:208} INFO - Processing /home/airflow/.local/lib/python3.12/site-packages/airflow/example_dags/example_latest_only.py took 0.340 seconds
[2025-03-07T11:12:59.130+0000] {processor.py:186} INFO - Started process (PID=2847) to work on /home/airflow/.local/lib/python3.12/site-packages/airflow/example_dags/example_latest_only.py
[2025-03-07T11:12:59.132+0000] {processor.py:914} INFO - Processing file /home/airflow/.local/lib/python3.12/site-packages/airflow/example_dags/example_latest_only.py for tasks to queue
[2025-03-07T11:12:59.138+0000] {logging_mixin.py:190} INFO - [2025-03-07T11:12:59.137+0000] {dagbag.py:588} INFO - Filling up the DagBag from /home/airflow/.local/lib/python3.12/site-packages/airflow/example_dags/example_latest_only.py
[2025-03-07T11:12:59.158+0000] {processor.py:925} INFO - DAG(s) 'latest_only' retrieved from /home/airflow/.local/lib/python3.12/site-packages/airflow/example_dags/example_latest_only.py
[2025-03-07T11:12:59.208+0000] {logging_mixin.py:190} INFO - [2025-03-07T11:12:59.208+0000] {dag.py:3239} INFO - Sync 1 DAGs
[2025-03-07T11:12:59.273+0000] {logging_mixin.py:190} INFO - [2025-03-07T11:12:59.272+0000] {dag.py:4180} INFO - Setting next_dagrun for latest_only to 2025-03-07 04:00:00+00:00, run_after=2025-03-07 08:00:00+00:00
[2025-03-07T11:12:59.330+0000] {processor.py:208} INFO - Processing /home/airflow/.local/lib/python3.12/site-packages/airflow/example_dags/example_latest_only.py took 0.217 seconds
[2025-03-07T11:13:30.450+0000] {processor.py:186} INFO - Started process (PID=2910) to work on /home/airflow/.local/lib/python3.12/site-packages/airflow/example_dags/example_latest_only.py
[2025-03-07T11:13:30.471+0000] {processor.py:914} INFO - Processing file /home/airflow/.local/lib/python3.12/site-packages/airflow/example_dags/example_latest_only.py for tasks to queue
[2025-03-07T11:13:30.488+0000] {logging_mixin.py:190} INFO - [2025-03-07T11:13:30.487+0000] {dagbag.py:588} INFO - Filling up the DagBag from /home/airflow/.local/lib/python3.12/site-packages/airflow/example_dags/example_latest_only.py
[2025-03-07T11:13:30.522+0000] {processor.py:925} INFO - DAG(s) 'latest_only' retrieved from /home/airflow/.local/lib/python3.12/site-packages/airflow/example_dags/example_latest_only.py
[2025-03-07T11:13:30.672+0000] {logging_mixin.py:190} INFO - [2025-03-07T11:13:30.671+0000] {dag.py:3239} INFO - Sync 1 DAGs
[2025-03-07T11:13:30.921+0000] {logging_mixin.py:190} INFO - [2025-03-07T11:13:30.921+0000] {dag.py:4180} INFO - Setting next_dagrun for latest_only to 2025-03-07 04:00:00+00:00, run_after=2025-03-07 08:00:00+00:00
[2025-03-07T11:13:31.132+0000] {processor.py:208} INFO - Processing /home/airflow/.local/lib/python3.12/site-packages/airflow/example_dags/example_latest_only.py took 0.744 seconds
