[2025-03-07T10:49:36.432+0000] {processor.py:186} INFO - Started process (PID=127) to work on /home/airflow/.local/lib/python3.12/site-packages/airflow/example_dags/example_branch_day_of_week_operator.py
[2025-03-07T10:49:36.434+0000] {processor.py:914} INFO - Processing file /home/airflow/.local/lib/python3.12/site-packages/airflow/example_dags/example_branch_day_of_week_operator.py for tasks to queue
[2025-03-07T10:49:36.438+0000] {logging_mixin.py:190} INFO - [2025-03-07T10:49:36.437+0000] {dagbag.py:588} INFO - Filling up the DagBag from /home/airflow/.local/lib/python3.12/site-packages/airflow/example_dags/example_branch_day_of_week_operator.py
[2025-03-07T10:49:36.459+0000] {processor.py:925} INFO - DAG(s) 'example_weekday_branch_operator' retrieved from /home/airflow/.local/lib/python3.12/site-packages/airflow/example_dags/example_branch_day_of_week_operator.py
[2025-03-07T10:49:36.634+0000] {logging_mixin.py:190} INFO - [2025-03-07T10:49:36.633+0000] {override.py:1912} INFO - Created Permission View: can delete on DAG:example_weekday_branch_operator
[2025-03-07T10:49:36.653+0000] {logging_mixin.py:190} INFO - [2025-03-07T10:49:36.653+0000] {override.py:1912} INFO - Created Permission View: can read on DAG:example_weekday_branch_operator
[2025-03-07T10:49:36.666+0000] {logging_mixin.py:190} INFO - [2025-03-07T10:49:36.665+0000] {override.py:1912} INFO - Created Permission View: can edit on DAG:example_weekday_branch_operator
[2025-03-07T10:49:36.678+0000] {logging_mixin.py:190} INFO - [2025-03-07T10:49:36.677+0000] {override.py:1912} INFO - Created Permission View: can delete on DAG Run:example_weekday_branch_operator
[2025-03-07T10:49:36.691+0000] {logging_mixin.py:190} INFO - [2025-03-07T10:49:36.691+0000] {override.py:1912} INFO - Created Permission View: can create on DAG Run:example_weekday_branch_operator
[2025-03-07T10:49:36.703+0000] {logging_mixin.py:190} INFO - [2025-03-07T10:49:36.703+0000] {override.py:1912} INFO - Created Permission View: menu access on DAG Run:example_weekday_branch_operator
[2025-03-07T10:49:36.715+0000] {logging_mixin.py:190} INFO - [2025-03-07T10:49:36.714+0000] {override.py:1912} INFO - Created Permission View: can read on DAG Run:example_weekday_branch_operator
[2025-03-07T10:49:36.716+0000] {logging_mixin.py:190} INFO - [2025-03-07T10:49:36.716+0000] {dag.py:3239} INFO - Sync 1 DAGs
[2025-03-07T10:49:36.742+0000] {logging_mixin.py:190} INFO - [2025-03-07T10:49:36.741+0000] {dag.py:3262} INFO - Creating ORM DAG for example_weekday_branch_operator
[2025-03-07T10:49:36.762+0000] {logging_mixin.py:190} INFO - [2025-03-07T10:49:36.762+0000] {dag.py:4180} INFO - Setting next_dagrun for example_weekday_branch_operator to 2025-03-06 00:00:00+00:00, run_after=2025-03-07 00:00:00+00:00
[2025-03-07T10:49:36.785+0000] {processor.py:208} INFO - Processing /home/airflow/.local/lib/python3.12/site-packages/airflow/example_dags/example_branch_day_of_week_operator.py took 0.364 seconds
[2025-03-07T10:50:07.607+0000] {processor.py:186} INFO - Started process (PID=190) to work on /home/airflow/.local/lib/python3.12/site-packages/airflow/example_dags/example_branch_day_of_week_operator.py
[2025-03-07T10:50:07.609+0000] {processor.py:914} INFO - Processing file /home/airflow/.local/lib/python3.12/site-packages/airflow/example_dags/example_branch_day_of_week_operator.py for tasks to queue
[2025-03-07T10:50:07.611+0000] {logging_mixin.py:190} INFO - [2025-03-07T10:50:07.611+0000] {dagbag.py:588} INFO - Filling up the DagBag from /home/airflow/.local/lib/python3.12/site-packages/airflow/example_dags/example_branch_day_of_week_operator.py
[2025-03-07T10:50:07.626+0000] {processor.py:925} INFO - DAG(s) 'example_weekday_branch_operator' retrieved from /home/airflow/.local/lib/python3.12/site-packages/airflow/example_dags/example_branch_day_of_week_operator.py
[2025-03-07T10:50:07.654+0000] {logging_mixin.py:190} INFO - [2025-03-07T10:50:07.653+0000] {dag.py:3239} INFO - Sync 1 DAGs
[2025-03-07T10:50:07.693+0000] {logging_mixin.py:190} INFO - [2025-03-07T10:50:07.692+0000] {dag.py:4180} INFO - Setting next_dagrun for example_weekday_branch_operator to 2025-03-06 00:00:00+00:00, run_after=2025-03-07 00:00:00+00:00
[2025-03-07T10:50:07.721+0000] {processor.py:208} INFO - Processing /home/airflow/.local/lib/python3.12/site-packages/airflow/example_dags/example_branch_day_of_week_operator.py took 0.120 seconds
[2025-03-07T10:50:38.358+0000] {processor.py:186} INFO - Started process (PID=253) to work on /home/airflow/.local/lib/python3.12/site-packages/airflow/example_dags/example_branch_day_of_week_operator.py
[2025-03-07T10:50:38.359+0000] {processor.py:914} INFO - Processing file /home/airflow/.local/lib/python3.12/site-packages/airflow/example_dags/example_branch_day_of_week_operator.py for tasks to queue
[2025-03-07T10:50:38.362+0000] {logging_mixin.py:190} INFO - [2025-03-07T10:50:38.361+0000] {dagbag.py:588} INFO - Filling up the DagBag from /home/airflow/.local/lib/python3.12/site-packages/airflow/example_dags/example_branch_day_of_week_operator.py
[2025-03-07T10:50:38.373+0000] {processor.py:925} INFO - DAG(s) 'example_weekday_branch_operator' retrieved from /home/airflow/.local/lib/python3.12/site-packages/airflow/example_dags/example_branch_day_of_week_operator.py
[2025-03-07T10:50:38.401+0000] {logging_mixin.py:190} INFO - [2025-03-07T10:50:38.401+0000] {dag.py:3239} INFO - Sync 1 DAGs
[2025-03-07T10:50:38.441+0000] {logging_mixin.py:190} INFO - [2025-03-07T10:50:38.441+0000] {dag.py:4180} INFO - Setting next_dagrun for example_weekday_branch_operator to 2025-03-06 00:00:00+00:00, run_after=2025-03-07 00:00:00+00:00
[2025-03-07T10:50:38.468+0000] {processor.py:208} INFO - Processing /home/airflow/.local/lib/python3.12/site-packages/airflow/example_dags/example_branch_day_of_week_operator.py took 0.117 seconds
[2025-03-07T10:51:09.054+0000] {processor.py:186} INFO - Started process (PID=317) to work on /home/airflow/.local/lib/python3.12/site-packages/airflow/example_dags/example_branch_day_of_week_operator.py
[2025-03-07T10:51:09.056+0000] {processor.py:914} INFO - Processing file /home/airflow/.local/lib/python3.12/site-packages/airflow/example_dags/example_branch_day_of_week_operator.py for tasks to queue
[2025-03-07T10:51:09.058+0000] {logging_mixin.py:190} INFO - [2025-03-07T10:51:09.058+0000] {dagbag.py:588} INFO - Filling up the DagBag from /home/airflow/.local/lib/python3.12/site-packages/airflow/example_dags/example_branch_day_of_week_operator.py
[2025-03-07T10:51:09.070+0000] {processor.py:925} INFO - DAG(s) 'example_weekday_branch_operator' retrieved from /home/airflow/.local/lib/python3.12/site-packages/airflow/example_dags/example_branch_day_of_week_operator.py
[2025-03-07T10:51:09.096+0000] {logging_mixin.py:190} INFO - [2025-03-07T10:51:09.095+0000] {dag.py:3239} INFO - Sync 1 DAGs
[2025-03-07T10:51:09.128+0000] {logging_mixin.py:190} INFO - [2025-03-07T10:51:09.128+0000] {dag.py:4180} INFO - Setting next_dagrun for example_weekday_branch_operator to 2025-03-06 00:00:00+00:00, run_after=2025-03-07 00:00:00+00:00
[2025-03-07T10:51:09.153+0000] {processor.py:208} INFO - Processing /home/airflow/.local/lib/python3.12/site-packages/airflow/example_dags/example_branch_day_of_week_operator.py took 0.105 seconds
[2025-03-07T10:51:39.506+0000] {processor.py:186} INFO - Started process (PID=381) to work on /home/airflow/.local/lib/python3.12/site-packages/airflow/example_dags/example_branch_day_of_week_operator.py
[2025-03-07T10:51:39.507+0000] {processor.py:914} INFO - Processing file /home/airflow/.local/lib/python3.12/site-packages/airflow/example_dags/example_branch_day_of_week_operator.py for tasks to queue
[2025-03-07T10:51:39.509+0000] {logging_mixin.py:190} INFO - [2025-03-07T10:51:39.509+0000] {dagbag.py:588} INFO - Filling up the DagBag from /home/airflow/.local/lib/python3.12/site-packages/airflow/example_dags/example_branch_day_of_week_operator.py
[2025-03-07T10:51:39.518+0000] {processor.py:925} INFO - DAG(s) 'example_weekday_branch_operator' retrieved from /home/airflow/.local/lib/python3.12/site-packages/airflow/example_dags/example_branch_day_of_week_operator.py
[2025-03-07T10:51:39.536+0000] {logging_mixin.py:190} INFO - [2025-03-07T10:51:39.536+0000] {dag.py:3239} INFO - Sync 1 DAGs
[2025-03-07T10:51:39.559+0000] {logging_mixin.py:190} INFO - [2025-03-07T10:51:39.559+0000] {dag.py:4180} INFO - Setting next_dagrun for example_weekday_branch_operator to 2025-03-06 00:00:00+00:00, run_after=2025-03-07 00:00:00+00:00
[2025-03-07T10:51:39.577+0000] {processor.py:208} INFO - Processing /home/airflow/.local/lib/python3.12/site-packages/airflow/example_dags/example_branch_day_of_week_operator.py took 0.076 seconds
[2025-03-07T10:52:09.834+0000] {processor.py:186} INFO - Started process (PID=443) to work on /home/airflow/.local/lib/python3.12/site-packages/airflow/example_dags/example_branch_day_of_week_operator.py
[2025-03-07T10:52:09.835+0000] {processor.py:914} INFO - Processing file /home/airflow/.local/lib/python3.12/site-packages/airflow/example_dags/example_branch_day_of_week_operator.py for tasks to queue
[2025-03-07T10:52:09.838+0000] {logging_mixin.py:190} INFO - [2025-03-07T10:52:09.838+0000] {dagbag.py:588} INFO - Filling up the DagBag from /home/airflow/.local/lib/python3.12/site-packages/airflow/example_dags/example_branch_day_of_week_operator.py
[2025-03-07T10:52:09.851+0000] {processor.py:925} INFO - DAG(s) 'example_weekday_branch_operator' retrieved from /home/airflow/.local/lib/python3.12/site-packages/airflow/example_dags/example_branch_day_of_week_operator.py
[2025-03-07T10:52:09.877+0000] {logging_mixin.py:190} INFO - [2025-03-07T10:52:09.877+0000] {dag.py:3239} INFO - Sync 1 DAGs
[2025-03-07T10:52:09.914+0000] {logging_mixin.py:190} INFO - [2025-03-07T10:52:09.914+0000] {dag.py:4180} INFO - Setting next_dagrun for example_weekday_branch_operator to 2025-03-06 00:00:00+00:00, run_after=2025-03-07 00:00:00+00:00
[2025-03-07T10:52:09.938+0000] {processor.py:208} INFO - Processing /home/airflow/.local/lib/python3.12/site-packages/airflow/example_dags/example_branch_day_of_week_operator.py took 0.111 seconds
[2025-03-07T10:52:40.123+0000] {processor.py:186} INFO - Started process (PID=506) to work on /home/airflow/.local/lib/python3.12/site-packages/airflow/example_dags/example_branch_day_of_week_operator.py
[2025-03-07T10:52:40.124+0000] {processor.py:914} INFO - Processing file /home/airflow/.local/lib/python3.12/site-packages/airflow/example_dags/example_branch_day_of_week_operator.py for tasks to queue
[2025-03-07T10:52:40.128+0000] {logging_mixin.py:190} INFO - [2025-03-07T10:52:40.127+0000] {dagbag.py:588} INFO - Filling up the DagBag from /home/airflow/.local/lib/python3.12/site-packages/airflow/example_dags/example_branch_day_of_week_operator.py
[2025-03-07T10:52:40.143+0000] {processor.py:925} INFO - DAG(s) 'example_weekday_branch_operator' retrieved from /home/airflow/.local/lib/python3.12/site-packages/airflow/example_dags/example_branch_day_of_week_operator.py
[2025-03-07T10:52:40.168+0000] {logging_mixin.py:190} INFO - [2025-03-07T10:52:40.167+0000] {dag.py:3239} INFO - Sync 1 DAGs
[2025-03-07T10:52:40.205+0000] {logging_mixin.py:190} INFO - [2025-03-07T10:52:40.205+0000] {dag.py:4180} INFO - Setting next_dagrun for example_weekday_branch_operator to 2025-03-06 00:00:00+00:00, run_after=2025-03-07 00:00:00+00:00
[2025-03-07T10:52:40.229+0000] {processor.py:208} INFO - Processing /home/airflow/.local/lib/python3.12/site-packages/airflow/example_dags/example_branch_day_of_week_operator.py took 0.118 seconds
[2025-03-07T10:53:11.334+0000] {processor.py:186} INFO - Started process (PID=569) to work on /home/airflow/.local/lib/python3.12/site-packages/airflow/example_dags/example_branch_day_of_week_operator.py
[2025-03-07T10:53:11.335+0000] {processor.py:914} INFO - Processing file /home/airflow/.local/lib/python3.12/site-packages/airflow/example_dags/example_branch_day_of_week_operator.py for tasks to queue
[2025-03-07T10:53:11.339+0000] {logging_mixin.py:190} INFO - [2025-03-07T10:53:11.338+0000] {dagbag.py:588} INFO - Filling up the DagBag from /home/airflow/.local/lib/python3.12/site-packages/airflow/example_dags/example_branch_day_of_week_operator.py
[2025-03-07T10:53:11.353+0000] {processor.py:925} INFO - DAG(s) 'example_weekday_branch_operator' retrieved from /home/airflow/.local/lib/python3.12/site-packages/airflow/example_dags/example_branch_day_of_week_operator.py
[2025-03-07T10:53:11.379+0000] {logging_mixin.py:190} INFO - [2025-03-07T10:53:11.379+0000] {dag.py:3239} INFO - Sync 1 DAGs
[2025-03-07T10:53:11.417+0000] {logging_mixin.py:190} INFO - [2025-03-07T10:53:11.417+0000] {dag.py:4180} INFO - Setting next_dagrun for example_weekday_branch_operator to 2025-03-06 00:00:00+00:00, run_after=2025-03-07 00:00:00+00:00
[2025-03-07T10:53:11.447+0000] {processor.py:208} INFO - Processing /home/airflow/.local/lib/python3.12/site-packages/airflow/example_dags/example_branch_day_of_week_operator.py took 0.123 seconds
[2025-03-07T10:53:43.384+0000] {processor.py:186} INFO - Started process (PID=633) to work on /home/airflow/.local/lib/python3.12/site-packages/airflow/example_dags/example_branch_day_of_week_operator.py
[2025-03-07T10:53:43.385+0000] {processor.py:914} INFO - Processing file /home/airflow/.local/lib/python3.12/site-packages/airflow/example_dags/example_branch_day_of_week_operator.py for tasks to queue
[2025-03-07T10:53:43.388+0000] {logging_mixin.py:190} INFO - [2025-03-07T10:53:43.387+0000] {dagbag.py:588} INFO - Filling up the DagBag from /home/airflow/.local/lib/python3.12/site-packages/airflow/example_dags/example_branch_day_of_week_operator.py
[2025-03-07T10:53:43.400+0000] {processor.py:925} INFO - DAG(s) 'example_weekday_branch_operator' retrieved from /home/airflow/.local/lib/python3.12/site-packages/airflow/example_dags/example_branch_day_of_week_operator.py
[2025-03-07T10:53:43.423+0000] {logging_mixin.py:190} INFO - [2025-03-07T10:53:43.422+0000] {dag.py:3239} INFO - Sync 1 DAGs
[2025-03-07T10:53:43.452+0000] {logging_mixin.py:190} INFO - [2025-03-07T10:53:43.452+0000] {dag.py:4180} INFO - Setting next_dagrun for example_weekday_branch_operator to 2025-03-06 00:00:00+00:00, run_after=2025-03-07 00:00:00+00:00
[2025-03-07T10:53:43.475+0000] {processor.py:208} INFO - Processing /home/airflow/.local/lib/python3.12/site-packages/airflow/example_dags/example_branch_day_of_week_operator.py took 0.097 seconds
[2025-03-07T10:54:14.271+0000] {processor.py:186} INFO - Started process (PID=696) to work on /home/airflow/.local/lib/python3.12/site-packages/airflow/example_dags/example_branch_day_of_week_operator.py
[2025-03-07T10:54:14.272+0000] {processor.py:914} INFO - Processing file /home/airflow/.local/lib/python3.12/site-packages/airflow/example_dags/example_branch_day_of_week_operator.py for tasks to queue
[2025-03-07T10:54:14.275+0000] {logging_mixin.py:190} INFO - [2025-03-07T10:54:14.274+0000] {dagbag.py:588} INFO - Filling up the DagBag from /home/airflow/.local/lib/python3.12/site-packages/airflow/example_dags/example_branch_day_of_week_operator.py
[2025-03-07T10:54:14.288+0000] {processor.py:925} INFO - DAG(s) 'example_weekday_branch_operator' retrieved from /home/airflow/.local/lib/python3.12/site-packages/airflow/example_dags/example_branch_day_of_week_operator.py
[2025-03-07T10:54:14.314+0000] {logging_mixin.py:190} INFO - [2025-03-07T10:54:14.314+0000] {dag.py:3239} INFO - Sync 1 DAGs
[2025-03-07T10:54:14.353+0000] {logging_mixin.py:190} INFO - [2025-03-07T10:54:14.353+0000] {dag.py:4180} INFO - Setting next_dagrun for example_weekday_branch_operator to 2025-03-06 00:00:00+00:00, run_after=2025-03-07 00:00:00+00:00
[2025-03-07T10:54:14.382+0000] {processor.py:208} INFO - Processing /home/airflow/.local/lib/python3.12/site-packages/airflow/example_dags/example_branch_day_of_week_operator.py took 0.119 seconds
[2025-03-07T10:54:45.608+0000] {processor.py:186} INFO - Started process (PID=759) to work on /home/airflow/.local/lib/python3.12/site-packages/airflow/example_dags/example_branch_day_of_week_operator.py
[2025-03-07T10:54:45.610+0000] {processor.py:914} INFO - Processing file /home/airflow/.local/lib/python3.12/site-packages/airflow/example_dags/example_branch_day_of_week_operator.py for tasks to queue
[2025-03-07T10:54:45.612+0000] {logging_mixin.py:190} INFO - [2025-03-07T10:54:45.612+0000] {dagbag.py:588} INFO - Filling up the DagBag from /home/airflow/.local/lib/python3.12/site-packages/airflow/example_dags/example_branch_day_of_week_operator.py
[2025-03-07T10:54:45.625+0000] {processor.py:925} INFO - DAG(s) 'example_weekday_branch_operator' retrieved from /home/airflow/.local/lib/python3.12/site-packages/airflow/example_dags/example_branch_day_of_week_operator.py
[2025-03-07T10:54:45.648+0000] {logging_mixin.py:190} INFO - [2025-03-07T10:54:45.648+0000] {dag.py:3239} INFO - Sync 1 DAGs
[2025-03-07T10:54:45.681+0000] {logging_mixin.py:190} INFO - [2025-03-07T10:54:45.680+0000] {dag.py:4180} INFO - Setting next_dagrun for example_weekday_branch_operator to 2025-03-06 00:00:00+00:00, run_after=2025-03-07 00:00:00+00:00
[2025-03-07T10:54:45.705+0000] {processor.py:208} INFO - Processing /home/airflow/.local/lib/python3.12/site-packages/airflow/example_dags/example_branch_day_of_week_operator.py took 0.104 seconds
[2025-03-07T10:55:16.912+0000] {processor.py:186} INFO - Started process (PID=822) to work on /home/airflow/.local/lib/python3.12/site-packages/airflow/example_dags/example_branch_day_of_week_operator.py
[2025-03-07T10:55:16.914+0000] {processor.py:914} INFO - Processing file /home/airflow/.local/lib/python3.12/site-packages/airflow/example_dags/example_branch_day_of_week_operator.py for tasks to queue
[2025-03-07T10:55:16.917+0000] {logging_mixin.py:190} INFO - [2025-03-07T10:55:16.916+0000] {dagbag.py:588} INFO - Filling up the DagBag from /home/airflow/.local/lib/python3.12/site-packages/airflow/example_dags/example_branch_day_of_week_operator.py
[2025-03-07T10:55:16.929+0000] {processor.py:925} INFO - DAG(s) 'example_weekday_branch_operator' retrieved from /home/airflow/.local/lib/python3.12/site-packages/airflow/example_dags/example_branch_day_of_week_operator.py
[2025-03-07T10:55:16.956+0000] {logging_mixin.py:190} INFO - [2025-03-07T10:55:16.956+0000] {dag.py:3239} INFO - Sync 1 DAGs
[2025-03-07T10:55:16.995+0000] {logging_mixin.py:190} INFO - [2025-03-07T10:55:16.995+0000] {dag.py:4180} INFO - Setting next_dagrun for example_weekday_branch_operator to 2025-03-06 00:00:00+00:00, run_after=2025-03-07 00:00:00+00:00
[2025-03-07T10:55:17.022+0000] {processor.py:208} INFO - Processing /home/airflow/.local/lib/python3.12/site-packages/airflow/example_dags/example_branch_day_of_week_operator.py took 0.118 seconds
[2025-03-07T10:55:49.086+0000] {processor.py:186} INFO - Started process (PID=885) to work on /home/airflow/.local/lib/python3.12/site-packages/airflow/example_dags/example_branch_day_of_week_operator.py
[2025-03-07T10:55:49.109+0000] {processor.py:914} INFO - Processing file /home/airflow/.local/lib/python3.12/site-packages/airflow/example_dags/example_branch_day_of_week_operator.py for tasks to queue
[2025-03-07T10:55:49.113+0000] {logging_mixin.py:190} INFO - [2025-03-07T10:55:49.112+0000] {dagbag.py:588} INFO - Filling up the DagBag from /home/airflow/.local/lib/python3.12/site-packages/airflow/example_dags/example_branch_day_of_week_operator.py
[2025-03-07T10:55:49.155+0000] {processor.py:925} INFO - DAG(s) 'example_weekday_branch_operator' retrieved from /home/airflow/.local/lib/python3.12/site-packages/airflow/example_dags/example_branch_day_of_week_operator.py
[2025-03-07T10:55:49.221+0000] {logging_mixin.py:190} INFO - [2025-03-07T10:55:49.220+0000] {dag.py:3239} INFO - Sync 1 DAGs
[2025-03-07T10:55:49.283+0000] {logging_mixin.py:190} INFO - [2025-03-07T10:55:49.283+0000] {dag.py:4180} INFO - Setting next_dagrun for example_weekday_branch_operator to 2025-03-06 00:00:00+00:00, run_after=2025-03-07 00:00:00+00:00
[2025-03-07T10:55:49.333+0000] {processor.py:208} INFO - Processing /home/airflow/.local/lib/python3.12/site-packages/airflow/example_dags/example_branch_day_of_week_operator.py took 0.267 seconds
[2025-03-07T10:56:20.081+0000] {processor.py:186} INFO - Started process (PID=948) to work on /home/airflow/.local/lib/python3.12/site-packages/airflow/example_dags/example_branch_day_of_week_operator.py
[2025-03-07T10:56:20.083+0000] {processor.py:914} INFO - Processing file /home/airflow/.local/lib/python3.12/site-packages/airflow/example_dags/example_branch_day_of_week_operator.py for tasks to queue
[2025-03-07T10:56:20.087+0000] {logging_mixin.py:190} INFO - [2025-03-07T10:56:20.086+0000] {dagbag.py:588} INFO - Filling up the DagBag from /home/airflow/.local/lib/python3.12/site-packages/airflow/example_dags/example_branch_day_of_week_operator.py
[2025-03-07T10:56:20.100+0000] {processor.py:925} INFO - DAG(s) 'example_weekday_branch_operator' retrieved from /home/airflow/.local/lib/python3.12/site-packages/airflow/example_dags/example_branch_day_of_week_operator.py
[2025-03-07T10:56:20.131+0000] {logging_mixin.py:190} INFO - [2025-03-07T10:56:20.131+0000] {dag.py:3239} INFO - Sync 1 DAGs
[2025-03-07T10:56:20.170+0000] {logging_mixin.py:190} INFO - [2025-03-07T10:56:20.169+0000] {dag.py:4180} INFO - Setting next_dagrun for example_weekday_branch_operator to 2025-03-06 00:00:00+00:00, run_after=2025-03-07 00:00:00+00:00
[2025-03-07T10:56:20.199+0000] {processor.py:208} INFO - Processing /home/airflow/.local/lib/python3.12/site-packages/airflow/example_dags/example_branch_day_of_week_operator.py took 0.125 seconds
[2025-03-07T10:56:52.186+0000] {processor.py:186} INFO - Started process (PID=1011) to work on /home/airflow/.local/lib/python3.12/site-packages/airflow/example_dags/example_branch_day_of_week_operator.py
[2025-03-07T10:56:52.188+0000] {processor.py:914} INFO - Processing file /home/airflow/.local/lib/python3.12/site-packages/airflow/example_dags/example_branch_day_of_week_operator.py for tasks to queue
[2025-03-07T10:56:52.192+0000] {logging_mixin.py:190} INFO - [2025-03-07T10:56:52.192+0000] {dagbag.py:588} INFO - Filling up the DagBag from /home/airflow/.local/lib/python3.12/site-packages/airflow/example_dags/example_branch_day_of_week_operator.py
[2025-03-07T10:56:52.212+0000] {processor.py:925} INFO - DAG(s) 'example_weekday_branch_operator' retrieved from /home/airflow/.local/lib/python3.12/site-packages/airflow/example_dags/example_branch_day_of_week_operator.py
[2025-03-07T10:56:52.253+0000] {logging_mixin.py:190} INFO - [2025-03-07T10:56:52.252+0000] {dag.py:3239} INFO - Sync 1 DAGs
[2025-03-07T10:56:52.325+0000] {logging_mixin.py:190} INFO - [2025-03-07T10:56:52.324+0000] {dag.py:4180} INFO - Setting next_dagrun for example_weekday_branch_operator to 2025-03-06 00:00:00+00:00, run_after=2025-03-07 00:00:00+00:00
[2025-03-07T10:56:52.368+0000] {processor.py:208} INFO - Processing /home/airflow/.local/lib/python3.12/site-packages/airflow/example_dags/example_branch_day_of_week_operator.py took 0.193 seconds
[2025-03-07T10:57:24.053+0000] {processor.py:186} INFO - Started process (PID=1074) to work on /home/airflow/.local/lib/python3.12/site-packages/airflow/example_dags/example_branch_day_of_week_operator.py
[2025-03-07T10:57:24.054+0000] {processor.py:914} INFO - Processing file /home/airflow/.local/lib/python3.12/site-packages/airflow/example_dags/example_branch_day_of_week_operator.py for tasks to queue
[2025-03-07T10:57:24.057+0000] {logging_mixin.py:190} INFO - [2025-03-07T10:57:24.057+0000] {dagbag.py:588} INFO - Filling up the DagBag from /home/airflow/.local/lib/python3.12/site-packages/airflow/example_dags/example_branch_day_of_week_operator.py
[2025-03-07T10:57:24.070+0000] {processor.py:925} INFO - DAG(s) 'example_weekday_branch_operator' retrieved from /home/airflow/.local/lib/python3.12/site-packages/airflow/example_dags/example_branch_day_of_week_operator.py
[2025-03-07T10:57:24.096+0000] {logging_mixin.py:190} INFO - [2025-03-07T10:57:24.096+0000] {dag.py:3239} INFO - Sync 1 DAGs
[2025-03-07T10:57:24.130+0000] {logging_mixin.py:190} INFO - [2025-03-07T10:57:24.129+0000] {dag.py:4180} INFO - Setting next_dagrun for example_weekday_branch_operator to 2025-03-06 00:00:00+00:00, run_after=2025-03-07 00:00:00+00:00
[2025-03-07T10:57:24.154+0000] {processor.py:208} INFO - Processing /home/airflow/.local/lib/python3.12/site-packages/airflow/example_dags/example_branch_day_of_week_operator.py took 0.109 seconds
[2025-03-07T10:57:55.657+0000] {processor.py:186} INFO - Started process (PID=1137) to work on /home/airflow/.local/lib/python3.12/site-packages/airflow/example_dags/example_branch_day_of_week_operator.py
[2025-03-07T10:57:55.659+0000] {processor.py:914} INFO - Processing file /home/airflow/.local/lib/python3.12/site-packages/airflow/example_dags/example_branch_day_of_week_operator.py for tasks to queue
[2025-03-07T10:57:55.662+0000] {logging_mixin.py:190} INFO - [2025-03-07T10:57:55.662+0000] {dagbag.py:588} INFO - Filling up the DagBag from /home/airflow/.local/lib/python3.12/site-packages/airflow/example_dags/example_branch_day_of_week_operator.py
[2025-03-07T10:57:55.677+0000] {processor.py:925} INFO - DAG(s) 'example_weekday_branch_operator' retrieved from /home/airflow/.local/lib/python3.12/site-packages/airflow/example_dags/example_branch_day_of_week_operator.py
[2025-03-07T10:57:55.703+0000] {logging_mixin.py:190} INFO - [2025-03-07T10:57:55.702+0000] {dag.py:3239} INFO - Sync 1 DAGs
[2025-03-07T10:57:55.739+0000] {logging_mixin.py:190} INFO - [2025-03-07T10:57:55.739+0000] {dag.py:4180} INFO - Setting next_dagrun for example_weekday_branch_operator to 2025-03-06 00:00:00+00:00, run_after=2025-03-07 00:00:00+00:00
[2025-03-07T10:57:55.766+0000] {processor.py:208} INFO - Processing /home/airflow/.local/lib/python3.12/site-packages/airflow/example_dags/example_branch_day_of_week_operator.py took 0.118 seconds
[2025-03-07T10:58:27.155+0000] {processor.py:186} INFO - Started process (PID=1200) to work on /home/airflow/.local/lib/python3.12/site-packages/airflow/example_dags/example_branch_day_of_week_operator.py
[2025-03-07T10:58:27.157+0000] {processor.py:914} INFO - Processing file /home/airflow/.local/lib/python3.12/site-packages/airflow/example_dags/example_branch_day_of_week_operator.py for tasks to queue
[2025-03-07T10:58:27.159+0000] {logging_mixin.py:190} INFO - [2025-03-07T10:58:27.159+0000] {dagbag.py:588} INFO - Filling up the DagBag from /home/airflow/.local/lib/python3.12/site-packages/airflow/example_dags/example_branch_day_of_week_operator.py
[2025-03-07T10:58:27.171+0000] {processor.py:925} INFO - DAG(s) 'example_weekday_branch_operator' retrieved from /home/airflow/.local/lib/python3.12/site-packages/airflow/example_dags/example_branch_day_of_week_operator.py
[2025-03-07T10:58:27.194+0000] {logging_mixin.py:190} INFO - [2025-03-07T10:58:27.194+0000] {dag.py:3239} INFO - Sync 1 DAGs
[2025-03-07T10:58:27.225+0000] {logging_mixin.py:190} INFO - [2025-03-07T10:58:27.225+0000] {dag.py:4180} INFO - Setting next_dagrun for example_weekday_branch_operator to 2025-03-06 00:00:00+00:00, run_after=2025-03-07 00:00:00+00:00
[2025-03-07T10:58:27.245+0000] {processor.py:208} INFO - Processing /home/airflow/.local/lib/python3.12/site-packages/airflow/example_dags/example_branch_day_of_week_operator.py took 0.096 seconds
[2025-03-07T10:58:58.958+0000] {processor.py:186} INFO - Started process (PID=1263) to work on /home/airflow/.local/lib/python3.12/site-packages/airflow/example_dags/example_branch_day_of_week_operator.py
[2025-03-07T10:58:58.959+0000] {processor.py:914} INFO - Processing file /home/airflow/.local/lib/python3.12/site-packages/airflow/example_dags/example_branch_day_of_week_operator.py for tasks to queue
[2025-03-07T10:58:58.962+0000] {logging_mixin.py:190} INFO - [2025-03-07T10:58:58.962+0000] {dagbag.py:588} INFO - Filling up the DagBag from /home/airflow/.local/lib/python3.12/site-packages/airflow/example_dags/example_branch_day_of_week_operator.py
[2025-03-07T10:58:58.979+0000] {processor.py:925} INFO - DAG(s) 'example_weekday_branch_operator' retrieved from /home/airflow/.local/lib/python3.12/site-packages/airflow/example_dags/example_branch_day_of_week_operator.py
[2025-03-07T10:58:59.011+0000] {logging_mixin.py:190} INFO - [2025-03-07T10:58:59.011+0000] {dag.py:3239} INFO - Sync 1 DAGs
[2025-03-07T10:58:59.056+0000] {logging_mixin.py:190} INFO - [2025-03-07T10:58:59.055+0000] {dag.py:4180} INFO - Setting next_dagrun for example_weekday_branch_operator to 2025-03-06 00:00:00+00:00, run_after=2025-03-07 00:00:00+00:00
[2025-03-07T10:58:59.085+0000] {processor.py:208} INFO - Processing /home/airflow/.local/lib/python3.12/site-packages/airflow/example_dags/example_branch_day_of_week_operator.py took 0.136 seconds
[2025-03-07T10:59:30.441+0000] {processor.py:186} INFO - Started process (PID=1326) to work on /home/airflow/.local/lib/python3.12/site-packages/airflow/example_dags/example_branch_day_of_week_operator.py
[2025-03-07T10:59:30.443+0000] {processor.py:914} INFO - Processing file /home/airflow/.local/lib/python3.12/site-packages/airflow/example_dags/example_branch_day_of_week_operator.py for tasks to queue
[2025-03-07T10:59:30.446+0000] {logging_mixin.py:190} INFO - [2025-03-07T10:59:30.446+0000] {dagbag.py:588} INFO - Filling up the DagBag from /home/airflow/.local/lib/python3.12/site-packages/airflow/example_dags/example_branch_day_of_week_operator.py
[2025-03-07T10:59:30.459+0000] {processor.py:925} INFO - DAG(s) 'example_weekday_branch_operator' retrieved from /home/airflow/.local/lib/python3.12/site-packages/airflow/example_dags/example_branch_day_of_week_operator.py
[2025-03-07T10:59:30.486+0000] {logging_mixin.py:190} INFO - [2025-03-07T10:59:30.485+0000] {dag.py:3239} INFO - Sync 1 DAGs
[2025-03-07T10:59:30.523+0000] {logging_mixin.py:190} INFO - [2025-03-07T10:59:30.523+0000] {dag.py:4180} INFO - Setting next_dagrun for example_weekday_branch_operator to 2025-03-06 00:00:00+00:00, run_after=2025-03-07 00:00:00+00:00
[2025-03-07T10:59:30.566+0000] {processor.py:208} INFO - Processing /home/airflow/.local/lib/python3.12/site-packages/airflow/example_dags/example_branch_day_of_week_operator.py took 0.133 seconds
[2025-03-07T11:00:01.606+0000] {processor.py:186} INFO - Started process (PID=1389) to work on /home/airflow/.local/lib/python3.12/site-packages/airflow/example_dags/example_branch_day_of_week_operator.py
[2025-03-07T11:00:01.608+0000] {processor.py:914} INFO - Processing file /home/airflow/.local/lib/python3.12/site-packages/airflow/example_dags/example_branch_day_of_week_operator.py for tasks to queue
[2025-03-07T11:00:01.611+0000] {logging_mixin.py:190} INFO - [2025-03-07T11:00:01.611+0000] {dagbag.py:588} INFO - Filling up the DagBag from /home/airflow/.local/lib/python3.12/site-packages/airflow/example_dags/example_branch_day_of_week_operator.py
[2025-03-07T11:00:01.628+0000] {processor.py:925} INFO - DAG(s) 'example_weekday_branch_operator' retrieved from /home/airflow/.local/lib/python3.12/site-packages/airflow/example_dags/example_branch_day_of_week_operator.py
[2025-03-07T11:00:01.661+0000] {logging_mixin.py:190} INFO - [2025-03-07T11:00:01.660+0000] {dag.py:3239} INFO - Sync 1 DAGs
[2025-03-07T11:00:01.707+0000] {logging_mixin.py:190} INFO - [2025-03-07T11:00:01.707+0000] {dag.py:4180} INFO - Setting next_dagrun for example_weekday_branch_operator to 2025-03-06 00:00:00+00:00, run_after=2025-03-07 00:00:00+00:00
[2025-03-07T11:00:01.740+0000] {processor.py:208} INFO - Processing /home/airflow/.local/lib/python3.12/site-packages/airflow/example_dags/example_branch_day_of_week_operator.py took 0.143 seconds
[2025-03-07T11:00:34.582+0000] {processor.py:186} INFO - Started process (PID=1460) to work on /home/airflow/.local/lib/python3.12/site-packages/airflow/example_dags/example_branch_day_of_week_operator.py
[2025-03-07T11:00:34.584+0000] {processor.py:914} INFO - Processing file /home/airflow/.local/lib/python3.12/site-packages/airflow/example_dags/example_branch_day_of_week_operator.py for tasks to queue
[2025-03-07T11:00:34.586+0000] {logging_mixin.py:190} INFO - [2025-03-07T11:00:34.586+0000] {dagbag.py:588} INFO - Filling up the DagBag from /home/airflow/.local/lib/python3.12/site-packages/airflow/example_dags/example_branch_day_of_week_operator.py
[2025-03-07T11:00:34.599+0000] {processor.py:925} INFO - DAG(s) 'example_weekday_branch_operator' retrieved from /home/airflow/.local/lib/python3.12/site-packages/airflow/example_dags/example_branch_day_of_week_operator.py
[2025-03-07T11:00:34.625+0000] {logging_mixin.py:190} INFO - [2025-03-07T11:00:34.625+0000] {dag.py:3239} INFO - Sync 1 DAGs
[2025-03-07T11:00:34.665+0000] {logging_mixin.py:190} INFO - [2025-03-07T11:00:34.665+0000] {dag.py:4180} INFO - Setting next_dagrun for example_weekday_branch_operator to 2025-03-06 00:00:00+00:00, run_after=2025-03-07 00:00:00+00:00
[2025-03-07T11:00:34.694+0000] {processor.py:208} INFO - Processing /home/airflow/.local/lib/python3.12/site-packages/airflow/example_dags/example_branch_day_of_week_operator.py took 0.119 seconds
[2025-03-07T11:01:05.700+0000] {processor.py:186} INFO - Started process (PID=1523) to work on /home/airflow/.local/lib/python3.12/site-packages/airflow/example_dags/example_branch_day_of_week_operator.py
[2025-03-07T11:01:05.702+0000] {processor.py:914} INFO - Processing file /home/airflow/.local/lib/python3.12/site-packages/airflow/example_dags/example_branch_day_of_week_operator.py for tasks to queue
[2025-03-07T11:01:05.705+0000] {logging_mixin.py:190} INFO - [2025-03-07T11:01:05.705+0000] {dagbag.py:588} INFO - Filling up the DagBag from /home/airflow/.local/lib/python3.12/site-packages/airflow/example_dags/example_branch_day_of_week_operator.py
[2025-03-07T11:01:05.724+0000] {processor.py:925} INFO - DAG(s) 'example_weekday_branch_operator' retrieved from /home/airflow/.local/lib/python3.12/site-packages/airflow/example_dags/example_branch_day_of_week_operator.py
[2025-03-07T11:01:05.753+0000] {logging_mixin.py:190} INFO - [2025-03-07T11:01:05.752+0000] {dag.py:3239} INFO - Sync 1 DAGs
[2025-03-07T11:01:05.789+0000] {logging_mixin.py:190} INFO - [2025-03-07T11:01:05.789+0000] {dag.py:4180} INFO - Setting next_dagrun for example_weekday_branch_operator to 2025-03-06 00:00:00+00:00, run_after=2025-03-07 00:00:00+00:00
[2025-03-07T11:01:05.816+0000] {processor.py:208} INFO - Processing /home/airflow/.local/lib/python3.12/site-packages/airflow/example_dags/example_branch_day_of_week_operator.py took 0.125 seconds
[2025-03-07T11:01:37.111+0000] {processor.py:186} INFO - Started process (PID=1586) to work on /home/airflow/.local/lib/python3.12/site-packages/airflow/example_dags/example_branch_day_of_week_operator.py
[2025-03-07T11:01:37.112+0000] {processor.py:914} INFO - Processing file /home/airflow/.local/lib/python3.12/site-packages/airflow/example_dags/example_branch_day_of_week_operator.py for tasks to queue
[2025-03-07T11:01:37.115+0000] {logging_mixin.py:190} INFO - [2025-03-07T11:01:37.114+0000] {dagbag.py:588} INFO - Filling up the DagBag from /home/airflow/.local/lib/python3.12/site-packages/airflow/example_dags/example_branch_day_of_week_operator.py
[2025-03-07T11:01:37.127+0000] {processor.py:925} INFO - DAG(s) 'example_weekday_branch_operator' retrieved from /home/airflow/.local/lib/python3.12/site-packages/airflow/example_dags/example_branch_day_of_week_operator.py
[2025-03-07T11:01:37.150+0000] {logging_mixin.py:190} INFO - [2025-03-07T11:01:37.149+0000] {dag.py:3239} INFO - Sync 1 DAGs
[2025-03-07T11:01:37.179+0000] {logging_mixin.py:190} INFO - [2025-03-07T11:01:37.178+0000] {dag.py:4180} INFO - Setting next_dagrun for example_weekday_branch_operator to 2025-03-06 00:00:00+00:00, run_after=2025-03-07 00:00:00+00:00
[2025-03-07T11:01:37.203+0000] {processor.py:208} INFO - Processing /home/airflow/.local/lib/python3.12/site-packages/airflow/example_dags/example_branch_day_of_week_operator.py took 0.099 seconds
[2025-03-07T11:02:10.985+0000] {processor.py:186} INFO - Started process (PID=1655) to work on /home/airflow/.local/lib/python3.12/site-packages/airflow/example_dags/example_branch_day_of_week_operator.py
[2025-03-07T11:02:10.987+0000] {processor.py:914} INFO - Processing file /home/airflow/.local/lib/python3.12/site-packages/airflow/example_dags/example_branch_day_of_week_operator.py for tasks to queue
[2025-03-07T11:02:10.991+0000] {logging_mixin.py:190} INFO - [2025-03-07T11:02:10.991+0000] {dagbag.py:588} INFO - Filling up the DagBag from /home/airflow/.local/lib/python3.12/site-packages/airflow/example_dags/example_branch_day_of_week_operator.py
[2025-03-07T11:02:11.009+0000] {processor.py:925} INFO - DAG(s) 'example_weekday_branch_operator' retrieved from /home/airflow/.local/lib/python3.12/site-packages/airflow/example_dags/example_branch_day_of_week_operator.py
[2025-03-07T11:02:11.043+0000] {logging_mixin.py:190} INFO - [2025-03-07T11:02:11.042+0000] {dag.py:3239} INFO - Sync 1 DAGs
[2025-03-07T11:02:11.091+0000] {logging_mixin.py:190} INFO - [2025-03-07T11:02:11.091+0000] {dag.py:4180} INFO - Setting next_dagrun for example_weekday_branch_operator to 2025-03-06 00:00:00+00:00, run_after=2025-03-07 00:00:00+00:00
[2025-03-07T11:02:11.129+0000] {processor.py:208} INFO - Processing /home/airflow/.local/lib/python3.12/site-packages/airflow/example_dags/example_branch_day_of_week_operator.py took 0.154 seconds
[2025-03-07T11:03:04.237+0000] {processor.py:186} INFO - Started process (PID=1719) to work on /home/airflow/.local/lib/python3.12/site-packages/airflow/example_dags/example_branch_day_of_week_operator.py
[2025-03-07T11:03:04.254+0000] {processor.py:914} INFO - Processing file /home/airflow/.local/lib/python3.12/site-packages/airflow/example_dags/example_branch_day_of_week_operator.py for tasks to queue
[2025-03-07T11:03:04.265+0000] {logging_mixin.py:190} INFO - [2025-03-07T11:03:04.264+0000] {dagbag.py:588} INFO - Filling up the DagBag from /home/airflow/.local/lib/python3.12/site-packages/airflow/example_dags/example_branch_day_of_week_operator.py
[2025-03-07T11:03:04.295+0000] {processor.py:925} INFO - DAG(s) 'example_weekday_branch_operator' retrieved from /home/airflow/.local/lib/python3.12/site-packages/airflow/example_dags/example_branch_day_of_week_operator.py
[2025-03-07T11:03:04.423+0000] {logging_mixin.py:190} INFO - [2025-03-07T11:03:04.422+0000] {dag.py:3239} INFO - Sync 1 DAGs
[2025-03-07T11:03:04.607+0000] {logging_mixin.py:190} INFO - [2025-03-07T11:03:04.606+0000] {dag.py:4180} INFO - Setting next_dagrun for example_weekday_branch_operator to 2025-03-06 00:00:00+00:00, run_after=2025-03-07 00:00:00+00:00
[2025-03-07T11:03:04.724+0000] {processor.py:208} INFO - Processing /home/airflow/.local/lib/python3.12/site-packages/airflow/example_dags/example_branch_day_of_week_operator.py took 0.510 seconds
[2025-03-07T11:04:05.303+0000] {processor.py:186} INFO - Started process (PID=1808) to work on /home/airflow/.local/lib/python3.12/site-packages/airflow/example_dags/example_branch_day_of_week_operator.py
[2025-03-07T11:04:05.354+0000] {processor.py:914} INFO - Processing file /home/airflow/.local/lib/python3.12/site-packages/airflow/example_dags/example_branch_day_of_week_operator.py for tasks to queue
[2025-03-07T11:04:05.362+0000] {logging_mixin.py:190} INFO - [2025-03-07T11:04:05.361+0000] {dagbag.py:588} INFO - Filling up the DagBag from /home/airflow/.local/lib/python3.12/site-packages/airflow/example_dags/example_branch_day_of_week_operator.py
[2025-03-07T11:04:05.428+0000] {processor.py:925} INFO - DAG(s) 'example_weekday_branch_operator' retrieved from /home/airflow/.local/lib/python3.12/site-packages/airflow/example_dags/example_branch_day_of_week_operator.py
[2025-03-07T11:04:05.648+0000] {logging_mixin.py:190} INFO - [2025-03-07T11:04:05.648+0000] {dag.py:3239} INFO - Sync 1 DAGs
[2025-03-07T11:04:05.885+0000] {logging_mixin.py:190} INFO - [2025-03-07T11:04:05.885+0000] {dag.py:4180} INFO - Setting next_dagrun for example_weekday_branch_operator to 2025-03-06 00:00:00+00:00, run_after=2025-03-07 00:00:00+00:00
[2025-03-07T11:04:06.133+0000] {processor.py:208} INFO - Processing /home/airflow/.local/lib/python3.12/site-packages/airflow/example_dags/example_branch_day_of_week_operator.py took 0.856 seconds
[2025-03-07T11:04:59.585+0000] {processor.py:186} INFO - Started process (PID=1882) to work on /home/airflow/.local/lib/python3.12/site-packages/airflow/example_dags/example_branch_day_of_week_operator.py
[2025-03-07T11:04:59.591+0000] {processor.py:914} INFO - Processing file /home/airflow/.local/lib/python3.12/site-packages/airflow/example_dags/example_branch_day_of_week_operator.py for tasks to queue
[2025-03-07T11:04:59.621+0000] {logging_mixin.py:190} INFO - [2025-03-07T11:04:59.620+0000] {dagbag.py:588} INFO - Filling up the DagBag from /home/airflow/.local/lib/python3.12/site-packages/airflow/example_dags/example_branch_day_of_week_operator.py
[2025-03-07T11:04:59.682+0000] {processor.py:925} INFO - DAG(s) 'example_weekday_branch_operator' retrieved from /home/airflow/.local/lib/python3.12/site-packages/airflow/example_dags/example_branch_day_of_week_operator.py
[2025-03-07T11:04:59.800+0000] {logging_mixin.py:190} INFO - [2025-03-07T11:04:59.788+0000] {dag.py:3239} INFO - Sync 1 DAGs
[2025-03-07T11:04:59.985+0000] {logging_mixin.py:190} INFO - [2025-03-07T11:04:59.985+0000] {dag.py:4180} INFO - Setting next_dagrun for example_weekday_branch_operator to 2025-03-06 00:00:00+00:00, run_after=2025-03-07 00:00:00+00:00
[2025-03-07T11:05:00.194+0000] {processor.py:208} INFO - Processing /home/airflow/.local/lib/python3.12/site-packages/airflow/example_dags/example_branch_day_of_week_operator.py took 0.666 seconds
[2025-03-07T11:05:31.669+0000] {processor.py:186} INFO - Started process (PID=1944) to work on /home/airflow/.local/lib/python3.12/site-packages/airflow/example_dags/example_branch_day_of_week_operator.py
[2025-03-07T11:05:31.688+0000] {processor.py:914} INFO - Processing file /home/airflow/.local/lib/python3.12/site-packages/airflow/example_dags/example_branch_day_of_week_operator.py for tasks to queue
[2025-03-07T11:05:31.705+0000] {logging_mixin.py:190} INFO - [2025-03-07T11:05:31.704+0000] {dagbag.py:588} INFO - Filling up the DagBag from /home/airflow/.local/lib/python3.12/site-packages/airflow/example_dags/example_branch_day_of_week_operator.py
[2025-03-07T11:05:31.848+0000] {processor.py:925} INFO - DAG(s) 'example_weekday_branch_operator' retrieved from /home/airflow/.local/lib/python3.12/site-packages/airflow/example_dags/example_branch_day_of_week_operator.py
[2025-03-07T11:05:32.057+0000] {logging_mixin.py:190} INFO - [2025-03-07T11:05:32.056+0000] {dag.py:3239} INFO - Sync 1 DAGs
[2025-03-07T11:05:32.302+0000] {logging_mixin.py:190} INFO - [2025-03-07T11:05:32.302+0000] {dag.py:4180} INFO - Setting next_dagrun for example_weekday_branch_operator to 2025-03-06 00:00:00+00:00, run_after=2025-03-07 00:00:00+00:00
[2025-03-07T11:05:32.595+0000] {processor.py:208} INFO - Processing /home/airflow/.local/lib/python3.12/site-packages/airflow/example_dags/example_branch_day_of_week_operator.py took 1.074 seconds
[2025-03-07T11:06:03.009+0000] {processor.py:186} INFO - Started process (PID=2006) to work on /home/airflow/.local/lib/python3.12/site-packages/airflow/example_dags/example_branch_day_of_week_operator.py
[2025-03-07T11:06:03.012+0000] {processor.py:914} INFO - Processing file /home/airflow/.local/lib/python3.12/site-packages/airflow/example_dags/example_branch_day_of_week_operator.py for tasks to queue
[2025-03-07T11:06:03.016+0000] {logging_mixin.py:190} INFO - [2025-03-07T11:06:03.015+0000] {dagbag.py:588} INFO - Filling up the DagBag from /home/airflow/.local/lib/python3.12/site-packages/airflow/example_dags/example_branch_day_of_week_operator.py
[2025-03-07T11:06:03.036+0000] {processor.py:925} INFO - DAG(s) 'example_weekday_branch_operator' retrieved from /home/airflow/.local/lib/python3.12/site-packages/airflow/example_dags/example_branch_day_of_week_operator.py
[2025-03-07T11:06:03.086+0000] {logging_mixin.py:190} INFO - [2025-03-07T11:06:03.086+0000] {dag.py:3239} INFO - Sync 1 DAGs
[2025-03-07T11:06:03.164+0000] {logging_mixin.py:190} INFO - [2025-03-07T11:06:03.164+0000] {dag.py:4180} INFO - Setting next_dagrun for example_weekday_branch_operator to 2025-03-06 00:00:00+00:00, run_after=2025-03-07 00:00:00+00:00
[2025-03-07T11:06:03.222+0000] {processor.py:208} INFO - Processing /home/airflow/.local/lib/python3.12/site-packages/airflow/example_dags/example_branch_day_of_week_operator.py took 0.230 seconds
[2025-03-07T11:06:33.779+0000] {processor.py:186} INFO - Started process (PID=2069) to work on /home/airflow/.local/lib/python3.12/site-packages/airflow/example_dags/example_branch_day_of_week_operator.py
[2025-03-07T11:06:33.781+0000] {processor.py:914} INFO - Processing file /home/airflow/.local/lib/python3.12/site-packages/airflow/example_dags/example_branch_day_of_week_operator.py for tasks to queue
[2025-03-07T11:06:33.785+0000] {logging_mixin.py:190} INFO - [2025-03-07T11:06:33.784+0000] {dagbag.py:588} INFO - Filling up the DagBag from /home/airflow/.local/lib/python3.12/site-packages/airflow/example_dags/example_branch_day_of_week_operator.py
[2025-03-07T11:06:33.803+0000] {processor.py:925} INFO - DAG(s) 'example_weekday_branch_operator' retrieved from /home/airflow/.local/lib/python3.12/site-packages/airflow/example_dags/example_branch_day_of_week_operator.py
[2025-03-07T11:06:33.836+0000] {logging_mixin.py:190} INFO - [2025-03-07T11:06:33.836+0000] {dag.py:3239} INFO - Sync 1 DAGs
[2025-03-07T11:06:33.892+0000] {logging_mixin.py:190} INFO - [2025-03-07T11:06:33.892+0000] {dag.py:4180} INFO - Setting next_dagrun for example_weekday_branch_operator to 2025-03-06 00:00:00+00:00, run_after=2025-03-07 00:00:00+00:00
[2025-03-07T11:06:33.926+0000] {processor.py:208} INFO - Processing /home/airflow/.local/lib/python3.12/site-packages/airflow/example_dags/example_branch_day_of_week_operator.py took 0.155 seconds
[2025-03-07T11:07:04.705+0000] {processor.py:186} INFO - Started process (PID=2132) to work on /home/airflow/.local/lib/python3.12/site-packages/airflow/example_dags/example_branch_day_of_week_operator.py
[2025-03-07T11:07:04.708+0000] {processor.py:914} INFO - Processing file /home/airflow/.local/lib/python3.12/site-packages/airflow/example_dags/example_branch_day_of_week_operator.py for tasks to queue
[2025-03-07T11:07:04.713+0000] {logging_mixin.py:190} INFO - [2025-03-07T11:07:04.712+0000] {dagbag.py:588} INFO - Filling up the DagBag from /home/airflow/.local/lib/python3.12/site-packages/airflow/example_dags/example_branch_day_of_week_operator.py
[2025-03-07T11:07:04.739+0000] {processor.py:925} INFO - DAG(s) 'example_weekday_branch_operator' retrieved from /home/airflow/.local/lib/python3.12/site-packages/airflow/example_dags/example_branch_day_of_week_operator.py
[2025-03-07T11:07:04.789+0000] {logging_mixin.py:190} INFO - [2025-03-07T11:07:04.788+0000] {dag.py:3239} INFO - Sync 1 DAGs
[2025-03-07T11:07:04.859+0000] {logging_mixin.py:190} INFO - [2025-03-07T11:07:04.858+0000] {dag.py:4180} INFO - Setting next_dagrun for example_weekday_branch_operator to 2025-03-06 00:00:00+00:00, run_after=2025-03-07 00:00:00+00:00
[2025-03-07T11:07:04.901+0000] {processor.py:208} INFO - Processing /home/airflow/.local/lib/python3.12/site-packages/airflow/example_dags/example_branch_day_of_week_operator.py took 0.210 seconds
[2025-03-07T11:07:36.910+0000] {processor.py:186} INFO - Started process (PID=2201) to work on /home/airflow/.local/lib/python3.12/site-packages/airflow/example_dags/example_branch_day_of_week_operator.py
[2025-03-07T11:07:36.914+0000] {processor.py:914} INFO - Processing file /home/airflow/.local/lib/python3.12/site-packages/airflow/example_dags/example_branch_day_of_week_operator.py for tasks to queue
[2025-03-07T11:07:36.921+0000] {logging_mixin.py:190} INFO - [2025-03-07T11:07:36.920+0000] {dagbag.py:588} INFO - Filling up the DagBag from /home/airflow/.local/lib/python3.12/site-packages/airflow/example_dags/example_branch_day_of_week_operator.py
[2025-03-07T11:07:36.947+0000] {processor.py:925} INFO - DAG(s) 'example_weekday_branch_operator' retrieved from /home/airflow/.local/lib/python3.12/site-packages/airflow/example_dags/example_branch_day_of_week_operator.py
[2025-03-07T11:07:37.000+0000] {logging_mixin.py:190} INFO - [2025-03-07T11:07:36.999+0000] {dag.py:3239} INFO - Sync 1 DAGs
[2025-03-07T11:07:37.075+0000] {logging_mixin.py:190} INFO - [2025-03-07T11:07:37.074+0000] {dag.py:4180} INFO - Setting next_dagrun for example_weekday_branch_operator to 2025-03-06 00:00:00+00:00, run_after=2025-03-07 00:00:00+00:00
[2025-03-07T11:07:37.119+0000] {processor.py:208} INFO - Processing /home/airflow/.local/lib/python3.12/site-packages/airflow/example_dags/example_branch_day_of_week_operator.py took 0.226 seconds
[2025-03-07T11:08:08.332+0000] {processor.py:186} INFO - Started process (PID=2264) to work on /home/airflow/.local/lib/python3.12/site-packages/airflow/example_dags/example_branch_day_of_week_operator.py
[2025-03-07T11:08:08.334+0000] {processor.py:914} INFO - Processing file /home/airflow/.local/lib/python3.12/site-packages/airflow/example_dags/example_branch_day_of_week_operator.py for tasks to queue
[2025-03-07T11:08:08.341+0000] {logging_mixin.py:190} INFO - [2025-03-07T11:08:08.339+0000] {dagbag.py:588} INFO - Filling up the DagBag from /home/airflow/.local/lib/python3.12/site-packages/airflow/example_dags/example_branch_day_of_week_operator.py
[2025-03-07T11:08:08.370+0000] {processor.py:925} INFO - DAG(s) 'example_weekday_branch_operator' retrieved from /home/airflow/.local/lib/python3.12/site-packages/airflow/example_dags/example_branch_day_of_week_operator.py
[2025-03-07T11:08:08.419+0000] {logging_mixin.py:190} INFO - [2025-03-07T11:08:08.419+0000] {dag.py:3239} INFO - Sync 1 DAGs
[2025-03-07T11:08:08.473+0000] {logging_mixin.py:190} INFO - [2025-03-07T11:08:08.472+0000] {dag.py:4180} INFO - Setting next_dagrun for example_weekday_branch_operator to 2025-03-06 00:00:00+00:00, run_after=2025-03-07 00:00:00+00:00
[2025-03-07T11:08:08.514+0000] {processor.py:208} INFO - Processing /home/airflow/.local/lib/python3.12/site-packages/airflow/example_dags/example_branch_day_of_week_operator.py took 0.195 seconds
[2025-03-07T11:08:40.998+0000] {processor.py:186} INFO - Started process (PID=2327) to work on /home/airflow/.local/lib/python3.12/site-packages/airflow/example_dags/example_branch_day_of_week_operator.py
[2025-03-07T11:08:41.009+0000] {processor.py:914} INFO - Processing file /home/airflow/.local/lib/python3.12/site-packages/airflow/example_dags/example_branch_day_of_week_operator.py for tasks to queue
[2025-03-07T11:08:41.018+0000] {logging_mixin.py:190} INFO - [2025-03-07T11:08:41.017+0000] {dagbag.py:588} INFO - Filling up the DagBag from /home/airflow/.local/lib/python3.12/site-packages/airflow/example_dags/example_branch_day_of_week_operator.py
[2025-03-07T11:08:41.052+0000] {processor.py:925} INFO - DAG(s) 'example_weekday_branch_operator' retrieved from /home/airflow/.local/lib/python3.12/site-packages/airflow/example_dags/example_branch_day_of_week_operator.py
[2025-03-07T11:08:41.101+0000] {logging_mixin.py:190} INFO - [2025-03-07T11:08:41.100+0000] {dag.py:3239} INFO - Sync 1 DAGs
[2025-03-07T11:08:41.162+0000] {logging_mixin.py:190} INFO - [2025-03-07T11:08:41.161+0000] {dag.py:4180} INFO - Setting next_dagrun for example_weekday_branch_operator to 2025-03-06 00:00:00+00:00, run_after=2025-03-07 00:00:00+00:00
[2025-03-07T11:08:41.213+0000] {processor.py:208} INFO - Processing /home/airflow/.local/lib/python3.12/site-packages/airflow/example_dags/example_branch_day_of_week_operator.py took 0.230 seconds
[2025-03-07T11:09:12.794+0000] {processor.py:186} INFO - Started process (PID=2390) to work on /home/airflow/.local/lib/python3.12/site-packages/airflow/example_dags/example_branch_day_of_week_operator.py
[2025-03-07T11:09:12.799+0000] {processor.py:914} INFO - Processing file /home/airflow/.local/lib/python3.12/site-packages/airflow/example_dags/example_branch_day_of_week_operator.py for tasks to queue
[2025-03-07T11:09:12.804+0000] {logging_mixin.py:190} INFO - [2025-03-07T11:09:12.803+0000] {dagbag.py:588} INFO - Filling up the DagBag from /home/airflow/.local/lib/python3.12/site-packages/airflow/example_dags/example_branch_day_of_week_operator.py
[2025-03-07T11:09:12.837+0000] {processor.py:925} INFO - DAG(s) 'example_weekday_branch_operator' retrieved from /home/airflow/.local/lib/python3.12/site-packages/airflow/example_dags/example_branch_day_of_week_operator.py
[2025-03-07T11:09:12.917+0000] {logging_mixin.py:190} INFO - [2025-03-07T11:09:12.916+0000] {dag.py:3239} INFO - Sync 1 DAGs
[2025-03-07T11:09:13.024+0000] {logging_mixin.py:190} INFO - [2025-03-07T11:09:13.023+0000] {dag.py:4180} INFO - Setting next_dagrun for example_weekday_branch_operator to 2025-03-06 00:00:00+00:00, run_after=2025-03-07 00:00:00+00:00
[2025-03-07T11:09:13.110+0000] {processor.py:208} INFO - Processing /home/airflow/.local/lib/python3.12/site-packages/airflow/example_dags/example_branch_day_of_week_operator.py took 0.332 seconds
[2025-03-07T11:09:44.639+0000] {processor.py:186} INFO - Started process (PID=2453) to work on /home/airflow/.local/lib/python3.12/site-packages/airflow/example_dags/example_branch_day_of_week_operator.py
[2025-03-07T11:09:44.642+0000] {processor.py:914} INFO - Processing file /home/airflow/.local/lib/python3.12/site-packages/airflow/example_dags/example_branch_day_of_week_operator.py for tasks to queue
[2025-03-07T11:09:44.653+0000] {logging_mixin.py:190} INFO - [2025-03-07T11:09:44.652+0000] {dagbag.py:588} INFO - Filling up the DagBag from /home/airflow/.local/lib/python3.12/site-packages/airflow/example_dags/example_branch_day_of_week_operator.py
[2025-03-07T11:09:44.684+0000] {processor.py:925} INFO - DAG(s) 'example_weekday_branch_operator' retrieved from /home/airflow/.local/lib/python3.12/site-packages/airflow/example_dags/example_branch_day_of_week_operator.py
[2025-03-07T11:09:44.748+0000] {logging_mixin.py:190} INFO - [2025-03-07T11:09:44.748+0000] {dag.py:3239} INFO - Sync 1 DAGs
[2025-03-07T11:09:44.835+0000] {logging_mixin.py:190} INFO - [2025-03-07T11:09:44.835+0000] {dag.py:4180} INFO - Setting next_dagrun for example_weekday_branch_operator to 2025-03-06 00:00:00+00:00, run_after=2025-03-07 00:00:00+00:00
[2025-03-07T11:09:44.883+0000] {processor.py:208} INFO - Processing /home/airflow/.local/lib/python3.12/site-packages/airflow/example_dags/example_branch_day_of_week_operator.py took 0.266 seconds
[2025-03-07T11:10:15.750+0000] {processor.py:186} INFO - Started process (PID=2516) to work on /home/airflow/.local/lib/python3.12/site-packages/airflow/example_dags/example_branch_day_of_week_operator.py
[2025-03-07T11:10:15.752+0000] {processor.py:914} INFO - Processing file /home/airflow/.local/lib/python3.12/site-packages/airflow/example_dags/example_branch_day_of_week_operator.py for tasks to queue
[2025-03-07T11:10:15.758+0000] {logging_mixin.py:190} INFO - [2025-03-07T11:10:15.757+0000] {dagbag.py:588} INFO - Filling up the DagBag from /home/airflow/.local/lib/python3.12/site-packages/airflow/example_dags/example_branch_day_of_week_operator.py
[2025-03-07T11:10:15.781+0000] {processor.py:925} INFO - DAG(s) 'example_weekday_branch_operator' retrieved from /home/airflow/.local/lib/python3.12/site-packages/airflow/example_dags/example_branch_day_of_week_operator.py
[2025-03-07T11:10:15.831+0000] {logging_mixin.py:190} INFO - [2025-03-07T11:10:15.831+0000] {dag.py:3239} INFO - Sync 1 DAGs
[2025-03-07T11:10:15.894+0000] {logging_mixin.py:190} INFO - [2025-03-07T11:10:15.894+0000] {dag.py:4180} INFO - Setting next_dagrun for example_weekday_branch_operator to 2025-03-06 00:00:00+00:00, run_after=2025-03-07 00:00:00+00:00
[2025-03-07T11:10:15.940+0000] {processor.py:208} INFO - Processing /home/airflow/.local/lib/python3.12/site-packages/airflow/example_dags/example_branch_day_of_week_operator.py took 0.204 seconds
[2025-03-07T11:10:46.364+0000] {processor.py:186} INFO - Started process (PID=2579) to work on /home/airflow/.local/lib/python3.12/site-packages/airflow/example_dags/example_branch_day_of_week_operator.py
[2025-03-07T11:10:46.366+0000] {processor.py:914} INFO - Processing file /home/airflow/.local/lib/python3.12/site-packages/airflow/example_dags/example_branch_day_of_week_operator.py for tasks to queue
[2025-03-07T11:10:46.371+0000] {logging_mixin.py:190} INFO - [2025-03-07T11:10:46.370+0000] {dagbag.py:588} INFO - Filling up the DagBag from /home/airflow/.local/lib/python3.12/site-packages/airflow/example_dags/example_branch_day_of_week_operator.py
[2025-03-07T11:10:46.394+0000] {processor.py:925} INFO - DAG(s) 'example_weekday_branch_operator' retrieved from /home/airflow/.local/lib/python3.12/site-packages/airflow/example_dags/example_branch_day_of_week_operator.py
[2025-03-07T11:10:46.437+0000] {logging_mixin.py:190} INFO - [2025-03-07T11:10:46.437+0000] {dag.py:3239} INFO - Sync 1 DAGs
[2025-03-07T11:10:46.485+0000] {logging_mixin.py:190} INFO - [2025-03-07T11:10:46.484+0000] {dag.py:4180} INFO - Setting next_dagrun for example_weekday_branch_operator to 2025-03-06 00:00:00+00:00, run_after=2025-03-07 00:00:00+00:00
[2025-03-07T11:10:46.517+0000] {processor.py:208} INFO - Processing /home/airflow/.local/lib/python3.12/site-packages/airflow/example_dags/example_branch_day_of_week_operator.py took 0.173 seconds
[2025-03-07T11:11:17.218+0000] {processor.py:186} INFO - Started process (PID=2641) to work on /home/airflow/.local/lib/python3.12/site-packages/airflow/example_dags/example_branch_day_of_week_operator.py
[2025-03-07T11:11:17.223+0000] {processor.py:914} INFO - Processing file /home/airflow/.local/lib/python3.12/site-packages/airflow/example_dags/example_branch_day_of_week_operator.py for tasks to queue
[2025-03-07T11:11:17.231+0000] {logging_mixin.py:190} INFO - [2025-03-07T11:11:17.231+0000] {dagbag.py:588} INFO - Filling up the DagBag from /home/airflow/.local/lib/python3.12/site-packages/airflow/example_dags/example_branch_day_of_week_operator.py
[2025-03-07T11:11:17.254+0000] {processor.py:925} INFO - DAG(s) 'example_weekday_branch_operator' retrieved from /home/airflow/.local/lib/python3.12/site-packages/airflow/example_dags/example_branch_day_of_week_operator.py
[2025-03-07T11:11:17.305+0000] {logging_mixin.py:190} INFO - [2025-03-07T11:11:17.305+0000] {dag.py:3239} INFO - Sync 1 DAGs
[2025-03-07T11:11:17.379+0000] {logging_mixin.py:190} INFO - [2025-03-07T11:11:17.378+0000] {dag.py:4180} INFO - Setting next_dagrun for example_weekday_branch_operator to 2025-03-06 00:00:00+00:00, run_after=2025-03-07 00:00:00+00:00
[2025-03-07T11:11:17.431+0000] {processor.py:208} INFO - Processing /home/airflow/.local/lib/python3.12/site-packages/airflow/example_dags/example_branch_day_of_week_operator.py took 0.225 seconds
[2025-03-07T11:11:47.615+0000] {processor.py:186} INFO - Started process (PID=2703) to work on /home/airflow/.local/lib/python3.12/site-packages/airflow/example_dags/example_branch_day_of_week_operator.py
[2025-03-07T11:11:47.616+0000] {processor.py:914} INFO - Processing file /home/airflow/.local/lib/python3.12/site-packages/airflow/example_dags/example_branch_day_of_week_operator.py for tasks to queue
[2025-03-07T11:11:47.619+0000] {logging_mixin.py:190} INFO - [2025-03-07T11:11:47.619+0000] {dagbag.py:588} INFO - Filling up the DagBag from /home/airflow/.local/lib/python3.12/site-packages/airflow/example_dags/example_branch_day_of_week_operator.py
[2025-03-07T11:11:47.631+0000] {processor.py:925} INFO - DAG(s) 'example_weekday_branch_operator' retrieved from /home/airflow/.local/lib/python3.12/site-packages/airflow/example_dags/example_branch_day_of_week_operator.py
[2025-03-07T11:11:47.658+0000] {logging_mixin.py:190} INFO - [2025-03-07T11:11:47.658+0000] {dag.py:3239} INFO - Sync 1 DAGs
[2025-03-07T11:11:47.711+0000] {logging_mixin.py:190} INFO - [2025-03-07T11:11:47.711+0000] {dag.py:4180} INFO - Setting next_dagrun for example_weekday_branch_operator to 2025-03-06 00:00:00+00:00, run_after=2025-03-07 00:00:00+00:00
[2025-03-07T11:11:47.738+0000] {processor.py:208} INFO - Processing /home/airflow/.local/lib/python3.12/site-packages/airflow/example_dags/example_branch_day_of_week_operator.py took 0.131 seconds
[2025-03-07T11:12:18.980+0000] {processor.py:186} INFO - Started process (PID=2766) to work on /home/airflow/.local/lib/python3.12/site-packages/airflow/example_dags/example_branch_day_of_week_operator.py
[2025-03-07T11:12:18.982+0000] {processor.py:914} INFO - Processing file /home/airflow/.local/lib/python3.12/site-packages/airflow/example_dags/example_branch_day_of_week_operator.py for tasks to queue
[2025-03-07T11:12:18.990+0000] {logging_mixin.py:190} INFO - [2025-03-07T11:12:18.988+0000] {dagbag.py:588} INFO - Filling up the DagBag from /home/airflow/.local/lib/python3.12/site-packages/airflow/example_dags/example_branch_day_of_week_operator.py
[2025-03-07T11:12:19.019+0000] {processor.py:925} INFO - DAG(s) 'example_weekday_branch_operator' retrieved from /home/airflow/.local/lib/python3.12/site-packages/airflow/example_dags/example_branch_day_of_week_operator.py
[2025-03-07T11:12:19.066+0000] {logging_mixin.py:190} INFO - [2025-03-07T11:12:19.066+0000] {dag.py:3239} INFO - Sync 1 DAGs
[2025-03-07T11:12:19.140+0000] {logging_mixin.py:190} INFO - [2025-03-07T11:12:19.139+0000] {dag.py:4180} INFO - Setting next_dagrun for example_weekday_branch_operator to 2025-03-06 00:00:00+00:00, run_after=2025-03-07 00:00:00+00:00
[2025-03-07T11:12:19.189+0000] {processor.py:208} INFO - Processing /home/airflow/.local/lib/python3.12/site-packages/airflow/example_dags/example_branch_day_of_week_operator.py took 0.220 seconds
[2025-03-07T11:12:49.669+0000] {processor.py:186} INFO - Started process (PID=2829) to work on /home/airflow/.local/lib/python3.12/site-packages/airflow/example_dags/example_branch_day_of_week_operator.py
[2025-03-07T11:12:49.671+0000] {processor.py:914} INFO - Processing file /home/airflow/.local/lib/python3.12/site-packages/airflow/example_dags/example_branch_day_of_week_operator.py for tasks to queue
[2025-03-07T11:12:49.675+0000] {logging_mixin.py:190} INFO - [2025-03-07T11:12:49.674+0000] {dagbag.py:588} INFO - Filling up the DagBag from /home/airflow/.local/lib/python3.12/site-packages/airflow/example_dags/example_branch_day_of_week_operator.py
[2025-03-07T11:12:49.704+0000] {processor.py:925} INFO - DAG(s) 'example_weekday_branch_operator' retrieved from /home/airflow/.local/lib/python3.12/site-packages/airflow/example_dags/example_branch_day_of_week_operator.py
[2025-03-07T11:12:49.761+0000] {logging_mixin.py:190} INFO - [2025-03-07T11:12:49.761+0000] {dag.py:3239} INFO - Sync 1 DAGs
[2025-03-07T11:12:49.855+0000] {logging_mixin.py:190} INFO - [2025-03-07T11:12:49.855+0000] {dag.py:4180} INFO - Setting next_dagrun for example_weekday_branch_operator to 2025-03-06 00:00:00+00:00, run_after=2025-03-07 00:00:00+00:00
[2025-03-07T11:12:49.966+0000] {processor.py:208} INFO - Processing /home/airflow/.local/lib/python3.12/site-packages/airflow/example_dags/example_branch_day_of_week_operator.py took 0.314 seconds
[2025-03-07T11:13:22.603+0000] {processor.py:186} INFO - Started process (PID=2892) to work on /home/airflow/.local/lib/python3.12/site-packages/airflow/example_dags/example_branch_day_of_week_operator.py
[2025-03-07T11:13:22.606+0000] {processor.py:914} INFO - Processing file /home/airflow/.local/lib/python3.12/site-packages/airflow/example_dags/example_branch_day_of_week_operator.py for tasks to queue
[2025-03-07T11:13:22.612+0000] {logging_mixin.py:190} INFO - [2025-03-07T11:13:22.610+0000] {dagbag.py:588} INFO - Filling up the DagBag from /home/airflow/.local/lib/python3.12/site-packages/airflow/example_dags/example_branch_day_of_week_operator.py
[2025-03-07T11:13:22.643+0000] {processor.py:925} INFO - DAG(s) 'example_weekday_branch_operator' retrieved from /home/airflow/.local/lib/python3.12/site-packages/airflow/example_dags/example_branch_day_of_week_operator.py
[2025-03-07T11:13:22.728+0000] {logging_mixin.py:190} INFO - [2025-03-07T11:13:22.728+0000] {dag.py:3239} INFO - Sync 1 DAGs
[2025-03-07T11:13:22.897+0000] {logging_mixin.py:190} INFO - [2025-03-07T11:13:22.896+0000] {dag.py:4180} INFO - Setting next_dagrun for example_weekday_branch_operator to 2025-03-06 00:00:00+00:00, run_after=2025-03-07 00:00:00+00:00
[2025-03-07T11:13:22.959+0000] {processor.py:208} INFO - Processing /home/airflow/.local/lib/python3.12/site-packages/airflow/example_dags/example_branch_day_of_week_operator.py took 0.372 seconds
