[2025-03-07T10:49:20.948+0000] {processor.py:186} INFO - Started process (PID=77) to work on /home/airflow/.local/lib/python3.12/site-packages/airflow/example_dags/example_bash_operator.py
[2025-03-07T10:49:20.950+0000] {processor.py:914} INFO - Processing file /home/airflow/.local/lib/python3.12/site-packages/airflow/example_dags/example_bash_operator.py for tasks to queue
[2025-03-07T10:49:20.953+0000] {logging_mixin.py:190} INFO - [2025-03-07T10:49:20.953+0000] {dagbag.py:588} INFO - Filling up the DagBag from /home/airflow/.local/lib/python3.12/site-packages/airflow/example_dags/example_bash_operator.py
[2025-03-07T10:49:20.973+0000] {processor.py:925} INFO - DAG(s) 'example_bash_operator' retrieved from /home/airflow/.local/lib/python3.12/site-packages/airflow/example_dags/example_bash_operator.py
[2025-03-07T10:49:21.142+0000] {logging_mixin.py:190} INFO - [2025-03-07T10:49:21.141+0000] {override.py:1912} INFO - Created Permission View: can delete on DAG:example_bash_operator
[2025-03-07T10:49:21.166+0000] {logging_mixin.py:190} INFO - [2025-03-07T10:49:21.165+0000] {override.py:1912} INFO - Created Permission View: can read on DAG:example_bash_operator
[2025-03-07T10:49:21.180+0000] {logging_mixin.py:190} INFO - [2025-03-07T10:49:21.180+0000] {override.py:1912} INFO - Created Permission View: can edit on DAG:example_bash_operator
[2025-03-07T10:49:21.197+0000] {logging_mixin.py:190} INFO - [2025-03-07T10:49:21.196+0000] {override.py:1912} INFO - Created Permission View: can delete on DAG Run:example_bash_operator
[2025-03-07T10:49:21.214+0000] {logging_mixin.py:190} INFO - [2025-03-07T10:49:21.214+0000] {override.py:1912} INFO - Created Permission View: can create on DAG Run:example_bash_operator
[2025-03-07T10:49:21.225+0000] {logging_mixin.py:190} INFO - [2025-03-07T10:49:21.224+0000] {override.py:1912} INFO - Created Permission View: menu access on DAG Run:example_bash_operator
[2025-03-07T10:49:21.235+0000] {logging_mixin.py:190} INFO - [2025-03-07T10:49:21.235+0000] {override.py:1912} INFO - Created Permission View: can read on DAG Run:example_bash_operator
[2025-03-07T10:49:21.236+0000] {logging_mixin.py:190} INFO - [2025-03-07T10:49:21.236+0000] {dag.py:3239} INFO - Sync 1 DAGs
[2025-03-07T10:49:21.263+0000] {logging_mixin.py:190} INFO - [2025-03-07T10:49:21.262+0000] {dag.py:3262} INFO - Creating ORM DAG for example_bash_operator
[2025-03-07T10:49:21.288+0000] {logging_mixin.py:190} INFO - [2025-03-07T10:49:21.287+0000] {dag.py:4180} INFO - Setting next_dagrun for example_bash_operator to 2025-03-06 00:00:00+00:00, run_after=2025-03-07 00:00:00+00:00
[2025-03-07T10:49:21.331+0000] {processor.py:208} INFO - Processing /home/airflow/.local/lib/python3.12/site-packages/airflow/example_dags/example_bash_operator.py took 0.390 seconds
[2025-03-07T10:49:52.356+0000] {processor.py:186} INFO - Started process (PID=141) to work on /home/airflow/.local/lib/python3.12/site-packages/airflow/example_dags/example_bash_operator.py
[2025-03-07T10:49:52.358+0000] {processor.py:914} INFO - Processing file /home/airflow/.local/lib/python3.12/site-packages/airflow/example_dags/example_bash_operator.py for tasks to queue
[2025-03-07T10:49:52.363+0000] {logging_mixin.py:190} INFO - [2025-03-07T10:49:52.362+0000] {dagbag.py:588} INFO - Filling up the DagBag from /home/airflow/.local/lib/python3.12/site-packages/airflow/example_dags/example_bash_operator.py
[2025-03-07T10:49:52.388+0000] {processor.py:925} INFO - DAG(s) 'example_bash_operator' retrieved from /home/airflow/.local/lib/python3.12/site-packages/airflow/example_dags/example_bash_operator.py
[2025-03-07T10:49:52.446+0000] {logging_mixin.py:190} INFO - [2025-03-07T10:49:52.445+0000] {dag.py:3239} INFO - Sync 1 DAGs
[2025-03-07T10:49:52.500+0000] {logging_mixin.py:190} INFO - [2025-03-07T10:49:52.500+0000] {dag.py:4180} INFO - Setting next_dagrun for example_bash_operator to 2025-03-06 00:00:00+00:00, run_after=2025-03-07 00:00:00+00:00
[2025-03-07T10:49:52.539+0000] {processor.py:208} INFO - Processing /home/airflow/.local/lib/python3.12/site-packages/airflow/example_dags/example_bash_operator.py took 0.194 seconds
[2025-03-07T10:50:22.824+0000] {processor.py:186} INFO - Started process (PID=204) to work on /home/airflow/.local/lib/python3.12/site-packages/airflow/example_dags/example_bash_operator.py
[2025-03-07T10:50:22.826+0000] {processor.py:914} INFO - Processing file /home/airflow/.local/lib/python3.12/site-packages/airflow/example_dags/example_bash_operator.py for tasks to queue
[2025-03-07T10:50:22.828+0000] {logging_mixin.py:190} INFO - [2025-03-07T10:50:22.828+0000] {dagbag.py:588} INFO - Filling up the DagBag from /home/airflow/.local/lib/python3.12/site-packages/airflow/example_dags/example_bash_operator.py
[2025-03-07T10:50:22.842+0000] {processor.py:925} INFO - DAG(s) 'example_bash_operator' retrieved from /home/airflow/.local/lib/python3.12/site-packages/airflow/example_dags/example_bash_operator.py
[2025-03-07T10:50:22.871+0000] {logging_mixin.py:190} INFO - [2025-03-07T10:50:22.871+0000] {dag.py:3239} INFO - Sync 1 DAGs
[2025-03-07T10:50:22.898+0000] {logging_mixin.py:190} INFO - [2025-03-07T10:50:22.898+0000] {dag.py:4180} INFO - Setting next_dagrun for example_bash_operator to 2025-03-06 00:00:00+00:00, run_after=2025-03-07 00:00:00+00:00
[2025-03-07T10:50:22.919+0000] {processor.py:208} INFO - Processing /home/airflow/.local/lib/python3.12/site-packages/airflow/example_dags/example_bash_operator.py took 0.101 seconds
[2025-03-07T10:50:53.510+0000] {processor.py:186} INFO - Started process (PID=267) to work on /home/airflow/.local/lib/python3.12/site-packages/airflow/example_dags/example_bash_operator.py
[2025-03-07T10:50:53.511+0000] {processor.py:914} INFO - Processing file /home/airflow/.local/lib/python3.12/site-packages/airflow/example_dags/example_bash_operator.py for tasks to queue
[2025-03-07T10:50:53.514+0000] {logging_mixin.py:190} INFO - [2025-03-07T10:50:53.514+0000] {dagbag.py:588} INFO - Filling up the DagBag from /home/airflow/.local/lib/python3.12/site-packages/airflow/example_dags/example_bash_operator.py
[2025-03-07T10:50:53.533+0000] {processor.py:925} INFO - DAG(s) 'example_bash_operator' retrieved from /home/airflow/.local/lib/python3.12/site-packages/airflow/example_dags/example_bash_operator.py
[2025-03-07T10:50:53.566+0000] {logging_mixin.py:190} INFO - [2025-03-07T10:50:53.566+0000] {dag.py:3239} INFO - Sync 1 DAGs
[2025-03-07T10:50:53.608+0000] {logging_mixin.py:190} INFO - [2025-03-07T10:50:53.608+0000] {dag.py:4180} INFO - Setting next_dagrun for example_bash_operator to 2025-03-06 00:00:00+00:00, run_after=2025-03-07 00:00:00+00:00
[2025-03-07T10:50:53.639+0000] {processor.py:208} INFO - Processing /home/airflow/.local/lib/python3.12/site-packages/airflow/example_dags/example_bash_operator.py took 0.136 seconds
[2025-03-07T10:51:24.218+0000] {processor.py:186} INFO - Started process (PID=331) to work on /home/airflow/.local/lib/python3.12/site-packages/airflow/example_dags/example_bash_operator.py
[2025-03-07T10:51:24.219+0000] {processor.py:914} INFO - Processing file /home/airflow/.local/lib/python3.12/site-packages/airflow/example_dags/example_bash_operator.py for tasks to queue
[2025-03-07T10:51:24.221+0000] {logging_mixin.py:190} INFO - [2025-03-07T10:51:24.220+0000] {dagbag.py:588} INFO - Filling up the DagBag from /home/airflow/.local/lib/python3.12/site-packages/airflow/example_dags/example_bash_operator.py
[2025-03-07T10:51:24.232+0000] {processor.py:925} INFO - DAG(s) 'example_bash_operator' retrieved from /home/airflow/.local/lib/python3.12/site-packages/airflow/example_dags/example_bash_operator.py
[2025-03-07T10:51:24.258+0000] {logging_mixin.py:190} INFO - [2025-03-07T10:51:24.258+0000] {dag.py:3239} INFO - Sync 1 DAGs
[2025-03-07T10:51:24.284+0000] {logging_mixin.py:190} INFO - [2025-03-07T10:51:24.284+0000] {dag.py:4180} INFO - Setting next_dagrun for example_bash_operator to 2025-03-06 00:00:00+00:00, run_after=2025-03-07 00:00:00+00:00
[2025-03-07T10:51:24.303+0000] {processor.py:208} INFO - Processing /home/airflow/.local/lib/python3.12/site-packages/airflow/example_dags/example_bash_operator.py took 0.090 seconds
[2025-03-07T10:51:54.732+0000] {processor.py:186} INFO - Started process (PID=395) to work on /home/airflow/.local/lib/python3.12/site-packages/airflow/example_dags/example_bash_operator.py
[2025-03-07T10:51:54.733+0000] {processor.py:914} INFO - Processing file /home/airflow/.local/lib/python3.12/site-packages/airflow/example_dags/example_bash_operator.py for tasks to queue
[2025-03-07T10:51:54.736+0000] {logging_mixin.py:190} INFO - [2025-03-07T10:51:54.735+0000] {dagbag.py:588} INFO - Filling up the DagBag from /home/airflow/.local/lib/python3.12/site-packages/airflow/example_dags/example_bash_operator.py
[2025-03-07T10:51:54.754+0000] {processor.py:925} INFO - DAG(s) 'example_bash_operator' retrieved from /home/airflow/.local/lib/python3.12/site-packages/airflow/example_dags/example_bash_operator.py
[2025-03-07T10:51:54.795+0000] {logging_mixin.py:190} INFO - [2025-03-07T10:51:54.795+0000] {dag.py:3239} INFO - Sync 1 DAGs
[2025-03-07T10:51:54.829+0000] {logging_mixin.py:190} INFO - [2025-03-07T10:51:54.829+0000] {dag.py:4180} INFO - Setting next_dagrun for example_bash_operator to 2025-03-06 00:00:00+00:00, run_after=2025-03-07 00:00:00+00:00
[2025-03-07T10:51:54.855+0000] {processor.py:208} INFO - Processing /home/airflow/.local/lib/python3.12/site-packages/airflow/example_dags/example_bash_operator.py took 0.130 seconds
[2025-03-07T10:52:25.179+0000] {processor.py:186} INFO - Started process (PID=458) to work on /home/airflow/.local/lib/python3.12/site-packages/airflow/example_dags/example_bash_operator.py
[2025-03-07T10:52:25.180+0000] {processor.py:914} INFO - Processing file /home/airflow/.local/lib/python3.12/site-packages/airflow/example_dags/example_bash_operator.py for tasks to queue
[2025-03-07T10:52:25.183+0000] {logging_mixin.py:190} INFO - [2025-03-07T10:52:25.182+0000] {dagbag.py:588} INFO - Filling up the DagBag from /home/airflow/.local/lib/python3.12/site-packages/airflow/example_dags/example_bash_operator.py
[2025-03-07T10:52:25.195+0000] {processor.py:925} INFO - DAG(s) 'example_bash_operator' retrieved from /home/airflow/.local/lib/python3.12/site-packages/airflow/example_dags/example_bash_operator.py
[2025-03-07T10:52:25.224+0000] {logging_mixin.py:190} INFO - [2025-03-07T10:52:25.223+0000] {dag.py:3239} INFO - Sync 1 DAGs
[2025-03-07T10:52:25.255+0000] {logging_mixin.py:190} INFO - [2025-03-07T10:52:25.255+0000] {dag.py:4180} INFO - Setting next_dagrun for example_bash_operator to 2025-03-06 00:00:00+00:00, run_after=2025-03-07 00:00:00+00:00
[2025-03-07T10:52:25.290+0000] {processor.py:208} INFO - Processing /home/airflow/.local/lib/python3.12/site-packages/airflow/example_dags/example_bash_operator.py took 0.117 seconds
[2025-03-07T10:52:55.595+0000] {processor.py:186} INFO - Started process (PID=521) to work on /home/airflow/.local/lib/python3.12/site-packages/airflow/example_dags/example_bash_operator.py
[2025-03-07T10:52:55.596+0000] {processor.py:914} INFO - Processing file /home/airflow/.local/lib/python3.12/site-packages/airflow/example_dags/example_bash_operator.py for tasks to queue
[2025-03-07T10:52:55.599+0000] {logging_mixin.py:190} INFO - [2025-03-07T10:52:55.598+0000] {dagbag.py:588} INFO - Filling up the DagBag from /home/airflow/.local/lib/python3.12/site-packages/airflow/example_dags/example_bash_operator.py
[2025-03-07T10:52:55.611+0000] {processor.py:925} INFO - DAG(s) 'example_bash_operator' retrieved from /home/airflow/.local/lib/python3.12/site-packages/airflow/example_dags/example_bash_operator.py
[2025-03-07T10:52:55.635+0000] {logging_mixin.py:190} INFO - [2025-03-07T10:52:55.635+0000] {dag.py:3239} INFO - Sync 1 DAGs
[2025-03-07T10:52:55.657+0000] {logging_mixin.py:190} INFO - [2025-03-07T10:52:55.657+0000] {dag.py:4180} INFO - Setting next_dagrun for example_bash_operator to 2025-03-06 00:00:00+00:00, run_after=2025-03-07 00:00:00+00:00
[2025-03-07T10:52:55.675+0000] {processor.py:208} INFO - Processing /home/airflow/.local/lib/python3.12/site-packages/airflow/example_dags/example_bash_operator.py took 0.086 seconds
[2025-03-07T10:53:26.467+0000] {processor.py:186} INFO - Started process (PID=584) to work on /home/airflow/.local/lib/python3.12/site-packages/airflow/example_dags/example_bash_operator.py
[2025-03-07T10:53:26.468+0000] {processor.py:914} INFO - Processing file /home/airflow/.local/lib/python3.12/site-packages/airflow/example_dags/example_bash_operator.py for tasks to queue
[2025-03-07T10:53:26.470+0000] {logging_mixin.py:190} INFO - [2025-03-07T10:53:26.470+0000] {dagbag.py:588} INFO - Filling up the DagBag from /home/airflow/.local/lib/python3.12/site-packages/airflow/example_dags/example_bash_operator.py
[2025-03-07T10:53:26.484+0000] {processor.py:925} INFO - DAG(s) 'example_bash_operator' retrieved from /home/airflow/.local/lib/python3.12/site-packages/airflow/example_dags/example_bash_operator.py
[2025-03-07T10:53:26.510+0000] {logging_mixin.py:190} INFO - [2025-03-07T10:53:26.510+0000] {dag.py:3239} INFO - Sync 1 DAGs
[2025-03-07T10:53:26.532+0000] {logging_mixin.py:190} INFO - [2025-03-07T10:53:26.531+0000] {dag.py:4180} INFO - Setting next_dagrun for example_bash_operator to 2025-03-06 00:00:00+00:00, run_after=2025-03-07 00:00:00+00:00
[2025-03-07T10:53:26.550+0000] {processor.py:208} INFO - Processing /home/airflow/.local/lib/python3.12/site-packages/airflow/example_dags/example_bash_operator.py took 0.090 seconds
[2025-03-07T10:53:57.141+0000] {processor.py:186} INFO - Started process (PID=648) to work on /home/airflow/.local/lib/python3.12/site-packages/airflow/example_dags/example_bash_operator.py
[2025-03-07T10:53:57.142+0000] {processor.py:914} INFO - Processing file /home/airflow/.local/lib/python3.12/site-packages/airflow/example_dags/example_bash_operator.py for tasks to queue
[2025-03-07T10:53:57.145+0000] {logging_mixin.py:190} INFO - [2025-03-07T10:53:57.144+0000] {dagbag.py:588} INFO - Filling up the DagBag from /home/airflow/.local/lib/python3.12/site-packages/airflow/example_dags/example_bash_operator.py
[2025-03-07T10:53:57.157+0000] {processor.py:925} INFO - DAG(s) 'example_bash_operator' retrieved from /home/airflow/.local/lib/python3.12/site-packages/airflow/example_dags/example_bash_operator.py
[2025-03-07T10:53:57.184+0000] {logging_mixin.py:190} INFO - [2025-03-07T10:53:57.184+0000] {dag.py:3239} INFO - Sync 1 DAGs
[2025-03-07T10:53:57.209+0000] {logging_mixin.py:190} INFO - [2025-03-07T10:53:57.209+0000] {dag.py:4180} INFO - Setting next_dagrun for example_bash_operator to 2025-03-06 00:00:00+00:00, run_after=2025-03-07 00:00:00+00:00
[2025-03-07T10:53:57.231+0000] {processor.py:208} INFO - Processing /home/airflow/.local/lib/python3.12/site-packages/airflow/example_dags/example_bash_operator.py took 0.094 seconds
[2025-03-07T10:54:28.201+0000] {processor.py:186} INFO - Started process (PID=711) to work on /home/airflow/.local/lib/python3.12/site-packages/airflow/example_dags/example_bash_operator.py
[2025-03-07T10:54:28.202+0000] {processor.py:914} INFO - Processing file /home/airflow/.local/lib/python3.12/site-packages/airflow/example_dags/example_bash_operator.py for tasks to queue
[2025-03-07T10:54:28.205+0000] {logging_mixin.py:190} INFO - [2025-03-07T10:54:28.204+0000] {dagbag.py:588} INFO - Filling up the DagBag from /home/airflow/.local/lib/python3.12/site-packages/airflow/example_dags/example_bash_operator.py
[2025-03-07T10:54:28.219+0000] {processor.py:925} INFO - DAG(s) 'example_bash_operator' retrieved from /home/airflow/.local/lib/python3.12/site-packages/airflow/example_dags/example_bash_operator.py
[2025-03-07T10:54:28.266+0000] {logging_mixin.py:190} INFO - [2025-03-07T10:54:28.266+0000] {dag.py:3239} INFO - Sync 1 DAGs
[2025-03-07T10:54:28.307+0000] {logging_mixin.py:190} INFO - [2025-03-07T10:54:28.306+0000] {dag.py:4180} INFO - Setting next_dagrun for example_bash_operator to 2025-03-06 00:00:00+00:00, run_after=2025-03-07 00:00:00+00:00
[2025-03-07T10:54:28.339+0000] {processor.py:208} INFO - Processing /home/airflow/.local/lib/python3.12/site-packages/airflow/example_dags/example_bash_operator.py took 0.146 seconds
[2025-03-07T10:54:58.705+0000] {processor.py:186} INFO - Started process (PID=774) to work on /home/airflow/.local/lib/python3.12/site-packages/airflow/example_dags/example_bash_operator.py
[2025-03-07T10:54:58.706+0000] {processor.py:914} INFO - Processing file /home/airflow/.local/lib/python3.12/site-packages/airflow/example_dags/example_bash_operator.py for tasks to queue
[2025-03-07T10:54:58.709+0000] {logging_mixin.py:190} INFO - [2025-03-07T10:54:58.709+0000] {dagbag.py:588} INFO - Filling up the DagBag from /home/airflow/.local/lib/python3.12/site-packages/airflow/example_dags/example_bash_operator.py
[2025-03-07T10:54:58.724+0000] {processor.py:925} INFO - DAG(s) 'example_bash_operator' retrieved from /home/airflow/.local/lib/python3.12/site-packages/airflow/example_dags/example_bash_operator.py
[2025-03-07T10:54:58.759+0000] {logging_mixin.py:190} INFO - [2025-03-07T10:54:58.758+0000] {dag.py:3239} INFO - Sync 1 DAGs
[2025-03-07T10:54:58.791+0000] {logging_mixin.py:190} INFO - [2025-03-07T10:54:58.790+0000] {dag.py:4180} INFO - Setting next_dagrun for example_bash_operator to 2025-03-06 00:00:00+00:00, run_after=2025-03-07 00:00:00+00:00
[2025-03-07T10:54:58.818+0000] {processor.py:208} INFO - Processing /home/airflow/.local/lib/python3.12/site-packages/airflow/example_dags/example_bash_operator.py took 0.120 seconds
[2025-03-07T10:55:29.258+0000] {processor.py:186} INFO - Started process (PID=837) to work on /home/airflow/.local/lib/python3.12/site-packages/airflow/example_dags/example_bash_operator.py
[2025-03-07T10:55:29.261+0000] {processor.py:914} INFO - Processing file /home/airflow/.local/lib/python3.12/site-packages/airflow/example_dags/example_bash_operator.py for tasks to queue
[2025-03-07T10:55:29.266+0000] {logging_mixin.py:190} INFO - [2025-03-07T10:55:29.265+0000] {dagbag.py:588} INFO - Filling up the DagBag from /home/airflow/.local/lib/python3.12/site-packages/airflow/example_dags/example_bash_operator.py
[2025-03-07T10:55:29.292+0000] {processor.py:925} INFO - DAG(s) 'example_bash_operator' retrieved from /home/airflow/.local/lib/python3.12/site-packages/airflow/example_dags/example_bash_operator.py
[2025-03-07T10:55:29.344+0000] {logging_mixin.py:190} INFO - [2025-03-07T10:55:29.344+0000] {dag.py:3239} INFO - Sync 1 DAGs
[2025-03-07T10:55:29.395+0000] {logging_mixin.py:190} INFO - [2025-03-07T10:55:29.394+0000] {dag.py:4180} INFO - Setting next_dagrun for example_bash_operator to 2025-03-06 00:00:00+00:00, run_after=2025-03-07 00:00:00+00:00
[2025-03-07T10:55:29.437+0000] {processor.py:208} INFO - Processing /home/airflow/.local/lib/python3.12/site-packages/airflow/example_dags/example_bash_operator.py took 0.195 seconds
[2025-03-07T10:55:59.636+0000] {processor.py:186} INFO - Started process (PID=900) to work on /home/airflow/.local/lib/python3.12/site-packages/airflow/example_dags/example_bash_operator.py
[2025-03-07T10:55:59.638+0000] {processor.py:914} INFO - Processing file /home/airflow/.local/lib/python3.12/site-packages/airflow/example_dags/example_bash_operator.py for tasks to queue
[2025-03-07T10:55:59.642+0000] {logging_mixin.py:190} INFO - [2025-03-07T10:55:59.642+0000] {dagbag.py:588} INFO - Filling up the DagBag from /home/airflow/.local/lib/python3.12/site-packages/airflow/example_dags/example_bash_operator.py
[2025-03-07T10:55:59.665+0000] {processor.py:925} INFO - DAG(s) 'example_bash_operator' retrieved from /home/airflow/.local/lib/python3.12/site-packages/airflow/example_dags/example_bash_operator.py
[2025-03-07T10:55:59.718+0000] {logging_mixin.py:190} INFO - [2025-03-07T10:55:59.718+0000] {dag.py:3239} INFO - Sync 1 DAGs
[2025-03-07T10:55:59.760+0000] {logging_mixin.py:190} INFO - [2025-03-07T10:55:59.760+0000] {dag.py:4180} INFO - Setting next_dagrun for example_bash_operator to 2025-03-06 00:00:00+00:00, run_after=2025-03-07 00:00:00+00:00
[2025-03-07T10:55:59.791+0000] {processor.py:208} INFO - Processing /home/airflow/.local/lib/python3.12/site-packages/airflow/example_dags/example_bash_operator.py took 0.163 seconds
[2025-03-07T10:56:30.079+0000] {processor.py:186} INFO - Started process (PID=963) to work on /home/airflow/.local/lib/python3.12/site-packages/airflow/example_dags/example_bash_operator.py
[2025-03-07T10:56:30.080+0000] {processor.py:914} INFO - Processing file /home/airflow/.local/lib/python3.12/site-packages/airflow/example_dags/example_bash_operator.py for tasks to queue
[2025-03-07T10:56:30.084+0000] {logging_mixin.py:190} INFO - [2025-03-07T10:56:30.083+0000] {dagbag.py:588} INFO - Filling up the DagBag from /home/airflow/.local/lib/python3.12/site-packages/airflow/example_dags/example_bash_operator.py
[2025-03-07T10:56:30.102+0000] {processor.py:925} INFO - DAG(s) 'example_bash_operator' retrieved from /home/airflow/.local/lib/python3.12/site-packages/airflow/example_dags/example_bash_operator.py
[2025-03-07T10:56:30.143+0000] {logging_mixin.py:190} INFO - [2025-03-07T10:56:30.143+0000] {dag.py:3239} INFO - Sync 1 DAGs
[2025-03-07T10:56:30.179+0000] {logging_mixin.py:190} INFO - [2025-03-07T10:56:30.179+0000] {dag.py:4180} INFO - Setting next_dagrun for example_bash_operator to 2025-03-06 00:00:00+00:00, run_after=2025-03-07 00:00:00+00:00
[2025-03-07T10:56:30.204+0000] {processor.py:208} INFO - Processing /home/airflow/.local/lib/python3.12/site-packages/airflow/example_dags/example_bash_operator.py took 0.132 seconds
[2025-03-07T10:57:00.490+0000] {processor.py:186} INFO - Started process (PID=1026) to work on /home/airflow/.local/lib/python3.12/site-packages/airflow/example_dags/example_bash_operator.py
[2025-03-07T10:57:00.491+0000] {processor.py:914} INFO - Processing file /home/airflow/.local/lib/python3.12/site-packages/airflow/example_dags/example_bash_operator.py for tasks to queue
[2025-03-07T10:57:00.494+0000] {logging_mixin.py:190} INFO - [2025-03-07T10:57:00.494+0000] {dagbag.py:588} INFO - Filling up the DagBag from /home/airflow/.local/lib/python3.12/site-packages/airflow/example_dags/example_bash_operator.py
[2025-03-07T10:57:00.511+0000] {processor.py:925} INFO - DAG(s) 'example_bash_operator' retrieved from /home/airflow/.local/lib/python3.12/site-packages/airflow/example_dags/example_bash_operator.py
[2025-03-07T10:57:00.542+0000] {logging_mixin.py:190} INFO - [2025-03-07T10:57:00.542+0000] {dag.py:3239} INFO - Sync 1 DAGs
[2025-03-07T10:57:00.570+0000] {logging_mixin.py:190} INFO - [2025-03-07T10:57:00.570+0000] {dag.py:4180} INFO - Setting next_dagrun for example_bash_operator to 2025-03-06 00:00:00+00:00, run_after=2025-03-07 00:00:00+00:00
[2025-03-07T10:57:00.596+0000] {processor.py:208} INFO - Processing /home/airflow/.local/lib/python3.12/site-packages/airflow/example_dags/example_bash_operator.py took 0.113 seconds
[2025-03-07T10:57:30.706+0000] {processor.py:186} INFO - Started process (PID=1089) to work on /home/airflow/.local/lib/python3.12/site-packages/airflow/example_dags/example_bash_operator.py
[2025-03-07T10:57:30.708+0000] {processor.py:914} INFO - Processing file /home/airflow/.local/lib/python3.12/site-packages/airflow/example_dags/example_bash_operator.py for tasks to queue
[2025-03-07T10:57:30.710+0000] {logging_mixin.py:190} INFO - [2025-03-07T10:57:30.709+0000] {dagbag.py:588} INFO - Filling up the DagBag from /home/airflow/.local/lib/python3.12/site-packages/airflow/example_dags/example_bash_operator.py
[2025-03-07T10:57:30.721+0000] {processor.py:925} INFO - DAG(s) 'example_bash_operator' retrieved from /home/airflow/.local/lib/python3.12/site-packages/airflow/example_dags/example_bash_operator.py
[2025-03-07T10:57:30.752+0000] {logging_mixin.py:190} INFO - [2025-03-07T10:57:30.751+0000] {dag.py:3239} INFO - Sync 1 DAGs
[2025-03-07T10:57:30.773+0000] {logging_mixin.py:190} INFO - [2025-03-07T10:57:30.773+0000] {dag.py:4180} INFO - Setting next_dagrun for example_bash_operator to 2025-03-06 00:00:00+00:00, run_after=2025-03-07 00:00:00+00:00
[2025-03-07T10:57:30.791+0000] {processor.py:208} INFO - Processing /home/airflow/.local/lib/python3.12/site-packages/airflow/example_dags/example_bash_operator.py took 0.089 seconds
[2025-03-07T10:58:01.749+0000] {processor.py:186} INFO - Started process (PID=1152) to work on /home/airflow/.local/lib/python3.12/site-packages/airflow/example_dags/example_bash_operator.py
[2025-03-07T10:58:01.750+0000] {processor.py:914} INFO - Processing file /home/airflow/.local/lib/python3.12/site-packages/airflow/example_dags/example_bash_operator.py for tasks to queue
[2025-03-07T10:58:01.754+0000] {logging_mixin.py:190} INFO - [2025-03-07T10:58:01.753+0000] {dagbag.py:588} INFO - Filling up the DagBag from /home/airflow/.local/lib/python3.12/site-packages/airflow/example_dags/example_bash_operator.py
[2025-03-07T10:58:01.777+0000] {processor.py:925} INFO - DAG(s) 'example_bash_operator' retrieved from /home/airflow/.local/lib/python3.12/site-packages/airflow/example_dags/example_bash_operator.py
[2025-03-07T10:58:01.822+0000] {logging_mixin.py:190} INFO - [2025-03-07T10:58:01.822+0000] {dag.py:3239} INFO - Sync 1 DAGs
[2025-03-07T10:58:01.856+0000] {logging_mixin.py:190} INFO - [2025-03-07T10:58:01.856+0000] {dag.py:4180} INFO - Setting next_dagrun for example_bash_operator to 2025-03-06 00:00:00+00:00, run_after=2025-03-07 00:00:00+00:00
[2025-03-07T10:58:01.883+0000] {processor.py:208} INFO - Processing /home/airflow/.local/lib/python3.12/site-packages/airflow/example_dags/example_bash_operator.py took 0.142 seconds
[2025-03-07T10:58:32.133+0000] {processor.py:186} INFO - Started process (PID=1215) to work on /home/airflow/.local/lib/python3.12/site-packages/airflow/example_dags/example_bash_operator.py
[2025-03-07T10:58:32.135+0000] {processor.py:914} INFO - Processing file /home/airflow/.local/lib/python3.12/site-packages/airflow/example_dags/example_bash_operator.py for tasks to queue
[2025-03-07T10:58:32.140+0000] {logging_mixin.py:190} INFO - [2025-03-07T10:58:32.139+0000] {dagbag.py:588} INFO - Filling up the DagBag from /home/airflow/.local/lib/python3.12/site-packages/airflow/example_dags/example_bash_operator.py
[2025-03-07T10:58:32.165+0000] {processor.py:925} INFO - DAG(s) 'example_bash_operator' retrieved from /home/airflow/.local/lib/python3.12/site-packages/airflow/example_dags/example_bash_operator.py
[2025-03-07T10:58:32.224+0000] {logging_mixin.py:190} INFO - [2025-03-07T10:58:32.223+0000] {dag.py:3239} INFO - Sync 1 DAGs
[2025-03-07T10:58:32.272+0000] {logging_mixin.py:190} INFO - [2025-03-07T10:58:32.271+0000] {dag.py:4180} INFO - Setting next_dagrun for example_bash_operator to 2025-03-06 00:00:00+00:00, run_after=2025-03-07 00:00:00+00:00
[2025-03-07T10:58:32.313+0000] {processor.py:208} INFO - Processing /home/airflow/.local/lib/python3.12/site-packages/airflow/example_dags/example_bash_operator.py took 0.189 seconds
[2025-03-07T10:59:02.886+0000] {processor.py:186} INFO - Started process (PID=1278) to work on /home/airflow/.local/lib/python3.12/site-packages/airflow/example_dags/example_bash_operator.py
[2025-03-07T10:59:02.888+0000] {processor.py:914} INFO - Processing file /home/airflow/.local/lib/python3.12/site-packages/airflow/example_dags/example_bash_operator.py for tasks to queue
[2025-03-07T10:59:02.891+0000] {logging_mixin.py:190} INFO - [2025-03-07T10:59:02.890+0000] {dagbag.py:588} INFO - Filling up the DagBag from /home/airflow/.local/lib/python3.12/site-packages/airflow/example_dags/example_bash_operator.py
[2025-03-07T10:59:02.913+0000] {processor.py:925} INFO - DAG(s) 'example_bash_operator' retrieved from /home/airflow/.local/lib/python3.12/site-packages/airflow/example_dags/example_bash_operator.py
[2025-03-07T10:59:02.951+0000] {logging_mixin.py:190} INFO - [2025-03-07T10:59:02.950+0000] {dag.py:3239} INFO - Sync 1 DAGs
[2025-03-07T10:59:02.989+0000] {logging_mixin.py:190} INFO - [2025-03-07T10:59:02.989+0000] {dag.py:4180} INFO - Setting next_dagrun for example_bash_operator to 2025-03-06 00:00:00+00:00, run_after=2025-03-07 00:00:00+00:00
[2025-03-07T10:59:03.016+0000] {processor.py:208} INFO - Processing /home/airflow/.local/lib/python3.12/site-packages/airflow/example_dags/example_bash_operator.py took 0.138 seconds
[2025-03-07T10:59:33.488+0000] {processor.py:186} INFO - Started process (PID=1340) to work on /home/airflow/.local/lib/python3.12/site-packages/airflow/example_dags/example_bash_operator.py
[2025-03-07T10:59:33.489+0000] {processor.py:914} INFO - Processing file /home/airflow/.local/lib/python3.12/site-packages/airflow/example_dags/example_bash_operator.py for tasks to queue
[2025-03-07T10:59:33.492+0000] {logging_mixin.py:190} INFO - [2025-03-07T10:59:33.491+0000] {dagbag.py:588} INFO - Filling up the DagBag from /home/airflow/.local/lib/python3.12/site-packages/airflow/example_dags/example_bash_operator.py
[2025-03-07T10:59:33.515+0000] {processor.py:925} INFO - DAG(s) 'example_bash_operator' retrieved from /home/airflow/.local/lib/python3.12/site-packages/airflow/example_dags/example_bash_operator.py
[2025-03-07T10:59:33.547+0000] {logging_mixin.py:190} INFO - [2025-03-07T10:59:33.546+0000] {dag.py:3239} INFO - Sync 1 DAGs
[2025-03-07T10:59:33.583+0000] {logging_mixin.py:190} INFO - [2025-03-07T10:59:33.583+0000] {dag.py:4180} INFO - Setting next_dagrun for example_bash_operator to 2025-03-06 00:00:00+00:00, run_after=2025-03-07 00:00:00+00:00
[2025-03-07T10:59:33.613+0000] {processor.py:208} INFO - Processing /home/airflow/.local/lib/python3.12/site-packages/airflow/example_dags/example_bash_operator.py took 0.131 seconds
[2025-03-07T11:00:04.262+0000] {processor.py:186} INFO - Started process (PID=1409) to work on /home/airflow/.local/lib/python3.12/site-packages/airflow/example_dags/example_bash_operator.py
[2025-03-07T11:00:04.264+0000] {processor.py:914} INFO - Processing file /home/airflow/.local/lib/python3.12/site-packages/airflow/example_dags/example_bash_operator.py for tasks to queue
[2025-03-07T11:00:04.266+0000] {logging_mixin.py:190} INFO - [2025-03-07T11:00:04.265+0000] {dagbag.py:588} INFO - Filling up the DagBag from /home/airflow/.local/lib/python3.12/site-packages/airflow/example_dags/example_bash_operator.py
[2025-03-07T11:00:04.280+0000] {processor.py:925} INFO - DAG(s) 'example_bash_operator' retrieved from /home/airflow/.local/lib/python3.12/site-packages/airflow/example_dags/example_bash_operator.py
[2025-03-07T11:00:04.312+0000] {logging_mixin.py:190} INFO - [2025-03-07T11:00:04.312+0000] {dag.py:3239} INFO - Sync 1 DAGs
[2025-03-07T11:00:04.345+0000] {logging_mixin.py:190} INFO - [2025-03-07T11:00:04.345+0000] {dag.py:4180} INFO - Setting next_dagrun for example_bash_operator to 2025-03-06 00:00:00+00:00, run_after=2025-03-07 00:00:00+00:00
[2025-03-07T11:00:04.371+0000] {processor.py:208} INFO - Processing /home/airflow/.local/lib/python3.12/site-packages/airflow/example_dags/example_bash_operator.py took 0.115 seconds
[2025-03-07T11:00:35.273+0000] {processor.py:186} INFO - Started process (PID=1466) to work on /home/airflow/.local/lib/python3.12/site-packages/airflow/example_dags/example_bash_operator.py
[2025-03-07T11:00:35.278+0000] {processor.py:914} INFO - Processing file /home/airflow/.local/lib/python3.12/site-packages/airflow/example_dags/example_bash_operator.py for tasks to queue
[2025-03-07T11:00:35.283+0000] {logging_mixin.py:190} INFO - [2025-03-07T11:00:35.282+0000] {dagbag.py:588} INFO - Filling up the DagBag from /home/airflow/.local/lib/python3.12/site-packages/airflow/example_dags/example_bash_operator.py
[2025-03-07T11:00:35.307+0000] {processor.py:925} INFO - DAG(s) 'example_bash_operator' retrieved from /home/airflow/.local/lib/python3.12/site-packages/airflow/example_dags/example_bash_operator.py
[2025-03-07T11:00:35.363+0000] {logging_mixin.py:190} INFO - [2025-03-07T11:00:35.362+0000] {dag.py:3239} INFO - Sync 1 DAGs
[2025-03-07T11:00:35.453+0000] {logging_mixin.py:190} INFO - [2025-03-07T11:00:35.452+0000] {dag.py:4180} INFO - Setting next_dagrun for example_bash_operator to 2025-03-06 00:00:00+00:00, run_after=2025-03-07 00:00:00+00:00
[2025-03-07T11:00:35.492+0000] {processor.py:208} INFO - Processing /home/airflow/.local/lib/python3.12/site-packages/airflow/example_dags/example_bash_operator.py took 0.231 seconds
[2025-03-07T11:01:06.540+0000] {processor.py:186} INFO - Started process (PID=1529) to work on /home/airflow/.local/lib/python3.12/site-packages/airflow/example_dags/example_bash_operator.py
[2025-03-07T11:01:06.541+0000] {processor.py:914} INFO - Processing file /home/airflow/.local/lib/python3.12/site-packages/airflow/example_dags/example_bash_operator.py for tasks to queue
[2025-03-07T11:01:06.545+0000] {logging_mixin.py:190} INFO - [2025-03-07T11:01:06.544+0000] {dagbag.py:588} INFO - Filling up the DagBag from /home/airflow/.local/lib/python3.12/site-packages/airflow/example_dags/example_bash_operator.py
[2025-03-07T11:01:06.566+0000] {processor.py:925} INFO - DAG(s) 'example_bash_operator' retrieved from /home/airflow/.local/lib/python3.12/site-packages/airflow/example_dags/example_bash_operator.py
[2025-03-07T11:01:06.615+0000] {logging_mixin.py:190} INFO - [2025-03-07T11:01:06.614+0000] {dag.py:3239} INFO - Sync 1 DAGs
[2025-03-07T11:01:06.663+0000] {logging_mixin.py:190} INFO - [2025-03-07T11:01:06.662+0000] {dag.py:4180} INFO - Setting next_dagrun for example_bash_operator to 2025-03-06 00:00:00+00:00, run_after=2025-03-07 00:00:00+00:00
[2025-03-07T11:01:06.694+0000] {processor.py:208} INFO - Processing /home/airflow/.local/lib/python3.12/site-packages/airflow/example_dags/example_bash_operator.py took 0.161 seconds
[2025-03-07T11:01:37.499+0000] {processor.py:186} INFO - Started process (PID=1591) to work on /home/airflow/.local/lib/python3.12/site-packages/airflow/example_dags/example_bash_operator.py
[2025-03-07T11:01:37.501+0000] {processor.py:914} INFO - Processing file /home/airflow/.local/lib/python3.12/site-packages/airflow/example_dags/example_bash_operator.py for tasks to queue
[2025-03-07T11:01:37.504+0000] {logging_mixin.py:190} INFO - [2025-03-07T11:01:37.503+0000] {dagbag.py:588} INFO - Filling up the DagBag from /home/airflow/.local/lib/python3.12/site-packages/airflow/example_dags/example_bash_operator.py
[2025-03-07T11:01:37.521+0000] {processor.py:925} INFO - DAG(s) 'example_bash_operator' retrieved from /home/airflow/.local/lib/python3.12/site-packages/airflow/example_dags/example_bash_operator.py
[2025-03-07T11:01:37.559+0000] {logging_mixin.py:190} INFO - [2025-03-07T11:01:37.559+0000] {dag.py:3239} INFO - Sync 1 DAGs
[2025-03-07T11:01:37.597+0000] {logging_mixin.py:190} INFO - [2025-03-07T11:01:37.597+0000] {dag.py:4180} INFO - Setting next_dagrun for example_bash_operator to 2025-03-06 00:00:00+00:00, run_after=2025-03-07 00:00:00+00:00
[2025-03-07T11:01:37.620+0000] {processor.py:208} INFO - Processing /home/airflow/.local/lib/python3.12/site-packages/airflow/example_dags/example_bash_operator.py took 0.130 seconds
[2025-03-07T11:02:08.438+0000] {processor.py:186} INFO - Started process (PID=1644) to work on /home/airflow/.local/lib/python3.12/site-packages/airflow/example_dags/example_bash_operator.py
[2025-03-07T11:02:08.440+0000] {processor.py:914} INFO - Processing file /home/airflow/.local/lib/python3.12/site-packages/airflow/example_dags/example_bash_operator.py for tasks to queue
[2025-03-07T11:02:08.444+0000] {logging_mixin.py:190} INFO - [2025-03-07T11:02:08.444+0000] {dagbag.py:588} INFO - Filling up the DagBag from /home/airflow/.local/lib/python3.12/site-packages/airflow/example_dags/example_bash_operator.py
[2025-03-07T11:02:08.477+0000] {processor.py:925} INFO - DAG(s) 'example_bash_operator' retrieved from /home/airflow/.local/lib/python3.12/site-packages/airflow/example_dags/example_bash_operator.py
[2025-03-07T11:02:08.543+0000] {logging_mixin.py:190} INFO - [2025-03-07T11:02:08.542+0000] {dag.py:3239} INFO - Sync 1 DAGs
[2025-03-07T11:02:08.610+0000] {logging_mixin.py:190} INFO - [2025-03-07T11:02:08.610+0000] {dag.py:4180} INFO - Setting next_dagrun for example_bash_operator to 2025-03-06 00:00:00+00:00, run_after=2025-03-07 00:00:00+00:00
[2025-03-07T11:02:08.652+0000] {processor.py:208} INFO - Processing /home/airflow/.local/lib/python3.12/site-packages/airflow/example_dags/example_bash_operator.py took 0.227 seconds
[2025-03-07T11:02:43.985+0000] {processor.py:186} INFO - Started process (PID=1692) to work on /home/airflow/.local/lib/python3.12/site-packages/airflow/example_dags/example_bash_operator.py
[2025-03-07T11:02:43.998+0000] {processor.py:914} INFO - Processing file /home/airflow/.local/lib/python3.12/site-packages/airflow/example_dags/example_bash_operator.py for tasks to queue
[2025-03-07T11:02:44.015+0000] {logging_mixin.py:190} INFO - [2025-03-07T11:02:44.014+0000] {dagbag.py:588} INFO - Filling up the DagBag from /home/airflow/.local/lib/python3.12/site-packages/airflow/example_dags/example_bash_operator.py
[2025-03-07T11:02:44.115+0000] {processor.py:925} INFO - DAG(s) 'example_bash_operator' retrieved from /home/airflow/.local/lib/python3.12/site-packages/airflow/example_dags/example_bash_operator.py
[2025-03-07T11:02:44.307+0000] {logging_mixin.py:190} INFO - [2025-03-07T11:02:44.307+0000] {dag.py:3239} INFO - Sync 1 DAGs
[2025-03-07T11:02:44.498+0000] {logging_mixin.py:190} INFO - [2025-03-07T11:02:44.498+0000] {dag.py:4180} INFO - Setting next_dagrun for example_bash_operator to 2025-03-06 00:00:00+00:00, run_after=2025-03-07 00:00:00+00:00
[2025-03-07T11:02:44.708+0000] {processor.py:208} INFO - Processing /home/airflow/.local/lib/python3.12/site-packages/airflow/example_dags/example_bash_operator.py took 0.751 seconds
[2025-03-07T11:03:20.193+0000] {processor.py:186} INFO - Started process (PID=1752) to work on /home/airflow/.local/lib/python3.12/site-packages/airflow/example_dags/example_bash_operator.py
[2025-03-07T11:03:20.216+0000] {processor.py:914} INFO - Processing file /home/airflow/.local/lib/python3.12/site-packages/airflow/example_dags/example_bash_operator.py for tasks to queue
[2025-03-07T11:03:20.235+0000] {logging_mixin.py:190} INFO - [2025-03-07T11:03:20.235+0000] {dagbag.py:588} INFO - Filling up the DagBag from /home/airflow/.local/lib/python3.12/site-packages/airflow/example_dags/example_bash_operator.py
[2025-03-07T11:03:20.341+0000] {processor.py:925} INFO - DAG(s) 'example_bash_operator' retrieved from /home/airflow/.local/lib/python3.12/site-packages/airflow/example_dags/example_bash_operator.py
[2025-03-07T11:03:20.510+0000] {logging_mixin.py:190} INFO - [2025-03-07T11:03:20.509+0000] {dag.py:3239} INFO - Sync 1 DAGs
[2025-03-07T11:03:20.696+0000] {logging_mixin.py:190} INFO - [2025-03-07T11:03:20.696+0000] {dag.py:4180} INFO - Setting next_dagrun for example_bash_operator to 2025-03-06 00:00:00+00:00, run_after=2025-03-07 00:00:00+00:00
[2025-03-07T11:03:20.899+0000] {processor.py:208} INFO - Processing /home/airflow/.local/lib/python3.12/site-packages/airflow/example_dags/example_bash_operator.py took 0.731 seconds
[2025-03-07T11:04:13.864+0000] {processor.py:186} INFO - Started process (PID=1822) to work on /home/airflow/.local/lib/python3.12/site-packages/airflow/example_dags/example_bash_operator.py
[2025-03-07T11:04:13.937+0000] {processor.py:914} INFO - Processing file /home/airflow/.local/lib/python3.12/site-packages/airflow/example_dags/example_bash_operator.py for tasks to queue
[2025-03-07T11:04:13.988+0000] {logging_mixin.py:190} INFO - [2025-03-07T11:04:13.987+0000] {dagbag.py:588} INFO - Filling up the DagBag from /home/airflow/.local/lib/python3.12/site-packages/airflow/example_dags/example_bash_operator.py
[2025-03-07T11:04:14.120+0000] {processor.py:925} INFO - DAG(s) 'example_bash_operator' retrieved from /home/airflow/.local/lib/python3.12/site-packages/airflow/example_dags/example_bash_operator.py
[2025-03-07T11:04:14.330+0000] {logging_mixin.py:190} INFO - [2025-03-07T11:04:14.319+0000] {dag.py:3239} INFO - Sync 1 DAGs
[2025-03-07T11:04:14.539+0000] {logging_mixin.py:190} INFO - [2025-03-07T11:04:14.528+0000] {dag.py:4180} INFO - Setting next_dagrun for example_bash_operator to 2025-03-06 00:00:00+00:00, run_after=2025-03-07 00:00:00+00:00
[2025-03-07T11:04:14.748+0000] {processor.py:208} INFO - Processing /home/airflow/.local/lib/python3.12/site-packages/airflow/example_dags/example_bash_operator.py took 0.921 seconds
[2025-03-07T11:04:54.488+0000] {processor.py:186} INFO - Started process (PID=1874) to work on /home/airflow/.local/lib/python3.12/site-packages/airflow/example_dags/example_bash_operator.py
[2025-03-07T11:04:54.497+0000] {processor.py:914} INFO - Processing file /home/airflow/.local/lib/python3.12/site-packages/airflow/example_dags/example_bash_operator.py for tasks to queue
[2025-03-07T11:04:54.536+0000] {logging_mixin.py:190} INFO - [2025-03-07T11:04:54.535+0000] {dagbag.py:588} INFO - Filling up the DagBag from /home/airflow/.local/lib/python3.12/site-packages/airflow/example_dags/example_bash_operator.py
[2025-03-07T11:04:54.637+0000] {processor.py:925} INFO - DAG(s) 'example_bash_operator' retrieved from /home/airflow/.local/lib/python3.12/site-packages/airflow/example_dags/example_bash_operator.py
[2025-03-07T11:04:54.856+0000] {logging_mixin.py:190} INFO - [2025-03-07T11:04:54.855+0000] {dag.py:3239} INFO - Sync 1 DAGs
[2025-03-07T11:04:54.977+0000] {logging_mixin.py:190} INFO - [2025-03-07T11:04:54.977+0000] {dag.py:4180} INFO - Setting next_dagrun for example_bash_operator to 2025-03-06 00:00:00+00:00, run_after=2025-03-07 00:00:00+00:00
[2025-03-07T11:04:55.237+0000] {processor.py:208} INFO - Processing /home/airflow/.local/lib/python3.12/site-packages/airflow/example_dags/example_bash_operator.py took 0.771 seconds
[2025-03-07T11:05:25.866+0000] {processor.py:186} INFO - Started process (PID=1937) to work on /home/airflow/.local/lib/python3.12/site-packages/airflow/example_dags/example_bash_operator.py
[2025-03-07T11:05:25.883+0000] {processor.py:914} INFO - Processing file /home/airflow/.local/lib/python3.12/site-packages/airflow/example_dags/example_bash_operator.py for tasks to queue
[2025-03-07T11:05:25.902+0000] {logging_mixin.py:190} INFO - [2025-03-07T11:05:25.902+0000] {dagbag.py:588} INFO - Filling up the DagBag from /home/airflow/.local/lib/python3.12/site-packages/airflow/example_dags/example_bash_operator.py
[2025-03-07T11:05:25.961+0000] {processor.py:925} INFO - DAG(s) 'example_bash_operator' retrieved from /home/airflow/.local/lib/python3.12/site-packages/airflow/example_dags/example_bash_operator.py
[2025-03-07T11:05:26.144+0000] {logging_mixin.py:190} INFO - [2025-03-07T11:05:26.144+0000] {dag.py:3239} INFO - Sync 1 DAGs
[2025-03-07T11:05:26.357+0000] {logging_mixin.py:190} INFO - [2025-03-07T11:05:26.356+0000] {dag.py:4180} INFO - Setting next_dagrun for example_bash_operator to 2025-03-06 00:00:00+00:00, run_after=2025-03-07 00:00:00+00:00
[2025-03-07T11:05:26.612+0000] {processor.py:208} INFO - Processing /home/airflow/.local/lib/python3.12/site-packages/airflow/example_dags/example_bash_operator.py took 0.827 seconds
[2025-03-07T11:05:59.177+0000] {processor.py:186} INFO - Started process (PID=1997) to work on /home/airflow/.local/lib/python3.12/site-packages/airflow/example_dags/example_bash_operator.py
[2025-03-07T11:05:59.179+0000] {processor.py:914} INFO - Processing file /home/airflow/.local/lib/python3.12/site-packages/airflow/example_dags/example_bash_operator.py for tasks to queue
[2025-03-07T11:05:59.192+0000] {logging_mixin.py:190} INFO - [2025-03-07T11:05:59.192+0000] {dagbag.py:588} INFO - Filling up the DagBag from /home/airflow/.local/lib/python3.12/site-packages/airflow/example_dags/example_bash_operator.py
[2025-03-07T11:05:59.235+0000] {processor.py:925} INFO - DAG(s) 'example_bash_operator' retrieved from /home/airflow/.local/lib/python3.12/site-packages/airflow/example_dags/example_bash_operator.py
[2025-03-07T11:05:59.318+0000] {logging_mixin.py:190} INFO - [2025-03-07T11:05:59.318+0000] {dag.py:3239} INFO - Sync 1 DAGs
[2025-03-07T11:05:59.411+0000] {logging_mixin.py:190} INFO - [2025-03-07T11:05:59.410+0000] {dag.py:4180} INFO - Setting next_dagrun for example_bash_operator to 2025-03-06 00:00:00+00:00, run_after=2025-03-07 00:00:00+00:00
[2025-03-07T11:05:59.468+0000] {processor.py:208} INFO - Processing /home/airflow/.local/lib/python3.12/site-packages/airflow/example_dags/example_bash_operator.py took 0.313 seconds
[2025-03-07T11:06:30.951+0000] {processor.py:186} INFO - Started process (PID=2060) to work on /home/airflow/.local/lib/python3.12/site-packages/airflow/example_dags/example_bash_operator.py
[2025-03-07T11:06:30.955+0000] {processor.py:914} INFO - Processing file /home/airflow/.local/lib/python3.12/site-packages/airflow/example_dags/example_bash_operator.py for tasks to queue
[2025-03-07T11:06:30.960+0000] {logging_mixin.py:190} INFO - [2025-03-07T11:06:30.959+0000] {dagbag.py:588} INFO - Filling up the DagBag from /home/airflow/.local/lib/python3.12/site-packages/airflow/example_dags/example_bash_operator.py
[2025-03-07T11:06:31.005+0000] {processor.py:925} INFO - DAG(s) 'example_bash_operator' retrieved from /home/airflow/.local/lib/python3.12/site-packages/airflow/example_dags/example_bash_operator.py
[2025-03-07T11:06:31.068+0000] {logging_mixin.py:190} INFO - [2025-03-07T11:06:31.068+0000] {dag.py:3239} INFO - Sync 1 DAGs
[2025-03-07T11:06:31.130+0000] {logging_mixin.py:190} INFO - [2025-03-07T11:06:31.129+0000] {dag.py:4180} INFO - Setting next_dagrun for example_bash_operator to 2025-03-06 00:00:00+00:00, run_after=2025-03-07 00:00:00+00:00
[2025-03-07T11:06:31.176+0000] {processor.py:208} INFO - Processing /home/airflow/.local/lib/python3.12/site-packages/airflow/example_dags/example_bash_operator.py took 0.236 seconds
[2025-03-07T11:07:01.969+0000] {processor.py:186} INFO - Started process (PID=2118) to work on /home/airflow/.local/lib/python3.12/site-packages/airflow/example_dags/example_bash_operator.py
[2025-03-07T11:07:01.970+0000] {processor.py:914} INFO - Processing file /home/airflow/.local/lib/python3.12/site-packages/airflow/example_dags/example_bash_operator.py for tasks to queue
[2025-03-07T11:07:01.975+0000] {logging_mixin.py:190} INFO - [2025-03-07T11:07:01.974+0000] {dagbag.py:588} INFO - Filling up the DagBag from /home/airflow/.local/lib/python3.12/site-packages/airflow/example_dags/example_bash_operator.py
[2025-03-07T11:07:02.015+0000] {processor.py:925} INFO - DAG(s) 'example_bash_operator' retrieved from /home/airflow/.local/lib/python3.12/site-packages/airflow/example_dags/example_bash_operator.py
[2025-03-07T11:07:02.087+0000] {logging_mixin.py:190} INFO - [2025-03-07T11:07:02.087+0000] {dag.py:3239} INFO - Sync 1 DAGs
[2025-03-07T11:07:02.155+0000] {logging_mixin.py:190} INFO - [2025-03-07T11:07:02.154+0000] {dag.py:4180} INFO - Setting next_dagrun for example_bash_operator to 2025-03-06 00:00:00+00:00, run_after=2025-03-07 00:00:00+00:00
[2025-03-07T11:07:02.194+0000] {processor.py:208} INFO - Processing /home/airflow/.local/lib/python3.12/site-packages/airflow/example_dags/example_bash_operator.py took 0.239 seconds
[2025-03-07T11:07:34.712+0000] {processor.py:186} INFO - Started process (PID=2181) to work on /home/airflow/.local/lib/python3.12/site-packages/airflow/example_dags/example_bash_operator.py
[2025-03-07T11:07:34.714+0000] {processor.py:914} INFO - Processing file /home/airflow/.local/lib/python3.12/site-packages/airflow/example_dags/example_bash_operator.py for tasks to queue
[2025-03-07T11:07:34.725+0000] {logging_mixin.py:190} INFO - [2025-03-07T11:07:34.725+0000] {dagbag.py:588} INFO - Filling up the DagBag from /home/airflow/.local/lib/python3.12/site-packages/airflow/example_dags/example_bash_operator.py
[2025-03-07T11:07:34.799+0000] {processor.py:925} INFO - DAG(s) 'example_bash_operator' retrieved from /home/airflow/.local/lib/python3.12/site-packages/airflow/example_dags/example_bash_operator.py
[2025-03-07T11:07:34.889+0000] {logging_mixin.py:190} INFO - [2025-03-07T11:07:34.889+0000] {dag.py:3239} INFO - Sync 1 DAGs
[2025-03-07T11:07:34.969+0000] {logging_mixin.py:190} INFO - [2025-03-07T11:07:34.968+0000] {dag.py:4180} INFO - Setting next_dagrun for example_bash_operator to 2025-03-06 00:00:00+00:00, run_after=2025-03-07 00:00:00+00:00
[2025-03-07T11:07:35.009+0000] {processor.py:208} INFO - Processing /home/airflow/.local/lib/python3.12/site-packages/airflow/example_dags/example_bash_operator.py took 0.311 seconds
[2025-03-07T11:08:06.907+0000] {processor.py:186} INFO - Started process (PID=2250) to work on /home/airflow/.local/lib/python3.12/site-packages/airflow/example_dags/example_bash_operator.py
[2025-03-07T11:08:06.908+0000] {processor.py:914} INFO - Processing file /home/airflow/.local/lib/python3.12/site-packages/airflow/example_dags/example_bash_operator.py for tasks to queue
[2025-03-07T11:08:06.912+0000] {logging_mixin.py:190} INFO - [2025-03-07T11:08:06.911+0000] {dagbag.py:588} INFO - Filling up the DagBag from /home/airflow/.local/lib/python3.12/site-packages/airflow/example_dags/example_bash_operator.py
[2025-03-07T11:08:06.933+0000] {processor.py:925} INFO - DAG(s) 'example_bash_operator' retrieved from /home/airflow/.local/lib/python3.12/site-packages/airflow/example_dags/example_bash_operator.py
[2025-03-07T11:08:06.980+0000] {logging_mixin.py:190} INFO - [2025-03-07T11:08:06.980+0000] {dag.py:3239} INFO - Sync 1 DAGs
[2025-03-07T11:08:07.028+0000] {logging_mixin.py:190} INFO - [2025-03-07T11:08:07.027+0000] {dag.py:4180} INFO - Setting next_dagrun for example_bash_operator to 2025-03-06 00:00:00+00:00, run_after=2025-03-07 00:00:00+00:00
[2025-03-07T11:08:07.061+0000] {processor.py:208} INFO - Processing /home/airflow/.local/lib/python3.12/site-packages/airflow/example_dags/example_bash_operator.py took 0.165 seconds
[2025-03-07T11:08:37.199+0000] {processor.py:186} INFO - Started process (PID=2312) to work on /home/airflow/.local/lib/python3.12/site-packages/airflow/example_dags/example_bash_operator.py
[2025-03-07T11:08:37.202+0000] {processor.py:914} INFO - Processing file /home/airflow/.local/lib/python3.12/site-packages/airflow/example_dags/example_bash_operator.py for tasks to queue
[2025-03-07T11:08:37.207+0000] {logging_mixin.py:190} INFO - [2025-03-07T11:08:37.206+0000] {dagbag.py:588} INFO - Filling up the DagBag from /home/airflow/.local/lib/python3.12/site-packages/airflow/example_dags/example_bash_operator.py
[2025-03-07T11:08:37.244+0000] {processor.py:925} INFO - DAG(s) 'example_bash_operator' retrieved from /home/airflow/.local/lib/python3.12/site-packages/airflow/example_dags/example_bash_operator.py
[2025-03-07T11:08:37.299+0000] {logging_mixin.py:190} INFO - [2025-03-07T11:08:37.298+0000] {dag.py:3239} INFO - Sync 1 DAGs
[2025-03-07T11:08:37.365+0000] {logging_mixin.py:190} INFO - [2025-03-07T11:08:37.365+0000] {dag.py:4180} INFO - Setting next_dagrun for example_bash_operator to 2025-03-06 00:00:00+00:00, run_after=2025-03-07 00:00:00+00:00
[2025-03-07T11:08:37.429+0000] {processor.py:208} INFO - Processing /home/airflow/.local/lib/python3.12/site-packages/airflow/example_dags/example_bash_operator.py took 0.247 seconds
[2025-03-07T11:09:07.907+0000] {processor.py:186} INFO - Started process (PID=2373) to work on /home/airflow/.local/lib/python3.12/site-packages/airflow/example_dags/example_bash_operator.py
[2025-03-07T11:09:07.908+0000] {processor.py:914} INFO - Processing file /home/airflow/.local/lib/python3.12/site-packages/airflow/example_dags/example_bash_operator.py for tasks to queue
[2025-03-07T11:09:07.911+0000] {logging_mixin.py:190} INFO - [2025-03-07T11:09:07.911+0000] {dagbag.py:588} INFO - Filling up the DagBag from /home/airflow/.local/lib/python3.12/site-packages/airflow/example_dags/example_bash_operator.py
[2025-03-07T11:09:07.927+0000] {processor.py:925} INFO - DAG(s) 'example_bash_operator' retrieved from /home/airflow/.local/lib/python3.12/site-packages/airflow/example_dags/example_bash_operator.py
[2025-03-07T11:09:07.970+0000] {logging_mixin.py:190} INFO - [2025-03-07T11:09:07.969+0000] {dag.py:3239} INFO - Sync 1 DAGs
[2025-03-07T11:09:08.016+0000] {logging_mixin.py:190} INFO - [2025-03-07T11:09:08.016+0000] {dag.py:4180} INFO - Setting next_dagrun for example_bash_operator to 2025-03-06 00:00:00+00:00, run_after=2025-03-07 00:00:00+00:00
[2025-03-07T11:09:08.054+0000] {processor.py:208} INFO - Processing /home/airflow/.local/lib/python3.12/site-packages/airflow/example_dags/example_bash_operator.py took 0.155 seconds
[2025-03-07T11:09:38.222+0000] {processor.py:186} INFO - Started process (PID=2437) to work on /home/airflow/.local/lib/python3.12/site-packages/airflow/example_dags/example_bash_operator.py
[2025-03-07T11:09:38.223+0000] {processor.py:914} INFO - Processing file /home/airflow/.local/lib/python3.12/site-packages/airflow/example_dags/example_bash_operator.py for tasks to queue
[2025-03-07T11:09:38.226+0000] {logging_mixin.py:190} INFO - [2025-03-07T11:09:38.226+0000] {dagbag.py:588} INFO - Filling up the DagBag from /home/airflow/.local/lib/python3.12/site-packages/airflow/example_dags/example_bash_operator.py
[2025-03-07T11:09:38.252+0000] {processor.py:925} INFO - DAG(s) 'example_bash_operator' retrieved from /home/airflow/.local/lib/python3.12/site-packages/airflow/example_dags/example_bash_operator.py
[2025-03-07T11:09:38.307+0000] {logging_mixin.py:190} INFO - [2025-03-07T11:09:38.306+0000] {dag.py:3239} INFO - Sync 1 DAGs
[2025-03-07T11:09:38.356+0000] {logging_mixin.py:190} INFO - [2025-03-07T11:09:38.355+0000] {dag.py:4180} INFO - Setting next_dagrun for example_bash_operator to 2025-03-06 00:00:00+00:00, run_after=2025-03-07 00:00:00+00:00
[2025-03-07T11:09:38.395+0000] {processor.py:208} INFO - Processing /home/airflow/.local/lib/python3.12/site-packages/airflow/example_dags/example_bash_operator.py took 0.180 seconds
[2025-03-07T11:10:08.488+0000] {processor.py:186} INFO - Started process (PID=2500) to work on /home/airflow/.local/lib/python3.12/site-packages/airflow/example_dags/example_bash_operator.py
[2025-03-07T11:10:08.490+0000] {processor.py:914} INFO - Processing file /home/airflow/.local/lib/python3.12/site-packages/airflow/example_dags/example_bash_operator.py for tasks to queue
[2025-03-07T11:10:08.494+0000] {logging_mixin.py:190} INFO - [2025-03-07T11:10:08.493+0000] {dagbag.py:588} INFO - Filling up the DagBag from /home/airflow/.local/lib/python3.12/site-packages/airflow/example_dags/example_bash_operator.py
[2025-03-07T11:10:08.526+0000] {processor.py:925} INFO - DAG(s) 'example_bash_operator' retrieved from /home/airflow/.local/lib/python3.12/site-packages/airflow/example_dags/example_bash_operator.py
[2025-03-07T11:10:08.593+0000] {logging_mixin.py:190} INFO - [2025-03-07T11:10:08.593+0000] {dag.py:3239} INFO - Sync 1 DAGs
[2025-03-07T11:10:08.659+0000] {logging_mixin.py:190} INFO - [2025-03-07T11:10:08.658+0000] {dag.py:4180} INFO - Setting next_dagrun for example_bash_operator to 2025-03-06 00:00:00+00:00, run_after=2025-03-07 00:00:00+00:00
[2025-03-07T11:10:08.707+0000] {processor.py:208} INFO - Processing /home/airflow/.local/lib/python3.12/site-packages/airflow/example_dags/example_bash_operator.py took 0.233 seconds
[2025-03-07T11:10:38.878+0000] {processor.py:186} INFO - Started process (PID=2562) to work on /home/airflow/.local/lib/python3.12/site-packages/airflow/example_dags/example_bash_operator.py
[2025-03-07T11:10:38.881+0000] {processor.py:914} INFO - Processing file /home/airflow/.local/lib/python3.12/site-packages/airflow/example_dags/example_bash_operator.py for tasks to queue
[2025-03-07T11:10:38.886+0000] {logging_mixin.py:190} INFO - [2025-03-07T11:10:38.886+0000] {dagbag.py:588} INFO - Filling up the DagBag from /home/airflow/.local/lib/python3.12/site-packages/airflow/example_dags/example_bash_operator.py
[2025-03-07T11:10:38.931+0000] {processor.py:925} INFO - DAG(s) 'example_bash_operator' retrieved from /home/airflow/.local/lib/python3.12/site-packages/airflow/example_dags/example_bash_operator.py
[2025-03-07T11:10:38.991+0000] {logging_mixin.py:190} INFO - [2025-03-07T11:10:38.990+0000] {dag.py:3239} INFO - Sync 1 DAGs
[2025-03-07T11:10:39.055+0000] {logging_mixin.py:190} INFO - [2025-03-07T11:10:39.054+0000] {dag.py:4180} INFO - Setting next_dagrun for example_bash_operator to 2025-03-06 00:00:00+00:00, run_after=2025-03-07 00:00:00+00:00
[2025-03-07T11:10:39.109+0000] {processor.py:208} INFO - Processing /home/airflow/.local/lib/python3.12/site-packages/airflow/example_dags/example_bash_operator.py took 0.242 seconds
[2025-03-07T11:11:09.658+0000] {processor.py:186} INFO - Started process (PID=2625) to work on /home/airflow/.local/lib/python3.12/site-packages/airflow/example_dags/example_bash_operator.py
[2025-03-07T11:11:09.662+0000] {processor.py:914} INFO - Processing file /home/airflow/.local/lib/python3.12/site-packages/airflow/example_dags/example_bash_operator.py for tasks to queue
[2025-03-07T11:11:09.667+0000] {logging_mixin.py:190} INFO - [2025-03-07T11:11:09.666+0000] {dagbag.py:588} INFO - Filling up the DagBag from /home/airflow/.local/lib/python3.12/site-packages/airflow/example_dags/example_bash_operator.py
[2025-03-07T11:11:09.702+0000] {processor.py:925} INFO - DAG(s) 'example_bash_operator' retrieved from /home/airflow/.local/lib/python3.12/site-packages/airflow/example_dags/example_bash_operator.py
[2025-03-07T11:11:09.768+0000] {logging_mixin.py:190} INFO - [2025-03-07T11:11:09.768+0000] {dag.py:3239} INFO - Sync 1 DAGs
[2025-03-07T11:11:09.854+0000] {logging_mixin.py:190} INFO - [2025-03-07T11:11:09.854+0000] {dag.py:4180} INFO - Setting next_dagrun for example_bash_operator to 2025-03-06 00:00:00+00:00, run_after=2025-03-07 00:00:00+00:00
[2025-03-07T11:11:09.903+0000] {processor.py:208} INFO - Processing /home/airflow/.local/lib/python3.12/site-packages/airflow/example_dags/example_bash_operator.py took 0.264 seconds
[2025-03-07T11:11:40.860+0000] {processor.py:186} INFO - Started process (PID=2688) to work on /home/airflow/.local/lib/python3.12/site-packages/airflow/example_dags/example_bash_operator.py
[2025-03-07T11:11:40.863+0000] {processor.py:914} INFO - Processing file /home/airflow/.local/lib/python3.12/site-packages/airflow/example_dags/example_bash_operator.py for tasks to queue
[2025-03-07T11:11:40.868+0000] {logging_mixin.py:190} INFO - [2025-03-07T11:11:40.868+0000] {dagbag.py:588} INFO - Filling up the DagBag from /home/airflow/.local/lib/python3.12/site-packages/airflow/example_dags/example_bash_operator.py
[2025-03-07T11:11:40.909+0000] {processor.py:925} INFO - DAG(s) 'example_bash_operator' retrieved from /home/airflow/.local/lib/python3.12/site-packages/airflow/example_dags/example_bash_operator.py
[2025-03-07T11:11:40.989+0000] {logging_mixin.py:190} INFO - [2025-03-07T11:11:40.989+0000] {dag.py:3239} INFO - Sync 1 DAGs
[2025-03-07T11:11:41.041+0000] {logging_mixin.py:190} INFO - [2025-03-07T11:11:41.041+0000] {dag.py:4180} INFO - Setting next_dagrun for example_bash_operator to 2025-03-06 00:00:00+00:00, run_after=2025-03-07 00:00:00+00:00
[2025-03-07T11:11:41.083+0000] {processor.py:208} INFO - Processing /home/airflow/.local/lib/python3.12/site-packages/airflow/example_dags/example_bash_operator.py took 0.236 seconds
[2025-03-07T11:12:11.187+0000] {processor.py:186} INFO - Started process (PID=2751) to work on /home/airflow/.local/lib/python3.12/site-packages/airflow/example_dags/example_bash_operator.py
[2025-03-07T11:12:11.188+0000] {processor.py:914} INFO - Processing file /home/airflow/.local/lib/python3.12/site-packages/airflow/example_dags/example_bash_operator.py for tasks to queue
[2025-03-07T11:12:11.190+0000] {logging_mixin.py:190} INFO - [2025-03-07T11:12:11.190+0000] {dagbag.py:588} INFO - Filling up the DagBag from /home/airflow/.local/lib/python3.12/site-packages/airflow/example_dags/example_bash_operator.py
[2025-03-07T11:12:11.205+0000] {processor.py:925} INFO - DAG(s) 'example_bash_operator' retrieved from /home/airflow/.local/lib/python3.12/site-packages/airflow/example_dags/example_bash_operator.py
[2025-03-07T11:12:11.240+0000] {logging_mixin.py:190} INFO - [2025-03-07T11:12:11.239+0000] {dag.py:3239} INFO - Sync 1 DAGs
[2025-03-07T11:12:11.269+0000] {logging_mixin.py:190} INFO - [2025-03-07T11:12:11.268+0000] {dag.py:4180} INFO - Setting next_dagrun for example_bash_operator to 2025-03-06 00:00:00+00:00, run_after=2025-03-07 00:00:00+00:00
[2025-03-07T11:12:11.296+0000] {processor.py:208} INFO - Processing /home/airflow/.local/lib/python3.12/site-packages/airflow/example_dags/example_bash_operator.py took 0.116 seconds
[2025-03-07T11:12:41.587+0000] {processor.py:186} INFO - Started process (PID=2814) to work on /home/airflow/.local/lib/python3.12/site-packages/airflow/example_dags/example_bash_operator.py
[2025-03-07T11:12:41.589+0000] {processor.py:914} INFO - Processing file /home/airflow/.local/lib/python3.12/site-packages/airflow/example_dags/example_bash_operator.py for tasks to queue
[2025-03-07T11:12:41.593+0000] {logging_mixin.py:190} INFO - [2025-03-07T11:12:41.592+0000] {dagbag.py:588} INFO - Filling up the DagBag from /home/airflow/.local/lib/python3.12/site-packages/airflow/example_dags/example_bash_operator.py
[2025-03-07T11:12:41.620+0000] {processor.py:925} INFO - DAG(s) 'example_bash_operator' retrieved from /home/airflow/.local/lib/python3.12/site-packages/airflow/example_dags/example_bash_operator.py
[2025-03-07T11:12:41.715+0000] {logging_mixin.py:190} INFO - [2025-03-07T11:12:41.715+0000] {dag.py:3239} INFO - Sync 1 DAGs
[2025-03-07T11:12:41.774+0000] {logging_mixin.py:190} INFO - [2025-03-07T11:12:41.774+0000] {dag.py:4180} INFO - Setting next_dagrun for example_bash_operator to 2025-03-06 00:00:00+00:00, run_after=2025-03-07 00:00:00+00:00
[2025-03-07T11:12:41.819+0000] {processor.py:208} INFO - Processing /home/airflow/.local/lib/python3.12/site-packages/airflow/example_dags/example_bash_operator.py took 0.245 seconds
[2025-03-07T11:13:13.109+0000] {processor.py:186} INFO - Started process (PID=2875) to work on /home/airflow/.local/lib/python3.12/site-packages/airflow/example_dags/example_bash_operator.py
[2025-03-07T11:13:13.112+0000] {processor.py:914} INFO - Processing file /home/airflow/.local/lib/python3.12/site-packages/airflow/example_dags/example_bash_operator.py for tasks to queue
[2025-03-07T11:13:13.121+0000] {logging_mixin.py:190} INFO - [2025-03-07T11:13:13.120+0000] {dagbag.py:588} INFO - Filling up the DagBag from /home/airflow/.local/lib/python3.12/site-packages/airflow/example_dags/example_bash_operator.py
[2025-03-07T11:13:13.165+0000] {processor.py:925} INFO - DAG(s) 'example_bash_operator' retrieved from /home/airflow/.local/lib/python3.12/site-packages/airflow/example_dags/example_bash_operator.py
[2025-03-07T11:13:13.282+0000] {logging_mixin.py:190} INFO - [2025-03-07T11:13:13.281+0000] {dag.py:3239} INFO - Sync 1 DAGs
[2025-03-07T11:13:13.444+0000] {logging_mixin.py:190} INFO - [2025-03-07T11:13:13.443+0000] {dag.py:4180} INFO - Setting next_dagrun for example_bash_operator to 2025-03-06 00:00:00+00:00, run_after=2025-03-07 00:00:00+00:00
[2025-03-07T11:13:13.579+0000] {processor.py:208} INFO - Processing /home/airflow/.local/lib/python3.12/site-packages/airflow/example_dags/example_bash_operator.py took 0.495 seconds
[2025-03-07T11:13:44.409+0000] {processor.py:186} INFO - Started process (PID=2938) to work on /home/airflow/.local/lib/python3.12/site-packages/airflow/example_dags/example_bash_operator.py
[2025-03-07T11:13:44.411+0000] {processor.py:914} INFO - Processing file /home/airflow/.local/lib/python3.12/site-packages/airflow/example_dags/example_bash_operator.py for tasks to queue
[2025-03-07T11:13:44.416+0000] {logging_mixin.py:190} INFO - [2025-03-07T11:13:44.415+0000] {dagbag.py:588} INFO - Filling up the DagBag from /home/airflow/.local/lib/python3.12/site-packages/airflow/example_dags/example_bash_operator.py
[2025-03-07T11:13:44.451+0000] {processor.py:925} INFO - DAG(s) 'example_bash_operator' retrieved from /home/airflow/.local/lib/python3.12/site-packages/airflow/example_dags/example_bash_operator.py
[2025-03-07T11:13:44.535+0000] {logging_mixin.py:190} INFO - [2025-03-07T11:13:44.534+0000] {dag.py:3239} INFO - Sync 1 DAGs
[2025-03-07T11:13:44.607+0000] {logging_mixin.py:190} INFO - [2025-03-07T11:13:44.607+0000] {dag.py:4180} INFO - Setting next_dagrun for example_bash_operator to 2025-03-06 00:00:00+00:00, run_after=2025-03-07 00:00:00+00:00
[2025-03-07T11:13:45.654+0000] {processor.py:208} INFO - Processing /home/airflow/.local/lib/python3.12/site-packages/airflow/example_dags/example_bash_operator.py took 1.257 seconds
