[2025-03-07T10:49:29.014+0000] {processor.py:186} INFO - Started process (PID=103) to work on /home/airflow/.local/lib/python3.12/site-packages/airflow/example_dags/example_branch_operator.py
[2025-03-07T10:49:29.016+0000] {processor.py:914} INFO - Processing file /home/airflow/.local/lib/python3.12/site-packages/airflow/example_dags/example_branch_operator.py for tasks to queue
[2025-03-07T10:49:29.019+0000] {logging_mixin.py:190} INFO - [2025-03-07T10:49:29.018+0000] {dagbag.py:588} INFO - Filling up the DagBag from /home/airflow/.local/lib/python3.12/site-packages/airflow/example_dags/example_branch_operator.py
[2025-03-07T10:49:29.043+0000] {processor.py:925} INFO - DAG(s) 'example_branch_operator' retrieved from /home/airflow/.local/lib/python3.12/site-packages/airflow/example_dags/example_branch_operator.py
[2025-03-07T10:49:29.186+0000] {logging_mixin.py:190} INFO - [2025-03-07T10:49:29.185+0000] {override.py:1912} INFO - Created Permission View: can delete on DAG:example_branch_operator
[2025-03-07T10:49:29.197+0000] {logging_mixin.py:190} INFO - [2025-03-07T10:49:29.197+0000] {override.py:1912} INFO - Created Permission View: can read on DAG:example_branch_operator
[2025-03-07T10:49:29.206+0000] {logging_mixin.py:190} INFO - [2025-03-07T10:49:29.206+0000] {override.py:1912} INFO - Created Permission View: can edit on DAG:example_branch_operator
[2025-03-07T10:49:29.216+0000] {logging_mixin.py:190} INFO - [2025-03-07T10:49:29.216+0000] {override.py:1912} INFO - Created Permission View: can delete on DAG Run:example_branch_operator
[2025-03-07T10:49:29.224+0000] {logging_mixin.py:190} INFO - [2025-03-07T10:49:29.224+0000] {override.py:1912} INFO - Created Permission View: can create on DAG Run:example_branch_operator
[2025-03-07T10:49:29.233+0000] {logging_mixin.py:190} INFO - [2025-03-07T10:49:29.233+0000] {override.py:1912} INFO - Created Permission View: menu access on DAG Run:example_branch_operator
[2025-03-07T10:49:29.242+0000] {logging_mixin.py:190} INFO - [2025-03-07T10:49:29.241+0000] {override.py:1912} INFO - Created Permission View: can read on DAG Run:example_branch_operator
[2025-03-07T10:49:29.243+0000] {logging_mixin.py:190} INFO - [2025-03-07T10:49:29.242+0000] {dag.py:3239} INFO - Sync 1 DAGs
[2025-03-07T10:49:29.259+0000] {logging_mixin.py:190} INFO - [2025-03-07T10:49:29.259+0000] {dag.py:3262} INFO - Creating ORM DAG for example_branch_operator
[2025-03-07T10:49:29.274+0000] {logging_mixin.py:190} INFO - [2025-03-07T10:49:29.274+0000] {dag.py:4180} INFO - Setting next_dagrun for example_branch_operator to 2025-03-06 00:00:00+00:00, run_after=2025-03-07 00:00:00+00:00
[2025-03-07T10:49:29.296+0000] {processor.py:208} INFO - Processing /home/airflow/.local/lib/python3.12/site-packages/airflow/example_dags/example_branch_operator.py took 0.288 seconds
[2025-03-07T10:50:00.375+0000] {processor.py:186} INFO - Started process (PID=167) to work on /home/airflow/.local/lib/python3.12/site-packages/airflow/example_dags/example_branch_operator.py
[2025-03-07T10:50:00.377+0000] {processor.py:914} INFO - Processing file /home/airflow/.local/lib/python3.12/site-packages/airflow/example_dags/example_branch_operator.py for tasks to queue
[2025-03-07T10:50:00.379+0000] {logging_mixin.py:190} INFO - [2025-03-07T10:50:00.379+0000] {dagbag.py:588} INFO - Filling up the DagBag from /home/airflow/.local/lib/python3.12/site-packages/airflow/example_dags/example_branch_operator.py
[2025-03-07T10:50:00.414+0000] {processor.py:925} INFO - DAG(s) 'example_branch_operator' retrieved from /home/airflow/.local/lib/python3.12/site-packages/airflow/example_dags/example_branch_operator.py
[2025-03-07T10:50:00.450+0000] {logging_mixin.py:190} INFO - [2025-03-07T10:50:00.450+0000] {dag.py:3239} INFO - Sync 1 DAGs
[2025-03-07T10:50:00.482+0000] {logging_mixin.py:190} INFO - [2025-03-07T10:50:00.481+0000] {dag.py:4180} INFO - Setting next_dagrun for example_branch_operator to 2025-03-06 00:00:00+00:00, run_after=2025-03-07 00:00:00+00:00
[2025-03-07T10:50:00.504+0000] {processor.py:208} INFO - Processing /home/airflow/.local/lib/python3.12/site-packages/airflow/example_dags/example_branch_operator.py took 0.138 seconds
[2025-03-07T10:50:31.559+0000] {processor.py:186} INFO - Started process (PID=230) to work on /home/airflow/.local/lib/python3.12/site-packages/airflow/example_dags/example_branch_operator.py
[2025-03-07T10:50:31.561+0000] {processor.py:914} INFO - Processing file /home/airflow/.local/lib/python3.12/site-packages/airflow/example_dags/example_branch_operator.py for tasks to queue
[2025-03-07T10:50:31.564+0000] {logging_mixin.py:190} INFO - [2025-03-07T10:50:31.564+0000] {dagbag.py:588} INFO - Filling up the DagBag from /home/airflow/.local/lib/python3.12/site-packages/airflow/example_dags/example_branch_operator.py
[2025-03-07T10:50:31.602+0000] {processor.py:925} INFO - DAG(s) 'example_branch_operator' retrieved from /home/airflow/.local/lib/python3.12/site-packages/airflow/example_dags/example_branch_operator.py
[2025-03-07T10:50:31.651+0000] {logging_mixin.py:190} INFO - [2025-03-07T10:50:31.651+0000] {dag.py:3239} INFO - Sync 1 DAGs
[2025-03-07T10:50:31.702+0000] {logging_mixin.py:190} INFO - [2025-03-07T10:50:31.702+0000] {dag.py:4180} INFO - Setting next_dagrun for example_branch_operator to 2025-03-06 00:00:00+00:00, run_after=2025-03-07 00:00:00+00:00
[2025-03-07T10:50:31.738+0000] {processor.py:208} INFO - Processing /home/airflow/.local/lib/python3.12/site-packages/airflow/example_dags/example_branch_operator.py took 0.194 seconds
[2025-03-07T10:51:03.129+0000] {processor.py:186} INFO - Started process (PID=300) to work on /home/airflow/.local/lib/python3.12/site-packages/airflow/example_dags/example_branch_operator.py
[2025-03-07T10:51:03.131+0000] {processor.py:914} INFO - Processing file /home/airflow/.local/lib/python3.12/site-packages/airflow/example_dags/example_branch_operator.py for tasks to queue
[2025-03-07T10:51:03.133+0000] {logging_mixin.py:190} INFO - [2025-03-07T10:51:03.133+0000] {dagbag.py:588} INFO - Filling up the DagBag from /home/airflow/.local/lib/python3.12/site-packages/airflow/example_dags/example_branch_operator.py
[2025-03-07T10:51:03.158+0000] {processor.py:925} INFO - DAG(s) 'example_branch_operator' retrieved from /home/airflow/.local/lib/python3.12/site-packages/airflow/example_dags/example_branch_operator.py
[2025-03-07T10:51:03.213+0000] {logging_mixin.py:190} INFO - [2025-03-07T10:51:03.212+0000] {dag.py:3239} INFO - Sync 1 DAGs
[2025-03-07T10:51:03.260+0000] {logging_mixin.py:190} INFO - [2025-03-07T10:51:03.259+0000] {dag.py:4180} INFO - Setting next_dagrun for example_branch_operator to 2025-03-06 00:00:00+00:00, run_after=2025-03-07 00:00:00+00:00
[2025-03-07T10:51:03.344+0000] {processor.py:208} INFO - Processing /home/airflow/.local/lib/python3.12/site-packages/airflow/example_dags/example_branch_operator.py took 0.221 seconds
[2025-03-07T10:51:34.413+0000] {processor.py:186} INFO - Started process (PID=364) to work on /home/airflow/.local/lib/python3.12/site-packages/airflow/example_dags/example_branch_operator.py
[2025-03-07T10:51:34.414+0000] {processor.py:914} INFO - Processing file /home/airflow/.local/lib/python3.12/site-packages/airflow/example_dags/example_branch_operator.py for tasks to queue
[2025-03-07T10:51:34.417+0000] {logging_mixin.py:190} INFO - [2025-03-07T10:51:34.417+0000] {dagbag.py:588} INFO - Filling up the DagBag from /home/airflow/.local/lib/python3.12/site-packages/airflow/example_dags/example_branch_operator.py
[2025-03-07T10:51:34.445+0000] {processor.py:925} INFO - DAG(s) 'example_branch_operator' retrieved from /home/airflow/.local/lib/python3.12/site-packages/airflow/example_dags/example_branch_operator.py
[2025-03-07T10:51:34.503+0000] {logging_mixin.py:190} INFO - [2025-03-07T10:51:34.502+0000] {dag.py:3239} INFO - Sync 1 DAGs
[2025-03-07T10:51:34.543+0000] {logging_mixin.py:190} INFO - [2025-03-07T10:51:34.543+0000] {dag.py:4180} INFO - Setting next_dagrun for example_branch_operator to 2025-03-06 00:00:00+00:00, run_after=2025-03-07 00:00:00+00:00
[2025-03-07T10:51:34.580+0000] {processor.py:208} INFO - Processing /home/airflow/.local/lib/python3.12/site-packages/airflow/example_dags/example_branch_operator.py took 0.175 seconds
[2025-03-07T10:52:05.667+0000] {processor.py:186} INFO - Started process (PID=427) to work on /home/airflow/.local/lib/python3.12/site-packages/airflow/example_dags/example_branch_operator.py
[2025-03-07T10:52:05.668+0000] {processor.py:914} INFO - Processing file /home/airflow/.local/lib/python3.12/site-packages/airflow/example_dags/example_branch_operator.py for tasks to queue
[2025-03-07T10:52:05.670+0000] {logging_mixin.py:190} INFO - [2025-03-07T10:52:05.670+0000] {dagbag.py:588} INFO - Filling up the DagBag from /home/airflow/.local/lib/python3.12/site-packages/airflow/example_dags/example_branch_operator.py
[2025-03-07T10:52:05.692+0000] {processor.py:925} INFO - DAG(s) 'example_branch_operator' retrieved from /home/airflow/.local/lib/python3.12/site-packages/airflow/example_dags/example_branch_operator.py
[2025-03-07T10:52:05.725+0000] {logging_mixin.py:190} INFO - [2025-03-07T10:52:05.725+0000] {dag.py:3239} INFO - Sync 1 DAGs
[2025-03-07T10:52:05.754+0000] {logging_mixin.py:190} INFO - [2025-03-07T10:52:05.753+0000] {dag.py:4180} INFO - Setting next_dagrun for example_branch_operator to 2025-03-06 00:00:00+00:00, run_after=2025-03-07 00:00:00+00:00
[2025-03-07T10:52:05.776+0000] {processor.py:208} INFO - Processing /home/airflow/.local/lib/python3.12/site-packages/airflow/example_dags/example_branch_operator.py took 0.116 seconds
[2025-03-07T10:52:36.453+0000] {processor.py:186} INFO - Started process (PID=490) to work on /home/airflow/.local/lib/python3.12/site-packages/airflow/example_dags/example_branch_operator.py
[2025-03-07T10:52:36.454+0000] {processor.py:914} INFO - Processing file /home/airflow/.local/lib/python3.12/site-packages/airflow/example_dags/example_branch_operator.py for tasks to queue
[2025-03-07T10:52:36.457+0000] {logging_mixin.py:190} INFO - [2025-03-07T10:52:36.456+0000] {dagbag.py:588} INFO - Filling up the DagBag from /home/airflow/.local/lib/python3.12/site-packages/airflow/example_dags/example_branch_operator.py
[2025-03-07T10:52:36.479+0000] {processor.py:925} INFO - DAG(s) 'example_branch_operator' retrieved from /home/airflow/.local/lib/python3.12/site-packages/airflow/example_dags/example_branch_operator.py
[2025-03-07T10:52:36.514+0000] {logging_mixin.py:190} INFO - [2025-03-07T10:52:36.514+0000] {dag.py:3239} INFO - Sync 1 DAGs
[2025-03-07T10:52:36.547+0000] {logging_mixin.py:190} INFO - [2025-03-07T10:52:36.547+0000] {dag.py:4180} INFO - Setting next_dagrun for example_branch_operator to 2025-03-06 00:00:00+00:00, run_after=2025-03-07 00:00:00+00:00
[2025-03-07T10:52:36.571+0000] {processor.py:208} INFO - Processing /home/airflow/.local/lib/python3.12/site-packages/airflow/example_dags/example_branch_operator.py took 0.125 seconds
[2025-03-07T10:53:08.682+0000] {processor.py:186} INFO - Started process (PID=553) to work on /home/airflow/.local/lib/python3.12/site-packages/airflow/example_dags/example_branch_operator.py
[2025-03-07T10:53:08.684+0000] {processor.py:914} INFO - Processing file /home/airflow/.local/lib/python3.12/site-packages/airflow/example_dags/example_branch_operator.py for tasks to queue
[2025-03-07T10:53:08.687+0000] {logging_mixin.py:190} INFO - [2025-03-07T10:53:08.686+0000] {dagbag.py:588} INFO - Filling up the DagBag from /home/airflow/.local/lib/python3.12/site-packages/airflow/example_dags/example_branch_operator.py
[2025-03-07T10:53:08.711+0000] {processor.py:925} INFO - DAG(s) 'example_branch_operator' retrieved from /home/airflow/.local/lib/python3.12/site-packages/airflow/example_dags/example_branch_operator.py
[2025-03-07T10:53:08.749+0000] {logging_mixin.py:190} INFO - [2025-03-07T10:53:08.748+0000] {dag.py:3239} INFO - Sync 1 DAGs
[2025-03-07T10:53:08.782+0000] {logging_mixin.py:190} INFO - [2025-03-07T10:53:08.781+0000] {dag.py:4180} INFO - Setting next_dagrun for example_branch_operator to 2025-03-06 00:00:00+00:00, run_after=2025-03-07 00:00:00+00:00
[2025-03-07T10:53:08.807+0000] {processor.py:208} INFO - Processing /home/airflow/.local/lib/python3.12/site-packages/airflow/example_dags/example_branch_operator.py took 0.133 seconds
[2025-03-07T10:53:39.798+0000] {processor.py:186} INFO - Started process (PID=617) to work on /home/airflow/.local/lib/python3.12/site-packages/airflow/example_dags/example_branch_operator.py
[2025-03-07T10:53:39.799+0000] {processor.py:914} INFO - Processing file /home/airflow/.local/lib/python3.12/site-packages/airflow/example_dags/example_branch_operator.py for tasks to queue
[2025-03-07T10:53:39.802+0000] {logging_mixin.py:190} INFO - [2025-03-07T10:53:39.801+0000] {dagbag.py:588} INFO - Filling up the DagBag from /home/airflow/.local/lib/python3.12/site-packages/airflow/example_dags/example_branch_operator.py
[2025-03-07T10:53:39.829+0000] {processor.py:925} INFO - DAG(s) 'example_branch_operator' retrieved from /home/airflow/.local/lib/python3.12/site-packages/airflow/example_dags/example_branch_operator.py
[2025-03-07T10:53:39.869+0000] {logging_mixin.py:190} INFO - [2025-03-07T10:53:39.868+0000] {dag.py:3239} INFO - Sync 1 DAGs
[2025-03-07T10:53:39.906+0000] {logging_mixin.py:190} INFO - [2025-03-07T10:53:39.905+0000] {dag.py:4180} INFO - Setting next_dagrun for example_branch_operator to 2025-03-06 00:00:00+00:00, run_after=2025-03-07 00:00:00+00:00
[2025-03-07T10:53:39.937+0000] {processor.py:208} INFO - Processing /home/airflow/.local/lib/python3.12/site-packages/airflow/example_dags/example_branch_operator.py took 0.147 seconds
[2025-03-07T10:54:10.905+0000] {processor.py:186} INFO - Started process (PID=680) to work on /home/airflow/.local/lib/python3.12/site-packages/airflow/example_dags/example_branch_operator.py
[2025-03-07T10:54:10.906+0000] {processor.py:914} INFO - Processing file /home/airflow/.local/lib/python3.12/site-packages/airflow/example_dags/example_branch_operator.py for tasks to queue
[2025-03-07T10:54:10.909+0000] {logging_mixin.py:190} INFO - [2025-03-07T10:54:10.908+0000] {dagbag.py:588} INFO - Filling up the DagBag from /home/airflow/.local/lib/python3.12/site-packages/airflow/example_dags/example_branch_operator.py
[2025-03-07T10:54:10.934+0000] {processor.py:925} INFO - DAG(s) 'example_branch_operator' retrieved from /home/airflow/.local/lib/python3.12/site-packages/airflow/example_dags/example_branch_operator.py
[2025-03-07T10:54:10.983+0000] {logging_mixin.py:190} INFO - [2025-03-07T10:54:10.983+0000] {dag.py:3239} INFO - Sync 1 DAGs
[2025-03-07T10:54:11.020+0000] {logging_mixin.py:190} INFO - [2025-03-07T10:54:11.020+0000] {dag.py:4180} INFO - Setting next_dagrun for example_branch_operator to 2025-03-06 00:00:00+00:00, run_after=2025-03-07 00:00:00+00:00
[2025-03-07T10:54:11.043+0000] {processor.py:208} INFO - Processing /home/airflow/.local/lib/python3.12/site-packages/airflow/example_dags/example_branch_operator.py took 0.147 seconds
[2025-03-07T10:54:42.512+0000] {processor.py:186} INFO - Started process (PID=743) to work on /home/airflow/.local/lib/python3.12/site-packages/airflow/example_dags/example_branch_operator.py
[2025-03-07T10:54:42.514+0000] {processor.py:914} INFO - Processing file /home/airflow/.local/lib/python3.12/site-packages/airflow/example_dags/example_branch_operator.py for tasks to queue
[2025-03-07T10:54:42.519+0000] {logging_mixin.py:190} INFO - [2025-03-07T10:54:42.518+0000] {dagbag.py:588} INFO - Filling up the DagBag from /home/airflow/.local/lib/python3.12/site-packages/airflow/example_dags/example_branch_operator.py
[2025-03-07T10:54:42.567+0000] {processor.py:925} INFO - DAG(s) 'example_branch_operator' retrieved from /home/airflow/.local/lib/python3.12/site-packages/airflow/example_dags/example_branch_operator.py
[2025-03-07T10:54:42.644+0000] {logging_mixin.py:190} INFO - [2025-03-07T10:54:42.644+0000] {dag.py:3239} INFO - Sync 1 DAGs
[2025-03-07T10:54:42.697+0000] {logging_mixin.py:190} INFO - [2025-03-07T10:54:42.696+0000] {dag.py:4180} INFO - Setting next_dagrun for example_branch_operator to 2025-03-06 00:00:00+00:00, run_after=2025-03-07 00:00:00+00:00
[2025-03-07T10:54:42.731+0000] {processor.py:208} INFO - Processing /home/airflow/.local/lib/python3.12/site-packages/airflow/example_dags/example_branch_operator.py took 0.239 seconds
[2025-03-07T10:55:13.831+0000] {processor.py:186} INFO - Started process (PID=806) to work on /home/airflow/.local/lib/python3.12/site-packages/airflow/example_dags/example_branch_operator.py
[2025-03-07T10:55:13.832+0000] {processor.py:914} INFO - Processing file /home/airflow/.local/lib/python3.12/site-packages/airflow/example_dags/example_branch_operator.py for tasks to queue
[2025-03-07T10:55:13.835+0000] {logging_mixin.py:190} INFO - [2025-03-07T10:55:13.834+0000] {dagbag.py:588} INFO - Filling up the DagBag from /home/airflow/.local/lib/python3.12/site-packages/airflow/example_dags/example_branch_operator.py
[2025-03-07T10:55:13.855+0000] {processor.py:925} INFO - DAG(s) 'example_branch_operator' retrieved from /home/airflow/.local/lib/python3.12/site-packages/airflow/example_dags/example_branch_operator.py
[2025-03-07T10:55:13.887+0000] {logging_mixin.py:190} INFO - [2025-03-07T10:55:13.887+0000] {dag.py:3239} INFO - Sync 1 DAGs
[2025-03-07T10:55:13.922+0000] {logging_mixin.py:190} INFO - [2025-03-07T10:55:13.922+0000] {dag.py:4180} INFO - Setting next_dagrun for example_branch_operator to 2025-03-06 00:00:00+00:00, run_after=2025-03-07 00:00:00+00:00
[2025-03-07T10:55:13.947+0000] {processor.py:208} INFO - Processing /home/airflow/.local/lib/python3.12/site-packages/airflow/example_dags/example_branch_operator.py took 0.123 seconds
[2025-03-07T10:55:45.476+0000] {processor.py:186} INFO - Started process (PID=869) to work on /home/airflow/.local/lib/python3.12/site-packages/airflow/example_dags/example_branch_operator.py
[2025-03-07T10:55:45.479+0000] {processor.py:914} INFO - Processing file /home/airflow/.local/lib/python3.12/site-packages/airflow/example_dags/example_branch_operator.py for tasks to queue
[2025-03-07T10:55:45.486+0000] {logging_mixin.py:190} INFO - [2025-03-07T10:55:45.485+0000] {dagbag.py:588} INFO - Filling up the DagBag from /home/airflow/.local/lib/python3.12/site-packages/airflow/example_dags/example_branch_operator.py
[2025-03-07T10:55:45.521+0000] {processor.py:925} INFO - DAG(s) 'example_branch_operator' retrieved from /home/airflow/.local/lib/python3.12/site-packages/airflow/example_dags/example_branch_operator.py
[2025-03-07T10:55:45.578+0000] {logging_mixin.py:190} INFO - [2025-03-07T10:55:45.578+0000] {dag.py:3239} INFO - Sync 1 DAGs
[2025-03-07T10:55:45.621+0000] {logging_mixin.py:190} INFO - [2025-03-07T10:55:45.620+0000] {dag.py:4180} INFO - Setting next_dagrun for example_branch_operator to 2025-03-06 00:00:00+00:00, run_after=2025-03-07 00:00:00+00:00
[2025-03-07T10:55:45.652+0000] {processor.py:208} INFO - Processing /home/airflow/.local/lib/python3.12/site-packages/airflow/example_dags/example_branch_operator.py took 0.189 seconds
[2025-03-07T10:56:17.213+0000] {processor.py:186} INFO - Started process (PID=932) to work on /home/airflow/.local/lib/python3.12/site-packages/airflow/example_dags/example_branch_operator.py
[2025-03-07T10:56:17.215+0000] {processor.py:914} INFO - Processing file /home/airflow/.local/lib/python3.12/site-packages/airflow/example_dags/example_branch_operator.py for tasks to queue
[2025-03-07T10:56:17.217+0000] {logging_mixin.py:190} INFO - [2025-03-07T10:56:17.217+0000] {dagbag.py:588} INFO - Filling up the DagBag from /home/airflow/.local/lib/python3.12/site-packages/airflow/example_dags/example_branch_operator.py
[2025-03-07T10:56:17.243+0000] {processor.py:925} INFO - DAG(s) 'example_branch_operator' retrieved from /home/airflow/.local/lib/python3.12/site-packages/airflow/example_dags/example_branch_operator.py
[2025-03-07T10:56:17.283+0000] {logging_mixin.py:190} INFO - [2025-03-07T10:56:17.282+0000] {dag.py:3239} INFO - Sync 1 DAGs
[2025-03-07T10:56:17.325+0000] {logging_mixin.py:190} INFO - [2025-03-07T10:56:17.325+0000] {dag.py:4180} INFO - Setting next_dagrun for example_branch_operator to 2025-03-06 00:00:00+00:00, run_after=2025-03-07 00:00:00+00:00
[2025-03-07T10:56:17.354+0000] {processor.py:208} INFO - Processing /home/airflow/.local/lib/python3.12/site-packages/airflow/example_dags/example_branch_operator.py took 0.148 seconds
[2025-03-07T10:56:49.438+0000] {processor.py:186} INFO - Started process (PID=995) to work on /home/airflow/.local/lib/python3.12/site-packages/airflow/example_dags/example_branch_operator.py
[2025-03-07T10:56:49.440+0000] {processor.py:914} INFO - Processing file /home/airflow/.local/lib/python3.12/site-packages/airflow/example_dags/example_branch_operator.py for tasks to queue
[2025-03-07T10:56:49.445+0000] {logging_mixin.py:190} INFO - [2025-03-07T10:56:49.444+0000] {dagbag.py:588} INFO - Filling up the DagBag from /home/airflow/.local/lib/python3.12/site-packages/airflow/example_dags/example_branch_operator.py
[2025-03-07T10:56:49.486+0000] {processor.py:925} INFO - DAG(s) 'example_branch_operator' retrieved from /home/airflow/.local/lib/python3.12/site-packages/airflow/example_dags/example_branch_operator.py
[2025-03-07T10:56:49.548+0000] {logging_mixin.py:190} INFO - [2025-03-07T10:56:49.547+0000] {dag.py:3239} INFO - Sync 1 DAGs
[2025-03-07T10:56:49.604+0000] {logging_mixin.py:190} INFO - [2025-03-07T10:56:49.603+0000] {dag.py:4180} INFO - Setting next_dagrun for example_branch_operator to 2025-03-06 00:00:00+00:00, run_after=2025-03-07 00:00:00+00:00
[2025-03-07T10:56:49.651+0000] {processor.py:208} INFO - Processing /home/airflow/.local/lib/python3.12/site-packages/airflow/example_dags/example_branch_operator.py took 0.225 seconds
[2025-03-07T10:57:20.487+0000] {processor.py:186} INFO - Started process (PID=1058) to work on /home/airflow/.local/lib/python3.12/site-packages/airflow/example_dags/example_branch_operator.py
[2025-03-07T10:57:20.488+0000] {processor.py:914} INFO - Processing file /home/airflow/.local/lib/python3.12/site-packages/airflow/example_dags/example_branch_operator.py for tasks to queue
[2025-03-07T10:57:20.491+0000] {logging_mixin.py:190} INFO - [2025-03-07T10:57:20.491+0000] {dagbag.py:588} INFO - Filling up the DagBag from /home/airflow/.local/lib/python3.12/site-packages/airflow/example_dags/example_branch_operator.py
[2025-03-07T10:57:20.518+0000] {processor.py:925} INFO - DAG(s) 'example_branch_operator' retrieved from /home/airflow/.local/lib/python3.12/site-packages/airflow/example_dags/example_branch_operator.py
[2025-03-07T10:57:20.557+0000] {logging_mixin.py:190} INFO - [2025-03-07T10:57:20.557+0000] {dag.py:3239} INFO - Sync 1 DAGs
[2025-03-07T10:57:20.594+0000] {logging_mixin.py:190} INFO - [2025-03-07T10:57:20.594+0000] {dag.py:4180} INFO - Setting next_dagrun for example_branch_operator to 2025-03-06 00:00:00+00:00, run_after=2025-03-07 00:00:00+00:00
[2025-03-07T10:57:20.621+0000] {processor.py:208} INFO - Processing /home/airflow/.local/lib/python3.12/site-packages/airflow/example_dags/example_branch_operator.py took 0.142 seconds
[2025-03-07T10:57:51.328+0000] {processor.py:186} INFO - Started process (PID=1121) to work on /home/airflow/.local/lib/python3.12/site-packages/airflow/example_dags/example_branch_operator.py
[2025-03-07T10:57:51.330+0000] {processor.py:914} INFO - Processing file /home/airflow/.local/lib/python3.12/site-packages/airflow/example_dags/example_branch_operator.py for tasks to queue
[2025-03-07T10:57:51.333+0000] {logging_mixin.py:190} INFO - [2025-03-07T10:57:51.332+0000] {dagbag.py:588} INFO - Filling up the DagBag from /home/airflow/.local/lib/python3.12/site-packages/airflow/example_dags/example_branch_operator.py
[2025-03-07T10:57:51.353+0000] {processor.py:925} INFO - DAG(s) 'example_branch_operator' retrieved from /home/airflow/.local/lib/python3.12/site-packages/airflow/example_dags/example_branch_operator.py
[2025-03-07T10:57:51.390+0000] {logging_mixin.py:190} INFO - [2025-03-07T10:57:51.389+0000] {dag.py:3239} INFO - Sync 1 DAGs
[2025-03-07T10:57:51.422+0000] {logging_mixin.py:190} INFO - [2025-03-07T10:57:51.421+0000] {dag.py:4180} INFO - Setting next_dagrun for example_branch_operator to 2025-03-06 00:00:00+00:00, run_after=2025-03-07 00:00:00+00:00
[2025-03-07T10:57:51.447+0000] {processor.py:208} INFO - Processing /home/airflow/.local/lib/python3.12/site-packages/airflow/example_dags/example_branch_operator.py took 0.126 seconds
[2025-03-07T10:58:23.414+0000] {processor.py:186} INFO - Started process (PID=1184) to work on /home/airflow/.local/lib/python3.12/site-packages/airflow/example_dags/example_branch_operator.py
[2025-03-07T10:58:23.415+0000] {processor.py:914} INFO - Processing file /home/airflow/.local/lib/python3.12/site-packages/airflow/example_dags/example_branch_operator.py for tasks to queue
[2025-03-07T10:58:23.418+0000] {logging_mixin.py:190} INFO - [2025-03-07T10:58:23.418+0000] {dagbag.py:588} INFO - Filling up the DagBag from /home/airflow/.local/lib/python3.12/site-packages/airflow/example_dags/example_branch_operator.py
[2025-03-07T10:58:23.442+0000] {processor.py:925} INFO - DAG(s) 'example_branch_operator' retrieved from /home/airflow/.local/lib/python3.12/site-packages/airflow/example_dags/example_branch_operator.py
[2025-03-07T10:58:23.486+0000] {logging_mixin.py:190} INFO - [2025-03-07T10:58:23.486+0000] {dag.py:3239} INFO - Sync 1 DAGs
[2025-03-07T10:58:23.522+0000] {logging_mixin.py:190} INFO - [2025-03-07T10:58:23.522+0000] {dag.py:4180} INFO - Setting next_dagrun for example_branch_operator to 2025-03-06 00:00:00+00:00, run_after=2025-03-07 00:00:00+00:00
[2025-03-07T10:58:23.556+0000] {processor.py:208} INFO - Processing /home/airflow/.local/lib/python3.12/site-packages/airflow/example_dags/example_branch_operator.py took 0.149 seconds
[2025-03-07T10:58:54.619+0000] {processor.py:186} INFO - Started process (PID=1247) to work on /home/airflow/.local/lib/python3.12/site-packages/airflow/example_dags/example_branch_operator.py
[2025-03-07T10:58:54.621+0000] {processor.py:914} INFO - Processing file /home/airflow/.local/lib/python3.12/site-packages/airflow/example_dags/example_branch_operator.py for tasks to queue
[2025-03-07T10:58:54.623+0000] {logging_mixin.py:190} INFO - [2025-03-07T10:58:54.623+0000] {dagbag.py:588} INFO - Filling up the DagBag from /home/airflow/.local/lib/python3.12/site-packages/airflow/example_dags/example_branch_operator.py
[2025-03-07T10:58:54.656+0000] {processor.py:925} INFO - DAG(s) 'example_branch_operator' retrieved from /home/airflow/.local/lib/python3.12/site-packages/airflow/example_dags/example_branch_operator.py
[2025-03-07T10:58:54.711+0000] {logging_mixin.py:190} INFO - [2025-03-07T10:58:54.710+0000] {dag.py:3239} INFO - Sync 1 DAGs
[2025-03-07T10:58:54.761+0000] {logging_mixin.py:190} INFO - [2025-03-07T10:58:54.761+0000] {dag.py:4180} INFO - Setting next_dagrun for example_branch_operator to 2025-03-06 00:00:00+00:00, run_after=2025-03-07 00:00:00+00:00
[2025-03-07T10:58:54.791+0000] {processor.py:208} INFO - Processing /home/airflow/.local/lib/python3.12/site-packages/airflow/example_dags/example_branch_operator.py took 0.181 seconds
[2025-03-07T10:59:25.951+0000] {processor.py:186} INFO - Started process (PID=1310) to work on /home/airflow/.local/lib/python3.12/site-packages/airflow/example_dags/example_branch_operator.py
[2025-03-07T10:59:25.952+0000] {processor.py:914} INFO - Processing file /home/airflow/.local/lib/python3.12/site-packages/airflow/example_dags/example_branch_operator.py for tasks to queue
[2025-03-07T10:59:25.954+0000] {logging_mixin.py:190} INFO - [2025-03-07T10:59:25.954+0000] {dagbag.py:588} INFO - Filling up the DagBag from /home/airflow/.local/lib/python3.12/site-packages/airflow/example_dags/example_branch_operator.py
[2025-03-07T10:59:25.975+0000] {processor.py:925} INFO - DAG(s) 'example_branch_operator' retrieved from /home/airflow/.local/lib/python3.12/site-packages/airflow/example_dags/example_branch_operator.py
[2025-03-07T10:59:26.008+0000] {logging_mixin.py:190} INFO - [2025-03-07T10:59:26.008+0000] {dag.py:3239} INFO - Sync 1 DAGs
[2025-03-07T10:59:26.038+0000] {logging_mixin.py:190} INFO - [2025-03-07T10:59:26.037+0000] {dag.py:4180} INFO - Setting next_dagrun for example_branch_operator to 2025-03-06 00:00:00+00:00, run_after=2025-03-07 00:00:00+00:00
[2025-03-07T10:59:26.063+0000] {processor.py:208} INFO - Processing /home/airflow/.local/lib/python3.12/site-packages/airflow/example_dags/example_branch_operator.py took 0.118 seconds
[2025-03-07T10:59:57.675+0000] {processor.py:186} INFO - Started process (PID=1373) to work on /home/airflow/.local/lib/python3.12/site-packages/airflow/example_dags/example_branch_operator.py
[2025-03-07T10:59:57.677+0000] {processor.py:914} INFO - Processing file /home/airflow/.local/lib/python3.12/site-packages/airflow/example_dags/example_branch_operator.py for tasks to queue
[2025-03-07T10:59:57.679+0000] {logging_mixin.py:190} INFO - [2025-03-07T10:59:57.679+0000] {dagbag.py:588} INFO - Filling up the DagBag from /home/airflow/.local/lib/python3.12/site-packages/airflow/example_dags/example_branch_operator.py
[2025-03-07T10:59:57.710+0000] {processor.py:925} INFO - DAG(s) 'example_branch_operator' retrieved from /home/airflow/.local/lib/python3.12/site-packages/airflow/example_dags/example_branch_operator.py
[2025-03-07T10:59:57.752+0000] {logging_mixin.py:190} INFO - [2025-03-07T10:59:57.752+0000] {dag.py:3239} INFO - Sync 1 DAGs
[2025-03-07T10:59:57.793+0000] {logging_mixin.py:190} INFO - [2025-03-07T10:59:57.793+0000] {dag.py:4180} INFO - Setting next_dagrun for example_branch_operator to 2025-03-06 00:00:00+00:00, run_after=2025-03-07 00:00:00+00:00
[2025-03-07T10:59:57.823+0000] {processor.py:208} INFO - Processing /home/airflow/.local/lib/python3.12/site-packages/airflow/example_dags/example_branch_operator.py took 0.155 seconds
[2025-03-07T11:00:30.903+0000] {processor.py:186} INFO - Started process (PID=1436) to work on /home/airflow/.local/lib/python3.12/site-packages/airflow/example_dags/example_branch_operator.py
[2025-03-07T11:00:30.906+0000] {processor.py:914} INFO - Processing file /home/airflow/.local/lib/python3.12/site-packages/airflow/example_dags/example_branch_operator.py for tasks to queue
[2025-03-07T11:00:30.912+0000] {logging_mixin.py:190} INFO - [2025-03-07T11:00:30.911+0000] {dagbag.py:588} INFO - Filling up the DagBag from /home/airflow/.local/lib/python3.12/site-packages/airflow/example_dags/example_branch_operator.py
[2025-03-07T11:00:30.970+0000] {processor.py:925} INFO - DAG(s) 'example_branch_operator' retrieved from /home/airflow/.local/lib/python3.12/site-packages/airflow/example_dags/example_branch_operator.py
[2025-03-07T11:00:31.038+0000] {logging_mixin.py:190} INFO - [2025-03-07T11:00:31.038+0000] {dag.py:3239} INFO - Sync 1 DAGs
[2025-03-07T11:00:31.112+0000] {logging_mixin.py:190} INFO - [2025-03-07T11:00:31.111+0000] {dag.py:4180} INFO - Setting next_dagrun for example_branch_operator to 2025-03-06 00:00:00+00:00, run_after=2025-03-07 00:00:00+00:00
[2025-03-07T11:00:31.166+0000] {processor.py:208} INFO - Processing /home/airflow/.local/lib/python3.12/site-packages/airflow/example_dags/example_branch_operator.py took 0.287 seconds
[2025-03-07T11:01:02.122+0000] {processor.py:186} INFO - Started process (PID=1499) to work on /home/airflow/.local/lib/python3.12/site-packages/airflow/example_dags/example_branch_operator.py
[2025-03-07T11:01:02.125+0000] {processor.py:914} INFO - Processing file /home/airflow/.local/lib/python3.12/site-packages/airflow/example_dags/example_branch_operator.py for tasks to queue
[2025-03-07T11:01:02.131+0000] {logging_mixin.py:190} INFO - [2025-03-07T11:01:02.130+0000] {dagbag.py:588} INFO - Filling up the DagBag from /home/airflow/.local/lib/python3.12/site-packages/airflow/example_dags/example_branch_operator.py
[2025-03-07T11:01:02.169+0000] {processor.py:925} INFO - DAG(s) 'example_branch_operator' retrieved from /home/airflow/.local/lib/python3.12/site-packages/airflow/example_dags/example_branch_operator.py
[2025-03-07T11:01:02.226+0000] {logging_mixin.py:190} INFO - [2025-03-07T11:01:02.225+0000] {dag.py:3239} INFO - Sync 1 DAGs
[2025-03-07T11:01:02.278+0000] {logging_mixin.py:190} INFO - [2025-03-07T11:01:02.278+0000] {dag.py:4180} INFO - Setting next_dagrun for example_branch_operator to 2025-03-06 00:00:00+00:00, run_after=2025-03-07 00:00:00+00:00
[2025-03-07T11:01:02.314+0000] {processor.py:208} INFO - Processing /home/airflow/.local/lib/python3.12/site-packages/airflow/example_dags/example_branch_operator.py took 0.207 seconds
[2025-03-07T11:01:33.840+0000] {processor.py:186} INFO - Started process (PID=1562) to work on /home/airflow/.local/lib/python3.12/site-packages/airflow/example_dags/example_branch_operator.py
[2025-03-07T11:01:33.842+0000] {processor.py:914} INFO - Processing file /home/airflow/.local/lib/python3.12/site-packages/airflow/example_dags/example_branch_operator.py for tasks to queue
[2025-03-07T11:01:33.846+0000] {logging_mixin.py:190} INFO - [2025-03-07T11:01:33.845+0000] {dagbag.py:588} INFO - Filling up the DagBag from /home/airflow/.local/lib/python3.12/site-packages/airflow/example_dags/example_branch_operator.py
[2025-03-07T11:01:33.876+0000] {processor.py:925} INFO - DAG(s) 'example_branch_operator' retrieved from /home/airflow/.local/lib/python3.12/site-packages/airflow/example_dags/example_branch_operator.py
[2025-03-07T11:01:33.926+0000] {logging_mixin.py:190} INFO - [2025-03-07T11:01:33.925+0000] {dag.py:3239} INFO - Sync 1 DAGs
[2025-03-07T11:01:33.966+0000] {logging_mixin.py:190} INFO - [2025-03-07T11:01:33.966+0000] {dag.py:4180} INFO - Setting next_dagrun for example_branch_operator to 2025-03-06 00:00:00+00:00, run_after=2025-03-07 00:00:00+00:00
[2025-03-07T11:01:34.009+0000] {processor.py:208} INFO - Processing /home/airflow/.local/lib/python3.12/site-packages/airflow/example_dags/example_branch_operator.py took 0.179 seconds
[2025-03-07T11:02:06.316+0000] {processor.py:186} INFO - Started process (PID=1632) to work on /home/airflow/.local/lib/python3.12/site-packages/airflow/example_dags/example_branch_operator.py
[2025-03-07T11:02:06.319+0000] {processor.py:914} INFO - Processing file /home/airflow/.local/lib/python3.12/site-packages/airflow/example_dags/example_branch_operator.py for tasks to queue
[2025-03-07T11:02:06.324+0000] {logging_mixin.py:190} INFO - [2025-03-07T11:02:06.323+0000] {dagbag.py:588} INFO - Filling up the DagBag from /home/airflow/.local/lib/python3.12/site-packages/airflow/example_dags/example_branch_operator.py
[2025-03-07T11:02:06.367+0000] {processor.py:925} INFO - DAG(s) 'example_branch_operator' retrieved from /home/airflow/.local/lib/python3.12/site-packages/airflow/example_dags/example_branch_operator.py
[2025-03-07T11:02:06.445+0000] {logging_mixin.py:190} INFO - [2025-03-07T11:02:06.445+0000] {dag.py:3239} INFO - Sync 1 DAGs
[2025-03-07T11:02:06.502+0000] {logging_mixin.py:190} INFO - [2025-03-07T11:02:06.501+0000] {dag.py:4180} INFO - Setting next_dagrun for example_branch_operator to 2025-03-06 00:00:00+00:00, run_after=2025-03-07 00:00:00+00:00
[2025-03-07T11:02:06.542+0000] {processor.py:208} INFO - Processing /home/airflow/.local/lib/python3.12/site-packages/airflow/example_dags/example_branch_operator.py took 0.240 seconds
[2025-03-07T11:02:48.764+0000] {processor.py:186} INFO - Started process (PID=1703) to work on /home/airflow/.local/lib/python3.12/site-packages/airflow/example_dags/example_branch_operator.py
[2025-03-07T11:02:48.782+0000] {processor.py:914} INFO - Processing file /home/airflow/.local/lib/python3.12/site-packages/airflow/example_dags/example_branch_operator.py for tasks to queue
[2025-03-07T11:02:48.803+0000] {logging_mixin.py:190} INFO - [2025-03-07T11:02:48.802+0000] {dagbag.py:588} INFO - Filling up the DagBag from /home/airflow/.local/lib/python3.12/site-packages/airflow/example_dags/example_branch_operator.py
[2025-03-07T11:02:48.933+0000] {processor.py:925} INFO - DAG(s) 'example_branch_operator' retrieved from /home/airflow/.local/lib/python3.12/site-packages/airflow/example_dags/example_branch_operator.py
[2025-03-07T11:02:49.151+0000] {logging_mixin.py:190} INFO - [2025-03-07T11:02:49.151+0000] {dag.py:3239} INFO - Sync 1 DAGs
[2025-03-07T11:02:49.313+0000] {logging_mixin.py:190} INFO - [2025-03-07T11:02:49.313+0000] {dag.py:4180} INFO - Setting next_dagrun for example_branch_operator to 2025-03-06 00:00:00+00:00, run_after=2025-03-07 00:00:00+00:00
[2025-03-07T11:02:49.675+0000] {processor.py:208} INFO - Processing /home/airflow/.local/lib/python3.12/site-packages/airflow/example_dags/example_branch_operator.py took 0.968 seconds
[2025-03-07T11:03:33.866+0000] {processor.py:186} INFO - Started process (PID=1766) to work on /home/airflow/.local/lib/python3.12/site-packages/airflow/example_dags/example_branch_operator.py
[2025-03-07T11:03:33.873+0000] {processor.py:914} INFO - Processing file /home/airflow/.local/lib/python3.12/site-packages/airflow/example_dags/example_branch_operator.py for tasks to queue
[2025-03-07T11:03:33.893+0000] {logging_mixin.py:190} INFO - [2025-03-07T11:03:33.892+0000] {dagbag.py:588} INFO - Filling up the DagBag from /home/airflow/.local/lib/python3.12/site-packages/airflow/example_dags/example_branch_operator.py
[2025-03-07T11:03:33.963+0000] {processor.py:925} INFO - DAG(s) 'example_branch_operator' retrieved from /home/airflow/.local/lib/python3.12/site-packages/airflow/example_dags/example_branch_operator.py
[2025-03-07T11:03:34.187+0000] {logging_mixin.py:190} INFO - [2025-03-07T11:03:34.187+0000] {dag.py:3239} INFO - Sync 1 DAGs
[2025-03-07T11:03:34.441+0000] {logging_mixin.py:190} INFO - [2025-03-07T11:03:34.440+0000] {dag.py:4180} INFO - Setting next_dagrun for example_branch_operator to 2025-03-06 00:00:00+00:00, run_after=2025-03-07 00:00:00+00:00
[2025-03-07T11:03:34.652+0000] {processor.py:208} INFO - Processing /home/airflow/.local/lib/python3.12/site-packages/airflow/example_dags/example_branch_operator.py took 0.815 seconds
[2025-03-07T11:04:30.401+0000] {processor.py:186} INFO - Started process (PID=1836) to work on /home/airflow/.local/lib/python3.12/site-packages/airflow/example_dags/example_branch_operator.py
[2025-03-07T11:04:30.404+0000] {processor.py:914} INFO - Processing file /home/airflow/.local/lib/python3.12/site-packages/airflow/example_dags/example_branch_operator.py for tasks to queue
[2025-03-07T11:04:30.421+0000] {logging_mixin.py:190} INFO - [2025-03-07T11:04:30.420+0000] {dagbag.py:588} INFO - Filling up the DagBag from /home/airflow/.local/lib/python3.12/site-packages/airflow/example_dags/example_branch_operator.py
[2025-03-07T11:04:30.557+0000] {processor.py:925} INFO - DAG(s) 'example_branch_operator' retrieved from /home/airflow/.local/lib/python3.12/site-packages/airflow/example_dags/example_branch_operator.py
[2025-03-07T11:04:30.836+0000] {logging_mixin.py:190} INFO - [2025-03-07T11:04:30.835+0000] {dag.py:3239} INFO - Sync 1 DAGs
[2025-03-07T11:04:31.012+0000] {logging_mixin.py:190} INFO - [2025-03-07T11:04:31.012+0000] {dag.py:4180} INFO - Setting next_dagrun for example_branch_operator to 2025-03-06 00:00:00+00:00, run_after=2025-03-07 00:00:00+00:00
[2025-03-07T11:04:31.202+0000] {processor.py:208} INFO - Processing /home/airflow/.local/lib/python3.12/site-packages/airflow/example_dags/example_branch_operator.py took 0.822 seconds
[2025-03-07T11:05:10.469+0000] {processor.py:186} INFO - Started process (PID=1906) to work on /home/airflow/.local/lib/python3.12/site-packages/airflow/example_dags/example_branch_operator.py
[2025-03-07T11:05:10.478+0000] {processor.py:914} INFO - Processing file /home/airflow/.local/lib/python3.12/site-packages/airflow/example_dags/example_branch_operator.py for tasks to queue
[2025-03-07T11:05:10.494+0000] {logging_mixin.py:190} INFO - [2025-03-07T11:05:10.493+0000] {dagbag.py:588} INFO - Filling up the DagBag from /home/airflow/.local/lib/python3.12/site-packages/airflow/example_dags/example_branch_operator.py
[2025-03-07T11:05:10.586+0000] {processor.py:925} INFO - DAG(s) 'example_branch_operator' retrieved from /home/airflow/.local/lib/python3.12/site-packages/airflow/example_dags/example_branch_operator.py
[2025-03-07T11:05:10.788+0000] {logging_mixin.py:190} INFO - [2025-03-07T11:05:10.787+0000] {dag.py:3239} INFO - Sync 1 DAGs
[2025-03-07T11:05:10.964+0000] {logging_mixin.py:190} INFO - [2025-03-07T11:05:10.963+0000] {dag.py:4180} INFO - Setting next_dagrun for example_branch_operator to 2025-03-06 00:00:00+00:00, run_after=2025-03-07 00:00:00+00:00
[2025-03-07T11:05:11.047+0000] {processor.py:208} INFO - Processing /home/airflow/.local/lib/python3.12/site-packages/airflow/example_dags/example_branch_operator.py took 0.601 seconds
[2025-03-07T11:05:51.843+0000] {processor.py:186} INFO - Started process (PID=1979) to work on /home/airflow/.local/lib/python3.12/site-packages/airflow/example_dags/example_branch_operator.py
[2025-03-07T11:05:51.848+0000] {processor.py:914} INFO - Processing file /home/airflow/.local/lib/python3.12/site-packages/airflow/example_dags/example_branch_operator.py for tasks to queue
[2025-03-07T11:05:51.856+0000] {logging_mixin.py:190} INFO - [2025-03-07T11:05:51.856+0000] {dagbag.py:588} INFO - Filling up the DagBag from /home/airflow/.local/lib/python3.12/site-packages/airflow/example_dags/example_branch_operator.py
[2025-03-07T11:05:51.932+0000] {processor.py:925} INFO - DAG(s) 'example_branch_operator' retrieved from /home/airflow/.local/lib/python3.12/site-packages/airflow/example_dags/example_branch_operator.py
[2025-03-07T11:05:52.053+0000] {logging_mixin.py:190} INFO - [2025-03-07T11:05:52.053+0000] {dag.py:3239} INFO - Sync 1 DAGs
[2025-03-07T11:05:52.230+0000] {logging_mixin.py:190} INFO - [2025-03-07T11:05:52.229+0000] {dag.py:4180} INFO - Setting next_dagrun for example_branch_operator to 2025-03-06 00:00:00+00:00, run_after=2025-03-07 00:00:00+00:00
[2025-03-07T11:05:52.347+0000] {processor.py:208} INFO - Processing /home/airflow/.local/lib/python3.12/site-packages/airflow/example_dags/example_branch_operator.py took 0.521 seconds
[2025-03-07T11:06:23.195+0000] {processor.py:186} INFO - Started process (PID=2042) to work on /home/airflow/.local/lib/python3.12/site-packages/airflow/example_dags/example_branch_operator.py
[2025-03-07T11:06:23.197+0000] {processor.py:914} INFO - Processing file /home/airflow/.local/lib/python3.12/site-packages/airflow/example_dags/example_branch_operator.py for tasks to queue
[2025-03-07T11:06:23.203+0000] {logging_mixin.py:190} INFO - [2025-03-07T11:06:23.203+0000] {dagbag.py:588} INFO - Filling up the DagBag from /home/airflow/.local/lib/python3.12/site-packages/airflow/example_dags/example_branch_operator.py
[2025-03-07T11:06:23.253+0000] {processor.py:925} INFO - DAG(s) 'example_branch_operator' retrieved from /home/airflow/.local/lib/python3.12/site-packages/airflow/example_dags/example_branch_operator.py
[2025-03-07T11:06:23.316+0000] {logging_mixin.py:190} INFO - [2025-03-07T11:06:23.315+0000] {dag.py:3239} INFO - Sync 1 DAGs
[2025-03-07T11:06:23.385+0000] {logging_mixin.py:190} INFO - [2025-03-07T11:06:23.384+0000] {dag.py:4180} INFO - Setting next_dagrun for example_branch_operator to 2025-03-06 00:00:00+00:00, run_after=2025-03-07 00:00:00+00:00
[2025-03-07T11:06:23.443+0000] {processor.py:208} INFO - Processing /home/airflow/.local/lib/python3.12/site-packages/airflow/example_dags/example_branch_operator.py took 0.261 seconds
[2025-03-07T11:06:53.707+0000] {processor.py:186} INFO - Started process (PID=2105) to work on /home/airflow/.local/lib/python3.12/site-packages/airflow/example_dags/example_branch_operator.py
[2025-03-07T11:06:53.709+0000] {processor.py:914} INFO - Processing file /home/airflow/.local/lib/python3.12/site-packages/airflow/example_dags/example_branch_operator.py for tasks to queue
[2025-03-07T11:06:53.713+0000] {logging_mixin.py:190} INFO - [2025-03-07T11:06:53.713+0000] {dagbag.py:588} INFO - Filling up the DagBag from /home/airflow/.local/lib/python3.12/site-packages/airflow/example_dags/example_branch_operator.py
[2025-03-07T11:06:53.758+0000] {processor.py:925} INFO - DAG(s) 'example_branch_operator' retrieved from /home/airflow/.local/lib/python3.12/site-packages/airflow/example_dags/example_branch_operator.py
[2025-03-07T11:06:53.823+0000] {logging_mixin.py:190} INFO - [2025-03-07T11:06:53.822+0000] {dag.py:3239} INFO - Sync 1 DAGs
[2025-03-07T11:06:53.880+0000] {logging_mixin.py:190} INFO - [2025-03-07T11:06:53.880+0000] {dag.py:4180} INFO - Setting next_dagrun for example_branch_operator to 2025-03-06 00:00:00+00:00, run_after=2025-03-07 00:00:00+00:00
[2025-03-07T11:06:53.925+0000] {processor.py:208} INFO - Processing /home/airflow/.local/lib/python3.12/site-packages/airflow/example_dags/example_branch_operator.py took 0.233 seconds
[2025-03-07T11:07:24.776+0000] {processor.py:186} INFO - Started process (PID=2169) to work on /home/airflow/.local/lib/python3.12/site-packages/airflow/example_dags/example_branch_operator.py
[2025-03-07T11:07:24.787+0000] {processor.py:914} INFO - Processing file /home/airflow/.local/lib/python3.12/site-packages/airflow/example_dags/example_branch_operator.py for tasks to queue
[2025-03-07T11:07:24.792+0000] {logging_mixin.py:190} INFO - [2025-03-07T11:07:24.791+0000] {dagbag.py:588} INFO - Filling up the DagBag from /home/airflow/.local/lib/python3.12/site-packages/airflow/example_dags/example_branch_operator.py
[2025-03-07T11:07:24.872+0000] {processor.py:925} INFO - DAG(s) 'example_branch_operator' retrieved from /home/airflow/.local/lib/python3.12/site-packages/airflow/example_dags/example_branch_operator.py
[2025-03-07T11:07:24.970+0000] {logging_mixin.py:190} INFO - [2025-03-07T11:07:24.970+0000] {dag.py:3239} INFO - Sync 1 DAGs
[2025-03-07T11:07:25.065+0000] {logging_mixin.py:190} INFO - [2025-03-07T11:07:25.065+0000] {dag.py:4180} INFO - Setting next_dagrun for example_branch_operator to 2025-03-06 00:00:00+00:00, run_after=2025-03-07 00:00:00+00:00
[2025-03-07T11:07:25.134+0000] {processor.py:208} INFO - Processing /home/airflow/.local/lib/python3.12/site-packages/airflow/example_dags/example_branch_operator.py took 0.381 seconds
[2025-03-07T11:07:55.835+0000] {processor.py:186} INFO - Started process (PID=2232) to work on /home/airflow/.local/lib/python3.12/site-packages/airflow/example_dags/example_branch_operator.py
[2025-03-07T11:07:55.839+0000] {processor.py:914} INFO - Processing file /home/airflow/.local/lib/python3.12/site-packages/airflow/example_dags/example_branch_operator.py for tasks to queue
[2025-03-07T11:07:55.842+0000] {logging_mixin.py:190} INFO - [2025-03-07T11:07:55.842+0000] {dagbag.py:588} INFO - Filling up the DagBag from /home/airflow/.local/lib/python3.12/site-packages/airflow/example_dags/example_branch_operator.py
[2025-03-07T11:07:55.875+0000] {processor.py:925} INFO - DAG(s) 'example_branch_operator' retrieved from /home/airflow/.local/lib/python3.12/site-packages/airflow/example_dags/example_branch_operator.py
[2025-03-07T11:07:55.928+0000] {logging_mixin.py:190} INFO - [2025-03-07T11:07:55.928+0000] {dag.py:3239} INFO - Sync 1 DAGs
[2025-03-07T11:07:55.975+0000] {logging_mixin.py:190} INFO - [2025-03-07T11:07:55.975+0000] {dag.py:4180} INFO - Setting next_dagrun for example_branch_operator to 2025-03-06 00:00:00+00:00, run_after=2025-03-07 00:00:00+00:00
[2025-03-07T11:07:56.008+0000] {processor.py:208} INFO - Processing /home/airflow/.local/lib/python3.12/site-packages/airflow/example_dags/example_branch_operator.py took 0.182 seconds
[2025-03-07T11:08:26.580+0000] {processor.py:186} INFO - Started process (PID=2295) to work on /home/airflow/.local/lib/python3.12/site-packages/airflow/example_dags/example_branch_operator.py
[2025-03-07T11:08:26.584+0000] {processor.py:914} INFO - Processing file /home/airflow/.local/lib/python3.12/site-packages/airflow/example_dags/example_branch_operator.py for tasks to queue
[2025-03-07T11:08:26.588+0000] {logging_mixin.py:190} INFO - [2025-03-07T11:08:26.587+0000] {dagbag.py:588} INFO - Filling up the DagBag from /home/airflow/.local/lib/python3.12/site-packages/airflow/example_dags/example_branch_operator.py
[2025-03-07T11:08:26.620+0000] {processor.py:925} INFO - DAG(s) 'example_branch_operator' retrieved from /home/airflow/.local/lib/python3.12/site-packages/airflow/example_dags/example_branch_operator.py
[2025-03-07T11:08:26.664+0000] {logging_mixin.py:190} INFO - [2025-03-07T11:08:26.663+0000] {dag.py:3239} INFO - Sync 1 DAGs
[2025-03-07T11:08:26.711+0000] {logging_mixin.py:190} INFO - [2025-03-07T11:08:26.711+0000] {dag.py:4180} INFO - Setting next_dagrun for example_branch_operator to 2025-03-06 00:00:00+00:00, run_after=2025-03-07 00:00:00+00:00
[2025-03-07T11:08:26.743+0000] {processor.py:208} INFO - Processing /home/airflow/.local/lib/python3.12/site-packages/airflow/example_dags/example_branch_operator.py took 0.171 seconds
[2025-03-07T11:08:57.523+0000] {processor.py:186} INFO - Started process (PID=2358) to work on /home/airflow/.local/lib/python3.12/site-packages/airflow/example_dags/example_branch_operator.py
[2025-03-07T11:08:57.524+0000] {processor.py:914} INFO - Processing file /home/airflow/.local/lib/python3.12/site-packages/airflow/example_dags/example_branch_operator.py for tasks to queue
[2025-03-07T11:08:57.528+0000] {logging_mixin.py:190} INFO - [2025-03-07T11:08:57.528+0000] {dagbag.py:588} INFO - Filling up the DagBag from /home/airflow/.local/lib/python3.12/site-packages/airflow/example_dags/example_branch_operator.py
[2025-03-07T11:08:57.562+0000] {processor.py:925} INFO - DAG(s) 'example_branch_operator' retrieved from /home/airflow/.local/lib/python3.12/site-packages/airflow/example_dags/example_branch_operator.py
[2025-03-07T11:08:57.608+0000] {logging_mixin.py:190} INFO - [2025-03-07T11:08:57.607+0000] {dag.py:3239} INFO - Sync 1 DAGs
[2025-03-07T11:08:57.648+0000] {logging_mixin.py:190} INFO - [2025-03-07T11:08:57.648+0000] {dag.py:4180} INFO - Setting next_dagrun for example_branch_operator to 2025-03-06 00:00:00+00:00, run_after=2025-03-07 00:00:00+00:00
[2025-03-07T11:08:57.675+0000] {processor.py:208} INFO - Processing /home/airflow/.local/lib/python3.12/site-packages/airflow/example_dags/example_branch_operator.py took 0.161 seconds
[2025-03-07T11:09:28.123+0000] {processor.py:186} INFO - Started process (PID=2420) to work on /home/airflow/.local/lib/python3.12/site-packages/airflow/example_dags/example_branch_operator.py
[2025-03-07T11:09:28.125+0000] {processor.py:914} INFO - Processing file /home/airflow/.local/lib/python3.12/site-packages/airflow/example_dags/example_branch_operator.py for tasks to queue
[2025-03-07T11:09:28.134+0000] {logging_mixin.py:190} INFO - [2025-03-07T11:09:28.133+0000] {dagbag.py:588} INFO - Filling up the DagBag from /home/airflow/.local/lib/python3.12/site-packages/airflow/example_dags/example_branch_operator.py
[2025-03-07T11:09:28.182+0000] {processor.py:925} INFO - DAG(s) 'example_branch_operator' retrieved from /home/airflow/.local/lib/python3.12/site-packages/airflow/example_dags/example_branch_operator.py
[2025-03-07T11:09:28.245+0000] {logging_mixin.py:190} INFO - [2025-03-07T11:09:28.244+0000] {dag.py:3239} INFO - Sync 1 DAGs
[2025-03-07T11:09:28.301+0000] {logging_mixin.py:190} INFO - [2025-03-07T11:09:28.300+0000] {dag.py:4180} INFO - Setting next_dagrun for example_branch_operator to 2025-03-06 00:00:00+00:00, run_after=2025-03-07 00:00:00+00:00
[2025-03-07T11:09:28.344+0000] {processor.py:208} INFO - Processing /home/airflow/.local/lib/python3.12/site-packages/airflow/example_dags/example_branch_operator.py took 0.237 seconds
[2025-03-07T11:10:00.963+0000] {processor.py:186} INFO - Started process (PID=2483) to work on /home/airflow/.local/lib/python3.12/site-packages/airflow/example_dags/example_branch_operator.py
[2025-03-07T11:10:00.965+0000] {processor.py:914} INFO - Processing file /home/airflow/.local/lib/python3.12/site-packages/airflow/example_dags/example_branch_operator.py for tasks to queue
[2025-03-07T11:10:00.976+0000] {logging_mixin.py:190} INFO - [2025-03-07T11:10:00.976+0000] {dagbag.py:588} INFO - Filling up the DagBag from /home/airflow/.local/lib/python3.12/site-packages/airflow/example_dags/example_branch_operator.py
[2025-03-07T11:10:01.044+0000] {processor.py:925} INFO - DAG(s) 'example_branch_operator' retrieved from /home/airflow/.local/lib/python3.12/site-packages/airflow/example_dags/example_branch_operator.py
[2025-03-07T11:10:01.190+0000] {logging_mixin.py:190} INFO - [2025-03-07T11:10:01.190+0000] {dag.py:3239} INFO - Sync 1 DAGs
[2025-03-07T11:10:01.332+0000] {logging_mixin.py:190} INFO - [2025-03-07T11:10:01.332+0000] {dag.py:4180} INFO - Setting next_dagrun for example_branch_operator to 2025-03-06 00:00:00+00:00, run_after=2025-03-07 00:00:00+00:00
[2025-03-07T11:10:01.412+0000] {processor.py:208} INFO - Processing /home/airflow/.local/lib/python3.12/site-packages/airflow/example_dags/example_branch_operator.py took 0.469 seconds
[2025-03-07T11:10:32.422+0000] {processor.py:186} INFO - Started process (PID=2546) to work on /home/airflow/.local/lib/python3.12/site-packages/airflow/example_dags/example_branch_operator.py
[2025-03-07T11:10:32.424+0000] {processor.py:914} INFO - Processing file /home/airflow/.local/lib/python3.12/site-packages/airflow/example_dags/example_branch_operator.py for tasks to queue
[2025-03-07T11:10:32.443+0000] {logging_mixin.py:190} INFO - [2025-03-07T11:10:32.442+0000] {dagbag.py:588} INFO - Filling up the DagBag from /home/airflow/.local/lib/python3.12/site-packages/airflow/example_dags/example_branch_operator.py
[2025-03-07T11:10:32.539+0000] {processor.py:925} INFO - DAG(s) 'example_branch_operator' retrieved from /home/airflow/.local/lib/python3.12/site-packages/airflow/example_dags/example_branch_operator.py
[2025-03-07T11:10:32.700+0000] {logging_mixin.py:190} INFO - [2025-03-07T11:10:32.699+0000] {dag.py:3239} INFO - Sync 1 DAGs
[2025-03-07T11:10:32.799+0000] {logging_mixin.py:190} INFO - [2025-03-07T11:10:32.799+0000] {dag.py:4180} INFO - Setting next_dagrun for example_branch_operator to 2025-03-06 00:00:00+00:00, run_after=2025-03-07 00:00:00+00:00
[2025-03-07T11:10:32.848+0000] {processor.py:208} INFO - Processing /home/airflow/.local/lib/python3.12/site-packages/airflow/example_dags/example_branch_operator.py took 0.472 seconds
[2025-03-07T11:11:04.070+0000] {processor.py:186} INFO - Started process (PID=2610) to work on /home/airflow/.local/lib/python3.12/site-packages/airflow/example_dags/example_branch_operator.py
[2025-03-07T11:11:04.072+0000] {processor.py:914} INFO - Processing file /home/airflow/.local/lib/python3.12/site-packages/airflow/example_dags/example_branch_operator.py for tasks to queue
[2025-03-07T11:11:04.079+0000] {logging_mixin.py:190} INFO - [2025-03-07T11:11:04.079+0000] {dagbag.py:588} INFO - Filling up the DagBag from /home/airflow/.local/lib/python3.12/site-packages/airflow/example_dags/example_branch_operator.py
[2025-03-07T11:11:04.115+0000] {processor.py:925} INFO - DAG(s) 'example_branch_operator' retrieved from /home/airflow/.local/lib/python3.12/site-packages/airflow/example_dags/example_branch_operator.py
[2025-03-07T11:11:04.168+0000] {logging_mixin.py:190} INFO - [2025-03-07T11:11:04.168+0000] {dag.py:3239} INFO - Sync 1 DAGs
[2025-03-07T11:11:04.212+0000] {logging_mixin.py:190} INFO - [2025-03-07T11:11:04.211+0000] {dag.py:4180} INFO - Setting next_dagrun for example_branch_operator to 2025-03-06 00:00:00+00:00, run_after=2025-03-07 00:00:00+00:00
[2025-03-07T11:11:04.241+0000] {processor.py:208} INFO - Processing /home/airflow/.local/lib/python3.12/site-packages/airflow/example_dags/example_branch_operator.py took 0.183 seconds
[2025-03-07T11:11:34.565+0000] {processor.py:186} INFO - Started process (PID=2673) to work on /home/airflow/.local/lib/python3.12/site-packages/airflow/example_dags/example_branch_operator.py
[2025-03-07T11:11:34.568+0000] {processor.py:914} INFO - Processing file /home/airflow/.local/lib/python3.12/site-packages/airflow/example_dags/example_branch_operator.py for tasks to queue
[2025-03-07T11:11:34.573+0000] {logging_mixin.py:190} INFO - [2025-03-07T11:11:34.572+0000] {dagbag.py:588} INFO - Filling up the DagBag from /home/airflow/.local/lib/python3.12/site-packages/airflow/example_dags/example_branch_operator.py
[2025-03-07T11:11:34.632+0000] {processor.py:925} INFO - DAG(s) 'example_branch_operator' retrieved from /home/airflow/.local/lib/python3.12/site-packages/airflow/example_dags/example_branch_operator.py
[2025-03-07T11:11:34.706+0000] {logging_mixin.py:190} INFO - [2025-03-07T11:11:34.705+0000] {dag.py:3239} INFO - Sync 1 DAGs
[2025-03-07T11:11:34.821+0000] {logging_mixin.py:190} INFO - [2025-03-07T11:11:34.820+0000] {dag.py:4180} INFO - Setting next_dagrun for example_branch_operator to 2025-03-06 00:00:00+00:00, run_after=2025-03-07 00:00:00+00:00
[2025-03-07T11:11:34.909+0000] {processor.py:208} INFO - Processing /home/airflow/.local/lib/python3.12/site-packages/airflow/example_dags/example_branch_operator.py took 0.356 seconds
[2025-03-07T11:12:05.949+0000] {processor.py:186} INFO - Started process (PID=2735) to work on /home/airflow/.local/lib/python3.12/site-packages/airflow/example_dags/example_branch_operator.py
[2025-03-07T11:12:05.957+0000] {processor.py:914} INFO - Processing file /home/airflow/.local/lib/python3.12/site-packages/airflow/example_dags/example_branch_operator.py for tasks to queue
[2025-03-07T11:12:05.965+0000] {logging_mixin.py:190} INFO - [2025-03-07T11:12:05.964+0000] {dagbag.py:588} INFO - Filling up the DagBag from /home/airflow/.local/lib/python3.12/site-packages/airflow/example_dags/example_branch_operator.py
[2025-03-07T11:12:06.094+0000] {processor.py:925} INFO - DAG(s) 'example_branch_operator' retrieved from /home/airflow/.local/lib/python3.12/site-packages/airflow/example_dags/example_branch_operator.py
[2025-03-07T11:12:06.286+0000] {logging_mixin.py:190} INFO - [2025-03-07T11:12:06.285+0000] {dag.py:3239} INFO - Sync 1 DAGs
[2025-03-07T11:12:06.387+0000] {logging_mixin.py:190} INFO - [2025-03-07T11:12:06.386+0000] {dag.py:4180} INFO - Setting next_dagrun for example_branch_operator to 2025-03-06 00:00:00+00:00, run_after=2025-03-07 00:00:00+00:00
[2025-03-07T11:12:06.435+0000] {processor.py:208} INFO - Processing /home/airflow/.local/lib/python3.12/site-packages/airflow/example_dags/example_branch_operator.py took 0.509 seconds
[2025-03-07T11:12:38.341+0000] {processor.py:186} INFO - Started process (PID=2805) to work on /home/airflow/.local/lib/python3.12/site-packages/airflow/example_dags/example_branch_operator.py
[2025-03-07T11:12:38.346+0000] {processor.py:914} INFO - Processing file /home/airflow/.local/lib/python3.12/site-packages/airflow/example_dags/example_branch_operator.py for tasks to queue
[2025-03-07T11:12:38.351+0000] {logging_mixin.py:190} INFO - [2025-03-07T11:12:38.351+0000] {dagbag.py:588} INFO - Filling up the DagBag from /home/airflow/.local/lib/python3.12/site-packages/airflow/example_dags/example_branch_operator.py
[2025-03-07T11:12:38.457+0000] {processor.py:925} INFO - DAG(s) 'example_branch_operator' retrieved from /home/airflow/.local/lib/python3.12/site-packages/airflow/example_dags/example_branch_operator.py
[2025-03-07T11:12:38.547+0000] {logging_mixin.py:190} INFO - [2025-03-07T11:12:38.547+0000] {dag.py:3239} INFO - Sync 1 DAGs
[2025-03-07T11:12:38.620+0000] {logging_mixin.py:190} INFO - [2025-03-07T11:12:38.620+0000] {dag.py:4180} INFO - Setting next_dagrun for example_branch_operator to 2025-03-06 00:00:00+00:00, run_after=2025-03-07 00:00:00+00:00
[2025-03-07T11:12:38.675+0000] {processor.py:208} INFO - Processing /home/airflow/.local/lib/python3.12/site-packages/airflow/example_dags/example_branch_operator.py took 0.359 seconds
[2025-03-07T11:13:09.823+0000] {processor.py:186} INFO - Started process (PID=2868) to work on /home/airflow/.local/lib/python3.12/site-packages/airflow/example_dags/example_branch_operator.py
[2025-03-07T11:13:09.825+0000] {processor.py:914} INFO - Processing file /home/airflow/.local/lib/python3.12/site-packages/airflow/example_dags/example_branch_operator.py for tasks to queue
[2025-03-07T11:13:09.829+0000] {logging_mixin.py:190} INFO - [2025-03-07T11:13:09.828+0000] {dagbag.py:588} INFO - Filling up the DagBag from /home/airflow/.local/lib/python3.12/site-packages/airflow/example_dags/example_branch_operator.py
[2025-03-07T11:13:09.883+0000] {processor.py:925} INFO - DAG(s) 'example_branch_operator' retrieved from /home/airflow/.local/lib/python3.12/site-packages/airflow/example_dags/example_branch_operator.py
[2025-03-07T11:13:10.029+0000] {logging_mixin.py:190} INFO - [2025-03-07T11:13:10.029+0000] {dag.py:3239} INFO - Sync 1 DAGs
[2025-03-07T11:13:10.147+0000] {logging_mixin.py:190} INFO - [2025-03-07T11:13:10.146+0000] {dag.py:4180} INFO - Setting next_dagrun for example_branch_operator to 2025-03-06 00:00:00+00:00, run_after=2025-03-07 00:00:00+00:00
[2025-03-07T11:13:10.280+0000] {processor.py:208} INFO - Processing /home/airflow/.local/lib/python3.12/site-packages/airflow/example_dags/example_branch_operator.py took 0.469 seconds
[2025-03-07T11:13:41.178+0000] {processor.py:186} INFO - Started process (PID=2930) to work on /home/airflow/.local/lib/python3.12/site-packages/airflow/example_dags/example_branch_operator.py
[2025-03-07T11:13:41.180+0000] {processor.py:914} INFO - Processing file /home/airflow/.local/lib/python3.12/site-packages/airflow/example_dags/example_branch_operator.py for tasks to queue
[2025-03-07T11:13:41.185+0000] {logging_mixin.py:190} INFO - [2025-03-07T11:13:41.185+0000] {dagbag.py:588} INFO - Filling up the DagBag from /home/airflow/.local/lib/python3.12/site-packages/airflow/example_dags/example_branch_operator.py
[2025-03-07T11:13:41.238+0000] {processor.py:925} INFO - DAG(s) 'example_branch_operator' retrieved from /home/airflow/.local/lib/python3.12/site-packages/airflow/example_dags/example_branch_operator.py
[2025-03-07T11:13:41.314+0000] {logging_mixin.py:190} INFO - [2025-03-07T11:13:41.314+0000] {dag.py:3239} INFO - Sync 1 DAGs
[2025-03-07T11:13:41.377+0000] {logging_mixin.py:190} INFO - [2025-03-07T11:13:41.376+0000] {dag.py:4180} INFO - Setting next_dagrun for example_branch_operator to 2025-03-06 00:00:00+00:00, run_after=2025-03-07 00:00:00+00:00
[2025-03-07T11:13:41.426+0000] {processor.py:208} INFO - Processing /home/airflow/.local/lib/python3.12/site-packages/airflow/example_dags/example_branch_operator.py took 0.266 seconds
