[2025-03-07T10:49:37.186+0000] {processor.py:186} INFO - Started process (PID=131) to work on /home/airflow/.local/lib/python3.12/site-packages/airflow/example_dags/example_xcomargs.py
[2025-03-07T10:49:37.188+0000] {processor.py:914} INFO - Processing file /home/airflow/.local/lib/python3.12/site-packages/airflow/example_dags/example_xcomargs.py for tasks to queue
[2025-03-07T10:49:37.191+0000] {logging_mixin.py:190} INFO - [2025-03-07T10:49:37.191+0000] {dagbag.py:588} INFO - Filling up the DagBag from /home/airflow/.local/lib/python3.12/site-packages/airflow/example_dags/example_xcomargs.py
[2025-03-07T10:49:37.210+0000] {processor.py:925} INFO - DAG(s) 'example_xcom_args_with_operators', 'example_xcom_args' retrieved from /home/airflow/.local/lib/python3.12/site-packages/airflow/example_dags/example_xcomargs.py
[2025-03-07T10:49:37.415+0000] {logging_mixin.py:190} INFO - [2025-03-07T10:49:37.414+0000] {override.py:1912} INFO - Created Permission View: can delete on DAG:example_xcom_args_with_operators
[2025-03-07T10:49:37.435+0000] {logging_mixin.py:190} INFO - [2025-03-07T10:49:37.434+0000] {override.py:1912} INFO - Created Permission View: can read on DAG:example_xcom_args_with_operators
[2025-03-07T10:49:37.449+0000] {logging_mixin.py:190} INFO - [2025-03-07T10:49:37.448+0000] {override.py:1912} INFO - Created Permission View: can edit on DAG:example_xcom_args_with_operators
[2025-03-07T10:49:37.463+0000] {logging_mixin.py:190} INFO - [2025-03-07T10:49:37.463+0000] {override.py:1912} INFO - Created Permission View: can delete on DAG Run:example_xcom_args_with_operators
[2025-03-07T10:49:37.476+0000] {logging_mixin.py:190} INFO - [2025-03-07T10:49:37.475+0000] {override.py:1912} INFO - Created Permission View: can create on DAG Run:example_xcom_args_with_operators
[2025-03-07T10:49:37.488+0000] {logging_mixin.py:190} INFO - [2025-03-07T10:49:37.488+0000] {override.py:1912} INFO - Created Permission View: menu access on DAG Run:example_xcom_args_with_operators
[2025-03-07T10:49:37.501+0000] {logging_mixin.py:190} INFO - [2025-03-07T10:49:37.501+0000] {override.py:1912} INFO - Created Permission View: can read on DAG Run:example_xcom_args_with_operators
[2025-03-07T10:49:37.527+0000] {logging_mixin.py:190} INFO - [2025-03-07T10:49:37.527+0000] {override.py:1912} INFO - Created Permission View: can delete on DAG:example_xcom_args
[2025-03-07T10:49:37.542+0000] {logging_mixin.py:190} INFO - [2025-03-07T10:49:37.541+0000] {override.py:1912} INFO - Created Permission View: can read on DAG:example_xcom_args
[2025-03-07T10:49:37.552+0000] {logging_mixin.py:190} INFO - [2025-03-07T10:49:37.552+0000] {override.py:1912} INFO - Created Permission View: can edit on DAG:example_xcom_args
[2025-03-07T10:49:37.566+0000] {logging_mixin.py:190} INFO - [2025-03-07T10:49:37.566+0000] {override.py:1912} INFO - Created Permission View: can delete on DAG Run:example_xcom_args
[2025-03-07T10:49:37.580+0000] {logging_mixin.py:190} INFO - [2025-03-07T10:49:37.579+0000] {override.py:1912} INFO - Created Permission View: can create on DAG Run:example_xcom_args
[2025-03-07T10:49:37.592+0000] {logging_mixin.py:190} INFO - [2025-03-07T10:49:37.592+0000] {override.py:1912} INFO - Created Permission View: menu access on DAG Run:example_xcom_args
[2025-03-07T10:49:37.606+0000] {logging_mixin.py:190} INFO - [2025-03-07T10:49:37.606+0000] {override.py:1912} INFO - Created Permission View: can read on DAG Run:example_xcom_args
[2025-03-07T10:49:37.607+0000] {logging_mixin.py:190} INFO - [2025-03-07T10:49:37.607+0000] {dag.py:3239} INFO - Sync 2 DAGs
[2025-03-07T10:49:37.637+0000] {logging_mixin.py:190} INFO - [2025-03-07T10:49:37.636+0000] {dag.py:3262} INFO - Creating ORM DAG for example_xcom_args
[2025-03-07T10:49:37.639+0000] {logging_mixin.py:190} INFO - [2025-03-07T10:49:37.638+0000] {dag.py:3262} INFO - Creating ORM DAG for example_xcom_args_with_operators
[2025-03-07T10:49:37.640+0000] {logging_mixin.py:190} INFO - [2025-03-07T10:49:37.640+0000] {dag.py:4180} INFO - Setting next_dagrun for example_xcom_args to None, run_after=None
[2025-03-07T10:49:37.642+0000] {logging_mixin.py:190} INFO - [2025-03-07T10:49:37.641+0000] {dag.py:4180} INFO - Setting next_dagrun for example_xcom_args_with_operators to None, run_after=None
[2025-03-07T10:49:37.679+0000] {processor.py:208} INFO - Processing /home/airflow/.local/lib/python3.12/site-packages/airflow/example_dags/example_xcomargs.py took 0.501 seconds
[2025-03-07T10:50:08.139+0000] {processor.py:186} INFO - Started process (PID=194) to work on /home/airflow/.local/lib/python3.12/site-packages/airflow/example_dags/example_xcomargs.py
[2025-03-07T10:50:08.140+0000] {processor.py:914} INFO - Processing file /home/airflow/.local/lib/python3.12/site-packages/airflow/example_dags/example_xcomargs.py for tasks to queue
[2025-03-07T10:50:08.145+0000] {logging_mixin.py:190} INFO - [2025-03-07T10:50:08.145+0000] {dagbag.py:588} INFO - Filling up the DagBag from /home/airflow/.local/lib/python3.12/site-packages/airflow/example_dags/example_xcomargs.py
[2025-03-07T10:50:08.166+0000] {processor.py:925} INFO - DAG(s) 'example_xcom_args', 'example_xcom_args_with_operators' retrieved from /home/airflow/.local/lib/python3.12/site-packages/airflow/example_dags/example_xcomargs.py
[2025-03-07T10:50:08.205+0000] {logging_mixin.py:190} INFO - [2025-03-07T10:50:08.205+0000] {dag.py:3239} INFO - Sync 2 DAGs
[2025-03-07T10:50:08.239+0000] {logging_mixin.py:190} INFO - [2025-03-07T10:50:08.238+0000] {dag.py:4180} INFO - Setting next_dagrun for example_xcom_args to None, run_after=None
[2025-03-07T10:50:08.246+0000] {logging_mixin.py:190} INFO - [2025-03-07T10:50:08.246+0000] {dag.py:4180} INFO - Setting next_dagrun for example_xcom_args_with_operators to None, run_after=None
[2025-03-07T10:50:08.275+0000] {processor.py:208} INFO - Processing /home/airflow/.local/lib/python3.12/site-packages/airflow/example_dags/example_xcomargs.py took 0.151 seconds
[2025-03-07T10:50:38.715+0000] {processor.py:186} INFO - Started process (PID=257) to work on /home/airflow/.local/lib/python3.12/site-packages/airflow/example_dags/example_xcomargs.py
[2025-03-07T10:50:38.716+0000] {processor.py:914} INFO - Processing file /home/airflow/.local/lib/python3.12/site-packages/airflow/example_dags/example_xcomargs.py for tasks to queue
[2025-03-07T10:50:38.719+0000] {logging_mixin.py:190} INFO - [2025-03-07T10:50:38.719+0000] {dagbag.py:588} INFO - Filling up the DagBag from /home/airflow/.local/lib/python3.12/site-packages/airflow/example_dags/example_xcomargs.py
[2025-03-07T10:50:38.734+0000] {processor.py:925} INFO - DAG(s) 'example_xcom_args_with_operators', 'example_xcom_args' retrieved from /home/airflow/.local/lib/python3.12/site-packages/airflow/example_dags/example_xcomargs.py
[2025-03-07T10:50:38.767+0000] {logging_mixin.py:190} INFO - [2025-03-07T10:50:38.767+0000] {dag.py:3239} INFO - Sync 2 DAGs
[2025-03-07T10:50:38.794+0000] {logging_mixin.py:190} INFO - [2025-03-07T10:50:38.794+0000] {dag.py:4180} INFO - Setting next_dagrun for example_xcom_args to None, run_after=None
[2025-03-07T10:50:38.800+0000] {logging_mixin.py:190} INFO - [2025-03-07T10:50:38.800+0000] {dag.py:4180} INFO - Setting next_dagrun for example_xcom_args_with_operators to None, run_after=None
[2025-03-07T10:50:38.823+0000] {processor.py:208} INFO - Processing /home/airflow/.local/lib/python3.12/site-packages/airflow/example_dags/example_xcomargs.py took 0.116 seconds
[2025-03-07T10:51:09.541+0000] {processor.py:186} INFO - Started process (PID=321) to work on /home/airflow/.local/lib/python3.12/site-packages/airflow/example_dags/example_xcomargs.py
[2025-03-07T10:51:09.542+0000] {processor.py:914} INFO - Processing file /home/airflow/.local/lib/python3.12/site-packages/airflow/example_dags/example_xcomargs.py for tasks to queue
[2025-03-07T10:51:09.546+0000] {logging_mixin.py:190} INFO - [2025-03-07T10:51:09.545+0000] {dagbag.py:588} INFO - Filling up the DagBag from /home/airflow/.local/lib/python3.12/site-packages/airflow/example_dags/example_xcomargs.py
[2025-03-07T10:51:09.560+0000] {processor.py:925} INFO - DAG(s) 'example_xcom_args', 'example_xcom_args_with_operators' retrieved from /home/airflow/.local/lib/python3.12/site-packages/airflow/example_dags/example_xcomargs.py
[2025-03-07T10:51:09.601+0000] {logging_mixin.py:190} INFO - [2025-03-07T10:51:09.600+0000] {dag.py:3239} INFO - Sync 2 DAGs
[2025-03-07T10:51:09.630+0000] {logging_mixin.py:190} INFO - [2025-03-07T10:51:09.629+0000] {dag.py:4180} INFO - Setting next_dagrun for example_xcom_args to None, run_after=None
[2025-03-07T10:51:09.636+0000] {logging_mixin.py:190} INFO - [2025-03-07T10:51:09.635+0000] {dag.py:4180} INFO - Setting next_dagrun for example_xcom_args_with_operators to None, run_after=None
[2025-03-07T10:51:09.665+0000] {processor.py:208} INFO - Processing /home/airflow/.local/lib/python3.12/site-packages/airflow/example_dags/example_xcomargs.py took 0.135 seconds
[2025-03-07T10:51:40.020+0000] {processor.py:186} INFO - Started process (PID=385) to work on /home/airflow/.local/lib/python3.12/site-packages/airflow/example_dags/example_xcomargs.py
[2025-03-07T10:51:40.021+0000] {processor.py:914} INFO - Processing file /home/airflow/.local/lib/python3.12/site-packages/airflow/example_dags/example_xcomargs.py for tasks to queue
[2025-03-07T10:51:40.024+0000] {logging_mixin.py:190} INFO - [2025-03-07T10:51:40.023+0000] {dagbag.py:588} INFO - Filling up the DagBag from /home/airflow/.local/lib/python3.12/site-packages/airflow/example_dags/example_xcomargs.py
[2025-03-07T10:51:40.038+0000] {processor.py:925} INFO - DAG(s) 'example_xcom_args_with_operators', 'example_xcom_args' retrieved from /home/airflow/.local/lib/python3.12/site-packages/airflow/example_dags/example_xcomargs.py
[2025-03-07T10:51:40.065+0000] {logging_mixin.py:190} INFO - [2025-03-07T10:51:40.065+0000] {dag.py:3239} INFO - Sync 2 DAGs
[2025-03-07T10:51:40.083+0000] {logging_mixin.py:190} INFO - [2025-03-07T10:51:40.082+0000] {dag.py:4180} INFO - Setting next_dagrun for example_xcom_args to None, run_after=None
[2025-03-07T10:51:40.088+0000] {logging_mixin.py:190} INFO - [2025-03-07T10:51:40.088+0000] {dag.py:4180} INFO - Setting next_dagrun for example_xcom_args_with_operators to None, run_after=None
[2025-03-07T10:51:40.109+0000] {processor.py:208} INFO - Processing /home/airflow/.local/lib/python3.12/site-packages/airflow/example_dags/example_xcomargs.py took 0.095 seconds
[2025-03-07T10:52:10.341+0000] {processor.py:186} INFO - Started process (PID=448) to work on /home/airflow/.local/lib/python3.12/site-packages/airflow/example_dags/example_xcomargs.py
[2025-03-07T10:52:10.342+0000] {processor.py:914} INFO - Processing file /home/airflow/.local/lib/python3.12/site-packages/airflow/example_dags/example_xcomargs.py for tasks to queue
[2025-03-07T10:52:10.345+0000] {logging_mixin.py:190} INFO - [2025-03-07T10:52:10.345+0000] {dagbag.py:588} INFO - Filling up the DagBag from /home/airflow/.local/lib/python3.12/site-packages/airflow/example_dags/example_xcomargs.py
[2025-03-07T10:52:10.359+0000] {processor.py:925} INFO - DAG(s) 'example_xcom_args_with_operators', 'example_xcom_args' retrieved from /home/airflow/.local/lib/python3.12/site-packages/airflow/example_dags/example_xcomargs.py
[2025-03-07T10:52:10.390+0000] {logging_mixin.py:190} INFO - [2025-03-07T10:52:10.389+0000] {dag.py:3239} INFO - Sync 2 DAGs
[2025-03-07T10:52:10.416+0000] {logging_mixin.py:190} INFO - [2025-03-07T10:52:10.416+0000] {dag.py:4180} INFO - Setting next_dagrun for example_xcom_args to None, run_after=None
[2025-03-07T10:52:10.422+0000] {logging_mixin.py:190} INFO - [2025-03-07T10:52:10.421+0000] {dag.py:4180} INFO - Setting next_dagrun for example_xcom_args_with_operators to None, run_after=None
[2025-03-07T10:52:10.448+0000] {processor.py:208} INFO - Processing /home/airflow/.local/lib/python3.12/site-packages/airflow/example_dags/example_xcomargs.py took 0.117 seconds
[2025-03-07T10:52:40.529+0000] {processor.py:186} INFO - Started process (PID=510) to work on /home/airflow/.local/lib/python3.12/site-packages/airflow/example_dags/example_xcomargs.py
[2025-03-07T10:52:40.530+0000] {processor.py:914} INFO - Processing file /home/airflow/.local/lib/python3.12/site-packages/airflow/example_dags/example_xcomargs.py for tasks to queue
[2025-03-07T10:52:40.533+0000] {logging_mixin.py:190} INFO - [2025-03-07T10:52:40.532+0000] {dagbag.py:588} INFO - Filling up the DagBag from /home/airflow/.local/lib/python3.12/site-packages/airflow/example_dags/example_xcomargs.py
[2025-03-07T10:52:40.544+0000] {processor.py:925} INFO - DAG(s) 'example_xcom_args', 'example_xcom_args_with_operators' retrieved from /home/airflow/.local/lib/python3.12/site-packages/airflow/example_dags/example_xcomargs.py
[2025-03-07T10:52:40.571+0000] {logging_mixin.py:190} INFO - [2025-03-07T10:52:40.570+0000] {dag.py:3239} INFO - Sync 2 DAGs
[2025-03-07T10:52:40.588+0000] {logging_mixin.py:190} INFO - [2025-03-07T10:52:40.588+0000] {dag.py:4180} INFO - Setting next_dagrun for example_xcom_args to None, run_after=None
[2025-03-07T10:52:40.594+0000] {logging_mixin.py:190} INFO - [2025-03-07T10:52:40.594+0000] {dag.py:4180} INFO - Setting next_dagrun for example_xcom_args_with_operators to None, run_after=None
[2025-03-07T10:52:40.614+0000] {processor.py:208} INFO - Processing /home/airflow/.local/lib/python3.12/site-packages/airflow/example_dags/example_xcomargs.py took 0.091 seconds
[2025-03-07T10:53:11.734+0000] {processor.py:186} INFO - Started process (PID=573) to work on /home/airflow/.local/lib/python3.12/site-packages/airflow/example_dags/example_xcomargs.py
[2025-03-07T10:53:11.740+0000] {processor.py:914} INFO - Processing file /home/airflow/.local/lib/python3.12/site-packages/airflow/example_dags/example_xcomargs.py for tasks to queue
[2025-03-07T10:53:11.744+0000] {logging_mixin.py:190} INFO - [2025-03-07T10:53:11.744+0000] {dagbag.py:588} INFO - Filling up the DagBag from /home/airflow/.local/lib/python3.12/site-packages/airflow/example_dags/example_xcomargs.py
[2025-03-07T10:53:11.765+0000] {processor.py:925} INFO - DAG(s) 'example_xcom_args', 'example_xcom_args_with_operators' retrieved from /home/airflow/.local/lib/python3.12/site-packages/airflow/example_dags/example_xcomargs.py
[2025-03-07T10:53:11.806+0000] {logging_mixin.py:190} INFO - [2025-03-07T10:53:11.805+0000] {dag.py:3239} INFO - Sync 2 DAGs
[2025-03-07T10:53:11.840+0000] {logging_mixin.py:190} INFO - [2025-03-07T10:53:11.839+0000] {dag.py:4180} INFO - Setting next_dagrun for example_xcom_args to None, run_after=None
[2025-03-07T10:53:11.847+0000] {logging_mixin.py:190} INFO - [2025-03-07T10:53:11.846+0000] {dag.py:4180} INFO - Setting next_dagrun for example_xcom_args_with_operators to None, run_after=None
[2025-03-07T10:53:11.882+0000] {processor.py:208} INFO - Processing /home/airflow/.local/lib/python3.12/site-packages/airflow/example_dags/example_xcomargs.py took 0.160 seconds
[2025-03-07T10:53:43.766+0000] {processor.py:186} INFO - Started process (PID=637) to work on /home/airflow/.local/lib/python3.12/site-packages/airflow/example_dags/example_xcomargs.py
[2025-03-07T10:53:43.768+0000] {processor.py:914} INFO - Processing file /home/airflow/.local/lib/python3.12/site-packages/airflow/example_dags/example_xcomargs.py for tasks to queue
[2025-03-07T10:53:43.771+0000] {logging_mixin.py:190} INFO - [2025-03-07T10:53:43.770+0000] {dagbag.py:588} INFO - Filling up the DagBag from /home/airflow/.local/lib/python3.12/site-packages/airflow/example_dags/example_xcomargs.py
[2025-03-07T10:53:43.786+0000] {processor.py:925} INFO - DAG(s) 'example_xcom_args_with_operators', 'example_xcom_args' retrieved from /home/airflow/.local/lib/python3.12/site-packages/airflow/example_dags/example_xcomargs.py
[2025-03-07T10:53:43.812+0000] {logging_mixin.py:190} INFO - [2025-03-07T10:53:43.812+0000] {dag.py:3239} INFO - Sync 2 DAGs
[2025-03-07T10:53:43.831+0000] {logging_mixin.py:190} INFO - [2025-03-07T10:53:43.831+0000] {dag.py:4180} INFO - Setting next_dagrun for example_xcom_args to None, run_after=None
[2025-03-07T10:53:43.836+0000] {logging_mixin.py:190} INFO - [2025-03-07T10:53:43.836+0000] {dag.py:4180} INFO - Setting next_dagrun for example_xcom_args_with_operators to None, run_after=None
[2025-03-07T10:53:43.857+0000] {processor.py:208} INFO - Processing /home/airflow/.local/lib/python3.12/site-packages/airflow/example_dags/example_xcomargs.py took 0.097 seconds
[2025-03-07T10:54:14.602+0000] {processor.py:186} INFO - Started process (PID=700) to work on /home/airflow/.local/lib/python3.12/site-packages/airflow/example_dags/example_xcomargs.py
[2025-03-07T10:54:14.603+0000] {processor.py:914} INFO - Processing file /home/airflow/.local/lib/python3.12/site-packages/airflow/example_dags/example_xcomargs.py for tasks to queue
[2025-03-07T10:54:14.607+0000] {logging_mixin.py:190} INFO - [2025-03-07T10:54:14.607+0000] {dagbag.py:588} INFO - Filling up the DagBag from /home/airflow/.local/lib/python3.12/site-packages/airflow/example_dags/example_xcomargs.py
[2025-03-07T10:54:14.621+0000] {processor.py:925} INFO - DAG(s) 'example_xcom_args', 'example_xcom_args_with_operators' retrieved from /home/airflow/.local/lib/python3.12/site-packages/airflow/example_dags/example_xcomargs.py
[2025-03-07T10:54:14.651+0000] {logging_mixin.py:190} INFO - [2025-03-07T10:54:14.651+0000] {dag.py:3239} INFO - Sync 2 DAGs
[2025-03-07T10:54:14.680+0000] {logging_mixin.py:190} INFO - [2025-03-07T10:54:14.680+0000] {dag.py:4180} INFO - Setting next_dagrun for example_xcom_args to None, run_after=None
[2025-03-07T10:54:14.686+0000] {logging_mixin.py:190} INFO - [2025-03-07T10:54:14.686+0000] {dag.py:4180} INFO - Setting next_dagrun for example_xcom_args_with_operators to None, run_after=None
[2025-03-07T10:54:14.709+0000] {processor.py:208} INFO - Processing /home/airflow/.local/lib/python3.12/site-packages/airflow/example_dags/example_xcomargs.py took 0.116 seconds
[2025-03-07T10:54:45.911+0000] {processor.py:186} INFO - Started process (PID=763) to work on /home/airflow/.local/lib/python3.12/site-packages/airflow/example_dags/example_xcomargs.py
[2025-03-07T10:54:45.912+0000] {processor.py:914} INFO - Processing file /home/airflow/.local/lib/python3.12/site-packages/airflow/example_dags/example_xcomargs.py for tasks to queue
[2025-03-07T10:54:45.916+0000] {logging_mixin.py:190} INFO - [2025-03-07T10:54:45.915+0000] {dagbag.py:588} INFO - Filling up the DagBag from /home/airflow/.local/lib/python3.12/site-packages/airflow/example_dags/example_xcomargs.py
[2025-03-07T10:54:45.935+0000] {processor.py:925} INFO - DAG(s) 'example_xcom_args_with_operators', 'example_xcom_args' retrieved from /home/airflow/.local/lib/python3.12/site-packages/airflow/example_dags/example_xcomargs.py
[2025-03-07T10:54:45.969+0000] {logging_mixin.py:190} INFO - [2025-03-07T10:54:45.968+0000] {dag.py:3239} INFO - Sync 2 DAGs
[2025-03-07T10:54:45.994+0000] {logging_mixin.py:190} INFO - [2025-03-07T10:54:45.993+0000] {dag.py:4180} INFO - Setting next_dagrun for example_xcom_args to None, run_after=None
[2025-03-07T10:54:46.000+0000] {logging_mixin.py:190} INFO - [2025-03-07T10:54:46.000+0000] {dag.py:4180} INFO - Setting next_dagrun for example_xcom_args_with_operators to None, run_after=None
[2025-03-07T10:54:46.022+0000] {processor.py:208} INFO - Processing /home/airflow/.local/lib/python3.12/site-packages/airflow/example_dags/example_xcomargs.py took 0.120 seconds
[2025-03-07T10:55:17.221+0000] {processor.py:186} INFO - Started process (PID=826) to work on /home/airflow/.local/lib/python3.12/site-packages/airflow/example_dags/example_xcomargs.py
[2025-03-07T10:55:17.223+0000] {processor.py:914} INFO - Processing file /home/airflow/.local/lib/python3.12/site-packages/airflow/example_dags/example_xcomargs.py for tasks to queue
[2025-03-07T10:55:17.226+0000] {logging_mixin.py:190} INFO - [2025-03-07T10:55:17.226+0000] {dagbag.py:588} INFO - Filling up the DagBag from /home/airflow/.local/lib/python3.12/site-packages/airflow/example_dags/example_xcomargs.py
[2025-03-07T10:55:17.239+0000] {processor.py:925} INFO - DAG(s) 'example_xcom_args', 'example_xcom_args_with_operators' retrieved from /home/airflow/.local/lib/python3.12/site-packages/airflow/example_dags/example_xcomargs.py
[2025-03-07T10:55:17.274+0000] {logging_mixin.py:190} INFO - [2025-03-07T10:55:17.273+0000] {dag.py:3239} INFO - Sync 2 DAGs
[2025-03-07T10:55:17.303+0000] {logging_mixin.py:190} INFO - [2025-03-07T10:55:17.303+0000] {dag.py:4180} INFO - Setting next_dagrun for example_xcom_args to None, run_after=None
[2025-03-07T10:55:17.310+0000] {logging_mixin.py:190} INFO - [2025-03-07T10:55:17.310+0000] {dag.py:4180} INFO - Setting next_dagrun for example_xcom_args_with_operators to None, run_after=None
[2025-03-07T10:55:17.351+0000] {processor.py:208} INFO - Processing /home/airflow/.local/lib/python3.12/site-packages/airflow/example_dags/example_xcomargs.py took 0.137 seconds
[2025-03-07T10:55:50.366+0000] {processor.py:186} INFO - Started process (PID=890) to work on /home/airflow/.local/lib/python3.12/site-packages/airflow/example_dags/example_xcomargs.py
[2025-03-07T10:55:50.381+0000] {processor.py:914} INFO - Processing file /home/airflow/.local/lib/python3.12/site-packages/airflow/example_dags/example_xcomargs.py for tasks to queue
[2025-03-07T10:55:50.388+0000] {logging_mixin.py:190} INFO - [2025-03-07T10:55:50.388+0000] {dagbag.py:588} INFO - Filling up the DagBag from /home/airflow/.local/lib/python3.12/site-packages/airflow/example_dags/example_xcomargs.py
[2025-03-07T10:55:50.424+0000] {processor.py:925} INFO - DAG(s) 'example_xcom_args_with_operators', 'example_xcom_args' retrieved from /home/airflow/.local/lib/python3.12/site-packages/airflow/example_dags/example_xcomargs.py
[2025-03-07T10:55:50.505+0000] {logging_mixin.py:190} INFO - [2025-03-07T10:55:50.505+0000] {dag.py:3239} INFO - Sync 2 DAGs
[2025-03-07T10:55:50.553+0000] {logging_mixin.py:190} INFO - [2025-03-07T10:55:50.551+0000] {dag.py:4180} INFO - Setting next_dagrun for example_xcom_args to None, run_after=None
[2025-03-07T10:55:50.567+0000] {logging_mixin.py:190} INFO - [2025-03-07T10:55:50.567+0000] {dag.py:4180} INFO - Setting next_dagrun for example_xcom_args_with_operators to None, run_after=None
[2025-03-07T10:55:50.612+0000] {processor.py:208} INFO - Processing /home/airflow/.local/lib/python3.12/site-packages/airflow/example_dags/example_xcomargs.py took 0.262 seconds
[2025-03-07T10:56:21.407+0000] {processor.py:186} INFO - Started process (PID=952) to work on /home/airflow/.local/lib/python3.12/site-packages/airflow/example_dags/example_xcomargs.py
[2025-03-07T10:56:21.408+0000] {processor.py:914} INFO - Processing file /home/airflow/.local/lib/python3.12/site-packages/airflow/example_dags/example_xcomargs.py for tasks to queue
[2025-03-07T10:56:21.410+0000] {logging_mixin.py:190} INFO - [2025-03-07T10:56:21.410+0000] {dagbag.py:588} INFO - Filling up the DagBag from /home/airflow/.local/lib/python3.12/site-packages/airflow/example_dags/example_xcomargs.py
[2025-03-07T10:56:21.422+0000] {processor.py:925} INFO - DAG(s) 'example_xcom_args', 'example_xcom_args_with_operators' retrieved from /home/airflow/.local/lib/python3.12/site-packages/airflow/example_dags/example_xcomargs.py
[2025-03-07T10:56:21.456+0000] {logging_mixin.py:190} INFO - [2025-03-07T10:56:21.456+0000] {dag.py:3239} INFO - Sync 2 DAGs
[2025-03-07T10:56:21.484+0000] {logging_mixin.py:190} INFO - [2025-03-07T10:56:21.484+0000] {dag.py:4180} INFO - Setting next_dagrun for example_xcom_args to None, run_after=None
[2025-03-07T10:56:21.491+0000] {logging_mixin.py:190} INFO - [2025-03-07T10:56:21.490+0000] {dag.py:4180} INFO - Setting next_dagrun for example_xcom_args_with_operators to None, run_after=None
[2025-03-07T10:56:21.517+0000] {processor.py:208} INFO - Processing /home/airflow/.local/lib/python3.12/site-packages/airflow/example_dags/example_xcomargs.py took 0.116 seconds
[2025-03-07T10:56:52.684+0000] {processor.py:186} INFO - Started process (PID=1015) to work on /home/airflow/.local/lib/python3.12/site-packages/airflow/example_dags/example_xcomargs.py
[2025-03-07T10:56:52.686+0000] {processor.py:914} INFO - Processing file /home/airflow/.local/lib/python3.12/site-packages/airflow/example_dags/example_xcomargs.py for tasks to queue
[2025-03-07T10:56:52.689+0000] {logging_mixin.py:190} INFO - [2025-03-07T10:56:52.689+0000] {dagbag.py:588} INFO - Filling up the DagBag from /home/airflow/.local/lib/python3.12/site-packages/airflow/example_dags/example_xcomargs.py
[2025-03-07T10:56:52.710+0000] {processor.py:925} INFO - DAG(s) 'example_xcom_args', 'example_xcom_args_with_operators' retrieved from /home/airflow/.local/lib/python3.12/site-packages/airflow/example_dags/example_xcomargs.py
[2025-03-07T10:56:52.753+0000] {logging_mixin.py:190} INFO - [2025-03-07T10:56:52.752+0000] {dag.py:3239} INFO - Sync 2 DAGs
[2025-03-07T10:56:52.821+0000] {logging_mixin.py:190} INFO - [2025-03-07T10:56:52.820+0000] {dag.py:4180} INFO - Setting next_dagrun for example_xcom_args to None, run_after=None
[2025-03-07T10:56:52.839+0000] {logging_mixin.py:190} INFO - [2025-03-07T10:56:52.839+0000] {dag.py:4180} INFO - Setting next_dagrun for example_xcom_args_with_operators to None, run_after=None
[2025-03-07T10:56:52.897+0000] {processor.py:208} INFO - Processing /home/airflow/.local/lib/python3.12/site-packages/airflow/example_dags/example_xcomargs.py took 0.224 seconds
[2025-03-07T10:57:24.356+0000] {processor.py:186} INFO - Started process (PID=1078) to work on /home/airflow/.local/lib/python3.12/site-packages/airflow/example_dags/example_xcomargs.py
[2025-03-07T10:57:24.358+0000] {processor.py:914} INFO - Processing file /home/airflow/.local/lib/python3.12/site-packages/airflow/example_dags/example_xcomargs.py for tasks to queue
[2025-03-07T10:57:24.361+0000] {logging_mixin.py:190} INFO - [2025-03-07T10:57:24.360+0000] {dagbag.py:588} INFO - Filling up the DagBag from /home/airflow/.local/lib/python3.12/site-packages/airflow/example_dags/example_xcomargs.py
[2025-03-07T10:57:24.375+0000] {processor.py:925} INFO - DAG(s) 'example_xcom_args', 'example_xcom_args_with_operators' retrieved from /home/airflow/.local/lib/python3.12/site-packages/airflow/example_dags/example_xcomargs.py
[2025-03-07T10:57:24.406+0000] {logging_mixin.py:190} INFO - [2025-03-07T10:57:24.405+0000] {dag.py:3239} INFO - Sync 2 DAGs
[2025-03-07T10:57:24.433+0000] {logging_mixin.py:190} INFO - [2025-03-07T10:57:24.432+0000] {dag.py:4180} INFO - Setting next_dagrun for example_xcom_args to None, run_after=None
[2025-03-07T10:57:24.450+0000] {logging_mixin.py:190} INFO - [2025-03-07T10:57:24.450+0000] {dag.py:4180} INFO - Setting next_dagrun for example_xcom_args_with_operators to None, run_after=None
[2025-03-07T10:57:24.494+0000] {processor.py:208} INFO - Processing /home/airflow/.local/lib/python3.12/site-packages/airflow/example_dags/example_xcomargs.py took 0.145 seconds
[2025-03-07T10:57:55.970+0000] {processor.py:186} INFO - Started process (PID=1141) to work on /home/airflow/.local/lib/python3.12/site-packages/airflow/example_dags/example_xcomargs.py
[2025-03-07T10:57:55.972+0000] {processor.py:914} INFO - Processing file /home/airflow/.local/lib/python3.12/site-packages/airflow/example_dags/example_xcomargs.py for tasks to queue
[2025-03-07T10:57:55.976+0000] {logging_mixin.py:190} INFO - [2025-03-07T10:57:55.975+0000] {dagbag.py:588} INFO - Filling up the DagBag from /home/airflow/.local/lib/python3.12/site-packages/airflow/example_dags/example_xcomargs.py
[2025-03-07T10:57:55.991+0000] {processor.py:925} INFO - DAG(s) 'example_xcom_args_with_operators', 'example_xcom_args' retrieved from /home/airflow/.local/lib/python3.12/site-packages/airflow/example_dags/example_xcomargs.py
[2025-03-07T10:57:56.022+0000] {logging_mixin.py:190} INFO - [2025-03-07T10:57:56.022+0000] {dag.py:3239} INFO - Sync 2 DAGs
[2025-03-07T10:57:56.049+0000] {logging_mixin.py:190} INFO - [2025-03-07T10:57:56.049+0000] {dag.py:4180} INFO - Setting next_dagrun for example_xcom_args to None, run_after=None
[2025-03-07T10:57:56.055+0000] {logging_mixin.py:190} INFO - [2025-03-07T10:57:56.055+0000] {dag.py:4180} INFO - Setting next_dagrun for example_xcom_args_with_operators to None, run_after=None
[2025-03-07T10:57:56.082+0000] {processor.py:208} INFO - Processing /home/airflow/.local/lib/python3.12/site-packages/airflow/example_dags/example_xcomargs.py took 0.120 seconds
[2025-03-07T10:58:27.406+0000] {processor.py:186} INFO - Started process (PID=1204) to work on /home/airflow/.local/lib/python3.12/site-packages/airflow/example_dags/example_xcomargs.py
[2025-03-07T10:58:27.407+0000] {processor.py:914} INFO - Processing file /home/airflow/.local/lib/python3.12/site-packages/airflow/example_dags/example_xcomargs.py for tasks to queue
[2025-03-07T10:58:27.409+0000] {logging_mixin.py:190} INFO - [2025-03-07T10:58:27.409+0000] {dagbag.py:588} INFO - Filling up the DagBag from /home/airflow/.local/lib/python3.12/site-packages/airflow/example_dags/example_xcomargs.py
[2025-03-07T10:58:27.419+0000] {processor.py:925} INFO - DAG(s) 'example_xcom_args', 'example_xcom_args_with_operators' retrieved from /home/airflow/.local/lib/python3.12/site-packages/airflow/example_dags/example_xcomargs.py
[2025-03-07T10:58:27.444+0000] {logging_mixin.py:190} INFO - [2025-03-07T10:58:27.443+0000] {dag.py:3239} INFO - Sync 2 DAGs
[2025-03-07T10:58:27.461+0000] {logging_mixin.py:190} INFO - [2025-03-07T10:58:27.461+0000] {dag.py:4180} INFO - Setting next_dagrun for example_xcom_args to None, run_after=None
[2025-03-07T10:58:27.466+0000] {logging_mixin.py:190} INFO - [2025-03-07T10:58:27.465+0000] {dag.py:4180} INFO - Setting next_dagrun for example_xcom_args_with_operators to None, run_after=None
[2025-03-07T10:58:27.483+0000] {processor.py:208} INFO - Processing /home/airflow/.local/lib/python3.12/site-packages/airflow/example_dags/example_xcomargs.py took 0.083 seconds
[2025-03-07T10:58:59.300+0000] {processor.py:186} INFO - Started process (PID=1267) to work on /home/airflow/.local/lib/python3.12/site-packages/airflow/example_dags/example_xcomargs.py
[2025-03-07T10:58:59.302+0000] {processor.py:914} INFO - Processing file /home/airflow/.local/lib/python3.12/site-packages/airflow/example_dags/example_xcomargs.py for tasks to queue
[2025-03-07T10:58:59.305+0000] {logging_mixin.py:190} INFO - [2025-03-07T10:58:59.304+0000] {dagbag.py:588} INFO - Filling up the DagBag from /home/airflow/.local/lib/python3.12/site-packages/airflow/example_dags/example_xcomargs.py
[2025-03-07T10:58:59.320+0000] {processor.py:925} INFO - DAG(s) 'example_xcom_args', 'example_xcom_args_with_operators' retrieved from /home/airflow/.local/lib/python3.12/site-packages/airflow/example_dags/example_xcomargs.py
[2025-03-07T10:58:59.366+0000] {logging_mixin.py:190} INFO - [2025-03-07T10:58:59.365+0000] {dag.py:3239} INFO - Sync 2 DAGs
[2025-03-07T10:58:59.394+0000] {logging_mixin.py:190} INFO - [2025-03-07T10:58:59.394+0000] {dag.py:4180} INFO - Setting next_dagrun for example_xcom_args to None, run_after=None
[2025-03-07T10:58:59.400+0000] {logging_mixin.py:190} INFO - [2025-03-07T10:58:59.400+0000] {dag.py:4180} INFO - Setting next_dagrun for example_xcom_args_with_operators to None, run_after=None
[2025-03-07T10:58:59.430+0000] {processor.py:208} INFO - Processing /home/airflow/.local/lib/python3.12/site-packages/airflow/example_dags/example_xcomargs.py took 0.138 seconds
[2025-03-07T10:59:30.802+0000] {processor.py:186} INFO - Started process (PID=1330) to work on /home/airflow/.local/lib/python3.12/site-packages/airflow/example_dags/example_xcomargs.py
[2025-03-07T10:59:30.804+0000] {processor.py:914} INFO - Processing file /home/airflow/.local/lib/python3.12/site-packages/airflow/example_dags/example_xcomargs.py for tasks to queue
[2025-03-07T10:59:30.806+0000] {logging_mixin.py:190} INFO - [2025-03-07T10:59:30.806+0000] {dagbag.py:588} INFO - Filling up the DagBag from /home/airflow/.local/lib/python3.12/site-packages/airflow/example_dags/example_xcomargs.py
[2025-03-07T10:59:30.820+0000] {processor.py:925} INFO - DAG(s) 'example_xcom_args_with_operators', 'example_xcom_args' retrieved from /home/airflow/.local/lib/python3.12/site-packages/airflow/example_dags/example_xcomargs.py
[2025-03-07T10:59:30.853+0000] {logging_mixin.py:190} INFO - [2025-03-07T10:59:30.853+0000] {dag.py:3239} INFO - Sync 2 DAGs
[2025-03-07T10:59:30.874+0000] {logging_mixin.py:190} INFO - [2025-03-07T10:59:30.874+0000] {dag.py:4180} INFO - Setting next_dagrun for example_xcom_args to None, run_after=None
[2025-03-07T10:59:30.880+0000] {logging_mixin.py:190} INFO - [2025-03-07T10:59:30.880+0000] {dag.py:4180} INFO - Setting next_dagrun for example_xcom_args_with_operators to None, run_after=None
[2025-03-07T10:59:30.902+0000] {processor.py:208} INFO - Processing /home/airflow/.local/lib/python3.12/site-packages/airflow/example_dags/example_xcomargs.py took 0.107 seconds
[2025-03-07T11:00:02.256+0000] {processor.py:186} INFO - Started process (PID=1395) to work on /home/airflow/.local/lib/python3.12/site-packages/airflow/example_dags/example_xcomargs.py
[2025-03-07T11:00:02.258+0000] {processor.py:914} INFO - Processing file /home/airflow/.local/lib/python3.12/site-packages/airflow/example_dags/example_xcomargs.py for tasks to queue
[2025-03-07T11:00:02.262+0000] {logging_mixin.py:190} INFO - [2025-03-07T11:00:02.261+0000] {dagbag.py:588} INFO - Filling up the DagBag from /home/airflow/.local/lib/python3.12/site-packages/airflow/example_dags/example_xcomargs.py
[2025-03-07T11:00:02.283+0000] {processor.py:925} INFO - DAG(s) 'example_xcom_args', 'example_xcom_args_with_operators' retrieved from /home/airflow/.local/lib/python3.12/site-packages/airflow/example_dags/example_xcomargs.py
[2025-03-07T11:00:02.329+0000] {logging_mixin.py:190} INFO - [2025-03-07T11:00:02.329+0000] {dag.py:3239} INFO - Sync 2 DAGs
[2025-03-07T11:00:02.362+0000] {logging_mixin.py:190} INFO - [2025-03-07T11:00:02.362+0000] {dag.py:4180} INFO - Setting next_dagrun for example_xcom_args to None, run_after=None
[2025-03-07T11:00:02.371+0000] {logging_mixin.py:190} INFO - [2025-03-07T11:00:02.371+0000] {dag.py:4180} INFO - Setting next_dagrun for example_xcom_args_with_operators to None, run_after=None
[2025-03-07T11:00:02.403+0000] {processor.py:208} INFO - Processing /home/airflow/.local/lib/python3.12/site-packages/airflow/example_dags/example_xcomargs.py took 0.157 seconds
[2025-03-07T11:00:36.460+0000] {processor.py:186} INFO - Started process (PID=1473) to work on /home/airflow/.local/lib/python3.12/site-packages/airflow/example_dags/example_xcomargs.py
[2025-03-07T11:00:36.462+0000] {processor.py:914} INFO - Processing file /home/airflow/.local/lib/python3.12/site-packages/airflow/example_dags/example_xcomargs.py for tasks to queue
[2025-03-07T11:00:36.466+0000] {logging_mixin.py:190} INFO - [2025-03-07T11:00:36.465+0000] {dagbag.py:588} INFO - Filling up the DagBag from /home/airflow/.local/lib/python3.12/site-packages/airflow/example_dags/example_xcomargs.py
[2025-03-07T11:00:36.486+0000] {processor.py:925} INFO - DAG(s) 'example_xcom_args_with_operators', 'example_xcom_args' retrieved from /home/airflow/.local/lib/python3.12/site-packages/airflow/example_dags/example_xcomargs.py
[2025-03-07T11:00:36.530+0000] {logging_mixin.py:190} INFO - [2025-03-07T11:00:36.530+0000] {dag.py:3239} INFO - Sync 2 DAGs
[2025-03-07T11:00:36.555+0000] {logging_mixin.py:190} INFO - [2025-03-07T11:00:36.555+0000] {dag.py:4180} INFO - Setting next_dagrun for example_xcom_args to None, run_after=None
[2025-03-07T11:00:36.562+0000] {logging_mixin.py:190} INFO - [2025-03-07T11:00:36.561+0000] {dag.py:4180} INFO - Setting next_dagrun for example_xcom_args_with_operators to None, run_after=None
[2025-03-07T11:00:36.590+0000] {processor.py:208} INFO - Processing /home/airflow/.local/lib/python3.12/site-packages/airflow/example_dags/example_xcomargs.py took 0.139 seconds
[2025-03-07T11:01:07.308+0000] {processor.py:186} INFO - Started process (PID=1537) to work on /home/airflow/.local/lib/python3.12/site-packages/airflow/example_dags/example_xcomargs.py
[2025-03-07T11:01:07.309+0000] {processor.py:914} INFO - Processing file /home/airflow/.local/lib/python3.12/site-packages/airflow/example_dags/example_xcomargs.py for tasks to queue
[2025-03-07T11:01:07.312+0000] {logging_mixin.py:190} INFO - [2025-03-07T11:01:07.311+0000] {dagbag.py:588} INFO - Filling up the DagBag from /home/airflow/.local/lib/python3.12/site-packages/airflow/example_dags/example_xcomargs.py
[2025-03-07T11:01:07.323+0000] {processor.py:925} INFO - DAG(s) 'example_xcom_args', 'example_xcom_args_with_operators' retrieved from /home/airflow/.local/lib/python3.12/site-packages/airflow/example_dags/example_xcomargs.py
[2025-03-07T11:01:07.349+0000] {logging_mixin.py:190} INFO - [2025-03-07T11:01:07.348+0000] {dag.py:3239} INFO - Sync 2 DAGs
[2025-03-07T11:01:07.366+0000] {logging_mixin.py:190} INFO - [2025-03-07T11:01:07.366+0000] {dag.py:4180} INFO - Setting next_dagrun for example_xcom_args to None, run_after=None
[2025-03-07T11:01:07.370+0000] {logging_mixin.py:190} INFO - [2025-03-07T11:01:07.370+0000] {dag.py:4180} INFO - Setting next_dagrun for example_xcom_args_with_operators to None, run_after=None
[2025-03-07T11:01:07.389+0000] {processor.py:208} INFO - Processing /home/airflow/.local/lib/python3.12/site-packages/airflow/example_dags/example_xcomargs.py took 0.087 seconds
[2025-03-07T11:01:38.565+0000] {processor.py:186} INFO - Started process (PID=1602) to work on /home/airflow/.local/lib/python3.12/site-packages/airflow/example_dags/example_xcomargs.py
[2025-03-07T11:01:38.566+0000] {processor.py:914} INFO - Processing file /home/airflow/.local/lib/python3.12/site-packages/airflow/example_dags/example_xcomargs.py for tasks to queue
[2025-03-07T11:01:38.570+0000] {logging_mixin.py:190} INFO - [2025-03-07T11:01:38.570+0000] {dagbag.py:588} INFO - Filling up the DagBag from /home/airflow/.local/lib/python3.12/site-packages/airflow/example_dags/example_xcomargs.py
[2025-03-07T11:01:38.586+0000] {processor.py:925} INFO - DAG(s) 'example_xcom_args_with_operators', 'example_xcom_args' retrieved from /home/airflow/.local/lib/python3.12/site-packages/airflow/example_dags/example_xcomargs.py
[2025-03-07T11:01:38.626+0000] {logging_mixin.py:190} INFO - [2025-03-07T11:01:38.626+0000] {dag.py:3239} INFO - Sync 2 DAGs
[2025-03-07T11:01:38.655+0000] {logging_mixin.py:190} INFO - [2025-03-07T11:01:38.655+0000] {dag.py:4180} INFO - Setting next_dagrun for example_xcom_args to None, run_after=None
[2025-03-07T11:01:38.663+0000] {logging_mixin.py:190} INFO - [2025-03-07T11:01:38.662+0000] {dag.py:4180} INFO - Setting next_dagrun for example_xcom_args_with_operators to None, run_after=None
[2025-03-07T11:01:38.696+0000] {processor.py:208} INFO - Processing /home/airflow/.local/lib/python3.12/site-packages/airflow/example_dags/example_xcomargs.py took 0.140 seconds
[2025-03-07T11:02:13.893+0000] {processor.py:186} INFO - Started process (PID=1672) to work on /home/airflow/.local/lib/python3.12/site-packages/airflow/example_dags/example_xcomargs.py
[2025-03-07T11:02:13.895+0000] {processor.py:914} INFO - Processing file /home/airflow/.local/lib/python3.12/site-packages/airflow/example_dags/example_xcomargs.py for tasks to queue
[2025-03-07T11:02:13.899+0000] {logging_mixin.py:190} INFO - [2025-03-07T11:02:13.898+0000] {dagbag.py:588} INFO - Filling up the DagBag from /home/airflow/.local/lib/python3.12/site-packages/airflow/example_dags/example_xcomargs.py
[2025-03-07T11:02:13.925+0000] {processor.py:925} INFO - DAG(s) 'example_xcom_args', 'example_xcom_args_with_operators' retrieved from /home/airflow/.local/lib/python3.12/site-packages/airflow/example_dags/example_xcomargs.py
[2025-03-07T11:02:13.971+0000] {logging_mixin.py:190} INFO - [2025-03-07T11:02:13.971+0000] {dag.py:3239} INFO - Sync 2 DAGs
[2025-03-07T11:02:14.003+0000] {logging_mixin.py:190} INFO - [2025-03-07T11:02:14.003+0000] {dag.py:4180} INFO - Setting next_dagrun for example_xcom_args to None, run_after=None
[2025-03-07T11:02:14.013+0000] {logging_mixin.py:190} INFO - [2025-03-07T11:02:14.013+0000] {dag.py:4180} INFO - Setting next_dagrun for example_xcom_args_with_operators to None, run_after=None
[2025-03-07T11:02:14.052+0000] {processor.py:208} INFO - Processing /home/airflow/.local/lib/python3.12/site-packages/airflow/example_dags/example_xcomargs.py took 0.168 seconds
[2025-03-07T11:03:13.730+0000] {processor.py:186} INFO - Started process (PID=1742) to work on /home/airflow/.local/lib/python3.12/site-packages/airflow/example_dags/example_xcomargs.py
[2025-03-07T11:03:13.756+0000] {processor.py:914} INFO - Processing file /home/airflow/.local/lib/python3.12/site-packages/airflow/example_dags/example_xcomargs.py for tasks to queue
[2025-03-07T11:03:13.773+0000] {logging_mixin.py:190} INFO - [2025-03-07T11:03:13.773+0000] {dagbag.py:588} INFO - Filling up the DagBag from /home/airflow/.local/lib/python3.12/site-packages/airflow/example_dags/example_xcomargs.py
[2025-03-07T11:03:13.850+0000] {processor.py:925} INFO - DAG(s) 'example_xcom_args', 'example_xcom_args_with_operators' retrieved from /home/airflow/.local/lib/python3.12/site-packages/airflow/example_dags/example_xcomargs.py
[2025-03-07T11:03:14.000+0000] {logging_mixin.py:190} INFO - [2025-03-07T11:03:14.000+0000] {dag.py:3239} INFO - Sync 2 DAGs
[2025-03-07T11:03:14.089+0000] {logging_mixin.py:190} INFO - [2025-03-07T11:03:14.088+0000] {dag.py:4180} INFO - Setting next_dagrun for example_xcom_args to None, run_after=None
[2025-03-07T11:03:14.110+0000] {logging_mixin.py:190} INFO - [2025-03-07T11:03:14.109+0000] {dag.py:4180} INFO - Setting next_dagrun for example_xcom_args_with_operators to None, run_after=None
[2025-03-07T11:03:15.009+0000] {processor.py:208} INFO - Processing /home/airflow/.local/lib/python3.12/site-packages/airflow/example_dags/example_xcomargs.py took 1.315 seconds
[2025-03-07T11:04:07.541+0000] {processor.py:186} INFO - Started process (PID=1812) to work on /home/airflow/.local/lib/python3.12/site-packages/airflow/example_dags/example_xcomargs.py
[2025-03-07T11:04:07.543+0000] {processor.py:914} INFO - Processing file /home/airflow/.local/lib/python3.12/site-packages/airflow/example_dags/example_xcomargs.py for tasks to queue
[2025-03-07T11:04:07.558+0000] {logging_mixin.py:190} INFO - [2025-03-07T11:04:07.557+0000] {dagbag.py:588} INFO - Filling up the DagBag from /home/airflow/.local/lib/python3.12/site-packages/airflow/example_dags/example_xcomargs.py
[2025-03-07T11:04:07.622+0000] {processor.py:925} INFO - DAG(s) 'example_xcom_args', 'example_xcom_args_with_operators' retrieved from /home/airflow/.local/lib/python3.12/site-packages/airflow/example_dags/example_xcomargs.py
[2025-03-07T11:04:07.765+0000] {logging_mixin.py:190} INFO - [2025-03-07T11:04:07.764+0000] {dag.py:3239} INFO - Sync 2 DAGs
[2025-03-07T11:04:07.905+0000] {logging_mixin.py:190} INFO - [2025-03-07T11:04:07.904+0000] {dag.py:4180} INFO - Setting next_dagrun for example_xcom_args to None, run_after=None
[2025-03-07T11:04:07.982+0000] {logging_mixin.py:190} INFO - [2025-03-07T11:04:07.971+0000] {dag.py:4180} INFO - Setting next_dagrun for example_xcom_args_with_operators to None, run_after=None
[2025-03-07T11:04:08.243+0000] {processor.py:208} INFO - Processing /home/airflow/.local/lib/python3.12/site-packages/airflow/example_dags/example_xcomargs.py took 0.734 seconds
[2025-03-07T11:05:03.172+0000] {processor.py:186} INFO - Started process (PID=1886) to work on /home/airflow/.local/lib/python3.12/site-packages/airflow/example_dags/example_xcomargs.py
[2025-03-07T11:05:03.177+0000] {processor.py:914} INFO - Processing file /home/airflow/.local/lib/python3.12/site-packages/airflow/example_dags/example_xcomargs.py for tasks to queue
[2025-03-07T11:05:03.192+0000] {logging_mixin.py:190} INFO - [2025-03-07T11:05:03.190+0000] {dagbag.py:588} INFO - Filling up the DagBag from /home/airflow/.local/lib/python3.12/site-packages/airflow/example_dags/example_xcomargs.py
[2025-03-07T11:05:03.247+0000] {processor.py:925} INFO - DAG(s) 'example_xcom_args', 'example_xcom_args_with_operators' retrieved from /home/airflow/.local/lib/python3.12/site-packages/airflow/example_dags/example_xcomargs.py
[2025-03-07T11:05:03.395+0000] {logging_mixin.py:190} INFO - [2025-03-07T11:05:03.395+0000] {dag.py:3239} INFO - Sync 2 DAGs
[2025-03-07T11:05:03.509+0000] {logging_mixin.py:190} INFO - [2025-03-07T11:05:03.509+0000] {dag.py:4180} INFO - Setting next_dagrun for example_xcom_args to None, run_after=None
[2025-03-07T11:05:03.539+0000] {logging_mixin.py:190} INFO - [2025-03-07T11:05:03.539+0000] {dag.py:4180} INFO - Setting next_dagrun for example_xcom_args_with_operators to None, run_after=None
[2025-03-07T11:05:03.642+0000] {processor.py:208} INFO - Processing /home/airflow/.local/lib/python3.12/site-packages/airflow/example_dags/example_xcomargs.py took 0.498 seconds
[2025-03-07T11:05:36.595+0000] {processor.py:186} INFO - Started process (PID=1954) to work on /home/airflow/.local/lib/python3.12/site-packages/airflow/example_dags/example_xcomargs.py
[2025-03-07T11:05:36.608+0000] {processor.py:914} INFO - Processing file /home/airflow/.local/lib/python3.12/site-packages/airflow/example_dags/example_xcomargs.py for tasks to queue
[2025-03-07T11:05:36.625+0000] {logging_mixin.py:190} INFO - [2025-03-07T11:05:36.624+0000] {dagbag.py:588} INFO - Filling up the DagBag from /home/airflow/.local/lib/python3.12/site-packages/airflow/example_dags/example_xcomargs.py
[2025-03-07T11:05:36.722+0000] {processor.py:925} INFO - DAG(s) 'example_xcom_args', 'example_xcom_args_with_operators' retrieved from /home/airflow/.local/lib/python3.12/site-packages/airflow/example_dags/example_xcomargs.py
[2025-03-07T11:05:36.883+0000] {logging_mixin.py:190} INFO - [2025-03-07T11:05:36.883+0000] {dag.py:3239} INFO - Sync 2 DAGs
[2025-03-07T11:05:36.996+0000] {logging_mixin.py:190} INFO - [2025-03-07T11:05:36.995+0000] {dag.py:4180} INFO - Setting next_dagrun for example_xcom_args to None, run_after=None
[2025-03-07T11:05:37.029+0000] {logging_mixin.py:190} INFO - [2025-03-07T11:05:37.029+0000] {dag.py:4180} INFO - Setting next_dagrun for example_xcom_args_with_operators to None, run_after=None
[2025-03-07T11:05:37.232+0000] {processor.py:208} INFO - Processing /home/airflow/.local/lib/python3.12/site-packages/airflow/example_dags/example_xcomargs.py took 0.675 seconds
[2025-03-07T11:06:07.788+0000] {processor.py:186} INFO - Started process (PID=2016) to work on /home/airflow/.local/lib/python3.12/site-packages/airflow/example_dags/example_xcomargs.py
[2025-03-07T11:06:07.792+0000] {processor.py:914} INFO - Processing file /home/airflow/.local/lib/python3.12/site-packages/airflow/example_dags/example_xcomargs.py for tasks to queue
[2025-03-07T11:06:07.801+0000] {logging_mixin.py:190} INFO - [2025-03-07T11:06:07.801+0000] {dagbag.py:588} INFO - Filling up the DagBag from /home/airflow/.local/lib/python3.12/site-packages/airflow/example_dags/example_xcomargs.py
[2025-03-07T11:06:07.832+0000] {processor.py:925} INFO - DAG(s) 'example_xcom_args', 'example_xcom_args_with_operators' retrieved from /home/airflow/.local/lib/python3.12/site-packages/airflow/example_dags/example_xcomargs.py
[2025-03-07T11:06:07.915+0000] {logging_mixin.py:190} INFO - [2025-03-07T11:06:07.914+0000] {dag.py:3239} INFO - Sync 2 DAGs
[2025-03-07T11:06:07.971+0000] {logging_mixin.py:190} INFO - [2025-03-07T11:06:07.971+0000] {dag.py:4180} INFO - Setting next_dagrun for example_xcom_args to None, run_after=None
[2025-03-07T11:06:07.982+0000] {logging_mixin.py:190} INFO - [2025-03-07T11:06:07.981+0000] {dag.py:4180} INFO - Setting next_dagrun for example_xcom_args_with_operators to None, run_after=None
[2025-03-07T11:06:08.032+0000] {processor.py:208} INFO - Processing /home/airflow/.local/lib/python3.12/site-packages/airflow/example_dags/example_xcomargs.py took 0.261 seconds
[2025-03-07T11:06:38.159+0000] {processor.py:186} INFO - Started process (PID=2079) to work on /home/airflow/.local/lib/python3.12/site-packages/airflow/example_dags/example_xcomargs.py
[2025-03-07T11:06:38.161+0000] {processor.py:914} INFO - Processing file /home/airflow/.local/lib/python3.12/site-packages/airflow/example_dags/example_xcomargs.py for tasks to queue
[2025-03-07T11:06:38.163+0000] {logging_mixin.py:190} INFO - [2025-03-07T11:06:38.162+0000] {dagbag.py:588} INFO - Filling up the DagBag from /home/airflow/.local/lib/python3.12/site-packages/airflow/example_dags/example_xcomargs.py
[2025-03-07T11:06:38.174+0000] {processor.py:925} INFO - DAG(s) 'example_xcom_args', 'example_xcom_args_with_operators' retrieved from /home/airflow/.local/lib/python3.12/site-packages/airflow/example_dags/example_xcomargs.py
[2025-03-07T11:06:38.200+0000] {logging_mixin.py:190} INFO - [2025-03-07T11:06:38.200+0000] {dag.py:3239} INFO - Sync 2 DAGs
[2025-03-07T11:06:38.218+0000] {logging_mixin.py:190} INFO - [2025-03-07T11:06:38.218+0000] {dag.py:4180} INFO - Setting next_dagrun for example_xcom_args to None, run_after=None
[2025-03-07T11:06:38.224+0000] {logging_mixin.py:190} INFO - [2025-03-07T11:06:38.224+0000] {dag.py:4180} INFO - Setting next_dagrun for example_xcom_args_with_operators to None, run_after=None
[2025-03-07T11:06:38.244+0000] {processor.py:208} INFO - Processing /home/airflow/.local/lib/python3.12/site-packages/airflow/example_dags/example_xcomargs.py took 0.092 seconds
[2025-03-07T11:07:09.122+0000] {processor.py:186} INFO - Started process (PID=2142) to work on /home/airflow/.local/lib/python3.12/site-packages/airflow/example_dags/example_xcomargs.py
[2025-03-07T11:07:09.124+0000] {processor.py:914} INFO - Processing file /home/airflow/.local/lib/python3.12/site-packages/airflow/example_dags/example_xcomargs.py for tasks to queue
[2025-03-07T11:07:09.129+0000] {logging_mixin.py:190} INFO - [2025-03-07T11:07:09.128+0000] {dagbag.py:588} INFO - Filling up the DagBag from /home/airflow/.local/lib/python3.12/site-packages/airflow/example_dags/example_xcomargs.py
[2025-03-07T11:07:09.144+0000] {processor.py:925} INFO - DAG(s) 'example_xcom_args', 'example_xcom_args_with_operators' retrieved from /home/airflow/.local/lib/python3.12/site-packages/airflow/example_dags/example_xcomargs.py
[2025-03-07T11:07:09.181+0000] {logging_mixin.py:190} INFO - [2025-03-07T11:07:09.181+0000] {dag.py:3239} INFO - Sync 2 DAGs
[2025-03-07T11:07:09.209+0000] {logging_mixin.py:190} INFO - [2025-03-07T11:07:09.209+0000] {dag.py:4180} INFO - Setting next_dagrun for example_xcom_args to None, run_after=None
[2025-03-07T11:07:09.216+0000] {logging_mixin.py:190} INFO - [2025-03-07T11:07:09.216+0000] {dag.py:4180} INFO - Setting next_dagrun for example_xcom_args_with_operators to None, run_after=None
[2025-03-07T11:07:09.244+0000] {processor.py:208} INFO - Processing /home/airflow/.local/lib/python3.12/site-packages/airflow/example_dags/example_xcomargs.py took 0.131 seconds
[2025-03-07T11:07:39.418+0000] {processor.py:186} INFO - Started process (PID=2205) to work on /home/airflow/.local/lib/python3.12/site-packages/airflow/example_dags/example_xcomargs.py
[2025-03-07T11:07:39.420+0000] {processor.py:914} INFO - Processing file /home/airflow/.local/lib/python3.12/site-packages/airflow/example_dags/example_xcomargs.py for tasks to queue
[2025-03-07T11:07:39.424+0000] {logging_mixin.py:190} INFO - [2025-03-07T11:07:39.423+0000] {dagbag.py:588} INFO - Filling up the DagBag from /home/airflow/.local/lib/python3.12/site-packages/airflow/example_dags/example_xcomargs.py
[2025-03-07T11:07:39.444+0000] {processor.py:925} INFO - DAG(s) 'example_xcom_args_with_operators', 'example_xcom_args' retrieved from /home/airflow/.local/lib/python3.12/site-packages/airflow/example_dags/example_xcomargs.py
[2025-03-07T11:07:39.490+0000] {logging_mixin.py:190} INFO - [2025-03-07T11:07:39.490+0000] {dag.py:3239} INFO - Sync 2 DAGs
[2025-03-07T11:07:39.523+0000] {logging_mixin.py:190} INFO - [2025-03-07T11:07:39.522+0000] {dag.py:4180} INFO - Setting next_dagrun for example_xcom_args to None, run_after=None
[2025-03-07T11:07:39.533+0000] {logging_mixin.py:190} INFO - [2025-03-07T11:07:39.533+0000] {dag.py:4180} INFO - Setting next_dagrun for example_xcom_args_with_operators to None, run_after=None
[2025-03-07T11:07:39.575+0000] {processor.py:208} INFO - Processing /home/airflow/.local/lib/python3.12/site-packages/airflow/example_dags/example_xcomargs.py took 0.167 seconds
[2025-03-07T11:08:09.830+0000] {processor.py:186} INFO - Started process (PID=2268) to work on /home/airflow/.local/lib/python3.12/site-packages/airflow/example_dags/example_xcomargs.py
[2025-03-07T11:08:09.832+0000] {processor.py:914} INFO - Processing file /home/airflow/.local/lib/python3.12/site-packages/airflow/example_dags/example_xcomargs.py for tasks to queue
[2025-03-07T11:08:09.836+0000] {logging_mixin.py:190} INFO - [2025-03-07T11:08:09.835+0000] {dagbag.py:588} INFO - Filling up the DagBag from /home/airflow/.local/lib/python3.12/site-packages/airflow/example_dags/example_xcomargs.py
[2025-03-07T11:08:09.860+0000] {processor.py:925} INFO - DAG(s) 'example_xcom_args', 'example_xcom_args_with_operators' retrieved from /home/airflow/.local/lib/python3.12/site-packages/airflow/example_dags/example_xcomargs.py
[2025-03-07T11:08:09.919+0000] {logging_mixin.py:190} INFO - [2025-03-07T11:08:09.919+0000] {dag.py:3239} INFO - Sync 2 DAGs
[2025-03-07T11:08:09.967+0000] {logging_mixin.py:190} INFO - [2025-03-07T11:08:09.966+0000] {dag.py:4180} INFO - Setting next_dagrun for example_xcom_args to None, run_after=None
[2025-03-07T11:08:09.982+0000] {logging_mixin.py:190} INFO - [2025-03-07T11:08:09.982+0000] {dag.py:4180} INFO - Setting next_dagrun for example_xcom_args_with_operators to None, run_after=None
[2025-03-07T11:08:10.044+0000] {processor.py:208} INFO - Processing /home/airflow/.local/lib/python3.12/site-packages/airflow/example_dags/example_xcomargs.py took 0.227 seconds
[2025-03-07T11:08:41.707+0000] {processor.py:186} INFO - Started process (PID=2331) to work on /home/airflow/.local/lib/python3.12/site-packages/airflow/example_dags/example_xcomargs.py
[2025-03-07T11:08:41.709+0000] {processor.py:914} INFO - Processing file /home/airflow/.local/lib/python3.12/site-packages/airflow/example_dags/example_xcomargs.py for tasks to queue
[2025-03-07T11:08:41.716+0000] {logging_mixin.py:190} INFO - [2025-03-07T11:08:41.715+0000] {dagbag.py:588} INFO - Filling up the DagBag from /home/airflow/.local/lib/python3.12/site-packages/airflow/example_dags/example_xcomargs.py
[2025-03-07T11:08:41.745+0000] {processor.py:925} INFO - DAG(s) 'example_xcom_args_with_operators', 'example_xcom_args' retrieved from /home/airflow/.local/lib/python3.12/site-packages/airflow/example_dags/example_xcomargs.py
[2025-03-07T11:08:41.805+0000] {logging_mixin.py:190} INFO - [2025-03-07T11:08:41.803+0000] {dag.py:3239} INFO - Sync 2 DAGs
[2025-03-07T11:08:41.848+0000] {logging_mixin.py:190} INFO - [2025-03-07T11:08:41.847+0000] {dag.py:4180} INFO - Setting next_dagrun for example_xcom_args to None, run_after=None
[2025-03-07T11:08:41.857+0000] {logging_mixin.py:190} INFO - [2025-03-07T11:08:41.857+0000] {dag.py:4180} INFO - Setting next_dagrun for example_xcom_args_with_operators to None, run_after=None
[2025-03-07T11:08:41.894+0000] {processor.py:208} INFO - Processing /home/airflow/.local/lib/python3.12/site-packages/airflow/example_dags/example_xcomargs.py took 0.200 seconds
[2025-03-07T11:09:13.652+0000] {processor.py:186} INFO - Started process (PID=2394) to work on /home/airflow/.local/lib/python3.12/site-packages/airflow/example_dags/example_xcomargs.py
[2025-03-07T11:09:13.654+0000] {processor.py:914} INFO - Processing file /home/airflow/.local/lib/python3.12/site-packages/airflow/example_dags/example_xcomargs.py for tasks to queue
[2025-03-07T11:09:13.667+0000] {logging_mixin.py:190} INFO - [2025-03-07T11:09:13.666+0000] {dagbag.py:588} INFO - Filling up the DagBag from /home/airflow/.local/lib/python3.12/site-packages/airflow/example_dags/example_xcomargs.py
[2025-03-07T11:09:13.713+0000] {processor.py:925} INFO - DAG(s) 'example_xcom_args_with_operators', 'example_xcom_args' retrieved from /home/airflow/.local/lib/python3.12/site-packages/airflow/example_dags/example_xcomargs.py
[2025-03-07T11:09:13.807+0000] {logging_mixin.py:190} INFO - [2025-03-07T11:09:13.807+0000] {dag.py:3239} INFO - Sync 2 DAGs
[2025-03-07T11:09:13.867+0000] {logging_mixin.py:190} INFO - [2025-03-07T11:09:13.866+0000] {dag.py:4180} INFO - Setting next_dagrun for example_xcom_args to None, run_after=None
[2025-03-07T11:09:13.877+0000] {logging_mixin.py:190} INFO - [2025-03-07T11:09:13.877+0000] {dag.py:4180} INFO - Setting next_dagrun for example_xcom_args_with_operators to None, run_after=None
[2025-03-07T11:09:13.938+0000] {processor.py:208} INFO - Processing /home/airflow/.local/lib/python3.12/site-packages/airflow/example_dags/example_xcomargs.py took 0.310 seconds
[2025-03-07T11:09:45.292+0000] {processor.py:186} INFO - Started process (PID=2457) to work on /home/airflow/.local/lib/python3.12/site-packages/airflow/example_dags/example_xcomargs.py
[2025-03-07T11:09:45.295+0000] {processor.py:914} INFO - Processing file /home/airflow/.local/lib/python3.12/site-packages/airflow/example_dags/example_xcomargs.py for tasks to queue
[2025-03-07T11:09:45.300+0000] {logging_mixin.py:190} INFO - [2025-03-07T11:09:45.299+0000] {dagbag.py:588} INFO - Filling up the DagBag from /home/airflow/.local/lib/python3.12/site-packages/airflow/example_dags/example_xcomargs.py
[2025-03-07T11:09:45.332+0000] {processor.py:925} INFO - DAG(s) 'example_xcom_args_with_operators', 'example_xcom_args' retrieved from /home/airflow/.local/lib/python3.12/site-packages/airflow/example_dags/example_xcomargs.py
[2025-03-07T11:09:45.405+0000] {logging_mixin.py:190} INFO - [2025-03-07T11:09:45.404+0000] {dag.py:3239} INFO - Sync 2 DAGs
[2025-03-07T11:09:45.459+0000] {logging_mixin.py:190} INFO - [2025-03-07T11:09:45.458+0000] {dag.py:4180} INFO - Setting next_dagrun for example_xcom_args to None, run_after=None
[2025-03-07T11:09:45.474+0000] {logging_mixin.py:190} INFO - [2025-03-07T11:09:45.473+0000] {dag.py:4180} INFO - Setting next_dagrun for example_xcom_args_with_operators to None, run_after=None
[2025-03-07T11:09:45.515+0000] {processor.py:208} INFO - Processing /home/airflow/.local/lib/python3.12/site-packages/airflow/example_dags/example_xcomargs.py took 0.235 seconds
[2025-03-07T11:10:16.450+0000] {processor.py:186} INFO - Started process (PID=2520) to work on /home/airflow/.local/lib/python3.12/site-packages/airflow/example_dags/example_xcomargs.py
[2025-03-07T11:10:16.452+0000] {processor.py:914} INFO - Processing file /home/airflow/.local/lib/python3.12/site-packages/airflow/example_dags/example_xcomargs.py for tasks to queue
[2025-03-07T11:10:16.457+0000] {logging_mixin.py:190} INFO - [2025-03-07T11:10:16.455+0000] {dagbag.py:588} INFO - Filling up the DagBag from /home/airflow/.local/lib/python3.12/site-packages/airflow/example_dags/example_xcomargs.py
[2025-03-07T11:10:16.475+0000] {processor.py:925} INFO - DAG(s) 'example_xcom_args', 'example_xcom_args_with_operators' retrieved from /home/airflow/.local/lib/python3.12/site-packages/airflow/example_dags/example_xcomargs.py
[2025-03-07T11:10:16.521+0000] {logging_mixin.py:190} INFO - [2025-03-07T11:10:16.520+0000] {dag.py:3239} INFO - Sync 2 DAGs
[2025-03-07T11:10:16.567+0000] {logging_mixin.py:190} INFO - [2025-03-07T11:10:16.566+0000] {dag.py:4180} INFO - Setting next_dagrun for example_xcom_args to None, run_after=None
[2025-03-07T11:10:16.576+0000] {logging_mixin.py:190} INFO - [2025-03-07T11:10:16.576+0000] {dag.py:4180} INFO - Setting next_dagrun for example_xcom_args_with_operators to None, run_after=None
[2025-03-07T11:10:16.607+0000] {processor.py:208} INFO - Processing /home/airflow/.local/lib/python3.12/site-packages/airflow/example_dags/example_xcomargs.py took 0.171 seconds
[2025-03-07T11:10:47.277+0000] {processor.py:186} INFO - Started process (PID=2583) to work on /home/airflow/.local/lib/python3.12/site-packages/airflow/example_dags/example_xcomargs.py
[2025-03-07T11:10:47.278+0000] {processor.py:914} INFO - Processing file /home/airflow/.local/lib/python3.12/site-packages/airflow/example_dags/example_xcomargs.py for tasks to queue
[2025-03-07T11:10:47.282+0000] {logging_mixin.py:190} INFO - [2025-03-07T11:10:47.281+0000] {dagbag.py:588} INFO - Filling up the DagBag from /home/airflow/.local/lib/python3.12/site-packages/airflow/example_dags/example_xcomargs.py
[2025-03-07T11:10:47.297+0000] {processor.py:925} INFO - DAG(s) 'example_xcom_args_with_operators', 'example_xcom_args' retrieved from /home/airflow/.local/lib/python3.12/site-packages/airflow/example_dags/example_xcomargs.py
[2025-03-07T11:10:47.330+0000] {logging_mixin.py:190} INFO - [2025-03-07T11:10:47.330+0000] {dag.py:3239} INFO - Sync 2 DAGs
[2025-03-07T11:10:47.357+0000] {logging_mixin.py:190} INFO - [2025-03-07T11:10:47.357+0000] {dag.py:4180} INFO - Setting next_dagrun for example_xcom_args to None, run_after=None
[2025-03-07T11:10:47.364+0000] {logging_mixin.py:190} INFO - [2025-03-07T11:10:47.364+0000] {dag.py:4180} INFO - Setting next_dagrun for example_xcom_args_with_operators to None, run_after=None
[2025-03-07T11:10:47.394+0000] {processor.py:208} INFO - Processing /home/airflow/.local/lib/python3.12/site-packages/airflow/example_dags/example_xcomargs.py took 0.126 seconds
[2025-03-07T11:11:18.387+0000] {processor.py:186} INFO - Started process (PID=2645) to work on /home/airflow/.local/lib/python3.12/site-packages/airflow/example_dags/example_xcomargs.py
[2025-03-07T11:11:18.389+0000] {processor.py:914} INFO - Processing file /home/airflow/.local/lib/python3.12/site-packages/airflow/example_dags/example_xcomargs.py for tasks to queue
[2025-03-07T11:11:18.394+0000] {logging_mixin.py:190} INFO - [2025-03-07T11:11:18.393+0000] {dagbag.py:588} INFO - Filling up the DagBag from /home/airflow/.local/lib/python3.12/site-packages/airflow/example_dags/example_xcomargs.py
[2025-03-07T11:11:18.420+0000] {processor.py:925} INFO - DAG(s) 'example_xcom_args', 'example_xcom_args_with_operators' retrieved from /home/airflow/.local/lib/python3.12/site-packages/airflow/example_dags/example_xcomargs.py
[2025-03-07T11:11:18.513+0000] {logging_mixin.py:190} INFO - [2025-03-07T11:11:18.512+0000] {dag.py:3239} INFO - Sync 2 DAGs
[2025-03-07T11:11:18.574+0000] {logging_mixin.py:190} INFO - [2025-03-07T11:11:18.574+0000] {dag.py:4180} INFO - Setting next_dagrun for example_xcom_args to None, run_after=None
[2025-03-07T11:11:18.585+0000] {logging_mixin.py:190} INFO - [2025-03-07T11:11:18.585+0000] {dag.py:4180} INFO - Setting next_dagrun for example_xcom_args_with_operators to None, run_after=None
[2025-03-07T11:11:18.635+0000] {processor.py:208} INFO - Processing /home/airflow/.local/lib/python3.12/site-packages/airflow/example_dags/example_xcomargs.py took 0.263 seconds
[2025-03-07T11:11:49.515+0000] {processor.py:186} INFO - Started process (PID=2708) to work on /home/airflow/.local/lib/python3.12/site-packages/airflow/example_dags/example_xcomargs.py
[2025-03-07T11:11:49.517+0000] {processor.py:914} INFO - Processing file /home/airflow/.local/lib/python3.12/site-packages/airflow/example_dags/example_xcomargs.py for tasks to queue
[2025-03-07T11:11:49.531+0000] {logging_mixin.py:190} INFO - [2025-03-07T11:11:49.530+0000] {dagbag.py:588} INFO - Filling up the DagBag from /home/airflow/.local/lib/python3.12/site-packages/airflow/example_dags/example_xcomargs.py
[2025-03-07T11:11:49.578+0000] {processor.py:925} INFO - DAG(s) 'example_xcom_args', 'example_xcom_args_with_operators' retrieved from /home/airflow/.local/lib/python3.12/site-packages/airflow/example_dags/example_xcomargs.py
[2025-03-07T11:11:49.704+0000] {logging_mixin.py:190} INFO - [2025-03-07T11:11:49.703+0000] {dag.py:3239} INFO - Sync 2 DAGs
[2025-03-07T11:11:49.814+0000] {logging_mixin.py:190} INFO - [2025-03-07T11:11:49.813+0000] {dag.py:4180} INFO - Setting next_dagrun for example_xcom_args to None, run_after=None
[2025-03-07T11:11:49.833+0000] {logging_mixin.py:190} INFO - [2025-03-07T11:11:49.833+0000] {dag.py:4180} INFO - Setting next_dagrun for example_xcom_args_with_operators to None, run_after=None
[2025-03-07T11:11:49.897+0000] {processor.py:208} INFO - Processing /home/airflow/.local/lib/python3.12/site-packages/airflow/example_dags/example_xcomargs.py took 0.417 seconds
[2025-03-07T11:12:20.522+0000] {processor.py:186} INFO - Started process (PID=2770) to work on /home/airflow/.local/lib/python3.12/site-packages/airflow/example_dags/example_xcomargs.py
[2025-03-07T11:12:20.523+0000] {processor.py:914} INFO - Processing file /home/airflow/.local/lib/python3.12/site-packages/airflow/example_dags/example_xcomargs.py for tasks to queue
[2025-03-07T11:12:20.527+0000] {logging_mixin.py:190} INFO - [2025-03-07T11:12:20.526+0000] {dagbag.py:588} INFO - Filling up the DagBag from /home/airflow/.local/lib/python3.12/site-packages/airflow/example_dags/example_xcomargs.py
[2025-03-07T11:12:20.542+0000] {processor.py:925} INFO - DAG(s) 'example_xcom_args', 'example_xcom_args_with_operators' retrieved from /home/airflow/.local/lib/python3.12/site-packages/airflow/example_dags/example_xcomargs.py
[2025-03-07T11:12:20.571+0000] {logging_mixin.py:190} INFO - [2025-03-07T11:12:20.570+0000] {dag.py:3239} INFO - Sync 2 DAGs
[2025-03-07T11:12:20.591+0000] {logging_mixin.py:190} INFO - [2025-03-07T11:12:20.591+0000] {dag.py:4180} INFO - Setting next_dagrun for example_xcom_args to None, run_after=None
[2025-03-07T11:12:20.596+0000] {logging_mixin.py:190} INFO - [2025-03-07T11:12:20.595+0000] {dag.py:4180} INFO - Setting next_dagrun for example_xcom_args_with_operators to None, run_after=None
[2025-03-07T11:12:20.621+0000] {processor.py:208} INFO - Processing /home/airflow/.local/lib/python3.12/site-packages/airflow/example_dags/example_xcomargs.py took 0.106 seconds
[2025-03-07T11:12:50.744+0000] {processor.py:186} INFO - Started process (PID=2833) to work on /home/airflow/.local/lib/python3.12/site-packages/airflow/example_dags/example_xcomargs.py
[2025-03-07T11:12:50.746+0000] {processor.py:914} INFO - Processing file /home/airflow/.local/lib/python3.12/site-packages/airflow/example_dags/example_xcomargs.py for tasks to queue
[2025-03-07T11:12:50.754+0000] {logging_mixin.py:190} INFO - [2025-03-07T11:12:50.753+0000] {dagbag.py:588} INFO - Filling up the DagBag from /home/airflow/.local/lib/python3.12/site-packages/airflow/example_dags/example_xcomargs.py
[2025-03-07T11:12:50.793+0000] {processor.py:925} INFO - DAG(s) 'example_xcom_args', 'example_xcom_args_with_operators' retrieved from /home/airflow/.local/lib/python3.12/site-packages/airflow/example_dags/example_xcomargs.py
[2025-03-07T11:12:50.871+0000] {logging_mixin.py:190} INFO - [2025-03-07T11:12:50.870+0000] {dag.py:3239} INFO - Sync 2 DAGs
[2025-03-07T11:12:50.938+0000] {logging_mixin.py:190} INFO - [2025-03-07T11:12:50.937+0000] {dag.py:4180} INFO - Setting next_dagrun for example_xcom_args to None, run_after=None
[2025-03-07T11:12:50.957+0000] {logging_mixin.py:190} INFO - [2025-03-07T11:12:50.957+0000] {dag.py:4180} INFO - Setting next_dagrun for example_xcom_args_with_operators to None, run_after=None
[2025-03-07T11:12:51.019+0000] {processor.py:208} INFO - Processing /home/airflow/.local/lib/python3.12/site-packages/airflow/example_dags/example_xcomargs.py took 0.290 seconds
[2025-03-07T11:13:23.475+0000] {processor.py:186} INFO - Started process (PID=2896) to work on /home/airflow/.local/lib/python3.12/site-packages/airflow/example_dags/example_xcomargs.py
[2025-03-07T11:13:23.481+0000] {processor.py:914} INFO - Processing file /home/airflow/.local/lib/python3.12/site-packages/airflow/example_dags/example_xcomargs.py for tasks to queue
[2025-03-07T11:13:23.494+0000] {logging_mixin.py:190} INFO - [2025-03-07T11:13:23.493+0000] {dagbag.py:588} INFO - Filling up the DagBag from /home/airflow/.local/lib/python3.12/site-packages/airflow/example_dags/example_xcomargs.py
[2025-03-07T11:13:23.567+0000] {processor.py:925} INFO - DAG(s) 'example_xcom_args_with_operators', 'example_xcom_args' retrieved from /home/airflow/.local/lib/python3.12/site-packages/airflow/example_dags/example_xcomargs.py
[2025-03-07T11:13:23.707+0000] {logging_mixin.py:190} INFO - [2025-03-07T11:13:23.707+0000] {dag.py:3239} INFO - Sync 2 DAGs
[2025-03-07T11:13:23.801+0000] {logging_mixin.py:190} INFO - [2025-03-07T11:13:23.800+0000] {dag.py:4180} INFO - Setting next_dagrun for example_xcom_args to None, run_after=None
[2025-03-07T11:13:23.813+0000] {logging_mixin.py:190} INFO - [2025-03-07T11:13:23.812+0000] {dag.py:4180} INFO - Setting next_dagrun for example_xcom_args_with_operators to None, run_after=None
[2025-03-07T11:13:23.869+0000] {processor.py:208} INFO - Processing /home/airflow/.local/lib/python3.12/site-packages/airflow/example_dags/example_xcomargs.py took 0.426 seconds
