[2025-03-07T10:49:29.764+0000] {processor.py:186} INFO - Started process (PID=107) to work on /home/airflow/.local/lib/python3.12/site-packages/airflow/example_dags/example_dataset_alias.py
[2025-03-07T10:49:29.765+0000] {processor.py:914} INFO - Processing file /home/airflow/.local/lib/python3.12/site-packages/airflow/example_dags/example_dataset_alias.py for tasks to queue
[2025-03-07T10:49:29.770+0000] {logging_mixin.py:190} INFO - [2025-03-07T10:49:29.769+0000] {dagbag.py:588} INFO - Filling up the DagBag from /home/airflow/.local/lib/python3.12/site-packages/airflow/example_dags/example_dataset_alias.py
[2025-03-07T10:49:30.530+0000] {processor.py:925} INFO - DAG(s) 'dataset_alias_example_alias_consumer', 'dataset_s3_bucket_consumer', 'dataset_alias_example_alias_producer', 'dataset_s3_bucket_producer' retrieved from /home/airflow/.local/lib/python3.12/site-packages/airflow/example_dags/example_dataset_alias.py
[2025-03-07T10:49:30.639+0000] {logging_mixin.py:190} INFO - [2025-03-07T10:49:30.638+0000] {override.py:1912} INFO - Created Permission View: can delete on DAG:dataset_alias_example_alias_consumer
[2025-03-07T10:49:30.652+0000] {logging_mixin.py:190} INFO - [2025-03-07T10:49:30.652+0000] {override.py:1912} INFO - Created Permission View: can read on DAG:dataset_alias_example_alias_consumer
[2025-03-07T10:49:30.662+0000] {logging_mixin.py:190} INFO - [2025-03-07T10:49:30.661+0000] {override.py:1912} INFO - Created Permission View: can edit on DAG:dataset_alias_example_alias_consumer
[2025-03-07T10:49:30.671+0000] {logging_mixin.py:190} INFO - [2025-03-07T10:49:30.671+0000] {override.py:1912} INFO - Created Permission View: can delete on DAG Run:dataset_alias_example_alias_consumer
[2025-03-07T10:49:30.680+0000] {logging_mixin.py:190} INFO - [2025-03-07T10:49:30.679+0000] {override.py:1912} INFO - Created Permission View: can create on DAG Run:dataset_alias_example_alias_consumer
[2025-03-07T10:49:30.691+0000] {logging_mixin.py:190} INFO - [2025-03-07T10:49:30.690+0000] {override.py:1912} INFO - Created Permission View: menu access on DAG Run:dataset_alias_example_alias_consumer
[2025-03-07T10:49:30.704+0000] {logging_mixin.py:190} INFO - [2025-03-07T10:49:30.704+0000] {override.py:1912} INFO - Created Permission View: can read on DAG Run:dataset_alias_example_alias_consumer
[2025-03-07T10:49:30.739+0000] {logging_mixin.py:190} INFO - [2025-03-07T10:49:30.738+0000] {override.py:1912} INFO - Created Permission View: can delete on DAG:dataset_s3_bucket_consumer
[2025-03-07T10:49:30.767+0000] {logging_mixin.py:190} INFO - [2025-03-07T10:49:30.765+0000] {override.py:1912} INFO - Created Permission View: can read on DAG:dataset_s3_bucket_consumer
[2025-03-07T10:49:30.786+0000] {logging_mixin.py:190} INFO - [2025-03-07T10:49:30.786+0000] {override.py:1912} INFO - Created Permission View: can edit on DAG:dataset_s3_bucket_consumer
[2025-03-07T10:49:30.820+0000] {logging_mixin.py:190} INFO - [2025-03-07T10:49:30.819+0000] {override.py:1912} INFO - Created Permission View: can delete on DAG Run:dataset_s3_bucket_consumer
[2025-03-07T10:49:30.831+0000] {logging_mixin.py:190} INFO - [2025-03-07T10:49:30.831+0000] {override.py:1912} INFO - Created Permission View: can create on DAG Run:dataset_s3_bucket_consumer
[2025-03-07T10:49:30.844+0000] {logging_mixin.py:190} INFO - [2025-03-07T10:49:30.843+0000] {override.py:1912} INFO - Created Permission View: menu access on DAG Run:dataset_s3_bucket_consumer
[2025-03-07T10:49:30.853+0000] {logging_mixin.py:190} INFO - [2025-03-07T10:49:30.853+0000] {override.py:1912} INFO - Created Permission View: can read on DAG Run:dataset_s3_bucket_consumer
[2025-03-07T10:49:30.917+0000] {logging_mixin.py:190} INFO - [2025-03-07T10:49:30.917+0000] {override.py:1912} INFO - Created Permission View: can delete on DAG:dataset_alias_example_alias_producer
[2025-03-07T10:49:30.948+0000] {logging_mixin.py:190} INFO - [2025-03-07T10:49:30.947+0000] {override.py:1912} INFO - Created Permission View: can read on DAG:dataset_alias_example_alias_producer
[2025-03-07T10:49:30.970+0000] {logging_mixin.py:190} INFO - [2025-03-07T10:49:30.968+0000] {override.py:1912} INFO - Created Permission View: can edit on DAG:dataset_alias_example_alias_producer
[2025-03-07T10:49:31.000+0000] {logging_mixin.py:190} INFO - [2025-03-07T10:49:31.000+0000] {override.py:1912} INFO - Created Permission View: can delete on DAG Run:dataset_alias_example_alias_producer
[2025-03-07T10:49:31.024+0000] {logging_mixin.py:190} INFO - [2025-03-07T10:49:31.024+0000] {override.py:1912} INFO - Created Permission View: can create on DAG Run:dataset_alias_example_alias_producer
[2025-03-07T10:49:31.043+0000] {logging_mixin.py:190} INFO - [2025-03-07T10:49:31.042+0000] {override.py:1912} INFO - Created Permission View: menu access on DAG Run:dataset_alias_example_alias_producer
[2025-03-07T10:49:31.057+0000] {logging_mixin.py:190} INFO - [2025-03-07T10:49:31.056+0000] {override.py:1912} INFO - Created Permission View: can read on DAG Run:dataset_alias_example_alias_producer
[2025-03-07T10:49:31.083+0000] {logging_mixin.py:190} INFO - [2025-03-07T10:49:31.083+0000] {override.py:1912} INFO - Created Permission View: can delete on DAG:dataset_s3_bucket_producer
[2025-03-07T10:49:31.097+0000] {logging_mixin.py:190} INFO - [2025-03-07T10:49:31.096+0000] {override.py:1912} INFO - Created Permission View: can read on DAG:dataset_s3_bucket_producer
[2025-03-07T10:49:31.107+0000] {logging_mixin.py:190} INFO - [2025-03-07T10:49:31.106+0000] {override.py:1912} INFO - Created Permission View: can edit on DAG:dataset_s3_bucket_producer
[2025-03-07T10:49:31.120+0000] {logging_mixin.py:190} INFO - [2025-03-07T10:49:31.119+0000] {override.py:1912} INFO - Created Permission View: can delete on DAG Run:dataset_s3_bucket_producer
[2025-03-07T10:49:31.130+0000] {logging_mixin.py:190} INFO - [2025-03-07T10:49:31.129+0000] {override.py:1912} INFO - Created Permission View: can create on DAG Run:dataset_s3_bucket_producer
[2025-03-07T10:49:31.150+0000] {logging_mixin.py:190} INFO - [2025-03-07T10:49:31.148+0000] {override.py:1912} INFO - Created Permission View: menu access on DAG Run:dataset_s3_bucket_producer
[2025-03-07T10:49:31.162+0000] {logging_mixin.py:190} INFO - [2025-03-07T10:49:31.161+0000] {override.py:1912} INFO - Created Permission View: can read on DAG Run:dataset_s3_bucket_producer
[2025-03-07T10:49:31.164+0000] {logging_mixin.py:190} INFO - [2025-03-07T10:49:31.163+0000] {dag.py:3239} INFO - Sync 4 DAGs
[2025-03-07T10:49:31.199+0000] {logging_mixin.py:190} INFO - [2025-03-07T10:49:31.198+0000] {dag.py:3262} INFO - Creating ORM DAG for dataset_s3_bucket_consumer
[2025-03-07T10:49:31.205+0000] {logging_mixin.py:190} INFO - [2025-03-07T10:49:31.201+0000] {dag.py:3262} INFO - Creating ORM DAG for dataset_s3_bucket_producer
[2025-03-07T10:49:31.211+0000] {logging_mixin.py:190} INFO - [2025-03-07T10:49:31.210+0000] {dag.py:3262} INFO - Creating ORM DAG for dataset_alias_example_alias_consumer
[2025-03-07T10:49:31.213+0000] {logging_mixin.py:190} INFO - [2025-03-07T10:49:31.212+0000] {dag.py:3262} INFO - Creating ORM DAG for dataset_alias_example_alias_producer
[2025-03-07T10:49:31.236+0000] {logging_mixin.py:190} INFO - [2025-03-07T10:49:31.236+0000] {dag.py:4180} INFO - Setting next_dagrun for dataset_alias_example_alias_consumer to None, run_after=None
[2025-03-07T10:49:31.238+0000] {logging_mixin.py:190} INFO - [2025-03-07T10:49:31.238+0000] {dag.py:4180} INFO - Setting next_dagrun for dataset_alias_example_alias_producer to None, run_after=None
[2025-03-07T10:49:31.242+0000] {logging_mixin.py:190} INFO - [2025-03-07T10:49:31.240+0000] {dag.py:4180} INFO - Setting next_dagrun for dataset_s3_bucket_consumer to None, run_after=None
[2025-03-07T10:49:31.245+0000] {logging_mixin.py:190} INFO - [2025-03-07T10:49:31.244+0000] {dag.py:4180} INFO - Setting next_dagrun for dataset_s3_bucket_producer to None, run_after=None
[2025-03-07T10:49:31.299+0000] {processor.py:208} INFO - Processing /home/airflow/.local/lib/python3.12/site-packages/airflow/example_dags/example_dataset_alias.py took 1.546 seconds
[2025-03-07T10:50:01.853+0000] {processor.py:186} INFO - Started process (PID=172) to work on /home/airflow/.local/lib/python3.12/site-packages/airflow/example_dags/example_dataset_alias.py
[2025-03-07T10:50:01.855+0000] {processor.py:914} INFO - Processing file /home/airflow/.local/lib/python3.12/site-packages/airflow/example_dags/example_dataset_alias.py for tasks to queue
[2025-03-07T10:50:01.858+0000] {logging_mixin.py:190} INFO - [2025-03-07T10:50:01.858+0000] {dagbag.py:588} INFO - Filling up the DagBag from /home/airflow/.local/lib/python3.12/site-packages/airflow/example_dags/example_dataset_alias.py
[2025-03-07T10:50:02.762+0000] {processor.py:925} INFO - DAG(s) 'dataset_alias_example_alias_consumer', 'dataset_alias_example_alias_producer', 'dataset_s3_bucket_consumer', 'dataset_s3_bucket_producer' retrieved from /home/airflow/.local/lib/python3.12/site-packages/airflow/example_dags/example_dataset_alias.py
[2025-03-07T10:50:02.793+0000] {logging_mixin.py:190} INFO - [2025-03-07T10:50:02.792+0000] {dag.py:3239} INFO - Sync 4 DAGs
[2025-03-07T10:50:02.829+0000] {logging_mixin.py:190} INFO - [2025-03-07T10:50:02.829+0000] {dag.py:4180} INFO - Setting next_dagrun for dataset_alias_example_alias_consumer to None, run_after=None
[2025-03-07T10:50:02.833+0000] {logging_mixin.py:190} INFO - [2025-03-07T10:50:02.832+0000] {dag.py:4180} INFO - Setting next_dagrun for dataset_alias_example_alias_producer to None, run_after=None
[2025-03-07T10:50:02.835+0000] {logging_mixin.py:190} INFO - [2025-03-07T10:50:02.835+0000] {dag.py:4180} INFO - Setting next_dagrun for dataset_s3_bucket_consumer to None, run_after=None
[2025-03-07T10:50:02.837+0000] {logging_mixin.py:190} INFO - [2025-03-07T10:50:02.837+0000] {dag.py:4180} INFO - Setting next_dagrun for dataset_s3_bucket_producer to None, run_after=None
[2025-03-07T10:50:02.867+0000] {processor.py:208} INFO - Processing /home/airflow/.local/lib/python3.12/site-packages/airflow/example_dags/example_dataset_alias.py took 1.024 seconds
[2025-03-07T10:50:33.131+0000] {processor.py:186} INFO - Started process (PID=241) to work on /home/airflow/.local/lib/python3.12/site-packages/airflow/example_dags/example_dataset_alias.py
[2025-03-07T10:50:33.137+0000] {processor.py:914} INFO - Processing file /home/airflow/.local/lib/python3.12/site-packages/airflow/example_dags/example_dataset_alias.py for tasks to queue
[2025-03-07T10:50:33.143+0000] {logging_mixin.py:190} INFO - [2025-03-07T10:50:33.142+0000] {dagbag.py:588} INFO - Filling up the DagBag from /home/airflow/.local/lib/python3.12/site-packages/airflow/example_dags/example_dataset_alias.py
[2025-03-07T10:50:33.989+0000] {processor.py:925} INFO - DAG(s) 'dataset_s3_bucket_producer', 'dataset_alias_example_alias_producer', 'dataset_s3_bucket_consumer', 'dataset_alias_example_alias_consumer' retrieved from /home/airflow/.local/lib/python3.12/site-packages/airflow/example_dags/example_dataset_alias.py
[2025-03-07T10:50:34.035+0000] {logging_mixin.py:190} INFO - [2025-03-07T10:50:34.034+0000] {dag.py:3239} INFO - Sync 4 DAGs
[2025-03-07T10:50:34.067+0000] {logging_mixin.py:190} INFO - [2025-03-07T10:50:34.066+0000] {dag.py:4180} INFO - Setting next_dagrun for dataset_alias_example_alias_consumer to None, run_after=None
[2025-03-07T10:50:34.071+0000] {logging_mixin.py:190} INFO - [2025-03-07T10:50:34.071+0000] {dag.py:4180} INFO - Setting next_dagrun for dataset_alias_example_alias_producer to None, run_after=None
[2025-03-07T10:50:34.073+0000] {logging_mixin.py:190} INFO - [2025-03-07T10:50:34.073+0000] {dag.py:4180} INFO - Setting next_dagrun for dataset_s3_bucket_consumer to None, run_after=None
[2025-03-07T10:50:34.075+0000] {logging_mixin.py:190} INFO - [2025-03-07T10:50:34.075+0000] {dag.py:4180} INFO - Setting next_dagrun for dataset_s3_bucket_producer to None, run_after=None
[2025-03-07T10:50:34.103+0000] {processor.py:208} INFO - Processing /home/airflow/.local/lib/python3.12/site-packages/airflow/example_dags/example_dataset_alias.py took 0.994 seconds
[2025-03-07T10:51:04.709+0000] {processor.py:186} INFO - Started process (PID=306) to work on /home/airflow/.local/lib/python3.12/site-packages/airflow/example_dags/example_dataset_alias.py
[2025-03-07T10:51:04.710+0000] {processor.py:914} INFO - Processing file /home/airflow/.local/lib/python3.12/site-packages/airflow/example_dags/example_dataset_alias.py for tasks to queue
[2025-03-07T10:51:04.712+0000] {logging_mixin.py:190} INFO - [2025-03-07T10:51:04.712+0000] {dagbag.py:588} INFO - Filling up the DagBag from /home/airflow/.local/lib/python3.12/site-packages/airflow/example_dags/example_dataset_alias.py
[2025-03-07T10:51:05.391+0000] {processor.py:925} INFO - DAG(s) 'dataset_s3_bucket_consumer', 'dataset_alias_example_alias_producer', 'dataset_alias_example_alias_consumer', 'dataset_s3_bucket_producer' retrieved from /home/airflow/.local/lib/python3.12/site-packages/airflow/example_dags/example_dataset_alias.py
[2025-03-07T10:51:05.414+0000] {logging_mixin.py:190} INFO - [2025-03-07T10:51:05.413+0000] {dag.py:3239} INFO - Sync 4 DAGs
[2025-03-07T10:51:05.438+0000] {logging_mixin.py:190} INFO - [2025-03-07T10:51:05.437+0000] {dag.py:4180} INFO - Setting next_dagrun for dataset_alias_example_alias_consumer to None, run_after=None
[2025-03-07T10:51:05.441+0000] {logging_mixin.py:190} INFO - [2025-03-07T10:51:05.441+0000] {dag.py:4180} INFO - Setting next_dagrun for dataset_alias_example_alias_producer to None, run_after=None
[2025-03-07T10:51:05.443+0000] {logging_mixin.py:190} INFO - [2025-03-07T10:51:05.443+0000] {dag.py:4180} INFO - Setting next_dagrun for dataset_s3_bucket_consumer to None, run_after=None
[2025-03-07T10:51:05.445+0000] {logging_mixin.py:190} INFO - [2025-03-07T10:51:05.445+0000] {dag.py:4180} INFO - Setting next_dagrun for dataset_s3_bucket_producer to None, run_after=None
[2025-03-07T10:51:05.469+0000] {processor.py:208} INFO - Processing /home/airflow/.local/lib/python3.12/site-packages/airflow/example_dags/example_dataset_alias.py took 0.765 seconds
[2025-03-07T10:51:36.053+0000] {processor.py:186} INFO - Started process (PID=370) to work on /home/airflow/.local/lib/python3.12/site-packages/airflow/example_dags/example_dataset_alias.py
[2025-03-07T10:51:36.054+0000] {processor.py:914} INFO - Processing file /home/airflow/.local/lib/python3.12/site-packages/airflow/example_dags/example_dataset_alias.py for tasks to queue
[2025-03-07T10:51:36.057+0000] {logging_mixin.py:190} INFO - [2025-03-07T10:51:36.056+0000] {dagbag.py:588} INFO - Filling up the DagBag from /home/airflow/.local/lib/python3.12/site-packages/airflow/example_dags/example_dataset_alias.py
[2025-03-07T10:51:36.748+0000] {processor.py:925} INFO - DAG(s) 'dataset_s3_bucket_producer', 'dataset_alias_example_alias_producer', 'dataset_s3_bucket_consumer', 'dataset_alias_example_alias_consumer' retrieved from /home/airflow/.local/lib/python3.12/site-packages/airflow/example_dags/example_dataset_alias.py
[2025-03-07T10:51:36.775+0000] {logging_mixin.py:190} INFO - [2025-03-07T10:51:36.775+0000] {dag.py:3239} INFO - Sync 4 DAGs
[2025-03-07T10:51:36.808+0000] {logging_mixin.py:190} INFO - [2025-03-07T10:51:36.808+0000] {dag.py:4180} INFO - Setting next_dagrun for dataset_alias_example_alias_consumer to None, run_after=None
[2025-03-07T10:51:36.813+0000] {logging_mixin.py:190} INFO - [2025-03-07T10:51:36.812+0000] {dag.py:4180} INFO - Setting next_dagrun for dataset_alias_example_alias_producer to None, run_after=None
[2025-03-07T10:51:36.815+0000] {logging_mixin.py:190} INFO - [2025-03-07T10:51:36.815+0000] {dag.py:4180} INFO - Setting next_dagrun for dataset_s3_bucket_consumer to None, run_after=None
[2025-03-07T10:51:36.818+0000] {logging_mixin.py:190} INFO - [2025-03-07T10:51:36.817+0000] {dag.py:4180} INFO - Setting next_dagrun for dataset_s3_bucket_producer to None, run_after=None
[2025-03-07T10:51:36.848+0000] {processor.py:208} INFO - Processing /home/airflow/.local/lib/python3.12/site-packages/airflow/example_dags/example_dataset_alias.py took 0.803 seconds
[2025-03-07T10:52:07.082+0000] {processor.py:186} INFO - Started process (PID=433) to work on /home/airflow/.local/lib/python3.12/site-packages/airflow/example_dags/example_dataset_alias.py
[2025-03-07T10:52:07.083+0000] {processor.py:914} INFO - Processing file /home/airflow/.local/lib/python3.12/site-packages/airflow/example_dags/example_dataset_alias.py for tasks to queue
[2025-03-07T10:52:07.085+0000] {logging_mixin.py:190} INFO - [2025-03-07T10:52:07.085+0000] {dagbag.py:588} INFO - Filling up the DagBag from /home/airflow/.local/lib/python3.12/site-packages/airflow/example_dags/example_dataset_alias.py
[2025-03-07T10:52:08.078+0000] {processor.py:925} INFO - DAG(s) 'dataset_s3_bucket_producer', 'dataset_alias_example_alias_producer', 'dataset_s3_bucket_consumer', 'dataset_alias_example_alias_consumer' retrieved from /home/airflow/.local/lib/python3.12/site-packages/airflow/example_dags/example_dataset_alias.py
[2025-03-07T10:52:08.121+0000] {logging_mixin.py:190} INFO - [2025-03-07T10:52:08.120+0000] {dag.py:3239} INFO - Sync 4 DAGs
[2025-03-07T10:52:08.171+0000] {logging_mixin.py:190} INFO - [2025-03-07T10:52:08.170+0000] {dag.py:4180} INFO - Setting next_dagrun for dataset_alias_example_alias_consumer to None, run_after=None
[2025-03-07T10:52:08.178+0000] {logging_mixin.py:190} INFO - [2025-03-07T10:52:08.177+0000] {dag.py:4180} INFO - Setting next_dagrun for dataset_alias_example_alias_producer to None, run_after=None
[2025-03-07T10:52:08.182+0000] {logging_mixin.py:190} INFO - [2025-03-07T10:52:08.181+0000] {dag.py:4180} INFO - Setting next_dagrun for dataset_s3_bucket_consumer to None, run_after=None
[2025-03-07T10:52:08.185+0000] {logging_mixin.py:190} INFO - [2025-03-07T10:52:08.185+0000] {dag.py:4180} INFO - Setting next_dagrun for dataset_s3_bucket_producer to None, run_after=None
[2025-03-07T10:52:08.231+0000] {processor.py:208} INFO - Processing /home/airflow/.local/lib/python3.12/site-packages/airflow/example_dags/example_dataset_alias.py took 1.155 seconds
[2025-03-07T10:52:39.112+0000] {processor.py:186} INFO - Started process (PID=499) to work on /home/airflow/.local/lib/python3.12/site-packages/airflow/example_dags/example_dataset_alias.py
[2025-03-07T10:52:39.113+0000] {processor.py:914} INFO - Processing file /home/airflow/.local/lib/python3.12/site-packages/airflow/example_dags/example_dataset_alias.py for tasks to queue
[2025-03-07T10:52:39.114+0000] {logging_mixin.py:190} INFO - [2025-03-07T10:52:39.114+0000] {dagbag.py:588} INFO - Filling up the DagBag from /home/airflow/.local/lib/python3.12/site-packages/airflow/example_dags/example_dataset_alias.py
[2025-03-07T10:52:39.718+0000] {processor.py:925} INFO - DAG(s) 'dataset_alias_example_alias_producer', 'dataset_alias_example_alias_consumer', 'dataset_s3_bucket_consumer', 'dataset_s3_bucket_producer' retrieved from /home/airflow/.local/lib/python3.12/site-packages/airflow/example_dags/example_dataset_alias.py
[2025-03-07T10:52:39.742+0000] {logging_mixin.py:190} INFO - [2025-03-07T10:52:39.741+0000] {dag.py:3239} INFO - Sync 4 DAGs
[2025-03-07T10:52:39.769+0000] {logging_mixin.py:190} INFO - [2025-03-07T10:52:39.768+0000] {dag.py:4180} INFO - Setting next_dagrun for dataset_alias_example_alias_consumer to None, run_after=None
[2025-03-07T10:52:39.772+0000] {logging_mixin.py:190} INFO - [2025-03-07T10:52:39.772+0000] {dag.py:4180} INFO - Setting next_dagrun for dataset_alias_example_alias_producer to None, run_after=None
[2025-03-07T10:52:39.775+0000] {logging_mixin.py:190} INFO - [2025-03-07T10:52:39.775+0000] {dag.py:4180} INFO - Setting next_dagrun for dataset_s3_bucket_consumer to None, run_after=None
[2025-03-07T10:52:39.778+0000] {logging_mixin.py:190} INFO - [2025-03-07T10:52:39.777+0000] {dag.py:4180} INFO - Setting next_dagrun for dataset_s3_bucket_producer to None, run_after=None
[2025-03-07T10:52:39.809+0000] {processor.py:208} INFO - Processing /home/airflow/.local/lib/python3.12/site-packages/airflow/example_dags/example_dataset_alias.py took 0.702 seconds
[2025-03-07T10:53:10.379+0000] {processor.py:186} INFO - Started process (PID=562) to work on /home/airflow/.local/lib/python3.12/site-packages/airflow/example_dags/example_dataset_alias.py
[2025-03-07T10:53:10.380+0000] {processor.py:914} INFO - Processing file /home/airflow/.local/lib/python3.12/site-packages/airflow/example_dags/example_dataset_alias.py for tasks to queue
[2025-03-07T10:53:10.383+0000] {logging_mixin.py:190} INFO - [2025-03-07T10:53:10.382+0000] {dagbag.py:588} INFO - Filling up the DagBag from /home/airflow/.local/lib/python3.12/site-packages/airflow/example_dags/example_dataset_alias.py
[2025-03-07T10:53:10.957+0000] {processor.py:925} INFO - DAG(s) 'dataset_alias_example_alias_producer', 'dataset_s3_bucket_consumer', 'dataset_alias_example_alias_consumer', 'dataset_s3_bucket_producer' retrieved from /home/airflow/.local/lib/python3.12/site-packages/airflow/example_dags/example_dataset_alias.py
[2025-03-07T10:53:10.980+0000] {logging_mixin.py:190} INFO - [2025-03-07T10:53:10.980+0000] {dag.py:3239} INFO - Sync 4 DAGs
[2025-03-07T10:53:11.005+0000] {logging_mixin.py:190} INFO - [2025-03-07T10:53:11.005+0000] {dag.py:4180} INFO - Setting next_dagrun for dataset_alias_example_alias_consumer to None, run_after=None
[2025-03-07T10:53:11.009+0000] {logging_mixin.py:190} INFO - [2025-03-07T10:53:11.009+0000] {dag.py:4180} INFO - Setting next_dagrun for dataset_alias_example_alias_producer to None, run_after=None
[2025-03-07T10:53:11.011+0000] {logging_mixin.py:190} INFO - [2025-03-07T10:53:11.011+0000] {dag.py:4180} INFO - Setting next_dagrun for dataset_s3_bucket_consumer to None, run_after=None
[2025-03-07T10:53:11.012+0000] {logging_mixin.py:190} INFO - [2025-03-07T10:53:11.012+0000] {dag.py:4180} INFO - Setting next_dagrun for dataset_s3_bucket_producer to None, run_after=None
[2025-03-07T10:53:11.038+0000] {processor.py:208} INFO - Processing /home/airflow/.local/lib/python3.12/site-packages/airflow/example_dags/example_dataset_alias.py took 0.664 seconds
[2025-03-07T10:53:41.670+0000] {processor.py:186} INFO - Started process (PID=626) to work on /home/airflow/.local/lib/python3.12/site-packages/airflow/example_dags/example_dataset_alias.py
[2025-03-07T10:53:41.672+0000] {processor.py:914} INFO - Processing file /home/airflow/.local/lib/python3.12/site-packages/airflow/example_dags/example_dataset_alias.py for tasks to queue
[2025-03-07T10:53:41.675+0000] {logging_mixin.py:190} INFO - [2025-03-07T10:53:41.674+0000] {dagbag.py:588} INFO - Filling up the DagBag from /home/airflow/.local/lib/python3.12/site-packages/airflow/example_dags/example_dataset_alias.py
[2025-03-07T10:53:42.743+0000] {processor.py:925} INFO - DAG(s) 'dataset_alias_example_alias_consumer', 'dataset_s3_bucket_consumer', 'dataset_s3_bucket_producer', 'dataset_alias_example_alias_producer' retrieved from /home/airflow/.local/lib/python3.12/site-packages/airflow/example_dags/example_dataset_alias.py
[2025-03-07T10:53:42.789+0000] {logging_mixin.py:190} INFO - [2025-03-07T10:53:42.788+0000] {dag.py:3239} INFO - Sync 4 DAGs
[2025-03-07T10:53:42.839+0000] {logging_mixin.py:190} INFO - [2025-03-07T10:53:42.838+0000] {dag.py:4180} INFO - Setting next_dagrun for dataset_alias_example_alias_consumer to None, run_after=None
[2025-03-07T10:53:42.844+0000] {logging_mixin.py:190} INFO - [2025-03-07T10:53:42.843+0000] {dag.py:4180} INFO - Setting next_dagrun for dataset_alias_example_alias_producer to None, run_after=None
[2025-03-07T10:53:42.846+0000] {logging_mixin.py:190} INFO - [2025-03-07T10:53:42.846+0000] {dag.py:4180} INFO - Setting next_dagrun for dataset_s3_bucket_consumer to None, run_after=None
[2025-03-07T10:53:42.848+0000] {logging_mixin.py:190} INFO - [2025-03-07T10:53:42.848+0000] {dag.py:4180} INFO - Setting next_dagrun for dataset_s3_bucket_producer to None, run_after=None
[2025-03-07T10:53:42.882+0000] {processor.py:208} INFO - Processing /home/airflow/.local/lib/python3.12/site-packages/airflow/example_dags/example_dataset_alias.py took 1.220 seconds
[2025-03-07T10:54:12.949+0000] {processor.py:186} INFO - Started process (PID=689) to work on /home/airflow/.local/lib/python3.12/site-packages/airflow/example_dags/example_dataset_alias.py
[2025-03-07T10:54:12.951+0000] {processor.py:914} INFO - Processing file /home/airflow/.local/lib/python3.12/site-packages/airflow/example_dags/example_dataset_alias.py for tasks to queue
[2025-03-07T10:54:12.955+0000] {logging_mixin.py:190} INFO - [2025-03-07T10:54:12.954+0000] {dagbag.py:588} INFO - Filling up the DagBag from /home/airflow/.local/lib/python3.12/site-packages/airflow/example_dags/example_dataset_alias.py
[2025-03-07T10:54:13.800+0000] {processor.py:925} INFO - DAG(s) 'dataset_s3_bucket_producer', 'dataset_alias_example_alias_consumer', 'dataset_s3_bucket_consumer', 'dataset_alias_example_alias_producer' retrieved from /home/airflow/.local/lib/python3.12/site-packages/airflow/example_dags/example_dataset_alias.py
[2025-03-07T10:54:13.830+0000] {logging_mixin.py:190} INFO - [2025-03-07T10:54:13.829+0000] {dag.py:3239} INFO - Sync 4 DAGs
[2025-03-07T10:54:13.862+0000] {logging_mixin.py:190} INFO - [2025-03-07T10:54:13.861+0000] {dag.py:4180} INFO - Setting next_dagrun for dataset_alias_example_alias_consumer to None, run_after=None
[2025-03-07T10:54:13.866+0000] {logging_mixin.py:190} INFO - [2025-03-07T10:54:13.865+0000] {dag.py:4180} INFO - Setting next_dagrun for dataset_alias_example_alias_producer to None, run_after=None
[2025-03-07T10:54:13.868+0000] {logging_mixin.py:190} INFO - [2025-03-07T10:54:13.868+0000] {dag.py:4180} INFO - Setting next_dagrun for dataset_s3_bucket_consumer to None, run_after=None
[2025-03-07T10:54:13.871+0000] {logging_mixin.py:190} INFO - [2025-03-07T10:54:13.870+0000] {dag.py:4180} INFO - Setting next_dagrun for dataset_s3_bucket_producer to None, run_after=None
[2025-03-07T10:54:13.901+0000] {processor.py:208} INFO - Processing /home/airflow/.local/lib/python3.12/site-packages/airflow/example_dags/example_dataset_alias.py took 0.961 seconds
[2025-03-07T10:54:44.516+0000] {processor.py:186} INFO - Started process (PID=752) to work on /home/airflow/.local/lib/python3.12/site-packages/airflow/example_dags/example_dataset_alias.py
[2025-03-07T10:54:44.517+0000] {processor.py:914} INFO - Processing file /home/airflow/.local/lib/python3.12/site-packages/airflow/example_dags/example_dataset_alias.py for tasks to queue
[2025-03-07T10:54:44.519+0000] {logging_mixin.py:190} INFO - [2025-03-07T10:54:44.519+0000] {dagbag.py:588} INFO - Filling up the DagBag from /home/airflow/.local/lib/python3.12/site-packages/airflow/example_dags/example_dataset_alias.py
[2025-03-07T10:54:45.193+0000] {processor.py:925} INFO - DAG(s) 'dataset_alias_example_alias_consumer', 'dataset_alias_example_alias_producer', 'dataset_s3_bucket_producer', 'dataset_s3_bucket_consumer' retrieved from /home/airflow/.local/lib/python3.12/site-packages/airflow/example_dags/example_dataset_alias.py
[2025-03-07T10:54:45.220+0000] {logging_mixin.py:190} INFO - [2025-03-07T10:54:45.219+0000] {dag.py:3239} INFO - Sync 4 DAGs
[2025-03-07T10:54:45.250+0000] {logging_mixin.py:190} INFO - [2025-03-07T10:54:45.250+0000] {dag.py:4180} INFO - Setting next_dagrun for dataset_alias_example_alias_consumer to None, run_after=None
[2025-03-07T10:54:45.253+0000] {logging_mixin.py:190} INFO - [2025-03-07T10:54:45.253+0000] {dag.py:4180} INFO - Setting next_dagrun for dataset_alias_example_alias_producer to None, run_after=None
[2025-03-07T10:54:45.256+0000] {logging_mixin.py:190} INFO - [2025-03-07T10:54:45.255+0000] {dag.py:4180} INFO - Setting next_dagrun for dataset_s3_bucket_consumer to None, run_after=None
[2025-03-07T10:54:45.258+0000] {logging_mixin.py:190} INFO - [2025-03-07T10:54:45.258+0000] {dag.py:4180} INFO - Setting next_dagrun for dataset_s3_bucket_producer to None, run_after=None
[2025-03-07T10:54:45.290+0000] {processor.py:208} INFO - Processing /home/airflow/.local/lib/python3.12/site-packages/airflow/example_dags/example_dataset_alias.py took 0.781 seconds
[2025-03-07T10:55:15.647+0000] {processor.py:186} INFO - Started process (PID=815) to work on /home/airflow/.local/lib/python3.12/site-packages/airflow/example_dags/example_dataset_alias.py
[2025-03-07T10:55:15.649+0000] {processor.py:914} INFO - Processing file /home/airflow/.local/lib/python3.12/site-packages/airflow/example_dags/example_dataset_alias.py for tasks to queue
[2025-03-07T10:55:15.651+0000] {logging_mixin.py:190} INFO - [2025-03-07T10:55:15.651+0000] {dagbag.py:588} INFO - Filling up the DagBag from /home/airflow/.local/lib/python3.12/site-packages/airflow/example_dags/example_dataset_alias.py
[2025-03-07T10:55:16.458+0000] {processor.py:925} INFO - DAG(s) 'dataset_s3_bucket_consumer', 'dataset_alias_example_alias_producer', 'dataset_alias_example_alias_consumer', 'dataset_s3_bucket_producer' retrieved from /home/airflow/.local/lib/python3.12/site-packages/airflow/example_dags/example_dataset_alias.py
[2025-03-07T10:55:16.490+0000] {logging_mixin.py:190} INFO - [2025-03-07T10:55:16.490+0000] {dag.py:3239} INFO - Sync 4 DAGs
[2025-03-07T10:55:16.522+0000] {logging_mixin.py:190} INFO - [2025-03-07T10:55:16.522+0000] {dag.py:4180} INFO - Setting next_dagrun for dataset_alias_example_alias_consumer to None, run_after=None
[2025-03-07T10:55:16.526+0000] {logging_mixin.py:190} INFO - [2025-03-07T10:55:16.526+0000] {dag.py:4180} INFO - Setting next_dagrun for dataset_alias_example_alias_producer to None, run_after=None
[2025-03-07T10:55:16.531+0000] {logging_mixin.py:190} INFO - [2025-03-07T10:55:16.530+0000] {dag.py:4180} INFO - Setting next_dagrun for dataset_s3_bucket_consumer to None, run_after=None
[2025-03-07T10:55:16.533+0000] {logging_mixin.py:190} INFO - [2025-03-07T10:55:16.533+0000] {dag.py:4180} INFO - Setting next_dagrun for dataset_s3_bucket_producer to None, run_after=None
[2025-03-07T10:55:16.570+0000] {processor.py:208} INFO - Processing /home/airflow/.local/lib/python3.12/site-packages/airflow/example_dags/example_dataset_alias.py took 0.930 seconds
[2025-03-07T10:55:47.359+0000] {processor.py:186} INFO - Started process (PID=878) to work on /home/airflow/.local/lib/python3.12/site-packages/airflow/example_dags/example_dataset_alias.py
[2025-03-07T10:55:47.360+0000] {processor.py:914} INFO - Processing file /home/airflow/.local/lib/python3.12/site-packages/airflow/example_dags/example_dataset_alias.py for tasks to queue
[2025-03-07T10:55:47.362+0000] {logging_mixin.py:190} INFO - [2025-03-07T10:55:47.362+0000] {dagbag.py:588} INFO - Filling up the DagBag from /home/airflow/.local/lib/python3.12/site-packages/airflow/example_dags/example_dataset_alias.py
[2025-03-07T10:55:48.138+0000] {processor.py:925} INFO - DAG(s) 'dataset_s3_bucket_producer', 'dataset_s3_bucket_consumer', 'dataset_alias_example_alias_consumer', 'dataset_alias_example_alias_producer' retrieved from /home/airflow/.local/lib/python3.12/site-packages/airflow/example_dags/example_dataset_alias.py
[2025-03-07T10:55:48.184+0000] {logging_mixin.py:190} INFO - [2025-03-07T10:55:48.183+0000] {dag.py:3239} INFO - Sync 4 DAGs
[2025-03-07T10:55:48.248+0000] {logging_mixin.py:190} INFO - [2025-03-07T10:55:48.247+0000] {dag.py:4180} INFO - Setting next_dagrun for dataset_alias_example_alias_consumer to None, run_after=None
[2025-03-07T10:55:48.254+0000] {logging_mixin.py:190} INFO - [2025-03-07T10:55:48.254+0000] {dag.py:4180} INFO - Setting next_dagrun for dataset_alias_example_alias_producer to None, run_after=None
[2025-03-07T10:55:48.258+0000] {logging_mixin.py:190} INFO - [2025-03-07T10:55:48.258+0000] {dag.py:4180} INFO - Setting next_dagrun for dataset_s3_bucket_consumer to None, run_after=None
[2025-03-07T10:55:48.261+0000] {logging_mixin.py:190} INFO - [2025-03-07T10:55:48.261+0000] {dag.py:4180} INFO - Setting next_dagrun for dataset_s3_bucket_producer to None, run_after=None
[2025-03-07T10:55:48.312+0000] {processor.py:208} INFO - Processing /home/airflow/.local/lib/python3.12/site-packages/airflow/example_dags/example_dataset_alias.py took 0.958 seconds
[2025-03-07T10:56:18.409+0000] {processor.py:186} INFO - Started process (PID=941) to work on /home/airflow/.local/lib/python3.12/site-packages/airflow/example_dags/example_dataset_alias.py
[2025-03-07T10:56:18.411+0000] {processor.py:914} INFO - Processing file /home/airflow/.local/lib/python3.12/site-packages/airflow/example_dags/example_dataset_alias.py for tasks to queue
[2025-03-07T10:56:18.416+0000] {logging_mixin.py:190} INFO - [2025-03-07T10:56:18.415+0000] {dagbag.py:588} INFO - Filling up the DagBag from /home/airflow/.local/lib/python3.12/site-packages/airflow/example_dags/example_dataset_alias.py
[2025-03-07T10:56:19.365+0000] {processor.py:925} INFO - DAG(s) 'dataset_s3_bucket_producer', 'dataset_alias_example_alias_producer', 'dataset_alias_example_alias_consumer', 'dataset_s3_bucket_consumer' retrieved from /home/airflow/.local/lib/python3.12/site-packages/airflow/example_dags/example_dataset_alias.py
[2025-03-07T10:56:19.394+0000] {logging_mixin.py:190} INFO - [2025-03-07T10:56:19.394+0000] {dag.py:3239} INFO - Sync 4 DAGs
[2025-03-07T10:56:19.426+0000] {logging_mixin.py:190} INFO - [2025-03-07T10:56:19.425+0000] {dag.py:4180} INFO - Setting next_dagrun for dataset_alias_example_alias_consumer to None, run_after=None
[2025-03-07T10:56:19.429+0000] {logging_mixin.py:190} INFO - [2025-03-07T10:56:19.429+0000] {dag.py:4180} INFO - Setting next_dagrun for dataset_alias_example_alias_producer to None, run_after=None
[2025-03-07T10:56:19.431+0000] {logging_mixin.py:190} INFO - [2025-03-07T10:56:19.431+0000] {dag.py:4180} INFO - Setting next_dagrun for dataset_s3_bucket_consumer to None, run_after=None
[2025-03-07T10:56:19.434+0000] {logging_mixin.py:190} INFO - [2025-03-07T10:56:19.433+0000] {dag.py:4180} INFO - Setting next_dagrun for dataset_s3_bucket_producer to None, run_after=None
[2025-03-07T10:56:19.471+0000] {processor.py:208} INFO - Processing /home/airflow/.local/lib/python3.12/site-packages/airflow/example_dags/example_dataset_alias.py took 1.073 seconds
[2025-03-07T10:56:50.460+0000] {processor.py:186} INFO - Started process (PID=1004) to work on /home/airflow/.local/lib/python3.12/site-packages/airflow/example_dags/example_dataset_alias.py
[2025-03-07T10:56:50.462+0000] {processor.py:914} INFO - Processing file /home/airflow/.local/lib/python3.12/site-packages/airflow/example_dags/example_dataset_alias.py for tasks to queue
[2025-03-07T10:56:50.465+0000] {logging_mixin.py:190} INFO - [2025-03-07T10:56:50.465+0000] {dagbag.py:588} INFO - Filling up the DagBag from /home/airflow/.local/lib/python3.12/site-packages/airflow/example_dags/example_dataset_alias.py
[2025-03-07T10:56:51.425+0000] {processor.py:925} INFO - DAG(s) 'dataset_s3_bucket_producer', 'dataset_alias_example_alias_producer', 'dataset_alias_example_alias_consumer', 'dataset_s3_bucket_consumer' retrieved from /home/airflow/.local/lib/python3.12/site-packages/airflow/example_dags/example_dataset_alias.py
[2025-03-07T10:56:51.478+0000] {logging_mixin.py:190} INFO - [2025-03-07T10:56:51.477+0000] {dag.py:3239} INFO - Sync 4 DAGs
[2025-03-07T10:56:51.538+0000] {logging_mixin.py:190} INFO - [2025-03-07T10:56:51.538+0000] {dag.py:4180} INFO - Setting next_dagrun for dataset_alias_example_alias_consumer to None, run_after=None
[2025-03-07T10:56:51.544+0000] {logging_mixin.py:190} INFO - [2025-03-07T10:56:51.544+0000] {dag.py:4180} INFO - Setting next_dagrun for dataset_alias_example_alias_producer to None, run_after=None
[2025-03-07T10:56:51.548+0000] {logging_mixin.py:190} INFO - [2025-03-07T10:56:51.547+0000] {dag.py:4180} INFO - Setting next_dagrun for dataset_s3_bucket_consumer to None, run_after=None
[2025-03-07T10:56:51.552+0000] {logging_mixin.py:190} INFO - [2025-03-07T10:56:51.551+0000] {dag.py:4180} INFO - Setting next_dagrun for dataset_s3_bucket_producer to None, run_after=None
[2025-03-07T10:56:51.604+0000] {processor.py:208} INFO - Processing /home/airflow/.local/lib/python3.12/site-packages/airflow/example_dags/example_dataset_alias.py took 1.152 seconds
[2025-03-07T10:57:22.408+0000] {processor.py:186} INFO - Started process (PID=1067) to work on /home/airflow/.local/lib/python3.12/site-packages/airflow/example_dags/example_dataset_alias.py
[2025-03-07T10:57:22.410+0000] {processor.py:914} INFO - Processing file /home/airflow/.local/lib/python3.12/site-packages/airflow/example_dags/example_dataset_alias.py for tasks to queue
[2025-03-07T10:57:22.416+0000] {logging_mixin.py:190} INFO - [2025-03-07T10:57:22.415+0000] {dagbag.py:588} INFO - Filling up the DagBag from /home/airflow/.local/lib/python3.12/site-packages/airflow/example_dags/example_dataset_alias.py
[2025-03-07T10:57:23.446+0000] {processor.py:925} INFO - DAG(s) 'dataset_alias_example_alias_consumer', 'dataset_alias_example_alias_producer', 'dataset_s3_bucket_producer', 'dataset_s3_bucket_consumer' retrieved from /home/airflow/.local/lib/python3.12/site-packages/airflow/example_dags/example_dataset_alias.py
[2025-03-07T10:57:23.491+0000] {logging_mixin.py:190} INFO - [2025-03-07T10:57:23.490+0000] {dag.py:3239} INFO - Sync 4 DAGs
[2025-03-07T10:57:23.535+0000] {logging_mixin.py:190} INFO - [2025-03-07T10:57:23.535+0000] {dag.py:4180} INFO - Setting next_dagrun for dataset_alias_example_alias_consumer to None, run_after=None
[2025-03-07T10:57:23.539+0000] {logging_mixin.py:190} INFO - [2025-03-07T10:57:23.539+0000] {dag.py:4180} INFO - Setting next_dagrun for dataset_alias_example_alias_producer to None, run_after=None
[2025-03-07T10:57:23.541+0000] {logging_mixin.py:190} INFO - [2025-03-07T10:57:23.541+0000] {dag.py:4180} INFO - Setting next_dagrun for dataset_s3_bucket_consumer to None, run_after=None
[2025-03-07T10:57:23.543+0000] {logging_mixin.py:190} INFO - [2025-03-07T10:57:23.543+0000] {dag.py:4180} INFO - Setting next_dagrun for dataset_s3_bucket_producer to None, run_after=None
[2025-03-07T10:57:23.576+0000] {processor.py:208} INFO - Processing /home/airflow/.local/lib/python3.12/site-packages/airflow/example_dags/example_dataset_alias.py took 1.178 seconds
[2025-03-07T10:57:54.362+0000] {processor.py:186} INFO - Started process (PID=1130) to work on /home/airflow/.local/lib/python3.12/site-packages/airflow/example_dags/example_dataset_alias.py
[2025-03-07T10:57:54.363+0000] {processor.py:914} INFO - Processing file /home/airflow/.local/lib/python3.12/site-packages/airflow/example_dags/example_dataset_alias.py for tasks to queue
[2025-03-07T10:57:54.366+0000] {logging_mixin.py:190} INFO - [2025-03-07T10:57:54.366+0000] {dagbag.py:588} INFO - Filling up the DagBag from /home/airflow/.local/lib/python3.12/site-packages/airflow/example_dags/example_dataset_alias.py
[2025-03-07T10:57:55.133+0000] {processor.py:925} INFO - DAG(s) 'dataset_s3_bucket_consumer', 'dataset_alias_example_alias_consumer', 'dataset_alias_example_alias_producer', 'dataset_s3_bucket_producer' retrieved from /home/airflow/.local/lib/python3.12/site-packages/airflow/example_dags/example_dataset_alias.py
[2025-03-07T10:57:55.165+0000] {logging_mixin.py:190} INFO - [2025-03-07T10:57:55.164+0000] {dag.py:3239} INFO - Sync 4 DAGs
[2025-03-07T10:57:55.197+0000] {logging_mixin.py:190} INFO - [2025-03-07T10:57:55.197+0000] {dag.py:4180} INFO - Setting next_dagrun for dataset_alias_example_alias_consumer to None, run_after=None
[2025-03-07T10:57:55.201+0000] {logging_mixin.py:190} INFO - [2025-03-07T10:57:55.201+0000] {dag.py:4180} INFO - Setting next_dagrun for dataset_alias_example_alias_producer to None, run_after=None
[2025-03-07T10:57:55.205+0000] {logging_mixin.py:190} INFO - [2025-03-07T10:57:55.205+0000] {dag.py:4180} INFO - Setting next_dagrun for dataset_s3_bucket_consumer to None, run_after=None
[2025-03-07T10:57:55.208+0000] {logging_mixin.py:190} INFO - [2025-03-07T10:57:55.207+0000] {dag.py:4180} INFO - Setting next_dagrun for dataset_s3_bucket_producer to None, run_after=None
[2025-03-07T10:57:55.251+0000] {processor.py:208} INFO - Processing /home/airflow/.local/lib/python3.12/site-packages/airflow/example_dags/example_dataset_alias.py took 0.895 seconds
[2025-03-07T10:58:26.183+0000] {processor.py:186} INFO - Started process (PID=1193) to work on /home/airflow/.local/lib/python3.12/site-packages/airflow/example_dags/example_dataset_alias.py
[2025-03-07T10:58:26.184+0000] {processor.py:914} INFO - Processing file /home/airflow/.local/lib/python3.12/site-packages/airflow/example_dags/example_dataset_alias.py for tasks to queue
[2025-03-07T10:58:26.187+0000] {logging_mixin.py:190} INFO - [2025-03-07T10:58:26.187+0000] {dagbag.py:588} INFO - Filling up the DagBag from /home/airflow/.local/lib/python3.12/site-packages/airflow/example_dags/example_dataset_alias.py
[2025-03-07T10:58:26.745+0000] {processor.py:925} INFO - DAG(s) 'dataset_s3_bucket_producer', 'dataset_alias_example_alias_producer', 'dataset_s3_bucket_consumer', 'dataset_alias_example_alias_consumer' retrieved from /home/airflow/.local/lib/python3.12/site-packages/airflow/example_dags/example_dataset_alias.py
[2025-03-07T10:58:26.765+0000] {logging_mixin.py:190} INFO - [2025-03-07T10:58:26.764+0000] {dag.py:3239} INFO - Sync 4 DAGs
[2025-03-07T10:58:26.785+0000] {logging_mixin.py:190} INFO - [2025-03-07T10:58:26.785+0000] {dag.py:4180} INFO - Setting next_dagrun for dataset_alias_example_alias_consumer to None, run_after=None
[2025-03-07T10:58:26.788+0000] {logging_mixin.py:190} INFO - [2025-03-07T10:58:26.788+0000] {dag.py:4180} INFO - Setting next_dagrun for dataset_alias_example_alias_producer to None, run_after=None
[2025-03-07T10:58:26.790+0000] {logging_mixin.py:190} INFO - [2025-03-07T10:58:26.789+0000] {dag.py:4180} INFO - Setting next_dagrun for dataset_s3_bucket_consumer to None, run_after=None
[2025-03-07T10:58:26.791+0000] {logging_mixin.py:190} INFO - [2025-03-07T10:58:26.791+0000] {dag.py:4180} INFO - Setting next_dagrun for dataset_s3_bucket_producer to None, run_after=None
[2025-03-07T10:58:26.810+0000] {processor.py:208} INFO - Processing /home/airflow/.local/lib/python3.12/site-packages/airflow/example_dags/example_dataset_alias.py took 0.632 seconds
[2025-03-07T10:58:57.703+0000] {processor.py:186} INFO - Started process (PID=1256) to work on /home/airflow/.local/lib/python3.12/site-packages/airflow/example_dags/example_dataset_alias.py
[2025-03-07T10:58:57.704+0000] {processor.py:914} INFO - Processing file /home/airflow/.local/lib/python3.12/site-packages/airflow/example_dags/example_dataset_alias.py for tasks to queue
[2025-03-07T10:58:57.707+0000] {logging_mixin.py:190} INFO - [2025-03-07T10:58:57.707+0000] {dagbag.py:588} INFO - Filling up the DagBag from /home/airflow/.local/lib/python3.12/site-packages/airflow/example_dags/example_dataset_alias.py
[2025-03-07T10:58:58.459+0000] {processor.py:925} INFO - DAG(s) 'dataset_alias_example_alias_producer', 'dataset_alias_example_alias_consumer', 'dataset_s3_bucket_producer', 'dataset_s3_bucket_consumer' retrieved from /home/airflow/.local/lib/python3.12/site-packages/airflow/example_dags/example_dataset_alias.py
[2025-03-07T10:58:58.493+0000] {logging_mixin.py:190} INFO - [2025-03-07T10:58:58.492+0000] {dag.py:3239} INFO - Sync 4 DAGs
[2025-03-07T10:58:58.535+0000] {logging_mixin.py:190} INFO - [2025-03-07T10:58:58.535+0000] {dag.py:4180} INFO - Setting next_dagrun for dataset_alias_example_alias_consumer to None, run_after=None
[2025-03-07T10:58:58.540+0000] {logging_mixin.py:190} INFO - [2025-03-07T10:58:58.540+0000] {dag.py:4180} INFO - Setting next_dagrun for dataset_alias_example_alias_producer to None, run_after=None
[2025-03-07T10:58:58.544+0000] {logging_mixin.py:190} INFO - [2025-03-07T10:58:58.543+0000] {dag.py:4180} INFO - Setting next_dagrun for dataset_s3_bucket_consumer to None, run_after=None
[2025-03-07T10:58:58.547+0000] {logging_mixin.py:190} INFO - [2025-03-07T10:58:58.546+0000] {dag.py:4180} INFO - Setting next_dagrun for dataset_s3_bucket_producer to None, run_after=None
[2025-03-07T10:58:58.584+0000] {processor.py:208} INFO - Processing /home/airflow/.local/lib/python3.12/site-packages/airflow/example_dags/example_dataset_alias.py took 0.888 seconds
[2025-03-07T10:59:28.676+0000] {processor.py:186} INFO - Started process (PID=1319) to work on /home/airflow/.local/lib/python3.12/site-packages/airflow/example_dags/example_dataset_alias.py
[2025-03-07T10:59:28.678+0000] {processor.py:914} INFO - Processing file /home/airflow/.local/lib/python3.12/site-packages/airflow/example_dags/example_dataset_alias.py for tasks to queue
[2025-03-07T10:59:28.682+0000] {logging_mixin.py:190} INFO - [2025-03-07T10:59:28.681+0000] {dagbag.py:588} INFO - Filling up the DagBag from /home/airflow/.local/lib/python3.12/site-packages/airflow/example_dags/example_dataset_alias.py
[2025-03-07T10:59:29.611+0000] {processor.py:925} INFO - DAG(s) 'dataset_s3_bucket_producer', 'dataset_alias_example_alias_producer', 'dataset_s3_bucket_consumer', 'dataset_alias_example_alias_consumer' retrieved from /home/airflow/.local/lib/python3.12/site-packages/airflow/example_dags/example_dataset_alias.py
[2025-03-07T10:59:29.669+0000] {logging_mixin.py:190} INFO - [2025-03-07T10:59:29.668+0000] {dag.py:3239} INFO - Sync 4 DAGs
[2025-03-07T10:59:29.754+0000] {logging_mixin.py:190} INFO - [2025-03-07T10:59:29.754+0000] {dag.py:4180} INFO - Setting next_dagrun for dataset_alias_example_alias_consumer to None, run_after=None
[2025-03-07T10:59:29.765+0000] {logging_mixin.py:190} INFO - [2025-03-07T10:59:29.765+0000] {dag.py:4180} INFO - Setting next_dagrun for dataset_alias_example_alias_producer to None, run_after=None
[2025-03-07T10:59:29.769+0000] {logging_mixin.py:190} INFO - [2025-03-07T10:59:29.768+0000] {dag.py:4180} INFO - Setting next_dagrun for dataset_s3_bucket_consumer to None, run_after=None
[2025-03-07T10:59:29.772+0000] {logging_mixin.py:190} INFO - [2025-03-07T10:59:29.772+0000] {dag.py:4180} INFO - Setting next_dagrun for dataset_s3_bucket_producer to None, run_after=None
[2025-03-07T10:59:29.834+0000] {processor.py:208} INFO - Processing /home/airflow/.local/lib/python3.12/site-packages/airflow/example_dags/example_dataset_alias.py took 1.170 seconds
[2025-03-07T11:00:00.695+0000] {processor.py:186} INFO - Started process (PID=1382) to work on /home/airflow/.local/lib/python3.12/site-packages/airflow/example_dags/example_dataset_alias.py
[2025-03-07T11:00:00.696+0000] {processor.py:914} INFO - Processing file /home/airflow/.local/lib/python3.12/site-packages/airflow/example_dags/example_dataset_alias.py for tasks to queue
[2025-03-07T11:00:00.698+0000] {logging_mixin.py:190} INFO - [2025-03-07T11:00:00.697+0000] {dagbag.py:588} INFO - Filling up the DagBag from /home/airflow/.local/lib/python3.12/site-packages/airflow/example_dags/example_dataset_alias.py
[2025-03-07T11:00:01.259+0000] {processor.py:925} INFO - DAG(s) 'dataset_s3_bucket_consumer', 'dataset_alias_example_alias_consumer', 'dataset_alias_example_alias_producer', 'dataset_s3_bucket_producer' retrieved from /home/airflow/.local/lib/python3.12/site-packages/airflow/example_dags/example_dataset_alias.py
[2025-03-07T11:00:01.280+0000] {logging_mixin.py:190} INFO - [2025-03-07T11:00:01.280+0000] {dag.py:3239} INFO - Sync 4 DAGs
[2025-03-07T11:00:01.301+0000] {logging_mixin.py:190} INFO - [2025-03-07T11:00:01.301+0000] {dag.py:4180} INFO - Setting next_dagrun for dataset_alias_example_alias_consumer to None, run_after=None
[2025-03-07T11:00:01.304+0000] {logging_mixin.py:190} INFO - [2025-03-07T11:00:01.304+0000] {dag.py:4180} INFO - Setting next_dagrun for dataset_alias_example_alias_producer to None, run_after=None
[2025-03-07T11:00:01.307+0000] {logging_mixin.py:190} INFO - [2025-03-07T11:00:01.306+0000] {dag.py:4180} INFO - Setting next_dagrun for dataset_s3_bucket_consumer to None, run_after=None
[2025-03-07T11:00:01.309+0000] {logging_mixin.py:190} INFO - [2025-03-07T11:00:01.308+0000] {dag.py:4180} INFO - Setting next_dagrun for dataset_s3_bucket_producer to None, run_after=None
[2025-03-07T11:00:01.331+0000] {processor.py:208} INFO - Processing /home/airflow/.local/lib/python3.12/site-packages/airflow/example_dags/example_dataset_alias.py took 0.641 seconds
[2025-03-07T11:00:32.645+0000] {processor.py:186} INFO - Started process (PID=1447) to work on /home/airflow/.local/lib/python3.12/site-packages/airflow/example_dags/example_dataset_alias.py
[2025-03-07T11:00:32.647+0000] {processor.py:914} INFO - Processing file /home/airflow/.local/lib/python3.12/site-packages/airflow/example_dags/example_dataset_alias.py for tasks to queue
[2025-03-07T11:00:32.651+0000] {logging_mixin.py:190} INFO - [2025-03-07T11:00:32.650+0000] {dagbag.py:588} INFO - Filling up the DagBag from /home/airflow/.local/lib/python3.12/site-packages/airflow/example_dags/example_dataset_alias.py
[2025-03-07T11:00:33.639+0000] {processor.py:925} INFO - DAG(s) 'dataset_s3_bucket_consumer', 'dataset_alias_example_alias_consumer', 'dataset_alias_example_alias_producer', 'dataset_s3_bucket_producer' retrieved from /home/airflow/.local/lib/python3.12/site-packages/airflow/example_dags/example_dataset_alias.py
[2025-03-07T11:00:33.671+0000] {logging_mixin.py:190} INFO - [2025-03-07T11:00:33.671+0000] {dag.py:3239} INFO - Sync 4 DAGs
[2025-03-07T11:00:33.701+0000] {logging_mixin.py:190} INFO - [2025-03-07T11:00:33.701+0000] {dag.py:4180} INFO - Setting next_dagrun for dataset_alias_example_alias_consumer to None, run_after=None
[2025-03-07T11:00:33.705+0000] {logging_mixin.py:190} INFO - [2025-03-07T11:00:33.705+0000] {dag.py:4180} INFO - Setting next_dagrun for dataset_alias_example_alias_producer to None, run_after=None
[2025-03-07T11:00:33.707+0000] {logging_mixin.py:190} INFO - [2025-03-07T11:00:33.707+0000] {dag.py:4180} INFO - Setting next_dagrun for dataset_s3_bucket_consumer to None, run_after=None
[2025-03-07T11:00:33.709+0000] {logging_mixin.py:190} INFO - [2025-03-07T11:00:33.708+0000] {dag.py:4180} INFO - Setting next_dagrun for dataset_s3_bucket_producer to None, run_after=None
[2025-03-07T11:00:33.746+0000] {processor.py:208} INFO - Processing /home/airflow/.local/lib/python3.12/site-packages/airflow/example_dags/example_dataset_alias.py took 1.111 seconds
[2025-03-07T11:01:04.531+0000] {processor.py:186} INFO - Started process (PID=1516) to work on /home/airflow/.local/lib/python3.12/site-packages/airflow/example_dags/example_dataset_alias.py
[2025-03-07T11:01:04.532+0000] {processor.py:914} INFO - Processing file /home/airflow/.local/lib/python3.12/site-packages/airflow/example_dags/example_dataset_alias.py for tasks to queue
[2025-03-07T11:01:04.534+0000] {logging_mixin.py:190} INFO - [2025-03-07T11:01:04.534+0000] {dagbag.py:588} INFO - Filling up the DagBag from /home/airflow/.local/lib/python3.12/site-packages/airflow/example_dags/example_dataset_alias.py
[2025-03-07T11:01:05.319+0000] {processor.py:925} INFO - DAG(s) 'dataset_s3_bucket_producer', 'dataset_alias_example_alias_consumer', 'dataset_alias_example_alias_producer', 'dataset_s3_bucket_consumer' retrieved from /home/airflow/.local/lib/python3.12/site-packages/airflow/example_dags/example_dataset_alias.py
[2025-03-07T11:01:05.353+0000] {logging_mixin.py:190} INFO - [2025-03-07T11:01:05.352+0000] {dag.py:3239} INFO - Sync 4 DAGs
[2025-03-07T11:01:05.393+0000] {logging_mixin.py:190} INFO - [2025-03-07T11:01:05.393+0000] {dag.py:4180} INFO - Setting next_dagrun for dataset_alias_example_alias_consumer to None, run_after=None
[2025-03-07T11:01:05.398+0000] {logging_mixin.py:190} INFO - [2025-03-07T11:01:05.398+0000] {dag.py:4180} INFO - Setting next_dagrun for dataset_alias_example_alias_producer to None, run_after=None
[2025-03-07T11:01:05.401+0000] {logging_mixin.py:190} INFO - [2025-03-07T11:01:05.401+0000] {dag.py:4180} INFO - Setting next_dagrun for dataset_s3_bucket_consumer to None, run_after=None
[2025-03-07T11:01:05.403+0000] {logging_mixin.py:190} INFO - [2025-03-07T11:01:05.403+0000] {dag.py:4180} INFO - Setting next_dagrun for dataset_s3_bucket_producer to None, run_after=None
[2025-03-07T11:01:05.454+0000] {processor.py:208} INFO - Processing /home/airflow/.local/lib/python3.12/site-packages/airflow/example_dags/example_dataset_alias.py took 0.929 seconds
[2025-03-07T11:01:36.258+0000] {processor.py:186} INFO - Started process (PID=1583) to work on /home/airflow/.local/lib/python3.12/site-packages/airflow/example_dags/example_dataset_alias.py
[2025-03-07T11:01:36.259+0000] {processor.py:914} INFO - Processing file /home/airflow/.local/lib/python3.12/site-packages/airflow/example_dags/example_dataset_alias.py for tasks to queue
[2025-03-07T11:01:36.262+0000] {logging_mixin.py:190} INFO - [2025-03-07T11:01:36.262+0000] {dagbag.py:588} INFO - Filling up the DagBag from /home/airflow/.local/lib/python3.12/site-packages/airflow/example_dags/example_dataset_alias.py
[2025-03-07T11:01:36.979+0000] {processor.py:925} INFO - DAG(s) 'dataset_alias_example_alias_consumer', 'dataset_s3_bucket_consumer', 'dataset_alias_example_alias_producer', 'dataset_s3_bucket_producer' retrieved from /home/airflow/.local/lib/python3.12/site-packages/airflow/example_dags/example_dataset_alias.py
[2025-03-07T11:01:37.005+0000] {logging_mixin.py:190} INFO - [2025-03-07T11:01:37.004+0000] {dag.py:3239} INFO - Sync 4 DAGs
[2025-03-07T11:01:37.033+0000] {logging_mixin.py:190} INFO - [2025-03-07T11:01:37.033+0000] {dag.py:4180} INFO - Setting next_dagrun for dataset_alias_example_alias_consumer to None, run_after=None
[2025-03-07T11:01:37.036+0000] {logging_mixin.py:190} INFO - [2025-03-07T11:01:37.036+0000] {dag.py:4180} INFO - Setting next_dagrun for dataset_alias_example_alias_producer to None, run_after=None
[2025-03-07T11:01:37.038+0000] {logging_mixin.py:190} INFO - [2025-03-07T11:01:37.038+0000] {dag.py:4180} INFO - Setting next_dagrun for dataset_s3_bucket_consumer to None, run_after=None
[2025-03-07T11:01:37.041+0000] {logging_mixin.py:190} INFO - [2025-03-07T11:01:37.041+0000] {dag.py:4180} INFO - Setting next_dagrun for dataset_s3_bucket_producer to None, run_after=None
[2025-03-07T11:01:37.067+0000] {processor.py:208} INFO - Processing /home/airflow/.local/lib/python3.12/site-packages/airflow/example_dags/example_dataset_alias.py took 0.816 seconds
[2025-03-07T11:02:09.259+0000] {processor.py:186} INFO - Started process (PID=1649) to work on /home/airflow/.local/lib/python3.12/site-packages/airflow/example_dags/example_dataset_alias.py
[2025-03-07T11:02:09.260+0000] {processor.py:914} INFO - Processing file /home/airflow/.local/lib/python3.12/site-packages/airflow/example_dags/example_dataset_alias.py for tasks to queue
[2025-03-07T11:02:09.267+0000] {logging_mixin.py:190} INFO - [2025-03-07T11:02:09.265+0000] {dagbag.py:588} INFO - Filling up the DagBag from /home/airflow/.local/lib/python3.12/site-packages/airflow/example_dags/example_dataset_alias.py
[2025-03-07T11:02:10.267+0000] {processor.py:925} INFO - DAG(s) 'dataset_s3_bucket_consumer', 'dataset_s3_bucket_producer', 'dataset_alias_example_alias_producer', 'dataset_alias_example_alias_consumer' retrieved from /home/airflow/.local/lib/python3.12/site-packages/airflow/example_dags/example_dataset_alias.py
[2025-03-07T11:02:10.299+0000] {logging_mixin.py:190} INFO - [2025-03-07T11:02:10.298+0000] {dag.py:3239} INFO - Sync 4 DAGs
[2025-03-07T11:02:10.335+0000] {logging_mixin.py:190} INFO - [2025-03-07T11:02:10.335+0000] {dag.py:4180} INFO - Setting next_dagrun for dataset_alias_example_alias_consumer to None, run_after=None
[2025-03-07T11:02:10.342+0000] {logging_mixin.py:190} INFO - [2025-03-07T11:02:10.341+0000] {dag.py:4180} INFO - Setting next_dagrun for dataset_alias_example_alias_producer to None, run_after=None
[2025-03-07T11:02:10.345+0000] {logging_mixin.py:190} INFO - [2025-03-07T11:02:10.344+0000] {dag.py:4180} INFO - Setting next_dagrun for dataset_s3_bucket_consumer to None, run_after=None
[2025-03-07T11:02:10.347+0000] {logging_mixin.py:190} INFO - [2025-03-07T11:02:10.347+0000] {dag.py:4180} INFO - Setting next_dagrun for dataset_s3_bucket_producer to None, run_after=None
[2025-03-07T11:02:10.384+0000] {processor.py:208} INFO - Processing /home/airflow/.local/lib/python3.12/site-packages/airflow/example_dags/example_dataset_alias.py took 1.137 seconds
[2025-03-07T11:02:51.290+0000] {processor.py:186} INFO - Started process (PID=1707) to work on /home/airflow/.local/lib/python3.12/site-packages/airflow/example_dags/example_dataset_alias.py
[2025-03-07T11:02:51.312+0000] {processor.py:914} INFO - Processing file /home/airflow/.local/lib/python3.12/site-packages/airflow/example_dags/example_dataset_alias.py for tasks to queue
[2025-03-07T11:02:51.321+0000] {logging_mixin.py:190} INFO - [2025-03-07T11:02:51.320+0000] {dagbag.py:588} INFO - Filling up the DagBag from /home/airflow/.local/lib/python3.12/site-packages/airflow/example_dags/example_dataset_alias.py
[2025-03-07T11:02:57.087+0000] {processor.py:925} INFO - DAG(s) 'dataset_alias_example_alias_consumer', 'dataset_s3_bucket_consumer', 'dataset_alias_example_alias_producer', 'dataset_s3_bucket_producer' retrieved from /home/airflow/.local/lib/python3.12/site-packages/airflow/example_dags/example_dataset_alias.py
[2025-03-07T11:02:57.611+0000] {logging_mixin.py:190} INFO - [2025-03-07T11:02:57.610+0000] {dag.py:3239} INFO - Sync 4 DAGs
[2025-03-07T11:02:58.293+0000] {logging_mixin.py:190} INFO - [2025-03-07T11:02:58.292+0000] {dag.py:4180} INFO - Setting next_dagrun for dataset_alias_example_alias_consumer to None, run_after=None
[2025-03-07T11:02:58.311+0000] {logging_mixin.py:190} INFO - [2025-03-07T11:02:58.310+0000] {dag.py:4180} INFO - Setting next_dagrun for dataset_alias_example_alias_producer to None, run_after=None
[2025-03-07T11:02:58.327+0000] {logging_mixin.py:190} INFO - [2025-03-07T11:02:58.327+0000] {dag.py:4180} INFO - Setting next_dagrun for dataset_s3_bucket_consumer to None, run_after=None
[2025-03-07T11:02:58.344+0000] {logging_mixin.py:190} INFO - [2025-03-07T11:02:58.343+0000] {dag.py:4180} INFO - Setting next_dagrun for dataset_s3_bucket_producer to None, run_after=None
[2025-03-07T11:02:58.732+0000] {processor.py:208} INFO - Processing /home/airflow/.local/lib/python3.12/site-packages/airflow/example_dags/example_dataset_alias.py took 7.490 seconds
[2025-03-07T11:03:37.136+0000] {processor.py:186} INFO - Started process (PID=1776) to work on /home/airflow/.local/lib/python3.12/site-packages/airflow/example_dags/example_dataset_alias.py
[2025-03-07T11:03:37.179+0000] {processor.py:914} INFO - Processing file /home/airflow/.local/lib/python3.12/site-packages/airflow/example_dags/example_dataset_alias.py for tasks to queue
[2025-03-07T11:03:37.212+0000] {logging_mixin.py:190} INFO - [2025-03-07T11:03:37.211+0000] {dagbag.py:588} INFO - Filling up the DagBag from /home/airflow/.local/lib/python3.12/site-packages/airflow/example_dags/example_dataset_alias.py
[2025-03-07T11:03:44.231+0000] {processor.py:925} INFO - DAG(s) 'dataset_alias_example_alias_consumer', 'dataset_s3_bucket_consumer', 'dataset_alias_example_alias_producer', 'dataset_s3_bucket_producer' retrieved from /home/airflow/.local/lib/python3.12/site-packages/airflow/example_dags/example_dataset_alias.py
[2025-03-07T11:03:44.454+0000] {logging_mixin.py:190} INFO - [2025-03-07T11:03:44.453+0000] {dag.py:3239} INFO - Sync 4 DAGs
[2025-03-07T11:03:44.769+0000] {logging_mixin.py:190} INFO - [2025-03-07T11:03:44.768+0000] {dag.py:4180} INFO - Setting next_dagrun for dataset_alias_example_alias_consumer to None, run_after=None
[2025-03-07T11:03:44.787+0000] {logging_mixin.py:190} INFO - [2025-03-07T11:03:44.787+0000] {dag.py:4180} INFO - Setting next_dagrun for dataset_alias_example_alias_producer to None, run_after=None
[2025-03-07T11:03:44.836+0000] {logging_mixin.py:190} INFO - [2025-03-07T11:03:44.836+0000] {dag.py:4180} INFO - Setting next_dagrun for dataset_s3_bucket_consumer to None, run_after=None
[2025-03-07T11:03:44.995+0000] {logging_mixin.py:190} INFO - [2025-03-07T11:03:44.994+0000] {dag.py:4180} INFO - Setting next_dagrun for dataset_s3_bucket_producer to None, run_after=None
[2025-03-07T11:03:45.234+0000] {processor.py:208} INFO - Processing /home/airflow/.local/lib/python3.12/site-packages/airflow/example_dags/example_dataset_alias.py took 8.124 seconds
[2025-03-07T11:04:41.279+0000] {processor.py:186} INFO - Started process (PID=1860) to work on /home/airflow/.local/lib/python3.12/site-packages/airflow/example_dags/example_dataset_alias.py
[2025-03-07T11:04:41.313+0000] {processor.py:914} INFO - Processing file /home/airflow/.local/lib/python3.12/site-packages/airflow/example_dags/example_dataset_alias.py for tasks to queue
[2025-03-07T11:04:41.329+0000] {logging_mixin.py:190} INFO - [2025-03-07T11:04:41.321+0000] {dagbag.py:588} INFO - Filling up the DagBag from /home/airflow/.local/lib/python3.12/site-packages/airflow/example_dags/example_dataset_alias.py
[2025-03-07T11:04:45.690+0000] {processor.py:925} INFO - DAG(s) 'dataset_alias_example_alias_producer', 'dataset_s3_bucket_consumer', 'dataset_alias_example_alias_consumer', 'dataset_s3_bucket_producer' retrieved from /home/airflow/.local/lib/python3.12/site-packages/airflow/example_dags/example_dataset_alias.py
[2025-03-07T11:04:45.911+0000] {logging_mixin.py:190} INFO - [2025-03-07T11:04:45.910+0000] {dag.py:3239} INFO - Sync 4 DAGs
[2025-03-07T11:04:46.212+0000] {logging_mixin.py:190} INFO - [2025-03-07T11:04:46.212+0000] {dag.py:4180} INFO - Setting next_dagrun for dataset_alias_example_alias_consumer to None, run_after=None
[2025-03-07T11:04:46.295+0000] {logging_mixin.py:190} INFO - [2025-03-07T11:04:46.294+0000] {dag.py:4180} INFO - Setting next_dagrun for dataset_alias_example_alias_producer to None, run_after=None
[2025-03-07T11:04:46.308+0000] {logging_mixin.py:190} INFO - [2025-03-07T11:04:46.308+0000] {dag.py:4180} INFO - Setting next_dagrun for dataset_s3_bucket_consumer to None, run_after=None
[2025-03-07T11:04:46.344+0000] {logging_mixin.py:190} INFO - [2025-03-07T11:04:46.343+0000] {dag.py:4180} INFO - Setting next_dagrun for dataset_s3_bucket_producer to None, run_after=None
[2025-03-07T11:04:46.503+0000] {processor.py:208} INFO - Processing /home/airflow/.local/lib/python3.12/site-packages/airflow/example_dags/example_dataset_alias.py took 5.258 seconds
[2025-03-07T11:05:17.115+0000] {processor.py:186} INFO - Started process (PID=1923) to work on /home/airflow/.local/lib/python3.12/site-packages/airflow/example_dags/example_dataset_alias.py
[2025-03-07T11:05:17.139+0000] {processor.py:914} INFO - Processing file /home/airflow/.local/lib/python3.12/site-packages/airflow/example_dags/example_dataset_alias.py for tasks to queue
[2025-03-07T11:05:17.149+0000] {logging_mixin.py:190} INFO - [2025-03-07T11:05:17.149+0000] {dagbag.py:588} INFO - Filling up the DagBag from /home/airflow/.local/lib/python3.12/site-packages/airflow/example_dags/example_dataset_alias.py
[2025-03-07T11:05:20.708+0000] {processor.py:925} INFO - DAG(s) 'dataset_alias_example_alias_consumer', 'dataset_alias_example_alias_producer', 'dataset_s3_bucket_consumer', 'dataset_s3_bucket_producer' retrieved from /home/airflow/.local/lib/python3.12/site-packages/airflow/example_dags/example_dataset_alias.py
[2025-03-07T11:05:20.829+0000] {logging_mixin.py:190} INFO - [2025-03-07T11:05:20.817+0000] {dag.py:3239} INFO - Sync 4 DAGs
[2025-03-07T11:05:20.994+0000] {logging_mixin.py:190} INFO - [2025-03-07T11:05:20.993+0000] {dag.py:4180} INFO - Setting next_dagrun for dataset_alias_example_alias_consumer to None, run_after=None
[2025-03-07T11:05:21.033+0000] {logging_mixin.py:190} INFO - [2025-03-07T11:05:21.032+0000] {dag.py:4180} INFO - Setting next_dagrun for dataset_alias_example_alias_producer to None, run_after=None
[2025-03-07T11:05:21.055+0000] {logging_mixin.py:190} INFO - [2025-03-07T11:05:21.055+0000] {dag.py:4180} INFO - Setting next_dagrun for dataset_s3_bucket_consumer to None, run_after=None
[2025-03-07T11:05:21.063+0000] {logging_mixin.py:190} INFO - [2025-03-07T11:05:21.059+0000] {dag.py:4180} INFO - Setting next_dagrun for dataset_s3_bucket_producer to None, run_after=None
[2025-03-07T11:05:21.222+0000] {processor.py:208} INFO - Processing /home/airflow/.local/lib/python3.12/site-packages/airflow/example_dags/example_dataset_alias.py took 4.137 seconds
[2025-03-07T11:05:53.567+0000] {processor.py:186} INFO - Started process (PID=1985) to work on /home/airflow/.local/lib/python3.12/site-packages/airflow/example_dags/example_dataset_alias.py
[2025-03-07T11:05:53.569+0000] {processor.py:914} INFO - Processing file /home/airflow/.local/lib/python3.12/site-packages/airflow/example_dags/example_dataset_alias.py for tasks to queue
[2025-03-07T11:05:53.577+0000] {logging_mixin.py:190} INFO - [2025-03-07T11:05:53.576+0000] {dagbag.py:588} INFO - Filling up the DagBag from /home/airflow/.local/lib/python3.12/site-packages/airflow/example_dags/example_dataset_alias.py
[2025-03-07T11:05:56.594+0000] {processor.py:925} INFO - DAG(s) 'dataset_alias_example_alias_consumer', 'dataset_alias_example_alias_producer', 'dataset_s3_bucket_consumer', 'dataset_s3_bucket_producer' retrieved from /home/airflow/.local/lib/python3.12/site-packages/airflow/example_dags/example_dataset_alias.py
[2025-03-07T11:05:56.758+0000] {logging_mixin.py:190} INFO - [2025-03-07T11:05:56.756+0000] {dag.py:3239} INFO - Sync 4 DAGs
[2025-03-07T11:05:56.892+0000] {logging_mixin.py:190} INFO - [2025-03-07T11:05:56.891+0000] {dag.py:4180} INFO - Setting next_dagrun for dataset_alias_example_alias_consumer to None, run_after=None
[2025-03-07T11:05:56.929+0000] {logging_mixin.py:190} INFO - [2025-03-07T11:05:56.928+0000] {dag.py:4180} INFO - Setting next_dagrun for dataset_alias_example_alias_producer to None, run_after=None
[2025-03-07T11:05:56.947+0000] {logging_mixin.py:190} INFO - [2025-03-07T11:05:56.947+0000] {dag.py:4180} INFO - Setting next_dagrun for dataset_s3_bucket_consumer to None, run_after=None
[2025-03-07T11:05:56.960+0000] {logging_mixin.py:190} INFO - [2025-03-07T11:05:56.953+0000] {dag.py:4180} INFO - Setting next_dagrun for dataset_s3_bucket_producer to None, run_after=None
[2025-03-07T11:05:57.049+0000] {processor.py:208} INFO - Processing /home/airflow/.local/lib/python3.12/site-packages/airflow/example_dags/example_dataset_alias.py took 3.498 seconds
[2025-03-07T11:06:27.355+0000] {processor.py:186} INFO - Started process (PID=2048) to work on /home/airflow/.local/lib/python3.12/site-packages/airflow/example_dags/example_dataset_alias.py
[2025-03-07T11:06:27.356+0000] {processor.py:914} INFO - Processing file /home/airflow/.local/lib/python3.12/site-packages/airflow/example_dags/example_dataset_alias.py for tasks to queue
[2025-03-07T11:06:27.359+0000] {logging_mixin.py:190} INFO - [2025-03-07T11:06:27.359+0000] {dagbag.py:588} INFO - Filling up the DagBag from /home/airflow/.local/lib/python3.12/site-packages/airflow/example_dags/example_dataset_alias.py
[2025-03-07T11:06:29.025+0000] {processor.py:925} INFO - DAG(s) 'dataset_alias_example_alias_consumer', 'dataset_alias_example_alias_producer', 'dataset_s3_bucket_producer', 'dataset_s3_bucket_consumer' retrieved from /home/airflow/.local/lib/python3.12/site-packages/airflow/example_dags/example_dataset_alias.py
[2025-03-07T11:06:29.084+0000] {logging_mixin.py:190} INFO - [2025-03-07T11:06:29.083+0000] {dag.py:3239} INFO - Sync 4 DAGs
[2025-03-07T11:06:29.147+0000] {logging_mixin.py:190} INFO - [2025-03-07T11:06:29.146+0000] {dag.py:4180} INFO - Setting next_dagrun for dataset_alias_example_alias_consumer to None, run_after=None
[2025-03-07T11:06:29.152+0000] {logging_mixin.py:190} INFO - [2025-03-07T11:06:29.152+0000] {dag.py:4180} INFO - Setting next_dagrun for dataset_alias_example_alias_producer to None, run_after=None
[2025-03-07T11:06:29.158+0000] {logging_mixin.py:190} INFO - [2025-03-07T11:06:29.157+0000] {dag.py:4180} INFO - Setting next_dagrun for dataset_s3_bucket_consumer to None, run_after=None
[2025-03-07T11:06:29.160+0000] {logging_mixin.py:190} INFO - [2025-03-07T11:06:29.160+0000] {dag.py:4180} INFO - Setting next_dagrun for dataset_s3_bucket_producer to None, run_after=None
[2025-03-07T11:06:29.214+0000] {processor.py:208} INFO - Processing /home/airflow/.local/lib/python3.12/site-packages/airflow/example_dags/example_dataset_alias.py took 1.869 seconds
[2025-03-07T11:06:59.541+0000] {processor.py:186} INFO - Started process (PID=2112) to work on /home/airflow/.local/lib/python3.12/site-packages/airflow/example_dags/example_dataset_alias.py
[2025-03-07T11:06:59.542+0000] {processor.py:914} INFO - Processing file /home/airflow/.local/lib/python3.12/site-packages/airflow/example_dags/example_dataset_alias.py for tasks to queue
[2025-03-07T11:06:59.546+0000] {logging_mixin.py:190} INFO - [2025-03-07T11:06:59.546+0000] {dagbag.py:588} INFO - Filling up the DagBag from /home/airflow/.local/lib/python3.12/site-packages/airflow/example_dags/example_dataset_alias.py
[2025-03-07T11:07:01.196+0000] {processor.py:925} INFO - DAG(s) 'dataset_alias_example_alias_consumer', 'dataset_alias_example_alias_producer', 'dataset_s3_bucket_producer', 'dataset_s3_bucket_consumer' retrieved from /home/airflow/.local/lib/python3.12/site-packages/airflow/example_dags/example_dataset_alias.py
[2025-03-07T11:07:01.244+0000] {logging_mixin.py:190} INFO - [2025-03-07T11:07:01.242+0000] {dag.py:3239} INFO - Sync 4 DAGs
[2025-03-07T11:07:01.298+0000] {logging_mixin.py:190} INFO - [2025-03-07T11:07:01.298+0000] {dag.py:4180} INFO - Setting next_dagrun for dataset_alias_example_alias_consumer to None, run_after=None
[2025-03-07T11:07:01.305+0000] {logging_mixin.py:190} INFO - [2025-03-07T11:07:01.304+0000] {dag.py:4180} INFO - Setting next_dagrun for dataset_alias_example_alias_producer to None, run_after=None
[2025-03-07T11:07:01.308+0000] {logging_mixin.py:190} INFO - [2025-03-07T11:07:01.308+0000] {dag.py:4180} INFO - Setting next_dagrun for dataset_s3_bucket_consumer to None, run_after=None
[2025-03-07T11:07:01.312+0000] {logging_mixin.py:190} INFO - [2025-03-07T11:07:01.311+0000] {dag.py:4180} INFO - Setting next_dagrun for dataset_s3_bucket_producer to None, run_after=None
[2025-03-07T11:07:01.354+0000] {processor.py:208} INFO - Processing /home/airflow/.local/lib/python3.12/site-packages/airflow/example_dags/example_dataset_alias.py took 1.820 seconds
[2025-03-07T11:07:32.336+0000] {processor.py:186} INFO - Started process (PID=2177) to work on /home/airflow/.local/lib/python3.12/site-packages/airflow/example_dags/example_dataset_alias.py
[2025-03-07T11:07:32.339+0000] {processor.py:914} INFO - Processing file /home/airflow/.local/lib/python3.12/site-packages/airflow/example_dags/example_dataset_alias.py for tasks to queue
[2025-03-07T11:07:32.343+0000] {logging_mixin.py:190} INFO - [2025-03-07T11:07:32.342+0000] {dagbag.py:588} INFO - Filling up the DagBag from /home/airflow/.local/lib/python3.12/site-packages/airflow/example_dags/example_dataset_alias.py
[2025-03-07T11:07:33.722+0000] {processor.py:925} INFO - DAG(s) 'dataset_alias_example_alias_consumer', 'dataset_s3_bucket_producer', 'dataset_alias_example_alias_producer', 'dataset_s3_bucket_consumer' retrieved from /home/airflow/.local/lib/python3.12/site-packages/airflow/example_dags/example_dataset_alias.py
[2025-03-07T11:07:33.819+0000] {logging_mixin.py:190} INFO - [2025-03-07T11:07:33.818+0000] {dag.py:3239} INFO - Sync 4 DAGs
[2025-03-07T11:07:33.907+0000] {logging_mixin.py:190} INFO - [2025-03-07T11:07:33.906+0000] {dag.py:4180} INFO - Setting next_dagrun for dataset_alias_example_alias_consumer to None, run_after=None
[2025-03-07T11:07:33.917+0000] {logging_mixin.py:190} INFO - [2025-03-07T11:07:33.917+0000] {dag.py:4180} INFO - Setting next_dagrun for dataset_alias_example_alias_producer to None, run_after=None
[2025-03-07T11:07:33.922+0000] {logging_mixin.py:190} INFO - [2025-03-07T11:07:33.921+0000] {dag.py:4180} INFO - Setting next_dagrun for dataset_s3_bucket_consumer to None, run_after=None
[2025-03-07T11:07:33.926+0000] {logging_mixin.py:190} INFO - [2025-03-07T11:07:33.925+0000] {dag.py:4180} INFO - Setting next_dagrun for dataset_s3_bucket_producer to None, run_after=None
[2025-03-07T11:07:33.989+0000] {processor.py:208} INFO - Processing /home/airflow/.local/lib/python3.12/site-packages/airflow/example_dags/example_dataset_alias.py took 1.667 seconds
[2025-03-07T11:08:05.025+0000] {processor.py:186} INFO - Started process (PID=2241) to work on /home/airflow/.local/lib/python3.12/site-packages/airflow/example_dags/example_dataset_alias.py
[2025-03-07T11:08:05.027+0000] {processor.py:914} INFO - Processing file /home/airflow/.local/lib/python3.12/site-packages/airflow/example_dags/example_dataset_alias.py for tasks to queue
[2025-03-07T11:08:05.033+0000] {logging_mixin.py:190} INFO - [2025-03-07T11:08:05.033+0000] {dagbag.py:588} INFO - Filling up the DagBag from /home/airflow/.local/lib/python3.12/site-packages/airflow/example_dags/example_dataset_alias.py
[2025-03-07T11:08:06.463+0000] {processor.py:925} INFO - DAG(s) 'dataset_alias_example_alias_consumer', 'dataset_s3_bucket_consumer', 'dataset_s3_bucket_producer', 'dataset_alias_example_alias_producer' retrieved from /home/airflow/.local/lib/python3.12/site-packages/airflow/example_dags/example_dataset_alias.py
[2025-03-07T11:08:06.508+0000] {logging_mixin.py:190} INFO - [2025-03-07T11:08:06.507+0000] {dag.py:3239} INFO - Sync 4 DAGs
[2025-03-07T11:08:06.560+0000] {logging_mixin.py:190} INFO - [2025-03-07T11:08:06.560+0000] {dag.py:4180} INFO - Setting next_dagrun for dataset_alias_example_alias_consumer to None, run_after=None
[2025-03-07T11:08:06.568+0000] {logging_mixin.py:190} INFO - [2025-03-07T11:08:06.567+0000] {dag.py:4180} INFO - Setting next_dagrun for dataset_alias_example_alias_producer to None, run_after=None
[2025-03-07T11:08:06.571+0000] {logging_mixin.py:190} INFO - [2025-03-07T11:08:06.571+0000] {dag.py:4180} INFO - Setting next_dagrun for dataset_s3_bucket_consumer to None, run_after=None
[2025-03-07T11:08:06.576+0000] {logging_mixin.py:190} INFO - [2025-03-07T11:08:06.575+0000] {dag.py:4180} INFO - Setting next_dagrun for dataset_s3_bucket_producer to None, run_after=None
[2025-03-07T11:08:06.612+0000] {processor.py:208} INFO - Processing /home/airflow/.local/lib/python3.12/site-packages/airflow/example_dags/example_dataset_alias.py took 1.602 seconds
[2025-03-07T11:08:36.905+0000] {processor.py:186} INFO - Started process (PID=2310) to work on /home/airflow/.local/lib/python3.12/site-packages/airflow/example_dags/example_dataset_alias.py
[2025-03-07T11:08:36.907+0000] {processor.py:914} INFO - Processing file /home/airflow/.local/lib/python3.12/site-packages/airflow/example_dags/example_dataset_alias.py for tasks to queue
[2025-03-07T11:08:36.911+0000] {logging_mixin.py:190} INFO - [2025-03-07T11:08:36.911+0000] {dagbag.py:588} INFO - Filling up the DagBag from /home/airflow/.local/lib/python3.12/site-packages/airflow/example_dags/example_dataset_alias.py
[2025-03-07T11:08:38.360+0000] {processor.py:925} INFO - DAG(s) 'dataset_s3_bucket_producer', 'dataset_s3_bucket_consumer', 'dataset_alias_example_alias_producer', 'dataset_alias_example_alias_consumer' retrieved from /home/airflow/.local/lib/python3.12/site-packages/airflow/example_dags/example_dataset_alias.py
[2025-03-07T11:08:38.407+0000] {logging_mixin.py:190} INFO - [2025-03-07T11:08:38.406+0000] {dag.py:3239} INFO - Sync 4 DAGs
[2025-03-07T11:08:38.452+0000] {logging_mixin.py:190} INFO - [2025-03-07T11:08:38.452+0000] {dag.py:4180} INFO - Setting next_dagrun for dataset_alias_example_alias_consumer to None, run_after=None
[2025-03-07T11:08:38.458+0000] {logging_mixin.py:190} INFO - [2025-03-07T11:08:38.458+0000] {dag.py:4180} INFO - Setting next_dagrun for dataset_alias_example_alias_producer to None, run_after=None
[2025-03-07T11:08:38.463+0000] {logging_mixin.py:190} INFO - [2025-03-07T11:08:38.462+0000] {dag.py:4180} INFO - Setting next_dagrun for dataset_s3_bucket_consumer to None, run_after=None
[2025-03-07T11:08:38.467+0000] {logging_mixin.py:190} INFO - [2025-03-07T11:08:38.466+0000] {dag.py:4180} INFO - Setting next_dagrun for dataset_s3_bucket_producer to None, run_after=None
[2025-03-07T11:08:38.518+0000] {processor.py:208} INFO - Processing /home/airflow/.local/lib/python3.12/site-packages/airflow/example_dags/example_dataset_alias.py took 1.625 seconds
[2025-03-07T11:09:09.254+0000] {processor.py:186} INFO - Started process (PID=2377) to work on /home/airflow/.local/lib/python3.12/site-packages/airflow/example_dags/example_dataset_alias.py
[2025-03-07T11:09:09.256+0000] {processor.py:914} INFO - Processing file /home/airflow/.local/lib/python3.12/site-packages/airflow/example_dags/example_dataset_alias.py for tasks to queue
[2025-03-07T11:09:09.260+0000] {logging_mixin.py:190} INFO - [2025-03-07T11:09:09.260+0000] {dagbag.py:588} INFO - Filling up the DagBag from /home/airflow/.local/lib/python3.12/site-packages/airflow/example_dags/example_dataset_alias.py
[2025-03-07T11:09:10.725+0000] {processor.py:925} INFO - DAG(s) 'dataset_alias_example_alias_consumer', 'dataset_s3_bucket_producer', 'dataset_alias_example_alias_producer', 'dataset_s3_bucket_consumer' retrieved from /home/airflow/.local/lib/python3.12/site-packages/airflow/example_dags/example_dataset_alias.py
[2025-03-07T11:09:10.793+0000] {logging_mixin.py:190} INFO - [2025-03-07T11:09:10.792+0000] {dag.py:3239} INFO - Sync 4 DAGs
[2025-03-07T11:09:10.866+0000] {logging_mixin.py:190} INFO - [2025-03-07T11:09:10.866+0000] {dag.py:4180} INFO - Setting next_dagrun for dataset_alias_example_alias_consumer to None, run_after=None
[2025-03-07T11:09:10.873+0000] {logging_mixin.py:190} INFO - [2025-03-07T11:09:10.873+0000] {dag.py:4180} INFO - Setting next_dagrun for dataset_alias_example_alias_producer to None, run_after=None
[2025-03-07T11:09:10.878+0000] {logging_mixin.py:190} INFO - [2025-03-07T11:09:10.878+0000] {dag.py:4180} INFO - Setting next_dagrun for dataset_s3_bucket_consumer to None, run_after=None
[2025-03-07T11:09:10.882+0000] {logging_mixin.py:190} INFO - [2025-03-07T11:09:10.882+0000] {dag.py:4180} INFO - Setting next_dagrun for dataset_s3_bucket_producer to None, run_after=None
[2025-03-07T11:09:10.939+0000] {processor.py:208} INFO - Processing /home/airflow/.local/lib/python3.12/site-packages/airflow/example_dags/example_dataset_alias.py took 1.694 seconds
[2025-03-07T11:09:41.737+0000] {processor.py:186} INFO - Started process (PID=2442) to work on /home/airflow/.local/lib/python3.12/site-packages/airflow/example_dags/example_dataset_alias.py
[2025-03-07T11:09:41.738+0000] {processor.py:914} INFO - Processing file /home/airflow/.local/lib/python3.12/site-packages/airflow/example_dags/example_dataset_alias.py for tasks to queue
[2025-03-07T11:09:41.741+0000] {logging_mixin.py:190} INFO - [2025-03-07T11:09:41.741+0000] {dagbag.py:588} INFO - Filling up the DagBag from /home/airflow/.local/lib/python3.12/site-packages/airflow/example_dags/example_dataset_alias.py
[2025-03-07T11:09:42.562+0000] {processor.py:925} INFO - DAG(s) 'dataset_alias_example_alias_consumer', 'dataset_s3_bucket_producer', 'dataset_s3_bucket_consumer', 'dataset_alias_example_alias_producer' retrieved from /home/airflow/.local/lib/python3.12/site-packages/airflow/example_dags/example_dataset_alias.py
[2025-03-07T11:09:42.597+0000] {logging_mixin.py:190} INFO - [2025-03-07T11:09:42.596+0000] {dag.py:3239} INFO - Sync 4 DAGs
[2025-03-07T11:09:42.634+0000] {logging_mixin.py:190} INFO - [2025-03-07T11:09:42.634+0000] {dag.py:4180} INFO - Setting next_dagrun for dataset_alias_example_alias_consumer to None, run_after=None
[2025-03-07T11:09:42.639+0000] {logging_mixin.py:190} INFO - [2025-03-07T11:09:42.639+0000] {dag.py:4180} INFO - Setting next_dagrun for dataset_alias_example_alias_producer to None, run_after=None
[2025-03-07T11:09:42.641+0000] {logging_mixin.py:190} INFO - [2025-03-07T11:09:42.641+0000] {dag.py:4180} INFO - Setting next_dagrun for dataset_s3_bucket_consumer to None, run_after=None
[2025-03-07T11:09:42.644+0000] {logging_mixin.py:190} INFO - [2025-03-07T11:09:42.644+0000] {dag.py:4180} INFO - Setting next_dagrun for dataset_s3_bucket_producer to None, run_after=None
[2025-03-07T11:09:42.679+0000] {processor.py:208} INFO - Processing /home/airflow/.local/lib/python3.12/site-packages/airflow/example_dags/example_dataset_alias.py took 0.948 seconds
[2025-03-07T11:10:13.145+0000] {processor.py:186} INFO - Started process (PID=2506) to work on /home/airflow/.local/lib/python3.12/site-packages/airflow/example_dags/example_dataset_alias.py
[2025-03-07T11:10:13.146+0000] {processor.py:914} INFO - Processing file /home/airflow/.local/lib/python3.12/site-packages/airflow/example_dags/example_dataset_alias.py for tasks to queue
[2025-03-07T11:10:13.148+0000] {logging_mixin.py:190} INFO - [2025-03-07T11:10:13.148+0000] {dagbag.py:588} INFO - Filling up the DagBag from /home/airflow/.local/lib/python3.12/site-packages/airflow/example_dags/example_dataset_alias.py
[2025-03-07T11:10:14.040+0000] {processor.py:925} INFO - DAG(s) 'dataset_alias_example_alias_producer', 'dataset_s3_bucket_consumer', 'dataset_s3_bucket_producer', 'dataset_alias_example_alias_consumer' retrieved from /home/airflow/.local/lib/python3.12/site-packages/airflow/example_dags/example_dataset_alias.py
[2025-03-07T11:10:14.147+0000] {logging_mixin.py:190} INFO - [2025-03-07T11:10:14.146+0000] {dag.py:3239} INFO - Sync 4 DAGs
[2025-03-07T11:10:14.224+0000] {logging_mixin.py:190} INFO - [2025-03-07T11:10:14.223+0000] {dag.py:4180} INFO - Setting next_dagrun for dataset_alias_example_alias_consumer to None, run_after=None
[2025-03-07T11:10:14.231+0000] {logging_mixin.py:190} INFO - [2025-03-07T11:10:14.231+0000] {dag.py:4180} INFO - Setting next_dagrun for dataset_alias_example_alias_producer to None, run_after=None
[2025-03-07T11:10:14.236+0000] {logging_mixin.py:190} INFO - [2025-03-07T11:10:14.236+0000] {dag.py:4180} INFO - Setting next_dagrun for dataset_s3_bucket_consumer to None, run_after=None
[2025-03-07T11:10:14.240+0000] {logging_mixin.py:190} INFO - [2025-03-07T11:10:14.239+0000] {dag.py:4180} INFO - Setting next_dagrun for dataset_s3_bucket_producer to None, run_after=None
[2025-03-07T11:10:14.280+0000] {processor.py:208} INFO - Processing /home/airflow/.local/lib/python3.12/site-packages/airflow/example_dags/example_dataset_alias.py took 1.143 seconds
[2025-03-07T11:10:44.932+0000] {processor.py:186} INFO - Started process (PID=2572) to work on /home/airflow/.local/lib/python3.12/site-packages/airflow/example_dags/example_dataset_alias.py
[2025-03-07T11:10:44.934+0000] {processor.py:914} INFO - Processing file /home/airflow/.local/lib/python3.12/site-packages/airflow/example_dags/example_dataset_alias.py for tasks to queue
[2025-03-07T11:10:44.938+0000] {logging_mixin.py:190} INFO - [2025-03-07T11:10:44.938+0000] {dagbag.py:588} INFO - Filling up the DagBag from /home/airflow/.local/lib/python3.12/site-packages/airflow/example_dags/example_dataset_alias.py
[2025-03-07T11:10:46.146+0000] {processor.py:925} INFO - DAG(s) 'dataset_s3_bucket_producer', 'dataset_s3_bucket_consumer', 'dataset_alias_example_alias_producer', 'dataset_alias_example_alias_consumer' retrieved from /home/airflow/.local/lib/python3.12/site-packages/airflow/example_dags/example_dataset_alias.py
[2025-03-07T11:10:46.186+0000] {logging_mixin.py:190} INFO - [2025-03-07T11:10:46.185+0000] {dag.py:3239} INFO - Sync 4 DAGs
[2025-03-07T11:10:46.230+0000] {logging_mixin.py:190} INFO - [2025-03-07T11:10:46.229+0000] {dag.py:4180} INFO - Setting next_dagrun for dataset_alias_example_alias_consumer to None, run_after=None
[2025-03-07T11:10:46.236+0000] {logging_mixin.py:190} INFO - [2025-03-07T11:10:46.235+0000] {dag.py:4180} INFO - Setting next_dagrun for dataset_alias_example_alias_producer to None, run_after=None
[2025-03-07T11:10:46.239+0000] {logging_mixin.py:190} INFO - [2025-03-07T11:10:46.239+0000] {dag.py:4180} INFO - Setting next_dagrun for dataset_s3_bucket_consumer to None, run_after=None
[2025-03-07T11:10:46.242+0000] {logging_mixin.py:190} INFO - [2025-03-07T11:10:46.242+0000] {dag.py:4180} INFO - Setting next_dagrun for dataset_s3_bucket_producer to None, run_after=None
[2025-03-07T11:10:46.280+0000] {processor.py:208} INFO - Processing /home/airflow/.local/lib/python3.12/site-packages/airflow/example_dags/example_dataset_alias.py took 1.362 seconds
[2025-03-07T11:11:16.694+0000] {processor.py:186} INFO - Started process (PID=2640) to work on /home/airflow/.local/lib/python3.12/site-packages/airflow/example_dags/example_dataset_alias.py
[2025-03-07T11:11:16.697+0000] {processor.py:914} INFO - Processing file /home/airflow/.local/lib/python3.12/site-packages/airflow/example_dags/example_dataset_alias.py for tasks to queue
[2025-03-07T11:11:16.712+0000] {logging_mixin.py:190} INFO - [2025-03-07T11:11:16.711+0000] {dagbag.py:588} INFO - Filling up the DagBag from /home/airflow/.local/lib/python3.12/site-packages/airflow/example_dags/example_dataset_alias.py
[2025-03-07T11:11:18.149+0000] {processor.py:925} INFO - DAG(s) 'dataset_s3_bucket_producer', 'dataset_alias_example_alias_consumer', 'dataset_alias_example_alias_producer', 'dataset_s3_bucket_consumer' retrieved from /home/airflow/.local/lib/python3.12/site-packages/airflow/example_dags/example_dataset_alias.py
[2025-03-07T11:11:18.189+0000] {logging_mixin.py:190} INFO - [2025-03-07T11:11:18.188+0000] {dag.py:3239} INFO - Sync 4 DAGs
[2025-03-07T11:11:18.235+0000] {logging_mixin.py:190} INFO - [2025-03-07T11:11:18.235+0000] {dag.py:4180} INFO - Setting next_dagrun for dataset_alias_example_alias_consumer to None, run_after=None
[2025-03-07T11:11:18.242+0000] {logging_mixin.py:190} INFO - [2025-03-07T11:11:18.242+0000] {dag.py:4180} INFO - Setting next_dagrun for dataset_alias_example_alias_producer to None, run_after=None
[2025-03-07T11:11:18.247+0000] {logging_mixin.py:190} INFO - [2025-03-07T11:11:18.247+0000] {dag.py:4180} INFO - Setting next_dagrun for dataset_s3_bucket_consumer to None, run_after=None
[2025-03-07T11:11:18.251+0000] {logging_mixin.py:190} INFO - [2025-03-07T11:11:18.251+0000] {dag.py:4180} INFO - Setting next_dagrun for dataset_s3_bucket_producer to None, run_after=None
[2025-03-07T11:11:18.305+0000] {processor.py:208} INFO - Processing /home/airflow/.local/lib/python3.12/site-packages/airflow/example_dags/example_dataset_alias.py took 1.646 seconds
[2025-03-07T11:11:48.822+0000] {processor.py:186} INFO - Started process (PID=2705) to work on /home/airflow/.local/lib/python3.12/site-packages/airflow/example_dags/example_dataset_alias.py
[2025-03-07T11:11:48.824+0000] {processor.py:914} INFO - Processing file /home/airflow/.local/lib/python3.12/site-packages/airflow/example_dags/example_dataset_alias.py for tasks to queue
[2025-03-07T11:11:48.829+0000] {logging_mixin.py:190} INFO - [2025-03-07T11:11:48.829+0000] {dagbag.py:588} INFO - Filling up the DagBag from /home/airflow/.local/lib/python3.12/site-packages/airflow/example_dags/example_dataset_alias.py
[2025-03-07T11:11:50.812+0000] {processor.py:925} INFO - DAG(s) 'dataset_alias_example_alias_consumer', 'dataset_alias_example_alias_producer', 'dataset_s3_bucket_consumer', 'dataset_s3_bucket_producer' retrieved from /home/airflow/.local/lib/python3.12/site-packages/airflow/example_dags/example_dataset_alias.py
[2025-03-07T11:11:50.900+0000] {logging_mixin.py:190} INFO - [2025-03-07T11:11:50.898+0000] {dag.py:3239} INFO - Sync 4 DAGs
[2025-03-07T11:11:50.978+0000] {logging_mixin.py:190} INFO - [2025-03-07T11:11:50.977+0000] {dag.py:4180} INFO - Setting next_dagrun for dataset_alias_example_alias_consumer to None, run_after=None
[2025-03-07T11:11:50.986+0000] {logging_mixin.py:190} INFO - [2025-03-07T11:11:50.985+0000] {dag.py:4180} INFO - Setting next_dagrun for dataset_alias_example_alias_producer to None, run_after=None
[2025-03-07T11:11:50.995+0000] {logging_mixin.py:190} INFO - [2025-03-07T11:11:50.994+0000] {dag.py:4180} INFO - Setting next_dagrun for dataset_s3_bucket_consumer to None, run_after=None
[2025-03-07T11:11:51.001+0000] {logging_mixin.py:190} INFO - [2025-03-07T11:11:51.001+0000] {dag.py:4180} INFO - Setting next_dagrun for dataset_s3_bucket_producer to None, run_after=None
[2025-03-07T11:11:51.067+0000] {processor.py:208} INFO - Processing /home/airflow/.local/lib/python3.12/site-packages/airflow/example_dags/example_dataset_alias.py took 2.258 seconds
[2025-03-07T11:12:21.741+0000] {processor.py:186} INFO - Started process (PID=2775) to work on /home/airflow/.local/lib/python3.12/site-packages/airflow/example_dags/example_dataset_alias.py
[2025-03-07T11:12:21.742+0000] {processor.py:914} INFO - Processing file /home/airflow/.local/lib/python3.12/site-packages/airflow/example_dags/example_dataset_alias.py for tasks to queue
[2025-03-07T11:12:21.750+0000] {logging_mixin.py:190} INFO - [2025-03-07T11:12:21.748+0000] {dagbag.py:588} INFO - Filling up the DagBag from /home/airflow/.local/lib/python3.12/site-packages/airflow/example_dags/example_dataset_alias.py
[2025-03-07T11:12:22.658+0000] {processor.py:925} INFO - DAG(s) 'dataset_alias_example_alias_consumer', 'dataset_s3_bucket_consumer', 'dataset_alias_example_alias_producer', 'dataset_s3_bucket_producer' retrieved from /home/airflow/.local/lib/python3.12/site-packages/airflow/example_dags/example_dataset_alias.py
[2025-03-07T11:12:22.702+0000] {logging_mixin.py:190} INFO - [2025-03-07T11:12:22.701+0000] {dag.py:3239} INFO - Sync 4 DAGs
[2025-03-07T11:12:22.743+0000] {logging_mixin.py:190} INFO - [2025-03-07T11:12:22.743+0000] {dag.py:4180} INFO - Setting next_dagrun for dataset_alias_example_alias_consumer to None, run_after=None
[2025-03-07T11:12:22.749+0000] {logging_mixin.py:190} INFO - [2025-03-07T11:12:22.749+0000] {dag.py:4180} INFO - Setting next_dagrun for dataset_alias_example_alias_producer to None, run_after=None
[2025-03-07T11:12:22.752+0000] {logging_mixin.py:190} INFO - [2025-03-07T11:12:22.752+0000] {dag.py:4180} INFO - Setting next_dagrun for dataset_s3_bucket_consumer to None, run_after=None
[2025-03-07T11:12:22.755+0000] {logging_mixin.py:190} INFO - [2025-03-07T11:12:22.754+0000] {dag.py:4180} INFO - Setting next_dagrun for dataset_s3_bucket_producer to None, run_after=None
[2025-03-07T11:12:22.791+0000] {processor.py:208} INFO - Processing /home/airflow/.local/lib/python3.12/site-packages/airflow/example_dags/example_dataset_alias.py took 1.058 seconds
[2025-03-07T11:12:53.358+0000] {processor.py:186} INFO - Started process (PID=2839) to work on /home/airflow/.local/lib/python3.12/site-packages/airflow/example_dags/example_dataset_alias.py
[2025-03-07T11:12:53.360+0000] {processor.py:914} INFO - Processing file /home/airflow/.local/lib/python3.12/site-packages/airflow/example_dags/example_dataset_alias.py for tasks to queue
[2025-03-07T11:12:53.363+0000] {logging_mixin.py:190} INFO - [2025-03-07T11:12:53.363+0000] {dagbag.py:588} INFO - Filling up the DagBag from /home/airflow/.local/lib/python3.12/site-packages/airflow/example_dags/example_dataset_alias.py
[2025-03-07T11:12:55.026+0000] {processor.py:925} INFO - DAG(s) 'dataset_s3_bucket_producer', 'dataset_alias_example_alias_consumer', 'dataset_s3_bucket_consumer', 'dataset_alias_example_alias_producer' retrieved from /home/airflow/.local/lib/python3.12/site-packages/airflow/example_dags/example_dataset_alias.py
[2025-03-07T11:12:55.122+0000] {logging_mixin.py:190} INFO - [2025-03-07T11:12:55.120+0000] {dag.py:3239} INFO - Sync 4 DAGs
[2025-03-07T11:12:55.263+0000] {logging_mixin.py:190} INFO - [2025-03-07T11:12:55.262+0000] {dag.py:4180} INFO - Setting next_dagrun for dataset_alias_example_alias_consumer to None, run_after=None
[2025-03-07T11:12:55.286+0000] {logging_mixin.py:190} INFO - [2025-03-07T11:12:55.285+0000] {dag.py:4180} INFO - Setting next_dagrun for dataset_alias_example_alias_producer to None, run_after=None
[2025-03-07T11:12:55.301+0000] {logging_mixin.py:190} INFO - [2025-03-07T11:12:55.301+0000] {dag.py:4180} INFO - Setting next_dagrun for dataset_s3_bucket_consumer to None, run_after=None
[2025-03-07T11:12:55.315+0000] {logging_mixin.py:190} INFO - [2025-03-07T11:12:55.315+0000] {dag.py:4180} INFO - Setting next_dagrun for dataset_s3_bucket_producer to None, run_after=None
[2025-03-07T11:12:55.434+0000] {processor.py:208} INFO - Processing /home/airflow/.local/lib/python3.12/site-packages/airflow/example_dags/example_dataset_alias.py took 2.085 seconds
[2025-03-07T11:13:25.548+0000] {processor.py:186} INFO - Started process (PID=2904) to work on /home/airflow/.local/lib/python3.12/site-packages/airflow/example_dags/example_dataset_alias.py
[2025-03-07T11:13:25.553+0000] {processor.py:914} INFO - Processing file /home/airflow/.local/lib/python3.12/site-packages/airflow/example_dags/example_dataset_alias.py for tasks to queue
[2025-03-07T11:13:25.567+0000] {logging_mixin.py:190} INFO - [2025-03-07T11:13:25.566+0000] {dagbag.py:588} INFO - Filling up the DagBag from /home/airflow/.local/lib/python3.12/site-packages/airflow/example_dags/example_dataset_alias.py
[2025-03-07T11:13:27.731+0000] {processor.py:925} INFO - DAG(s) 'dataset_alias_example_alias_producer', 'dataset_alias_example_alias_consumer', 'dataset_s3_bucket_producer', 'dataset_s3_bucket_consumer' retrieved from /home/airflow/.local/lib/python3.12/site-packages/airflow/example_dags/example_dataset_alias.py
[2025-03-07T11:13:27.847+0000] {logging_mixin.py:190} INFO - [2025-03-07T11:13:27.845+0000] {dag.py:3239} INFO - Sync 4 DAGs
[2025-03-07T11:13:27.937+0000] {logging_mixin.py:190} INFO - [2025-03-07T11:13:27.936+0000] {dag.py:4180} INFO - Setting next_dagrun for dataset_alias_example_alias_consumer to None, run_after=None
[2025-03-07T11:13:27.956+0000] {logging_mixin.py:190} INFO - [2025-03-07T11:13:27.955+0000] {dag.py:4180} INFO - Setting next_dagrun for dataset_alias_example_alias_producer to None, run_after=None
[2025-03-07T11:13:27.977+0000] {logging_mixin.py:190} INFO - [2025-03-07T11:13:27.977+0000] {dag.py:4180} INFO - Setting next_dagrun for dataset_s3_bucket_consumer to None, run_after=None
[2025-03-07T11:13:27.986+0000] {logging_mixin.py:190} INFO - [2025-03-07T11:13:27.985+0000] {dag.py:4180} INFO - Setting next_dagrun for dataset_s3_bucket_producer to None, run_after=None
[2025-03-07T11:13:28.094+0000] {processor.py:208} INFO - Processing /home/airflow/.local/lib/python3.12/site-packages/airflow/example_dags/example_dataset_alias.py took 2.561 seconds
