[2025-03-07T10:49:33.481+0000] {processor.py:186} INFO - Started process (PID=119) to work on /home/airflow/.local/lib/python3.12/site-packages/airflow/example_dags/example_external_task_marker_dag.py
[2025-03-07T10:49:33.483+0000] {processor.py:914} INFO - Processing file /home/airflow/.local/lib/python3.12/site-packages/airflow/example_dags/example_external_task_marker_dag.py for tasks to queue
[2025-03-07T10:49:33.488+0000] {logging_mixin.py:190} INFO - [2025-03-07T10:49:33.487+0000] {dagbag.py:588} INFO - Filling up the DagBag from /home/airflow/.local/lib/python3.12/site-packages/airflow/example_dags/example_external_task_marker_dag.py
[2025-03-07T10:49:33.519+0000] {processor.py:925} INFO - DAG(s) 'example_external_task_marker_child', 'example_external_task_marker_parent' retrieved from /home/airflow/.local/lib/python3.12/site-packages/airflow/example_dags/example_external_task_marker_dag.py
[2025-03-07T10:49:33.778+0000] {logging_mixin.py:190} INFO - [2025-03-07T10:49:33.777+0000] {override.py:1912} INFO - Created Permission View: can delete on DAG:example_external_task_marker_child
[2025-03-07T10:49:33.804+0000] {logging_mixin.py:190} INFO - [2025-03-07T10:49:33.803+0000] {override.py:1912} INFO - Created Permission View: can read on DAG:example_external_task_marker_child
[2025-03-07T10:49:33.814+0000] {logging_mixin.py:190} INFO - [2025-03-07T10:49:33.814+0000] {override.py:1912} INFO - Created Permission View: can edit on DAG:example_external_task_marker_child
[2025-03-07T10:49:33.826+0000] {logging_mixin.py:190} INFO - [2025-03-07T10:49:33.825+0000] {override.py:1912} INFO - Created Permission View: can delete on DAG Run:example_external_task_marker_child
[2025-03-07T10:49:33.838+0000] {logging_mixin.py:190} INFO - [2025-03-07T10:49:33.837+0000] {override.py:1912} INFO - Created Permission View: can create on DAG Run:example_external_task_marker_child
[2025-03-07T10:49:33.852+0000] {logging_mixin.py:190} INFO - [2025-03-07T10:49:33.852+0000] {override.py:1912} INFO - Created Permission View: menu access on DAG Run:example_external_task_marker_child
[2025-03-07T10:49:33.862+0000] {logging_mixin.py:190} INFO - [2025-03-07T10:49:33.862+0000] {override.py:1912} INFO - Created Permission View: can read on DAG Run:example_external_task_marker_child
[2025-03-07T10:49:33.886+0000] {logging_mixin.py:190} INFO - [2025-03-07T10:49:33.885+0000] {override.py:1912} INFO - Created Permission View: can delete on DAG:example_external_task_marker_parent
[2025-03-07T10:49:33.898+0000] {logging_mixin.py:190} INFO - [2025-03-07T10:49:33.897+0000] {override.py:1912} INFO - Created Permission View: can read on DAG:example_external_task_marker_parent
[2025-03-07T10:49:33.913+0000] {logging_mixin.py:190} INFO - [2025-03-07T10:49:33.912+0000] {override.py:1912} INFO - Created Permission View: can edit on DAG:example_external_task_marker_parent
[2025-03-07T10:49:33.926+0000] {logging_mixin.py:190} INFO - [2025-03-07T10:49:33.926+0000] {override.py:1912} INFO - Created Permission View: can delete on DAG Run:example_external_task_marker_parent
[2025-03-07T10:49:33.937+0000] {logging_mixin.py:190} INFO - [2025-03-07T10:49:33.936+0000] {override.py:1912} INFO - Created Permission View: can create on DAG Run:example_external_task_marker_parent
[2025-03-07T10:49:33.947+0000] {logging_mixin.py:190} INFO - [2025-03-07T10:49:33.947+0000] {override.py:1912} INFO - Created Permission View: menu access on DAG Run:example_external_task_marker_parent
[2025-03-07T10:49:33.959+0000] {logging_mixin.py:190} INFO - [2025-03-07T10:49:33.958+0000] {override.py:1912} INFO - Created Permission View: can read on DAG Run:example_external_task_marker_parent
[2025-03-07T10:49:33.960+0000] {logging_mixin.py:190} INFO - [2025-03-07T10:49:33.959+0000] {dag.py:3239} INFO - Sync 2 DAGs
[2025-03-07T10:49:33.979+0000] {logging_mixin.py:190} INFO - [2025-03-07T10:49:33.978+0000] {dag.py:3262} INFO - Creating ORM DAG for example_external_task_marker_child
[2025-03-07T10:49:33.980+0000] {logging_mixin.py:190} INFO - [2025-03-07T10:49:33.980+0000] {dag.py:3262} INFO - Creating ORM DAG for example_external_task_marker_parent
[2025-03-07T10:49:33.981+0000] {logging_mixin.py:190} INFO - [2025-03-07T10:49:33.981+0000] {dag.py:4180} INFO - Setting next_dagrun for example_external_task_marker_child to None, run_after=None
[2025-03-07T10:49:33.982+0000] {logging_mixin.py:190} INFO - [2025-03-07T10:49:33.982+0000] {dag.py:4180} INFO - Setting next_dagrun for example_external_task_marker_parent to None, run_after=None
[2025-03-07T10:49:34.020+0000] {processor.py:208} INFO - Processing /home/airflow/.local/lib/python3.12/site-packages/airflow/example_dags/example_external_task_marker_dag.py took 0.555 seconds
[2025-03-07T10:50:04.652+0000] {processor.py:186} INFO - Started process (PID=181) to work on /home/airflow/.local/lib/python3.12/site-packages/airflow/example_dags/example_external_task_marker_dag.py
[2025-03-07T10:50:04.653+0000] {processor.py:914} INFO - Processing file /home/airflow/.local/lib/python3.12/site-packages/airflow/example_dags/example_external_task_marker_dag.py for tasks to queue
[2025-03-07T10:50:04.655+0000] {logging_mixin.py:190} INFO - [2025-03-07T10:50:04.655+0000] {dagbag.py:588} INFO - Filling up the DagBag from /home/airflow/.local/lib/python3.12/site-packages/airflow/example_dags/example_external_task_marker_dag.py
[2025-03-07T10:50:04.663+0000] {processor.py:925} INFO - DAG(s) 'example_external_task_marker_parent', 'example_external_task_marker_child' retrieved from /home/airflow/.local/lib/python3.12/site-packages/airflow/example_dags/example_external_task_marker_dag.py
[2025-03-07T10:50:04.696+0000] {logging_mixin.py:190} INFO - [2025-03-07T10:50:04.695+0000] {dag.py:3239} INFO - Sync 2 DAGs
[2025-03-07T10:50:04.713+0000] {logging_mixin.py:190} INFO - [2025-03-07T10:50:04.713+0000] {dag.py:4180} INFO - Setting next_dagrun for example_external_task_marker_child to None, run_after=None
[2025-03-07T10:50:04.717+0000] {logging_mixin.py:190} INFO - [2025-03-07T10:50:04.717+0000] {dag.py:4180} INFO - Setting next_dagrun for example_external_task_marker_parent to None, run_after=None
[2025-03-07T10:50:04.737+0000] {processor.py:208} INFO - Processing /home/airflow/.local/lib/python3.12/site-packages/airflow/example_dags/example_external_task_marker_dag.py took 0.090 seconds
[2025-03-07T10:50:35.089+0000] {processor.py:186} INFO - Started process (PID=244) to work on /home/airflow/.local/lib/python3.12/site-packages/airflow/example_dags/example_external_task_marker_dag.py
[2025-03-07T10:50:35.090+0000] {processor.py:914} INFO - Processing file /home/airflow/.local/lib/python3.12/site-packages/airflow/example_dags/example_external_task_marker_dag.py for tasks to queue
[2025-03-07T10:50:35.093+0000] {logging_mixin.py:190} INFO - [2025-03-07T10:50:35.093+0000] {dagbag.py:588} INFO - Filling up the DagBag from /home/airflow/.local/lib/python3.12/site-packages/airflow/example_dags/example_external_task_marker_dag.py
[2025-03-07T10:50:35.107+0000] {processor.py:925} INFO - DAG(s) 'example_external_task_marker_parent', 'example_external_task_marker_child' retrieved from /home/airflow/.local/lib/python3.12/site-packages/airflow/example_dags/example_external_task_marker_dag.py
[2025-03-07T10:50:35.147+0000] {logging_mixin.py:190} INFO - [2025-03-07T10:50:35.147+0000] {dag.py:3239} INFO - Sync 2 DAGs
[2025-03-07T10:50:35.174+0000] {logging_mixin.py:190} INFO - [2025-03-07T10:50:35.174+0000] {dag.py:4180} INFO - Setting next_dagrun for example_external_task_marker_child to None, run_after=None
[2025-03-07T10:50:35.180+0000] {logging_mixin.py:190} INFO - [2025-03-07T10:50:35.180+0000] {dag.py:4180} INFO - Setting next_dagrun for example_external_task_marker_parent to None, run_after=None
[2025-03-07T10:50:35.202+0000] {processor.py:208} INFO - Processing /home/airflow/.local/lib/python3.12/site-packages/airflow/example_dags/example_external_task_marker_dag.py took 0.123 seconds
[2025-03-07T10:51:05.511+0000] {processor.py:186} INFO - Started process (PID=308) to work on /home/airflow/.local/lib/python3.12/site-packages/airflow/example_dags/example_external_task_marker_dag.py
[2025-03-07T10:51:05.512+0000] {processor.py:914} INFO - Processing file /home/airflow/.local/lib/python3.12/site-packages/airflow/example_dags/example_external_task_marker_dag.py for tasks to queue
[2025-03-07T10:51:05.515+0000] {logging_mixin.py:190} INFO - [2025-03-07T10:51:05.514+0000] {dagbag.py:588} INFO - Filling up the DagBag from /home/airflow/.local/lib/python3.12/site-packages/airflow/example_dags/example_external_task_marker_dag.py
[2025-03-07T10:51:05.525+0000] {processor.py:925} INFO - DAG(s) 'example_external_task_marker_parent', 'example_external_task_marker_child' retrieved from /home/airflow/.local/lib/python3.12/site-packages/airflow/example_dags/example_external_task_marker_dag.py
[2025-03-07T10:51:05.550+0000] {logging_mixin.py:190} INFO - [2025-03-07T10:51:05.550+0000] {dag.py:3239} INFO - Sync 2 DAGs
[2025-03-07T10:51:05.566+0000] {logging_mixin.py:190} INFO - [2025-03-07T10:51:05.566+0000] {dag.py:4180} INFO - Setting next_dagrun for example_external_task_marker_child to None, run_after=None
[2025-03-07T10:51:05.571+0000] {logging_mixin.py:190} INFO - [2025-03-07T10:51:05.570+0000] {dag.py:4180} INFO - Setting next_dagrun for example_external_task_marker_parent to None, run_after=None
[2025-03-07T10:51:05.591+0000] {processor.py:208} INFO - Processing /home/airflow/.local/lib/python3.12/site-packages/airflow/example_dags/example_external_task_marker_dag.py took 0.085 seconds
[2025-03-07T10:51:36.053+0000] {processor.py:186} INFO - Started process (PID=371) to work on /home/airflow/.local/lib/python3.12/site-packages/airflow/example_dags/example_external_task_marker_dag.py
[2025-03-07T10:51:36.054+0000] {processor.py:914} INFO - Processing file /home/airflow/.local/lib/python3.12/site-packages/airflow/example_dags/example_external_task_marker_dag.py for tasks to queue
[2025-03-07T10:51:36.057+0000] {logging_mixin.py:190} INFO - [2025-03-07T10:51:36.057+0000] {dagbag.py:588} INFO - Filling up the DagBag from /home/airflow/.local/lib/python3.12/site-packages/airflow/example_dags/example_external_task_marker_dag.py
[2025-03-07T10:51:36.068+0000] {processor.py:925} INFO - DAG(s) 'example_external_task_marker_parent', 'example_external_task_marker_child' retrieved from /home/airflow/.local/lib/python3.12/site-packages/airflow/example_dags/example_external_task_marker_dag.py
[2025-03-07T10:51:36.092+0000] {logging_mixin.py:190} INFO - [2025-03-07T10:51:36.092+0000] {dag.py:3239} INFO - Sync 2 DAGs
[2025-03-07T10:51:36.108+0000] {logging_mixin.py:190} INFO - [2025-03-07T10:51:36.108+0000] {dag.py:4180} INFO - Setting next_dagrun for example_external_task_marker_child to None, run_after=None
[2025-03-07T10:51:36.112+0000] {logging_mixin.py:190} INFO - [2025-03-07T10:51:36.112+0000] {dag.py:4180} INFO - Setting next_dagrun for example_external_task_marker_parent to None, run_after=None
[2025-03-07T10:51:36.138+0000] {processor.py:208} INFO - Processing /home/airflow/.local/lib/python3.12/site-packages/airflow/example_dags/example_external_task_marker_dag.py took 0.092 seconds
[2025-03-07T10:52:07.082+0000] {processor.py:186} INFO - Started process (PID=434) to work on /home/airflow/.local/lib/python3.12/site-packages/airflow/example_dags/example_external_task_marker_dag.py
[2025-03-07T10:52:07.083+0000] {processor.py:914} INFO - Processing file /home/airflow/.local/lib/python3.12/site-packages/airflow/example_dags/example_external_task_marker_dag.py for tasks to queue
[2025-03-07T10:52:07.085+0000] {logging_mixin.py:190} INFO - [2025-03-07T10:52:07.085+0000] {dagbag.py:588} INFO - Filling up the DagBag from /home/airflow/.local/lib/python3.12/site-packages/airflow/example_dags/example_external_task_marker_dag.py
[2025-03-07T10:52:07.094+0000] {processor.py:925} INFO - DAG(s) 'example_external_task_marker_child', 'example_external_task_marker_parent' retrieved from /home/airflow/.local/lib/python3.12/site-packages/airflow/example_dags/example_external_task_marker_dag.py
[2025-03-07T10:52:07.118+0000] {logging_mixin.py:190} INFO - [2025-03-07T10:52:07.117+0000] {dag.py:3239} INFO - Sync 2 DAGs
[2025-03-07T10:52:07.135+0000] {logging_mixin.py:190} INFO - [2025-03-07T10:52:07.135+0000] {dag.py:4180} INFO - Setting next_dagrun for example_external_task_marker_child to None, run_after=None
[2025-03-07T10:52:07.141+0000] {logging_mixin.py:190} INFO - [2025-03-07T10:52:07.141+0000] {dag.py:4180} INFO - Setting next_dagrun for example_external_task_marker_parent to None, run_after=None
[2025-03-07T10:52:07.166+0000] {processor.py:208} INFO - Processing /home/airflow/.local/lib/python3.12/site-packages/airflow/example_dags/example_external_task_marker_dag.py took 0.089 seconds
[2025-03-07T10:52:37.933+0000] {processor.py:186} INFO - Started process (PID=496) to work on /home/airflow/.local/lib/python3.12/site-packages/airflow/example_dags/example_external_task_marker_dag.py
[2025-03-07T10:52:37.935+0000] {processor.py:914} INFO - Processing file /home/airflow/.local/lib/python3.12/site-packages/airflow/example_dags/example_external_task_marker_dag.py for tasks to queue
[2025-03-07T10:52:37.938+0000] {logging_mixin.py:190} INFO - [2025-03-07T10:52:37.938+0000] {dagbag.py:588} INFO - Filling up the DagBag from /home/airflow/.local/lib/python3.12/site-packages/airflow/example_dags/example_external_task_marker_dag.py
[2025-03-07T10:52:37.948+0000] {processor.py:925} INFO - DAG(s) 'example_external_task_marker_parent', 'example_external_task_marker_child' retrieved from /home/airflow/.local/lib/python3.12/site-packages/airflow/example_dags/example_external_task_marker_dag.py
[2025-03-07T10:52:37.981+0000] {logging_mixin.py:190} INFO - [2025-03-07T10:52:37.980+0000] {dag.py:3239} INFO - Sync 2 DAGs
[2025-03-07T10:52:38.007+0000] {logging_mixin.py:190} INFO - [2025-03-07T10:52:38.006+0000] {dag.py:4180} INFO - Setting next_dagrun for example_external_task_marker_child to None, run_after=None
[2025-03-07T10:52:38.013+0000] {logging_mixin.py:190} INFO - [2025-03-07T10:52:38.013+0000] {dag.py:4180} INFO - Setting next_dagrun for example_external_task_marker_parent to None, run_after=None
[2025-03-07T10:52:38.046+0000] {processor.py:208} INFO - Processing /home/airflow/.local/lib/python3.12/site-packages/airflow/example_dags/example_external_task_marker_dag.py took 0.122 seconds
[2025-03-07T10:53:09.127+0000] {processor.py:186} INFO - Started process (PID=559) to work on /home/airflow/.local/lib/python3.12/site-packages/airflow/example_dags/example_external_task_marker_dag.py
[2025-03-07T10:53:09.129+0000] {processor.py:914} INFO - Processing file /home/airflow/.local/lib/python3.12/site-packages/airflow/example_dags/example_external_task_marker_dag.py for tasks to queue
[2025-03-07T10:53:09.132+0000] {logging_mixin.py:190} INFO - [2025-03-07T10:53:09.131+0000] {dagbag.py:588} INFO - Filling up the DagBag from /home/airflow/.local/lib/python3.12/site-packages/airflow/example_dags/example_external_task_marker_dag.py
[2025-03-07T10:53:09.142+0000] {processor.py:925} INFO - DAG(s) 'example_external_task_marker_parent', 'example_external_task_marker_child' retrieved from /home/airflow/.local/lib/python3.12/site-packages/airflow/example_dags/example_external_task_marker_dag.py
[2025-03-07T10:53:09.169+0000] {logging_mixin.py:190} INFO - [2025-03-07T10:53:09.168+0000] {dag.py:3239} INFO - Sync 2 DAGs
[2025-03-07T10:53:09.188+0000] {logging_mixin.py:190} INFO - [2025-03-07T10:53:09.187+0000] {dag.py:4180} INFO - Setting next_dagrun for example_external_task_marker_child to None, run_after=None
[2025-03-07T10:53:09.193+0000] {logging_mixin.py:190} INFO - [2025-03-07T10:53:09.192+0000] {dag.py:4180} INFO - Setting next_dagrun for example_external_task_marker_parent to None, run_after=None
[2025-03-07T10:53:09.215+0000] {processor.py:208} INFO - Processing /home/airflow/.local/lib/python3.12/site-packages/airflow/example_dags/example_external_task_marker_dag.py took 0.094 seconds
[2025-03-07T10:53:40.378+0000] {processor.py:186} INFO - Started process (PID=623) to work on /home/airflow/.local/lib/python3.12/site-packages/airflow/example_dags/example_external_task_marker_dag.py
[2025-03-07T10:53:40.380+0000] {processor.py:914} INFO - Processing file /home/airflow/.local/lib/python3.12/site-packages/airflow/example_dags/example_external_task_marker_dag.py for tasks to queue
[2025-03-07T10:53:40.385+0000] {logging_mixin.py:190} INFO - [2025-03-07T10:53:40.385+0000] {dagbag.py:588} INFO - Filling up the DagBag from /home/airflow/.local/lib/python3.12/site-packages/airflow/example_dags/example_external_task_marker_dag.py
[2025-03-07T10:53:40.398+0000] {processor.py:925} INFO - DAG(s) 'example_external_task_marker_parent', 'example_external_task_marker_child' retrieved from /home/airflow/.local/lib/python3.12/site-packages/airflow/example_dags/example_external_task_marker_dag.py
[2025-03-07T10:53:40.433+0000] {logging_mixin.py:190} INFO - [2025-03-07T10:53:40.433+0000] {dag.py:3239} INFO - Sync 2 DAGs
[2025-03-07T10:53:40.462+0000] {logging_mixin.py:190} INFO - [2025-03-07T10:53:40.462+0000] {dag.py:4180} INFO - Setting next_dagrun for example_external_task_marker_child to None, run_after=None
[2025-03-07T10:53:40.470+0000] {logging_mixin.py:190} INFO - [2025-03-07T10:53:40.470+0000] {dag.py:4180} INFO - Setting next_dagrun for example_external_task_marker_parent to None, run_after=None
[2025-03-07T10:53:40.499+0000] {processor.py:208} INFO - Processing /home/airflow/.local/lib/python3.12/site-packages/airflow/example_dags/example_external_task_marker_dag.py took 0.130 seconds
[2025-03-07T10:54:11.504+0000] {processor.py:186} INFO - Started process (PID=686) to work on /home/airflow/.local/lib/python3.12/site-packages/airflow/example_dags/example_external_task_marker_dag.py
[2025-03-07T10:54:11.506+0000] {processor.py:914} INFO - Processing file /home/airflow/.local/lib/python3.12/site-packages/airflow/example_dags/example_external_task_marker_dag.py for tasks to queue
[2025-03-07T10:54:11.511+0000] {logging_mixin.py:190} INFO - [2025-03-07T10:54:11.510+0000] {dagbag.py:588} INFO - Filling up the DagBag from /home/airflow/.local/lib/python3.12/site-packages/airflow/example_dags/example_external_task_marker_dag.py
[2025-03-07T10:54:11.540+0000] {processor.py:925} INFO - DAG(s) 'example_external_task_marker_parent', 'example_external_task_marker_child' retrieved from /home/airflow/.local/lib/python3.12/site-packages/airflow/example_dags/example_external_task_marker_dag.py
[2025-03-07T10:54:11.593+0000] {logging_mixin.py:190} INFO - [2025-03-07T10:54:11.593+0000] {dag.py:3239} INFO - Sync 2 DAGs
[2025-03-07T10:54:11.635+0000] {logging_mixin.py:190} INFO - [2025-03-07T10:54:11.635+0000] {dag.py:4180} INFO - Setting next_dagrun for example_external_task_marker_child to None, run_after=None
[2025-03-07T10:54:11.649+0000] {logging_mixin.py:190} INFO - [2025-03-07T10:54:11.648+0000] {dag.py:4180} INFO - Setting next_dagrun for example_external_task_marker_parent to None, run_after=None
[2025-03-07T10:54:11.709+0000] {processor.py:208} INFO - Processing /home/airflow/.local/lib/python3.12/site-packages/airflow/example_dags/example_external_task_marker_dag.py took 0.215 seconds
[2025-03-07T10:54:43.206+0000] {processor.py:186} INFO - Started process (PID=749) to work on /home/airflow/.local/lib/python3.12/site-packages/airflow/example_dags/example_external_task_marker_dag.py
[2025-03-07T10:54:43.208+0000] {processor.py:914} INFO - Processing file /home/airflow/.local/lib/python3.12/site-packages/airflow/example_dags/example_external_task_marker_dag.py for tasks to queue
[2025-03-07T10:54:43.211+0000] {logging_mixin.py:190} INFO - [2025-03-07T10:54:43.210+0000] {dagbag.py:588} INFO - Filling up the DagBag from /home/airflow/.local/lib/python3.12/site-packages/airflow/example_dags/example_external_task_marker_dag.py
[2025-03-07T10:54:43.222+0000] {processor.py:925} INFO - DAG(s) 'example_external_task_marker_child', 'example_external_task_marker_parent' retrieved from /home/airflow/.local/lib/python3.12/site-packages/airflow/example_dags/example_external_task_marker_dag.py
[2025-03-07T10:54:43.259+0000] {logging_mixin.py:190} INFO - [2025-03-07T10:54:43.259+0000] {dag.py:3239} INFO - Sync 2 DAGs
[2025-03-07T10:54:43.281+0000] {logging_mixin.py:190} INFO - [2025-03-07T10:54:43.281+0000] {dag.py:4180} INFO - Setting next_dagrun for example_external_task_marker_child to None, run_after=None
[2025-03-07T10:54:43.288+0000] {logging_mixin.py:190} INFO - [2025-03-07T10:54:43.288+0000] {dag.py:4180} INFO - Setting next_dagrun for example_external_task_marker_parent to None, run_after=None
[2025-03-07T10:54:43.316+0000] {processor.py:208} INFO - Processing /home/airflow/.local/lib/python3.12/site-packages/airflow/example_dags/example_external_task_marker_dag.py took 0.118 seconds
[2025-03-07T10:55:14.460+0000] {processor.py:186} INFO - Started process (PID=812) to work on /home/airflow/.local/lib/python3.12/site-packages/airflow/example_dags/example_external_task_marker_dag.py
[2025-03-07T10:55:14.461+0000] {processor.py:914} INFO - Processing file /home/airflow/.local/lib/python3.12/site-packages/airflow/example_dags/example_external_task_marker_dag.py for tasks to queue
[2025-03-07T10:55:14.464+0000] {logging_mixin.py:190} INFO - [2025-03-07T10:55:14.464+0000] {dagbag.py:588} INFO - Filling up the DagBag from /home/airflow/.local/lib/python3.12/site-packages/airflow/example_dags/example_external_task_marker_dag.py
[2025-03-07T10:55:14.474+0000] {processor.py:925} INFO - DAG(s) 'example_external_task_marker_child', 'example_external_task_marker_parent' retrieved from /home/airflow/.local/lib/python3.12/site-packages/airflow/example_dags/example_external_task_marker_dag.py
[2025-03-07T10:55:14.502+0000] {logging_mixin.py:190} INFO - [2025-03-07T10:55:14.501+0000] {dag.py:3239} INFO - Sync 2 DAGs
[2025-03-07T10:55:14.534+0000] {logging_mixin.py:190} INFO - [2025-03-07T10:55:14.533+0000] {dag.py:4180} INFO - Setting next_dagrun for example_external_task_marker_child to None, run_after=None
[2025-03-07T10:55:14.542+0000] {logging_mixin.py:190} INFO - [2025-03-07T10:55:14.542+0000] {dag.py:4180} INFO - Setting next_dagrun for example_external_task_marker_parent to None, run_after=None
[2025-03-07T10:55:14.584+0000] {processor.py:208} INFO - Processing /home/airflow/.local/lib/python3.12/site-packages/airflow/example_dags/example_external_task_marker_dag.py took 0.131 seconds
[2025-03-07T10:55:46.017+0000] {processor.py:186} INFO - Started process (PID=875) to work on /home/airflow/.local/lib/python3.12/site-packages/airflow/example_dags/example_external_task_marker_dag.py
[2025-03-07T10:55:46.019+0000] {processor.py:914} INFO - Processing file /home/airflow/.local/lib/python3.12/site-packages/airflow/example_dags/example_external_task_marker_dag.py for tasks to queue
[2025-03-07T10:55:46.021+0000] {logging_mixin.py:190} INFO - [2025-03-07T10:55:46.021+0000] {dagbag.py:588} INFO - Filling up the DagBag from /home/airflow/.local/lib/python3.12/site-packages/airflow/example_dags/example_external_task_marker_dag.py
[2025-03-07T10:55:46.036+0000] {processor.py:925} INFO - DAG(s) 'example_external_task_marker_child', 'example_external_task_marker_parent' retrieved from /home/airflow/.local/lib/python3.12/site-packages/airflow/example_dags/example_external_task_marker_dag.py
[2025-03-07T10:55:46.073+0000] {logging_mixin.py:190} INFO - [2025-03-07T10:55:46.073+0000] {dag.py:3239} INFO - Sync 2 DAGs
[2025-03-07T10:55:46.102+0000] {logging_mixin.py:190} INFO - [2025-03-07T10:55:46.101+0000] {dag.py:4180} INFO - Setting next_dagrun for example_external_task_marker_child to None, run_after=None
[2025-03-07T10:55:46.109+0000] {logging_mixin.py:190} INFO - [2025-03-07T10:55:46.108+0000] {dag.py:4180} INFO - Setting next_dagrun for example_external_task_marker_parent to None, run_after=None
[2025-03-07T10:55:46.142+0000] {processor.py:208} INFO - Processing /home/airflow/.local/lib/python3.12/site-packages/airflow/example_dags/example_external_task_marker_dag.py took 0.134 seconds
[2025-03-07T10:56:17.952+0000] {processor.py:186} INFO - Started process (PID=938) to work on /home/airflow/.local/lib/python3.12/site-packages/airflow/example_dags/example_external_task_marker_dag.py
[2025-03-07T10:56:17.954+0000] {processor.py:914} INFO - Processing file /home/airflow/.local/lib/python3.12/site-packages/airflow/example_dags/example_external_task_marker_dag.py for tasks to queue
[2025-03-07T10:56:17.958+0000] {logging_mixin.py:190} INFO - [2025-03-07T10:56:17.958+0000] {dagbag.py:588} INFO - Filling up the DagBag from /home/airflow/.local/lib/python3.12/site-packages/airflow/example_dags/example_external_task_marker_dag.py
[2025-03-07T10:56:17.974+0000] {processor.py:925} INFO - DAG(s) 'example_external_task_marker_child', 'example_external_task_marker_parent' retrieved from /home/airflow/.local/lib/python3.12/site-packages/airflow/example_dags/example_external_task_marker_dag.py
[2025-03-07T10:56:18.021+0000] {logging_mixin.py:190} INFO - [2025-03-07T10:56:18.021+0000] {dag.py:3239} INFO - Sync 2 DAGs
[2025-03-07T10:56:18.055+0000] {logging_mixin.py:190} INFO - [2025-03-07T10:56:18.055+0000] {dag.py:4180} INFO - Setting next_dagrun for example_external_task_marker_child to None, run_after=None
[2025-03-07T10:56:18.066+0000] {logging_mixin.py:190} INFO - [2025-03-07T10:56:18.065+0000] {dag.py:4180} INFO - Setting next_dagrun for example_external_task_marker_parent to None, run_after=None
[2025-03-07T10:56:18.101+0000] {processor.py:208} INFO - Processing /home/airflow/.local/lib/python3.12/site-packages/airflow/example_dags/example_external_task_marker_dag.py took 0.166 seconds
[2025-03-07T10:56:50.168+0000] {processor.py:186} INFO - Started process (PID=1001) to work on /home/airflow/.local/lib/python3.12/site-packages/airflow/example_dags/example_external_task_marker_dag.py
[2025-03-07T10:56:50.170+0000] {processor.py:914} INFO - Processing file /home/airflow/.local/lib/python3.12/site-packages/airflow/example_dags/example_external_task_marker_dag.py for tasks to queue
[2025-03-07T10:56:50.174+0000] {logging_mixin.py:190} INFO - [2025-03-07T10:56:50.174+0000] {dagbag.py:588} INFO - Filling up the DagBag from /home/airflow/.local/lib/python3.12/site-packages/airflow/example_dags/example_external_task_marker_dag.py
[2025-03-07T10:56:50.189+0000] {processor.py:925} INFO - DAG(s) 'example_external_task_marker_parent', 'example_external_task_marker_child' retrieved from /home/airflow/.local/lib/python3.12/site-packages/airflow/example_dags/example_external_task_marker_dag.py
[2025-03-07T10:56:50.228+0000] {logging_mixin.py:190} INFO - [2025-03-07T10:56:50.228+0000] {dag.py:3239} INFO - Sync 2 DAGs
[2025-03-07T10:56:50.253+0000] {logging_mixin.py:190} INFO - [2025-03-07T10:56:50.252+0000] {dag.py:4180} INFO - Setting next_dagrun for example_external_task_marker_child to None, run_after=None
[2025-03-07T10:56:50.259+0000] {logging_mixin.py:190} INFO - [2025-03-07T10:56:50.259+0000] {dag.py:4180} INFO - Setting next_dagrun for example_external_task_marker_parent to None, run_after=None
[2025-03-07T10:56:50.288+0000] {processor.py:208} INFO - Processing /home/airflow/.local/lib/python3.12/site-packages/airflow/example_dags/example_external_task_marker_dag.py took 0.132 seconds
[2025-03-07T10:57:21.038+0000] {processor.py:186} INFO - Started process (PID=1064) to work on /home/airflow/.local/lib/python3.12/site-packages/airflow/example_dags/example_external_task_marker_dag.py
[2025-03-07T10:57:21.039+0000] {processor.py:914} INFO - Processing file /home/airflow/.local/lib/python3.12/site-packages/airflow/example_dags/example_external_task_marker_dag.py for tasks to queue
[2025-03-07T10:57:21.042+0000] {logging_mixin.py:190} INFO - [2025-03-07T10:57:21.042+0000] {dagbag.py:588} INFO - Filling up the DagBag from /home/airflow/.local/lib/python3.12/site-packages/airflow/example_dags/example_external_task_marker_dag.py
[2025-03-07T10:57:21.053+0000] {processor.py:925} INFO - DAG(s) 'example_external_task_marker_parent', 'example_external_task_marker_child' retrieved from /home/airflow/.local/lib/python3.12/site-packages/airflow/example_dags/example_external_task_marker_dag.py
[2025-03-07T10:57:21.086+0000] {logging_mixin.py:190} INFO - [2025-03-07T10:57:21.086+0000] {dag.py:3239} INFO - Sync 2 DAGs
[2025-03-07T10:57:21.112+0000] {logging_mixin.py:190} INFO - [2025-03-07T10:57:21.112+0000] {dag.py:4180} INFO - Setting next_dagrun for example_external_task_marker_child to None, run_after=None
[2025-03-07T10:57:21.119+0000] {logging_mixin.py:190} INFO - [2025-03-07T10:57:21.119+0000] {dag.py:4180} INFO - Setting next_dagrun for example_external_task_marker_parent to None, run_after=None
[2025-03-07T10:57:21.162+0000] {processor.py:208} INFO - Processing /home/airflow/.local/lib/python3.12/site-packages/airflow/example_dags/example_external_task_marker_dag.py took 0.131 seconds
[2025-03-07T10:57:51.972+0000] {processor.py:186} INFO - Started process (PID=1127) to work on /home/airflow/.local/lib/python3.12/site-packages/airflow/example_dags/example_external_task_marker_dag.py
[2025-03-07T10:57:51.975+0000] {processor.py:914} INFO - Processing file /home/airflow/.local/lib/python3.12/site-packages/airflow/example_dags/example_external_task_marker_dag.py for tasks to queue
[2025-03-07T10:57:51.979+0000] {logging_mixin.py:190} INFO - [2025-03-07T10:57:51.978+0000] {dagbag.py:588} INFO - Filling up the DagBag from /home/airflow/.local/lib/python3.12/site-packages/airflow/example_dags/example_external_task_marker_dag.py
[2025-03-07T10:57:51.997+0000] {processor.py:925} INFO - DAG(s) 'example_external_task_marker_child', 'example_external_task_marker_parent' retrieved from /home/airflow/.local/lib/python3.12/site-packages/airflow/example_dags/example_external_task_marker_dag.py
[2025-03-07T10:57:52.044+0000] {logging_mixin.py:190} INFO - [2025-03-07T10:57:52.043+0000] {dag.py:3239} INFO - Sync 2 DAGs
[2025-03-07T10:57:52.078+0000] {logging_mixin.py:190} INFO - [2025-03-07T10:57:52.077+0000] {dag.py:4180} INFO - Setting next_dagrun for example_external_task_marker_child to None, run_after=None
[2025-03-07T10:57:52.085+0000] {logging_mixin.py:190} INFO - [2025-03-07T10:57:52.084+0000] {dag.py:4180} INFO - Setting next_dagrun for example_external_task_marker_parent to None, run_after=None
[2025-03-07T10:57:52.122+0000] {processor.py:208} INFO - Processing /home/airflow/.local/lib/python3.12/site-packages/airflow/example_dags/example_external_task_marker_dag.py took 0.160 seconds
[2025-03-07T10:58:23.881+0000] {processor.py:186} INFO - Started process (PID=1190) to work on /home/airflow/.local/lib/python3.12/site-packages/airflow/example_dags/example_external_task_marker_dag.py
[2025-03-07T10:58:23.882+0000] {processor.py:914} INFO - Processing file /home/airflow/.local/lib/python3.12/site-packages/airflow/example_dags/example_external_task_marker_dag.py for tasks to queue
[2025-03-07T10:58:23.886+0000] {logging_mixin.py:190} INFO - [2025-03-07T10:58:23.885+0000] {dagbag.py:588} INFO - Filling up the DagBag from /home/airflow/.local/lib/python3.12/site-packages/airflow/example_dags/example_external_task_marker_dag.py
[2025-03-07T10:58:23.897+0000] {processor.py:925} INFO - DAG(s) 'example_external_task_marker_child', 'example_external_task_marker_parent' retrieved from /home/airflow/.local/lib/python3.12/site-packages/airflow/example_dags/example_external_task_marker_dag.py
[2025-03-07T10:58:23.936+0000] {logging_mixin.py:190} INFO - [2025-03-07T10:58:23.936+0000] {dag.py:3239} INFO - Sync 2 DAGs
[2025-03-07T10:58:23.963+0000] {logging_mixin.py:190} INFO - [2025-03-07T10:58:23.963+0000] {dag.py:4180} INFO - Setting next_dagrun for example_external_task_marker_child to None, run_after=None
[2025-03-07T10:58:23.969+0000] {logging_mixin.py:190} INFO - [2025-03-07T10:58:23.969+0000] {dag.py:4180} INFO - Setting next_dagrun for example_external_task_marker_parent to None, run_after=None
[2025-03-07T10:58:23.996+0000] {processor.py:208} INFO - Processing /home/airflow/.local/lib/python3.12/site-packages/airflow/example_dags/example_external_task_marker_dag.py took 0.122 seconds
[2025-03-07T10:58:55.342+0000] {processor.py:186} INFO - Started process (PID=1253) to work on /home/airflow/.local/lib/python3.12/site-packages/airflow/example_dags/example_external_task_marker_dag.py
[2025-03-07T10:58:55.344+0000] {processor.py:914} INFO - Processing file /home/airflow/.local/lib/python3.12/site-packages/airflow/example_dags/example_external_task_marker_dag.py for tasks to queue
[2025-03-07T10:58:55.349+0000] {logging_mixin.py:190} INFO - [2025-03-07T10:58:55.348+0000] {dagbag.py:588} INFO - Filling up the DagBag from /home/airflow/.local/lib/python3.12/site-packages/airflow/example_dags/example_external_task_marker_dag.py
[2025-03-07T10:58:55.366+0000] {processor.py:925} INFO - DAG(s) 'example_external_task_marker_parent', 'example_external_task_marker_child' retrieved from /home/airflow/.local/lib/python3.12/site-packages/airflow/example_dags/example_external_task_marker_dag.py
[2025-03-07T10:58:55.405+0000] {logging_mixin.py:190} INFO - [2025-03-07T10:58:55.404+0000] {dag.py:3239} INFO - Sync 2 DAGs
[2025-03-07T10:58:55.436+0000] {logging_mixin.py:190} INFO - [2025-03-07T10:58:55.435+0000] {dag.py:4180} INFO - Setting next_dagrun for example_external_task_marker_child to None, run_after=None
[2025-03-07T10:58:55.445+0000] {logging_mixin.py:190} INFO - [2025-03-07T10:58:55.445+0000] {dag.py:4180} INFO - Setting next_dagrun for example_external_task_marker_parent to None, run_after=None
[2025-03-07T10:58:55.476+0000] {processor.py:208} INFO - Processing /home/airflow/.local/lib/python3.12/site-packages/airflow/example_dags/example_external_task_marker_dag.py took 0.146 seconds
[2025-03-07T10:59:26.501+0000] {processor.py:186} INFO - Started process (PID=1316) to work on /home/airflow/.local/lib/python3.12/site-packages/airflow/example_dags/example_external_task_marker_dag.py
[2025-03-07T10:59:26.502+0000] {processor.py:914} INFO - Processing file /home/airflow/.local/lib/python3.12/site-packages/airflow/example_dags/example_external_task_marker_dag.py for tasks to queue
[2025-03-07T10:59:26.506+0000] {logging_mixin.py:190} INFO - [2025-03-07T10:59:26.505+0000] {dagbag.py:588} INFO - Filling up the DagBag from /home/airflow/.local/lib/python3.12/site-packages/airflow/example_dags/example_external_task_marker_dag.py
[2025-03-07T10:59:26.519+0000] {processor.py:925} INFO - DAG(s) 'example_external_task_marker_parent', 'example_external_task_marker_child' retrieved from /home/airflow/.local/lib/python3.12/site-packages/airflow/example_dags/example_external_task_marker_dag.py
[2025-03-07T10:59:26.548+0000] {logging_mixin.py:190} INFO - [2025-03-07T10:59:26.547+0000] {dag.py:3239} INFO - Sync 2 DAGs
[2025-03-07T10:59:26.569+0000] {logging_mixin.py:190} INFO - [2025-03-07T10:59:26.569+0000] {dag.py:4180} INFO - Setting next_dagrun for example_external_task_marker_child to None, run_after=None
[2025-03-07T10:59:26.574+0000] {logging_mixin.py:190} INFO - [2025-03-07T10:59:26.574+0000] {dag.py:4180} INFO - Setting next_dagrun for example_external_task_marker_parent to None, run_after=None
[2025-03-07T10:59:26.596+0000] {processor.py:208} INFO - Processing /home/airflow/.local/lib/python3.12/site-packages/airflow/example_dags/example_external_task_marker_dag.py took 0.102 seconds
[2025-03-07T10:59:58.342+0000] {processor.py:186} INFO - Started process (PID=1379) to work on /home/airflow/.local/lib/python3.12/site-packages/airflow/example_dags/example_external_task_marker_dag.py
[2025-03-07T10:59:58.344+0000] {processor.py:914} INFO - Processing file /home/airflow/.local/lib/python3.12/site-packages/airflow/example_dags/example_external_task_marker_dag.py for tasks to queue
[2025-03-07T10:59:58.347+0000] {logging_mixin.py:190} INFO - [2025-03-07T10:59:58.347+0000] {dagbag.py:588} INFO - Filling up the DagBag from /home/airflow/.local/lib/python3.12/site-packages/airflow/example_dags/example_external_task_marker_dag.py
[2025-03-07T10:59:58.362+0000] {processor.py:925} INFO - DAG(s) 'example_external_task_marker_parent', 'example_external_task_marker_child' retrieved from /home/airflow/.local/lib/python3.12/site-packages/airflow/example_dags/example_external_task_marker_dag.py
[2025-03-07T10:59:58.399+0000] {logging_mixin.py:190} INFO - [2025-03-07T10:59:58.399+0000] {dag.py:3239} INFO - Sync 2 DAGs
[2025-03-07T10:59:58.428+0000] {logging_mixin.py:190} INFO - [2025-03-07T10:59:58.428+0000] {dag.py:4180} INFO - Setting next_dagrun for example_external_task_marker_child to None, run_after=None
[2025-03-07T10:59:58.436+0000] {logging_mixin.py:190} INFO - [2025-03-07T10:59:58.436+0000] {dag.py:4180} INFO - Setting next_dagrun for example_external_task_marker_parent to None, run_after=None
[2025-03-07T10:59:58.472+0000] {processor.py:208} INFO - Processing /home/airflow/.local/lib/python3.12/site-packages/airflow/example_dags/example_external_task_marker_dag.py took 0.140 seconds
[2025-03-07T11:00:31.598+0000] {processor.py:186} INFO - Started process (PID=1442) to work on /home/airflow/.local/lib/python3.12/site-packages/airflow/example_dags/example_external_task_marker_dag.py
[2025-03-07T11:00:31.600+0000] {processor.py:914} INFO - Processing file /home/airflow/.local/lib/python3.12/site-packages/airflow/example_dags/example_external_task_marker_dag.py for tasks to queue
[2025-03-07T11:00:31.603+0000] {logging_mixin.py:190} INFO - [2025-03-07T11:00:31.602+0000] {dagbag.py:588} INFO - Filling up the DagBag from /home/airflow/.local/lib/python3.12/site-packages/airflow/example_dags/example_external_task_marker_dag.py
[2025-03-07T11:00:31.613+0000] {processor.py:925} INFO - DAG(s) 'example_external_task_marker_child', 'example_external_task_marker_parent' retrieved from /home/airflow/.local/lib/python3.12/site-packages/airflow/example_dags/example_external_task_marker_dag.py
[2025-03-07T11:00:31.653+0000] {logging_mixin.py:190} INFO - [2025-03-07T11:00:31.653+0000] {dag.py:3239} INFO - Sync 2 DAGs
[2025-03-07T11:00:31.698+0000] {logging_mixin.py:190} INFO - [2025-03-07T11:00:31.698+0000] {dag.py:4180} INFO - Setting next_dagrun for example_external_task_marker_child to None, run_after=None
[2025-03-07T11:00:31.706+0000] {logging_mixin.py:190} INFO - [2025-03-07T11:00:31.706+0000] {dag.py:4180} INFO - Setting next_dagrun for example_external_task_marker_parent to None, run_after=None
[2025-03-07T11:00:31.739+0000] {processor.py:208} INFO - Processing /home/airflow/.local/lib/python3.12/site-packages/airflow/example_dags/example_external_task_marker_dag.py took 0.150 seconds
[2025-03-07T11:01:02.792+0000] {processor.py:186} INFO - Started process (PID=1505) to work on /home/airflow/.local/lib/python3.12/site-packages/airflow/example_dags/example_external_task_marker_dag.py
[2025-03-07T11:01:02.794+0000] {processor.py:914} INFO - Processing file /home/airflow/.local/lib/python3.12/site-packages/airflow/example_dags/example_external_task_marker_dag.py for tasks to queue
[2025-03-07T11:01:02.798+0000] {logging_mixin.py:190} INFO - [2025-03-07T11:01:02.797+0000] {dagbag.py:588} INFO - Filling up the DagBag from /home/airflow/.local/lib/python3.12/site-packages/airflow/example_dags/example_external_task_marker_dag.py
[2025-03-07T11:01:02.812+0000] {processor.py:925} INFO - DAG(s) 'example_external_task_marker_parent', 'example_external_task_marker_child' retrieved from /home/airflow/.local/lib/python3.12/site-packages/airflow/example_dags/example_external_task_marker_dag.py
[2025-03-07T11:01:02.879+0000] {logging_mixin.py:190} INFO - [2025-03-07T11:01:02.875+0000] {dag.py:3239} INFO - Sync 2 DAGs
[2025-03-07T11:01:02.930+0000] {logging_mixin.py:190} INFO - [2025-03-07T11:01:02.930+0000] {dag.py:4180} INFO - Setting next_dagrun for example_external_task_marker_child to None, run_after=None
[2025-03-07T11:01:02.938+0000] {logging_mixin.py:190} INFO - [2025-03-07T11:01:02.938+0000] {dag.py:4180} INFO - Setting next_dagrun for example_external_task_marker_parent to None, run_after=None
[2025-03-07T11:01:02.980+0000] {processor.py:208} INFO - Processing /home/airflow/.local/lib/python3.12/site-packages/airflow/example_dags/example_external_task_marker_dag.py took 0.197 seconds
[2025-03-07T11:01:34.484+0000] {processor.py:186} INFO - Started process (PID=1574) to work on /home/airflow/.local/lib/python3.12/site-packages/airflow/example_dags/example_external_task_marker_dag.py
[2025-03-07T11:01:34.486+0000] {processor.py:914} INFO - Processing file /home/airflow/.local/lib/python3.12/site-packages/airflow/example_dags/example_external_task_marker_dag.py for tasks to queue
[2025-03-07T11:01:34.489+0000] {logging_mixin.py:190} INFO - [2025-03-07T11:01:34.488+0000] {dagbag.py:588} INFO - Filling up the DagBag from /home/airflow/.local/lib/python3.12/site-packages/airflow/example_dags/example_external_task_marker_dag.py
[2025-03-07T11:01:34.503+0000] {processor.py:925} INFO - DAG(s) 'example_external_task_marker_child', 'example_external_task_marker_parent' retrieved from /home/airflow/.local/lib/python3.12/site-packages/airflow/example_dags/example_external_task_marker_dag.py
[2025-03-07T11:01:34.533+0000] {logging_mixin.py:190} INFO - [2025-03-07T11:01:34.533+0000] {dag.py:3239} INFO - Sync 2 DAGs
[2025-03-07T11:01:34.560+0000] {logging_mixin.py:190} INFO - [2025-03-07T11:01:34.560+0000] {dag.py:4180} INFO - Setting next_dagrun for example_external_task_marker_child to None, run_after=None
[2025-03-07T11:01:34.566+0000] {logging_mixin.py:190} INFO - [2025-03-07T11:01:34.565+0000] {dag.py:4180} INFO - Setting next_dagrun for example_external_task_marker_parent to None, run_after=None
[2025-03-07T11:01:34.587+0000] {processor.py:208} INFO - Processing /home/airflow/.local/lib/python3.12/site-packages/airflow/example_dags/example_external_task_marker_dag.py took 0.111 seconds
[2025-03-07T11:02:07.580+0000] {processor.py:186} INFO - Started process (PID=1638) to work on /home/airflow/.local/lib/python3.12/site-packages/airflow/example_dags/example_external_task_marker_dag.py
[2025-03-07T11:02:07.582+0000] {processor.py:914} INFO - Processing file /home/airflow/.local/lib/python3.12/site-packages/airflow/example_dags/example_external_task_marker_dag.py for tasks to queue
[2025-03-07T11:02:07.586+0000] {logging_mixin.py:190} INFO - [2025-03-07T11:02:07.586+0000] {dagbag.py:588} INFO - Filling up the DagBag from /home/airflow/.local/lib/python3.12/site-packages/airflow/example_dags/example_external_task_marker_dag.py
[2025-03-07T11:02:07.604+0000] {processor.py:925} INFO - DAG(s) 'example_external_task_marker_parent', 'example_external_task_marker_child' retrieved from /home/airflow/.local/lib/python3.12/site-packages/airflow/example_dags/example_external_task_marker_dag.py
[2025-03-07T11:02:07.648+0000] {logging_mixin.py:190} INFO - [2025-03-07T11:02:07.647+0000] {dag.py:3239} INFO - Sync 2 DAGs
[2025-03-07T11:02:07.688+0000] {logging_mixin.py:190} INFO - [2025-03-07T11:02:07.687+0000] {dag.py:4180} INFO - Setting next_dagrun for example_external_task_marker_child to None, run_after=None
[2025-03-07T11:02:07.697+0000] {logging_mixin.py:190} INFO - [2025-03-07T11:02:07.697+0000] {dag.py:4180} INFO - Setting next_dagrun for example_external_task_marker_parent to None, run_after=None
[2025-03-07T11:02:07.739+0000] {processor.py:208} INFO - Processing /home/airflow/.local/lib/python3.12/site-packages/airflow/example_dags/example_external_task_marker_dag.py took 0.170 seconds
[2025-03-07T11:02:59.399+0000] {processor.py:186} INFO - Started process (PID=1711) to work on /home/airflow/.local/lib/python3.12/site-packages/airflow/example_dags/example_external_task_marker_dag.py
[2025-03-07T11:02:59.588+0000] {processor.py:914} INFO - Processing file /home/airflow/.local/lib/python3.12/site-packages/airflow/example_dags/example_external_task_marker_dag.py for tasks to queue
[2025-03-07T11:02:59.625+0000] {logging_mixin.py:190} INFO - [2025-03-07T11:02:59.624+0000] {dagbag.py:588} INFO - Filling up the DagBag from /home/airflow/.local/lib/python3.12/site-packages/airflow/example_dags/example_external_task_marker_dag.py
[2025-03-07T11:02:59.798+0000] {processor.py:925} INFO - DAG(s) 'example_external_task_marker_parent', 'example_external_task_marker_child' retrieved from /home/airflow/.local/lib/python3.12/site-packages/airflow/example_dags/example_external_task_marker_dag.py
[2025-03-07T11:03:00.042+0000] {logging_mixin.py:190} INFO - [2025-03-07T11:03:00.042+0000] {dag.py:3239} INFO - Sync 2 DAGs
[2025-03-07T11:03:00.215+0000] {logging_mixin.py:190} INFO - [2025-03-07T11:03:00.215+0000] {dag.py:4180} INFO - Setting next_dagrun for example_external_task_marker_child to None, run_after=None
[2025-03-07T11:03:00.308+0000] {logging_mixin.py:190} INFO - [2025-03-07T11:03:00.308+0000] {dag.py:4180} INFO - Setting next_dagrun for example_external_task_marker_parent to None, run_after=None
[2025-03-07T11:03:00.496+0000] {processor.py:208} INFO - Processing /home/airflow/.local/lib/python3.12/site-packages/airflow/example_dags/example_external_task_marker_dag.py took 1.119 seconds
[2025-03-07T11:03:46.487+0000] {processor.py:186} INFO - Started process (PID=1780) to work on /home/airflow/.local/lib/python3.12/site-packages/airflow/example_dags/example_external_task_marker_dag.py
[2025-03-07T11:03:46.505+0000] {processor.py:914} INFO - Processing file /home/airflow/.local/lib/python3.12/site-packages/airflow/example_dags/example_external_task_marker_dag.py for tasks to queue
[2025-03-07T11:03:46.510+0000] {logging_mixin.py:190} INFO - [2025-03-07T11:03:46.509+0000] {dagbag.py:588} INFO - Filling up the DagBag from /home/airflow/.local/lib/python3.12/site-packages/airflow/example_dags/example_external_task_marker_dag.py
[2025-03-07T11:03:46.545+0000] {processor.py:925} INFO - DAG(s) 'example_external_task_marker_child', 'example_external_task_marker_parent' retrieved from /home/airflow/.local/lib/python3.12/site-packages/airflow/example_dags/example_external_task_marker_dag.py
[2025-03-07T11:03:46.742+0000] {logging_mixin.py:190} INFO - [2025-03-07T11:03:46.741+0000] {dag.py:3239} INFO - Sync 2 DAGs
[2025-03-07T11:03:46.899+0000] {logging_mixin.py:190} INFO - [2025-03-07T11:03:46.899+0000] {dag.py:4180} INFO - Setting next_dagrun for example_external_task_marker_child to None, run_after=None
[2025-03-07T11:03:46.987+0000] {logging_mixin.py:190} INFO - [2025-03-07T11:03:46.987+0000] {dag.py:4180} INFO - Setting next_dagrun for example_external_task_marker_parent to None, run_after=None
[2025-03-07T11:03:47.155+0000] {processor.py:208} INFO - Processing /home/airflow/.local/lib/python3.12/site-packages/airflow/example_dags/example_external_task_marker_dag.py took 0.692 seconds
[2025-03-07T11:04:47.711+0000] {processor.py:186} INFO - Started process (PID=1863) to work on /home/airflow/.local/lib/python3.12/site-packages/airflow/example_dags/example_external_task_marker_dag.py
[2025-03-07T11:04:47.791+0000] {processor.py:914} INFO - Processing file /home/airflow/.local/lib/python3.12/site-packages/airflow/example_dags/example_external_task_marker_dag.py for tasks to queue
[2025-03-07T11:04:47.798+0000] {logging_mixin.py:190} INFO - [2025-03-07T11:04:47.795+0000] {dagbag.py:588} INFO - Filling up the DagBag from /home/airflow/.local/lib/python3.12/site-packages/airflow/example_dags/example_external_task_marker_dag.py
[2025-03-07T11:04:47.835+0000] {processor.py:925} INFO - DAG(s) 'example_external_task_marker_parent', 'example_external_task_marker_child' retrieved from /home/airflow/.local/lib/python3.12/site-packages/airflow/example_dags/example_external_task_marker_dag.py
[2025-03-07T11:04:48.026+0000] {logging_mixin.py:190} INFO - [2025-03-07T11:04:48.025+0000] {dag.py:3239} INFO - Sync 2 DAGs
[2025-03-07T11:04:48.200+0000] {logging_mixin.py:190} INFO - [2025-03-07T11:04:48.199+0000] {dag.py:4180} INFO - Setting next_dagrun for example_external_task_marker_child to None, run_after=None
[2025-03-07T11:04:48.272+0000] {logging_mixin.py:190} INFO - [2025-03-07T11:04:48.271+0000] {dag.py:4180} INFO - Setting next_dagrun for example_external_task_marker_parent to None, run_after=None
[2025-03-07T11:04:48.372+0000] {processor.py:208} INFO - Processing /home/airflow/.local/lib/python3.12/site-packages/airflow/example_dags/example_external_task_marker_dag.py took 0.695 seconds
[2025-03-07T11:05:21.714+0000] {processor.py:186} INFO - Started process (PID=1926) to work on /home/airflow/.local/lib/python3.12/site-packages/airflow/example_dags/example_external_task_marker_dag.py
[2025-03-07T11:05:21.724+0000] {processor.py:914} INFO - Processing file /home/airflow/.local/lib/python3.12/site-packages/airflow/example_dags/example_external_task_marker_dag.py for tasks to queue
[2025-03-07T11:05:21.754+0000] {logging_mixin.py:190} INFO - [2025-03-07T11:05:21.753+0000] {dagbag.py:588} INFO - Filling up the DagBag from /home/airflow/.local/lib/python3.12/site-packages/airflow/example_dags/example_external_task_marker_dag.py
[2025-03-07T11:05:21.790+0000] {processor.py:925} INFO - DAG(s) 'example_external_task_marker_parent', 'example_external_task_marker_child' retrieved from /home/airflow/.local/lib/python3.12/site-packages/airflow/example_dags/example_external_task_marker_dag.py
[2025-03-07T11:05:21.924+0000] {logging_mixin.py:190} INFO - [2025-03-07T11:05:21.913+0000] {dag.py:3239} INFO - Sync 2 DAGs
[2025-03-07T11:05:22.022+0000] {logging_mixin.py:190} INFO - [2025-03-07T11:05:22.022+0000] {dag.py:4180} INFO - Setting next_dagrun for example_external_task_marker_child to None, run_after=None
[2025-03-07T11:05:22.052+0000] {logging_mixin.py:190} INFO - [2025-03-07T11:05:22.051+0000] {dag.py:4180} INFO - Setting next_dagrun for example_external_task_marker_parent to None, run_after=None
[2025-03-07T11:05:22.126+0000] {processor.py:208} INFO - Processing /home/airflow/.local/lib/python3.12/site-packages/airflow/example_dags/example_external_task_marker_dag.py took 0.445 seconds
[2025-03-07T11:05:57.392+0000] {processor.py:186} INFO - Started process (PID=1988) to work on /home/airflow/.local/lib/python3.12/site-packages/airflow/example_dags/example_external_task_marker_dag.py
[2025-03-07T11:05:57.394+0000] {processor.py:914} INFO - Processing file /home/airflow/.local/lib/python3.12/site-packages/airflow/example_dags/example_external_task_marker_dag.py for tasks to queue
[2025-03-07T11:05:57.399+0000] {logging_mixin.py:190} INFO - [2025-03-07T11:05:57.398+0000] {dagbag.py:588} INFO - Filling up the DagBag from /home/airflow/.local/lib/python3.12/site-packages/airflow/example_dags/example_external_task_marker_dag.py
[2025-03-07T11:05:57.417+0000] {processor.py:925} INFO - DAG(s) 'example_external_task_marker_child', 'example_external_task_marker_parent' retrieved from /home/airflow/.local/lib/python3.12/site-packages/airflow/example_dags/example_external_task_marker_dag.py
[2025-03-07T11:05:57.477+0000] {logging_mixin.py:190} INFO - [2025-03-07T11:05:57.477+0000] {dag.py:3239} INFO - Sync 2 DAGs
[2025-03-07T11:05:57.515+0000] {logging_mixin.py:190} INFO - [2025-03-07T11:05:57.515+0000] {dag.py:4180} INFO - Setting next_dagrun for example_external_task_marker_child to None, run_after=None
[2025-03-07T11:05:57.529+0000] {logging_mixin.py:190} INFO - [2025-03-07T11:05:57.528+0000] {dag.py:4180} INFO - Setting next_dagrun for example_external_task_marker_parent to None, run_after=None
[2025-03-07T11:05:57.573+0000] {processor.py:208} INFO - Processing /home/airflow/.local/lib/python3.12/site-packages/airflow/example_dags/example_external_task_marker_dag.py took 0.195 seconds
[2025-03-07T11:06:29.918+0000] {processor.py:186} INFO - Started process (PID=2055) to work on /home/airflow/.local/lib/python3.12/site-packages/airflow/example_dags/example_external_task_marker_dag.py
[2025-03-07T11:06:29.922+0000] {processor.py:914} INFO - Processing file /home/airflow/.local/lib/python3.12/site-packages/airflow/example_dags/example_external_task_marker_dag.py for tasks to queue
[2025-03-07T11:06:29.928+0000] {logging_mixin.py:190} INFO - [2025-03-07T11:06:29.927+0000] {dagbag.py:588} INFO - Filling up the DagBag from /home/airflow/.local/lib/python3.12/site-packages/airflow/example_dags/example_external_task_marker_dag.py
[2025-03-07T11:06:29.949+0000] {processor.py:925} INFO - DAG(s) 'example_external_task_marker_child', 'example_external_task_marker_parent' retrieved from /home/airflow/.local/lib/python3.12/site-packages/airflow/example_dags/example_external_task_marker_dag.py
[2025-03-07T11:06:30.000+0000] {logging_mixin.py:190} INFO - [2025-03-07T11:06:29.999+0000] {dag.py:3239} INFO - Sync 2 DAGs
[2025-03-07T11:06:30.043+0000] {logging_mixin.py:190} INFO - [2025-03-07T11:06:30.042+0000] {dag.py:4180} INFO - Setting next_dagrun for example_external_task_marker_child to None, run_after=None
[2025-03-07T11:06:30.050+0000] {logging_mixin.py:190} INFO - [2025-03-07T11:06:30.049+0000] {dag.py:4180} INFO - Setting next_dagrun for example_external_task_marker_parent to None, run_after=None
[2025-03-07T11:06:30.091+0000] {processor.py:208} INFO - Processing /home/airflow/.local/lib/python3.12/site-packages/airflow/example_dags/example_external_task_marker_dag.py took 0.187 seconds
[2025-03-07T11:07:02.444+0000] {processor.py:186} INFO - Started process (PID=2122) to work on /home/airflow/.local/lib/python3.12/site-packages/airflow/example_dags/example_external_task_marker_dag.py
[2025-03-07T11:07:02.449+0000] {processor.py:914} INFO - Processing file /home/airflow/.local/lib/python3.12/site-packages/airflow/example_dags/example_external_task_marker_dag.py for tasks to queue
[2025-03-07T11:07:02.453+0000] {logging_mixin.py:190} INFO - [2025-03-07T11:07:02.452+0000] {dagbag.py:588} INFO - Filling up the DagBag from /home/airflow/.local/lib/python3.12/site-packages/airflow/example_dags/example_external_task_marker_dag.py
[2025-03-07T11:07:02.470+0000] {processor.py:925} INFO - DAG(s) 'example_external_task_marker_child', 'example_external_task_marker_parent' retrieved from /home/airflow/.local/lib/python3.12/site-packages/airflow/example_dags/example_external_task_marker_dag.py
[2025-03-07T11:07:02.520+0000] {logging_mixin.py:190} INFO - [2025-03-07T11:07:02.519+0000] {dag.py:3239} INFO - Sync 2 DAGs
[2025-03-07T11:07:02.569+0000] {logging_mixin.py:190} INFO - [2025-03-07T11:07:02.569+0000] {dag.py:4180} INFO - Setting next_dagrun for example_external_task_marker_child to None, run_after=None
[2025-03-07T11:07:02.577+0000] {logging_mixin.py:190} INFO - [2025-03-07T11:07:02.576+0000] {dag.py:4180} INFO - Setting next_dagrun for example_external_task_marker_parent to None, run_after=None
[2025-03-07T11:07:02.611+0000] {processor.py:208} INFO - Processing /home/airflow/.local/lib/python3.12/site-packages/airflow/example_dags/example_external_task_marker_dag.py took 0.177 seconds
[2025-03-07T11:07:35.548+0000] {processor.py:186} INFO - Started process (PID=2187) to work on /home/airflow/.local/lib/python3.12/site-packages/airflow/example_dags/example_external_task_marker_dag.py
[2025-03-07T11:07:35.550+0000] {processor.py:914} INFO - Processing file /home/airflow/.local/lib/python3.12/site-packages/airflow/example_dags/example_external_task_marker_dag.py for tasks to queue
[2025-03-07T11:07:35.556+0000] {logging_mixin.py:190} INFO - [2025-03-07T11:07:35.554+0000] {dagbag.py:588} INFO - Filling up the DagBag from /home/airflow/.local/lib/python3.12/site-packages/airflow/example_dags/example_external_task_marker_dag.py
[2025-03-07T11:07:35.573+0000] {processor.py:925} INFO - DAG(s) 'example_external_task_marker_parent', 'example_external_task_marker_child' retrieved from /home/airflow/.local/lib/python3.12/site-packages/airflow/example_dags/example_external_task_marker_dag.py
[2025-03-07T11:07:35.618+0000] {logging_mixin.py:190} INFO - [2025-03-07T11:07:35.617+0000] {dag.py:3239} INFO - Sync 2 DAGs
[2025-03-07T11:07:35.650+0000] {logging_mixin.py:190} INFO - [2025-03-07T11:07:35.649+0000] {dag.py:4180} INFO - Setting next_dagrun for example_external_task_marker_child to None, run_after=None
[2025-03-07T11:07:35.660+0000] {logging_mixin.py:190} INFO - [2025-03-07T11:07:35.659+0000] {dag.py:4180} INFO - Setting next_dagrun for example_external_task_marker_parent to None, run_after=None
[2025-03-07T11:07:35.711+0000] {processor.py:208} INFO - Processing /home/airflow/.local/lib/python3.12/site-packages/airflow/example_dags/example_external_task_marker_dag.py took 0.178 seconds
[2025-03-07T11:08:07.474+0000] {processor.py:186} INFO - Started process (PID=2256) to work on /home/airflow/.local/lib/python3.12/site-packages/airflow/example_dags/example_external_task_marker_dag.py
[2025-03-07T11:08:07.476+0000] {processor.py:914} INFO - Processing file /home/airflow/.local/lib/python3.12/site-packages/airflow/example_dags/example_external_task_marker_dag.py for tasks to queue
[2025-03-07T11:08:07.479+0000] {logging_mixin.py:190} INFO - [2025-03-07T11:08:07.478+0000] {dagbag.py:588} INFO - Filling up the DagBag from /home/airflow/.local/lib/python3.12/site-packages/airflow/example_dags/example_external_task_marker_dag.py
[2025-03-07T11:08:07.492+0000] {processor.py:925} INFO - DAG(s) 'example_external_task_marker_child', 'example_external_task_marker_parent' retrieved from /home/airflow/.local/lib/python3.12/site-packages/airflow/example_dags/example_external_task_marker_dag.py
[2025-03-07T11:08:07.539+0000] {logging_mixin.py:190} INFO - [2025-03-07T11:08:07.538+0000] {dag.py:3239} INFO - Sync 2 DAGs
[2025-03-07T11:08:07.570+0000] {logging_mixin.py:190} INFO - [2025-03-07T11:08:07.570+0000] {dag.py:4180} INFO - Setting next_dagrun for example_external_task_marker_child to None, run_after=None
[2025-03-07T11:08:07.578+0000] {logging_mixin.py:190} INFO - [2025-03-07T11:08:07.578+0000] {dag.py:4180} INFO - Setting next_dagrun for example_external_task_marker_parent to None, run_after=None
[2025-03-07T11:08:07.608+0000] {processor.py:208} INFO - Processing /home/airflow/.local/lib/python3.12/site-packages/airflow/example_dags/example_external_task_marker_dag.py took 0.144 seconds
[2025-03-07T11:08:39.599+0000] {processor.py:186} INFO - Started process (PID=2319) to work on /home/airflow/.local/lib/python3.12/site-packages/airflow/example_dags/example_external_task_marker_dag.py
[2025-03-07T11:08:39.601+0000] {processor.py:914} INFO - Processing file /home/airflow/.local/lib/python3.12/site-packages/airflow/example_dags/example_external_task_marker_dag.py for tasks to queue
[2025-03-07T11:08:39.606+0000] {logging_mixin.py:190} INFO - [2025-03-07T11:08:39.605+0000] {dagbag.py:588} INFO - Filling up the DagBag from /home/airflow/.local/lib/python3.12/site-packages/airflow/example_dags/example_external_task_marker_dag.py
[2025-03-07T11:08:39.625+0000] {processor.py:925} INFO - DAG(s) 'example_external_task_marker_parent', 'example_external_task_marker_child' retrieved from /home/airflow/.local/lib/python3.12/site-packages/airflow/example_dags/example_external_task_marker_dag.py
[2025-03-07T11:08:39.675+0000] {logging_mixin.py:190} INFO - [2025-03-07T11:08:39.675+0000] {dag.py:3239} INFO - Sync 2 DAGs
[2025-03-07T11:08:39.714+0000] {logging_mixin.py:190} INFO - [2025-03-07T11:08:39.714+0000] {dag.py:4180} INFO - Setting next_dagrun for example_external_task_marker_child to None, run_after=None
[2025-03-07T11:08:39.726+0000] {logging_mixin.py:190} INFO - [2025-03-07T11:08:39.725+0000] {dag.py:4180} INFO - Setting next_dagrun for example_external_task_marker_parent to None, run_after=None
[2025-03-07T11:08:39.762+0000] {processor.py:208} INFO - Processing /home/airflow/.local/lib/python3.12/site-packages/airflow/example_dags/example_external_task_marker_dag.py took 0.179 seconds
[2025-03-07T11:09:11.820+0000] {processor.py:186} INFO - Started process (PID=2382) to work on /home/airflow/.local/lib/python3.12/site-packages/airflow/example_dags/example_external_task_marker_dag.py
[2025-03-07T11:09:11.821+0000] {processor.py:914} INFO - Processing file /home/airflow/.local/lib/python3.12/site-packages/airflow/example_dags/example_external_task_marker_dag.py for tasks to queue
[2025-03-07T11:09:11.825+0000] {logging_mixin.py:190} INFO - [2025-03-07T11:09:11.824+0000] {dagbag.py:588} INFO - Filling up the DagBag from /home/airflow/.local/lib/python3.12/site-packages/airflow/example_dags/example_external_task_marker_dag.py
[2025-03-07T11:09:11.843+0000] {processor.py:925} INFO - DAG(s) 'example_external_task_marker_parent', 'example_external_task_marker_child' retrieved from /home/airflow/.local/lib/python3.12/site-packages/airflow/example_dags/example_external_task_marker_dag.py
[2025-03-07T11:09:11.900+0000] {logging_mixin.py:190} INFO - [2025-03-07T11:09:11.899+0000] {dag.py:3239} INFO - Sync 2 DAGs
[2025-03-07T11:09:11.937+0000] {logging_mixin.py:190} INFO - [2025-03-07T11:09:11.936+0000] {dag.py:4180} INFO - Setting next_dagrun for example_external_task_marker_child to None, run_after=None
[2025-03-07T11:09:11.950+0000] {logging_mixin.py:190} INFO - [2025-03-07T11:09:11.949+0000] {dag.py:4180} INFO - Setting next_dagrun for example_external_task_marker_parent to None, run_after=None
[2025-03-07T11:09:11.987+0000] {processor.py:208} INFO - Processing /home/airflow/.local/lib/python3.12/site-packages/airflow/example_dags/example_external_task_marker_dag.py took 0.178 seconds
[2025-03-07T11:09:42.934+0000] {processor.py:186} INFO - Started process (PID=2445) to work on /home/airflow/.local/lib/python3.12/site-packages/airflow/example_dags/example_external_task_marker_dag.py
[2025-03-07T11:09:42.936+0000] {processor.py:914} INFO - Processing file /home/airflow/.local/lib/python3.12/site-packages/airflow/example_dags/example_external_task_marker_dag.py for tasks to queue
[2025-03-07T11:09:42.940+0000] {logging_mixin.py:190} INFO - [2025-03-07T11:09:42.940+0000] {dagbag.py:588} INFO - Filling up the DagBag from /home/airflow/.local/lib/python3.12/site-packages/airflow/example_dags/example_external_task_marker_dag.py
[2025-03-07T11:09:42.954+0000] {processor.py:925} INFO - DAG(s) 'example_external_task_marker_parent', 'example_external_task_marker_child' retrieved from /home/airflow/.local/lib/python3.12/site-packages/airflow/example_dags/example_external_task_marker_dag.py
[2025-03-07T11:09:42.987+0000] {logging_mixin.py:190} INFO - [2025-03-07T11:09:42.987+0000] {dag.py:3239} INFO - Sync 2 DAGs
[2025-03-07T11:09:43.015+0000] {logging_mixin.py:190} INFO - [2025-03-07T11:09:43.015+0000] {dag.py:4180} INFO - Setting next_dagrun for example_external_task_marker_child to None, run_after=None
[2025-03-07T11:09:43.024+0000] {logging_mixin.py:190} INFO - [2025-03-07T11:09:43.024+0000] {dag.py:4180} INFO - Setting next_dagrun for example_external_task_marker_parent to None, run_after=None
[2025-03-07T11:09:43.056+0000] {processor.py:208} INFO - Processing /home/airflow/.local/lib/python3.12/site-packages/airflow/example_dags/example_external_task_marker_dag.py took 0.140 seconds
[2025-03-07T11:10:13.268+0000] {processor.py:186} INFO - Started process (PID=2507) to work on /home/airflow/.local/lib/python3.12/site-packages/airflow/example_dags/example_external_task_marker_dag.py
[2025-03-07T11:10:13.270+0000] {processor.py:914} INFO - Processing file /home/airflow/.local/lib/python3.12/site-packages/airflow/example_dags/example_external_task_marker_dag.py for tasks to queue
[2025-03-07T11:10:13.274+0000] {logging_mixin.py:190} INFO - [2025-03-07T11:10:13.274+0000] {dagbag.py:588} INFO - Filling up the DagBag from /home/airflow/.local/lib/python3.12/site-packages/airflow/example_dags/example_external_task_marker_dag.py
[2025-03-07T11:10:13.288+0000] {processor.py:925} INFO - DAG(s) 'example_external_task_marker_parent', 'example_external_task_marker_child' retrieved from /home/airflow/.local/lib/python3.12/site-packages/airflow/example_dags/example_external_task_marker_dag.py
[2025-03-07T11:10:13.320+0000] {logging_mixin.py:190} INFO - [2025-03-07T11:10:13.320+0000] {dag.py:3239} INFO - Sync 2 DAGs
[2025-03-07T11:10:13.345+0000] {logging_mixin.py:190} INFO - [2025-03-07T11:10:13.345+0000] {dag.py:4180} INFO - Setting next_dagrun for example_external_task_marker_child to None, run_after=None
[2025-03-07T11:10:13.351+0000] {logging_mixin.py:190} INFO - [2025-03-07T11:10:13.351+0000] {dag.py:4180} INFO - Setting next_dagrun for example_external_task_marker_parent to None, run_after=None
[2025-03-07T11:10:13.375+0000] {processor.py:208} INFO - Processing /home/airflow/.local/lib/python3.12/site-packages/airflow/example_dags/example_external_task_marker_dag.py took 0.115 seconds
[2025-03-07T11:10:43.617+0000] {processor.py:186} INFO - Started process (PID=2569) to work on /home/airflow/.local/lib/python3.12/site-packages/airflow/example_dags/example_external_task_marker_dag.py
[2025-03-07T11:10:43.618+0000] {processor.py:914} INFO - Processing file /home/airflow/.local/lib/python3.12/site-packages/airflow/example_dags/example_external_task_marker_dag.py for tasks to queue
[2025-03-07T11:10:43.621+0000] {logging_mixin.py:190} INFO - [2025-03-07T11:10:43.621+0000] {dagbag.py:588} INFO - Filling up the DagBag from /home/airflow/.local/lib/python3.12/site-packages/airflow/example_dags/example_external_task_marker_dag.py
[2025-03-07T11:10:43.631+0000] {processor.py:925} INFO - DAG(s) 'example_external_task_marker_child', 'example_external_task_marker_parent' retrieved from /home/airflow/.local/lib/python3.12/site-packages/airflow/example_dags/example_external_task_marker_dag.py
[2025-03-07T11:10:43.659+0000] {logging_mixin.py:190} INFO - [2025-03-07T11:10:43.658+0000] {dag.py:3239} INFO - Sync 2 DAGs
[2025-03-07T11:10:43.679+0000] {logging_mixin.py:190} INFO - [2025-03-07T11:10:43.678+0000] {dag.py:4180} INFO - Setting next_dagrun for example_external_task_marker_child to None, run_after=None
[2025-03-07T11:10:43.685+0000] {logging_mixin.py:190} INFO - [2025-03-07T11:10:43.684+0000] {dag.py:4180} INFO - Setting next_dagrun for example_external_task_marker_parent to None, run_after=None
[2025-03-07T11:10:43.713+0000] {processor.py:208} INFO - Processing /home/airflow/.local/lib/python3.12/site-packages/airflow/example_dags/example_external_task_marker_dag.py took 0.103 seconds
[2025-03-07T11:11:14.499+0000] {processor.py:186} INFO - Started process (PID=2632) to work on /home/airflow/.local/lib/python3.12/site-packages/airflow/example_dags/example_external_task_marker_dag.py
[2025-03-07T11:11:14.502+0000] {processor.py:914} INFO - Processing file /home/airflow/.local/lib/python3.12/site-packages/airflow/example_dags/example_external_task_marker_dag.py for tasks to queue
[2025-03-07T11:11:14.506+0000] {logging_mixin.py:190} INFO - [2025-03-07T11:11:14.505+0000] {dagbag.py:588} INFO - Filling up the DagBag from /home/airflow/.local/lib/python3.12/site-packages/airflow/example_dags/example_external_task_marker_dag.py
[2025-03-07T11:11:14.526+0000] {processor.py:925} INFO - DAG(s) 'example_external_task_marker_parent', 'example_external_task_marker_child' retrieved from /home/airflow/.local/lib/python3.12/site-packages/airflow/example_dags/example_external_task_marker_dag.py
[2025-03-07T11:11:14.579+0000] {logging_mixin.py:190} INFO - [2025-03-07T11:11:14.578+0000] {dag.py:3239} INFO - Sync 2 DAGs
[2025-03-07T11:11:14.640+0000] {logging_mixin.py:190} INFO - [2025-03-07T11:11:14.639+0000] {dag.py:4180} INFO - Setting next_dagrun for example_external_task_marker_child to None, run_after=None
[2025-03-07T11:11:14.654+0000] {logging_mixin.py:190} INFO - [2025-03-07T11:11:14.654+0000] {dag.py:4180} INFO - Setting next_dagrun for example_external_task_marker_parent to None, run_after=None
[2025-03-07T11:11:14.703+0000] {processor.py:208} INFO - Processing /home/airflow/.local/lib/python3.12/site-packages/airflow/example_dags/example_external_task_marker_dag.py took 0.215 seconds
[2025-03-07T11:11:44.785+0000] {processor.py:186} INFO - Started process (PID=2694) to work on /home/airflow/.local/lib/python3.12/site-packages/airflow/example_dags/example_external_task_marker_dag.py
[2025-03-07T11:11:44.787+0000] {processor.py:914} INFO - Processing file /home/airflow/.local/lib/python3.12/site-packages/airflow/example_dags/example_external_task_marker_dag.py for tasks to queue
[2025-03-07T11:11:44.791+0000] {logging_mixin.py:190} INFO - [2025-03-07T11:11:44.791+0000] {dagbag.py:588} INFO - Filling up the DagBag from /home/airflow/.local/lib/python3.12/site-packages/airflow/example_dags/example_external_task_marker_dag.py
[2025-03-07T11:11:44.802+0000] {processor.py:925} INFO - DAG(s) 'example_external_task_marker_parent', 'example_external_task_marker_child' retrieved from /home/airflow/.local/lib/python3.12/site-packages/airflow/example_dags/example_external_task_marker_dag.py
[2025-03-07T11:11:44.848+0000] {logging_mixin.py:190} INFO - [2025-03-07T11:11:44.848+0000] {dag.py:3239} INFO - Sync 2 DAGs
[2025-03-07T11:11:44.886+0000] {logging_mixin.py:190} INFO - [2025-03-07T11:11:44.886+0000] {dag.py:4180} INFO - Setting next_dagrun for example_external_task_marker_child to None, run_after=None
[2025-03-07T11:11:44.895+0000] {logging_mixin.py:190} INFO - [2025-03-07T11:11:44.895+0000] {dag.py:4180} INFO - Setting next_dagrun for example_external_task_marker_parent to None, run_after=None
[2025-03-07T11:11:44.934+0000] {processor.py:208} INFO - Processing /home/airflow/.local/lib/python3.12/site-packages/airflow/example_dags/example_external_task_marker_dag.py took 0.156 seconds
[2025-03-07T11:12:15.691+0000] {processor.py:186} INFO - Started process (PID=2758) to work on /home/airflow/.local/lib/python3.12/site-packages/airflow/example_dags/example_external_task_marker_dag.py
[2025-03-07T11:12:15.694+0000] {processor.py:914} INFO - Processing file /home/airflow/.local/lib/python3.12/site-packages/airflow/example_dags/example_external_task_marker_dag.py for tasks to queue
[2025-03-07T11:12:15.700+0000] {logging_mixin.py:190} INFO - [2025-03-07T11:12:15.699+0000] {dagbag.py:588} INFO - Filling up the DagBag from /home/airflow/.local/lib/python3.12/site-packages/airflow/example_dags/example_external_task_marker_dag.py
[2025-03-07T11:12:15.723+0000] {processor.py:925} INFO - DAG(s) 'example_external_task_marker_parent', 'example_external_task_marker_child' retrieved from /home/airflow/.local/lib/python3.12/site-packages/airflow/example_dags/example_external_task_marker_dag.py
[2025-03-07T11:12:15.796+0000] {logging_mixin.py:190} INFO - [2025-03-07T11:12:15.795+0000] {dag.py:3239} INFO - Sync 2 DAGs
[2025-03-07T11:12:15.842+0000] {logging_mixin.py:190} INFO - [2025-03-07T11:12:15.842+0000] {dag.py:4180} INFO - Setting next_dagrun for example_external_task_marker_child to None, run_after=None
[2025-03-07T11:12:15.859+0000] {logging_mixin.py:190} INFO - [2025-03-07T11:12:15.858+0000] {dag.py:4180} INFO - Setting next_dagrun for example_external_task_marker_parent to None, run_after=None
[2025-03-07T11:12:15.915+0000] {processor.py:208} INFO - Processing /home/airflow/.local/lib/python3.12/site-packages/airflow/example_dags/example_external_task_marker_dag.py took 0.243 seconds
[2025-03-07T11:12:46.660+0000] {processor.py:186} INFO - Started process (PID=2821) to work on /home/airflow/.local/lib/python3.12/site-packages/airflow/example_dags/example_external_task_marker_dag.py
[2025-03-07T11:12:46.662+0000] {processor.py:914} INFO - Processing file /home/airflow/.local/lib/python3.12/site-packages/airflow/example_dags/example_external_task_marker_dag.py for tasks to queue
[2025-03-07T11:12:46.665+0000] {logging_mixin.py:190} INFO - [2025-03-07T11:12:46.665+0000] {dagbag.py:588} INFO - Filling up the DagBag from /home/airflow/.local/lib/python3.12/site-packages/airflow/example_dags/example_external_task_marker_dag.py
[2025-03-07T11:12:46.676+0000] {processor.py:925} INFO - DAG(s) 'example_external_task_marker_parent', 'example_external_task_marker_child' retrieved from /home/airflow/.local/lib/python3.12/site-packages/airflow/example_dags/example_external_task_marker_dag.py
[2025-03-07T11:12:46.707+0000] {logging_mixin.py:190} INFO - [2025-03-07T11:12:46.707+0000] {dag.py:3239} INFO - Sync 2 DAGs
[2025-03-07T11:12:46.730+0000] {logging_mixin.py:190} INFO - [2025-03-07T11:12:46.729+0000] {dag.py:4180} INFO - Setting next_dagrun for example_external_task_marker_child to None, run_after=None
[2025-03-07T11:12:46.736+0000] {logging_mixin.py:190} INFO - [2025-03-07T11:12:46.736+0000] {dag.py:4180} INFO - Setting next_dagrun for example_external_task_marker_parent to None, run_after=None
[2025-03-07T11:12:46.763+0000] {processor.py:208} INFO - Processing /home/airflow/.local/lib/python3.12/site-packages/airflow/example_dags/example_external_task_marker_dag.py took 0.109 seconds
[2025-03-07T11:13:20.952+0000] {processor.py:186} INFO - Started process (PID=2884) to work on /home/airflow/.local/lib/python3.12/site-packages/airflow/example_dags/example_external_task_marker_dag.py
[2025-03-07T11:13:20.959+0000] {processor.py:914} INFO - Processing file /home/airflow/.local/lib/python3.12/site-packages/airflow/example_dags/example_external_task_marker_dag.py for tasks to queue
[2025-03-07T11:13:20.970+0000] {logging_mixin.py:190} INFO - [2025-03-07T11:13:20.969+0000] {dagbag.py:588} INFO - Filling up the DagBag from /home/airflow/.local/lib/python3.12/site-packages/airflow/example_dags/example_external_task_marker_dag.py
[2025-03-07T11:13:21.018+0000] {processor.py:925} INFO - DAG(s) 'example_external_task_marker_child', 'example_external_task_marker_parent' retrieved from /home/airflow/.local/lib/python3.12/site-packages/airflow/example_dags/example_external_task_marker_dag.py
[2025-03-07T11:13:21.150+0000] {logging_mixin.py:190} INFO - [2025-03-07T11:13:21.150+0000] {dag.py:3239} INFO - Sync 2 DAGs
[2025-03-07T11:13:21.216+0000] {logging_mixin.py:190} INFO - [2025-03-07T11:13:21.216+0000] {dag.py:4180} INFO - Setting next_dagrun for example_external_task_marker_child to None, run_after=None
[2025-03-07T11:13:21.237+0000] {logging_mixin.py:190} INFO - [2025-03-07T11:13:21.236+0000] {dag.py:4180} INFO - Setting next_dagrun for example_external_task_marker_parent to None, run_after=None
[2025-03-07T11:13:21.335+0000] {processor.py:208} INFO - Processing /home/airflow/.local/lib/python3.12/site-packages/airflow/example_dags/example_external_task_marker_dag.py took 0.411 seconds
