[2025-03-07T10:49:22.538+0000] {processor.py:186} INFO - Started process (PID=83) to work on /home/airflow/.local/lib/python3.12/site-packages/airflow/example_dags/example_dag_decorator.py
[2025-03-07T10:49:22.540+0000] {processor.py:914} INFO - Processing file /home/airflow/.local/lib/python3.12/site-packages/airflow/example_dags/example_dag_decorator.py for tasks to queue
[2025-03-07T10:49:22.544+0000] {logging_mixin.py:190} INFO - [2025-03-07T10:49:22.544+0000] {dagbag.py:588} INFO - Filling up the DagBag from /home/airflow/.local/lib/python3.12/site-packages/airflow/example_dags/example_dag_decorator.py
[2025-03-07T10:49:23.216+0000] {processor.py:925} INFO - DAG(s) 'example_dag_decorator' retrieved from /home/airflow/.local/lib/python3.12/site-packages/airflow/example_dags/example_dag_decorator.py
[2025-03-07T10:49:23.382+0000] {logging_mixin.py:190} INFO - [2025-03-07T10:49:23.381+0000] {override.py:1912} INFO - Created Permission View: can delete on DAG:example_dag_decorator
[2025-03-07T10:49:23.398+0000] {logging_mixin.py:190} INFO - [2025-03-07T10:49:23.398+0000] {override.py:1912} INFO - Created Permission View: can read on DAG:example_dag_decorator
[2025-03-07T10:49:23.409+0000] {logging_mixin.py:190} INFO - [2025-03-07T10:49:23.408+0000] {override.py:1912} INFO - Created Permission View: can edit on DAG:example_dag_decorator
[2025-03-07T10:49:23.424+0000] {logging_mixin.py:190} INFO - [2025-03-07T10:49:23.423+0000] {override.py:1912} INFO - Created Permission View: can delete on DAG Run:example_dag_decorator
[2025-03-07T10:49:23.434+0000] {logging_mixin.py:190} INFO - [2025-03-07T10:49:23.434+0000] {override.py:1912} INFO - Created Permission View: can create on DAG Run:example_dag_decorator
[2025-03-07T10:49:23.442+0000] {logging_mixin.py:190} INFO - [2025-03-07T10:49:23.442+0000] {override.py:1912} INFO - Created Permission View: menu access on DAG Run:example_dag_decorator
[2025-03-07T10:49:23.451+0000] {logging_mixin.py:190} INFO - [2025-03-07T10:49:23.451+0000] {override.py:1912} INFO - Created Permission View: can read on DAG Run:example_dag_decorator
[2025-03-07T10:49:23.452+0000] {logging_mixin.py:190} INFO - [2025-03-07T10:49:23.452+0000] {dag.py:3239} INFO - Sync 1 DAGs
[2025-03-07T10:49:23.470+0000] {logging_mixin.py:190} INFO - [2025-03-07T10:49:23.470+0000] {dag.py:3262} INFO - Creating ORM DAG for example_dag_decorator
[2025-03-07T10:49:23.472+0000] {logging_mixin.py:190} INFO - [2025-03-07T10:49:23.471+0000] {dag.py:4180} INFO - Setting next_dagrun for example_dag_decorator to None, run_after=None
[2025-03-07T10:49:23.492+0000] {processor.py:208} INFO - Processing /home/airflow/.local/lib/python3.12/site-packages/airflow/example_dags/example_dag_decorator.py took 0.964 seconds
[2025-03-07T10:49:53.785+0000] {processor.py:186} INFO - Started process (PID=147) to work on /home/airflow/.local/lib/python3.12/site-packages/airflow/example_dags/example_dag_decorator.py
[2025-03-07T10:49:53.786+0000] {processor.py:914} INFO - Processing file /home/airflow/.local/lib/python3.12/site-packages/airflow/example_dags/example_dag_decorator.py for tasks to queue
[2025-03-07T10:49:53.789+0000] {logging_mixin.py:190} INFO - [2025-03-07T10:49:53.789+0000] {dagbag.py:588} INFO - Filling up the DagBag from /home/airflow/.local/lib/python3.12/site-packages/airflow/example_dags/example_dag_decorator.py
[2025-03-07T10:49:53.882+0000] {processor.py:925} INFO - DAG(s) 'example_dag_decorator' retrieved from /home/airflow/.local/lib/python3.12/site-packages/airflow/example_dags/example_dag_decorator.py
[2025-03-07T10:49:54.019+0000] {logging_mixin.py:190} INFO - [2025-03-07T10:49:54.019+0000] {dag.py:3239} INFO - Sync 1 DAGs
[2025-03-07T10:49:54.034+0000] {logging_mixin.py:190} INFO - [2025-03-07T10:49:54.034+0000] {dag.py:4180} INFO - Setting next_dagrun for example_dag_decorator to None, run_after=None
[2025-03-07T10:49:54.058+0000] {processor.py:208} INFO - Processing /home/airflow/.local/lib/python3.12/site-packages/airflow/example_dags/example_dag_decorator.py took 0.280 seconds
[2025-03-07T10:50:24.195+0000] {processor.py:186} INFO - Started process (PID=210) to work on /home/airflow/.local/lib/python3.12/site-packages/airflow/example_dags/example_dag_decorator.py
[2025-03-07T10:50:24.196+0000] {processor.py:914} INFO - Processing file /home/airflow/.local/lib/python3.12/site-packages/airflow/example_dags/example_dag_decorator.py for tasks to queue
[2025-03-07T10:50:24.199+0000] {logging_mixin.py:190} INFO - [2025-03-07T10:50:24.199+0000] {dagbag.py:588} INFO - Filling up the DagBag from /home/airflow/.local/lib/python3.12/site-packages/airflow/example_dags/example_dag_decorator.py
[2025-03-07T10:50:24.344+0000] {processor.py:925} INFO - DAG(s) 'example_dag_decorator' retrieved from /home/airflow/.local/lib/python3.12/site-packages/airflow/example_dags/example_dag_decorator.py
[2025-03-07T10:50:24.483+0000] {logging_mixin.py:190} INFO - [2025-03-07T10:50:24.483+0000] {dag.py:3239} INFO - Sync 1 DAGs
[2025-03-07T10:50:24.499+0000] {logging_mixin.py:190} INFO - [2025-03-07T10:50:24.499+0000] {dag.py:4180} INFO - Setting next_dagrun for example_dag_decorator to None, run_after=None
[2025-03-07T10:50:24.534+0000] {processor.py:208} INFO - Processing /home/airflow/.local/lib/python3.12/site-packages/airflow/example_dags/example_dag_decorator.py took 0.346 seconds
[2025-03-07T10:50:54.870+0000] {processor.py:186} INFO - Started process (PID=273) to work on /home/airflow/.local/lib/python3.12/site-packages/airflow/example_dags/example_dag_decorator.py
[2025-03-07T10:50:54.871+0000] {processor.py:914} INFO - Processing file /home/airflow/.local/lib/python3.12/site-packages/airflow/example_dags/example_dag_decorator.py for tasks to queue
[2025-03-07T10:50:54.875+0000] {logging_mixin.py:190} INFO - [2025-03-07T10:50:54.874+0000] {dagbag.py:588} INFO - Filling up the DagBag from /home/airflow/.local/lib/python3.12/site-packages/airflow/example_dags/example_dag_decorator.py
[2025-03-07T10:50:55.044+0000] {processor.py:925} INFO - DAG(s) 'example_dag_decorator' retrieved from /home/airflow/.local/lib/python3.12/site-packages/airflow/example_dags/example_dag_decorator.py
[2025-03-07T10:50:55.226+0000] {logging_mixin.py:190} INFO - [2025-03-07T10:50:55.225+0000] {dag.py:3239} INFO - Sync 1 DAGs
[2025-03-07T10:50:55.246+0000] {logging_mixin.py:190} INFO - [2025-03-07T10:50:55.245+0000] {dag.py:4180} INFO - Setting next_dagrun for example_dag_decorator to None, run_after=None
[2025-03-07T10:50:55.279+0000] {processor.py:208} INFO - Processing /home/airflow/.local/lib/python3.12/site-packages/airflow/example_dags/example_dag_decorator.py took 0.420 seconds
[2025-03-07T10:51:25.566+0000] {processor.py:186} INFO - Started process (PID=337) to work on /home/airflow/.local/lib/python3.12/site-packages/airflow/example_dags/example_dag_decorator.py
[2025-03-07T10:51:25.567+0000] {processor.py:914} INFO - Processing file /home/airflow/.local/lib/python3.12/site-packages/airflow/example_dags/example_dag_decorator.py for tasks to queue
[2025-03-07T10:51:25.570+0000] {logging_mixin.py:190} INFO - [2025-03-07T10:51:25.570+0000] {dagbag.py:588} INFO - Filling up the DagBag from /home/airflow/.local/lib/python3.12/site-packages/airflow/example_dags/example_dag_decorator.py
[2025-03-07T10:51:25.719+0000] {processor.py:925} INFO - DAG(s) 'example_dag_decorator' retrieved from /home/airflow/.local/lib/python3.12/site-packages/airflow/example_dags/example_dag_decorator.py
[2025-03-07T10:51:25.891+0000] {logging_mixin.py:190} INFO - [2025-03-07T10:51:25.890+0000] {dag.py:3239} INFO - Sync 1 DAGs
[2025-03-07T10:51:25.910+0000] {logging_mixin.py:190} INFO - [2025-03-07T10:51:25.910+0000] {dag.py:4180} INFO - Setting next_dagrun for example_dag_decorator to None, run_after=None
[2025-03-07T10:51:25.938+0000] {processor.py:208} INFO - Processing /home/airflow/.local/lib/python3.12/site-packages/airflow/example_dags/example_dag_decorator.py took 0.381 seconds
[2025-03-07T10:51:56.038+0000] {processor.py:186} INFO - Started process (PID=401) to work on /home/airflow/.local/lib/python3.12/site-packages/airflow/example_dags/example_dag_decorator.py
[2025-03-07T10:51:56.039+0000] {processor.py:914} INFO - Processing file /home/airflow/.local/lib/python3.12/site-packages/airflow/example_dags/example_dag_decorator.py for tasks to queue
[2025-03-07T10:51:56.042+0000] {logging_mixin.py:190} INFO - [2025-03-07T10:51:56.042+0000] {dagbag.py:588} INFO - Filling up the DagBag from /home/airflow/.local/lib/python3.12/site-packages/airflow/example_dags/example_dag_decorator.py
[2025-03-07T10:51:56.184+0000] {processor.py:925} INFO - DAG(s) 'example_dag_decorator' retrieved from /home/airflow/.local/lib/python3.12/site-packages/airflow/example_dags/example_dag_decorator.py
[2025-03-07T10:51:56.376+0000] {logging_mixin.py:190} INFO - [2025-03-07T10:51:56.375+0000] {dag.py:3239} INFO - Sync 1 DAGs
[2025-03-07T10:51:56.401+0000] {logging_mixin.py:190} INFO - [2025-03-07T10:51:56.400+0000] {dag.py:4180} INFO - Setting next_dagrun for example_dag_decorator to None, run_after=None
[2025-03-07T10:51:56.446+0000] {processor.py:208} INFO - Processing /home/airflow/.local/lib/python3.12/site-packages/airflow/example_dags/example_dag_decorator.py took 0.415 seconds
[2025-03-07T10:52:26.636+0000] {processor.py:186} INFO - Started process (PID=465) to work on /home/airflow/.local/lib/python3.12/site-packages/airflow/example_dags/example_dag_decorator.py
[2025-03-07T10:52:26.637+0000] {processor.py:914} INFO - Processing file /home/airflow/.local/lib/python3.12/site-packages/airflow/example_dags/example_dag_decorator.py for tasks to queue
[2025-03-07T10:52:26.640+0000] {logging_mixin.py:190} INFO - [2025-03-07T10:52:26.640+0000] {dagbag.py:588} INFO - Filling up the DagBag from /home/airflow/.local/lib/python3.12/site-packages/airflow/example_dags/example_dag_decorator.py
[2025-03-07T10:52:26.825+0000] {processor.py:925} INFO - DAG(s) 'example_dag_decorator' retrieved from /home/airflow/.local/lib/python3.12/site-packages/airflow/example_dags/example_dag_decorator.py
[2025-03-07T10:52:27.034+0000] {logging_mixin.py:190} INFO - [2025-03-07T10:52:27.034+0000] {dag.py:3239} INFO - Sync 1 DAGs
[2025-03-07T10:52:27.058+0000] {logging_mixin.py:190} INFO - [2025-03-07T10:52:27.057+0000] {dag.py:4180} INFO - Setting next_dagrun for example_dag_decorator to None, run_after=None
[2025-03-07T10:52:27.089+0000] {processor.py:208} INFO - Processing /home/airflow/.local/lib/python3.12/site-packages/airflow/example_dags/example_dag_decorator.py took 0.460 seconds
[2025-03-07T10:52:57.925+0000] {processor.py:186} INFO - Started process (PID=528) to work on /home/airflow/.local/lib/python3.12/site-packages/airflow/example_dags/example_dag_decorator.py
[2025-03-07T10:52:57.926+0000] {processor.py:914} INFO - Processing file /home/airflow/.local/lib/python3.12/site-packages/airflow/example_dags/example_dag_decorator.py for tasks to queue
[2025-03-07T10:52:57.930+0000] {logging_mixin.py:190} INFO - [2025-03-07T10:52:57.929+0000] {dagbag.py:588} INFO - Filling up the DagBag from /home/airflow/.local/lib/python3.12/site-packages/airflow/example_dags/example_dag_decorator.py
[2025-03-07T10:52:58.068+0000] {processor.py:925} INFO - DAG(s) 'example_dag_decorator' retrieved from /home/airflow/.local/lib/python3.12/site-packages/airflow/example_dags/example_dag_decorator.py
[2025-03-07T10:52:58.224+0000] {logging_mixin.py:190} INFO - [2025-03-07T10:52:58.224+0000] {dag.py:3239} INFO - Sync 1 DAGs
[2025-03-07T10:52:58.241+0000] {logging_mixin.py:190} INFO - [2025-03-07T10:52:58.241+0000] {dag.py:4180} INFO - Setting next_dagrun for example_dag_decorator to None, run_after=None
[2025-03-07T10:52:58.270+0000] {processor.py:208} INFO - Processing /home/airflow/.local/lib/python3.12/site-packages/airflow/example_dags/example_dag_decorator.py took 0.355 seconds
[2025-03-07T10:53:28.815+0000] {processor.py:186} INFO - Started process (PID=591) to work on /home/airflow/.local/lib/python3.12/site-packages/airflow/example_dags/example_dag_decorator.py
[2025-03-07T10:53:28.816+0000] {processor.py:914} INFO - Processing file /home/airflow/.local/lib/python3.12/site-packages/airflow/example_dags/example_dag_decorator.py for tasks to queue
[2025-03-07T10:53:28.819+0000] {logging_mixin.py:190} INFO - [2025-03-07T10:53:28.819+0000] {dagbag.py:588} INFO - Filling up the DagBag from /home/airflow/.local/lib/python3.12/site-packages/airflow/example_dags/example_dag_decorator.py
[2025-03-07T10:53:28.968+0000] {processor.py:925} INFO - DAG(s) 'example_dag_decorator' retrieved from /home/airflow/.local/lib/python3.12/site-packages/airflow/example_dags/example_dag_decorator.py
[2025-03-07T10:53:29.128+0000] {logging_mixin.py:190} INFO - [2025-03-07T10:53:29.128+0000] {dag.py:3239} INFO - Sync 1 DAGs
[2025-03-07T10:53:29.145+0000] {logging_mixin.py:190} INFO - [2025-03-07T10:53:29.145+0000] {dag.py:4180} INFO - Setting next_dagrun for example_dag_decorator to None, run_after=None
[2025-03-07T10:53:29.169+0000] {processor.py:208} INFO - Processing /home/airflow/.local/lib/python3.12/site-packages/airflow/example_dags/example_dag_decorator.py took 0.363 seconds
[2025-03-07T10:53:59.587+0000] {processor.py:186} INFO - Started process (PID=655) to work on /home/airflow/.local/lib/python3.12/site-packages/airflow/example_dags/example_dag_decorator.py
[2025-03-07T10:53:59.588+0000] {processor.py:914} INFO - Processing file /home/airflow/.local/lib/python3.12/site-packages/airflow/example_dags/example_dag_decorator.py for tasks to queue
[2025-03-07T10:53:59.590+0000] {logging_mixin.py:190} INFO - [2025-03-07T10:53:59.590+0000] {dagbag.py:588} INFO - Filling up the DagBag from /home/airflow/.local/lib/python3.12/site-packages/airflow/example_dags/example_dag_decorator.py
[2025-03-07T10:53:59.683+0000] {processor.py:925} INFO - DAG(s) 'example_dag_decorator' retrieved from /home/airflow/.local/lib/python3.12/site-packages/airflow/example_dags/example_dag_decorator.py
[2025-03-07T10:53:59.784+0000] {logging_mixin.py:190} INFO - [2025-03-07T10:53:59.784+0000] {dag.py:3239} INFO - Sync 1 DAGs
[2025-03-07T10:53:59.797+0000] {logging_mixin.py:190} INFO - [2025-03-07T10:53:59.796+0000] {dag.py:4180} INFO - Setting next_dagrun for example_dag_decorator to None, run_after=None
[2025-03-07T10:53:59.816+0000] {processor.py:208} INFO - Processing /home/airflow/.local/lib/python3.12/site-packages/airflow/example_dags/example_dag_decorator.py took 0.235 seconds
[2025-03-07T10:54:29.909+0000] {processor.py:186} INFO - Started process (PID=719) to work on /home/airflow/.local/lib/python3.12/site-packages/airflow/example_dags/example_dag_decorator.py
[2025-03-07T10:54:29.910+0000] {processor.py:914} INFO - Processing file /home/airflow/.local/lib/python3.12/site-packages/airflow/example_dags/example_dag_decorator.py for tasks to queue
[2025-03-07T10:54:29.913+0000] {logging_mixin.py:190} INFO - [2025-03-07T10:54:29.913+0000] {dagbag.py:588} INFO - Filling up the DagBag from /home/airflow/.local/lib/python3.12/site-packages/airflow/example_dags/example_dag_decorator.py
[2025-03-07T10:54:30.091+0000] {processor.py:925} INFO - DAG(s) 'example_dag_decorator' retrieved from /home/airflow/.local/lib/python3.12/site-packages/airflow/example_dags/example_dag_decorator.py
[2025-03-07T10:54:30.287+0000] {logging_mixin.py:190} INFO - [2025-03-07T10:54:30.286+0000] {dag.py:3239} INFO - Sync 1 DAGs
[2025-03-07T10:54:30.306+0000] {logging_mixin.py:190} INFO - [2025-03-07T10:54:30.306+0000] {dag.py:4180} INFO - Setting next_dagrun for example_dag_decorator to None, run_after=None
[2025-03-07T10:54:30.333+0000] {processor.py:208} INFO - Processing /home/airflow/.local/lib/python3.12/site-packages/airflow/example_dags/example_dag_decorator.py took 0.431 seconds
[2025-03-07T10:55:00.382+0000] {processor.py:186} INFO - Started process (PID=784) to work on /home/airflow/.local/lib/python3.12/site-packages/airflow/example_dags/example_dag_decorator.py
[2025-03-07T10:55:00.383+0000] {processor.py:914} INFO - Processing file /home/airflow/.local/lib/python3.12/site-packages/airflow/example_dags/example_dag_decorator.py for tasks to queue
[2025-03-07T10:55:00.386+0000] {logging_mixin.py:190} INFO - [2025-03-07T10:55:00.385+0000] {dagbag.py:588} INFO - Filling up the DagBag from /home/airflow/.local/lib/python3.12/site-packages/airflow/example_dags/example_dag_decorator.py
[2025-03-07T10:55:00.493+0000] {processor.py:925} INFO - DAG(s) 'example_dag_decorator' retrieved from /home/airflow/.local/lib/python3.12/site-packages/airflow/example_dags/example_dag_decorator.py
[2025-03-07T10:55:00.608+0000] {logging_mixin.py:190} INFO - [2025-03-07T10:55:00.608+0000] {dag.py:3239} INFO - Sync 1 DAGs
[2025-03-07T10:55:00.622+0000] {logging_mixin.py:190} INFO - [2025-03-07T10:55:00.621+0000] {dag.py:4180} INFO - Setting next_dagrun for example_dag_decorator to None, run_after=None
[2025-03-07T10:55:00.647+0000] {processor.py:208} INFO - Processing /home/airflow/.local/lib/python3.12/site-packages/airflow/example_dags/example_dag_decorator.py took 0.271 seconds
[2025-03-07T10:55:30.707+0000] {processor.py:186} INFO - Started process (PID=843) to work on /home/airflow/.local/lib/python3.12/site-packages/airflow/example_dags/example_dag_decorator.py
[2025-03-07T10:55:30.708+0000] {processor.py:914} INFO - Processing file /home/airflow/.local/lib/python3.12/site-packages/airflow/example_dags/example_dag_decorator.py for tasks to queue
[2025-03-07T10:55:30.711+0000] {logging_mixin.py:190} INFO - [2025-03-07T10:55:30.711+0000] {dagbag.py:588} INFO - Filling up the DagBag from /home/airflow/.local/lib/python3.12/site-packages/airflow/example_dags/example_dag_decorator.py
[2025-03-07T10:55:30.857+0000] {processor.py:925} INFO - DAG(s) 'example_dag_decorator' retrieved from /home/airflow/.local/lib/python3.12/site-packages/airflow/example_dags/example_dag_decorator.py
[2025-03-07T10:55:31.031+0000] {logging_mixin.py:190} INFO - [2025-03-07T10:55:31.030+0000] {dag.py:3239} INFO - Sync 1 DAGs
[2025-03-07T10:55:31.053+0000] {logging_mixin.py:190} INFO - [2025-03-07T10:55:31.053+0000] {dag.py:4180} INFO - Setting next_dagrun for example_dag_decorator to None, run_after=None
[2025-03-07T10:55:31.079+0000] {processor.py:208} INFO - Processing /home/airflow/.local/lib/python3.12/site-packages/airflow/example_dags/example_dag_decorator.py took 0.378 seconds
[2025-03-07T10:56:01.222+0000] {processor.py:186} INFO - Started process (PID=907) to work on /home/airflow/.local/lib/python3.12/site-packages/airflow/example_dags/example_dag_decorator.py
[2025-03-07T10:56:01.224+0000] {processor.py:914} INFO - Processing file /home/airflow/.local/lib/python3.12/site-packages/airflow/example_dags/example_dag_decorator.py for tasks to queue
[2025-03-07T10:56:01.228+0000] {logging_mixin.py:190} INFO - [2025-03-07T10:56:01.228+0000] {dagbag.py:588} INFO - Filling up the DagBag from /home/airflow/.local/lib/python3.12/site-packages/airflow/example_dags/example_dag_decorator.py
[2025-03-07T10:56:01.433+0000] {processor.py:925} INFO - DAG(s) 'example_dag_decorator' retrieved from /home/airflow/.local/lib/python3.12/site-packages/airflow/example_dags/example_dag_decorator.py
[2025-03-07T10:56:01.735+0000] {logging_mixin.py:190} INFO - [2025-03-07T10:56:01.734+0000] {dag.py:3239} INFO - Sync 1 DAGs
[2025-03-07T10:56:01.778+0000] {logging_mixin.py:190} INFO - [2025-03-07T10:56:01.778+0000] {dag.py:4180} INFO - Setting next_dagrun for example_dag_decorator to None, run_after=None
[2025-03-07T10:56:01.827+0000] {processor.py:208} INFO - Processing /home/airflow/.local/lib/python3.12/site-packages/airflow/example_dags/example_dag_decorator.py took 0.621 seconds
[2025-03-07T10:56:32.059+0000] {processor.py:186} INFO - Started process (PID=971) to work on /home/airflow/.local/lib/python3.12/site-packages/airflow/example_dags/example_dag_decorator.py
[2025-03-07T10:56:32.062+0000] {processor.py:914} INFO - Processing file /home/airflow/.local/lib/python3.12/site-packages/airflow/example_dags/example_dag_decorator.py for tasks to queue
[2025-03-07T10:56:32.070+0000] {logging_mixin.py:190} INFO - [2025-03-07T10:56:32.069+0000] {dagbag.py:588} INFO - Filling up the DagBag from /home/airflow/.local/lib/python3.12/site-packages/airflow/example_dags/example_dag_decorator.py
[2025-03-07T10:56:32.289+0000] {processor.py:925} INFO - DAG(s) 'example_dag_decorator' retrieved from /home/airflow/.local/lib/python3.12/site-packages/airflow/example_dags/example_dag_decorator.py
[2025-03-07T10:56:32.520+0000] {logging_mixin.py:190} INFO - [2025-03-07T10:56:32.520+0000] {dag.py:3239} INFO - Sync 1 DAGs
[2025-03-07T10:56:32.548+0000] {logging_mixin.py:190} INFO - [2025-03-07T10:56:32.548+0000] {dag.py:4180} INFO - Setting next_dagrun for example_dag_decorator to None, run_after=None
[2025-03-07T10:56:32.589+0000] {processor.py:208} INFO - Processing /home/airflow/.local/lib/python3.12/site-packages/airflow/example_dags/example_dag_decorator.py took 0.543 seconds
[2025-03-07T10:57:02.949+0000] {processor.py:186} INFO - Started process (PID=1036) to work on /home/airflow/.local/lib/python3.12/site-packages/airflow/example_dags/example_dag_decorator.py
[2025-03-07T10:57:02.951+0000] {processor.py:914} INFO - Processing file /home/airflow/.local/lib/python3.12/site-packages/airflow/example_dags/example_dag_decorator.py for tasks to queue
[2025-03-07T10:57:02.956+0000] {logging_mixin.py:190} INFO - [2025-03-07T10:57:02.955+0000] {dagbag.py:588} INFO - Filling up the DagBag from /home/airflow/.local/lib/python3.12/site-packages/airflow/example_dags/example_dag_decorator.py
[2025-03-07T10:57:03.177+0000] {processor.py:925} INFO - DAG(s) 'example_dag_decorator' retrieved from /home/airflow/.local/lib/python3.12/site-packages/airflow/example_dags/example_dag_decorator.py
[2025-03-07T10:57:03.367+0000] {logging_mixin.py:190} INFO - [2025-03-07T10:57:03.367+0000] {dag.py:3239} INFO - Sync 1 DAGs
[2025-03-07T10:57:03.386+0000] {logging_mixin.py:190} INFO - [2025-03-07T10:57:03.385+0000] {dag.py:4180} INFO - Setting next_dagrun for example_dag_decorator to None, run_after=None
[2025-03-07T10:57:03.424+0000] {processor.py:208} INFO - Processing /home/airflow/.local/lib/python3.12/site-packages/airflow/example_dags/example_dag_decorator.py took 0.492 seconds
[2025-03-07T10:57:33.617+0000] {processor.py:186} INFO - Started process (PID=1104) to work on /home/airflow/.local/lib/python3.12/site-packages/airflow/example_dags/example_dag_decorator.py
[2025-03-07T10:57:33.618+0000] {processor.py:914} INFO - Processing file /home/airflow/.local/lib/python3.12/site-packages/airflow/example_dags/example_dag_decorator.py for tasks to queue
[2025-03-07T10:57:33.620+0000] {logging_mixin.py:190} INFO - [2025-03-07T10:57:33.620+0000] {dagbag.py:588} INFO - Filling up the DagBag from /home/airflow/.local/lib/python3.12/site-packages/airflow/example_dags/example_dag_decorator.py
[2025-03-07T10:57:33.723+0000] {processor.py:925} INFO - DAG(s) 'example_dag_decorator' retrieved from /home/airflow/.local/lib/python3.12/site-packages/airflow/example_dags/example_dag_decorator.py
[2025-03-07T10:57:33.833+0000] {logging_mixin.py:190} INFO - [2025-03-07T10:57:33.832+0000] {dag.py:3239} INFO - Sync 1 DAGs
[2025-03-07T10:57:33.845+0000] {logging_mixin.py:190} INFO - [2025-03-07T10:57:33.845+0000] {dag.py:4180} INFO - Setting next_dagrun for example_dag_decorator to None, run_after=None
[2025-03-07T10:57:33.877+0000] {processor.py:208} INFO - Processing /home/airflow/.local/lib/python3.12/site-packages/airflow/example_dags/example_dag_decorator.py took 0.266 seconds
[2025-03-07T10:58:03.927+0000] {processor.py:186} INFO - Started process (PID=1168) to work on /home/airflow/.local/lib/python3.12/site-packages/airflow/example_dags/example_dag_decorator.py
[2025-03-07T10:58:03.928+0000] {processor.py:914} INFO - Processing file /home/airflow/.local/lib/python3.12/site-packages/airflow/example_dags/example_dag_decorator.py for tasks to queue
[2025-03-07T10:58:03.930+0000] {logging_mixin.py:190} INFO - [2025-03-07T10:58:03.929+0000] {dagbag.py:588} INFO - Filling up the DagBag from /home/airflow/.local/lib/python3.12/site-packages/airflow/example_dags/example_dag_decorator.py
[2025-03-07T10:58:04.023+0000] {processor.py:925} INFO - DAG(s) 'example_dag_decorator' retrieved from /home/airflow/.local/lib/python3.12/site-packages/airflow/example_dags/example_dag_decorator.py
[2025-03-07T10:58:04.127+0000] {logging_mixin.py:190} INFO - [2025-03-07T10:58:04.126+0000] {dag.py:3239} INFO - Sync 1 DAGs
[2025-03-07T10:58:04.139+0000] {logging_mixin.py:190} INFO - [2025-03-07T10:58:04.139+0000] {dag.py:4180} INFO - Setting next_dagrun for example_dag_decorator to None, run_after=None
[2025-03-07T10:58:04.160+0000] {processor.py:208} INFO - Processing /home/airflow/.local/lib/python3.12/site-packages/airflow/example_dags/example_dag_decorator.py took 0.238 seconds
[2025-03-07T10:58:34.317+0000] {processor.py:186} INFO - Started process (PID=1230) to work on /home/airflow/.local/lib/python3.12/site-packages/airflow/example_dags/example_dag_decorator.py
[2025-03-07T10:58:34.318+0000] {processor.py:914} INFO - Processing file /home/airflow/.local/lib/python3.12/site-packages/airflow/example_dags/example_dag_decorator.py for tasks to queue
[2025-03-07T10:58:34.322+0000] {logging_mixin.py:190} INFO - [2025-03-07T10:58:34.321+0000] {dagbag.py:588} INFO - Filling up the DagBag from /home/airflow/.local/lib/python3.12/site-packages/airflow/example_dags/example_dag_decorator.py
[2025-03-07T10:58:34.450+0000] {processor.py:925} INFO - DAG(s) 'example_dag_decorator' retrieved from /home/airflow/.local/lib/python3.12/site-packages/airflow/example_dags/example_dag_decorator.py
[2025-03-07T10:58:34.624+0000] {logging_mixin.py:190} INFO - [2025-03-07T10:58:34.624+0000] {dag.py:3239} INFO - Sync 1 DAGs
[2025-03-07T10:58:34.647+0000] {logging_mixin.py:190} INFO - [2025-03-07T10:58:34.647+0000] {dag.py:4180} INFO - Setting next_dagrun for example_dag_decorator to None, run_after=None
[2025-03-07T10:58:34.673+0000] {processor.py:208} INFO - Processing /home/airflow/.local/lib/python3.12/site-packages/airflow/example_dags/example_dag_decorator.py took 0.362 seconds
[2025-03-07T10:59:04.798+0000] {processor.py:186} INFO - Started process (PID=1293) to work on /home/airflow/.local/lib/python3.12/site-packages/airflow/example_dags/example_dag_decorator.py
[2025-03-07T10:59:04.799+0000] {processor.py:914} INFO - Processing file /home/airflow/.local/lib/python3.12/site-packages/airflow/example_dags/example_dag_decorator.py for tasks to queue
[2025-03-07T10:59:04.801+0000] {logging_mixin.py:190} INFO - [2025-03-07T10:59:04.801+0000] {dagbag.py:588} INFO - Filling up the DagBag from /home/airflow/.local/lib/python3.12/site-packages/airflow/example_dags/example_dag_decorator.py
[2025-03-07T10:59:04.940+0000] {processor.py:925} INFO - DAG(s) 'example_dag_decorator' retrieved from /home/airflow/.local/lib/python3.12/site-packages/airflow/example_dags/example_dag_decorator.py
[2025-03-07T10:59:05.115+0000] {logging_mixin.py:190} INFO - [2025-03-07T10:59:05.115+0000] {dag.py:3239} INFO - Sync 1 DAGs
[2025-03-07T10:59:05.135+0000] {logging_mixin.py:190} INFO - [2025-03-07T10:59:05.135+0000] {dag.py:4180} INFO - Setting next_dagrun for example_dag_decorator to None, run_after=None
[2025-03-07T10:59:05.181+0000] {processor.py:208} INFO - Processing /home/airflow/.local/lib/python3.12/site-packages/airflow/example_dags/example_dag_decorator.py took 0.389 seconds
[2025-03-07T10:59:35.592+0000] {processor.py:186} INFO - Started process (PID=1356) to work on /home/airflow/.local/lib/python3.12/site-packages/airflow/example_dags/example_dag_decorator.py
[2025-03-07T10:59:35.593+0000] {processor.py:914} INFO - Processing file /home/airflow/.local/lib/python3.12/site-packages/airflow/example_dags/example_dag_decorator.py for tasks to queue
[2025-03-07T10:59:35.595+0000] {logging_mixin.py:190} INFO - [2025-03-07T10:59:35.595+0000] {dagbag.py:588} INFO - Filling up the DagBag from /home/airflow/.local/lib/python3.12/site-packages/airflow/example_dags/example_dag_decorator.py
[2025-03-07T10:59:35.700+0000] {processor.py:925} INFO - DAG(s) 'example_dag_decorator' retrieved from /home/airflow/.local/lib/python3.12/site-packages/airflow/example_dags/example_dag_decorator.py
[2025-03-07T10:59:35.845+0000] {logging_mixin.py:190} INFO - [2025-03-07T10:59:35.845+0000] {dag.py:3239} INFO - Sync 1 DAGs
[2025-03-07T10:59:35.869+0000] {logging_mixin.py:190} INFO - [2025-03-07T10:59:35.869+0000] {dag.py:4180} INFO - Setting next_dagrun for example_dag_decorator to None, run_after=None
[2025-03-07T10:59:35.901+0000] {processor.py:208} INFO - Processing /home/airflow/.local/lib/python3.12/site-packages/airflow/example_dags/example_dag_decorator.py took 0.315 seconds
[2025-03-07T11:00:06.083+0000] {processor.py:186} INFO - Started process (PID=1419) to work on /home/airflow/.local/lib/python3.12/site-packages/airflow/example_dags/example_dag_decorator.py
[2025-03-07T11:00:06.084+0000] {processor.py:914} INFO - Processing file /home/airflow/.local/lib/python3.12/site-packages/airflow/example_dags/example_dag_decorator.py for tasks to queue
[2025-03-07T11:00:06.087+0000] {logging_mixin.py:190} INFO - [2025-03-07T11:00:06.086+0000] {dagbag.py:588} INFO - Filling up the DagBag from /home/airflow/.local/lib/python3.12/site-packages/airflow/example_dags/example_dag_decorator.py
[2025-03-07T11:00:06.227+0000] {processor.py:925} INFO - DAG(s) 'example_dag_decorator' retrieved from /home/airflow/.local/lib/python3.12/site-packages/airflow/example_dags/example_dag_decorator.py
[2025-03-07T11:00:06.397+0000] {logging_mixin.py:190} INFO - [2025-03-07T11:00:06.396+0000] {dag.py:3239} INFO - Sync 1 DAGs
[2025-03-07T11:00:06.418+0000] {logging_mixin.py:190} INFO - [2025-03-07T11:00:06.417+0000] {dag.py:4180} INFO - Setting next_dagrun for example_dag_decorator to None, run_after=None
[2025-03-07T11:00:06.447+0000] {processor.py:208} INFO - Processing /home/airflow/.local/lib/python3.12/site-packages/airflow/example_dags/example_dag_decorator.py took 0.372 seconds
[2025-03-07T11:00:36.758+0000] {processor.py:186} INFO - Started process (PID=1479) to work on /home/airflow/.local/lib/python3.12/site-packages/airflow/example_dags/example_dag_decorator.py
[2025-03-07T11:00:36.759+0000] {processor.py:914} INFO - Processing file /home/airflow/.local/lib/python3.12/site-packages/airflow/example_dags/example_dag_decorator.py for tasks to queue
[2025-03-07T11:00:36.763+0000] {logging_mixin.py:190} INFO - [2025-03-07T11:00:36.762+0000] {dagbag.py:588} INFO - Filling up the DagBag from /home/airflow/.local/lib/python3.12/site-packages/airflow/example_dags/example_dag_decorator.py
[2025-03-07T11:00:36.904+0000] {processor.py:925} INFO - DAG(s) 'example_dag_decorator' retrieved from /home/airflow/.local/lib/python3.12/site-packages/airflow/example_dags/example_dag_decorator.py
[2025-03-07T11:00:37.092+0000] {logging_mixin.py:190} INFO - [2025-03-07T11:00:37.091+0000] {dag.py:3239} INFO - Sync 1 DAGs
[2025-03-07T11:00:37.115+0000] {logging_mixin.py:190} INFO - [2025-03-07T11:00:37.115+0000] {dag.py:4180} INFO - Setting next_dagrun for example_dag_decorator to None, run_after=None
[2025-03-07T11:00:37.143+0000] {processor.py:208} INFO - Processing /home/airflow/.local/lib/python3.12/site-packages/airflow/example_dags/example_dag_decorator.py took 0.394 seconds
[2025-03-07T11:01:07.714+0000] {processor.py:186} INFO - Started process (PID=1543) to work on /home/airflow/.local/lib/python3.12/site-packages/airflow/example_dags/example_dag_decorator.py
[2025-03-07T11:01:07.715+0000] {processor.py:914} INFO - Processing file /home/airflow/.local/lib/python3.12/site-packages/airflow/example_dags/example_dag_decorator.py for tasks to queue
[2025-03-07T11:01:07.718+0000] {logging_mixin.py:190} INFO - [2025-03-07T11:01:07.718+0000] {dagbag.py:588} INFO - Filling up the DagBag from /home/airflow/.local/lib/python3.12/site-packages/airflow/example_dags/example_dag_decorator.py
[2025-03-07T11:01:07.905+0000] {processor.py:925} INFO - DAG(s) 'example_dag_decorator' retrieved from /home/airflow/.local/lib/python3.12/site-packages/airflow/example_dags/example_dag_decorator.py
[2025-03-07T11:01:08.124+0000] {logging_mixin.py:190} INFO - [2025-03-07T11:01:08.123+0000] {dag.py:3239} INFO - Sync 1 DAGs
[2025-03-07T11:01:08.149+0000] {logging_mixin.py:190} INFO - [2025-03-07T11:01:08.148+0000] {dag.py:4180} INFO - Setting next_dagrun for example_dag_decorator to None, run_after=None
[2025-03-07T11:01:08.186+0000] {processor.py:208} INFO - Processing /home/airflow/.local/lib/python3.12/site-packages/airflow/example_dags/example_dag_decorator.py took 0.480 seconds
[2025-03-07T11:01:38.949+0000] {processor.py:186} INFO - Started process (PID=1608) to work on /home/airflow/.local/lib/python3.12/site-packages/airflow/example_dags/example_dag_decorator.py
[2025-03-07T11:01:38.950+0000] {processor.py:914} INFO - Processing file /home/airflow/.local/lib/python3.12/site-packages/airflow/example_dags/example_dag_decorator.py for tasks to queue
[2025-03-07T11:01:38.953+0000] {logging_mixin.py:190} INFO - [2025-03-07T11:01:38.953+0000] {dagbag.py:588} INFO - Filling up the DagBag from /home/airflow/.local/lib/python3.12/site-packages/airflow/example_dags/example_dag_decorator.py
[2025-03-07T11:01:39.122+0000] {processor.py:925} INFO - DAG(s) 'example_dag_decorator' retrieved from /home/airflow/.local/lib/python3.12/site-packages/airflow/example_dags/example_dag_decorator.py
[2025-03-07T11:01:39.276+0000] {logging_mixin.py:190} INFO - [2025-03-07T11:01:39.275+0000] {dag.py:3239} INFO - Sync 1 DAGs
[2025-03-07T11:01:39.292+0000] {logging_mixin.py:190} INFO - [2025-03-07T11:01:39.292+0000] {dag.py:4180} INFO - Setting next_dagrun for example_dag_decorator to None, run_after=None
[2025-03-07T11:01:39.318+0000] {processor.py:208} INFO - Processing /home/airflow/.local/lib/python3.12/site-packages/airflow/example_dags/example_dag_decorator.py took 0.380 seconds
[2025-03-07T11:02:11.476+0000] {processor.py:186} INFO - Started process (PID=1659) to work on /home/airflow/.local/lib/python3.12/site-packages/airflow/example_dags/example_dag_decorator.py
[2025-03-07T11:02:11.478+0000] {processor.py:914} INFO - Processing file /home/airflow/.local/lib/python3.12/site-packages/airflow/example_dags/example_dag_decorator.py for tasks to queue
[2025-03-07T11:02:11.482+0000] {logging_mixin.py:190} INFO - [2025-03-07T11:02:11.482+0000] {dagbag.py:588} INFO - Filling up the DagBag from /home/airflow/.local/lib/python3.12/site-packages/airflow/example_dags/example_dag_decorator.py
[2025-03-07T11:02:11.682+0000] {processor.py:925} INFO - DAG(s) 'example_dag_decorator' retrieved from /home/airflow/.local/lib/python3.12/site-packages/airflow/example_dags/example_dag_decorator.py
[2025-03-07T11:02:12.016+0000] {logging_mixin.py:190} INFO - [2025-03-07T11:02:12.016+0000] {dag.py:3239} INFO - Sync 1 DAGs
[2025-03-07T11:02:12.059+0000] {logging_mixin.py:190} INFO - [2025-03-07T11:02:12.058+0000] {dag.py:4180} INFO - Setting next_dagrun for example_dag_decorator to None, run_after=None
[2025-03-07T11:02:12.117+0000] {processor.py:208} INFO - Processing /home/airflow/.local/lib/python3.12/site-packages/airflow/example_dags/example_dag_decorator.py took 0.652 seconds
[2025-03-07T11:03:05.416+0000] {processor.py:186} INFO - Started process (PID=1728) to work on /home/airflow/.local/lib/python3.12/site-packages/airflow/example_dags/example_dag_decorator.py
[2025-03-07T11:03:05.448+0000] {processor.py:914} INFO - Processing file /home/airflow/.local/lib/python3.12/site-packages/airflow/example_dags/example_dag_decorator.py for tasks to queue
[2025-03-07T11:03:05.532+0000] {logging_mixin.py:190} INFO - [2025-03-07T11:03:05.532+0000] {dagbag.py:588} INFO - Filling up the DagBag from /home/airflow/.local/lib/python3.12/site-packages/airflow/example_dags/example_dag_decorator.py
[2025-03-07T11:03:06.247+0000] {processor.py:925} INFO - DAG(s) 'example_dag_decorator' retrieved from /home/airflow/.local/lib/python3.12/site-packages/airflow/example_dags/example_dag_decorator.py
[2025-03-07T11:03:06.972+0000] {logging_mixin.py:190} INFO - [2025-03-07T11:03:06.971+0000] {dag.py:3239} INFO - Sync 1 DAGs
[2025-03-07T11:03:07.095+0000] {logging_mixin.py:190} INFO - [2025-03-07T11:03:07.090+0000] {dag.py:4180} INFO - Setting next_dagrun for example_dag_decorator to None, run_after=None
[2025-03-07T11:03:07.316+0000] {processor.py:208} INFO - Processing /home/airflow/.local/lib/python3.12/site-packages/airflow/example_dags/example_dag_decorator.py took 1.914 seconds
[2025-03-07T11:03:50.969+0000] {processor.py:186} INFO - Started process (PID=1782) to work on /home/airflow/.local/lib/python3.12/site-packages/airflow/example_dags/example_dag_decorator.py
[2025-03-07T11:03:51.090+0000] {processor.py:914} INFO - Processing file /home/airflow/.local/lib/python3.12/site-packages/airflow/example_dags/example_dag_decorator.py for tasks to queue
[2025-03-07T11:03:51.103+0000] {logging_mixin.py:190} INFO - [2025-03-07T11:03:51.102+0000] {dagbag.py:588} INFO - Filling up the DagBag from /home/airflow/.local/lib/python3.12/site-packages/airflow/example_dags/example_dag_decorator.py
[2025-03-07T11:03:52.174+0000] {processor.py:925} INFO - DAG(s) 'example_dag_decorator' retrieved from /home/airflow/.local/lib/python3.12/site-packages/airflow/example_dags/example_dag_decorator.py
[2025-03-07T11:03:52.949+0000] {logging_mixin.py:190} INFO - [2025-03-07T11:03:52.948+0000] {dag.py:3239} INFO - Sync 1 DAGs
[2025-03-07T11:03:53.016+0000] {logging_mixin.py:190} INFO - [2025-03-07T11:03:53.016+0000] {dag.py:4180} INFO - Setting next_dagrun for example_dag_decorator to None, run_after=None
[2025-03-07T11:03:53.243+0000] {processor.py:208} INFO - Processing /home/airflow/.local/lib/python3.12/site-packages/airflow/example_dags/example_dag_decorator.py took 2.312 seconds
[2025-03-07T11:04:35.024+0000] {processor.py:186} INFO - Started process (PID=1841) to work on /home/airflow/.local/lib/python3.12/site-packages/airflow/example_dags/example_dag_decorator.py
[2025-03-07T11:04:35.049+0000] {processor.py:914} INFO - Processing file /home/airflow/.local/lib/python3.12/site-packages/airflow/example_dags/example_dag_decorator.py for tasks to queue
[2025-03-07T11:04:35.056+0000] {logging_mixin.py:190} INFO - [2025-03-07T11:04:35.055+0000] {dagbag.py:588} INFO - Filling up the DagBag from /home/airflow/.local/lib/python3.12/site-packages/airflow/example_dags/example_dag_decorator.py
[2025-03-07T11:04:35.871+0000] {processor.py:925} INFO - DAG(s) 'example_dag_decorator' retrieved from /home/airflow/.local/lib/python3.12/site-packages/airflow/example_dags/example_dag_decorator.py
[2025-03-07T11:04:36.707+0000] {logging_mixin.py:190} INFO - [2025-03-07T11:04:36.706+0000] {dag.py:3239} INFO - Sync 1 DAGs
[2025-03-07T11:04:36.805+0000] {logging_mixin.py:190} INFO - [2025-03-07T11:04:36.805+0000] {dag.py:4180} INFO - Setting next_dagrun for example_dag_decorator to None, run_after=None
[2025-03-07T11:04:36.910+0000] {processor.py:208} INFO - Processing /home/airflow/.local/lib/python3.12/site-packages/airflow/example_dags/example_dag_decorator.py took 1.930 seconds
[2025-03-07T11:05:11.418+0000] {processor.py:186} INFO - Started process (PID=1909) to work on /home/airflow/.local/lib/python3.12/site-packages/airflow/example_dags/example_dag_decorator.py
[2025-03-07T11:05:11.420+0000] {processor.py:914} INFO - Processing file /home/airflow/.local/lib/python3.12/site-packages/airflow/example_dags/example_dag_decorator.py for tasks to queue
[2025-03-07T11:05:11.444+0000] {logging_mixin.py:190} INFO - [2025-03-07T11:05:11.443+0000] {dagbag.py:588} INFO - Filling up the DagBag from /home/airflow/.local/lib/python3.12/site-packages/airflow/example_dags/example_dag_decorator.py
[2025-03-07T11:05:11.973+0000] {processor.py:925} INFO - DAG(s) 'example_dag_decorator' retrieved from /home/airflow/.local/lib/python3.12/site-packages/airflow/example_dags/example_dag_decorator.py
[2025-03-07T11:05:12.582+0000] {logging_mixin.py:190} INFO - [2025-03-07T11:05:12.581+0000] {dag.py:3239} INFO - Sync 1 DAGs
[2025-03-07T11:05:12.655+0000] {logging_mixin.py:190} INFO - [2025-03-07T11:05:12.655+0000] {dag.py:4180} INFO - Setting next_dagrun for example_dag_decorator to None, run_after=None
[2025-03-07T11:05:12.732+0000] {processor.py:208} INFO - Processing /home/airflow/.local/lib/python3.12/site-packages/airflow/example_dags/example_dag_decorator.py took 1.348 seconds
[2025-03-07T11:05:46.476+0000] {processor.py:186} INFO - Started process (PID=1964) to work on /home/airflow/.local/lib/python3.12/site-packages/airflow/example_dags/example_dag_decorator.py
[2025-03-07T11:05:46.489+0000] {processor.py:914} INFO - Processing file /home/airflow/.local/lib/python3.12/site-packages/airflow/example_dags/example_dag_decorator.py for tasks to queue
[2025-03-07T11:05:46.495+0000] {logging_mixin.py:190} INFO - [2025-03-07T11:05:46.495+0000] {dagbag.py:588} INFO - Filling up the DagBag from /home/airflow/.local/lib/python3.12/site-packages/airflow/example_dags/example_dag_decorator.py
[2025-03-07T11:05:47.145+0000] {processor.py:925} INFO - DAG(s) 'example_dag_decorator' retrieved from /home/airflow/.local/lib/python3.12/site-packages/airflow/example_dags/example_dag_decorator.py
[2025-03-07T11:05:47.731+0000] {logging_mixin.py:190} INFO - [2025-03-07T11:05:47.730+0000] {dag.py:3239} INFO - Sync 1 DAGs
[2025-03-07T11:05:47.835+0000] {logging_mixin.py:190} INFO - [2025-03-07T11:05:47.834+0000] {dag.py:4180} INFO - Setting next_dagrun for example_dag_decorator to None, run_after=None
[2025-03-07T11:05:48.020+0000] {processor.py:208} INFO - Processing /home/airflow/.local/lib/python3.12/site-packages/airflow/example_dags/example_dag_decorator.py took 1.565 seconds
[2025-03-07T11:06:18.903+0000] {processor.py:186} INFO - Started process (PID=2028) to work on /home/airflow/.local/lib/python3.12/site-packages/airflow/example_dags/example_dag_decorator.py
[2025-03-07T11:06:18.904+0000] {processor.py:914} INFO - Processing file /home/airflow/.local/lib/python3.12/site-packages/airflow/example_dags/example_dag_decorator.py for tasks to queue
[2025-03-07T11:06:18.907+0000] {logging_mixin.py:190} INFO - [2025-03-07T11:06:18.906+0000] {dagbag.py:588} INFO - Filling up the DagBag from /home/airflow/.local/lib/python3.12/site-packages/airflow/example_dags/example_dag_decorator.py
[2025-03-07T11:06:19.020+0000] {processor.py:925} INFO - DAG(s) 'example_dag_decorator' retrieved from /home/airflow/.local/lib/python3.12/site-packages/airflow/example_dags/example_dag_decorator.py
[2025-03-07T11:06:19.171+0000] {logging_mixin.py:190} INFO - [2025-03-07T11:06:19.170+0000] {dag.py:3239} INFO - Sync 1 DAGs
[2025-03-07T11:06:19.203+0000] {logging_mixin.py:190} INFO - [2025-03-07T11:06:19.202+0000] {dag.py:4180} INFO - Setting next_dagrun for example_dag_decorator to None, run_after=None
[2025-03-07T11:06:19.231+0000] {processor.py:208} INFO - Processing /home/airflow/.local/lib/python3.12/site-packages/airflow/example_dags/example_dag_decorator.py took 0.335 seconds
[2025-03-07T11:06:49.676+0000] {processor.py:186} INFO - Started process (PID=2092) to work on /home/airflow/.local/lib/python3.12/site-packages/airflow/example_dags/example_dag_decorator.py
[2025-03-07T11:06:49.697+0000] {processor.py:914} INFO - Processing file /home/airflow/.local/lib/python3.12/site-packages/airflow/example_dags/example_dag_decorator.py for tasks to queue
[2025-03-07T11:06:49.714+0000] {logging_mixin.py:190} INFO - [2025-03-07T11:06:49.713+0000] {dagbag.py:588} INFO - Filling up the DagBag from /home/airflow/.local/lib/python3.12/site-packages/airflow/example_dags/example_dag_decorator.py
[2025-03-07T11:06:50.045+0000] {processor.py:925} INFO - DAG(s) 'example_dag_decorator' retrieved from /home/airflow/.local/lib/python3.12/site-packages/airflow/example_dags/example_dag_decorator.py
[2025-03-07T11:06:50.333+0000] {logging_mixin.py:190} INFO - [2025-03-07T11:06:50.332+0000] {dag.py:3239} INFO - Sync 1 DAGs
[2025-03-07T11:06:50.366+0000] {logging_mixin.py:190} INFO - [2025-03-07T11:06:50.366+0000] {dag.py:4180} INFO - Setting next_dagrun for example_dag_decorator to None, run_after=None
[2025-03-07T11:06:50.419+0000] {processor.py:208} INFO - Processing /home/airflow/.local/lib/python3.12/site-packages/airflow/example_dags/example_dag_decorator.py took 0.781 seconds
[2025-03-07T11:07:20.730+0000] {processor.py:186} INFO - Started process (PID=2155) to work on /home/airflow/.local/lib/python3.12/site-packages/airflow/example_dags/example_dag_decorator.py
[2025-03-07T11:07:20.733+0000] {processor.py:914} INFO - Processing file /home/airflow/.local/lib/python3.12/site-packages/airflow/example_dags/example_dag_decorator.py for tasks to queue
[2025-03-07T11:07:20.742+0000] {logging_mixin.py:190} INFO - [2025-03-07T11:07:20.739+0000] {dagbag.py:588} INFO - Filling up the DagBag from /home/airflow/.local/lib/python3.12/site-packages/airflow/example_dags/example_dag_decorator.py
[2025-03-07T11:07:21.434+0000] {processor.py:925} INFO - DAG(s) 'example_dag_decorator' retrieved from /home/airflow/.local/lib/python3.12/site-packages/airflow/example_dags/example_dag_decorator.py
[2025-03-07T11:07:21.893+0000] {logging_mixin.py:190} INFO - [2025-03-07T11:07:21.892+0000] {dag.py:3239} INFO - Sync 1 DAGs
[2025-03-07T11:07:21.930+0000] {logging_mixin.py:190} INFO - [2025-03-07T11:07:21.930+0000] {dag.py:4180} INFO - Setting next_dagrun for example_dag_decorator to None, run_after=None
[2025-03-07T11:07:21.972+0000] {processor.py:208} INFO - Processing /home/airflow/.local/lib/python3.12/site-packages/airflow/example_dags/example_dag_decorator.py took 1.260 seconds
[2025-03-07T11:07:52.127+0000] {processor.py:186} INFO - Started process (PID=2219) to work on /home/airflow/.local/lib/python3.12/site-packages/airflow/example_dags/example_dag_decorator.py
[2025-03-07T11:07:52.129+0000] {processor.py:914} INFO - Processing file /home/airflow/.local/lib/python3.12/site-packages/airflow/example_dags/example_dag_decorator.py for tasks to queue
[2025-03-07T11:07:52.132+0000] {logging_mixin.py:190} INFO - [2025-03-07T11:07:52.131+0000] {dagbag.py:588} INFO - Filling up the DagBag from /home/airflow/.local/lib/python3.12/site-packages/airflow/example_dags/example_dag_decorator.py
[2025-03-07T11:07:52.297+0000] {processor.py:925} INFO - DAG(s) 'example_dag_decorator' retrieved from /home/airflow/.local/lib/python3.12/site-packages/airflow/example_dags/example_dag_decorator.py
[2025-03-07T11:07:52.517+0000] {logging_mixin.py:190} INFO - [2025-03-07T11:07:52.516+0000] {dag.py:3239} INFO - Sync 1 DAGs
[2025-03-07T11:07:52.548+0000] {logging_mixin.py:190} INFO - [2025-03-07T11:07:52.548+0000] {dag.py:4180} INFO - Setting next_dagrun for example_dag_decorator to None, run_after=None
[2025-03-07T11:07:52.582+0000] {processor.py:208} INFO - Processing /home/airflow/.local/lib/python3.12/site-packages/airflow/example_dags/example_dag_decorator.py took 0.461 seconds
[2025-03-07T11:08:23.414+0000] {processor.py:186} INFO - Started process (PID=2281) to work on /home/airflow/.local/lib/python3.12/site-packages/airflow/example_dags/example_dag_decorator.py
[2025-03-07T11:08:23.420+0000] {processor.py:914} INFO - Processing file /home/airflow/.local/lib/python3.12/site-packages/airflow/example_dags/example_dag_decorator.py for tasks to queue
[2025-03-07T11:08:23.426+0000] {logging_mixin.py:190} INFO - [2025-03-07T11:08:23.426+0000] {dagbag.py:588} INFO - Filling up the DagBag from /home/airflow/.local/lib/python3.12/site-packages/airflow/example_dags/example_dag_decorator.py
[2025-03-07T11:08:23.787+0000] {processor.py:925} INFO - DAG(s) 'example_dag_decorator' retrieved from /home/airflow/.local/lib/python3.12/site-packages/airflow/example_dags/example_dag_decorator.py
[2025-03-07T11:08:24.109+0000] {logging_mixin.py:190} INFO - [2025-03-07T11:08:24.109+0000] {dag.py:3239} INFO - Sync 1 DAGs
[2025-03-07T11:08:24.137+0000] {logging_mixin.py:190} INFO - [2025-03-07T11:08:24.135+0000] {dag.py:4180} INFO - Setting next_dagrun for example_dag_decorator to None, run_after=None
[2025-03-07T11:08:24.174+0000] {processor.py:208} INFO - Processing /home/airflow/.local/lib/python3.12/site-packages/airflow/example_dags/example_dag_decorator.py took 0.784 seconds
[2025-03-07T11:08:54.699+0000] {processor.py:186} INFO - Started process (PID=2346) to work on /home/airflow/.local/lib/python3.12/site-packages/airflow/example_dags/example_dag_decorator.py
[2025-03-07T11:08:54.701+0000] {processor.py:914} INFO - Processing file /home/airflow/.local/lib/python3.12/site-packages/airflow/example_dags/example_dag_decorator.py for tasks to queue
[2025-03-07T11:08:54.707+0000] {logging_mixin.py:190} INFO - [2025-03-07T11:08:54.706+0000] {dagbag.py:588} INFO - Filling up the DagBag from /home/airflow/.local/lib/python3.12/site-packages/airflow/example_dags/example_dag_decorator.py
[2025-03-07T11:08:54.998+0000] {processor.py:925} INFO - DAG(s) 'example_dag_decorator' retrieved from /home/airflow/.local/lib/python3.12/site-packages/airflow/example_dags/example_dag_decorator.py
[2025-03-07T11:08:55.429+0000] {logging_mixin.py:190} INFO - [2025-03-07T11:08:55.428+0000] {dag.py:3239} INFO - Sync 1 DAGs
[2025-03-07T11:08:55.474+0000] {logging_mixin.py:190} INFO - [2025-03-07T11:08:55.473+0000] {dag.py:4180} INFO - Setting next_dagrun for example_dag_decorator to None, run_after=None
[2025-03-07T11:08:55.529+0000] {processor.py:208} INFO - Processing /home/airflow/.local/lib/python3.12/site-packages/airflow/example_dags/example_dag_decorator.py took 0.842 seconds
[2025-03-07T11:09:25.817+0000] {processor.py:186} INFO - Started process (PID=2409) to work on /home/airflow/.local/lib/python3.12/site-packages/airflow/example_dags/example_dag_decorator.py
[2025-03-07T11:09:25.820+0000] {processor.py:914} INFO - Processing file /home/airflow/.local/lib/python3.12/site-packages/airflow/example_dags/example_dag_decorator.py for tasks to queue
[2025-03-07T11:09:25.827+0000] {logging_mixin.py:190} INFO - [2025-03-07T11:09:25.826+0000] {dagbag.py:588} INFO - Filling up the DagBag from /home/airflow/.local/lib/python3.12/site-packages/airflow/example_dags/example_dag_decorator.py
[2025-03-07T11:09:26.092+0000] {processor.py:925} INFO - DAG(s) 'example_dag_decorator' retrieved from /home/airflow/.local/lib/python3.12/site-packages/airflow/example_dags/example_dag_decorator.py
[2025-03-07T11:09:26.309+0000] {logging_mixin.py:190} INFO - [2025-03-07T11:09:26.309+0000] {dag.py:3239} INFO - Sync 1 DAGs
[2025-03-07T11:09:26.330+0000] {logging_mixin.py:190} INFO - [2025-03-07T11:09:26.330+0000] {dag.py:4180} INFO - Setting next_dagrun for example_dag_decorator to None, run_after=None
[2025-03-07T11:09:26.363+0000] {processor.py:208} INFO - Processing /home/airflow/.local/lib/python3.12/site-packages/airflow/example_dags/example_dag_decorator.py took 0.563 seconds
[2025-03-07T11:09:56.695+0000] {processor.py:186} INFO - Started process (PID=2471) to work on /home/airflow/.local/lib/python3.12/site-packages/airflow/example_dags/example_dag_decorator.py
[2025-03-07T11:09:56.697+0000] {processor.py:914} INFO - Processing file /home/airflow/.local/lib/python3.12/site-packages/airflow/example_dags/example_dag_decorator.py for tasks to queue
[2025-03-07T11:09:56.706+0000] {logging_mixin.py:190} INFO - [2025-03-07T11:09:56.705+0000] {dagbag.py:588} INFO - Filling up the DagBag from /home/airflow/.local/lib/python3.12/site-packages/airflow/example_dags/example_dag_decorator.py
[2025-03-07T11:09:57.078+0000] {processor.py:925} INFO - DAG(s) 'example_dag_decorator' retrieved from /home/airflow/.local/lib/python3.12/site-packages/airflow/example_dags/example_dag_decorator.py
[2025-03-07T11:09:57.439+0000] {logging_mixin.py:190} INFO - [2025-03-07T11:09:57.438+0000] {dag.py:3239} INFO - Sync 1 DAGs
[2025-03-07T11:09:57.475+0000] {logging_mixin.py:190} INFO - [2025-03-07T11:09:57.474+0000] {dag.py:4180} INFO - Setting next_dagrun for example_dag_decorator to None, run_after=None
[2025-03-07T11:09:57.528+0000] {processor.py:208} INFO - Processing /home/airflow/.local/lib/python3.12/site-packages/airflow/example_dags/example_dag_decorator.py took 0.848 seconds
[2025-03-07T11:10:27.840+0000] {processor.py:186} INFO - Started process (PID=2534) to work on /home/airflow/.local/lib/python3.12/site-packages/airflow/example_dags/example_dag_decorator.py
[2025-03-07T11:10:27.841+0000] {processor.py:914} INFO - Processing file /home/airflow/.local/lib/python3.12/site-packages/airflow/example_dags/example_dag_decorator.py for tasks to queue
[2025-03-07T11:10:27.844+0000] {logging_mixin.py:190} INFO - [2025-03-07T11:10:27.844+0000] {dagbag.py:588} INFO - Filling up the DagBag from /home/airflow/.local/lib/python3.12/site-packages/airflow/example_dags/example_dag_decorator.py
[2025-03-07T11:10:27.957+0000] {processor.py:925} INFO - DAG(s) 'example_dag_decorator' retrieved from /home/airflow/.local/lib/python3.12/site-packages/airflow/example_dags/example_dag_decorator.py
[2025-03-07T11:10:28.074+0000] {logging_mixin.py:190} INFO - [2025-03-07T11:10:28.074+0000] {dag.py:3239} INFO - Sync 1 DAGs
[2025-03-07T11:10:28.088+0000] {logging_mixin.py:190} INFO - [2025-03-07T11:10:28.087+0000] {dag.py:4180} INFO - Setting next_dagrun for example_dag_decorator to None, run_after=None
[2025-03-07T11:10:28.115+0000] {processor.py:208} INFO - Processing /home/airflow/.local/lib/python3.12/site-packages/airflow/example_dags/example_dag_decorator.py took 0.281 seconds
[2025-03-07T11:10:58.679+0000] {processor.py:186} INFO - Started process (PID=2597) to work on /home/airflow/.local/lib/python3.12/site-packages/airflow/example_dags/example_dag_decorator.py
[2025-03-07T11:10:58.680+0000] {processor.py:914} INFO - Processing file /home/airflow/.local/lib/python3.12/site-packages/airflow/example_dags/example_dag_decorator.py for tasks to queue
[2025-03-07T11:10:58.685+0000] {logging_mixin.py:190} INFO - [2025-03-07T11:10:58.685+0000] {dagbag.py:588} INFO - Filling up the DagBag from /home/airflow/.local/lib/python3.12/site-packages/airflow/example_dags/example_dag_decorator.py
[2025-03-07T11:10:59.047+0000] {processor.py:925} INFO - DAG(s) 'example_dag_decorator' retrieved from /home/airflow/.local/lib/python3.12/site-packages/airflow/example_dags/example_dag_decorator.py
[2025-03-07T11:10:59.794+0000] {logging_mixin.py:190} INFO - [2025-03-07T11:10:59.790+0000] {dag.py:3239} INFO - Sync 1 DAGs
[2025-03-07T11:10:59.867+0000] {logging_mixin.py:190} INFO - [2025-03-07T11:10:59.867+0000] {dag.py:4180} INFO - Setting next_dagrun for example_dag_decorator to None, run_after=None
[2025-03-07T11:10:59.918+0000] {processor.py:208} INFO - Processing /home/airflow/.local/lib/python3.12/site-packages/airflow/example_dags/example_dag_decorator.py took 1.251 seconds
[2025-03-07T11:11:30.026+0000] {processor.py:186} INFO - Started process (PID=2659) to work on /home/airflow/.local/lib/python3.12/site-packages/airflow/example_dags/example_dag_decorator.py
[2025-03-07T11:11:30.028+0000] {processor.py:914} INFO - Processing file /home/airflow/.local/lib/python3.12/site-packages/airflow/example_dags/example_dag_decorator.py for tasks to queue
[2025-03-07T11:11:30.032+0000] {logging_mixin.py:190} INFO - [2025-03-07T11:11:30.032+0000] {dagbag.py:588} INFO - Filling up the DagBag from /home/airflow/.local/lib/python3.12/site-packages/airflow/example_dags/example_dag_decorator.py
[2025-03-07T11:11:30.275+0000] {processor.py:925} INFO - DAG(s) 'example_dag_decorator' retrieved from /home/airflow/.local/lib/python3.12/site-packages/airflow/example_dags/example_dag_decorator.py
[2025-03-07T11:11:30.563+0000] {logging_mixin.py:190} INFO - [2025-03-07T11:11:30.562+0000] {dag.py:3239} INFO - Sync 1 DAGs
[2025-03-07T11:11:31.015+0000] {logging_mixin.py:190} INFO - [2025-03-07T11:11:31.015+0000] {dag.py:4180} INFO - Setting next_dagrun for example_dag_decorator to None, run_after=None
[2025-03-07T11:11:31.078+0000] {processor.py:208} INFO - Processing /home/airflow/.local/lib/python3.12/site-packages/airflow/example_dags/example_dag_decorator.py took 1.064 seconds
[2025-03-07T11:12:01.207+0000] {processor.py:186} INFO - Started process (PID=2723) to work on /home/airflow/.local/lib/python3.12/site-packages/airflow/example_dags/example_dag_decorator.py
[2025-03-07T11:12:01.208+0000] {processor.py:914} INFO - Processing file /home/airflow/.local/lib/python3.12/site-packages/airflow/example_dags/example_dag_decorator.py for tasks to queue
[2025-03-07T11:12:01.210+0000] {logging_mixin.py:190} INFO - [2025-03-07T11:12:01.210+0000] {dagbag.py:588} INFO - Filling up the DagBag from /home/airflow/.local/lib/python3.12/site-packages/airflow/example_dags/example_dag_decorator.py
[2025-03-07T11:12:01.319+0000] {processor.py:925} INFO - DAG(s) 'example_dag_decorator' retrieved from /home/airflow/.local/lib/python3.12/site-packages/airflow/example_dags/example_dag_decorator.py
[2025-03-07T11:12:01.450+0000] {logging_mixin.py:190} INFO - [2025-03-07T11:12:01.449+0000] {dag.py:3239} INFO - Sync 1 DAGs
[2025-03-07T11:12:01.619+0000] {logging_mixin.py:190} INFO - [2025-03-07T11:12:01.618+0000] {dag.py:4180} INFO - Setting next_dagrun for example_dag_decorator to None, run_after=None
[2025-03-07T11:12:01.646+0000] {processor.py:208} INFO - Processing /home/airflow/.local/lib/python3.12/site-packages/airflow/example_dags/example_dag_decorator.py took 0.445 seconds
[2025-03-07T11:12:32.049+0000] {processor.py:186} INFO - Started process (PID=2785) to work on /home/airflow/.local/lib/python3.12/site-packages/airflow/example_dags/example_dag_decorator.py
[2025-03-07T11:12:32.051+0000] {processor.py:914} INFO - Processing file /home/airflow/.local/lib/python3.12/site-packages/airflow/example_dags/example_dag_decorator.py for tasks to queue
[2025-03-07T11:12:32.055+0000] {logging_mixin.py:190} INFO - [2025-03-07T11:12:32.054+0000] {dagbag.py:588} INFO - Filling up the DagBag from /home/airflow/.local/lib/python3.12/site-packages/airflow/example_dags/example_dag_decorator.py
[2025-03-07T11:12:32.287+0000] {processor.py:925} INFO - DAG(s) 'example_dag_decorator' retrieved from /home/airflow/.local/lib/python3.12/site-packages/airflow/example_dags/example_dag_decorator.py
[2025-03-07T11:12:32.559+0000] {logging_mixin.py:190} INFO - [2025-03-07T11:12:32.559+0000] {dag.py:3239} INFO - Sync 1 DAGs
[2025-03-07T11:12:32.907+0000] {logging_mixin.py:190} INFO - [2025-03-07T11:12:32.905+0000] {dag.py:4180} INFO - Setting next_dagrun for example_dag_decorator to None, run_after=None
[2025-03-07T11:12:32.992+0000] {processor.py:208} INFO - Processing /home/airflow/.local/lib/python3.12/site-packages/airflow/example_dags/example_dag_decorator.py took 0.958 seconds
[2025-03-07T11:13:03.144+0000] {processor.py:186} INFO - Started process (PID=2851) to work on /home/airflow/.local/lib/python3.12/site-packages/airflow/example_dags/example_dag_decorator.py
[2025-03-07T11:13:03.146+0000] {processor.py:914} INFO - Processing file /home/airflow/.local/lib/python3.12/site-packages/airflow/example_dags/example_dag_decorator.py for tasks to queue
[2025-03-07T11:13:03.150+0000] {logging_mixin.py:190} INFO - [2025-03-07T11:13:03.149+0000] {dagbag.py:588} INFO - Filling up the DagBag from /home/airflow/.local/lib/python3.12/site-packages/airflow/example_dags/example_dag_decorator.py
[2025-03-07T11:13:03.361+0000] {processor.py:925} INFO - DAG(s) 'example_dag_decorator' retrieved from /home/airflow/.local/lib/python3.12/site-packages/airflow/example_dags/example_dag_decorator.py
[2025-03-07T11:13:03.661+0000] {logging_mixin.py:190} INFO - [2025-03-07T11:13:03.661+0000] {dag.py:3239} INFO - Sync 1 DAGs
[2025-03-07T11:13:04.086+0000] {logging_mixin.py:190} INFO - [2025-03-07T11:13:04.085+0000] {dag.py:4180} INFO - Setting next_dagrun for example_dag_decorator to None, run_after=None
[2025-03-07T11:13:04.144+0000] {processor.py:208} INFO - Processing /home/airflow/.local/lib/python3.12/site-packages/airflow/example_dags/example_dag_decorator.py took 1.013 seconds
[2025-03-07T11:13:34.506+0000] {processor.py:186} INFO - Started process (PID=2915) to work on /home/airflow/.local/lib/python3.12/site-packages/airflow/example_dags/example_dag_decorator.py
[2025-03-07T11:13:34.507+0000] {processor.py:914} INFO - Processing file /home/airflow/.local/lib/python3.12/site-packages/airflow/example_dags/example_dag_decorator.py for tasks to queue
[2025-03-07T11:13:34.516+0000] {logging_mixin.py:190} INFO - [2025-03-07T11:13:34.513+0000] {dagbag.py:588} INFO - Filling up the DagBag from /home/airflow/.local/lib/python3.12/site-packages/airflow/example_dags/example_dag_decorator.py
[2025-03-07T11:13:34.828+0000] {processor.py:925} INFO - DAG(s) 'example_dag_decorator' retrieved from /home/airflow/.local/lib/python3.12/site-packages/airflow/example_dags/example_dag_decorator.py
[2025-03-07T11:13:35.243+0000] {logging_mixin.py:190} INFO - [2025-03-07T11:13:35.242+0000] {dag.py:3239} INFO - Sync 1 DAGs
[2025-03-07T11:13:35.315+0000] {logging_mixin.py:190} INFO - [2025-03-07T11:13:35.314+0000] {dag.py:4180} INFO - Setting next_dagrun for example_dag_decorator to None, run_after=None
[2025-03-07T11:13:36.089+0000] {processor.py:208} INFO - Processing /home/airflow/.local/lib/python3.12/site-packages/airflow/example_dags/example_dag_decorator.py took 1.602 seconds
