[2025-03-07T10:49:29.730+0000] {processor.py:186} INFO - Started process (PID=106) to work on /home/airflow/.local/lib/python3.12/site-packages/airflow/example_dags/example_display_name.py
[2025-03-07T10:49:29.731+0000] {processor.py:914} INFO - Processing file /home/airflow/.local/lib/python3.12/site-packages/airflow/example_dags/example_display_name.py for tasks to queue
[2025-03-07T10:49:29.735+0000] {logging_mixin.py:190} INFO - [2025-03-07T10:49:29.735+0000] {dagbag.py:588} INFO - Filling up the DagBag from /home/airflow/.local/lib/python3.12/site-packages/airflow/example_dags/example_display_name.py
[2025-03-07T10:49:29.750+0000] {processor.py:925} INFO - DAG(s) 'example_display_name' retrieved from /home/airflow/.local/lib/python3.12/site-packages/airflow/example_dags/example_display_name.py
[2025-03-07T10:49:29.905+0000] {logging_mixin.py:190} INFO - [2025-03-07T10:49:29.904+0000] {override.py:1912} INFO - Created Permission View: can delete on DAG:example_display_name
[2025-03-07T10:49:29.917+0000] {logging_mixin.py:190} INFO - [2025-03-07T10:49:29.917+0000] {override.py:1912} INFO - Created Permission View: can read on DAG:example_display_name
[2025-03-07T10:49:29.925+0000] {logging_mixin.py:190} INFO - [2025-03-07T10:49:29.924+0000] {override.py:1912} INFO - Created Permission View: can edit on DAG:example_display_name
[2025-03-07T10:49:29.934+0000] {logging_mixin.py:190} INFO - [2025-03-07T10:49:29.934+0000] {override.py:1912} INFO - Created Permission View: can delete on DAG Run:example_display_name
[2025-03-07T10:49:29.942+0000] {logging_mixin.py:190} INFO - [2025-03-07T10:49:29.942+0000] {override.py:1912} INFO - Created Permission View: can create on DAG Run:example_display_name
[2025-03-07T10:49:29.951+0000] {logging_mixin.py:190} INFO - [2025-03-07T10:49:29.951+0000] {override.py:1912} INFO - Created Permission View: menu access on DAG Run:example_display_name
[2025-03-07T10:49:29.959+0000] {logging_mixin.py:190} INFO - [2025-03-07T10:49:29.959+0000] {override.py:1912} INFO - Created Permission View: can read on DAG Run:example_display_name
[2025-03-07T10:49:29.961+0000] {logging_mixin.py:190} INFO - [2025-03-07T10:49:29.960+0000] {dag.py:3239} INFO - Sync 1 DAGs
[2025-03-07T10:49:29.978+0000] {logging_mixin.py:190} INFO - [2025-03-07T10:49:29.977+0000] {dag.py:3262} INFO - Creating ORM DAG for example_display_name
[2025-03-07T10:49:29.979+0000] {logging_mixin.py:190} INFO - [2025-03-07T10:49:29.979+0000] {dag.py:4180} INFO - Setting next_dagrun for example_display_name to None, run_after=None
[2025-03-07T10:49:29.999+0000] {processor.py:208} INFO - Processing /home/airflow/.local/lib/python3.12/site-packages/airflow/example_dags/example_display_name.py took 0.280 seconds
[2025-03-07T10:50:00.711+0000] {processor.py:186} INFO - Started process (PID=170) to work on /home/airflow/.local/lib/python3.12/site-packages/airflow/example_dags/example_display_name.py
[2025-03-07T10:50:00.712+0000] {processor.py:914} INFO - Processing file /home/airflow/.local/lib/python3.12/site-packages/airflow/example_dags/example_display_name.py for tasks to queue
[2025-03-07T10:50:00.715+0000] {logging_mixin.py:190} INFO - [2025-03-07T10:50:00.715+0000] {dagbag.py:588} INFO - Filling up the DagBag from /home/airflow/.local/lib/python3.12/site-packages/airflow/example_dags/example_display_name.py
[2025-03-07T10:50:00.725+0000] {processor.py:925} INFO - DAG(s) 'example_display_name' retrieved from /home/airflow/.local/lib/python3.12/site-packages/airflow/example_dags/example_display_name.py
[2025-03-07T10:50:00.750+0000] {logging_mixin.py:190} INFO - [2025-03-07T10:50:00.750+0000] {dag.py:3239} INFO - Sync 1 DAGs
[2025-03-07T10:50:00.772+0000] {logging_mixin.py:190} INFO - [2025-03-07T10:50:00.772+0000] {dag.py:4180} INFO - Setting next_dagrun for example_display_name to None, run_after=None
[2025-03-07T10:50:00.795+0000] {processor.py:208} INFO - Processing /home/airflow/.local/lib/python3.12/site-packages/airflow/example_dags/example_display_name.py took 0.093 seconds
[2025-03-07T10:50:31.851+0000] {processor.py:186} INFO - Started process (PID=233) to work on /home/airflow/.local/lib/python3.12/site-packages/airflow/example_dags/example_display_name.py
[2025-03-07T10:50:31.853+0000] {processor.py:914} INFO - Processing file /home/airflow/.local/lib/python3.12/site-packages/airflow/example_dags/example_display_name.py for tasks to queue
[2025-03-07T10:50:31.857+0000] {logging_mixin.py:190} INFO - [2025-03-07T10:50:31.857+0000] {dagbag.py:588} INFO - Filling up the DagBag from /home/airflow/.local/lib/python3.12/site-packages/airflow/example_dags/example_display_name.py
[2025-03-07T10:50:31.875+0000] {processor.py:925} INFO - DAG(s) 'example_display_name' retrieved from /home/airflow/.local/lib/python3.12/site-packages/airflow/example_dags/example_display_name.py
[2025-03-07T10:50:31.918+0000] {logging_mixin.py:190} INFO - [2025-03-07T10:50:31.917+0000] {dag.py:3239} INFO - Sync 1 DAGs
[2025-03-07T10:50:31.959+0000] {logging_mixin.py:190} INFO - [2025-03-07T10:50:31.958+0000] {dag.py:4180} INFO - Setting next_dagrun for example_display_name to None, run_after=None
[2025-03-07T10:50:32.003+0000] {processor.py:208} INFO - Processing /home/airflow/.local/lib/python3.12/site-packages/airflow/example_dags/example_display_name.py took 0.163 seconds
[2025-03-07T10:51:03.567+0000] {processor.py:186} INFO - Started process (PID=303) to work on /home/airflow/.local/lib/python3.12/site-packages/airflow/example_dags/example_display_name.py
[2025-03-07T10:51:03.568+0000] {processor.py:914} INFO - Processing file /home/airflow/.local/lib/python3.12/site-packages/airflow/example_dags/example_display_name.py for tasks to queue
[2025-03-07T10:51:03.571+0000] {logging_mixin.py:190} INFO - [2025-03-07T10:51:03.570+0000] {dagbag.py:588} INFO - Filling up the DagBag from /home/airflow/.local/lib/python3.12/site-packages/airflow/example_dags/example_display_name.py
[2025-03-07T10:51:03.580+0000] {processor.py:925} INFO - DAG(s) 'example_display_name' retrieved from /home/airflow/.local/lib/python3.12/site-packages/airflow/example_dags/example_display_name.py
[2025-03-07T10:51:03.603+0000] {logging_mixin.py:190} INFO - [2025-03-07T10:51:03.603+0000] {dag.py:3239} INFO - Sync 1 DAGs
[2025-03-07T10:51:03.623+0000] {logging_mixin.py:190} INFO - [2025-03-07T10:51:03.623+0000] {dag.py:4180} INFO - Setting next_dagrun for example_display_name to None, run_after=None
[2025-03-07T10:51:03.652+0000] {processor.py:208} INFO - Processing /home/airflow/.local/lib/python3.12/site-packages/airflow/example_dags/example_display_name.py took 0.094 seconds
[2025-03-07T10:51:34.712+0000] {processor.py:186} INFO - Started process (PID=367) to work on /home/airflow/.local/lib/python3.12/site-packages/airflow/example_dags/example_display_name.py
[2025-03-07T10:51:34.714+0000] {processor.py:914} INFO - Processing file /home/airflow/.local/lib/python3.12/site-packages/airflow/example_dags/example_display_name.py for tasks to queue
[2025-03-07T10:51:34.718+0000] {logging_mixin.py:190} INFO - [2025-03-07T10:51:34.717+0000] {dagbag.py:588} INFO - Filling up the DagBag from /home/airflow/.local/lib/python3.12/site-packages/airflow/example_dags/example_display_name.py
[2025-03-07T10:51:34.731+0000] {processor.py:925} INFO - DAG(s) 'example_display_name' retrieved from /home/airflow/.local/lib/python3.12/site-packages/airflow/example_dags/example_display_name.py
[2025-03-07T10:51:34.783+0000] {logging_mixin.py:190} INFO - [2025-03-07T10:51:34.782+0000] {dag.py:3239} INFO - Sync 1 DAGs
[2025-03-07T10:51:34.835+0000] {logging_mixin.py:190} INFO - [2025-03-07T10:51:34.834+0000] {dag.py:4180} INFO - Setting next_dagrun for example_display_name to None, run_after=None
[2025-03-07T10:51:34.873+0000] {processor.py:208} INFO - Processing /home/airflow/.local/lib/python3.12/site-packages/airflow/example_dags/example_display_name.py took 0.169 seconds
[2025-03-07T10:52:05.944+0000] {processor.py:186} INFO - Started process (PID=430) to work on /home/airflow/.local/lib/python3.12/site-packages/airflow/example_dags/example_display_name.py
[2025-03-07T10:52:05.945+0000] {processor.py:914} INFO - Processing file /home/airflow/.local/lib/python3.12/site-packages/airflow/example_dags/example_display_name.py for tasks to queue
[2025-03-07T10:52:05.948+0000] {logging_mixin.py:190} INFO - [2025-03-07T10:52:05.948+0000] {dagbag.py:588} INFO - Filling up the DagBag from /home/airflow/.local/lib/python3.12/site-packages/airflow/example_dags/example_display_name.py
[2025-03-07T10:52:05.957+0000] {processor.py:925} INFO - DAG(s) 'example_display_name' retrieved from /home/airflow/.local/lib/python3.12/site-packages/airflow/example_dags/example_display_name.py
[2025-03-07T10:52:05.976+0000] {logging_mixin.py:190} INFO - [2025-03-07T10:52:05.976+0000] {dag.py:3239} INFO - Sync 1 DAGs
[2025-03-07T10:52:05.994+0000] {logging_mixin.py:190} INFO - [2025-03-07T10:52:05.994+0000] {dag.py:4180} INFO - Setting next_dagrun for example_display_name to None, run_after=None
[2025-03-07T10:52:06.016+0000] {processor.py:208} INFO - Processing /home/airflow/.local/lib/python3.12/site-packages/airflow/example_dags/example_display_name.py took 0.079 seconds
[2025-03-07T10:52:36.759+0000] {processor.py:186} INFO - Started process (PID=493) to work on /home/airflow/.local/lib/python3.12/site-packages/airflow/example_dags/example_display_name.py
[2025-03-07T10:52:36.761+0000] {processor.py:914} INFO - Processing file /home/airflow/.local/lib/python3.12/site-packages/airflow/example_dags/example_display_name.py for tasks to queue
[2025-03-07T10:52:36.763+0000] {logging_mixin.py:190} INFO - [2025-03-07T10:52:36.763+0000] {dagbag.py:588} INFO - Filling up the DagBag from /home/airflow/.local/lib/python3.12/site-packages/airflow/example_dags/example_display_name.py
[2025-03-07T10:52:36.774+0000] {processor.py:925} INFO - DAG(s) 'example_display_name' retrieved from /home/airflow/.local/lib/python3.12/site-packages/airflow/example_dags/example_display_name.py
[2025-03-07T10:52:36.798+0000] {logging_mixin.py:190} INFO - [2025-03-07T10:52:36.798+0000] {dag.py:3239} INFO - Sync 1 DAGs
[2025-03-07T10:52:36.823+0000] {logging_mixin.py:190} INFO - [2025-03-07T10:52:36.823+0000] {dag.py:4180} INFO - Setting next_dagrun for example_display_name to None, run_after=None
[2025-03-07T10:52:36.849+0000] {processor.py:208} INFO - Processing /home/airflow/.local/lib/python3.12/site-packages/airflow/example_dags/example_display_name.py took 0.097 seconds
[2025-03-07T10:53:08.989+0000] {processor.py:186} INFO - Started process (PID=556) to work on /home/airflow/.local/lib/python3.12/site-packages/airflow/example_dags/example_display_name.py
[2025-03-07T10:53:08.990+0000] {processor.py:914} INFO - Processing file /home/airflow/.local/lib/python3.12/site-packages/airflow/example_dags/example_display_name.py for tasks to queue
[2025-03-07T10:53:08.993+0000] {logging_mixin.py:190} INFO - [2025-03-07T10:53:08.992+0000] {dagbag.py:588} INFO - Filling up the DagBag from /home/airflow/.local/lib/python3.12/site-packages/airflow/example_dags/example_display_name.py
[2025-03-07T10:53:09.002+0000] {processor.py:925} INFO - DAG(s) 'example_display_name' retrieved from /home/airflow/.local/lib/python3.12/site-packages/airflow/example_dags/example_display_name.py
[2025-03-07T10:53:09.022+0000] {logging_mixin.py:190} INFO - [2025-03-07T10:53:09.021+0000] {dag.py:3239} INFO - Sync 1 DAGs
[2025-03-07T10:53:09.039+0000] {logging_mixin.py:190} INFO - [2025-03-07T10:53:09.039+0000] {dag.py:4180} INFO - Setting next_dagrun for example_display_name to None, run_after=None
[2025-03-07T10:53:09.064+0000] {processor.py:208} INFO - Processing /home/airflow/.local/lib/python3.12/site-packages/airflow/example_dags/example_display_name.py took 0.082 seconds
[2025-03-07T10:53:40.161+0000] {processor.py:186} INFO - Started process (PID=620) to work on /home/airflow/.local/lib/python3.12/site-packages/airflow/example_dags/example_display_name.py
[2025-03-07T10:53:40.162+0000] {processor.py:914} INFO - Processing file /home/airflow/.local/lib/python3.12/site-packages/airflow/example_dags/example_display_name.py for tasks to queue
[2025-03-07T10:53:40.165+0000] {logging_mixin.py:190} INFO - [2025-03-07T10:53:40.165+0000] {dagbag.py:588} INFO - Filling up the DagBag from /home/airflow/.local/lib/python3.12/site-packages/airflow/example_dags/example_display_name.py
[2025-03-07T10:53:40.179+0000] {processor.py:925} INFO - DAG(s) 'example_display_name' retrieved from /home/airflow/.local/lib/python3.12/site-packages/airflow/example_dags/example_display_name.py
[2025-03-07T10:53:40.219+0000] {logging_mixin.py:190} INFO - [2025-03-07T10:53:40.219+0000] {dag.py:3239} INFO - Sync 1 DAGs
[2025-03-07T10:53:40.242+0000] {logging_mixin.py:190} INFO - [2025-03-07T10:53:40.242+0000] {dag.py:4180} INFO - Setting next_dagrun for example_display_name to None, run_after=None
[2025-03-07T10:53:40.269+0000] {processor.py:208} INFO - Processing /home/airflow/.local/lib/python3.12/site-packages/airflow/example_dags/example_display_name.py took 0.116 seconds
[2025-03-07T10:54:11.298+0000] {processor.py:186} INFO - Started process (PID=683) to work on /home/airflow/.local/lib/python3.12/site-packages/airflow/example_dags/example_display_name.py
[2025-03-07T10:54:11.299+0000] {processor.py:914} INFO - Processing file /home/airflow/.local/lib/python3.12/site-packages/airflow/example_dags/example_display_name.py for tasks to queue
[2025-03-07T10:54:11.304+0000] {logging_mixin.py:190} INFO - [2025-03-07T10:54:11.303+0000] {dagbag.py:588} INFO - Filling up the DagBag from /home/airflow/.local/lib/python3.12/site-packages/airflow/example_dags/example_display_name.py
[2025-03-07T10:54:11.318+0000] {processor.py:925} INFO - DAG(s) 'example_display_name' retrieved from /home/airflow/.local/lib/python3.12/site-packages/airflow/example_dags/example_display_name.py
[2025-03-07T10:54:11.351+0000] {logging_mixin.py:190} INFO - [2025-03-07T10:54:11.350+0000] {dag.py:3239} INFO - Sync 1 DAGs
[2025-03-07T10:54:11.382+0000] {logging_mixin.py:190} INFO - [2025-03-07T10:54:11.381+0000] {dag.py:4180} INFO - Setting next_dagrun for example_display_name to None, run_after=None
[2025-03-07T10:54:11.415+0000] {processor.py:208} INFO - Processing /home/airflow/.local/lib/python3.12/site-packages/airflow/example_dags/example_display_name.py took 0.127 seconds
[2025-03-07T10:54:43.036+0000] {processor.py:186} INFO - Started process (PID=746) to work on /home/airflow/.local/lib/python3.12/site-packages/airflow/example_dags/example_display_name.py
[2025-03-07T10:54:43.038+0000] {processor.py:914} INFO - Processing file /home/airflow/.local/lib/python3.12/site-packages/airflow/example_dags/example_display_name.py for tasks to queue
[2025-03-07T10:54:43.041+0000] {logging_mixin.py:190} INFO - [2025-03-07T10:54:43.040+0000] {dagbag.py:588} INFO - Filling up the DagBag from /home/airflow/.local/lib/python3.12/site-packages/airflow/example_dags/example_display_name.py
[2025-03-07T10:54:43.053+0000] {processor.py:925} INFO - DAG(s) 'example_display_name' retrieved from /home/airflow/.local/lib/python3.12/site-packages/airflow/example_dags/example_display_name.py
[2025-03-07T10:54:43.078+0000] {logging_mixin.py:190} INFO - [2025-03-07T10:54:43.078+0000] {dag.py:3239} INFO - Sync 1 DAGs
[2025-03-07T10:54:43.109+0000] {logging_mixin.py:190} INFO - [2025-03-07T10:54:43.108+0000] {dag.py:4180} INFO - Setting next_dagrun for example_display_name to None, run_after=None
[2025-03-07T10:54:43.140+0000] {processor.py:208} INFO - Processing /home/airflow/.local/lib/python3.12/site-packages/airflow/example_dags/example_display_name.py took 0.116 seconds
[2025-03-07T10:55:14.178+0000] {processor.py:186} INFO - Started process (PID=809) to work on /home/airflow/.local/lib/python3.12/site-packages/airflow/example_dags/example_display_name.py
[2025-03-07T10:55:14.180+0000] {processor.py:914} INFO - Processing file /home/airflow/.local/lib/python3.12/site-packages/airflow/example_dags/example_display_name.py for tasks to queue
[2025-03-07T10:55:14.183+0000] {logging_mixin.py:190} INFO - [2025-03-07T10:55:14.183+0000] {dagbag.py:588} INFO - Filling up the DagBag from /home/airflow/.local/lib/python3.12/site-packages/airflow/example_dags/example_display_name.py
[2025-03-07T10:55:14.197+0000] {processor.py:925} INFO - DAG(s) 'example_display_name' retrieved from /home/airflow/.local/lib/python3.12/site-packages/airflow/example_dags/example_display_name.py
[2025-03-07T10:55:14.226+0000] {logging_mixin.py:190} INFO - [2025-03-07T10:55:14.226+0000] {dag.py:3239} INFO - Sync 1 DAGs
[2025-03-07T10:55:14.250+0000] {logging_mixin.py:190} INFO - [2025-03-07T10:55:14.250+0000] {dag.py:4180} INFO - Setting next_dagrun for example_display_name to None, run_after=None
[2025-03-07T10:55:14.274+0000] {processor.py:208} INFO - Processing /home/airflow/.local/lib/python3.12/site-packages/airflow/example_dags/example_display_name.py took 0.106 seconds
[2025-03-07T10:55:45.837+0000] {processor.py:186} INFO - Started process (PID=872) to work on /home/airflow/.local/lib/python3.12/site-packages/airflow/example_dags/example_display_name.py
[2025-03-07T10:55:45.838+0000] {processor.py:914} INFO - Processing file /home/airflow/.local/lib/python3.12/site-packages/airflow/example_dags/example_display_name.py for tasks to queue
[2025-03-07T10:55:45.842+0000] {logging_mixin.py:190} INFO - [2025-03-07T10:55:45.841+0000] {dagbag.py:588} INFO - Filling up the DagBag from /home/airflow/.local/lib/python3.12/site-packages/airflow/example_dags/example_display_name.py
[2025-03-07T10:55:45.852+0000] {processor.py:925} INFO - DAG(s) 'example_display_name' retrieved from /home/airflow/.local/lib/python3.12/site-packages/airflow/example_dags/example_display_name.py
[2025-03-07T10:55:45.883+0000] {logging_mixin.py:190} INFO - [2025-03-07T10:55:45.883+0000] {dag.py:3239} INFO - Sync 1 DAGs
[2025-03-07T10:55:45.909+0000] {logging_mixin.py:190} INFO - [2025-03-07T10:55:45.909+0000] {dag.py:4180} INFO - Setting next_dagrun for example_display_name to None, run_after=None
[2025-03-07T10:55:45.936+0000] {processor.py:208} INFO - Processing /home/airflow/.local/lib/python3.12/site-packages/airflow/example_dags/example_display_name.py took 0.107 seconds
[2025-03-07T10:56:17.564+0000] {processor.py:186} INFO - Started process (PID=935) to work on /home/airflow/.local/lib/python3.12/site-packages/airflow/example_dags/example_display_name.py
[2025-03-07T10:56:17.566+0000] {processor.py:914} INFO - Processing file /home/airflow/.local/lib/python3.12/site-packages/airflow/example_dags/example_display_name.py for tasks to queue
[2025-03-07T10:56:17.570+0000] {logging_mixin.py:190} INFO - [2025-03-07T10:56:17.570+0000] {dagbag.py:588} INFO - Filling up the DagBag from /home/airflow/.local/lib/python3.12/site-packages/airflow/example_dags/example_display_name.py
[2025-03-07T10:56:17.584+0000] {processor.py:925} INFO - DAG(s) 'example_display_name' retrieved from /home/airflow/.local/lib/python3.12/site-packages/airflow/example_dags/example_display_name.py
[2025-03-07T10:56:17.615+0000] {logging_mixin.py:190} INFO - [2025-03-07T10:56:17.614+0000] {dag.py:3239} INFO - Sync 1 DAGs
[2025-03-07T10:56:17.642+0000] {logging_mixin.py:190} INFO - [2025-03-07T10:56:17.641+0000] {dag.py:4180} INFO - Setting next_dagrun for example_display_name to None, run_after=None
[2025-03-07T10:56:17.678+0000] {processor.py:208} INFO - Processing /home/airflow/.local/lib/python3.12/site-packages/airflow/example_dags/example_display_name.py took 0.125 seconds
[2025-03-07T10:56:49.879+0000] {processor.py:186} INFO - Started process (PID=998) to work on /home/airflow/.local/lib/python3.12/site-packages/airflow/example_dags/example_display_name.py
[2025-03-07T10:56:49.881+0000] {processor.py:914} INFO - Processing file /home/airflow/.local/lib/python3.12/site-packages/airflow/example_dags/example_display_name.py for tasks to queue
[2025-03-07T10:56:49.887+0000] {logging_mixin.py:190} INFO - [2025-03-07T10:56:49.887+0000] {dagbag.py:588} INFO - Filling up the DagBag from /home/airflow/.local/lib/python3.12/site-packages/airflow/example_dags/example_display_name.py
[2025-03-07T10:56:49.905+0000] {processor.py:925} INFO - DAG(s) 'example_display_name' retrieved from /home/airflow/.local/lib/python3.12/site-packages/airflow/example_dags/example_display_name.py
[2025-03-07T10:56:49.950+0000] {logging_mixin.py:190} INFO - [2025-03-07T10:56:49.950+0000] {dag.py:3239} INFO - Sync 1 DAGs
[2025-03-07T10:56:49.987+0000] {logging_mixin.py:190} INFO - [2025-03-07T10:56:49.987+0000] {dag.py:4180} INFO - Setting next_dagrun for example_display_name to None, run_after=None
[2025-03-07T10:56:50.036+0000] {processor.py:208} INFO - Processing /home/airflow/.local/lib/python3.12/site-packages/airflow/example_dags/example_display_name.py took 0.168 seconds
[2025-03-07T10:57:20.865+0000] {processor.py:186} INFO - Started process (PID=1061) to work on /home/airflow/.local/lib/python3.12/site-packages/airflow/example_dags/example_display_name.py
[2025-03-07T10:57:20.866+0000] {processor.py:914} INFO - Processing file /home/airflow/.local/lib/python3.12/site-packages/airflow/example_dags/example_display_name.py for tasks to queue
[2025-03-07T10:57:20.870+0000] {logging_mixin.py:190} INFO - [2025-03-07T10:57:20.870+0000] {dagbag.py:588} INFO - Filling up the DagBag from /home/airflow/.local/lib/python3.12/site-packages/airflow/example_dags/example_display_name.py
[2025-03-07T10:57:20.883+0000] {processor.py:925} INFO - DAG(s) 'example_display_name' retrieved from /home/airflow/.local/lib/python3.12/site-packages/airflow/example_dags/example_display_name.py
[2025-03-07T10:57:20.909+0000] {logging_mixin.py:190} INFO - [2025-03-07T10:57:20.909+0000] {dag.py:3239} INFO - Sync 1 DAGs
[2025-03-07T10:57:20.937+0000] {logging_mixin.py:190} INFO - [2025-03-07T10:57:20.936+0000] {dag.py:4180} INFO - Setting next_dagrun for example_display_name to None, run_after=None
[2025-03-07T10:57:20.965+0000] {processor.py:208} INFO - Processing /home/airflow/.local/lib/python3.12/site-packages/airflow/example_dags/example_display_name.py took 0.110 seconds
[2025-03-07T10:57:51.678+0000] {processor.py:186} INFO - Started process (PID=1124) to work on /home/airflow/.local/lib/python3.12/site-packages/airflow/example_dags/example_display_name.py
[2025-03-07T10:57:51.680+0000] {processor.py:914} INFO - Processing file /home/airflow/.local/lib/python3.12/site-packages/airflow/example_dags/example_display_name.py for tasks to queue
[2025-03-07T10:57:51.686+0000] {logging_mixin.py:190} INFO - [2025-03-07T10:57:51.685+0000] {dagbag.py:588} INFO - Filling up the DagBag from /home/airflow/.local/lib/python3.12/site-packages/airflow/example_dags/example_display_name.py
[2025-03-07T10:57:51.713+0000] {processor.py:925} INFO - DAG(s) 'example_display_name' retrieved from /home/airflow/.local/lib/python3.12/site-packages/airflow/example_dags/example_display_name.py
[2025-03-07T10:57:51.767+0000] {logging_mixin.py:190} INFO - [2025-03-07T10:57:51.767+0000] {dag.py:3239} INFO - Sync 1 DAGs
[2025-03-07T10:57:51.811+0000] {logging_mixin.py:190} INFO - [2025-03-07T10:57:51.811+0000] {dag.py:4180} INFO - Setting next_dagrun for example_display_name to None, run_after=None
[2025-03-07T10:57:51.867+0000] {processor.py:208} INFO - Processing /home/airflow/.local/lib/python3.12/site-packages/airflow/example_dags/example_display_name.py took 0.210 seconds
[2025-03-07T10:58:23.724+0000] {processor.py:186} INFO - Started process (PID=1187) to work on /home/airflow/.local/lib/python3.12/site-packages/airflow/example_dags/example_display_name.py
[2025-03-07T10:58:23.725+0000] {processor.py:914} INFO - Processing file /home/airflow/.local/lib/python3.12/site-packages/airflow/example_dags/example_display_name.py for tasks to queue
[2025-03-07T10:58:23.729+0000] {logging_mixin.py:190} INFO - [2025-03-07T10:58:23.728+0000] {dagbag.py:588} INFO - Filling up the DagBag from /home/airflow/.local/lib/python3.12/site-packages/airflow/example_dags/example_display_name.py
[2025-03-07T10:58:23.739+0000] {processor.py:925} INFO - DAG(s) 'example_display_name' retrieved from /home/airflow/.local/lib/python3.12/site-packages/airflow/example_dags/example_display_name.py
[2025-03-07T10:58:23.765+0000] {logging_mixin.py:190} INFO - [2025-03-07T10:58:23.765+0000] {dag.py:3239} INFO - Sync 1 DAGs
[2025-03-07T10:58:23.785+0000] {logging_mixin.py:190} INFO - [2025-03-07T10:58:23.784+0000] {dag.py:4180} INFO - Setting next_dagrun for example_display_name to None, run_after=None
[2025-03-07T10:58:23.812+0000] {processor.py:208} INFO - Processing /home/airflow/.local/lib/python3.12/site-packages/airflow/example_dags/example_display_name.py took 0.097 seconds
[2025-03-07T10:58:55.082+0000] {processor.py:186} INFO - Started process (PID=1250) to work on /home/airflow/.local/lib/python3.12/site-packages/airflow/example_dags/example_display_name.py
[2025-03-07T10:58:55.084+0000] {processor.py:914} INFO - Processing file /home/airflow/.local/lib/python3.12/site-packages/airflow/example_dags/example_display_name.py for tasks to queue
[2025-03-07T10:58:55.089+0000] {logging_mixin.py:190} INFO - [2025-03-07T10:58:55.088+0000] {dagbag.py:588} INFO - Filling up the DagBag from /home/airflow/.local/lib/python3.12/site-packages/airflow/example_dags/example_display_name.py
[2025-03-07T10:58:55.106+0000] {processor.py:925} INFO - DAG(s) 'example_display_name' retrieved from /home/airflow/.local/lib/python3.12/site-packages/airflow/example_dags/example_display_name.py
[2025-03-07T10:58:55.146+0000] {logging_mixin.py:190} INFO - [2025-03-07T10:58:55.145+0000] {dag.py:3239} INFO - Sync 1 DAGs
[2025-03-07T10:58:55.187+0000] {logging_mixin.py:190} INFO - [2025-03-07T10:58:55.186+0000] {dag.py:4180} INFO - Setting next_dagrun for example_display_name to None, run_after=None
[2025-03-07T10:58:55.236+0000] {processor.py:208} INFO - Processing /home/airflow/.local/lib/python3.12/site-packages/airflow/example_dags/example_display_name.py took 0.177 seconds
[2025-03-07T10:59:26.235+0000] {processor.py:186} INFO - Started process (PID=1313) to work on /home/airflow/.local/lib/python3.12/site-packages/airflow/example_dags/example_display_name.py
[2025-03-07T10:59:26.237+0000] {processor.py:914} INFO - Processing file /home/airflow/.local/lib/python3.12/site-packages/airflow/example_dags/example_display_name.py for tasks to queue
[2025-03-07T10:59:26.239+0000] {logging_mixin.py:190} INFO - [2025-03-07T10:59:26.239+0000] {dagbag.py:588} INFO - Filling up the DagBag from /home/airflow/.local/lib/python3.12/site-packages/airflow/example_dags/example_display_name.py
[2025-03-07T10:59:26.250+0000] {processor.py:925} INFO - DAG(s) 'example_display_name' retrieved from /home/airflow/.local/lib/python3.12/site-packages/airflow/example_dags/example_display_name.py
[2025-03-07T10:59:26.273+0000] {logging_mixin.py:190} INFO - [2025-03-07T10:59:26.273+0000] {dag.py:3239} INFO - Sync 1 DAGs
[2025-03-07T10:59:26.293+0000] {logging_mixin.py:190} INFO - [2025-03-07T10:59:26.292+0000] {dag.py:4180} INFO - Setting next_dagrun for example_display_name to None, run_after=None
[2025-03-07T10:59:26.315+0000] {processor.py:208} INFO - Processing /home/airflow/.local/lib/python3.12/site-packages/airflow/example_dags/example_display_name.py took 0.087 seconds
[2025-03-07T10:59:58.100+0000] {processor.py:186} INFO - Started process (PID=1376) to work on /home/airflow/.local/lib/python3.12/site-packages/airflow/example_dags/example_display_name.py
[2025-03-07T10:59:58.101+0000] {processor.py:914} INFO - Processing file /home/airflow/.local/lib/python3.12/site-packages/airflow/example_dags/example_display_name.py for tasks to queue
[2025-03-07T10:59:58.108+0000] {logging_mixin.py:190} INFO - [2025-03-07T10:59:58.107+0000] {dagbag.py:588} INFO - Filling up the DagBag from /home/airflow/.local/lib/python3.12/site-packages/airflow/example_dags/example_display_name.py
[2025-03-07T10:59:58.123+0000] {processor.py:925} INFO - DAG(s) 'example_display_name' retrieved from /home/airflow/.local/lib/python3.12/site-packages/airflow/example_dags/example_display_name.py
[2025-03-07T10:59:58.163+0000] {logging_mixin.py:190} INFO - [2025-03-07T10:59:58.162+0000] {dag.py:3239} INFO - Sync 1 DAGs
[2025-03-07T10:59:58.204+0000] {logging_mixin.py:190} INFO - [2025-03-07T10:59:58.203+0000] {dag.py:4180} INFO - Setting next_dagrun for example_display_name to None, run_after=None
[2025-03-07T10:59:58.241+0000] {processor.py:208} INFO - Processing /home/airflow/.local/lib/python3.12/site-packages/airflow/example_dags/example_display_name.py took 0.151 seconds
[2025-03-07T11:00:31.299+0000] {processor.py:186} INFO - Started process (PID=1439) to work on /home/airflow/.local/lib/python3.12/site-packages/airflow/example_dags/example_display_name.py
[2025-03-07T11:00:31.301+0000] {processor.py:914} INFO - Processing file /home/airflow/.local/lib/python3.12/site-packages/airflow/example_dags/example_display_name.py for tasks to queue
[2025-03-07T11:00:31.305+0000] {logging_mixin.py:190} INFO - [2025-03-07T11:00:31.305+0000] {dagbag.py:588} INFO - Filling up the DagBag from /home/airflow/.local/lib/python3.12/site-packages/airflow/example_dags/example_display_name.py
[2025-03-07T11:00:31.317+0000] {processor.py:925} INFO - DAG(s) 'example_display_name' retrieved from /home/airflow/.local/lib/python3.12/site-packages/airflow/example_dags/example_display_name.py
[2025-03-07T11:00:31.348+0000] {logging_mixin.py:190} INFO - [2025-03-07T11:00:31.348+0000] {dag.py:3239} INFO - Sync 1 DAGs
[2025-03-07T11:00:31.372+0000] {logging_mixin.py:190} INFO - [2025-03-07T11:00:31.372+0000] {dag.py:4180} INFO - Setting next_dagrun for example_display_name to None, run_after=None
[2025-03-07T11:00:31.403+0000] {processor.py:208} INFO - Processing /home/airflow/.local/lib/python3.12/site-packages/airflow/example_dags/example_display_name.py took 0.116 seconds
[2025-03-07T11:01:02.399+0000] {processor.py:186} INFO - Started process (PID=1502) to work on /home/airflow/.local/lib/python3.12/site-packages/airflow/example_dags/example_display_name.py
[2025-03-07T11:01:02.401+0000] {processor.py:914} INFO - Processing file /home/airflow/.local/lib/python3.12/site-packages/airflow/example_dags/example_display_name.py for tasks to queue
[2025-03-07T11:01:02.405+0000] {logging_mixin.py:190} INFO - [2025-03-07T11:01:02.404+0000] {dagbag.py:588} INFO - Filling up the DagBag from /home/airflow/.local/lib/python3.12/site-packages/airflow/example_dags/example_display_name.py
[2025-03-07T11:01:02.419+0000] {processor.py:925} INFO - DAG(s) 'example_display_name' retrieved from /home/airflow/.local/lib/python3.12/site-packages/airflow/example_dags/example_display_name.py
[2025-03-07T11:01:02.451+0000] {logging_mixin.py:190} INFO - [2025-03-07T11:01:02.451+0000] {dag.py:3239} INFO - Sync 1 DAGs
[2025-03-07T11:01:02.480+0000] {logging_mixin.py:190} INFO - [2025-03-07T11:01:02.479+0000] {dag.py:4180} INFO - Setting next_dagrun for example_display_name to None, run_after=None
[2025-03-07T11:01:02.514+0000] {processor.py:208} INFO - Processing /home/airflow/.local/lib/python3.12/site-packages/airflow/example_dags/example_display_name.py took 0.126 seconds
[2025-03-07T11:01:34.299+0000] {processor.py:186} INFO - Started process (PID=1571) to work on /home/airflow/.local/lib/python3.12/site-packages/airflow/example_dags/example_display_name.py
[2025-03-07T11:01:34.300+0000] {processor.py:914} INFO - Processing file /home/airflow/.local/lib/python3.12/site-packages/airflow/example_dags/example_display_name.py for tasks to queue
[2025-03-07T11:01:34.304+0000] {logging_mixin.py:190} INFO - [2025-03-07T11:01:34.303+0000] {dagbag.py:588} INFO - Filling up the DagBag from /home/airflow/.local/lib/python3.12/site-packages/airflow/example_dags/example_display_name.py
[2025-03-07T11:01:34.317+0000] {processor.py:925} INFO - DAG(s) 'example_display_name' retrieved from /home/airflow/.local/lib/python3.12/site-packages/airflow/example_dags/example_display_name.py
[2025-03-07T11:01:34.347+0000] {logging_mixin.py:190} INFO - [2025-03-07T11:01:34.347+0000] {dag.py:3239} INFO - Sync 1 DAGs
[2025-03-07T11:01:34.374+0000] {logging_mixin.py:190} INFO - [2025-03-07T11:01:34.373+0000] {dag.py:4180} INFO - Setting next_dagrun for example_display_name to None, run_after=None
[2025-03-07T11:01:34.403+0000] {processor.py:208} INFO - Processing /home/airflow/.local/lib/python3.12/site-packages/airflow/example_dags/example_display_name.py took 0.116 seconds
[2025-03-07T11:02:07.068+0000] {processor.py:186} INFO - Started process (PID=1635) to work on /home/airflow/.local/lib/python3.12/site-packages/airflow/example_dags/example_display_name.py
[2025-03-07T11:02:07.071+0000] {processor.py:914} INFO - Processing file /home/airflow/.local/lib/python3.12/site-packages/airflow/example_dags/example_display_name.py for tasks to queue
[2025-03-07T11:02:07.084+0000] {logging_mixin.py:190} INFO - [2025-03-07T11:02:07.083+0000] {dagbag.py:588} INFO - Filling up the DagBag from /home/airflow/.local/lib/python3.12/site-packages/airflow/example_dags/example_display_name.py
[2025-03-07T11:02:07.109+0000] {processor.py:925} INFO - DAG(s) 'example_display_name' retrieved from /home/airflow/.local/lib/python3.12/site-packages/airflow/example_dags/example_display_name.py
[2025-03-07T11:02:07.162+0000] {logging_mixin.py:190} INFO - [2025-03-07T11:02:07.162+0000] {dag.py:3239} INFO - Sync 1 DAGs
[2025-03-07T11:02:07.208+0000] {logging_mixin.py:190} INFO - [2025-03-07T11:02:07.207+0000] {dag.py:4180} INFO - Setting next_dagrun for example_display_name to None, run_after=None
[2025-03-07T11:02:07.265+0000] {processor.py:208} INFO - Processing /home/airflow/.local/lib/python3.12/site-packages/airflow/example_dags/example_display_name.py took 0.226 seconds
[2025-03-07T11:02:50.508+0000] {processor.py:186} INFO - Started process (PID=1706) to work on /home/airflow/.local/lib/python3.12/site-packages/airflow/example_dags/example_display_name.py
[2025-03-07T11:02:50.522+0000] {processor.py:914} INFO - Processing file /home/airflow/.local/lib/python3.12/site-packages/airflow/example_dags/example_display_name.py for tasks to queue
[2025-03-07T11:02:50.553+0000] {logging_mixin.py:190} INFO - [2025-03-07T11:02:50.552+0000] {dagbag.py:588} INFO - Filling up the DagBag from /home/airflow/.local/lib/python3.12/site-packages/airflow/example_dags/example_display_name.py
[2025-03-07T11:02:50.626+0000] {processor.py:925} INFO - DAG(s) 'example_display_name' retrieved from /home/airflow/.local/lib/python3.12/site-packages/airflow/example_dags/example_display_name.py
[2025-03-07T11:02:50.779+0000] {logging_mixin.py:190} INFO - [2025-03-07T11:02:50.778+0000] {dag.py:3239} INFO - Sync 1 DAGs
[2025-03-07T11:02:50.891+0000] {logging_mixin.py:190} INFO - [2025-03-07T11:02:50.890+0000] {dag.py:4180} INFO - Setting next_dagrun for example_display_name to None, run_after=None
[2025-03-07T11:02:51.032+0000] {processor.py:208} INFO - Processing /home/airflow/.local/lib/python3.12/site-packages/airflow/example_dags/example_display_name.py took 0.559 seconds
[2025-03-07T11:03:36.661+0000] {processor.py:186} INFO - Started process (PID=1775) to work on /home/airflow/.local/lib/python3.12/site-packages/airflow/example_dags/example_display_name.py
[2025-03-07T11:03:36.678+0000] {processor.py:914} INFO - Processing file /home/airflow/.local/lib/python3.12/site-packages/airflow/example_dags/example_display_name.py for tasks to queue
[2025-03-07T11:03:36.691+0000] {logging_mixin.py:190} INFO - [2025-03-07T11:03:36.690+0000] {dagbag.py:588} INFO - Filling up the DagBag from /home/airflow/.local/lib/python3.12/site-packages/airflow/example_dags/example_display_name.py
[2025-03-07T11:03:36.741+0000] {processor.py:925} INFO - DAG(s) 'example_display_name' retrieved from /home/airflow/.local/lib/python3.12/site-packages/airflow/example_dags/example_display_name.py
[2025-03-07T11:03:36.836+0000] {logging_mixin.py:190} INFO - [2025-03-07T11:03:36.836+0000] {dag.py:3239} INFO - Sync 1 DAGs
[2025-03-07T11:03:37.003+0000] {logging_mixin.py:190} INFO - [2025-03-07T11:03:37.003+0000] {dag.py:4180} INFO - Setting next_dagrun for example_display_name to None, run_after=None
[2025-03-07T11:03:37.134+0000] {processor.py:208} INFO - Processing /home/airflow/.local/lib/python3.12/site-packages/airflow/example_dags/example_display_name.py took 0.509 seconds
[2025-03-07T11:04:34.148+0000] {processor.py:186} INFO - Started process (PID=1839) to work on /home/airflow/.local/lib/python3.12/site-packages/airflow/example_dags/example_display_name.py
[2025-03-07T11:04:34.205+0000] {processor.py:914} INFO - Processing file /home/airflow/.local/lib/python3.12/site-packages/airflow/example_dags/example_display_name.py for tasks to queue
[2025-03-07T11:04:34.220+0000] {logging_mixin.py:190} INFO - [2025-03-07T11:04:34.220+0000] {dagbag.py:588} INFO - Filling up the DagBag from /home/airflow/.local/lib/python3.12/site-packages/airflow/example_dags/example_display_name.py
[2025-03-07T11:04:34.274+0000] {processor.py:925} INFO - DAG(s) 'example_display_name' retrieved from /home/airflow/.local/lib/python3.12/site-packages/airflow/example_dags/example_display_name.py
[2025-03-07T11:04:34.442+0000] {logging_mixin.py:190} INFO - [2025-03-07T11:04:34.442+0000] {dag.py:3239} INFO - Sync 1 DAGs
[2025-03-07T11:04:34.534+0000] {logging_mixin.py:190} INFO - [2025-03-07T11:04:34.534+0000] {dag.py:4180} INFO - Setting next_dagrun for example_display_name to None, run_after=None
[2025-03-07T11:04:34.672+0000] {processor.py:208} INFO - Processing /home/airflow/.local/lib/python3.12/site-packages/airflow/example_dags/example_display_name.py took 0.558 seconds
[2025-03-07T11:05:15.457+0000] {processor.py:186} INFO - Started process (PID=1920) to work on /home/airflow/.local/lib/python3.12/site-packages/airflow/example_dags/example_display_name.py
[2025-03-07T11:05:15.472+0000] {processor.py:914} INFO - Processing file /home/airflow/.local/lib/python3.12/site-packages/airflow/example_dags/example_display_name.py for tasks to queue
[2025-03-07T11:05:15.490+0000] {logging_mixin.py:190} INFO - [2025-03-07T11:05:15.489+0000] {dagbag.py:588} INFO - Filling up the DagBag from /home/airflow/.local/lib/python3.12/site-packages/airflow/example_dags/example_display_name.py
[2025-03-07T11:05:15.561+0000] {processor.py:925} INFO - DAG(s) 'example_display_name' retrieved from /home/airflow/.local/lib/python3.12/site-packages/airflow/example_dags/example_display_name.py
[2025-03-07T11:05:15.655+0000] {logging_mixin.py:190} INFO - [2025-03-07T11:05:15.652+0000] {dag.py:3239} INFO - Sync 1 DAGs
[2025-03-07T11:05:15.784+0000] {logging_mixin.py:190} INFO - [2025-03-07T11:05:15.772+0000] {dag.py:4180} INFO - Setting next_dagrun for example_display_name to None, run_after=None
[2025-03-07T11:05:15.944+0000] {processor.py:208} INFO - Processing /home/airflow/.local/lib/python3.12/site-packages/airflow/example_dags/example_display_name.py took 0.546 seconds
[2025-03-07T11:05:52.614+0000] {processor.py:186} INFO - Started process (PID=1982) to work on /home/airflow/.local/lib/python3.12/site-packages/airflow/example_dags/example_display_name.py
[2025-03-07T11:05:52.617+0000] {processor.py:914} INFO - Processing file /home/airflow/.local/lib/python3.12/site-packages/airflow/example_dags/example_display_name.py for tasks to queue
[2025-03-07T11:05:52.632+0000] {logging_mixin.py:190} INFO - [2025-03-07T11:05:52.631+0000] {dagbag.py:588} INFO - Filling up the DagBag from /home/airflow/.local/lib/python3.12/site-packages/airflow/example_dags/example_display_name.py
[2025-03-07T11:05:52.664+0000] {processor.py:925} INFO - DAG(s) 'example_display_name' retrieved from /home/airflow/.local/lib/python3.12/site-packages/airflow/example_dags/example_display_name.py
[2025-03-07T11:05:52.749+0000] {logging_mixin.py:190} INFO - [2025-03-07T11:05:52.748+0000] {dag.py:3239} INFO - Sync 1 DAGs
[2025-03-07T11:05:52.843+0000] {logging_mixin.py:190} INFO - [2025-03-07T11:05:52.842+0000] {dag.py:4180} INFO - Setting next_dagrun for example_display_name to None, run_after=None
[2025-03-07T11:05:52.963+0000] {processor.py:208} INFO - Processing /home/airflow/.local/lib/python3.12/site-packages/airflow/example_dags/example_display_name.py took 0.373 seconds
[2025-03-07T11:06:23.805+0000] {processor.py:186} INFO - Started process (PID=2045) to work on /home/airflow/.local/lib/python3.12/site-packages/airflow/example_dags/example_display_name.py
[2025-03-07T11:06:23.806+0000] {processor.py:914} INFO - Processing file /home/airflow/.local/lib/python3.12/site-packages/airflow/example_dags/example_display_name.py for tasks to queue
[2025-03-07T11:06:23.810+0000] {logging_mixin.py:190} INFO - [2025-03-07T11:06:23.810+0000] {dagbag.py:588} INFO - Filling up the DagBag from /home/airflow/.local/lib/python3.12/site-packages/airflow/example_dags/example_display_name.py
[2025-03-07T11:06:23.826+0000] {processor.py:925} INFO - DAG(s) 'example_display_name' retrieved from /home/airflow/.local/lib/python3.12/site-packages/airflow/example_dags/example_display_name.py
[2025-03-07T11:06:23.862+0000] {logging_mixin.py:190} INFO - [2025-03-07T11:06:23.861+0000] {dag.py:3239} INFO - Sync 1 DAGs
[2025-03-07T11:06:23.894+0000] {logging_mixin.py:190} INFO - [2025-03-07T11:06:23.894+0000] {dag.py:4180} INFO - Setting next_dagrun for example_display_name to None, run_after=None
[2025-03-07T11:06:23.940+0000] {processor.py:208} INFO - Processing /home/airflow/.local/lib/python3.12/site-packages/airflow/example_dags/example_display_name.py took 0.149 seconds
[2025-03-07T11:06:54.268+0000] {processor.py:186} INFO - Started process (PID=2108) to work on /home/airflow/.local/lib/python3.12/site-packages/airflow/example_dags/example_display_name.py
[2025-03-07T11:06:54.270+0000] {processor.py:914} INFO - Processing file /home/airflow/.local/lib/python3.12/site-packages/airflow/example_dags/example_display_name.py for tasks to queue
[2025-03-07T11:06:54.275+0000] {logging_mixin.py:190} INFO - [2025-03-07T11:06:54.274+0000] {dagbag.py:588} INFO - Filling up the DagBag from /home/airflow/.local/lib/python3.12/site-packages/airflow/example_dags/example_display_name.py
[2025-03-07T11:06:54.291+0000] {processor.py:925} INFO - DAG(s) 'example_display_name' retrieved from /home/airflow/.local/lib/python3.12/site-packages/airflow/example_dags/example_display_name.py
[2025-03-07T11:06:54.324+0000] {logging_mixin.py:190} INFO - [2025-03-07T11:06:54.324+0000] {dag.py:3239} INFO - Sync 1 DAGs
[2025-03-07T11:06:54.361+0000] {logging_mixin.py:190} INFO - [2025-03-07T11:06:54.360+0000] {dag.py:4180} INFO - Setting next_dagrun for example_display_name to None, run_after=None
[2025-03-07T11:06:54.416+0000] {processor.py:208} INFO - Processing /home/airflow/.local/lib/python3.12/site-packages/airflow/example_dags/example_display_name.py took 0.158 seconds
[2025-03-07T11:07:25.631+0000] {processor.py:186} INFO - Started process (PID=2172) to work on /home/airflow/.local/lib/python3.12/site-packages/airflow/example_dags/example_display_name.py
[2025-03-07T11:07:25.633+0000] {processor.py:914} INFO - Processing file /home/airflow/.local/lib/python3.12/site-packages/airflow/example_dags/example_display_name.py for tasks to queue
[2025-03-07T11:07:25.639+0000] {logging_mixin.py:190} INFO - [2025-03-07T11:07:25.639+0000] {dagbag.py:588} INFO - Filling up the DagBag from /home/airflow/.local/lib/python3.12/site-packages/airflow/example_dags/example_display_name.py
[2025-03-07T11:07:25.686+0000] {processor.py:925} INFO - DAG(s) 'example_display_name' retrieved from /home/airflow/.local/lib/python3.12/site-packages/airflow/example_dags/example_display_name.py
[2025-03-07T11:07:25.749+0000] {logging_mixin.py:190} INFO - [2025-03-07T11:07:25.749+0000] {dag.py:3239} INFO - Sync 1 DAGs
[2025-03-07T11:07:25.799+0000] {logging_mixin.py:190} INFO - [2025-03-07T11:07:25.798+0000] {dag.py:4180} INFO - Setting next_dagrun for example_display_name to None, run_after=None
[2025-03-07T11:07:25.856+0000] {processor.py:208} INFO - Processing /home/airflow/.local/lib/python3.12/site-packages/airflow/example_dags/example_display_name.py took 0.243 seconds
[2025-03-07T11:07:56.225+0000] {processor.py:186} INFO - Started process (PID=2235) to work on /home/airflow/.local/lib/python3.12/site-packages/airflow/example_dags/example_display_name.py
[2025-03-07T11:07:56.227+0000] {processor.py:914} INFO - Processing file /home/airflow/.local/lib/python3.12/site-packages/airflow/example_dags/example_display_name.py for tasks to queue
[2025-03-07T11:07:56.231+0000] {logging_mixin.py:190} INFO - [2025-03-07T11:07:56.231+0000] {dagbag.py:588} INFO - Filling up the DagBag from /home/airflow/.local/lib/python3.12/site-packages/airflow/example_dags/example_display_name.py
[2025-03-07T11:07:56.246+0000] {processor.py:925} INFO - DAG(s) 'example_display_name' retrieved from /home/airflow/.local/lib/python3.12/site-packages/airflow/example_dags/example_display_name.py
[2025-03-07T11:07:56.284+0000] {logging_mixin.py:190} INFO - [2025-03-07T11:07:56.283+0000] {dag.py:3239} INFO - Sync 1 DAGs
[2025-03-07T11:07:56.325+0000] {logging_mixin.py:190} INFO - [2025-03-07T11:07:56.324+0000] {dag.py:4180} INFO - Setting next_dagrun for example_display_name to None, run_after=None
[2025-03-07T11:07:56.362+0000] {processor.py:208} INFO - Processing /home/airflow/.local/lib/python3.12/site-packages/airflow/example_dags/example_display_name.py took 0.149 seconds
[2025-03-07T11:08:26.865+0000] {processor.py:186} INFO - Started process (PID=2298) to work on /home/airflow/.local/lib/python3.12/site-packages/airflow/example_dags/example_display_name.py
[2025-03-07T11:08:26.868+0000] {processor.py:914} INFO - Processing file /home/airflow/.local/lib/python3.12/site-packages/airflow/example_dags/example_display_name.py for tasks to queue
[2025-03-07T11:08:26.882+0000] {logging_mixin.py:190} INFO - [2025-03-07T11:08:26.881+0000] {dagbag.py:588} INFO - Filling up the DagBag from /home/airflow/.local/lib/python3.12/site-packages/airflow/example_dags/example_display_name.py
[2025-03-07T11:08:26.898+0000] {processor.py:925} INFO - DAG(s) 'example_display_name' retrieved from /home/airflow/.local/lib/python3.12/site-packages/airflow/example_dags/example_display_name.py
[2025-03-07T11:08:26.972+0000] {logging_mixin.py:190} INFO - [2025-03-07T11:08:26.971+0000] {dag.py:3239} INFO - Sync 1 DAGs
[2025-03-07T11:08:27.026+0000] {logging_mixin.py:190} INFO - [2025-03-07T11:08:27.026+0000] {dag.py:4180} INFO - Setting next_dagrun for example_display_name to None, run_after=None
[2025-03-07T11:08:27.063+0000] {processor.py:208} INFO - Processing /home/airflow/.local/lib/python3.12/site-packages/airflow/example_dags/example_display_name.py took 0.217 seconds
[2025-03-07T11:08:58.036+0000] {processor.py:186} INFO - Started process (PID=2361) to work on /home/airflow/.local/lib/python3.12/site-packages/airflow/example_dags/example_display_name.py
[2025-03-07T11:08:58.037+0000] {processor.py:914} INFO - Processing file /home/airflow/.local/lib/python3.12/site-packages/airflow/example_dags/example_display_name.py for tasks to queue
[2025-03-07T11:08:58.041+0000] {logging_mixin.py:190} INFO - [2025-03-07T11:08:58.041+0000] {dagbag.py:588} INFO - Filling up the DagBag from /home/airflow/.local/lib/python3.12/site-packages/airflow/example_dags/example_display_name.py
[2025-03-07T11:08:58.058+0000] {processor.py:925} INFO - DAG(s) 'example_display_name' retrieved from /home/airflow/.local/lib/python3.12/site-packages/airflow/example_dags/example_display_name.py
[2025-03-07T11:08:58.092+0000] {logging_mixin.py:190} INFO - [2025-03-07T11:08:58.092+0000] {dag.py:3239} INFO - Sync 1 DAGs
[2025-03-07T11:08:58.128+0000] {logging_mixin.py:190} INFO - [2025-03-07T11:08:58.127+0000] {dag.py:4180} INFO - Setting next_dagrun for example_display_name to None, run_after=None
[2025-03-07T11:08:58.166+0000] {processor.py:208} INFO - Processing /home/airflow/.local/lib/python3.12/site-packages/airflow/example_dags/example_display_name.py took 0.141 seconds
[2025-03-07T11:09:29.082+0000] {processor.py:186} INFO - Started process (PID=2424) to work on /home/airflow/.local/lib/python3.12/site-packages/airflow/example_dags/example_display_name.py
[2025-03-07T11:09:29.085+0000] {processor.py:914} INFO - Processing file /home/airflow/.local/lib/python3.12/site-packages/airflow/example_dags/example_display_name.py for tasks to queue
[2025-03-07T11:09:29.093+0000] {logging_mixin.py:190} INFO - [2025-03-07T11:09:29.092+0000] {dagbag.py:588} INFO - Filling up the DagBag from /home/airflow/.local/lib/python3.12/site-packages/airflow/example_dags/example_display_name.py
[2025-03-07T11:09:29.115+0000] {processor.py:925} INFO - DAG(s) 'example_display_name' retrieved from /home/airflow/.local/lib/python3.12/site-packages/airflow/example_dags/example_display_name.py
[2025-03-07T11:09:29.171+0000] {logging_mixin.py:190} INFO - [2025-03-07T11:09:29.171+0000] {dag.py:3239} INFO - Sync 1 DAGs
[2025-03-07T11:09:29.213+0000] {logging_mixin.py:190} INFO - [2025-03-07T11:09:29.212+0000] {dag.py:4180} INFO - Setting next_dagrun for example_display_name to None, run_after=None
[2025-03-07T11:09:29.257+0000] {processor.py:208} INFO - Processing /home/airflow/.local/lib/python3.12/site-packages/airflow/example_dags/example_display_name.py took 0.193 seconds
[2025-03-07T11:10:02.402+0000] {processor.py:186} INFO - Started process (PID=2487) to work on /home/airflow/.local/lib/python3.12/site-packages/airflow/example_dags/example_display_name.py
[2025-03-07T11:10:02.404+0000] {processor.py:914} INFO - Processing file /home/airflow/.local/lib/python3.12/site-packages/airflow/example_dags/example_display_name.py for tasks to queue
[2025-03-07T11:10:02.408+0000] {logging_mixin.py:190} INFO - [2025-03-07T11:10:02.408+0000] {dagbag.py:588} INFO - Filling up the DagBag from /home/airflow/.local/lib/python3.12/site-packages/airflow/example_dags/example_display_name.py
[2025-03-07T11:10:02.424+0000] {processor.py:925} INFO - DAG(s) 'example_display_name' retrieved from /home/airflow/.local/lib/python3.12/site-packages/airflow/example_dags/example_display_name.py
[2025-03-07T11:10:02.465+0000] {logging_mixin.py:190} INFO - [2025-03-07T11:10:02.465+0000] {dag.py:3239} INFO - Sync 1 DAGs
[2025-03-07T11:10:02.513+0000] {logging_mixin.py:190} INFO - [2025-03-07T11:10:02.512+0000] {dag.py:4180} INFO - Setting next_dagrun for example_display_name to None, run_after=None
[2025-03-07T11:10:02.555+0000] {processor.py:208} INFO - Processing /home/airflow/.local/lib/python3.12/site-packages/airflow/example_dags/example_display_name.py took 0.167 seconds
[2025-03-07T11:10:33.184+0000] {processor.py:186} INFO - Started process (PID=2549) to work on /home/airflow/.local/lib/python3.12/site-packages/airflow/example_dags/example_display_name.py
[2025-03-07T11:10:33.186+0000] {processor.py:914} INFO - Processing file /home/airflow/.local/lib/python3.12/site-packages/airflow/example_dags/example_display_name.py for tasks to queue
[2025-03-07T11:10:33.191+0000] {logging_mixin.py:190} INFO - [2025-03-07T11:10:33.190+0000] {dagbag.py:588} INFO - Filling up the DagBag from /home/airflow/.local/lib/python3.12/site-packages/airflow/example_dags/example_display_name.py
[2025-03-07T11:10:33.214+0000] {processor.py:925} INFO - DAG(s) 'example_display_name' retrieved from /home/airflow/.local/lib/python3.12/site-packages/airflow/example_dags/example_display_name.py
[2025-03-07T11:10:33.252+0000] {logging_mixin.py:190} INFO - [2025-03-07T11:10:33.251+0000] {dag.py:3239} INFO - Sync 1 DAGs
[2025-03-07T11:10:33.299+0000] {logging_mixin.py:190} INFO - [2025-03-07T11:10:33.298+0000] {dag.py:4180} INFO - Setting next_dagrun for example_display_name to None, run_after=None
[2025-03-07T11:10:33.365+0000] {processor.py:208} INFO - Processing /home/airflow/.local/lib/python3.12/site-packages/airflow/example_dags/example_display_name.py took 0.198 seconds
[2025-03-07T11:11:04.476+0000] {processor.py:186} INFO - Started process (PID=2613) to work on /home/airflow/.local/lib/python3.12/site-packages/airflow/example_dags/example_display_name.py
[2025-03-07T11:11:04.477+0000] {processor.py:914} INFO - Processing file /home/airflow/.local/lib/python3.12/site-packages/airflow/example_dags/example_display_name.py for tasks to queue
[2025-03-07T11:11:04.480+0000] {logging_mixin.py:190} INFO - [2025-03-07T11:11:04.480+0000] {dagbag.py:588} INFO - Filling up the DagBag from /home/airflow/.local/lib/python3.12/site-packages/airflow/example_dags/example_display_name.py
[2025-03-07T11:11:04.491+0000] {processor.py:925} INFO - DAG(s) 'example_display_name' retrieved from /home/airflow/.local/lib/python3.12/site-packages/airflow/example_dags/example_display_name.py
[2025-03-07T11:11:04.515+0000] {logging_mixin.py:190} INFO - [2025-03-07T11:11:04.515+0000] {dag.py:3239} INFO - Sync 1 DAGs
[2025-03-07T11:11:04.537+0000] {logging_mixin.py:190} INFO - [2025-03-07T11:11:04.536+0000] {dag.py:4180} INFO - Setting next_dagrun for example_display_name to None, run_after=None
[2025-03-07T11:11:04.563+0000] {processor.py:208} INFO - Processing /home/airflow/.local/lib/python3.12/site-packages/airflow/example_dags/example_display_name.py took 0.096 seconds
[2025-03-07T11:11:35.732+0000] {processor.py:186} INFO - Started process (PID=2676) to work on /home/airflow/.local/lib/python3.12/site-packages/airflow/example_dags/example_display_name.py
[2025-03-07T11:11:35.738+0000] {processor.py:914} INFO - Processing file /home/airflow/.local/lib/python3.12/site-packages/airflow/example_dags/example_display_name.py for tasks to queue
[2025-03-07T11:11:35.744+0000] {logging_mixin.py:190} INFO - [2025-03-07T11:11:35.743+0000] {dagbag.py:588} INFO - Filling up the DagBag from /home/airflow/.local/lib/python3.12/site-packages/airflow/example_dags/example_display_name.py
[2025-03-07T11:11:35.762+0000] {processor.py:925} INFO - DAG(s) 'example_display_name' retrieved from /home/airflow/.local/lib/python3.12/site-packages/airflow/example_dags/example_display_name.py
[2025-03-07T11:11:35.805+0000] {logging_mixin.py:190} INFO - [2025-03-07T11:11:35.804+0000] {dag.py:3239} INFO - Sync 1 DAGs
[2025-03-07T11:11:35.845+0000] {logging_mixin.py:190} INFO - [2025-03-07T11:11:35.844+0000] {dag.py:4180} INFO - Setting next_dagrun for example_display_name to None, run_after=None
[2025-03-07T11:11:35.900+0000] {processor.py:208} INFO - Processing /home/airflow/.local/lib/python3.12/site-packages/airflow/example_dags/example_display_name.py took 0.186 seconds
[2025-03-07T11:12:06.883+0000] {processor.py:186} INFO - Started process (PID=2746) to work on /home/airflow/.local/lib/python3.12/site-packages/airflow/example_dags/example_display_name.py
[2025-03-07T11:12:06.885+0000] {processor.py:914} INFO - Processing file /home/airflow/.local/lib/python3.12/site-packages/airflow/example_dags/example_display_name.py for tasks to queue
[2025-03-07T11:12:06.888+0000] {logging_mixin.py:190} INFO - [2025-03-07T11:12:06.887+0000] {dagbag.py:588} INFO - Filling up the DagBag from /home/airflow/.local/lib/python3.12/site-packages/airflow/example_dags/example_display_name.py
[2025-03-07T11:12:06.899+0000] {processor.py:925} INFO - DAG(s) 'example_display_name' retrieved from /home/airflow/.local/lib/python3.12/site-packages/airflow/example_dags/example_display_name.py
[2025-03-07T11:12:06.926+0000] {logging_mixin.py:190} INFO - [2025-03-07T11:12:06.926+0000] {dag.py:3239} INFO - Sync 1 DAGs
[2025-03-07T11:12:06.952+0000] {logging_mixin.py:190} INFO - [2025-03-07T11:12:06.951+0000] {dag.py:4180} INFO - Setting next_dagrun for example_display_name to None, run_after=None
[2025-03-07T11:12:06.993+0000] {processor.py:208} INFO - Processing /home/airflow/.local/lib/python3.12/site-packages/airflow/example_dags/example_display_name.py took 0.119 seconds
[2025-03-07T11:12:39.042+0000] {processor.py:186} INFO - Started process (PID=2808) to work on /home/airflow/.local/lib/python3.12/site-packages/airflow/example_dags/example_display_name.py
[2025-03-07T11:12:39.047+0000] {processor.py:914} INFO - Processing file /home/airflow/.local/lib/python3.12/site-packages/airflow/example_dags/example_display_name.py for tasks to queue
[2025-03-07T11:12:39.055+0000] {logging_mixin.py:190} INFO - [2025-03-07T11:12:39.054+0000] {dagbag.py:588} INFO - Filling up the DagBag from /home/airflow/.local/lib/python3.12/site-packages/airflow/example_dags/example_display_name.py
[2025-03-07T11:12:39.084+0000] {processor.py:925} INFO - DAG(s) 'example_display_name' retrieved from /home/airflow/.local/lib/python3.12/site-packages/airflow/example_dags/example_display_name.py
[2025-03-07T11:12:39.128+0000] {logging_mixin.py:190} INFO - [2025-03-07T11:12:39.125+0000] {dag.py:3239} INFO - Sync 1 DAGs
[2025-03-07T11:12:39.171+0000] {logging_mixin.py:190} INFO - [2025-03-07T11:12:39.170+0000] {dag.py:4180} INFO - Setting next_dagrun for example_display_name to None, run_after=None
[2025-03-07T11:12:39.229+0000] {processor.py:208} INFO - Processing /home/airflow/.local/lib/python3.12/site-packages/airflow/example_dags/example_display_name.py took 0.199 seconds
[2025-03-07T11:13:11.984+0000] {processor.py:186} INFO - Started process (PID=2873) to work on /home/airflow/.local/lib/python3.12/site-packages/airflow/example_dags/example_display_name.py
[2025-03-07T11:13:11.986+0000] {processor.py:914} INFO - Processing file /home/airflow/.local/lib/python3.12/site-packages/airflow/example_dags/example_display_name.py for tasks to queue
[2025-03-07T11:13:12.000+0000] {logging_mixin.py:190} INFO - [2025-03-07T11:13:11.999+0000] {dagbag.py:588} INFO - Filling up the DagBag from /home/airflow/.local/lib/python3.12/site-packages/airflow/example_dags/example_display_name.py
[2025-03-07T11:13:12.032+0000] {processor.py:925} INFO - DAG(s) 'example_display_name' retrieved from /home/airflow/.local/lib/python3.12/site-packages/airflow/example_dags/example_display_name.py
[2025-03-07T11:13:12.096+0000] {logging_mixin.py:190} INFO - [2025-03-07T11:13:12.095+0000] {dag.py:3239} INFO - Sync 1 DAGs
[2025-03-07T11:13:12.213+0000] {logging_mixin.py:190} INFO - [2025-03-07T11:13:12.213+0000] {dag.py:4180} INFO - Setting next_dagrun for example_display_name to None, run_after=None
[2025-03-07T11:13:12.331+0000] {processor.py:208} INFO - Processing /home/airflow/.local/lib/python3.12/site-packages/airflow/example_dags/example_display_name.py took 0.370 seconds
[2025-03-07T11:13:43.063+0000] {processor.py:186} INFO - Started process (PID=2936) to work on /home/airflow/.local/lib/python3.12/site-packages/airflow/example_dags/example_display_name.py
[2025-03-07T11:13:43.064+0000] {processor.py:914} INFO - Processing file /home/airflow/.local/lib/python3.12/site-packages/airflow/example_dags/example_display_name.py for tasks to queue
[2025-03-07T11:13:43.068+0000] {logging_mixin.py:190} INFO - [2025-03-07T11:13:43.067+0000] {dagbag.py:588} INFO - Filling up the DagBag from /home/airflow/.local/lib/python3.12/site-packages/airflow/example_dags/example_display_name.py
[2025-03-07T11:13:43.082+0000] {processor.py:925} INFO - DAG(s) 'example_display_name' retrieved from /home/airflow/.local/lib/python3.12/site-packages/airflow/example_dags/example_display_name.py
[2025-03-07T11:13:43.110+0000] {logging_mixin.py:190} INFO - [2025-03-07T11:13:43.109+0000] {dag.py:3239} INFO - Sync 1 DAGs
[2025-03-07T11:13:43.133+0000] {logging_mixin.py:190} INFO - [2025-03-07T11:13:43.133+0000] {dag.py:4180} INFO - Setting next_dagrun for example_display_name to None, run_after=None
[2025-03-07T11:13:43.166+0000] {processor.py:208} INFO - Processing /home/airflow/.local/lib/python3.12/site-packages/airflow/example_dags/example_display_name.py took 0.115 seconds
