[2025-03-07T10:49:23.271+0000] {processor.py:186} INFO - Started process (PID=85) to work on /home/airflow/.local/lib/python3.12/site-packages/airflow/example_dags/example_branch_labels.py
[2025-03-07T10:49:23.272+0000] {processor.py:914} INFO - Processing file /home/airflow/.local/lib/python3.12/site-packages/airflow/example_dags/example_branch_labels.py for tasks to queue
[2025-03-07T10:49:23.276+0000] {logging_mixin.py:190} INFO - [2025-03-07T10:49:23.275+0000] {dagbag.py:588} INFO - Filling up the DagBag from /home/airflow/.local/lib/python3.12/site-packages/airflow/example_dags/example_branch_labels.py
[2025-03-07T10:49:23.294+0000] {processor.py:925} INFO - DAG(s) 'example_branch_labels' retrieved from /home/airflow/.local/lib/python3.12/site-packages/airflow/example_dags/example_branch_labels.py
[2025-03-07T10:49:23.466+0000] {logging_mixin.py:190} INFO - [2025-03-07T10:49:23.465+0000] {override.py:1912} INFO - Created Permission View: can delete on DAG:example_branch_labels
[2025-03-07T10:49:23.482+0000] {logging_mixin.py:190} INFO - [2025-03-07T10:49:23.481+0000] {override.py:1912} INFO - Created Permission View: can read on DAG:example_branch_labels
[2025-03-07T10:49:23.491+0000] {logging_mixin.py:190} INFO - [2025-03-07T10:49:23.490+0000] {override.py:1912} INFO - Created Permission View: can edit on DAG:example_branch_labels
[2025-03-07T10:49:23.500+0000] {logging_mixin.py:190} INFO - [2025-03-07T10:49:23.500+0000] {override.py:1912} INFO - Created Permission View: can delete on DAG Run:example_branch_labels
[2025-03-07T10:49:23.511+0000] {logging_mixin.py:190} INFO - [2025-03-07T10:49:23.511+0000] {override.py:1912} INFO - Created Permission View: can create on DAG Run:example_branch_labels
[2025-03-07T10:49:23.524+0000] {logging_mixin.py:190} INFO - [2025-03-07T10:49:23.523+0000] {override.py:1912} INFO - Created Permission View: menu access on DAG Run:example_branch_labels
[2025-03-07T10:49:23.534+0000] {logging_mixin.py:190} INFO - [2025-03-07T10:49:23.534+0000] {override.py:1912} INFO - Created Permission View: can read on DAG Run:example_branch_labels
[2025-03-07T10:49:23.535+0000] {logging_mixin.py:190} INFO - [2025-03-07T10:49:23.535+0000] {dag.py:3239} INFO - Sync 1 DAGs
[2025-03-07T10:49:23.557+0000] {logging_mixin.py:190} INFO - [2025-03-07T10:49:23.556+0000] {dag.py:3262} INFO - Creating ORM DAG for example_branch_labels
[2025-03-07T10:49:23.572+0000] {logging_mixin.py:190} INFO - [2025-03-07T10:49:23.571+0000] {dag.py:4180} INFO - Setting next_dagrun for example_branch_labels to 2025-03-06 00:00:00+00:00, run_after=2025-03-07 00:00:00+00:00
[2025-03-07T10:49:23.590+0000] {processor.py:208} INFO - Processing /home/airflow/.local/lib/python3.12/site-packages/airflow/example_dags/example_branch_labels.py took 0.330 seconds
[2025-03-07T10:49:53.992+0000] {processor.py:186} INFO - Started process (PID=149) to work on /home/airflow/.local/lib/python3.12/site-packages/airflow/example_dags/example_branch_labels.py
[2025-03-07T10:49:53.993+0000] {processor.py:914} INFO - Processing file /home/airflow/.local/lib/python3.12/site-packages/airflow/example_dags/example_branch_labels.py for tasks to queue
[2025-03-07T10:49:53.997+0000] {logging_mixin.py:190} INFO - [2025-03-07T10:49:53.996+0000] {dagbag.py:588} INFO - Filling up the DagBag from /home/airflow/.local/lib/python3.12/site-packages/airflow/example_dags/example_branch_labels.py
[2025-03-07T10:49:54.010+0000] {processor.py:925} INFO - DAG(s) 'example_branch_labels' retrieved from /home/airflow/.local/lib/python3.12/site-packages/airflow/example_dags/example_branch_labels.py
[2025-03-07T10:49:54.033+0000] {logging_mixin.py:190} INFO - [2025-03-07T10:49:54.032+0000] {dag.py:3239} INFO - Sync 1 DAGs
[2025-03-07T10:49:54.062+0000] {logging_mixin.py:190} INFO - [2025-03-07T10:49:54.062+0000] {dag.py:4180} INFO - Setting next_dagrun for example_branch_labels to 2025-03-06 00:00:00+00:00, run_after=2025-03-07 00:00:00+00:00
[2025-03-07T10:49:54.084+0000] {processor.py:208} INFO - Processing /home/airflow/.local/lib/python3.12/site-packages/airflow/example_dags/example_branch_labels.py took 0.101 seconds
[2025-03-07T10:50:24.450+0000] {processor.py:186} INFO - Started process (PID=212) to work on /home/airflow/.local/lib/python3.12/site-packages/airflow/example_dags/example_branch_labels.py
[2025-03-07T10:50:24.452+0000] {processor.py:914} INFO - Processing file /home/airflow/.local/lib/python3.12/site-packages/airflow/example_dags/example_branch_labels.py for tasks to queue
[2025-03-07T10:50:24.454+0000] {logging_mixin.py:190} INFO - [2025-03-07T10:50:24.454+0000] {dagbag.py:588} INFO - Filling up the DagBag from /home/airflow/.local/lib/python3.12/site-packages/airflow/example_dags/example_branch_labels.py
[2025-03-07T10:50:24.469+0000] {processor.py:925} INFO - DAG(s) 'example_branch_labels' retrieved from /home/airflow/.local/lib/python3.12/site-packages/airflow/example_dags/example_branch_labels.py
[2025-03-07T10:50:24.496+0000] {logging_mixin.py:190} INFO - [2025-03-07T10:50:24.496+0000] {dag.py:3239} INFO - Sync 1 DAGs
[2025-03-07T10:50:24.539+0000] {logging_mixin.py:190} INFO - [2025-03-07T10:50:24.538+0000] {dag.py:4180} INFO - Setting next_dagrun for example_branch_labels to 2025-03-06 00:00:00+00:00, run_after=2025-03-07 00:00:00+00:00
[2025-03-07T10:50:24.569+0000] {processor.py:208} INFO - Processing /home/airflow/.local/lib/python3.12/site-packages/airflow/example_dags/example_branch_labels.py took 0.126 seconds
[2025-03-07T10:50:55.154+0000] {processor.py:186} INFO - Started process (PID=275) to work on /home/airflow/.local/lib/python3.12/site-packages/airflow/example_dags/example_branch_labels.py
[2025-03-07T10:50:55.156+0000] {processor.py:914} INFO - Processing file /home/airflow/.local/lib/python3.12/site-packages/airflow/example_dags/example_branch_labels.py for tasks to queue
[2025-03-07T10:50:55.159+0000] {logging_mixin.py:190} INFO - [2025-03-07T10:50:55.158+0000] {dagbag.py:588} INFO - Filling up the DagBag from /home/airflow/.local/lib/python3.12/site-packages/airflow/example_dags/example_branch_labels.py
[2025-03-07T10:50:55.175+0000] {processor.py:925} INFO - DAG(s) 'example_branch_labels' retrieved from /home/airflow/.local/lib/python3.12/site-packages/airflow/example_dags/example_branch_labels.py
[2025-03-07T10:50:55.205+0000] {logging_mixin.py:190} INFO - [2025-03-07T10:50:55.204+0000] {dag.py:3239} INFO - Sync 1 DAGs
[2025-03-07T10:50:55.245+0000] {logging_mixin.py:190} INFO - [2025-03-07T10:50:55.244+0000] {dag.py:4180} INFO - Setting next_dagrun for example_branch_labels to 2025-03-06 00:00:00+00:00, run_after=2025-03-07 00:00:00+00:00
[2025-03-07T10:50:55.275+0000] {processor.py:208} INFO - Processing /home/airflow/.local/lib/python3.12/site-packages/airflow/example_dags/example_branch_labels.py took 0.131 seconds
[2025-03-07T10:51:25.858+0000] {processor.py:186} INFO - Started process (PID=339) to work on /home/airflow/.local/lib/python3.12/site-packages/airflow/example_dags/example_branch_labels.py
[2025-03-07T10:51:25.860+0000] {processor.py:914} INFO - Processing file /home/airflow/.local/lib/python3.12/site-packages/airflow/example_dags/example_branch_labels.py for tasks to queue
[2025-03-07T10:51:25.863+0000] {logging_mixin.py:190} INFO - [2025-03-07T10:51:25.862+0000] {dagbag.py:588} INFO - Filling up the DagBag from /home/airflow/.local/lib/python3.12/site-packages/airflow/example_dags/example_branch_labels.py
[2025-03-07T10:51:25.878+0000] {processor.py:925} INFO - DAG(s) 'example_branch_labels' retrieved from /home/airflow/.local/lib/python3.12/site-packages/airflow/example_dags/example_branch_labels.py
[2025-03-07T10:51:25.907+0000] {logging_mixin.py:190} INFO - [2025-03-07T10:51:25.906+0000] {dag.py:3239} INFO - Sync 1 DAGs
[2025-03-07T10:51:25.943+0000] {logging_mixin.py:190} INFO - [2025-03-07T10:51:25.943+0000] {dag.py:4180} INFO - Setting next_dagrun for example_branch_labels to 2025-03-06 00:00:00+00:00, run_after=2025-03-07 00:00:00+00:00
[2025-03-07T10:51:25.979+0000] {processor.py:208} INFO - Processing /home/airflow/.local/lib/python3.12/site-packages/airflow/example_dags/example_branch_labels.py took 0.129 seconds
[2025-03-07T10:51:56.348+0000] {processor.py:186} INFO - Started process (PID=403) to work on /home/airflow/.local/lib/python3.12/site-packages/airflow/example_dags/example_branch_labels.py
[2025-03-07T10:51:56.349+0000] {processor.py:914} INFO - Processing file /home/airflow/.local/lib/python3.12/site-packages/airflow/example_dags/example_branch_labels.py for tasks to queue
[2025-03-07T10:51:56.352+0000] {logging_mixin.py:190} INFO - [2025-03-07T10:51:56.352+0000] {dagbag.py:588} INFO - Filling up the DagBag from /home/airflow/.local/lib/python3.12/site-packages/airflow/example_dags/example_branch_labels.py
[2025-03-07T10:51:56.366+0000] {processor.py:925} INFO - DAG(s) 'example_branch_labels' retrieved from /home/airflow/.local/lib/python3.12/site-packages/airflow/example_dags/example_branch_labels.py
[2025-03-07T10:51:56.401+0000] {logging_mixin.py:190} INFO - [2025-03-07T10:51:56.400+0000] {dag.py:3239} INFO - Sync 1 DAGs
[2025-03-07T10:51:56.462+0000] {logging_mixin.py:190} INFO - [2025-03-07T10:51:56.461+0000] {dag.py:4180} INFO - Setting next_dagrun for example_branch_labels to 2025-03-06 00:00:00+00:00, run_after=2025-03-07 00:00:00+00:00
[2025-03-07T10:51:56.496+0000] {processor.py:208} INFO - Processing /home/airflow/.local/lib/python3.12/site-packages/airflow/example_dags/example_branch_labels.py took 0.157 seconds
[2025-03-07T10:52:27.139+0000] {processor.py:186} INFO - Started process (PID=466) to work on /home/airflow/.local/lib/python3.12/site-packages/airflow/example_dags/example_branch_labels.py
[2025-03-07T10:52:27.140+0000] {processor.py:914} INFO - Processing file /home/airflow/.local/lib/python3.12/site-packages/airflow/example_dags/example_branch_labels.py for tasks to queue
[2025-03-07T10:52:27.143+0000] {logging_mixin.py:190} INFO - [2025-03-07T10:52:27.142+0000] {dagbag.py:588} INFO - Filling up the DagBag from /home/airflow/.local/lib/python3.12/site-packages/airflow/example_dags/example_branch_labels.py
[2025-03-07T10:52:27.157+0000] {processor.py:925} INFO - DAG(s) 'example_branch_labels' retrieved from /home/airflow/.local/lib/python3.12/site-packages/airflow/example_dags/example_branch_labels.py
[2025-03-07T10:52:27.189+0000] {logging_mixin.py:190} INFO - [2025-03-07T10:52:27.189+0000] {dag.py:3239} INFO - Sync 1 DAGs
[2025-03-07T10:52:27.234+0000] {logging_mixin.py:190} INFO - [2025-03-07T10:52:27.234+0000] {dag.py:4180} INFO - Setting next_dagrun for example_branch_labels to 2025-03-06 00:00:00+00:00, run_after=2025-03-07 00:00:00+00:00
[2025-03-07T10:52:27.260+0000] {processor.py:208} INFO - Processing /home/airflow/.local/lib/python3.12/site-packages/airflow/example_dags/example_branch_labels.py took 0.130 seconds
[2025-03-07T10:52:57.926+0000] {processor.py:186} INFO - Started process (PID=529) to work on /home/airflow/.local/lib/python3.12/site-packages/airflow/example_dags/example_branch_labels.py
[2025-03-07T10:52:57.928+0000] {processor.py:914} INFO - Processing file /home/airflow/.local/lib/python3.12/site-packages/airflow/example_dags/example_branch_labels.py for tasks to queue
[2025-03-07T10:52:57.932+0000] {logging_mixin.py:190} INFO - [2025-03-07T10:52:57.930+0000] {dagbag.py:588} INFO - Filling up the DagBag from /home/airflow/.local/lib/python3.12/site-packages/airflow/example_dags/example_branch_labels.py
[2025-03-07T10:52:57.947+0000] {processor.py:925} INFO - DAG(s) 'example_branch_labels' retrieved from /home/airflow/.local/lib/python3.12/site-packages/airflow/example_dags/example_branch_labels.py
[2025-03-07T10:52:57.971+0000] {logging_mixin.py:190} INFO - [2025-03-07T10:52:57.971+0000] {dag.py:3239} INFO - Sync 1 DAGs
[2025-03-07T10:52:58.008+0000] {logging_mixin.py:190} INFO - [2025-03-07T10:52:58.008+0000] {dag.py:4180} INFO - Setting next_dagrun for example_branch_labels to 2025-03-06 00:00:00+00:00, run_after=2025-03-07 00:00:00+00:00
[2025-03-07T10:52:58.032+0000] {processor.py:208} INFO - Processing /home/airflow/.local/lib/python3.12/site-packages/airflow/example_dags/example_branch_labels.py took 0.112 seconds
[2025-03-07T10:53:28.815+0000] {processor.py:186} INFO - Started process (PID=592) to work on /home/airflow/.local/lib/python3.12/site-packages/airflow/example_dags/example_branch_labels.py
[2025-03-07T10:53:28.817+0000] {processor.py:914} INFO - Processing file /home/airflow/.local/lib/python3.12/site-packages/airflow/example_dags/example_branch_labels.py for tasks to queue
[2025-03-07T10:53:28.819+0000] {logging_mixin.py:190} INFO - [2025-03-07T10:53:28.819+0000] {dagbag.py:588} INFO - Filling up the DagBag from /home/airflow/.local/lib/python3.12/site-packages/airflow/example_dags/example_branch_labels.py
[2025-03-07T10:53:28.832+0000] {processor.py:925} INFO - DAG(s) 'example_branch_labels' retrieved from /home/airflow/.local/lib/python3.12/site-packages/airflow/example_dags/example_branch_labels.py
[2025-03-07T10:53:28.858+0000] {logging_mixin.py:190} INFO - [2025-03-07T10:53:28.857+0000] {dag.py:3239} INFO - Sync 1 DAGs
[2025-03-07T10:53:28.897+0000] {logging_mixin.py:190} INFO - [2025-03-07T10:53:28.896+0000] {dag.py:4180} INFO - Setting next_dagrun for example_branch_labels to 2025-03-06 00:00:00+00:00, run_after=2025-03-07 00:00:00+00:00
[2025-03-07T10:53:28.926+0000] {processor.py:208} INFO - Processing /home/airflow/.local/lib/python3.12/site-packages/airflow/example_dags/example_branch_labels.py took 0.120 seconds
[2025-03-07T10:53:59.587+0000] {processor.py:186} INFO - Started process (PID=656) to work on /home/airflow/.local/lib/python3.12/site-packages/airflow/example_dags/example_branch_labels.py
[2025-03-07T10:53:59.588+0000] {processor.py:914} INFO - Processing file /home/airflow/.local/lib/python3.12/site-packages/airflow/example_dags/example_branch_labels.py for tasks to queue
[2025-03-07T10:53:59.590+0000] {logging_mixin.py:190} INFO - [2025-03-07T10:53:59.590+0000] {dagbag.py:588} INFO - Filling up the DagBag from /home/airflow/.local/lib/python3.12/site-packages/airflow/example_dags/example_branch_labels.py
[2025-03-07T10:53:59.600+0000] {processor.py:925} INFO - DAG(s) 'example_branch_labels' retrieved from /home/airflow/.local/lib/python3.12/site-packages/airflow/example_dags/example_branch_labels.py
[2025-03-07T10:53:59.620+0000] {logging_mixin.py:190} INFO - [2025-03-07T10:53:59.620+0000] {dag.py:3239} INFO - Sync 1 DAGs
[2025-03-07T10:53:59.642+0000] {logging_mixin.py:190} INFO - [2025-03-07T10:53:59.642+0000] {dag.py:4180} INFO - Setting next_dagrun for example_branch_labels to 2025-03-06 00:00:00+00:00, run_after=2025-03-07 00:00:00+00:00
[2025-03-07T10:53:59.664+0000] {processor.py:208} INFO - Processing /home/airflow/.local/lib/python3.12/site-packages/airflow/example_dags/example_branch_labels.py took 0.083 seconds
[2025-03-07T10:54:29.754+0000] {processor.py:186} INFO - Started process (PID=718) to work on /home/airflow/.local/lib/python3.12/site-packages/airflow/example_dags/example_branch_labels.py
[2025-03-07T10:54:29.755+0000] {processor.py:914} INFO - Processing file /home/airflow/.local/lib/python3.12/site-packages/airflow/example_dags/example_branch_labels.py for tasks to queue
[2025-03-07T10:54:29.759+0000] {logging_mixin.py:190} INFO - [2025-03-07T10:54:29.758+0000] {dagbag.py:588} INFO - Filling up the DagBag from /home/airflow/.local/lib/python3.12/site-packages/airflow/example_dags/example_branch_labels.py
[2025-03-07T10:54:29.776+0000] {processor.py:925} INFO - DAG(s) 'example_branch_labels' retrieved from /home/airflow/.local/lib/python3.12/site-packages/airflow/example_dags/example_branch_labels.py
[2025-03-07T10:54:29.802+0000] {logging_mixin.py:190} INFO - [2025-03-07T10:54:29.802+0000] {dag.py:3239} INFO - Sync 1 DAGs
[2025-03-07T10:54:29.836+0000] {logging_mixin.py:190} INFO - [2025-03-07T10:54:29.835+0000] {dag.py:4180} INFO - Setting next_dagrun for example_branch_labels to 2025-03-06 00:00:00+00:00, run_after=2025-03-07 00:00:00+00:00
[2025-03-07T10:54:29.862+0000] {processor.py:208} INFO - Processing /home/airflow/.local/lib/python3.12/site-packages/airflow/example_dags/example_branch_labels.py took 0.118 seconds
[2025-03-07T10:55:00.155+0000] {processor.py:186} INFO - Started process (PID=781) to work on /home/airflow/.local/lib/python3.12/site-packages/airflow/example_dags/example_branch_labels.py
[2025-03-07T10:55:00.156+0000] {processor.py:914} INFO - Processing file /home/airflow/.local/lib/python3.12/site-packages/airflow/example_dags/example_branch_labels.py for tasks to queue
[2025-03-07T10:55:00.158+0000] {logging_mixin.py:190} INFO - [2025-03-07T10:55:00.158+0000] {dagbag.py:588} INFO - Filling up the DagBag from /home/airflow/.local/lib/python3.12/site-packages/airflow/example_dags/example_branch_labels.py
[2025-03-07T10:55:00.167+0000] {processor.py:925} INFO - DAG(s) 'example_branch_labels' retrieved from /home/airflow/.local/lib/python3.12/site-packages/airflow/example_dags/example_branch_labels.py
[2025-03-07T10:55:00.188+0000] {logging_mixin.py:190} INFO - [2025-03-07T10:55:00.188+0000] {dag.py:3239} INFO - Sync 1 DAGs
[2025-03-07T10:55:00.215+0000] {logging_mixin.py:190} INFO - [2025-03-07T10:55:00.215+0000] {dag.py:4180} INFO - Setting next_dagrun for example_branch_labels to 2025-03-06 00:00:00+00:00, run_after=2025-03-07 00:00:00+00:00
[2025-03-07T10:55:00.235+0000] {processor.py:208} INFO - Processing /home/airflow/.local/lib/python3.12/site-packages/airflow/example_dags/example_branch_labels.py took 0.087 seconds
[2025-03-07T10:55:30.988+0000] {processor.py:186} INFO - Started process (PID=845) to work on /home/airflow/.local/lib/python3.12/site-packages/airflow/example_dags/example_branch_labels.py
[2025-03-07T10:55:30.990+0000] {processor.py:914} INFO - Processing file /home/airflow/.local/lib/python3.12/site-packages/airflow/example_dags/example_branch_labels.py for tasks to queue
[2025-03-07T10:55:30.994+0000] {logging_mixin.py:190} INFO - [2025-03-07T10:55:30.993+0000] {dagbag.py:588} INFO - Filling up the DagBag from /home/airflow/.local/lib/python3.12/site-packages/airflow/example_dags/example_branch_labels.py
[2025-03-07T10:55:31.008+0000] {processor.py:925} INFO - DAG(s) 'example_branch_labels' retrieved from /home/airflow/.local/lib/python3.12/site-packages/airflow/example_dags/example_branch_labels.py
[2025-03-07T10:55:31.037+0000] {logging_mixin.py:190} INFO - [2025-03-07T10:55:31.037+0000] {dag.py:3239} INFO - Sync 1 DAGs
[2025-03-07T10:55:31.074+0000] {logging_mixin.py:190} INFO - [2025-03-07T10:55:31.074+0000] {dag.py:4180} INFO - Setting next_dagrun for example_branch_labels to 2025-03-06 00:00:00+00:00, run_after=2025-03-07 00:00:00+00:00
[2025-03-07T10:55:31.102+0000] {processor.py:208} INFO - Processing /home/airflow/.local/lib/python3.12/site-packages/airflow/example_dags/example_branch_labels.py took 0.126 seconds
[2025-03-07T10:56:01.241+0000] {processor.py:186} INFO - Started process (PID=908) to work on /home/airflow/.local/lib/python3.12/site-packages/airflow/example_dags/example_branch_labels.py
[2025-03-07T10:56:01.242+0000] {processor.py:914} INFO - Processing file /home/airflow/.local/lib/python3.12/site-packages/airflow/example_dags/example_branch_labels.py for tasks to queue
[2025-03-07T10:56:01.246+0000] {logging_mixin.py:190} INFO - [2025-03-07T10:56:01.245+0000] {dagbag.py:588} INFO - Filling up the DagBag from /home/airflow/.local/lib/python3.12/site-packages/airflow/example_dags/example_branch_labels.py
[2025-03-07T10:56:01.261+0000] {processor.py:925} INFO - DAG(s) 'example_branch_labels' retrieved from /home/airflow/.local/lib/python3.12/site-packages/airflow/example_dags/example_branch_labels.py
[2025-03-07T10:56:01.299+0000] {logging_mixin.py:190} INFO - [2025-03-07T10:56:01.299+0000] {dag.py:3239} INFO - Sync 1 DAGs
[2025-03-07T10:56:01.354+0000] {logging_mixin.py:190} INFO - [2025-03-07T10:56:01.353+0000] {dag.py:4180} INFO - Setting next_dagrun for example_branch_labels to 2025-03-06 00:00:00+00:00, run_after=2025-03-07 00:00:00+00:00
[2025-03-07T10:56:01.384+0000] {processor.py:208} INFO - Processing /home/airflow/.local/lib/python3.12/site-packages/airflow/example_dags/example_branch_labels.py took 0.153 seconds
[2025-03-07T10:56:31.788+0000] {processor.py:186} INFO - Started process (PID=970) to work on /home/airflow/.local/lib/python3.12/site-packages/airflow/example_dags/example_branch_labels.py
[2025-03-07T10:56:31.790+0000] {processor.py:914} INFO - Processing file /home/airflow/.local/lib/python3.12/site-packages/airflow/example_dags/example_branch_labels.py for tasks to queue
[2025-03-07T10:56:31.797+0000] {logging_mixin.py:190} INFO - [2025-03-07T10:56:31.795+0000] {dagbag.py:588} INFO - Filling up the DagBag from /home/airflow/.local/lib/python3.12/site-packages/airflow/example_dags/example_branch_labels.py
[2025-03-07T10:56:31.816+0000] {processor.py:925} INFO - DAG(s) 'example_branch_labels' retrieved from /home/airflow/.local/lib/python3.12/site-packages/airflow/example_dags/example_branch_labels.py
[2025-03-07T10:56:31.859+0000] {logging_mixin.py:190} INFO - [2025-03-07T10:56:31.859+0000] {dag.py:3239} INFO - Sync 1 DAGs
[2025-03-07T10:56:31.925+0000] {logging_mixin.py:190} INFO - [2025-03-07T10:56:31.924+0000] {dag.py:4180} INFO - Setting next_dagrun for example_branch_labels to 2025-03-06 00:00:00+00:00, run_after=2025-03-07 00:00:00+00:00
[2025-03-07T10:56:31.967+0000] {processor.py:208} INFO - Processing /home/airflow/.local/lib/python3.12/site-packages/airflow/example_dags/example_branch_labels.py took 0.192 seconds
[2025-03-07T10:57:02.142+0000] {processor.py:186} INFO - Started process (PID=1033) to work on /home/airflow/.local/lib/python3.12/site-packages/airflow/example_dags/example_branch_labels.py
[2025-03-07T10:57:02.144+0000] {processor.py:914} INFO - Processing file /home/airflow/.local/lib/python3.12/site-packages/airflow/example_dags/example_branch_labels.py for tasks to queue
[2025-03-07T10:57:02.148+0000] {logging_mixin.py:190} INFO - [2025-03-07T10:57:02.147+0000] {dagbag.py:588} INFO - Filling up the DagBag from /home/airflow/.local/lib/python3.12/site-packages/airflow/example_dags/example_branch_labels.py
[2025-03-07T10:57:02.170+0000] {processor.py:925} INFO - DAG(s) 'example_branch_labels' retrieved from /home/airflow/.local/lib/python3.12/site-packages/airflow/example_dags/example_branch_labels.py
[2025-03-07T10:57:02.208+0000] {logging_mixin.py:190} INFO - [2025-03-07T10:57:02.208+0000] {dag.py:3239} INFO - Sync 1 DAGs
[2025-03-07T10:57:02.260+0000] {logging_mixin.py:190} INFO - [2025-03-07T10:57:02.260+0000] {dag.py:4180} INFO - Setting next_dagrun for example_branch_labels to 2025-03-06 00:00:00+00:00, run_after=2025-03-07 00:00:00+00:00
[2025-03-07T10:57:02.294+0000] {processor.py:208} INFO - Processing /home/airflow/.local/lib/python3.12/site-packages/airflow/example_dags/example_branch_labels.py took 0.163 seconds
[2025-03-07T10:57:32.431+0000] {processor.py:186} INFO - Started process (PID=1096) to work on /home/airflow/.local/lib/python3.12/site-packages/airflow/example_dags/example_branch_labels.py
[2025-03-07T10:57:32.433+0000] {processor.py:914} INFO - Processing file /home/airflow/.local/lib/python3.12/site-packages/airflow/example_dags/example_branch_labels.py for tasks to queue
[2025-03-07T10:57:32.436+0000] {logging_mixin.py:190} INFO - [2025-03-07T10:57:32.435+0000] {dagbag.py:588} INFO - Filling up the DagBag from /home/airflow/.local/lib/python3.12/site-packages/airflow/example_dags/example_branch_labels.py
[2025-03-07T10:57:32.457+0000] {processor.py:925} INFO - DAG(s) 'example_branch_labels' retrieved from /home/airflow/.local/lib/python3.12/site-packages/airflow/example_dags/example_branch_labels.py
[2025-03-07T10:57:32.486+0000] {logging_mixin.py:190} INFO - [2025-03-07T10:57:32.485+0000] {dag.py:3239} INFO - Sync 1 DAGs
[2025-03-07T10:57:32.518+0000] {logging_mixin.py:190} INFO - [2025-03-07T10:57:32.518+0000] {dag.py:4180} INFO - Setting next_dagrun for example_branch_labels to 2025-03-06 00:00:00+00:00, run_after=2025-03-07 00:00:00+00:00
[2025-03-07T10:57:32.544+0000] {processor.py:208} INFO - Processing /home/airflow/.local/lib/python3.12/site-packages/airflow/example_dags/example_branch_labels.py took 0.121 seconds
[2025-03-07T10:58:02.778+0000] {processor.py:186} INFO - Started process (PID=1159) to work on /home/airflow/.local/lib/python3.12/site-packages/airflow/example_dags/example_branch_labels.py
[2025-03-07T10:58:02.781+0000] {processor.py:914} INFO - Processing file /home/airflow/.local/lib/python3.12/site-packages/airflow/example_dags/example_branch_labels.py for tasks to queue
[2025-03-07T10:58:02.785+0000] {logging_mixin.py:190} INFO - [2025-03-07T10:58:02.784+0000] {dagbag.py:588} INFO - Filling up the DagBag from /home/airflow/.local/lib/python3.12/site-packages/airflow/example_dags/example_branch_labels.py
[2025-03-07T10:58:02.804+0000] {processor.py:925} INFO - DAG(s) 'example_branch_labels' retrieved from /home/airflow/.local/lib/python3.12/site-packages/airflow/example_dags/example_branch_labels.py
[2025-03-07T10:58:02.846+0000] {logging_mixin.py:190} INFO - [2025-03-07T10:58:02.846+0000] {dag.py:3239} INFO - Sync 1 DAGs
[2025-03-07T10:58:02.894+0000] {logging_mixin.py:190} INFO - [2025-03-07T10:58:02.894+0000] {dag.py:4180} INFO - Setting next_dagrun for example_branch_labels to 2025-03-06 00:00:00+00:00, run_after=2025-03-07 00:00:00+00:00
[2025-03-07T10:58:02.927+0000] {processor.py:208} INFO - Processing /home/airflow/.local/lib/python3.12/site-packages/airflow/example_dags/example_branch_labels.py took 0.164 seconds
[2025-03-07T10:58:33.084+0000] {processor.py:186} INFO - Started process (PID=1222) to work on /home/airflow/.local/lib/python3.12/site-packages/airflow/example_dags/example_branch_labels.py
[2025-03-07T10:58:33.088+0000] {processor.py:914} INFO - Processing file /home/airflow/.local/lib/python3.12/site-packages/airflow/example_dags/example_branch_labels.py for tasks to queue
[2025-03-07T10:58:33.098+0000] {logging_mixin.py:190} INFO - [2025-03-07T10:58:33.097+0000] {dagbag.py:588} INFO - Filling up the DagBag from /home/airflow/.local/lib/python3.12/site-packages/airflow/example_dags/example_branch_labels.py
[2025-03-07T10:58:33.139+0000] {processor.py:925} INFO - DAG(s) 'example_branch_labels' retrieved from /home/airflow/.local/lib/python3.12/site-packages/airflow/example_dags/example_branch_labels.py
[2025-03-07T10:58:33.174+0000] {logging_mixin.py:190} INFO - [2025-03-07T10:58:33.174+0000] {dag.py:3239} INFO - Sync 1 DAGs
[2025-03-07T10:58:33.226+0000] {logging_mixin.py:190} INFO - [2025-03-07T10:58:33.225+0000] {dag.py:4180} INFO - Setting next_dagrun for example_branch_labels to 2025-03-06 00:00:00+00:00, run_after=2025-03-07 00:00:00+00:00
[2025-03-07T10:58:33.258+0000] {processor.py:208} INFO - Processing /home/airflow/.local/lib/python3.12/site-packages/airflow/example_dags/example_branch_labels.py took 0.191 seconds
[2025-03-07T10:59:03.582+0000] {processor.py:186} INFO - Started process (PID=1285) to work on /home/airflow/.local/lib/python3.12/site-packages/airflow/example_dags/example_branch_labels.py
[2025-03-07T10:59:03.584+0000] {processor.py:914} INFO - Processing file /home/airflow/.local/lib/python3.12/site-packages/airflow/example_dags/example_branch_labels.py for tasks to queue
[2025-03-07T10:59:03.588+0000] {logging_mixin.py:190} INFO - [2025-03-07T10:59:03.587+0000] {dagbag.py:588} INFO - Filling up the DagBag from /home/airflow/.local/lib/python3.12/site-packages/airflow/example_dags/example_branch_labels.py
[2025-03-07T10:59:03.607+0000] {processor.py:925} INFO - DAG(s) 'example_branch_labels' retrieved from /home/airflow/.local/lib/python3.12/site-packages/airflow/example_dags/example_branch_labels.py
[2025-03-07T10:59:03.645+0000] {logging_mixin.py:190} INFO - [2025-03-07T10:59:03.645+0000] {dag.py:3239} INFO - Sync 1 DAGs
[2025-03-07T10:59:03.704+0000] {logging_mixin.py:190} INFO - [2025-03-07T10:59:03.704+0000] {dag.py:4180} INFO - Setting next_dagrun for example_branch_labels to 2025-03-06 00:00:00+00:00, run_after=2025-03-07 00:00:00+00:00
[2025-03-07T10:59:03.741+0000] {processor.py:208} INFO - Processing /home/airflow/.local/lib/python3.12/site-packages/airflow/example_dags/example_branch_labels.py took 0.174 seconds
[2025-03-07T10:59:34.255+0000] {processor.py:186} INFO - Started process (PID=1354) to work on /home/airflow/.local/lib/python3.12/site-packages/airflow/example_dags/example_branch_labels.py
[2025-03-07T10:59:34.257+0000] {processor.py:914} INFO - Processing file /home/airflow/.local/lib/python3.12/site-packages/airflow/example_dags/example_branch_labels.py for tasks to queue
[2025-03-07T10:59:34.262+0000] {logging_mixin.py:190} INFO - [2025-03-07T10:59:34.261+0000] {dagbag.py:588} INFO - Filling up the DagBag from /home/airflow/.local/lib/python3.12/site-packages/airflow/example_dags/example_branch_labels.py
[2025-03-07T10:59:34.275+0000] {processor.py:925} INFO - DAG(s) 'example_branch_labels' retrieved from /home/airflow/.local/lib/python3.12/site-packages/airflow/example_dags/example_branch_labels.py
[2025-03-07T10:59:34.301+0000] {logging_mixin.py:190} INFO - [2025-03-07T10:59:34.301+0000] {dag.py:3239} INFO - Sync 1 DAGs
[2025-03-07T10:59:34.336+0000] {logging_mixin.py:190} INFO - [2025-03-07T10:59:34.336+0000] {dag.py:4180} INFO - Setting next_dagrun for example_branch_labels to 2025-03-06 00:00:00+00:00, run_after=2025-03-07 00:00:00+00:00
[2025-03-07T10:59:34.369+0000] {processor.py:208} INFO - Processing /home/airflow/.local/lib/python3.12/site-packages/airflow/example_dags/example_branch_labels.py took 0.123 seconds
[2025-03-07T11:00:04.892+0000] {processor.py:186} INFO - Started process (PID=1416) to work on /home/airflow/.local/lib/python3.12/site-packages/airflow/example_dags/example_branch_labels.py
[2025-03-07T11:00:04.894+0000] {processor.py:914} INFO - Processing file /home/airflow/.local/lib/python3.12/site-packages/airflow/example_dags/example_branch_labels.py for tasks to queue
[2025-03-07T11:00:04.899+0000] {logging_mixin.py:190} INFO - [2025-03-07T11:00:04.898+0000] {dagbag.py:588} INFO - Filling up the DagBag from /home/airflow/.local/lib/python3.12/site-packages/airflow/example_dags/example_branch_labels.py
[2025-03-07T11:00:04.917+0000] {processor.py:925} INFO - DAG(s) 'example_branch_labels' retrieved from /home/airflow/.local/lib/python3.12/site-packages/airflow/example_dags/example_branch_labels.py
[2025-03-07T11:00:04.952+0000] {logging_mixin.py:190} INFO - [2025-03-07T11:00:04.951+0000] {dag.py:3239} INFO - Sync 1 DAGs
[2025-03-07T11:00:04.997+0000] {logging_mixin.py:190} INFO - [2025-03-07T11:00:04.997+0000] {dag.py:4180} INFO - Setting next_dagrun for example_branch_labels to 2025-03-06 00:00:00+00:00, run_after=2025-03-07 00:00:00+00:00
[2025-03-07T11:00:05.025+0000] {processor.py:208} INFO - Processing /home/airflow/.local/lib/python3.12/site-packages/airflow/example_dags/example_branch_labels.py took 0.145 seconds
[2025-03-07T11:00:36.784+0000] {processor.py:186} INFO - Started process (PID=1480) to work on /home/airflow/.local/lib/python3.12/site-packages/airflow/example_dags/example_branch_labels.py
[2025-03-07T11:00:36.786+0000] {processor.py:914} INFO - Processing file /home/airflow/.local/lib/python3.12/site-packages/airflow/example_dags/example_branch_labels.py for tasks to queue
[2025-03-07T11:00:36.789+0000] {logging_mixin.py:190} INFO - [2025-03-07T11:00:36.788+0000] {dagbag.py:588} INFO - Filling up the DagBag from /home/airflow/.local/lib/python3.12/site-packages/airflow/example_dags/example_branch_labels.py
[2025-03-07T11:00:36.802+0000] {processor.py:925} INFO - DAG(s) 'example_branch_labels' retrieved from /home/airflow/.local/lib/python3.12/site-packages/airflow/example_dags/example_branch_labels.py
[2025-03-07T11:00:36.831+0000] {logging_mixin.py:190} INFO - [2025-03-07T11:00:36.831+0000] {dag.py:3239} INFO - Sync 1 DAGs
[2025-03-07T11:00:36.869+0000] {logging_mixin.py:190} INFO - [2025-03-07T11:00:36.868+0000] {dag.py:4180} INFO - Setting next_dagrun for example_branch_labels to 2025-03-06 00:00:00+00:00, run_after=2025-03-07 00:00:00+00:00
[2025-03-07T11:00:36.896+0000] {processor.py:208} INFO - Processing /home/airflow/.local/lib/python3.12/site-packages/airflow/example_dags/example_branch_labels.py took 0.122 seconds
[2025-03-07T11:01:07.308+0000] {processor.py:186} INFO - Started process (PID=1536) to work on /home/airflow/.local/lib/python3.12/site-packages/airflow/example_dags/example_branch_labels.py
[2025-03-07T11:01:07.309+0000] {processor.py:914} INFO - Processing file /home/airflow/.local/lib/python3.12/site-packages/airflow/example_dags/example_branch_labels.py for tasks to queue
[2025-03-07T11:01:07.312+0000] {logging_mixin.py:190} INFO - [2025-03-07T11:01:07.311+0000] {dagbag.py:588} INFO - Filling up the DagBag from /home/airflow/.local/lib/python3.12/site-packages/airflow/example_dags/example_branch_labels.py
[2025-03-07T11:01:07.323+0000] {processor.py:925} INFO - DAG(s) 'example_branch_labels' retrieved from /home/airflow/.local/lib/python3.12/site-packages/airflow/example_dags/example_branch_labels.py
[2025-03-07T11:01:07.345+0000] {logging_mixin.py:190} INFO - [2025-03-07T11:01:07.344+0000] {dag.py:3239} INFO - Sync 1 DAGs
[2025-03-07T11:01:07.374+0000] {logging_mixin.py:190} INFO - [2025-03-07T11:01:07.373+0000] {dag.py:4180} INFO - Setting next_dagrun for example_branch_labels to 2025-03-06 00:00:00+00:00, run_after=2025-03-07 00:00:00+00:00
[2025-03-07T11:01:07.394+0000] {processor.py:208} INFO - Processing /home/airflow/.local/lib/python3.12/site-packages/airflow/example_dags/example_branch_labels.py took 0.093 seconds
[2025-03-07T11:01:38.182+0000] {processor.py:186} INFO - Started process (PID=1599) to work on /home/airflow/.local/lib/python3.12/site-packages/airflow/example_dags/example_branch_labels.py
[2025-03-07T11:01:38.184+0000] {processor.py:914} INFO - Processing file /home/airflow/.local/lib/python3.12/site-packages/airflow/example_dags/example_branch_labels.py for tasks to queue
[2025-03-07T11:01:38.187+0000] {logging_mixin.py:190} INFO - [2025-03-07T11:01:38.187+0000] {dagbag.py:588} INFO - Filling up the DagBag from /home/airflow/.local/lib/python3.12/site-packages/airflow/example_dags/example_branch_labels.py
[2025-03-07T11:01:38.207+0000] {processor.py:925} INFO - DAG(s) 'example_branch_labels' retrieved from /home/airflow/.local/lib/python3.12/site-packages/airflow/example_dags/example_branch_labels.py
[2025-03-07T11:01:38.244+0000] {logging_mixin.py:190} INFO - [2025-03-07T11:01:38.244+0000] {dag.py:3239} INFO - Sync 1 DAGs
[2025-03-07T11:01:38.293+0000] {logging_mixin.py:190} INFO - [2025-03-07T11:01:38.292+0000] {dag.py:4180} INFO - Setting next_dagrun for example_branch_labels to 2025-03-06 00:00:00+00:00, run_after=2025-03-07 00:00:00+00:00
[2025-03-07T11:01:38.322+0000] {processor.py:208} INFO - Processing /home/airflow/.local/lib/python3.12/site-packages/airflow/example_dags/example_branch_labels.py took 0.149 seconds
[2025-03-07T11:02:11.831+0000] {processor.py:186} INFO - Started process (PID=1661) to work on /home/airflow/.local/lib/python3.12/site-packages/airflow/example_dags/example_branch_labels.py
[2025-03-07T11:02:11.834+0000] {processor.py:914} INFO - Processing file /home/airflow/.local/lib/python3.12/site-packages/airflow/example_dags/example_branch_labels.py for tasks to queue
[2025-03-07T11:02:11.841+0000] {logging_mixin.py:190} INFO - [2025-03-07T11:02:11.841+0000] {dagbag.py:588} INFO - Filling up the DagBag from /home/airflow/.local/lib/python3.12/site-packages/airflow/example_dags/example_branch_labels.py
[2025-03-07T11:02:11.863+0000] {processor.py:925} INFO - DAG(s) 'example_branch_labels' retrieved from /home/airflow/.local/lib/python3.12/site-packages/airflow/example_dags/example_branch_labels.py
[2025-03-07T11:02:11.928+0000] {logging_mixin.py:190} INFO - [2025-03-07T11:02:11.927+0000] {dag.py:3239} INFO - Sync 1 DAGs
[2025-03-07T11:02:12.008+0000] {logging_mixin.py:190} INFO - [2025-03-07T11:02:12.008+0000] {dag.py:4180} INFO - Setting next_dagrun for example_branch_labels to 2025-03-06 00:00:00+00:00, run_after=2025-03-07 00:00:00+00:00
[2025-03-07T11:02:12.063+0000] {processor.py:208} INFO - Processing /home/airflow/.local/lib/python3.12/site-packages/airflow/example_dags/example_branch_labels.py took 0.250 seconds
[2025-03-07T11:03:06.642+0000] {processor.py:186} INFO - Started process (PID=1730) to work on /home/airflow/.local/lib/python3.12/site-packages/airflow/example_dags/example_branch_labels.py
[2025-03-07T11:03:06.660+0000] {processor.py:914} INFO - Processing file /home/airflow/.local/lib/python3.12/site-packages/airflow/example_dags/example_branch_labels.py for tasks to queue
[2025-03-07T11:03:06.722+0000] {logging_mixin.py:190} INFO - [2025-03-07T11:03:06.721+0000] {dagbag.py:588} INFO - Filling up the DagBag from /home/airflow/.local/lib/python3.12/site-packages/airflow/example_dags/example_branch_labels.py
[2025-03-07T11:03:06.865+0000] {processor.py:925} INFO - DAG(s) 'example_branch_labels' retrieved from /home/airflow/.local/lib/python3.12/site-packages/airflow/example_dags/example_branch_labels.py
[2025-03-07T11:03:07.015+0000] {logging_mixin.py:190} INFO - [2025-03-07T11:03:07.015+0000] {dag.py:3239} INFO - Sync 1 DAGs
[2025-03-07T11:03:07.180+0000] {logging_mixin.py:190} INFO - [2025-03-07T11:03:07.180+0000] {dag.py:4180} INFO - Setting next_dagrun for example_branch_labels to 2025-03-06 00:00:00+00:00, run_after=2025-03-07 00:00:00+00:00
[2025-03-07T11:03:07.321+0000] {processor.py:208} INFO - Processing /home/airflow/.local/lib/python3.12/site-packages/airflow/example_dags/example_branch_labels.py took 0.701 seconds
[2025-03-07T11:03:52.803+0000] {processor.py:186} INFO - Started process (PID=1784) to work on /home/airflow/.local/lib/python3.12/site-packages/airflow/example_dags/example_branch_labels.py
[2025-03-07T11:03:52.849+0000] {processor.py:914} INFO - Processing file /home/airflow/.local/lib/python3.12/site-packages/airflow/example_dags/example_branch_labels.py for tasks to queue
[2025-03-07T11:03:52.898+0000] {logging_mixin.py:190} INFO - [2025-03-07T11:03:52.898+0000] {dagbag.py:588} INFO - Filling up the DagBag from /home/airflow/.local/lib/python3.12/site-packages/airflow/example_dags/example_branch_labels.py
[2025-03-07T11:03:53.016+0000] {processor.py:925} INFO - DAG(s) 'example_branch_labels' retrieved from /home/airflow/.local/lib/python3.12/site-packages/airflow/example_dags/example_branch_labels.py
[2025-03-07T11:03:53.195+0000] {logging_mixin.py:190} INFO - [2025-03-07T11:03:53.194+0000] {dag.py:3239} INFO - Sync 1 DAGs
[2025-03-07T11:03:53.385+0000] {logging_mixin.py:190} INFO - [2025-03-07T11:03:53.384+0000] {dag.py:4180} INFO - Setting next_dagrun for example_branch_labels to 2025-03-06 00:00:00+00:00, run_after=2025-03-07 00:00:00+00:00
[2025-03-07T11:03:53.618+0000] {processor.py:208} INFO - Processing /home/airflow/.local/lib/python3.12/site-packages/airflow/example_dags/example_branch_labels.py took 0.838 seconds
[2025-03-07T11:04:36.841+0000] {processor.py:186} INFO - Started process (PID=1850) to work on /home/airflow/.local/lib/python3.12/site-packages/airflow/example_dags/example_branch_labels.py
[2025-03-07T11:04:36.849+0000] {processor.py:914} INFO - Processing file /home/airflow/.local/lib/python3.12/site-packages/airflow/example_dags/example_branch_labels.py for tasks to queue
[2025-03-07T11:04:36.911+0000] {logging_mixin.py:190} INFO - [2025-03-07T11:04:36.910+0000] {dagbag.py:588} INFO - Filling up the DagBag from /home/airflow/.local/lib/python3.12/site-packages/airflow/example_dags/example_branch_labels.py
[2025-03-07T11:04:36.978+0000] {processor.py:925} INFO - DAG(s) 'example_branch_labels' retrieved from /home/airflow/.local/lib/python3.12/site-packages/airflow/example_dags/example_branch_labels.py
[2025-03-07T11:04:37.114+0000] {logging_mixin.py:190} INFO - [2025-03-07T11:04:37.114+0000] {dag.py:3239} INFO - Sync 1 DAGs
[2025-03-07T11:04:37.307+0000] {logging_mixin.py:190} INFO - [2025-03-07T11:04:37.306+0000] {dag.py:4180} INFO - Setting next_dagrun for example_branch_labels to 2025-03-06 00:00:00+00:00, run_after=2025-03-07 00:00:00+00:00
[2025-03-07T11:04:37.431+0000] {processor.py:208} INFO - Processing /home/airflow/.local/lib/python3.12/site-packages/airflow/example_dags/example_branch_labels.py took 0.613 seconds
[2025-03-07T11:05:12.366+0000] {processor.py:186} INFO - Started process (PID=1911) to work on /home/airflow/.local/lib/python3.12/site-packages/airflow/example_dags/example_branch_labels.py
[2025-03-07T11:05:12.382+0000] {processor.py:914} INFO - Processing file /home/airflow/.local/lib/python3.12/site-packages/airflow/example_dags/example_branch_labels.py for tasks to queue
[2025-03-07T11:05:12.386+0000] {logging_mixin.py:190} INFO - [2025-03-07T11:05:12.386+0000] {dagbag.py:588} INFO - Filling up the DagBag from /home/airflow/.local/lib/python3.12/site-packages/airflow/example_dags/example_branch_labels.py
[2025-03-07T11:05:12.433+0000] {processor.py:925} INFO - DAG(s) 'example_branch_labels' retrieved from /home/airflow/.local/lib/python3.12/site-packages/airflow/example_dags/example_branch_labels.py
[2025-03-07T11:05:12.519+0000] {logging_mixin.py:190} INFO - [2025-03-07T11:05:12.518+0000] {dag.py:3239} INFO - Sync 1 DAGs
[2025-03-07T11:05:12.710+0000] {logging_mixin.py:190} INFO - [2025-03-07T11:05:12.709+0000] {dag.py:4180} INFO - Setting next_dagrun for example_branch_labels to 2025-03-06 00:00:00+00:00, run_after=2025-03-07 00:00:00+00:00
[2025-03-07T11:05:12.859+0000] {processor.py:208} INFO - Processing /home/airflow/.local/lib/python3.12/site-packages/airflow/example_dags/example_branch_labels.py took 0.533 seconds
[2025-03-07T11:05:47.419+0000] {processor.py:186} INFO - Started process (PID=1966) to work on /home/airflow/.local/lib/python3.12/site-packages/airflow/example_dags/example_branch_labels.py
[2025-03-07T11:05:47.435+0000] {processor.py:914} INFO - Processing file /home/airflow/.local/lib/python3.12/site-packages/airflow/example_dags/example_branch_labels.py for tasks to queue
[2025-03-07T11:05:47.441+0000] {logging_mixin.py:190} INFO - [2025-03-07T11:05:47.441+0000] {dagbag.py:588} INFO - Filling up the DagBag from /home/airflow/.local/lib/python3.12/site-packages/airflow/example_dags/example_branch_labels.py
[2025-03-07T11:05:47.485+0000] {processor.py:925} INFO - DAG(s) 'example_branch_labels' retrieved from /home/airflow/.local/lib/python3.12/site-packages/airflow/example_dags/example_branch_labels.py
[2025-03-07T11:05:47.667+0000] {logging_mixin.py:190} INFO - [2025-03-07T11:05:47.666+0000] {dag.py:3239} INFO - Sync 1 DAGs
[2025-03-07T11:05:47.946+0000] {logging_mixin.py:190} INFO - [2025-03-07T11:05:47.945+0000] {dag.py:4180} INFO - Setting next_dagrun for example_branch_labels to 2025-03-06 00:00:00+00:00, run_after=2025-03-07 00:00:00+00:00
[2025-03-07T11:05:48.105+0000] {processor.py:208} INFO - Processing /home/airflow/.local/lib/python3.12/site-packages/airflow/example_dags/example_branch_labels.py took 0.717 seconds
[2025-03-07T11:06:18.903+0000] {processor.py:186} INFO - Started process (PID=2029) to work on /home/airflow/.local/lib/python3.12/site-packages/airflow/example_dags/example_branch_labels.py
[2025-03-07T11:06:18.904+0000] {processor.py:914} INFO - Processing file /home/airflow/.local/lib/python3.12/site-packages/airflow/example_dags/example_branch_labels.py for tasks to queue
[2025-03-07T11:06:18.907+0000] {logging_mixin.py:190} INFO - [2025-03-07T11:06:18.907+0000] {dagbag.py:588} INFO - Filling up the DagBag from /home/airflow/.local/lib/python3.12/site-packages/airflow/example_dags/example_branch_labels.py
[2025-03-07T11:06:18.918+0000] {processor.py:925} INFO - DAG(s) 'example_branch_labels' retrieved from /home/airflow/.local/lib/python3.12/site-packages/airflow/example_dags/example_branch_labels.py
[2025-03-07T11:06:18.940+0000] {logging_mixin.py:190} INFO - [2025-03-07T11:06:18.939+0000] {dag.py:3239} INFO - Sync 1 DAGs
[2025-03-07T11:06:18.965+0000] {logging_mixin.py:190} INFO - [2025-03-07T11:06:18.965+0000] {dag.py:4180} INFO - Setting next_dagrun for example_branch_labels to 2025-03-06 00:00:00+00:00, run_after=2025-03-07 00:00:00+00:00
[2025-03-07T11:06:18.989+0000] {processor.py:208} INFO - Processing /home/airflow/.local/lib/python3.12/site-packages/airflow/example_dags/example_branch_labels.py took 0.093 seconds
[2025-03-07T11:06:49.071+0000] {processor.py:186} INFO - Started process (PID=2091) to work on /home/airflow/.local/lib/python3.12/site-packages/airflow/example_dags/example_branch_labels.py
[2025-03-07T11:06:49.072+0000] {processor.py:914} INFO - Processing file /home/airflow/.local/lib/python3.12/site-packages/airflow/example_dags/example_branch_labels.py for tasks to queue
[2025-03-07T11:06:49.078+0000] {logging_mixin.py:190} INFO - [2025-03-07T11:06:49.077+0000] {dagbag.py:588} INFO - Filling up the DagBag from /home/airflow/.local/lib/python3.12/site-packages/airflow/example_dags/example_branch_labels.py
[2025-03-07T11:06:49.098+0000] {processor.py:925} INFO - DAG(s) 'example_branch_labels' retrieved from /home/airflow/.local/lib/python3.12/site-packages/airflow/example_dags/example_branch_labels.py
[2025-03-07T11:06:49.150+0000] {logging_mixin.py:190} INFO - [2025-03-07T11:06:49.150+0000] {dag.py:3239} INFO - Sync 1 DAGs
[2025-03-07T11:06:49.256+0000] {logging_mixin.py:190} INFO - [2025-03-07T11:06:49.255+0000] {dag.py:4180} INFO - Setting next_dagrun for example_branch_labels to 2025-03-06 00:00:00+00:00, run_after=2025-03-07 00:00:00+00:00
[2025-03-07T11:06:49.368+0000] {processor.py:208} INFO - Processing /home/airflow/.local/lib/python3.12/site-packages/airflow/example_dags/example_branch_labels.py took 0.307 seconds
[2025-03-07T11:07:19.702+0000] {processor.py:186} INFO - Started process (PID=2154) to work on /home/airflow/.local/lib/python3.12/site-packages/airflow/example_dags/example_branch_labels.py
[2025-03-07T11:07:19.704+0000] {processor.py:914} INFO - Processing file /home/airflow/.local/lib/python3.12/site-packages/airflow/example_dags/example_branch_labels.py for tasks to queue
[2025-03-07T11:07:19.711+0000] {logging_mixin.py:190} INFO - [2025-03-07T11:07:19.710+0000] {dagbag.py:588} INFO - Filling up the DagBag from /home/airflow/.local/lib/python3.12/site-packages/airflow/example_dags/example_branch_labels.py
[2025-03-07T11:07:19.732+0000] {processor.py:925} INFO - DAG(s) 'example_branch_labels' retrieved from /home/airflow/.local/lib/python3.12/site-packages/airflow/example_dags/example_branch_labels.py
[2025-03-07T11:07:19.783+0000] {logging_mixin.py:190} INFO - [2025-03-07T11:07:19.782+0000] {dag.py:3239} INFO - Sync 1 DAGs
[2025-03-07T11:07:19.887+0000] {logging_mixin.py:190} INFO - [2025-03-07T11:07:19.886+0000] {dag.py:4180} INFO - Setting next_dagrun for example_branch_labels to 2025-03-06 00:00:00+00:00, run_after=2025-03-07 00:00:00+00:00
[2025-03-07T11:07:19.957+0000] {processor.py:208} INFO - Processing /home/airflow/.local/lib/python3.12/site-packages/airflow/example_dags/example_branch_labels.py took 0.269 seconds
[2025-03-07T11:07:50.615+0000] {processor.py:186} INFO - Started process (PID=2216) to work on /home/airflow/.local/lib/python3.12/site-packages/airflow/example_dags/example_branch_labels.py
[2025-03-07T11:07:50.617+0000] {processor.py:914} INFO - Processing file /home/airflow/.local/lib/python3.12/site-packages/airflow/example_dags/example_branch_labels.py for tasks to queue
[2025-03-07T11:07:50.622+0000] {logging_mixin.py:190} INFO - [2025-03-07T11:07:50.621+0000] {dagbag.py:588} INFO - Filling up the DagBag from /home/airflow/.local/lib/python3.12/site-packages/airflow/example_dags/example_branch_labels.py
[2025-03-07T11:07:50.638+0000] {processor.py:925} INFO - DAG(s) 'example_branch_labels' retrieved from /home/airflow/.local/lib/python3.12/site-packages/airflow/example_dags/example_branch_labels.py
[2025-03-07T11:07:50.671+0000] {logging_mixin.py:190} INFO - [2025-03-07T11:07:50.671+0000] {dag.py:3239} INFO - Sync 1 DAGs
[2025-03-07T11:07:50.711+0000] {logging_mixin.py:190} INFO - [2025-03-07T11:07:50.710+0000] {dag.py:4180} INFO - Setting next_dagrun for example_branch_labels to 2025-03-06 00:00:00+00:00, run_after=2025-03-07 00:00:00+00:00
[2025-03-07T11:07:50.741+0000] {processor.py:208} INFO - Processing /home/airflow/.local/lib/python3.12/site-packages/airflow/example_dags/example_branch_labels.py took 0.134 seconds
[2025-03-07T11:08:21.499+0000] {processor.py:186} INFO - Started process (PID=2278) to work on /home/airflow/.local/lib/python3.12/site-packages/airflow/example_dags/example_branch_labels.py
[2025-03-07T11:08:21.500+0000] {processor.py:914} INFO - Processing file /home/airflow/.local/lib/python3.12/site-packages/airflow/example_dags/example_branch_labels.py for tasks to queue
[2025-03-07T11:08:21.502+0000] {logging_mixin.py:190} INFO - [2025-03-07T11:08:21.502+0000] {dagbag.py:588} INFO - Filling up the DagBag from /home/airflow/.local/lib/python3.12/site-packages/airflow/example_dags/example_branch_labels.py
[2025-03-07T11:08:21.514+0000] {processor.py:925} INFO - DAG(s) 'example_branch_labels' retrieved from /home/airflow/.local/lib/python3.12/site-packages/airflow/example_dags/example_branch_labels.py
[2025-03-07T11:08:21.536+0000] {logging_mixin.py:190} INFO - [2025-03-07T11:08:21.536+0000] {dag.py:3239} INFO - Sync 1 DAGs
[2025-03-07T11:08:21.568+0000] {logging_mixin.py:190} INFO - [2025-03-07T11:08:21.567+0000] {dag.py:4180} INFO - Setting next_dagrun for example_branch_labels to 2025-03-06 00:00:00+00:00, run_after=2025-03-07 00:00:00+00:00
[2025-03-07T11:08:21.589+0000] {processor.py:208} INFO - Processing /home/airflow/.local/lib/python3.12/site-packages/airflow/example_dags/example_branch_labels.py took 0.097 seconds
[2025-03-07T11:08:51.997+0000] {processor.py:186} INFO - Started process (PID=2341) to work on /home/airflow/.local/lib/python3.12/site-packages/airflow/example_dags/example_branch_labels.py
[2025-03-07T11:08:51.998+0000] {processor.py:914} INFO - Processing file /home/airflow/.local/lib/python3.12/site-packages/airflow/example_dags/example_branch_labels.py for tasks to queue
[2025-03-07T11:08:52.001+0000] {logging_mixin.py:190} INFO - [2025-03-07T11:08:52.000+0000] {dagbag.py:588} INFO - Filling up the DagBag from /home/airflow/.local/lib/python3.12/site-packages/airflow/example_dags/example_branch_labels.py
[2025-03-07T11:08:52.014+0000] {processor.py:925} INFO - DAG(s) 'example_branch_labels' retrieved from /home/airflow/.local/lib/python3.12/site-packages/airflow/example_dags/example_branch_labels.py
[2025-03-07T11:08:52.045+0000] {logging_mixin.py:190} INFO - [2025-03-07T11:08:52.044+0000] {dag.py:3239} INFO - Sync 1 DAGs
[2025-03-07T11:08:52.081+0000] {logging_mixin.py:190} INFO - [2025-03-07T11:08:52.080+0000] {dag.py:4180} INFO - Setting next_dagrun for example_branch_labels to 2025-03-06 00:00:00+00:00, run_after=2025-03-07 00:00:00+00:00
[2025-03-07T11:08:52.105+0000] {processor.py:208} INFO - Processing /home/airflow/.local/lib/python3.12/site-packages/airflow/example_dags/example_branch_labels.py took 0.116 seconds
[2025-03-07T11:09:22.281+0000] {processor.py:186} INFO - Started process (PID=2404) to work on /home/airflow/.local/lib/python3.12/site-packages/airflow/example_dags/example_branch_labels.py
[2025-03-07T11:09:22.282+0000] {processor.py:914} INFO - Processing file /home/airflow/.local/lib/python3.12/site-packages/airflow/example_dags/example_branch_labels.py for tasks to queue
[2025-03-07T11:09:22.286+0000] {logging_mixin.py:190} INFO - [2025-03-07T11:09:22.285+0000] {dagbag.py:588} INFO - Filling up the DagBag from /home/airflow/.local/lib/python3.12/site-packages/airflow/example_dags/example_branch_labels.py
[2025-03-07T11:09:22.299+0000] {processor.py:925} INFO - DAG(s) 'example_branch_labels' retrieved from /home/airflow/.local/lib/python3.12/site-packages/airflow/example_dags/example_branch_labels.py
[2025-03-07T11:09:22.324+0000] {logging_mixin.py:190} INFO - [2025-03-07T11:09:22.323+0000] {dag.py:3239} INFO - Sync 1 DAGs
[2025-03-07T11:09:22.358+0000] {logging_mixin.py:190} INFO - [2025-03-07T11:09:22.357+0000] {dag.py:4180} INFO - Setting next_dagrun for example_branch_labels to 2025-03-06 00:00:00+00:00, run_after=2025-03-07 00:00:00+00:00
[2025-03-07T11:09:22.383+0000] {processor.py:208} INFO - Processing /home/airflow/.local/lib/python3.12/site-packages/airflow/example_dags/example_branch_labels.py took 0.109 seconds
[2025-03-07T11:09:52.505+0000] {processor.py:186} INFO - Started process (PID=2466) to work on /home/airflow/.local/lib/python3.12/site-packages/airflow/example_dags/example_branch_labels.py
[2025-03-07T11:09:52.508+0000] {processor.py:914} INFO - Processing file /home/airflow/.local/lib/python3.12/site-packages/airflow/example_dags/example_branch_labels.py for tasks to queue
[2025-03-07T11:09:52.530+0000] {logging_mixin.py:190} INFO - [2025-03-07T11:09:52.522+0000] {dagbag.py:588} INFO - Filling up the DagBag from /home/airflow/.local/lib/python3.12/site-packages/airflow/example_dags/example_branch_labels.py
[2025-03-07T11:09:52.573+0000] {processor.py:925} INFO - DAG(s) 'example_branch_labels' retrieved from /home/airflow/.local/lib/python3.12/site-packages/airflow/example_dags/example_branch_labels.py
[2025-03-07T11:09:52.651+0000] {logging_mixin.py:190} INFO - [2025-03-07T11:09:52.651+0000] {dag.py:3239} INFO - Sync 1 DAGs
[2025-03-07T11:09:52.811+0000] {logging_mixin.py:190} INFO - [2025-03-07T11:09:52.810+0000] {dag.py:4180} INFO - Setting next_dagrun for example_branch_labels to 2025-03-06 00:00:00+00:00, run_after=2025-03-07 00:00:00+00:00
[2025-03-07T11:09:52.874+0000] {processor.py:208} INFO - Processing /home/airflow/.local/lib/python3.12/site-packages/airflow/example_dags/example_branch_labels.py took 0.396 seconds
[2025-03-07T11:10:23.215+0000] {processor.py:186} INFO - Started process (PID=2529) to work on /home/airflow/.local/lib/python3.12/site-packages/airflow/example_dags/example_branch_labels.py
[2025-03-07T11:10:23.217+0000] {processor.py:914} INFO - Processing file /home/airflow/.local/lib/python3.12/site-packages/airflow/example_dags/example_branch_labels.py for tasks to queue
[2025-03-07T11:10:23.222+0000] {logging_mixin.py:190} INFO - [2025-03-07T11:10:23.221+0000] {dagbag.py:588} INFO - Filling up the DagBag from /home/airflow/.local/lib/python3.12/site-packages/airflow/example_dags/example_branch_labels.py
[2025-03-07T11:10:23.236+0000] {processor.py:925} INFO - DAG(s) 'example_branch_labels' retrieved from /home/airflow/.local/lib/python3.12/site-packages/airflow/example_dags/example_branch_labels.py
[2025-03-07T11:10:23.263+0000] {logging_mixin.py:190} INFO - [2025-03-07T11:10:23.263+0000] {dag.py:3239} INFO - Sync 1 DAGs
[2025-03-07T11:10:23.302+0000] {logging_mixin.py:190} INFO - [2025-03-07T11:10:23.302+0000] {dag.py:4180} INFO - Setting next_dagrun for example_branch_labels to 2025-03-06 00:00:00+00:00, run_after=2025-03-07 00:00:00+00:00
[2025-03-07T11:10:23.328+0000] {processor.py:208} INFO - Processing /home/airflow/.local/lib/python3.12/site-packages/airflow/example_dags/example_branch_labels.py took 0.123 seconds
[2025-03-07T11:10:53.389+0000] {processor.py:186} INFO - Started process (PID=2592) to work on /home/airflow/.local/lib/python3.12/site-packages/airflow/example_dags/example_branch_labels.py
[2025-03-07T11:10:53.390+0000] {processor.py:914} INFO - Processing file /home/airflow/.local/lib/python3.12/site-packages/airflow/example_dags/example_branch_labels.py for tasks to queue
[2025-03-07T11:10:53.393+0000] {logging_mixin.py:190} INFO - [2025-03-07T11:10:53.392+0000] {dagbag.py:588} INFO - Filling up the DagBag from /home/airflow/.local/lib/python3.12/site-packages/airflow/example_dags/example_branch_labels.py
[2025-03-07T11:10:53.402+0000] {processor.py:925} INFO - DAG(s) 'example_branch_labels' retrieved from /home/airflow/.local/lib/python3.12/site-packages/airflow/example_dags/example_branch_labels.py
[2025-03-07T11:10:53.423+0000] {logging_mixin.py:190} INFO - [2025-03-07T11:10:53.423+0000] {dag.py:3239} INFO - Sync 1 DAGs
[2025-03-07T11:10:53.450+0000] {logging_mixin.py:190} INFO - [2025-03-07T11:10:53.450+0000] {dag.py:4180} INFO - Setting next_dagrun for example_branch_labels to 2025-03-06 00:00:00+00:00, run_after=2025-03-07 00:00:00+00:00
[2025-03-07T11:10:53.470+0000] {processor.py:208} INFO - Processing /home/airflow/.local/lib/python3.12/site-packages/airflow/example_dags/example_branch_labels.py took 0.087 seconds
[2025-03-07T11:11:23.601+0000] {processor.py:186} INFO - Started process (PID=2654) to work on /home/airflow/.local/lib/python3.12/site-packages/airflow/example_dags/example_branch_labels.py
[2025-03-07T11:11:23.602+0000] {processor.py:914} INFO - Processing file /home/airflow/.local/lib/python3.12/site-packages/airflow/example_dags/example_branch_labels.py for tasks to queue
[2025-03-07T11:11:23.605+0000] {logging_mixin.py:190} INFO - [2025-03-07T11:11:23.605+0000] {dagbag.py:588} INFO - Filling up the DagBag from /home/airflow/.local/lib/python3.12/site-packages/airflow/example_dags/example_branch_labels.py
[2025-03-07T11:11:23.627+0000] {processor.py:925} INFO - DAG(s) 'example_branch_labels' retrieved from /home/airflow/.local/lib/python3.12/site-packages/airflow/example_dags/example_branch_labels.py
[2025-03-07T11:11:23.661+0000] {logging_mixin.py:190} INFO - [2025-03-07T11:11:23.660+0000] {dag.py:3239} INFO - Sync 1 DAGs
[2025-03-07T11:11:23.722+0000] {logging_mixin.py:190} INFO - [2025-03-07T11:11:23.722+0000] {dag.py:4180} INFO - Setting next_dagrun for example_branch_labels to 2025-03-06 00:00:00+00:00, run_after=2025-03-07 00:00:00+00:00
[2025-03-07T11:11:23.759+0000] {processor.py:208} INFO - Processing /home/airflow/.local/lib/python3.12/site-packages/airflow/example_dags/example_branch_labels.py took 0.170 seconds
[2025-03-07T11:11:54.447+0000] {processor.py:186} INFO - Started process (PID=2717) to work on /home/airflow/.local/lib/python3.12/site-packages/airflow/example_dags/example_branch_labels.py
[2025-03-07T11:11:54.448+0000] {processor.py:914} INFO - Processing file /home/airflow/.local/lib/python3.12/site-packages/airflow/example_dags/example_branch_labels.py for tasks to queue
[2025-03-07T11:11:54.453+0000] {logging_mixin.py:190} INFO - [2025-03-07T11:11:54.452+0000] {dagbag.py:588} INFO - Filling up the DagBag from /home/airflow/.local/lib/python3.12/site-packages/airflow/example_dags/example_branch_labels.py
[2025-03-07T11:11:54.469+0000] {processor.py:925} INFO - DAG(s) 'example_branch_labels' retrieved from /home/airflow/.local/lib/python3.12/site-packages/airflow/example_dags/example_branch_labels.py
[2025-03-07T11:11:54.516+0000] {logging_mixin.py:190} INFO - [2025-03-07T11:11:54.516+0000] {dag.py:3239} INFO - Sync 1 DAGs
[2025-03-07T11:11:54.610+0000] {logging_mixin.py:190} INFO - [2025-03-07T11:11:54.609+0000] {dag.py:4180} INFO - Setting next_dagrun for example_branch_labels to 2025-03-06 00:00:00+00:00, run_after=2025-03-07 00:00:00+00:00
[2025-03-07T11:11:54.707+0000] {processor.py:208} INFO - Processing /home/airflow/.local/lib/python3.12/site-packages/airflow/example_dags/example_branch_labels.py took 0.272 seconds
[2025-03-07T11:12:25.045+0000] {processor.py:186} INFO - Started process (PID=2780) to work on /home/airflow/.local/lib/python3.12/site-packages/airflow/example_dags/example_branch_labels.py
[2025-03-07T11:12:25.047+0000] {processor.py:914} INFO - Processing file /home/airflow/.local/lib/python3.12/site-packages/airflow/example_dags/example_branch_labels.py for tasks to queue
[2025-03-07T11:12:25.053+0000] {logging_mixin.py:190} INFO - [2025-03-07T11:12:25.052+0000] {dagbag.py:588} INFO - Filling up the DagBag from /home/airflow/.local/lib/python3.12/site-packages/airflow/example_dags/example_branch_labels.py
[2025-03-07T11:12:25.077+0000] {processor.py:925} INFO - DAG(s) 'example_branch_labels' retrieved from /home/airflow/.local/lib/python3.12/site-packages/airflow/example_dags/example_branch_labels.py
[2025-03-07T11:12:25.124+0000] {logging_mixin.py:190} INFO - [2025-03-07T11:12:25.123+0000] {dag.py:3239} INFO - Sync 1 DAGs
[2025-03-07T11:12:25.199+0000] {logging_mixin.py:190} INFO - [2025-03-07T11:12:25.198+0000] {dag.py:4180} INFO - Setting next_dagrun for example_branch_labels to 2025-03-06 00:00:00+00:00, run_after=2025-03-07 00:00:00+00:00
[2025-03-07T11:12:25.252+0000] {processor.py:208} INFO - Processing /home/airflow/.local/lib/python3.12/site-packages/airflow/example_dags/example_branch_labels.py took 0.220 seconds
[2025-03-07T11:12:55.538+0000] {processor.py:186} INFO - Started process (PID=2842) to work on /home/airflow/.local/lib/python3.12/site-packages/airflow/example_dags/example_branch_labels.py
[2025-03-07T11:12:55.540+0000] {processor.py:914} INFO - Processing file /home/airflow/.local/lib/python3.12/site-packages/airflow/example_dags/example_branch_labels.py for tasks to queue
[2025-03-07T11:12:55.546+0000] {logging_mixin.py:190} INFO - [2025-03-07T11:12:55.545+0000] {dagbag.py:588} INFO - Filling up the DagBag from /home/airflow/.local/lib/python3.12/site-packages/airflow/example_dags/example_branch_labels.py
[2025-03-07T11:12:55.568+0000] {processor.py:925} INFO - DAG(s) 'example_branch_labels' retrieved from /home/airflow/.local/lib/python3.12/site-packages/airflow/example_dags/example_branch_labels.py
[2025-03-07T11:12:55.626+0000] {logging_mixin.py:190} INFO - [2025-03-07T11:12:55.625+0000] {dag.py:3239} INFO - Sync 1 DAGs
[2025-03-07T11:12:55.697+0000] {logging_mixin.py:190} INFO - [2025-03-07T11:12:55.697+0000] {dag.py:4180} INFO - Setting next_dagrun for example_branch_labels to 2025-03-06 00:00:00+00:00, run_after=2025-03-07 00:00:00+00:00
[2025-03-07T11:12:55.752+0000] {processor.py:208} INFO - Processing /home/airflow/.local/lib/python3.12/site-packages/airflow/example_dags/example_branch_labels.py took 0.230 seconds
[2025-03-07T11:13:26.404+0000] {processor.py:186} INFO - Started process (PID=2905) to work on /home/airflow/.local/lib/python3.12/site-packages/airflow/example_dags/example_branch_labels.py
[2025-03-07T11:13:26.407+0000] {processor.py:914} INFO - Processing file /home/airflow/.local/lib/python3.12/site-packages/airflow/example_dags/example_branch_labels.py for tasks to queue
[2025-03-07T11:13:26.412+0000] {logging_mixin.py:190} INFO - [2025-03-07T11:13:26.412+0000] {dagbag.py:588} INFO - Filling up the DagBag from /home/airflow/.local/lib/python3.12/site-packages/airflow/example_dags/example_branch_labels.py
[2025-03-07T11:13:26.450+0000] {processor.py:925} INFO - DAG(s) 'example_branch_labels' retrieved from /home/airflow/.local/lib/python3.12/site-packages/airflow/example_dags/example_branch_labels.py
[2025-03-07T11:13:26.526+0000] {logging_mixin.py:190} INFO - [2025-03-07T11:13:26.526+0000] {dag.py:3239} INFO - Sync 1 DAGs
[2025-03-07T11:13:26.636+0000] {logging_mixin.py:190} INFO - [2025-03-07T11:13:26.635+0000] {dag.py:4180} INFO - Setting next_dagrun for example_branch_labels to 2025-03-06 00:00:00+00:00, run_after=2025-03-07 00:00:00+00:00
[2025-03-07T11:13:26.710+0000] {processor.py:208} INFO - Processing /home/airflow/.local/lib/python3.12/site-packages/airflow/example_dags/example_branch_labels.py took 0.334 seconds
