[2025-03-07T10:49:31.703+0000] {processor.py:186} INFO - Started process (PID=110) to work on /home/airflow/.local/lib/python3.12/site-packages/airflow/example_dags/example_python_operator.py
[2025-03-07T10:49:31.705+0000] {processor.py:914} INFO - Processing file /home/airflow/.local/lib/python3.12/site-packages/airflow/example_dags/example_python_operator.py for tasks to queue
[2025-03-07T10:49:31.718+0000] {logging_mixin.py:190} INFO - [2025-03-07T10:49:31.717+0000] {dagbag.py:588} INFO - Filling up the DagBag from /home/airflow/.local/lib/python3.12/site-packages/airflow/example_dags/example_python_operator.py
[2025-03-07T10:49:31.763+0000] {processor.py:925} INFO - DAG(s) 'example_python_operator' retrieved from /home/airflow/.local/lib/python3.12/site-packages/airflow/example_dags/example_python_operator.py
[2025-03-07T10:49:32.137+0000] {logging_mixin.py:190} INFO - [2025-03-07T10:49:32.136+0000] {override.py:1912} INFO - Created Permission View: can delete on DAG:example_python_operator
[2025-03-07T10:49:32.178+0000] {logging_mixin.py:190} INFO - [2025-03-07T10:49:32.177+0000] {override.py:1912} INFO - Created Permission View: can read on DAG:example_python_operator
[2025-03-07T10:49:32.205+0000] {logging_mixin.py:190} INFO - [2025-03-07T10:49:32.204+0000] {override.py:1912} INFO - Created Permission View: can edit on DAG:example_python_operator
[2025-03-07T10:49:32.224+0000] {logging_mixin.py:190} INFO - [2025-03-07T10:49:32.223+0000] {override.py:1912} INFO - Created Permission View: can delete on DAG Run:example_python_operator
[2025-03-07T10:49:32.248+0000] {logging_mixin.py:190} INFO - [2025-03-07T10:49:32.247+0000] {override.py:1912} INFO - Created Permission View: can create on DAG Run:example_python_operator
[2025-03-07T10:49:32.276+0000] {logging_mixin.py:190} INFO - [2025-03-07T10:49:32.273+0000] {override.py:1912} INFO - Created Permission View: menu access on DAG Run:example_python_operator
[2025-03-07T10:49:32.324+0000] {logging_mixin.py:190} INFO - [2025-03-07T10:49:32.322+0000] {override.py:1912} INFO - Created Permission View: can read on DAG Run:example_python_operator
[2025-03-07T10:49:32.326+0000] {logging_mixin.py:190} INFO - [2025-03-07T10:49:32.326+0000] {dag.py:3239} INFO - Sync 1 DAGs
[2025-03-07T10:49:32.368+0000] {logging_mixin.py:190} INFO - [2025-03-07T10:49:32.368+0000] {dag.py:3262} INFO - Creating ORM DAG for example_python_operator
[2025-03-07T10:49:32.370+0000] {logging_mixin.py:190} INFO - [2025-03-07T10:49:32.370+0000] {dag.py:4180} INFO - Setting next_dagrun for example_python_operator to None, run_after=None
[2025-03-07T10:49:32.413+0000] {processor.py:208} INFO - Processing /home/airflow/.local/lib/python3.12/site-packages/airflow/example_dags/example_python_operator.py took 0.731 seconds
[2025-03-07T10:50:02.914+0000] {processor.py:186} INFO - Started process (PID=180) to work on /home/airflow/.local/lib/python3.12/site-packages/airflow/example_dags/example_python_operator.py
[2025-03-07T10:50:02.916+0000] {processor.py:914} INFO - Processing file /home/airflow/.local/lib/python3.12/site-packages/airflow/example_dags/example_python_operator.py for tasks to queue
[2025-03-07T10:50:02.918+0000] {logging_mixin.py:190} INFO - [2025-03-07T10:50:02.918+0000] {dagbag.py:588} INFO - Filling up the DagBag from /home/airflow/.local/lib/python3.12/site-packages/airflow/example_dags/example_python_operator.py
[2025-03-07T10:50:02.932+0000] {processor.py:925} INFO - DAG(s) 'example_python_operator' retrieved from /home/airflow/.local/lib/python3.12/site-packages/airflow/example_dags/example_python_operator.py
[2025-03-07T10:50:02.967+0000] {logging_mixin.py:190} INFO - [2025-03-07T10:50:02.966+0000] {dag.py:3239} INFO - Sync 1 DAGs
[2025-03-07T10:50:02.985+0000] {logging_mixin.py:190} INFO - [2025-03-07T10:50:02.985+0000] {dag.py:4180} INFO - Setting next_dagrun for example_python_operator to None, run_after=None
[2025-03-07T10:50:03.007+0000] {processor.py:208} INFO - Processing /home/airflow/.local/lib/python3.12/site-packages/airflow/example_dags/example_python_operator.py took 0.101 seconds
[2025-03-07T10:50:33.140+0000] {processor.py:186} INFO - Started process (PID=242) to work on /home/airflow/.local/lib/python3.12/site-packages/airflow/example_dags/example_python_operator.py
[2025-03-07T10:50:33.142+0000] {processor.py:914} INFO - Processing file /home/airflow/.local/lib/python3.12/site-packages/airflow/example_dags/example_python_operator.py for tasks to queue
[2025-03-07T10:50:33.146+0000] {logging_mixin.py:190} INFO - [2025-03-07T10:50:33.146+0000] {dagbag.py:588} INFO - Filling up the DagBag from /home/airflow/.local/lib/python3.12/site-packages/airflow/example_dags/example_python_operator.py
[2025-03-07T10:50:33.168+0000] {processor.py:925} INFO - DAG(s) 'example_python_operator' retrieved from /home/airflow/.local/lib/python3.12/site-packages/airflow/example_dags/example_python_operator.py
[2025-03-07T10:50:33.213+0000] {logging_mixin.py:190} INFO - [2025-03-07T10:50:33.212+0000] {dag.py:3239} INFO - Sync 1 DAGs
[2025-03-07T10:50:33.243+0000] {logging_mixin.py:190} INFO - [2025-03-07T10:50:33.242+0000] {dag.py:4180} INFO - Setting next_dagrun for example_python_operator to None, run_after=None
[2025-03-07T10:50:33.274+0000] {processor.py:208} INFO - Processing /home/airflow/.local/lib/python3.12/site-packages/airflow/example_dags/example_python_operator.py took 0.165 seconds
[2025-03-07T10:51:03.702+0000] {processor.py:186} INFO - Started process (PID=305) to work on /home/airflow/.local/lib/python3.12/site-packages/airflow/example_dags/example_python_operator.py
[2025-03-07T10:51:03.703+0000] {processor.py:914} INFO - Processing file /home/airflow/.local/lib/python3.12/site-packages/airflow/example_dags/example_python_operator.py for tasks to queue
[2025-03-07T10:51:03.706+0000] {logging_mixin.py:190} INFO - [2025-03-07T10:51:03.706+0000] {dagbag.py:588} INFO - Filling up the DagBag from /home/airflow/.local/lib/python3.12/site-packages/airflow/example_dags/example_python_operator.py
[2025-03-07T10:51:03.724+0000] {processor.py:925} INFO - DAG(s) 'example_python_operator' retrieved from /home/airflow/.local/lib/python3.12/site-packages/airflow/example_dags/example_python_operator.py
[2025-03-07T10:51:03.756+0000] {logging_mixin.py:190} INFO - [2025-03-07T10:51:03.755+0000] {dag.py:3239} INFO - Sync 1 DAGs
[2025-03-07T10:51:03.779+0000] {logging_mixin.py:190} INFO - [2025-03-07T10:51:03.779+0000] {dag.py:4180} INFO - Setting next_dagrun for example_python_operator to None, run_after=None
[2025-03-07T10:51:03.806+0000] {processor.py:208} INFO - Processing /home/airflow/.local/lib/python3.12/site-packages/airflow/example_dags/example_python_operator.py took 0.112 seconds
[2025-03-07T10:51:34.933+0000] {processor.py:186} INFO - Started process (PID=369) to work on /home/airflow/.local/lib/python3.12/site-packages/airflow/example_dags/example_python_operator.py
[2025-03-07T10:51:34.934+0000] {processor.py:914} INFO - Processing file /home/airflow/.local/lib/python3.12/site-packages/airflow/example_dags/example_python_operator.py for tasks to queue
[2025-03-07T10:51:34.938+0000] {logging_mixin.py:190} INFO - [2025-03-07T10:51:34.937+0000] {dagbag.py:588} INFO - Filling up the DagBag from /home/airflow/.local/lib/python3.12/site-packages/airflow/example_dags/example_python_operator.py
[2025-03-07T10:51:34.966+0000] {processor.py:925} INFO - DAG(s) 'example_python_operator' retrieved from /home/airflow/.local/lib/python3.12/site-packages/airflow/example_dags/example_python_operator.py
[2025-03-07T10:51:34.996+0000] {logging_mixin.py:190} INFO - [2025-03-07T10:51:34.996+0000] {dag.py:3239} INFO - Sync 1 DAGs
[2025-03-07T10:51:35.017+0000] {logging_mixin.py:190} INFO - [2025-03-07T10:51:35.017+0000] {dag.py:4180} INFO - Setting next_dagrun for example_python_operator to None, run_after=None
[2025-03-07T10:51:35.042+0000] {processor.py:208} INFO - Processing /home/airflow/.local/lib/python3.12/site-packages/airflow/example_dags/example_python_operator.py took 0.119 seconds
[2025-03-07T10:52:06.052+0000] {processor.py:186} INFO - Started process (PID=432) to work on /home/airflow/.local/lib/python3.12/site-packages/airflow/example_dags/example_python_operator.py
[2025-03-07T10:52:06.053+0000] {processor.py:914} INFO - Processing file /home/airflow/.local/lib/python3.12/site-packages/airflow/example_dags/example_python_operator.py for tasks to queue
[2025-03-07T10:52:06.056+0000] {logging_mixin.py:190} INFO - [2025-03-07T10:52:06.055+0000] {dagbag.py:588} INFO - Filling up the DagBag from /home/airflow/.local/lib/python3.12/site-packages/airflow/example_dags/example_python_operator.py
[2025-03-07T10:52:06.069+0000] {processor.py:925} INFO - DAG(s) 'example_python_operator' retrieved from /home/airflow/.local/lib/python3.12/site-packages/airflow/example_dags/example_python_operator.py
[2025-03-07T10:52:06.093+0000] {logging_mixin.py:190} INFO - [2025-03-07T10:52:06.092+0000] {dag.py:3239} INFO - Sync 1 DAGs
[2025-03-07T10:52:06.110+0000] {logging_mixin.py:190} INFO - [2025-03-07T10:52:06.109+0000] {dag.py:4180} INFO - Setting next_dagrun for example_python_operator to None, run_after=None
[2025-03-07T10:52:06.131+0000] {processor.py:208} INFO - Processing /home/airflow/.local/lib/python3.12/site-packages/airflow/example_dags/example_python_operator.py took 0.086 seconds
[2025-03-07T10:52:36.894+0000] {processor.py:186} INFO - Started process (PID=495) to work on /home/airflow/.local/lib/python3.12/site-packages/airflow/example_dags/example_python_operator.py
[2025-03-07T10:52:36.896+0000] {processor.py:914} INFO - Processing file /home/airflow/.local/lib/python3.12/site-packages/airflow/example_dags/example_python_operator.py for tasks to queue
[2025-03-07T10:52:36.899+0000] {logging_mixin.py:190} INFO - [2025-03-07T10:52:36.899+0000] {dagbag.py:588} INFO - Filling up the DagBag from /home/airflow/.local/lib/python3.12/site-packages/airflow/example_dags/example_python_operator.py
[2025-03-07T10:52:36.916+0000] {processor.py:925} INFO - DAG(s) 'example_python_operator' retrieved from /home/airflow/.local/lib/python3.12/site-packages/airflow/example_dags/example_python_operator.py
[2025-03-07T10:52:36.942+0000] {logging_mixin.py:190} INFO - [2025-03-07T10:52:36.942+0000] {dag.py:3239} INFO - Sync 1 DAGs
[2025-03-07T10:52:36.962+0000] {logging_mixin.py:190} INFO - [2025-03-07T10:52:36.962+0000] {dag.py:4180} INFO - Setting next_dagrun for example_python_operator to None, run_after=None
[2025-03-07T10:52:36.990+0000] {processor.py:208} INFO - Processing /home/airflow/.local/lib/python3.12/site-packages/airflow/example_dags/example_python_operator.py took 0.105 seconds
[2025-03-07T10:53:09.103+0000] {processor.py:186} INFO - Started process (PID=558) to work on /home/airflow/.local/lib/python3.12/site-packages/airflow/example_dags/example_python_operator.py
[2025-03-07T10:53:09.105+0000] {processor.py:914} INFO - Processing file /home/airflow/.local/lib/python3.12/site-packages/airflow/example_dags/example_python_operator.py for tasks to queue
[2025-03-07T10:53:09.107+0000] {logging_mixin.py:190} INFO - [2025-03-07T10:53:09.107+0000] {dagbag.py:588} INFO - Filling up the DagBag from /home/airflow/.local/lib/python3.12/site-packages/airflow/example_dags/example_python_operator.py
[2025-03-07T10:53:09.122+0000] {processor.py:925} INFO - DAG(s) 'example_python_operator' retrieved from /home/airflow/.local/lib/python3.12/site-packages/airflow/example_dags/example_python_operator.py
[2025-03-07T10:53:09.149+0000] {logging_mixin.py:190} INFO - [2025-03-07T10:53:09.149+0000] {dag.py:3239} INFO - Sync 1 DAGs
[2025-03-07T10:53:09.166+0000] {logging_mixin.py:190} INFO - [2025-03-07T10:53:09.166+0000] {dag.py:4180} INFO - Setting next_dagrun for example_python_operator to None, run_after=None
[2025-03-07T10:53:09.190+0000] {processor.py:208} INFO - Processing /home/airflow/.local/lib/python3.12/site-packages/airflow/example_dags/example_python_operator.py took 0.093 seconds
[2025-03-07T10:53:40.318+0000] {processor.py:186} INFO - Started process (PID=622) to work on /home/airflow/.local/lib/python3.12/site-packages/airflow/example_dags/example_python_operator.py
[2025-03-07T10:53:40.319+0000] {processor.py:914} INFO - Processing file /home/airflow/.local/lib/python3.12/site-packages/airflow/example_dags/example_python_operator.py for tasks to queue
[2025-03-07T10:53:40.322+0000] {logging_mixin.py:190} INFO - [2025-03-07T10:53:40.322+0000] {dagbag.py:588} INFO - Filling up the DagBag from /home/airflow/.local/lib/python3.12/site-packages/airflow/example_dags/example_python_operator.py
[2025-03-07T10:53:40.342+0000] {processor.py:925} INFO - DAG(s) 'example_python_operator' retrieved from /home/airflow/.local/lib/python3.12/site-packages/airflow/example_dags/example_python_operator.py
[2025-03-07T10:53:40.382+0000] {logging_mixin.py:190} INFO - [2025-03-07T10:53:40.381+0000] {dag.py:3239} INFO - Sync 1 DAGs
[2025-03-07T10:53:40.413+0000] {logging_mixin.py:190} INFO - [2025-03-07T10:53:40.412+0000] {dag.py:4180} INFO - Setting next_dagrun for example_python_operator to None, run_after=None
[2025-03-07T10:53:40.443+0000] {processor.py:208} INFO - Processing /home/airflow/.local/lib/python3.12/site-packages/airflow/example_dags/example_python_operator.py took 0.134 seconds
[2025-03-07T10:54:11.473+0000] {processor.py:186} INFO - Started process (PID=685) to work on /home/airflow/.local/lib/python3.12/site-packages/airflow/example_dags/example_python_operator.py
[2025-03-07T10:54:11.475+0000] {processor.py:914} INFO - Processing file /home/airflow/.local/lib/python3.12/site-packages/airflow/example_dags/example_python_operator.py for tasks to queue
[2025-03-07T10:54:11.480+0000] {logging_mixin.py:190} INFO - [2025-03-07T10:54:11.479+0000] {dagbag.py:588} INFO - Filling up the DagBag from /home/airflow/.local/lib/python3.12/site-packages/airflow/example_dags/example_python_operator.py
[2025-03-07T10:54:11.505+0000] {processor.py:925} INFO - DAG(s) 'example_python_operator' retrieved from /home/airflow/.local/lib/python3.12/site-packages/airflow/example_dags/example_python_operator.py
[2025-03-07T10:54:11.564+0000] {logging_mixin.py:190} INFO - [2025-03-07T10:54:11.563+0000] {dag.py:3239} INFO - Sync 1 DAGs
[2025-03-07T10:54:11.604+0000] {logging_mixin.py:190} INFO - [2025-03-07T10:54:11.603+0000] {dag.py:4180} INFO - Setting next_dagrun for example_python_operator to None, run_after=None
[2025-03-07T10:54:11.648+0000] {processor.py:208} INFO - Processing /home/airflow/.local/lib/python3.12/site-packages/airflow/example_dags/example_python_operator.py took 0.185 seconds
[2025-03-07T10:54:43.187+0000] {processor.py:186} INFO - Started process (PID=748) to work on /home/airflow/.local/lib/python3.12/site-packages/airflow/example_dags/example_python_operator.py
[2025-03-07T10:54:43.189+0000] {processor.py:914} INFO - Processing file /home/airflow/.local/lib/python3.12/site-packages/airflow/example_dags/example_python_operator.py for tasks to queue
[2025-03-07T10:54:43.193+0000] {logging_mixin.py:190} INFO - [2025-03-07T10:54:43.192+0000] {dagbag.py:588} INFO - Filling up the DagBag from /home/airflow/.local/lib/python3.12/site-packages/airflow/example_dags/example_python_operator.py
[2025-03-07T10:54:43.210+0000] {processor.py:925} INFO - DAG(s) 'example_python_operator' retrieved from /home/airflow/.local/lib/python3.12/site-packages/airflow/example_dags/example_python_operator.py
[2025-03-07T10:54:43.244+0000] {logging_mixin.py:190} INFO - [2025-03-07T10:54:43.243+0000] {dag.py:3239} INFO - Sync 1 DAGs
[2025-03-07T10:54:43.266+0000] {logging_mixin.py:190} INFO - [2025-03-07T10:54:43.266+0000] {dag.py:4180} INFO - Setting next_dagrun for example_python_operator to None, run_after=None
[2025-03-07T10:54:43.294+0000] {processor.py:208} INFO - Processing /home/airflow/.local/lib/python3.12/site-packages/airflow/example_dags/example_python_operator.py took 0.116 seconds
[2025-03-07T10:55:14.323+0000] {processor.py:186} INFO - Started process (PID=811) to work on /home/airflow/.local/lib/python3.12/site-packages/airflow/example_dags/example_python_operator.py
[2025-03-07T10:55:14.325+0000] {processor.py:914} INFO - Processing file /home/airflow/.local/lib/python3.12/site-packages/airflow/example_dags/example_python_operator.py for tasks to queue
[2025-03-07T10:55:14.327+0000] {logging_mixin.py:190} INFO - [2025-03-07T10:55:14.327+0000] {dagbag.py:588} INFO - Filling up the DagBag from /home/airflow/.local/lib/python3.12/site-packages/airflow/example_dags/example_python_operator.py
[2025-03-07T10:55:14.342+0000] {processor.py:925} INFO - DAG(s) 'example_python_operator' retrieved from /home/airflow/.local/lib/python3.12/site-packages/airflow/example_dags/example_python_operator.py
[2025-03-07T10:55:14.370+0000] {logging_mixin.py:190} INFO - [2025-03-07T10:55:14.369+0000] {dag.py:3239} INFO - Sync 1 DAGs
[2025-03-07T10:55:14.390+0000] {logging_mixin.py:190} INFO - [2025-03-07T10:55:14.390+0000] {dag.py:4180} INFO - Setting next_dagrun for example_python_operator to None, run_after=None
[2025-03-07T10:55:14.413+0000] {processor.py:208} INFO - Processing /home/airflow/.local/lib/python3.12/site-packages/airflow/example_dags/example_python_operator.py took 0.098 seconds
[2025-03-07T10:55:45.984+0000] {processor.py:186} INFO - Started process (PID=874) to work on /home/airflow/.local/lib/python3.12/site-packages/airflow/example_dags/example_python_operator.py
[2025-03-07T10:55:45.986+0000] {processor.py:914} INFO - Processing file /home/airflow/.local/lib/python3.12/site-packages/airflow/example_dags/example_python_operator.py for tasks to queue
[2025-03-07T10:55:45.989+0000] {logging_mixin.py:190} INFO - [2025-03-07T10:55:45.989+0000] {dagbag.py:588} INFO - Filling up the DagBag from /home/airflow/.local/lib/python3.12/site-packages/airflow/example_dags/example_python_operator.py
[2025-03-07T10:55:46.010+0000] {processor.py:925} INFO - DAG(s) 'example_python_operator' retrieved from /home/airflow/.local/lib/python3.12/site-packages/airflow/example_dags/example_python_operator.py
[2025-03-07T10:55:46.048+0000] {logging_mixin.py:190} INFO - [2025-03-07T10:55:46.048+0000] {dag.py:3239} INFO - Sync 1 DAGs
[2025-03-07T10:55:46.079+0000] {logging_mixin.py:190} INFO - [2025-03-07T10:55:46.079+0000] {dag.py:4180} INFO - Setting next_dagrun for example_python_operator to None, run_after=None
[2025-03-07T10:55:46.113+0000] {processor.py:208} INFO - Processing /home/airflow/.local/lib/python3.12/site-packages/airflow/example_dags/example_python_operator.py took 0.137 seconds
[2025-03-07T10:56:17.747+0000] {processor.py:186} INFO - Started process (PID=937) to work on /home/airflow/.local/lib/python3.12/site-packages/airflow/example_dags/example_python_operator.py
[2025-03-07T10:56:17.748+0000] {processor.py:914} INFO - Processing file /home/airflow/.local/lib/python3.12/site-packages/airflow/example_dags/example_python_operator.py for tasks to queue
[2025-03-07T10:56:17.753+0000] {logging_mixin.py:190} INFO - [2025-03-07T10:56:17.752+0000] {dagbag.py:588} INFO - Filling up the DagBag from /home/airflow/.local/lib/python3.12/site-packages/airflow/example_dags/example_python_operator.py
[2025-03-07T10:56:17.776+0000] {processor.py:925} INFO - DAG(s) 'example_python_operator' retrieved from /home/airflow/.local/lib/python3.12/site-packages/airflow/example_dags/example_python_operator.py
[2025-03-07T10:56:17.816+0000] {logging_mixin.py:190} INFO - [2025-03-07T10:56:17.815+0000] {dag.py:3239} INFO - Sync 1 DAGs
[2025-03-07T10:56:17.849+0000] {logging_mixin.py:190} INFO - [2025-03-07T10:56:17.848+0000] {dag.py:4180} INFO - Setting next_dagrun for example_python_operator to None, run_after=None
[2025-03-07T10:56:17.892+0000] {processor.py:208} INFO - Processing /home/airflow/.local/lib/python3.12/site-packages/airflow/example_dags/example_python_operator.py took 0.156 seconds
[2025-03-07T10:56:50.113+0000] {processor.py:186} INFO - Started process (PID=1000) to work on /home/airflow/.local/lib/python3.12/site-packages/airflow/example_dags/example_python_operator.py
[2025-03-07T10:56:50.115+0000] {processor.py:914} INFO - Processing file /home/airflow/.local/lib/python3.12/site-packages/airflow/example_dags/example_python_operator.py for tasks to queue
[2025-03-07T10:56:50.119+0000] {logging_mixin.py:190} INFO - [2025-03-07T10:56:50.118+0000] {dagbag.py:588} INFO - Filling up the DagBag from /home/airflow/.local/lib/python3.12/site-packages/airflow/example_dags/example_python_operator.py
[2025-03-07T10:56:50.144+0000] {processor.py:925} INFO - DAG(s) 'example_python_operator' retrieved from /home/airflow/.local/lib/python3.12/site-packages/airflow/example_dags/example_python_operator.py
[2025-03-07T10:56:50.187+0000] {logging_mixin.py:190} INFO - [2025-03-07T10:56:50.187+0000] {dag.py:3239} INFO - Sync 1 DAGs
[2025-03-07T10:56:50.220+0000] {logging_mixin.py:190} INFO - [2025-03-07T10:56:50.220+0000] {dag.py:4180} INFO - Setting next_dagrun for example_python_operator to None, run_after=None
[2025-03-07T10:56:50.248+0000] {processor.py:208} INFO - Processing /home/airflow/.local/lib/python3.12/site-packages/airflow/example_dags/example_python_operator.py took 0.145 seconds
[2025-03-07T10:57:21.012+0000] {processor.py:186} INFO - Started process (PID=1063) to work on /home/airflow/.local/lib/python3.12/site-packages/airflow/example_dags/example_python_operator.py
[2025-03-07T10:57:21.013+0000] {processor.py:914} INFO - Processing file /home/airflow/.local/lib/python3.12/site-packages/airflow/example_dags/example_python_operator.py for tasks to queue
[2025-03-07T10:57:21.017+0000] {logging_mixin.py:190} INFO - [2025-03-07T10:57:21.017+0000] {dagbag.py:588} INFO - Filling up the DagBag from /home/airflow/.local/lib/python3.12/site-packages/airflow/example_dags/example_python_operator.py
[2025-03-07T10:57:21.037+0000] {processor.py:925} INFO - DAG(s) 'example_python_operator' retrieved from /home/airflow/.local/lib/python3.12/site-packages/airflow/example_dags/example_python_operator.py
[2025-03-07T10:57:21.068+0000] {logging_mixin.py:190} INFO - [2025-03-07T10:57:21.068+0000] {dag.py:3239} INFO - Sync 1 DAGs
[2025-03-07T10:57:21.091+0000] {logging_mixin.py:190} INFO - [2025-03-07T10:57:21.091+0000] {dag.py:4180} INFO - Setting next_dagrun for example_python_operator to None, run_after=None
[2025-03-07T10:57:21.123+0000] {processor.py:208} INFO - Processing /home/airflow/.local/lib/python3.12/site-packages/airflow/example_dags/example_python_operator.py took 0.121 seconds
[2025-03-07T10:57:51.926+0000] {processor.py:186} INFO - Started process (PID=1126) to work on /home/airflow/.local/lib/python3.12/site-packages/airflow/example_dags/example_python_operator.py
[2025-03-07T10:57:51.928+0000] {processor.py:914} INFO - Processing file /home/airflow/.local/lib/python3.12/site-packages/airflow/example_dags/example_python_operator.py for tasks to queue
[2025-03-07T10:57:51.933+0000] {logging_mixin.py:190} INFO - [2025-03-07T10:57:51.932+0000] {dagbag.py:588} INFO - Filling up the DagBag from /home/airflow/.local/lib/python3.12/site-packages/airflow/example_dags/example_python_operator.py
[2025-03-07T10:57:51.958+0000] {processor.py:925} INFO - DAG(s) 'example_python_operator' retrieved from /home/airflow/.local/lib/python3.12/site-packages/airflow/example_dags/example_python_operator.py
[2025-03-07T10:57:51.998+0000] {logging_mixin.py:190} INFO - [2025-03-07T10:57:51.997+0000] {dag.py:3239} INFO - Sync 1 DAGs
[2025-03-07T10:57:52.034+0000] {logging_mixin.py:190} INFO - [2025-03-07T10:57:52.034+0000] {dag.py:4180} INFO - Setting next_dagrun for example_python_operator to None, run_after=None
[2025-03-07T10:57:52.071+0000] {processor.py:208} INFO - Processing /home/airflow/.local/lib/python3.12/site-packages/airflow/example_dags/example_python_operator.py took 0.157 seconds
[2025-03-07T10:58:23.855+0000] {processor.py:186} INFO - Started process (PID=1189) to work on /home/airflow/.local/lib/python3.12/site-packages/airflow/example_dags/example_python_operator.py
[2025-03-07T10:58:23.857+0000] {processor.py:914} INFO - Processing file /home/airflow/.local/lib/python3.12/site-packages/airflow/example_dags/example_python_operator.py for tasks to queue
[2025-03-07T10:58:23.860+0000] {logging_mixin.py:190} INFO - [2025-03-07T10:58:23.860+0000] {dagbag.py:588} INFO - Filling up the DagBag from /home/airflow/.local/lib/python3.12/site-packages/airflow/example_dags/example_python_operator.py
[2025-03-07T10:58:23.880+0000] {processor.py:925} INFO - DAG(s) 'example_python_operator' retrieved from /home/airflow/.local/lib/python3.12/site-packages/airflow/example_dags/example_python_operator.py
[2025-03-07T10:58:23.909+0000] {logging_mixin.py:190} INFO - [2025-03-07T10:58:23.909+0000] {dag.py:3239} INFO - Sync 1 DAGs
[2025-03-07T10:58:23.937+0000] {logging_mixin.py:190} INFO - [2025-03-07T10:58:23.937+0000] {dag.py:4180} INFO - Setting next_dagrun for example_python_operator to None, run_after=None
[2025-03-07T10:58:23.964+0000] {processor.py:208} INFO - Processing /home/airflow/.local/lib/python3.12/site-packages/airflow/example_dags/example_python_operator.py took 0.118 seconds
[2025-03-07T10:58:55.297+0000] {processor.py:186} INFO - Started process (PID=1252) to work on /home/airflow/.local/lib/python3.12/site-packages/airflow/example_dags/example_python_operator.py
[2025-03-07T10:58:55.300+0000] {processor.py:914} INFO - Processing file /home/airflow/.local/lib/python3.12/site-packages/airflow/example_dags/example_python_operator.py for tasks to queue
[2025-03-07T10:58:55.304+0000] {logging_mixin.py:190} INFO - [2025-03-07T10:58:55.303+0000] {dagbag.py:588} INFO - Filling up the DagBag from /home/airflow/.local/lib/python3.12/site-packages/airflow/example_dags/example_python_operator.py
[2025-03-07T10:58:55.331+0000] {processor.py:925} INFO - DAG(s) 'example_python_operator' retrieved from /home/airflow/.local/lib/python3.12/site-packages/airflow/example_dags/example_python_operator.py
[2025-03-07T10:58:55.367+0000] {logging_mixin.py:190} INFO - [2025-03-07T10:58:55.367+0000] {dag.py:3239} INFO - Sync 1 DAGs
[2025-03-07T10:58:55.394+0000] {logging_mixin.py:190} INFO - [2025-03-07T10:58:55.393+0000] {dag.py:4180} INFO - Setting next_dagrun for example_python_operator to None, run_after=None
[2025-03-07T10:58:55.430+0000] {processor.py:208} INFO - Processing /home/airflow/.local/lib/python3.12/site-packages/airflow/example_dags/example_python_operator.py took 0.143 seconds
[2025-03-07T10:59:26.364+0000] {processor.py:186} INFO - Started process (PID=1315) to work on /home/airflow/.local/lib/python3.12/site-packages/airflow/example_dags/example_python_operator.py
[2025-03-07T10:59:26.365+0000] {processor.py:914} INFO - Processing file /home/airflow/.local/lib/python3.12/site-packages/airflow/example_dags/example_python_operator.py for tasks to queue
[2025-03-07T10:59:26.368+0000] {logging_mixin.py:190} INFO - [2025-03-07T10:59:26.368+0000] {dagbag.py:588} INFO - Filling up the DagBag from /home/airflow/.local/lib/python3.12/site-packages/airflow/example_dags/example_python_operator.py
[2025-03-07T10:59:26.385+0000] {processor.py:925} INFO - DAG(s) 'example_python_operator' retrieved from /home/airflow/.local/lib/python3.12/site-packages/airflow/example_dags/example_python_operator.py
[2025-03-07T10:59:26.412+0000] {logging_mixin.py:190} INFO - [2025-03-07T10:59:26.411+0000] {dag.py:3239} INFO - Sync 1 DAGs
[2025-03-07T10:59:26.430+0000] {logging_mixin.py:190} INFO - [2025-03-07T10:59:26.430+0000] {dag.py:4180} INFO - Setting next_dagrun for example_python_operator to None, run_after=None
[2025-03-07T10:59:26.455+0000] {processor.py:208} INFO - Processing /home/airflow/.local/lib/python3.12/site-packages/airflow/example_dags/example_python_operator.py took 0.098 seconds
[2025-03-07T10:59:58.309+0000] {processor.py:186} INFO - Started process (PID=1378) to work on /home/airflow/.local/lib/python3.12/site-packages/airflow/example_dags/example_python_operator.py
[2025-03-07T10:59:58.311+0000] {processor.py:914} INFO - Processing file /home/airflow/.local/lib/python3.12/site-packages/airflow/example_dags/example_python_operator.py for tasks to queue
[2025-03-07T10:59:58.315+0000] {logging_mixin.py:190} INFO - [2025-03-07T10:59:58.315+0000] {dagbag.py:588} INFO - Filling up the DagBag from /home/airflow/.local/lib/python3.12/site-packages/airflow/example_dags/example_python_operator.py
[2025-03-07T10:59:58.344+0000] {processor.py:925} INFO - DAG(s) 'example_python_operator' retrieved from /home/airflow/.local/lib/python3.12/site-packages/airflow/example_dags/example_python_operator.py
[2025-03-07T10:59:58.379+0000] {logging_mixin.py:190} INFO - [2025-03-07T10:59:58.379+0000] {dag.py:3239} INFO - Sync 1 DAGs
[2025-03-07T10:59:58.404+0000] {logging_mixin.py:190} INFO - [2025-03-07T10:59:58.404+0000] {dag.py:4180} INFO - Setting next_dagrun for example_python_operator to None, run_after=None
[2025-03-07T10:59:58.439+0000] {processor.py:208} INFO - Processing /home/airflow/.local/lib/python3.12/site-packages/airflow/example_dags/example_python_operator.py took 0.147 seconds
[2025-03-07T11:00:31.598+0000] {processor.py:186} INFO - Started process (PID=1441) to work on /home/airflow/.local/lib/python3.12/site-packages/airflow/example_dags/example_python_operator.py
[2025-03-07T11:00:31.599+0000] {processor.py:914} INFO - Processing file /home/airflow/.local/lib/python3.12/site-packages/airflow/example_dags/example_python_operator.py for tasks to queue
[2025-03-07T11:00:31.602+0000] {logging_mixin.py:190} INFO - [2025-03-07T11:00:31.602+0000] {dagbag.py:588} INFO - Filling up the DagBag from /home/airflow/.local/lib/python3.12/site-packages/airflow/example_dags/example_python_operator.py
[2025-03-07T11:00:31.623+0000] {processor.py:925} INFO - DAG(s) 'example_python_operator' retrieved from /home/airflow/.local/lib/python3.12/site-packages/airflow/example_dags/example_python_operator.py
[2025-03-07T11:00:31.664+0000] {logging_mixin.py:190} INFO - [2025-03-07T11:00:31.664+0000] {dag.py:3239} INFO - Sync 1 DAGs
[2025-03-07T11:00:31.699+0000] {logging_mixin.py:190} INFO - [2025-03-07T11:00:31.698+0000] {dag.py:4180} INFO - Setting next_dagrun for example_python_operator to None, run_after=None
[2025-03-07T11:00:31.739+0000] {processor.py:208} INFO - Processing /home/airflow/.local/lib/python3.12/site-packages/airflow/example_dags/example_python_operator.py took 0.150 seconds
[2025-03-07T11:01:02.792+0000] {processor.py:186} INFO - Started process (PID=1504) to work on /home/airflow/.local/lib/python3.12/site-packages/airflow/example_dags/example_python_operator.py
[2025-03-07T11:01:02.794+0000] {processor.py:914} INFO - Processing file /home/airflow/.local/lib/python3.12/site-packages/airflow/example_dags/example_python_operator.py for tasks to queue
[2025-03-07T11:01:02.798+0000] {logging_mixin.py:190} INFO - [2025-03-07T11:01:02.797+0000] {dagbag.py:588} INFO - Filling up the DagBag from /home/airflow/.local/lib/python3.12/site-packages/airflow/example_dags/example_python_operator.py
[2025-03-07T11:01:02.825+0000] {processor.py:925} INFO - DAG(s) 'example_python_operator' retrieved from /home/airflow/.local/lib/python3.12/site-packages/airflow/example_dags/example_python_operator.py
[2025-03-07T11:01:02.892+0000] {logging_mixin.py:190} INFO - [2025-03-07T11:01:02.891+0000] {dag.py:3239} INFO - Sync 1 DAGs
[2025-03-07T11:01:02.933+0000] {logging_mixin.py:190} INFO - [2025-03-07T11:01:02.933+0000] {dag.py:4180} INFO - Setting next_dagrun for example_python_operator to None, run_after=None
[2025-03-07T11:01:02.981+0000] {processor.py:208} INFO - Processing /home/airflow/.local/lib/python3.12/site-packages/airflow/example_dags/example_python_operator.py took 0.199 seconds
[2025-03-07T11:01:34.449+0000] {processor.py:186} INFO - Started process (PID=1573) to work on /home/airflow/.local/lib/python3.12/site-packages/airflow/example_dags/example_python_operator.py
[2025-03-07T11:01:34.451+0000] {processor.py:914} INFO - Processing file /home/airflow/.local/lib/python3.12/site-packages/airflow/example_dags/example_python_operator.py for tasks to queue
[2025-03-07T11:01:34.454+0000] {logging_mixin.py:190} INFO - [2025-03-07T11:01:34.454+0000] {dagbag.py:588} INFO - Filling up the DagBag from /home/airflow/.local/lib/python3.12/site-packages/airflow/example_dags/example_python_operator.py
[2025-03-07T11:01:34.476+0000] {processor.py:925} INFO - DAG(s) 'example_python_operator' retrieved from /home/airflow/.local/lib/python3.12/site-packages/airflow/example_dags/example_python_operator.py
[2025-03-07T11:01:34.505+0000] {logging_mixin.py:190} INFO - [2025-03-07T11:01:34.505+0000] {dag.py:3239} INFO - Sync 1 DAGs
[2025-03-07T11:01:34.525+0000] {logging_mixin.py:190} INFO - [2025-03-07T11:01:34.525+0000] {dag.py:4180} INFO - Setting next_dagrun for example_python_operator to None, run_after=None
[2025-03-07T11:01:34.549+0000] {processor.py:208} INFO - Processing /home/airflow/.local/lib/python3.12/site-packages/airflow/example_dags/example_python_operator.py took 0.111 seconds
[2025-03-07T11:02:07.357+0000] {processor.py:186} INFO - Started process (PID=1637) to work on /home/airflow/.local/lib/python3.12/site-packages/airflow/example_dags/example_python_operator.py
[2025-03-07T11:02:07.359+0000] {processor.py:914} INFO - Processing file /home/airflow/.local/lib/python3.12/site-packages/airflow/example_dags/example_python_operator.py for tasks to queue
[2025-03-07T11:02:07.365+0000] {logging_mixin.py:190} INFO - [2025-03-07T11:02:07.365+0000] {dagbag.py:588} INFO - Filling up the DagBag from /home/airflow/.local/lib/python3.12/site-packages/airflow/example_dags/example_python_operator.py
[2025-03-07T11:02:07.397+0000] {processor.py:925} INFO - DAG(s) 'example_python_operator' retrieved from /home/airflow/.local/lib/python3.12/site-packages/airflow/example_dags/example_python_operator.py
[2025-03-07T11:02:07.450+0000] {logging_mixin.py:190} INFO - [2025-03-07T11:02:07.450+0000] {dag.py:3239} INFO - Sync 1 DAGs
[2025-03-07T11:02:07.488+0000] {logging_mixin.py:190} INFO - [2025-03-07T11:02:07.487+0000] {dag.py:4180} INFO - Setting next_dagrun for example_python_operator to None, run_after=None
[2025-03-07T11:02:07.533+0000] {processor.py:208} INFO - Processing /home/airflow/.local/lib/python3.12/site-packages/airflow/example_dags/example_python_operator.py took 0.191 seconds
[2025-03-07T11:02:58.162+0000] {processor.py:186} INFO - Started process (PID=1710) to work on /home/airflow/.local/lib/python3.12/site-packages/airflow/example_dags/example_python_operator.py
[2025-03-07T11:02:58.339+0000] {processor.py:914} INFO - Processing file /home/airflow/.local/lib/python3.12/site-packages/airflow/example_dags/example_python_operator.py for tasks to queue
[2025-03-07T11:02:58.351+0000] {logging_mixin.py:190} INFO - [2025-03-07T11:02:58.350+0000] {dagbag.py:588} INFO - Filling up the DagBag from /home/airflow/.local/lib/python3.12/site-packages/airflow/example_dags/example_python_operator.py
[2025-03-07T11:02:58.437+0000] {processor.py:925} INFO - DAG(s) 'example_python_operator' retrieved from /home/airflow/.local/lib/python3.12/site-packages/airflow/example_dags/example_python_operator.py
[2025-03-07T11:02:58.580+0000] {logging_mixin.py:190} INFO - [2025-03-07T11:02:58.579+0000] {dag.py:3239} INFO - Sync 1 DAGs
[2025-03-07T11:02:58.676+0000] {logging_mixin.py:190} INFO - [2025-03-07T11:02:58.676+0000] {dag.py:4180} INFO - Setting next_dagrun for example_python_operator to None, run_after=None
[2025-03-07T11:02:58.849+0000] {processor.py:208} INFO - Processing /home/airflow/.local/lib/python3.12/site-packages/airflow/example_dags/example_python_operator.py took 0.724 seconds
[2025-03-07T11:03:45.491+0000] {processor.py:186} INFO - Started process (PID=1779) to work on /home/airflow/.local/lib/python3.12/site-packages/airflow/example_dags/example_python_operator.py
[2025-03-07T11:03:45.503+0000] {processor.py:914} INFO - Processing file /home/airflow/.local/lib/python3.12/site-packages/airflow/example_dags/example_python_operator.py for tasks to queue
[2025-03-07T11:03:45.510+0000] {logging_mixin.py:190} INFO - [2025-03-07T11:03:45.510+0000] {dagbag.py:588} INFO - Filling up the DagBag from /home/airflow/.local/lib/python3.12/site-packages/airflow/example_dags/example_python_operator.py
[2025-03-07T11:03:45.563+0000] {processor.py:925} INFO - DAG(s) 'example_python_operator' retrieved from /home/airflow/.local/lib/python3.12/site-packages/airflow/example_dags/example_python_operator.py
[2025-03-07T11:03:45.779+0000] {logging_mixin.py:190} INFO - [2025-03-07T11:03:45.779+0000] {dag.py:3239} INFO - Sync 1 DAGs
[2025-03-07T11:03:45.904+0000] {logging_mixin.py:190} INFO - [2025-03-07T11:03:45.904+0000] {dag.py:4180} INFO - Setting next_dagrun for example_python_operator to None, run_after=None
[2025-03-07T11:03:46.194+0000] {processor.py:208} INFO - Processing /home/airflow/.local/lib/python3.12/site-packages/airflow/example_dags/example_python_operator.py took 0.722 seconds
[2025-03-07T11:04:47.006+0000] {processor.py:186} INFO - Started process (PID=1862) to work on /home/airflow/.local/lib/python3.12/site-packages/airflow/example_dags/example_python_operator.py
[2025-03-07T11:04:47.032+0000] {processor.py:914} INFO - Processing file /home/airflow/.local/lib/python3.12/site-packages/airflow/example_dags/example_python_operator.py for tasks to queue
[2025-03-07T11:04:47.189+0000] {logging_mixin.py:190} INFO - [2025-03-07T11:04:47.188+0000] {dagbag.py:588} INFO - Filling up the DagBag from /home/airflow/.local/lib/python3.12/site-packages/airflow/example_dags/example_python_operator.py
[2025-03-07T11:04:47.284+0000] {processor.py:925} INFO - DAG(s) 'example_python_operator' retrieved from /home/airflow/.local/lib/python3.12/site-packages/airflow/example_dags/example_python_operator.py
[2025-03-07T11:04:47.445+0000] {logging_mixin.py:190} INFO - [2025-03-07T11:04:47.444+0000] {dag.py:3239} INFO - Sync 1 DAGs
[2025-03-07T11:04:47.544+0000] {logging_mixin.py:190} INFO - [2025-03-07T11:04:47.544+0000] {dag.py:4180} INFO - Setting next_dagrun for example_python_operator to None, run_after=None
[2025-03-07T11:04:47.711+0000] {processor.py:208} INFO - Processing /home/airflow/.local/lib/python3.12/site-packages/airflow/example_dags/example_python_operator.py took 0.726 seconds
[2025-03-07T11:05:21.471+0000] {processor.py:186} INFO - Started process (PID=1925) to work on /home/airflow/.local/lib/python3.12/site-packages/airflow/example_dags/example_python_operator.py
[2025-03-07T11:05:21.542+0000] {processor.py:914} INFO - Processing file /home/airflow/.local/lib/python3.12/site-packages/airflow/example_dags/example_python_operator.py for tasks to queue
[2025-03-07T11:05:21.561+0000] {logging_mixin.py:190} INFO - [2025-03-07T11:05:21.560+0000] {dagbag.py:588} INFO - Filling up the DagBag from /home/airflow/.local/lib/python3.12/site-packages/airflow/example_dags/example_python_operator.py
[2025-03-07T11:05:21.634+0000] {processor.py:925} INFO - DAG(s) 'example_python_operator' retrieved from /home/airflow/.local/lib/python3.12/site-packages/airflow/example_dags/example_python_operator.py
[2025-03-07T11:05:21.755+0000] {logging_mixin.py:190} INFO - [2025-03-07T11:05:21.744+0000] {dag.py:3239} INFO - Sync 1 DAGs
[2025-03-07T11:05:21.831+0000] {logging_mixin.py:190} INFO - [2025-03-07T11:05:21.831+0000] {dag.py:4180} INFO - Setting next_dagrun for example_python_operator to None, run_after=None
[2025-03-07T11:05:21.921+0000] {processor.py:208} INFO - Processing /home/airflow/.local/lib/python3.12/site-packages/airflow/example_dags/example_python_operator.py took 0.482 seconds
[2025-03-07T11:05:57.133+0000] {processor.py:186} INFO - Started process (PID=1987) to work on /home/airflow/.local/lib/python3.12/site-packages/airflow/example_dags/example_python_operator.py
[2025-03-07T11:05:57.135+0000] {processor.py:914} INFO - Processing file /home/airflow/.local/lib/python3.12/site-packages/airflow/example_dags/example_python_operator.py for tasks to queue
[2025-03-07T11:05:57.141+0000] {logging_mixin.py:190} INFO - [2025-03-07T11:05:57.140+0000] {dagbag.py:588} INFO - Filling up the DagBag from /home/airflow/.local/lib/python3.12/site-packages/airflow/example_dags/example_python_operator.py
[2025-03-07T11:05:57.171+0000] {processor.py:925} INFO - DAG(s) 'example_python_operator' retrieved from /home/airflow/.local/lib/python3.12/site-packages/airflow/example_dags/example_python_operator.py
[2025-03-07T11:05:57.227+0000] {logging_mixin.py:190} INFO - [2025-03-07T11:05:57.227+0000] {dag.py:3239} INFO - Sync 1 DAGs
[2025-03-07T11:05:57.268+0000] {logging_mixin.py:190} INFO - [2025-03-07T11:05:57.267+0000] {dag.py:4180} INFO - Setting next_dagrun for example_python_operator to None, run_after=None
[2025-03-07T11:05:57.313+0000] {processor.py:208} INFO - Processing /home/airflow/.local/lib/python3.12/site-packages/airflow/example_dags/example_python_operator.py took 0.192 seconds
[2025-03-07T11:06:29.098+0000] {processor.py:186} INFO - Started process (PID=2050) to work on /home/airflow/.local/lib/python3.12/site-packages/airflow/example_dags/example_python_operator.py
[2025-03-07T11:06:29.099+0000] {processor.py:914} INFO - Processing file /home/airflow/.local/lib/python3.12/site-packages/airflow/example_dags/example_python_operator.py for tasks to queue
[2025-03-07T11:06:29.104+0000] {logging_mixin.py:190} INFO - [2025-03-07T11:06:29.103+0000] {dagbag.py:588} INFO - Filling up the DagBag from /home/airflow/.local/lib/python3.12/site-packages/airflow/example_dags/example_python_operator.py
[2025-03-07T11:06:29.131+0000] {processor.py:925} INFO - DAG(s) 'example_python_operator' retrieved from /home/airflow/.local/lib/python3.12/site-packages/airflow/example_dags/example_python_operator.py
[2025-03-07T11:06:29.180+0000] {logging_mixin.py:190} INFO - [2025-03-07T11:06:29.180+0000] {dag.py:3239} INFO - Sync 1 DAGs
[2025-03-07T11:06:29.223+0000] {logging_mixin.py:190} INFO - [2025-03-07T11:06:29.223+0000] {dag.py:4180} INFO - Setting next_dagrun for example_python_operator to None, run_after=None
[2025-03-07T11:06:29.276+0000] {processor.py:208} INFO - Processing /home/airflow/.local/lib/python3.12/site-packages/airflow/example_dags/example_python_operator.py took 0.191 seconds
[2025-03-07T11:07:01.424+0000] {processor.py:186} INFO - Started process (PID=2114) to work on /home/airflow/.local/lib/python3.12/site-packages/airflow/example_dags/example_python_operator.py
[2025-03-07T11:07:01.426+0000] {processor.py:914} INFO - Processing file /home/airflow/.local/lib/python3.12/site-packages/airflow/example_dags/example_python_operator.py for tasks to queue
[2025-03-07T11:07:01.431+0000] {logging_mixin.py:190} INFO - [2025-03-07T11:07:01.430+0000] {dagbag.py:588} INFO - Filling up the DagBag from /home/airflow/.local/lib/python3.12/site-packages/airflow/example_dags/example_python_operator.py
[2025-03-07T11:07:01.459+0000] {processor.py:925} INFO - DAG(s) 'example_python_operator' retrieved from /home/airflow/.local/lib/python3.12/site-packages/airflow/example_dags/example_python_operator.py
[2025-03-07T11:07:01.517+0000] {logging_mixin.py:190} INFO - [2025-03-07T11:07:01.516+0000] {dag.py:3239} INFO - Sync 1 DAGs
[2025-03-07T11:07:01.554+0000] {logging_mixin.py:190} INFO - [2025-03-07T11:07:01.553+0000] {dag.py:4180} INFO - Setting next_dagrun for example_python_operator to None, run_after=None
[2025-03-07T11:07:01.593+0000] {processor.py:208} INFO - Processing /home/airflow/.local/lib/python3.12/site-packages/airflow/example_dags/example_python_operator.py took 0.183 seconds
[2025-03-07T11:07:34.310+0000] {processor.py:186} INFO - Started process (PID=2179) to work on /home/airflow/.local/lib/python3.12/site-packages/airflow/example_dags/example_python_operator.py
[2025-03-07T11:07:34.318+0000] {processor.py:914} INFO - Processing file /home/airflow/.local/lib/python3.12/site-packages/airflow/example_dags/example_python_operator.py for tasks to queue
[2025-03-07T11:07:34.324+0000] {logging_mixin.py:190} INFO - [2025-03-07T11:07:34.323+0000] {dagbag.py:588} INFO - Filling up the DagBag from /home/airflow/.local/lib/python3.12/site-packages/airflow/example_dags/example_python_operator.py
[2025-03-07T11:07:34.388+0000] {processor.py:925} INFO - DAG(s) 'example_python_operator' retrieved from /home/airflow/.local/lib/python3.12/site-packages/airflow/example_dags/example_python_operator.py
[2025-03-07T11:07:34.488+0000] {logging_mixin.py:190} INFO - [2025-03-07T11:07:34.488+0000] {dag.py:3239} INFO - Sync 1 DAGs
[2025-03-07T11:07:34.569+0000] {logging_mixin.py:190} INFO - [2025-03-07T11:07:34.568+0000] {dag.py:4180} INFO - Setting next_dagrun for example_python_operator to None, run_after=None
[2025-03-07T11:07:34.623+0000] {processor.py:208} INFO - Processing /home/airflow/.local/lib/python3.12/site-packages/airflow/example_dags/example_python_operator.py took 0.333 seconds
[2025-03-07T11:08:06.669+0000] {processor.py:186} INFO - Started process (PID=2249) to work on /home/airflow/.local/lib/python3.12/site-packages/airflow/example_dags/example_python_operator.py
[2025-03-07T11:08:06.671+0000] {processor.py:914} INFO - Processing file /home/airflow/.local/lib/python3.12/site-packages/airflow/example_dags/example_python_operator.py for tasks to queue
[2025-03-07T11:08:06.676+0000] {logging_mixin.py:190} INFO - [2025-03-07T11:08:06.676+0000] {dagbag.py:588} INFO - Filling up the DagBag from /home/airflow/.local/lib/python3.12/site-packages/airflow/example_dags/example_python_operator.py
[2025-03-07T11:08:06.702+0000] {processor.py:925} INFO - DAG(s) 'example_python_operator' retrieved from /home/airflow/.local/lib/python3.12/site-packages/airflow/example_dags/example_python_operator.py
[2025-03-07T11:08:06.746+0000] {logging_mixin.py:190} INFO - [2025-03-07T11:08:06.745+0000] {dag.py:3239} INFO - Sync 1 DAGs
[2025-03-07T11:08:06.797+0000] {logging_mixin.py:190} INFO - [2025-03-07T11:08:06.797+0000] {dag.py:4180} INFO - Setting next_dagrun for example_python_operator to None, run_after=None
[2025-03-07T11:08:06.843+0000] {processor.py:208} INFO - Processing /home/airflow/.local/lib/python3.12/site-packages/airflow/example_dags/example_python_operator.py took 0.183 seconds
[2025-03-07T11:08:36.910+0000] {processor.py:186} INFO - Started process (PID=2311) to work on /home/airflow/.local/lib/python3.12/site-packages/airflow/example_dags/example_python_operator.py
[2025-03-07T11:08:36.912+0000] {processor.py:914} INFO - Processing file /home/airflow/.local/lib/python3.12/site-packages/airflow/example_dags/example_python_operator.py for tasks to queue
[2025-03-07T11:08:36.918+0000] {logging_mixin.py:190} INFO - [2025-03-07T11:08:36.917+0000] {dagbag.py:588} INFO - Filling up the DagBag from /home/airflow/.local/lib/python3.12/site-packages/airflow/example_dags/example_python_operator.py
[2025-03-07T11:08:36.944+0000] {processor.py:925} INFO - DAG(s) 'example_python_operator' retrieved from /home/airflow/.local/lib/python3.12/site-packages/airflow/example_dags/example_python_operator.py
[2025-03-07T11:08:37.013+0000] {logging_mixin.py:190} INFO - [2025-03-07T11:08:37.011+0000] {dag.py:3239} INFO - Sync 1 DAGs
[2025-03-07T11:08:37.060+0000] {logging_mixin.py:190} INFO - [2025-03-07T11:08:37.059+0000] {dag.py:4180} INFO - Setting next_dagrun for example_python_operator to None, run_after=None
[2025-03-07T11:08:37.104+0000] {processor.py:208} INFO - Processing /home/airflow/.local/lib/python3.12/site-packages/airflow/example_dags/example_python_operator.py took 0.204 seconds
[2025-03-07T11:09:07.908+0000] {processor.py:186} INFO - Started process (PID=2374) to work on /home/airflow/.local/lib/python3.12/site-packages/airflow/example_dags/example_python_operator.py
[2025-03-07T11:09:07.909+0000] {processor.py:914} INFO - Processing file /home/airflow/.local/lib/python3.12/site-packages/airflow/example_dags/example_python_operator.py for tasks to queue
[2025-03-07T11:09:07.912+0000] {logging_mixin.py:190} INFO - [2025-03-07T11:09:07.912+0000] {dagbag.py:588} INFO - Filling up the DagBag from /home/airflow/.local/lib/python3.12/site-packages/airflow/example_dags/example_python_operator.py
[2025-03-07T11:09:07.927+0000] {processor.py:925} INFO - DAG(s) 'example_python_operator' retrieved from /home/airflow/.local/lib/python3.12/site-packages/airflow/example_dags/example_python_operator.py
[2025-03-07T11:09:07.955+0000] {logging_mixin.py:190} INFO - [2025-03-07T11:09:07.955+0000] {dag.py:3239} INFO - Sync 1 DAGs
[2025-03-07T11:09:07.977+0000] {logging_mixin.py:190} INFO - [2025-03-07T11:09:07.977+0000] {dag.py:4180} INFO - Setting next_dagrun for example_python_operator to None, run_after=None
[2025-03-07T11:09:08.008+0000] {processor.py:208} INFO - Processing /home/airflow/.local/lib/python3.12/site-packages/airflow/example_dags/example_python_operator.py took 0.108 seconds
[2025-03-07T11:09:38.090+0000] {processor.py:186} INFO - Started process (PID=2436) to work on /home/airflow/.local/lib/python3.12/site-packages/airflow/example_dags/example_python_operator.py
[2025-03-07T11:09:38.091+0000] {processor.py:914} INFO - Processing file /home/airflow/.local/lib/python3.12/site-packages/airflow/example_dags/example_python_operator.py for tasks to queue
[2025-03-07T11:09:38.093+0000] {logging_mixin.py:190} INFO - [2025-03-07T11:09:38.093+0000] {dagbag.py:588} INFO - Filling up the DagBag from /home/airflow/.local/lib/python3.12/site-packages/airflow/example_dags/example_python_operator.py
[2025-03-07T11:09:38.107+0000] {processor.py:925} INFO - DAG(s) 'example_python_operator' retrieved from /home/airflow/.local/lib/python3.12/site-packages/airflow/example_dags/example_python_operator.py
[2025-03-07T11:09:38.134+0000] {logging_mixin.py:190} INFO - [2025-03-07T11:09:38.133+0000] {dag.py:3239} INFO - Sync 1 DAGs
[2025-03-07T11:09:38.150+0000] {logging_mixin.py:190} INFO - [2025-03-07T11:09:38.149+0000] {dag.py:4180} INFO - Setting next_dagrun for example_python_operator to None, run_after=None
[2025-03-07T11:09:38.174+0000] {processor.py:208} INFO - Processing /home/airflow/.local/lib/python3.12/site-packages/airflow/example_dags/example_python_operator.py took 0.090 seconds
[2025-03-07T11:10:08.406+0000] {processor.py:186} INFO - Started process (PID=2499) to work on /home/airflow/.local/lib/python3.12/site-packages/airflow/example_dags/example_python_operator.py
[2025-03-07T11:10:08.408+0000] {processor.py:914} INFO - Processing file /home/airflow/.local/lib/python3.12/site-packages/airflow/example_dags/example_python_operator.py for tasks to queue
[2025-03-07T11:10:08.413+0000] {logging_mixin.py:190} INFO - [2025-03-07T11:10:08.412+0000] {dagbag.py:588} INFO - Filling up the DagBag from /home/airflow/.local/lib/python3.12/site-packages/airflow/example_dags/example_python_operator.py
[2025-03-07T11:10:08.439+0000] {processor.py:925} INFO - DAG(s) 'example_python_operator' retrieved from /home/airflow/.local/lib/python3.12/site-packages/airflow/example_dags/example_python_operator.py
[2025-03-07T11:10:08.494+0000] {logging_mixin.py:190} INFO - [2025-03-07T11:10:08.493+0000] {dag.py:3239} INFO - Sync 1 DAGs
[2025-03-07T11:10:08.528+0000] {logging_mixin.py:190} INFO - [2025-03-07T11:10:08.527+0000] {dag.py:4180} INFO - Setting next_dagrun for example_python_operator to None, run_after=None
[2025-03-07T11:10:08.568+0000] {processor.py:208} INFO - Processing /home/airflow/.local/lib/python3.12/site-packages/airflow/example_dags/example_python_operator.py took 0.176 seconds
[2025-03-07T11:10:38.878+0000] {processor.py:186} INFO - Started process (PID=2563) to work on /home/airflow/.local/lib/python3.12/site-packages/airflow/example_dags/example_python_operator.py
[2025-03-07T11:10:38.881+0000] {processor.py:914} INFO - Processing file /home/airflow/.local/lib/python3.12/site-packages/airflow/example_dags/example_python_operator.py for tasks to queue
[2025-03-07T11:10:38.887+0000] {logging_mixin.py:190} INFO - [2025-03-07T11:10:38.886+0000] {dagbag.py:588} INFO - Filling up the DagBag from /home/airflow/.local/lib/python3.12/site-packages/airflow/example_dags/example_python_operator.py
[2025-03-07T11:10:38.923+0000] {processor.py:925} INFO - DAG(s) 'example_python_operator' retrieved from /home/airflow/.local/lib/python3.12/site-packages/airflow/example_dags/example_python_operator.py
[2025-03-07T11:10:38.976+0000] {logging_mixin.py:190} INFO - [2025-03-07T11:10:38.975+0000] {dag.py:3239} INFO - Sync 1 DAGs
[2025-03-07T11:10:39.017+0000] {logging_mixin.py:190} INFO - [2025-03-07T11:10:39.017+0000] {dag.py:4180} INFO - Setting next_dagrun for example_python_operator to None, run_after=None
[2025-03-07T11:10:39.063+0000] {processor.py:208} INFO - Processing /home/airflow/.local/lib/python3.12/site-packages/airflow/example_dags/example_python_operator.py took 0.194 seconds
[2025-03-07T11:11:09.663+0000] {processor.py:186} INFO - Started process (PID=2626) to work on /home/airflow/.local/lib/python3.12/site-packages/airflow/example_dags/example_python_operator.py
[2025-03-07T11:11:09.665+0000] {processor.py:914} INFO - Processing file /home/airflow/.local/lib/python3.12/site-packages/airflow/example_dags/example_python_operator.py for tasks to queue
[2025-03-07T11:11:09.673+0000] {logging_mixin.py:190} INFO - [2025-03-07T11:11:09.672+0000] {dagbag.py:588} INFO - Filling up the DagBag from /home/airflow/.local/lib/python3.12/site-packages/airflow/example_dags/example_python_operator.py
[2025-03-07T11:11:09.704+0000] {processor.py:925} INFO - DAG(s) 'example_python_operator' retrieved from /home/airflow/.local/lib/python3.12/site-packages/airflow/example_dags/example_python_operator.py
[2025-03-07T11:11:09.754+0000] {logging_mixin.py:190} INFO - [2025-03-07T11:11:09.753+0000] {dag.py:3239} INFO - Sync 1 DAGs
[2025-03-07T11:11:09.818+0000] {logging_mixin.py:190} INFO - [2025-03-07T11:11:09.818+0000] {dag.py:4180} INFO - Setting next_dagrun for example_python_operator to None, run_after=None
[2025-03-07T11:11:09.865+0000] {processor.py:208} INFO - Processing /home/airflow/.local/lib/python3.12/site-packages/airflow/example_dags/example_python_operator.py took 0.217 seconds
[2025-03-07T11:11:40.865+0000] {processor.py:186} INFO - Started process (PID=2689) to work on /home/airflow/.local/lib/python3.12/site-packages/airflow/example_dags/example_python_operator.py
[2025-03-07T11:11:40.867+0000] {processor.py:914} INFO - Processing file /home/airflow/.local/lib/python3.12/site-packages/airflow/example_dags/example_python_operator.py for tasks to queue
[2025-03-07T11:11:40.871+0000] {logging_mixin.py:190} INFO - [2025-03-07T11:11:40.870+0000] {dagbag.py:588} INFO - Filling up the DagBag from /home/airflow/.local/lib/python3.12/site-packages/airflow/example_dags/example_python_operator.py
[2025-03-07T11:11:40.913+0000] {processor.py:925} INFO - DAG(s) 'example_python_operator' retrieved from /home/airflow/.local/lib/python3.12/site-packages/airflow/example_dags/example_python_operator.py
[2025-03-07T11:11:40.974+0000] {logging_mixin.py:190} INFO - [2025-03-07T11:11:40.973+0000] {dag.py:3239} INFO - Sync 1 DAGs
[2025-03-07T11:11:41.011+0000] {logging_mixin.py:190} INFO - [2025-03-07T11:11:41.010+0000] {dag.py:4180} INFO - Setting next_dagrun for example_python_operator to None, run_after=None
[2025-03-07T11:11:41.053+0000] {processor.py:208} INFO - Processing /home/airflow/.local/lib/python3.12/site-packages/airflow/example_dags/example_python_operator.py took 0.201 seconds
[2025-03-07T11:12:11.189+0000] {processor.py:186} INFO - Started process (PID=2752) to work on /home/airflow/.local/lib/python3.12/site-packages/airflow/example_dags/example_python_operator.py
[2025-03-07T11:12:11.190+0000] {processor.py:914} INFO - Processing file /home/airflow/.local/lib/python3.12/site-packages/airflow/example_dags/example_python_operator.py for tasks to queue
[2025-03-07T11:12:11.193+0000] {logging_mixin.py:190} INFO - [2025-03-07T11:12:11.192+0000] {dagbag.py:588} INFO - Filling up the DagBag from /home/airflow/.local/lib/python3.12/site-packages/airflow/example_dags/example_python_operator.py
[2025-03-07T11:12:11.208+0000] {processor.py:925} INFO - DAG(s) 'example_python_operator' retrieved from /home/airflow/.local/lib/python3.12/site-packages/airflow/example_dags/example_python_operator.py
[2025-03-07T11:12:11.233+0000] {logging_mixin.py:190} INFO - [2025-03-07T11:12:11.232+0000] {dag.py:3239} INFO - Sync 1 DAGs
[2025-03-07T11:12:11.250+0000] {logging_mixin.py:190} INFO - [2025-03-07T11:12:11.249+0000] {dag.py:4180} INFO - Setting next_dagrun for example_python_operator to None, run_after=None
[2025-03-07T11:12:11.273+0000] {processor.py:208} INFO - Processing /home/airflow/.local/lib/python3.12/site-packages/airflow/example_dags/example_python_operator.py took 0.090 seconds
[2025-03-07T11:12:42.054+0000] {processor.py:186} INFO - Started process (PID=2816) to work on /home/airflow/.local/lib/python3.12/site-packages/airflow/example_dags/example_python_operator.py
[2025-03-07T11:12:42.056+0000] {processor.py:914} INFO - Processing file /home/airflow/.local/lib/python3.12/site-packages/airflow/example_dags/example_python_operator.py for tasks to queue
[2025-03-07T11:12:42.059+0000] {logging_mixin.py:190} INFO - [2025-03-07T11:12:42.059+0000] {dagbag.py:588} INFO - Filling up the DagBag from /home/airflow/.local/lib/python3.12/site-packages/airflow/example_dags/example_python_operator.py
[2025-03-07T11:12:42.081+0000] {processor.py:925} INFO - DAG(s) 'example_python_operator' retrieved from /home/airflow/.local/lib/python3.12/site-packages/airflow/example_dags/example_python_operator.py
[2025-03-07T11:12:42.134+0000] {logging_mixin.py:190} INFO - [2025-03-07T11:12:42.133+0000] {dag.py:3239} INFO - Sync 1 DAGs
[2025-03-07T11:12:42.185+0000] {logging_mixin.py:190} INFO - [2025-03-07T11:12:42.184+0000] {dag.py:4180} INFO - Setting next_dagrun for example_python_operator to None, run_after=None
[2025-03-07T11:12:42.224+0000] {processor.py:208} INFO - Processing /home/airflow/.local/lib/python3.12/site-packages/airflow/example_dags/example_python_operator.py took 0.181 seconds
[2025-03-07T11:13:18.688+0000] {processor.py:186} INFO - Started process (PID=2879) to work on /home/airflow/.local/lib/python3.12/site-packages/airflow/example_dags/example_python_operator.py
[2025-03-07T11:13:18.770+0000] {processor.py:914} INFO - Processing file /home/airflow/.local/lib/python3.12/site-packages/airflow/example_dags/example_python_operator.py for tasks to queue
[2025-03-07T11:13:18.848+0000] {logging_mixin.py:190} INFO - [2025-03-07T11:13:18.847+0000] {dagbag.py:588} INFO - Filling up the DagBag from /home/airflow/.local/lib/python3.12/site-packages/airflow/example_dags/example_python_operator.py
[2025-03-07T11:13:18.971+0000] {processor.py:925} INFO - DAG(s) 'example_python_operator' retrieved from /home/airflow/.local/lib/python3.12/site-packages/airflow/example_dags/example_python_operator.py
[2025-03-07T11:13:19.150+0000] {logging_mixin.py:190} INFO - [2025-03-07T11:13:19.149+0000] {dag.py:3239} INFO - Sync 1 DAGs
[2025-03-07T11:13:19.290+0000] {logging_mixin.py:190} INFO - [2025-03-07T11:13:19.289+0000] {dag.py:4180} INFO - Setting next_dagrun for example_python_operator to None, run_after=None
[2025-03-07T11:13:19.412+0000] {processor.py:208} INFO - Processing /home/airflow/.local/lib/python3.12/site-packages/airflow/example_dags/example_python_operator.py took 0.746 seconds
