[2025-03-07T10:49:34.868+0000] {processor.py:186} INFO - Started process (PID=122) to work on /home/airflow/.local/lib/python3.12/site-packages/airflow/example_dags/example_latest_only_with_trigger.py
[2025-03-07T10:49:34.870+0000] {processor.py:914} INFO - Processing file /home/airflow/.local/lib/python3.12/site-packages/airflow/example_dags/example_latest_only_with_trigger.py for tasks to queue
[2025-03-07T10:49:34.874+0000] {logging_mixin.py:190} INFO - [2025-03-07T10:49:34.874+0000] {dagbag.py:588} INFO - Filling up the DagBag from /home/airflow/.local/lib/python3.12/site-packages/airflow/example_dags/example_latest_only_with_trigger.py
[2025-03-07T10:49:34.890+0000] {processor.py:925} INFO - DAG(s) 'latest_only_with_trigger' retrieved from /home/airflow/.local/lib/python3.12/site-packages/airflow/example_dags/example_latest_only_with_trigger.py
[2025-03-07T10:49:35.138+0000] {logging_mixin.py:190} INFO - [2025-03-07T10:49:35.136+0000] {override.py:1912} INFO - Created Permission View: can delete on DAG:latest_only_with_trigger
[2025-03-07T10:49:35.186+0000] {logging_mixin.py:190} INFO - [2025-03-07T10:49:35.186+0000] {override.py:1912} INFO - Created Permission View: can read on DAG:latest_only_with_trigger
[2025-03-07T10:49:35.207+0000] {logging_mixin.py:190} INFO - [2025-03-07T10:49:35.207+0000] {override.py:1912} INFO - Created Permission View: can edit on DAG:latest_only_with_trigger
[2025-03-07T10:49:35.220+0000] {logging_mixin.py:190} INFO - [2025-03-07T10:49:35.219+0000] {override.py:1912} INFO - Created Permission View: can delete on DAG Run:latest_only_with_trigger
[2025-03-07T10:49:35.231+0000] {logging_mixin.py:190} INFO - [2025-03-07T10:49:35.231+0000] {override.py:1912} INFO - Created Permission View: can create on DAG Run:latest_only_with_trigger
[2025-03-07T10:49:35.244+0000] {logging_mixin.py:190} INFO - [2025-03-07T10:49:35.243+0000] {override.py:1912} INFO - Created Permission View: menu access on DAG Run:latest_only_with_trigger
[2025-03-07T10:49:35.257+0000] {logging_mixin.py:190} INFO - [2025-03-07T10:49:35.256+0000] {override.py:1912} INFO - Created Permission View: can read on DAG Run:latest_only_with_trigger
[2025-03-07T10:49:35.258+0000] {logging_mixin.py:190} INFO - [2025-03-07T10:49:35.257+0000] {dag.py:3239} INFO - Sync 1 DAGs
[2025-03-07T10:49:35.283+0000] {logging_mixin.py:190} INFO - [2025-03-07T10:49:35.283+0000] {dag.py:3262} INFO - Creating ORM DAG for latest_only_with_trigger
[2025-03-07T10:49:35.305+0000] {logging_mixin.py:190} INFO - [2025-03-07T10:49:35.305+0000] {dag.py:4180} INFO - Setting next_dagrun for latest_only_with_trigger to 2025-03-07 04:00:00+00:00, run_after=2025-03-07 08:00:00+00:00
[2025-03-07T10:49:35.334+0000] {processor.py:208} INFO - Processing /home/airflow/.local/lib/python3.12/site-packages/airflow/example_dags/example_latest_only_with_trigger.py took 0.477 seconds
[2025-03-07T10:50:05.898+0000] {processor.py:186} INFO - Started process (PID=185) to work on /home/airflow/.local/lib/python3.12/site-packages/airflow/example_dags/example_latest_only_with_trigger.py
[2025-03-07T10:50:05.899+0000] {processor.py:914} INFO - Processing file /home/airflow/.local/lib/python3.12/site-packages/airflow/example_dags/example_latest_only_with_trigger.py for tasks to queue
[2025-03-07T10:50:05.901+0000] {logging_mixin.py:190} INFO - [2025-03-07T10:50:05.901+0000] {dagbag.py:588} INFO - Filling up the DagBag from /home/airflow/.local/lib/python3.12/site-packages/airflow/example_dags/example_latest_only_with_trigger.py
[2025-03-07T10:50:05.909+0000] {processor.py:925} INFO - DAG(s) 'latest_only_with_trigger' retrieved from /home/airflow/.local/lib/python3.12/site-packages/airflow/example_dags/example_latest_only_with_trigger.py
[2025-03-07T10:50:05.927+0000] {logging_mixin.py:190} INFO - [2025-03-07T10:50:05.927+0000] {dag.py:3239} INFO - Sync 1 DAGs
[2025-03-07T10:50:05.949+0000] {logging_mixin.py:190} INFO - [2025-03-07T10:50:05.949+0000] {dag.py:4180} INFO - Setting next_dagrun for latest_only_with_trigger to 2025-03-07 04:00:00+00:00, run_after=2025-03-07 08:00:00+00:00
[2025-03-07T10:50:05.970+0000] {processor.py:208} INFO - Processing /home/airflow/.local/lib/python3.12/site-packages/airflow/example_dags/example_latest_only_with_trigger.py took 0.077 seconds
[2025-03-07T10:50:36.283+0000] {processor.py:186} INFO - Started process (PID=247) to work on /home/airflow/.local/lib/python3.12/site-packages/airflow/example_dags/example_latest_only_with_trigger.py
[2025-03-07T10:50:36.284+0000] {processor.py:914} INFO - Processing file /home/airflow/.local/lib/python3.12/site-packages/airflow/example_dags/example_latest_only_with_trigger.py for tasks to queue
[2025-03-07T10:50:36.287+0000] {logging_mixin.py:190} INFO - [2025-03-07T10:50:36.287+0000] {dagbag.py:588} INFO - Filling up the DagBag from /home/airflow/.local/lib/python3.12/site-packages/airflow/example_dags/example_latest_only_with_trigger.py
[2025-03-07T10:50:36.294+0000] {processor.py:925} INFO - DAG(s) 'latest_only_with_trigger' retrieved from /home/airflow/.local/lib/python3.12/site-packages/airflow/example_dags/example_latest_only_with_trigger.py
[2025-03-07T10:50:36.313+0000] {logging_mixin.py:190} INFO - [2025-03-07T10:50:36.313+0000] {dag.py:3239} INFO - Sync 1 DAGs
[2025-03-07T10:50:36.342+0000] {logging_mixin.py:190} INFO - [2025-03-07T10:50:36.342+0000] {dag.py:4180} INFO - Setting next_dagrun for latest_only_with_trigger to 2025-03-07 04:00:00+00:00, run_after=2025-03-07 08:00:00+00:00
[2025-03-07T10:50:36.365+0000] {processor.py:208} INFO - Processing /home/airflow/.local/lib/python3.12/site-packages/airflow/example_dags/example_latest_only_with_trigger.py took 0.086 seconds
[2025-03-07T10:51:06.762+0000] {processor.py:186} INFO - Started process (PID=311) to work on /home/airflow/.local/lib/python3.12/site-packages/airflow/example_dags/example_latest_only_with_trigger.py
[2025-03-07T10:51:06.763+0000] {processor.py:914} INFO - Processing file /home/airflow/.local/lib/python3.12/site-packages/airflow/example_dags/example_latest_only_with_trigger.py for tasks to queue
[2025-03-07T10:51:06.766+0000] {logging_mixin.py:190} INFO - [2025-03-07T10:51:06.765+0000] {dagbag.py:588} INFO - Filling up the DagBag from /home/airflow/.local/lib/python3.12/site-packages/airflow/example_dags/example_latest_only_with_trigger.py
[2025-03-07T10:51:06.774+0000] {processor.py:925} INFO - DAG(s) 'latest_only_with_trigger' retrieved from /home/airflow/.local/lib/python3.12/site-packages/airflow/example_dags/example_latest_only_with_trigger.py
[2025-03-07T10:51:06.798+0000] {logging_mixin.py:190} INFO - [2025-03-07T10:51:06.797+0000] {dag.py:3239} INFO - Sync 1 DAGs
[2025-03-07T10:51:06.832+0000] {logging_mixin.py:190} INFO - [2025-03-07T10:51:06.832+0000] {dag.py:4180} INFO - Setting next_dagrun for latest_only_with_trigger to 2025-03-07 04:00:00+00:00, run_after=2025-03-07 08:00:00+00:00
[2025-03-07T10:51:06.858+0000] {processor.py:208} INFO - Processing /home/airflow/.local/lib/python3.12/site-packages/airflow/example_dags/example_latest_only_with_trigger.py took 0.103 seconds
[2025-03-07T10:51:36.894+0000] {processor.py:186} INFO - Started process (PID=374) to work on /home/airflow/.local/lib/python3.12/site-packages/airflow/example_dags/example_latest_only_with_trigger.py
[2025-03-07T10:51:36.895+0000] {processor.py:914} INFO - Processing file /home/airflow/.local/lib/python3.12/site-packages/airflow/example_dags/example_latest_only_with_trigger.py for tasks to queue
[2025-03-07T10:51:36.898+0000] {logging_mixin.py:190} INFO - [2025-03-07T10:51:36.898+0000] {dagbag.py:588} INFO - Filling up the DagBag from /home/airflow/.local/lib/python3.12/site-packages/airflow/example_dags/example_latest_only_with_trigger.py
[2025-03-07T10:51:36.907+0000] {processor.py:925} INFO - DAG(s) 'latest_only_with_trigger' retrieved from /home/airflow/.local/lib/python3.12/site-packages/airflow/example_dags/example_latest_only_with_trigger.py
[2025-03-07T10:51:36.929+0000] {logging_mixin.py:190} INFO - [2025-03-07T10:51:36.929+0000] {dag.py:3239} INFO - Sync 1 DAGs
[2025-03-07T10:51:36.957+0000] {logging_mixin.py:190} INFO - [2025-03-07T10:51:36.957+0000] {dag.py:4180} INFO - Setting next_dagrun for latest_only_with_trigger to 2025-03-07 04:00:00+00:00, run_after=2025-03-07 08:00:00+00:00
[2025-03-07T10:51:36.983+0000] {processor.py:208} INFO - Processing /home/airflow/.local/lib/python3.12/site-packages/airflow/example_dags/example_latest_only_with_trigger.py took 0.097 seconds
[2025-03-07T10:52:07.374+0000] {processor.py:186} INFO - Started process (PID=436) to work on /home/airflow/.local/lib/python3.12/site-packages/airflow/example_dags/example_latest_only_with_trigger.py
[2025-03-07T10:52:07.376+0000] {processor.py:914} INFO - Processing file /home/airflow/.local/lib/python3.12/site-packages/airflow/example_dags/example_latest_only_with_trigger.py for tasks to queue
[2025-03-07T10:52:07.381+0000] {logging_mixin.py:190} INFO - [2025-03-07T10:52:07.380+0000] {dagbag.py:588} INFO - Filling up the DagBag from /home/airflow/.local/lib/python3.12/site-packages/airflow/example_dags/example_latest_only_with_trigger.py
[2025-03-07T10:52:07.394+0000] {processor.py:925} INFO - DAG(s) 'latest_only_with_trigger' retrieved from /home/airflow/.local/lib/python3.12/site-packages/airflow/example_dags/example_latest_only_with_trigger.py
[2025-03-07T10:52:07.425+0000] {logging_mixin.py:190} INFO - [2025-03-07T10:52:07.425+0000] {dag.py:3239} INFO - Sync 1 DAGs
[2025-03-07T10:52:07.474+0000] {logging_mixin.py:190} INFO - [2025-03-07T10:52:07.474+0000] {dag.py:4180} INFO - Setting next_dagrun for latest_only_with_trigger to 2025-03-07 04:00:00+00:00, run_after=2025-03-07 08:00:00+00:00
[2025-03-07T10:52:07.507+0000] {processor.py:208} INFO - Processing /home/airflow/.local/lib/python3.12/site-packages/airflow/example_dags/example_latest_only_with_trigger.py took 0.146 seconds
[2025-03-07T10:52:38.109+0000] {processor.py:186} INFO - Started process (PID=498) to work on /home/airflow/.local/lib/python3.12/site-packages/airflow/example_dags/example_latest_only_with_trigger.py
[2025-03-07T10:52:38.111+0000] {processor.py:914} INFO - Processing file /home/airflow/.local/lib/python3.12/site-packages/airflow/example_dags/example_latest_only_with_trigger.py for tasks to queue
[2025-03-07T10:52:38.115+0000] {logging_mixin.py:190} INFO - [2025-03-07T10:52:38.114+0000] {dagbag.py:588} INFO - Filling up the DagBag from /home/airflow/.local/lib/python3.12/site-packages/airflow/example_dags/example_latest_only_with_trigger.py
[2025-03-07T10:52:38.128+0000] {processor.py:925} INFO - DAG(s) 'latest_only_with_trigger' retrieved from /home/airflow/.local/lib/python3.12/site-packages/airflow/example_dags/example_latest_only_with_trigger.py
[2025-03-07T10:52:38.157+0000] {logging_mixin.py:190} INFO - [2025-03-07T10:52:38.156+0000] {dag.py:3239} INFO - Sync 1 DAGs
[2025-03-07T10:52:38.194+0000] {logging_mixin.py:190} INFO - [2025-03-07T10:52:38.194+0000] {dag.py:4180} INFO - Setting next_dagrun for latest_only_with_trigger to 2025-03-07 04:00:00+00:00, run_after=2025-03-07 08:00:00+00:00
[2025-03-07T10:52:38.222+0000] {processor.py:208} INFO - Processing /home/airflow/.local/lib/python3.12/site-packages/airflow/example_dags/example_latest_only_with_trigger.py took 0.121 seconds
[2025-03-07T10:53:09.258+0000] {processor.py:186} INFO - Started process (PID=561) to work on /home/airflow/.local/lib/python3.12/site-packages/airflow/example_dags/example_latest_only_with_trigger.py
[2025-03-07T10:53:09.259+0000] {processor.py:914} INFO - Processing file /home/airflow/.local/lib/python3.12/site-packages/airflow/example_dags/example_latest_only_with_trigger.py for tasks to queue
[2025-03-07T10:53:09.264+0000] {logging_mixin.py:190} INFO - [2025-03-07T10:53:09.264+0000] {dagbag.py:588} INFO - Filling up the DagBag from /home/airflow/.local/lib/python3.12/site-packages/airflow/example_dags/example_latest_only_with_trigger.py
[2025-03-07T10:53:09.276+0000] {processor.py:925} INFO - DAG(s) 'latest_only_with_trigger' retrieved from /home/airflow/.local/lib/python3.12/site-packages/airflow/example_dags/example_latest_only_with_trigger.py
[2025-03-07T10:53:09.302+0000] {logging_mixin.py:190} INFO - [2025-03-07T10:53:09.302+0000] {dag.py:3239} INFO - Sync 1 DAGs
[2025-03-07T10:53:09.332+0000] {logging_mixin.py:190} INFO - [2025-03-07T10:53:09.332+0000] {dag.py:4180} INFO - Setting next_dagrun for latest_only_with_trigger to 2025-03-07 04:00:00+00:00, run_after=2025-03-07 08:00:00+00:00
[2025-03-07T10:53:09.356+0000] {processor.py:208} INFO - Processing /home/airflow/.local/lib/python3.12/site-packages/airflow/example_dags/example_latest_only_with_trigger.py took 0.108 seconds
[2025-03-07T10:53:40.547+0000] {processor.py:186} INFO - Started process (PID=625) to work on /home/airflow/.local/lib/python3.12/site-packages/airflow/example_dags/example_latest_only_with_trigger.py
[2025-03-07T10:53:40.549+0000] {processor.py:914} INFO - Processing file /home/airflow/.local/lib/python3.12/site-packages/airflow/example_dags/example_latest_only_with_trigger.py for tasks to queue
[2025-03-07T10:53:40.552+0000] {logging_mixin.py:190} INFO - [2025-03-07T10:53:40.551+0000] {dagbag.py:588} INFO - Filling up the DagBag from /home/airflow/.local/lib/python3.12/site-packages/airflow/example_dags/example_latest_only_with_trigger.py
[2025-03-07T10:53:40.563+0000] {processor.py:925} INFO - DAG(s) 'latest_only_with_trigger' retrieved from /home/airflow/.local/lib/python3.12/site-packages/airflow/example_dags/example_latest_only_with_trigger.py
[2025-03-07T10:53:40.595+0000] {logging_mixin.py:190} INFO - [2025-03-07T10:53:40.595+0000] {dag.py:3239} INFO - Sync 1 DAGs
[2025-03-07T10:53:40.635+0000] {logging_mixin.py:190} INFO - [2025-03-07T10:53:40.635+0000] {dag.py:4180} INFO - Setting next_dagrun for latest_only_with_trigger to 2025-03-07 04:00:00+00:00, run_after=2025-03-07 08:00:00+00:00
[2025-03-07T10:53:40.661+0000] {processor.py:208} INFO - Processing /home/airflow/.local/lib/python3.12/site-packages/airflow/example_dags/example_latest_only_with_trigger.py took 0.122 seconds
[2025-03-07T10:54:11.772+0000] {processor.py:186} INFO - Started process (PID=688) to work on /home/airflow/.local/lib/python3.12/site-packages/airflow/example_dags/example_latest_only_with_trigger.py
[2025-03-07T10:54:11.774+0000] {processor.py:914} INFO - Processing file /home/airflow/.local/lib/python3.12/site-packages/airflow/example_dags/example_latest_only_with_trigger.py for tasks to queue
[2025-03-07T10:54:11.778+0000] {logging_mixin.py:190} INFO - [2025-03-07T10:54:11.777+0000] {dagbag.py:588} INFO - Filling up the DagBag from /home/airflow/.local/lib/python3.12/site-packages/airflow/example_dags/example_latest_only_with_trigger.py
[2025-03-07T10:54:11.789+0000] {processor.py:925} INFO - DAG(s) 'latest_only_with_trigger' retrieved from /home/airflow/.local/lib/python3.12/site-packages/airflow/example_dags/example_latest_only_with_trigger.py
[2025-03-07T10:54:11.825+0000] {logging_mixin.py:190} INFO - [2025-03-07T10:54:11.824+0000] {dag.py:3239} INFO - Sync 1 DAGs
[2025-03-07T10:54:11.878+0000] {logging_mixin.py:190} INFO - [2025-03-07T10:54:11.877+0000] {dag.py:4180} INFO - Setting next_dagrun for latest_only_with_trigger to 2025-03-07 04:00:00+00:00, run_after=2025-03-07 08:00:00+00:00
[2025-03-07T10:54:11.920+0000] {processor.py:208} INFO - Processing /home/airflow/.local/lib/python3.12/site-packages/airflow/example_dags/example_latest_only_with_trigger.py took 0.159 seconds
[2025-03-07T10:54:43.368+0000] {processor.py:186} INFO - Started process (PID=751) to work on /home/airflow/.local/lib/python3.12/site-packages/airflow/example_dags/example_latest_only_with_trigger.py
[2025-03-07T10:54:43.370+0000] {processor.py:914} INFO - Processing file /home/airflow/.local/lib/python3.12/site-packages/airflow/example_dags/example_latest_only_with_trigger.py for tasks to queue
[2025-03-07T10:54:43.374+0000] {logging_mixin.py:190} INFO - [2025-03-07T10:54:43.373+0000] {dagbag.py:588} INFO - Filling up the DagBag from /home/airflow/.local/lib/python3.12/site-packages/airflow/example_dags/example_latest_only_with_trigger.py
[2025-03-07T10:54:43.391+0000] {processor.py:925} INFO - DAG(s) 'latest_only_with_trigger' retrieved from /home/airflow/.local/lib/python3.12/site-packages/airflow/example_dags/example_latest_only_with_trigger.py
[2025-03-07T10:54:43.420+0000] {logging_mixin.py:190} INFO - [2025-03-07T10:54:43.419+0000] {dag.py:3239} INFO - Sync 1 DAGs
[2025-03-07T10:54:43.456+0000] {logging_mixin.py:190} INFO - [2025-03-07T10:54:43.456+0000] {dag.py:4180} INFO - Setting next_dagrun for latest_only_with_trigger to 2025-03-07 04:00:00+00:00, run_after=2025-03-07 08:00:00+00:00
[2025-03-07T10:54:43.486+0000] {processor.py:208} INFO - Processing /home/airflow/.local/lib/python3.12/site-packages/airflow/example_dags/example_latest_only_with_trigger.py took 0.129 seconds
[2025-03-07T10:55:14.637+0000] {processor.py:186} INFO - Started process (PID=814) to work on /home/airflow/.local/lib/python3.12/site-packages/airflow/example_dags/example_latest_only_with_trigger.py
[2025-03-07T10:55:14.639+0000] {processor.py:914} INFO - Processing file /home/airflow/.local/lib/python3.12/site-packages/airflow/example_dags/example_latest_only_with_trigger.py for tasks to queue
[2025-03-07T10:55:14.643+0000] {logging_mixin.py:190} INFO - [2025-03-07T10:55:14.643+0000] {dagbag.py:588} INFO - Filling up the DagBag from /home/airflow/.local/lib/python3.12/site-packages/airflow/example_dags/example_latest_only_with_trigger.py
[2025-03-07T10:55:14.656+0000] {processor.py:925} INFO - DAG(s) 'latest_only_with_trigger' retrieved from /home/airflow/.local/lib/python3.12/site-packages/airflow/example_dags/example_latest_only_with_trigger.py
[2025-03-07T10:55:14.704+0000] {logging_mixin.py:190} INFO - [2025-03-07T10:55:14.698+0000] {dag.py:3239} INFO - Sync 1 DAGs
[2025-03-07T10:55:14.806+0000] {logging_mixin.py:190} INFO - [2025-03-07T10:55:14.805+0000] {dag.py:4180} INFO - Setting next_dagrun for latest_only_with_trigger to 2025-03-07 04:00:00+00:00, run_after=2025-03-07 08:00:00+00:00
[2025-03-07T10:55:14.886+0000] {processor.py:208} INFO - Processing /home/airflow/.local/lib/python3.12/site-packages/airflow/example_dags/example_latest_only_with_trigger.py took 0.258 seconds
[2025-03-07T10:55:46.190+0000] {processor.py:186} INFO - Started process (PID=877) to work on /home/airflow/.local/lib/python3.12/site-packages/airflow/example_dags/example_latest_only_with_trigger.py
[2025-03-07T10:55:46.192+0000] {processor.py:914} INFO - Processing file /home/airflow/.local/lib/python3.12/site-packages/airflow/example_dags/example_latest_only_with_trigger.py for tasks to queue
[2025-03-07T10:55:46.195+0000] {logging_mixin.py:190} INFO - [2025-03-07T10:55:46.195+0000] {dagbag.py:588} INFO - Filling up the DagBag from /home/airflow/.local/lib/python3.12/site-packages/airflow/example_dags/example_latest_only_with_trigger.py
[2025-03-07T10:55:46.206+0000] {processor.py:925} INFO - DAG(s) 'latest_only_with_trigger' retrieved from /home/airflow/.local/lib/python3.12/site-packages/airflow/example_dags/example_latest_only_with_trigger.py
[2025-03-07T10:55:46.236+0000] {logging_mixin.py:190} INFO - [2025-03-07T10:55:46.236+0000] {dag.py:3239} INFO - Sync 1 DAGs
[2025-03-07T10:55:46.278+0000] {logging_mixin.py:190} INFO - [2025-03-07T10:55:46.277+0000] {dag.py:4180} INFO - Setting next_dagrun for latest_only_with_trigger to 2025-03-07 04:00:00+00:00, run_after=2025-03-07 08:00:00+00:00
[2025-03-07T10:55:46.313+0000] {processor.py:208} INFO - Processing /home/airflow/.local/lib/python3.12/site-packages/airflow/example_dags/example_latest_only_with_trigger.py took 0.131 seconds
[2025-03-07T10:56:18.176+0000] {processor.py:186} INFO - Started process (PID=940) to work on /home/airflow/.local/lib/python3.12/site-packages/airflow/example_dags/example_latest_only_with_trigger.py
[2025-03-07T10:56:18.178+0000] {processor.py:914} INFO - Processing file /home/airflow/.local/lib/python3.12/site-packages/airflow/example_dags/example_latest_only_with_trigger.py for tasks to queue
[2025-03-07T10:56:18.182+0000] {logging_mixin.py:190} INFO - [2025-03-07T10:56:18.181+0000] {dagbag.py:588} INFO - Filling up the DagBag from /home/airflow/.local/lib/python3.12/site-packages/airflow/example_dags/example_latest_only_with_trigger.py
[2025-03-07T10:56:18.197+0000] {processor.py:925} INFO - DAG(s) 'latest_only_with_trigger' retrieved from /home/airflow/.local/lib/python3.12/site-packages/airflow/example_dags/example_latest_only_with_trigger.py
[2025-03-07T10:56:18.241+0000] {logging_mixin.py:190} INFO - [2025-03-07T10:56:18.240+0000] {dag.py:3239} INFO - Sync 1 DAGs
[2025-03-07T10:56:18.297+0000] {logging_mixin.py:190} INFO - [2025-03-07T10:56:18.296+0000] {dag.py:4180} INFO - Setting next_dagrun for latest_only_with_trigger to 2025-03-07 04:00:00+00:00, run_after=2025-03-07 08:00:00+00:00
[2025-03-07T10:56:18.340+0000] {processor.py:208} INFO - Processing /home/airflow/.local/lib/python3.12/site-packages/airflow/example_dags/example_latest_only_with_trigger.py took 0.176 seconds
[2025-03-07T10:56:50.333+0000] {processor.py:186} INFO - Started process (PID=1003) to work on /home/airflow/.local/lib/python3.12/site-packages/airflow/example_dags/example_latest_only_with_trigger.py
[2025-03-07T10:56:50.334+0000] {processor.py:914} INFO - Processing file /home/airflow/.local/lib/python3.12/site-packages/airflow/example_dags/example_latest_only_with_trigger.py for tasks to queue
[2025-03-07T10:56:50.337+0000] {logging_mixin.py:190} INFO - [2025-03-07T10:56:50.337+0000] {dagbag.py:588} INFO - Filling up the DagBag from /home/airflow/.local/lib/python3.12/site-packages/airflow/example_dags/example_latest_only_with_trigger.py
[2025-03-07T10:56:50.348+0000] {processor.py:925} INFO - DAG(s) 'latest_only_with_trigger' retrieved from /home/airflow/.local/lib/python3.12/site-packages/airflow/example_dags/example_latest_only_with_trigger.py
[2025-03-07T10:56:50.377+0000] {logging_mixin.py:190} INFO - [2025-03-07T10:56:50.376+0000] {dag.py:3239} INFO - Sync 1 DAGs
[2025-03-07T10:56:50.417+0000] {logging_mixin.py:190} INFO - [2025-03-07T10:56:50.416+0000] {dag.py:4180} INFO - Setting next_dagrun for latest_only_with_trigger to 2025-03-07 04:00:00+00:00, run_after=2025-03-07 08:00:00+00:00
[2025-03-07T10:56:50.445+0000] {processor.py:208} INFO - Processing /home/airflow/.local/lib/python3.12/site-packages/airflow/example_dags/example_latest_only_with_trigger.py took 0.121 seconds
[2025-03-07T10:57:21.216+0000] {processor.py:186} INFO - Started process (PID=1066) to work on /home/airflow/.local/lib/python3.12/site-packages/airflow/example_dags/example_latest_only_with_trigger.py
[2025-03-07T10:57:21.218+0000] {processor.py:914} INFO - Processing file /home/airflow/.local/lib/python3.12/site-packages/airflow/example_dags/example_latest_only_with_trigger.py for tasks to queue
[2025-03-07T10:57:21.223+0000] {logging_mixin.py:190} INFO - [2025-03-07T10:57:21.222+0000] {dagbag.py:588} INFO - Filling up the DagBag from /home/airflow/.local/lib/python3.12/site-packages/airflow/example_dags/example_latest_only_with_trigger.py
[2025-03-07T10:57:21.236+0000] {processor.py:925} INFO - DAG(s) 'latest_only_with_trigger' retrieved from /home/airflow/.local/lib/python3.12/site-packages/airflow/example_dags/example_latest_only_with_trigger.py
[2025-03-07T10:57:21.280+0000] {logging_mixin.py:190} INFO - [2025-03-07T10:57:21.279+0000] {dag.py:3239} INFO - Sync 1 DAGs
[2025-03-07T10:57:21.330+0000] {logging_mixin.py:190} INFO - [2025-03-07T10:57:21.330+0000] {dag.py:4180} INFO - Setting next_dagrun for latest_only_with_trigger to 2025-03-07 04:00:00+00:00, run_after=2025-03-07 08:00:00+00:00
[2025-03-07T10:57:21.366+0000] {processor.py:208} INFO - Processing /home/airflow/.local/lib/python3.12/site-packages/airflow/example_dags/example_latest_only_with_trigger.py took 0.160 seconds
[2025-03-07T10:57:52.179+0000] {processor.py:186} INFO - Started process (PID=1129) to work on /home/airflow/.local/lib/python3.12/site-packages/airflow/example_dags/example_latest_only_with_trigger.py
[2025-03-07T10:57:52.181+0000] {processor.py:914} INFO - Processing file /home/airflow/.local/lib/python3.12/site-packages/airflow/example_dags/example_latest_only_with_trigger.py for tasks to queue
[2025-03-07T10:57:52.185+0000] {logging_mixin.py:190} INFO - [2025-03-07T10:57:52.184+0000] {dagbag.py:588} INFO - Filling up the DagBag from /home/airflow/.local/lib/python3.12/site-packages/airflow/example_dags/example_latest_only_with_trigger.py
[2025-03-07T10:57:52.220+0000] {processor.py:925} INFO - DAG(s) 'latest_only_with_trigger' retrieved from /home/airflow/.local/lib/python3.12/site-packages/airflow/example_dags/example_latest_only_with_trigger.py
[2025-03-07T10:57:52.254+0000] {logging_mixin.py:190} INFO - [2025-03-07T10:57:52.253+0000] {dag.py:3239} INFO - Sync 1 DAGs
[2025-03-07T10:57:52.304+0000] {logging_mixin.py:190} INFO - [2025-03-07T10:57:52.304+0000] {dag.py:4180} INFO - Setting next_dagrun for latest_only_with_trigger to 2025-03-07 04:00:00+00:00, run_after=2025-03-07 08:00:00+00:00
[2025-03-07T10:57:52.343+0000] {processor.py:208} INFO - Processing /home/airflow/.local/lib/python3.12/site-packages/airflow/example_dags/example_latest_only_with_trigger.py took 0.175 seconds
[2025-03-07T10:58:24.045+0000] {processor.py:186} INFO - Started process (PID=1192) to work on /home/airflow/.local/lib/python3.12/site-packages/airflow/example_dags/example_latest_only_with_trigger.py
[2025-03-07T10:58:24.046+0000] {processor.py:914} INFO - Processing file /home/airflow/.local/lib/python3.12/site-packages/airflow/example_dags/example_latest_only_with_trigger.py for tasks to queue
[2025-03-07T10:58:24.050+0000] {logging_mixin.py:190} INFO - [2025-03-07T10:58:24.049+0000] {dagbag.py:588} INFO - Filling up the DagBag from /home/airflow/.local/lib/python3.12/site-packages/airflow/example_dags/example_latest_only_with_trigger.py
[2025-03-07T10:58:24.061+0000] {processor.py:925} INFO - DAG(s) 'latest_only_with_trigger' retrieved from /home/airflow/.local/lib/python3.12/site-packages/airflow/example_dags/example_latest_only_with_trigger.py
[2025-03-07T10:58:24.091+0000] {logging_mixin.py:190} INFO - [2025-03-07T10:58:24.090+0000] {dag.py:3239} INFO - Sync 1 DAGs
[2025-03-07T10:58:24.129+0000] {logging_mixin.py:190} INFO - [2025-03-07T10:58:24.128+0000] {dag.py:4180} INFO - Setting next_dagrun for latest_only_with_trigger to 2025-03-07 04:00:00+00:00, run_after=2025-03-07 08:00:00+00:00
[2025-03-07T10:58:24.153+0000] {processor.py:208} INFO - Processing /home/airflow/.local/lib/python3.12/site-packages/airflow/example_dags/example_latest_only_with_trigger.py took 0.117 seconds
[2025-03-07T10:58:55.531+0000] {processor.py:186} INFO - Started process (PID=1255) to work on /home/airflow/.local/lib/python3.12/site-packages/airflow/example_dags/example_latest_only_with_trigger.py
[2025-03-07T10:58:55.533+0000] {processor.py:914} INFO - Processing file /home/airflow/.local/lib/python3.12/site-packages/airflow/example_dags/example_latest_only_with_trigger.py for tasks to queue
[2025-03-07T10:58:55.537+0000] {logging_mixin.py:190} INFO - [2025-03-07T10:58:55.536+0000] {dagbag.py:588} INFO - Filling up the DagBag from /home/airflow/.local/lib/python3.12/site-packages/airflow/example_dags/example_latest_only_with_trigger.py
[2025-03-07T10:58:55.551+0000] {processor.py:925} INFO - DAG(s) 'latest_only_with_trigger' retrieved from /home/airflow/.local/lib/python3.12/site-packages/airflow/example_dags/example_latest_only_with_trigger.py
[2025-03-07T10:58:55.584+0000] {logging_mixin.py:190} INFO - [2025-03-07T10:58:55.584+0000] {dag.py:3239} INFO - Sync 1 DAGs
[2025-03-07T10:58:55.627+0000] {logging_mixin.py:190} INFO - [2025-03-07T10:58:55.627+0000] {dag.py:4180} INFO - Setting next_dagrun for latest_only_with_trigger to 2025-03-07 04:00:00+00:00, run_after=2025-03-07 08:00:00+00:00
[2025-03-07T10:58:55.662+0000] {processor.py:208} INFO - Processing /home/airflow/.local/lib/python3.12/site-packages/airflow/example_dags/example_latest_only_with_trigger.py took 0.141 seconds
[2025-03-07T10:59:26.647+0000] {processor.py:186} INFO - Started process (PID=1318) to work on /home/airflow/.local/lib/python3.12/site-packages/airflow/example_dags/example_latest_only_with_trigger.py
[2025-03-07T10:59:26.649+0000] {processor.py:914} INFO - Processing file /home/airflow/.local/lib/python3.12/site-packages/airflow/example_dags/example_latest_only_with_trigger.py for tasks to queue
[2025-03-07T10:59:26.652+0000] {logging_mixin.py:190} INFO - [2025-03-07T10:59:26.651+0000] {dagbag.py:588} INFO - Filling up the DagBag from /home/airflow/.local/lib/python3.12/site-packages/airflow/example_dags/example_latest_only_with_trigger.py
[2025-03-07T10:59:26.662+0000] {processor.py:925} INFO - DAG(s) 'latest_only_with_trigger' retrieved from /home/airflow/.local/lib/python3.12/site-packages/airflow/example_dags/example_latest_only_with_trigger.py
[2025-03-07T10:59:26.687+0000] {logging_mixin.py:190} INFO - [2025-03-07T10:59:26.687+0000] {dag.py:3239} INFO - Sync 1 DAGs
[2025-03-07T10:59:26.721+0000] {logging_mixin.py:190} INFO - [2025-03-07T10:59:26.721+0000] {dag.py:4180} INFO - Setting next_dagrun for latest_only_with_trigger to 2025-03-07 04:00:00+00:00, run_after=2025-03-07 08:00:00+00:00
[2025-03-07T10:59:26.748+0000] {processor.py:208} INFO - Processing /home/airflow/.local/lib/python3.12/site-packages/airflow/example_dags/example_latest_only_with_trigger.py took 0.108 seconds
[2025-03-07T10:59:58.523+0000] {processor.py:186} INFO - Started process (PID=1381) to work on /home/airflow/.local/lib/python3.12/site-packages/airflow/example_dags/example_latest_only_with_trigger.py
[2025-03-07T10:59:58.524+0000] {processor.py:914} INFO - Processing file /home/airflow/.local/lib/python3.12/site-packages/airflow/example_dags/example_latest_only_with_trigger.py for tasks to queue
[2025-03-07T10:59:58.528+0000] {logging_mixin.py:190} INFO - [2025-03-07T10:59:58.528+0000] {dagbag.py:588} INFO - Filling up the DagBag from /home/airflow/.local/lib/python3.12/site-packages/airflow/example_dags/example_latest_only_with_trigger.py
[2025-03-07T10:59:58.540+0000] {processor.py:925} INFO - DAG(s) 'latest_only_with_trigger' retrieved from /home/airflow/.local/lib/python3.12/site-packages/airflow/example_dags/example_latest_only_with_trigger.py
[2025-03-07T10:59:58.574+0000] {logging_mixin.py:190} INFO - [2025-03-07T10:59:58.573+0000] {dag.py:3239} INFO - Sync 1 DAGs
[2025-03-07T10:59:58.617+0000] {logging_mixin.py:190} INFO - [2025-03-07T10:59:58.617+0000] {dag.py:4180} INFO - Setting next_dagrun for latest_only_with_trigger to 2025-03-07 04:00:00+00:00, run_after=2025-03-07 08:00:00+00:00
[2025-03-07T10:59:58.652+0000] {processor.py:208} INFO - Processing /home/airflow/.local/lib/python3.12/site-packages/airflow/example_dags/example_latest_only_with_trigger.py took 0.140 seconds
[2025-03-07T11:00:32.246+0000] {processor.py:186} INFO - Started process (PID=1444) to work on /home/airflow/.local/lib/python3.12/site-packages/airflow/example_dags/example_latest_only_with_trigger.py
[2025-03-07T11:00:32.250+0000] {processor.py:914} INFO - Processing file /home/airflow/.local/lib/python3.12/site-packages/airflow/example_dags/example_latest_only_with_trigger.py for tasks to queue
[2025-03-07T11:00:32.254+0000] {logging_mixin.py:190} INFO - [2025-03-07T11:00:32.253+0000] {dagbag.py:588} INFO - Filling up the DagBag from /home/airflow/.local/lib/python3.12/site-packages/airflow/example_dags/example_latest_only_with_trigger.py
[2025-03-07T11:00:32.269+0000] {processor.py:925} INFO - DAG(s) 'latest_only_with_trigger' retrieved from /home/airflow/.local/lib/python3.12/site-packages/airflow/example_dags/example_latest_only_with_trigger.py
[2025-03-07T11:00:32.305+0000] {logging_mixin.py:190} INFO - [2025-03-07T11:00:32.305+0000] {dag.py:3239} INFO - Sync 1 DAGs
[2025-03-07T11:00:32.353+0000] {logging_mixin.py:190} INFO - [2025-03-07T11:00:32.352+0000] {dag.py:4180} INFO - Setting next_dagrun for latest_only_with_trigger to 2025-03-07 04:00:00+00:00, run_after=2025-03-07 08:00:00+00:00
[2025-03-07T11:00:32.391+0000] {processor.py:208} INFO - Processing /home/airflow/.local/lib/python3.12/site-packages/airflow/example_dags/example_latest_only_with_trigger.py took 0.158 seconds
[2025-03-07T11:01:03.212+0000] {processor.py:186} INFO - Started process (PID=1507) to work on /home/airflow/.local/lib/python3.12/site-packages/airflow/example_dags/example_latest_only_with_trigger.py
[2025-03-07T11:01:03.214+0000] {processor.py:914} INFO - Processing file /home/airflow/.local/lib/python3.12/site-packages/airflow/example_dags/example_latest_only_with_trigger.py for tasks to queue
[2025-03-07T11:01:03.218+0000] {logging_mixin.py:190} INFO - [2025-03-07T11:01:03.217+0000] {dagbag.py:588} INFO - Filling up the DagBag from /home/airflow/.local/lib/python3.12/site-packages/airflow/example_dags/example_latest_only_with_trigger.py
[2025-03-07T11:01:03.228+0000] {processor.py:925} INFO - DAG(s) 'latest_only_with_trigger' retrieved from /home/airflow/.local/lib/python3.12/site-packages/airflow/example_dags/example_latest_only_with_trigger.py
[2025-03-07T11:01:03.255+0000] {logging_mixin.py:190} INFO - [2025-03-07T11:01:03.254+0000] {dag.py:3239} INFO - Sync 1 DAGs
[2025-03-07T11:01:03.292+0000] {logging_mixin.py:190} INFO - [2025-03-07T11:01:03.291+0000] {dag.py:4180} INFO - Setting next_dagrun for latest_only_with_trigger to 2025-03-07 04:00:00+00:00, run_after=2025-03-07 08:00:00+00:00
[2025-03-07T11:01:03.320+0000] {processor.py:208} INFO - Processing /home/airflow/.local/lib/python3.12/site-packages/airflow/example_dags/example_latest_only_with_trigger.py took 0.116 seconds
[2025-03-07T11:01:34.629+0000] {processor.py:186} INFO - Started process (PID=1576) to work on /home/airflow/.local/lib/python3.12/site-packages/airflow/example_dags/example_latest_only_with_trigger.py
[2025-03-07T11:01:34.631+0000] {processor.py:914} INFO - Processing file /home/airflow/.local/lib/python3.12/site-packages/airflow/example_dags/example_latest_only_with_trigger.py for tasks to queue
[2025-03-07T11:01:34.634+0000] {logging_mixin.py:190} INFO - [2025-03-07T11:01:34.633+0000] {dagbag.py:588} INFO - Filling up the DagBag from /home/airflow/.local/lib/python3.12/site-packages/airflow/example_dags/example_latest_only_with_trigger.py
[2025-03-07T11:01:34.644+0000] {processor.py:925} INFO - DAG(s) 'latest_only_with_trigger' retrieved from /home/airflow/.local/lib/python3.12/site-packages/airflow/example_dags/example_latest_only_with_trigger.py
[2025-03-07T11:01:34.671+0000] {logging_mixin.py:190} INFO - [2025-03-07T11:01:34.670+0000] {dag.py:3239} INFO - Sync 1 DAGs
[2025-03-07T11:01:34.713+0000] {logging_mixin.py:190} INFO - [2025-03-07T11:01:34.713+0000] {dag.py:4180} INFO - Setting next_dagrun for latest_only_with_trigger to 2025-03-07 04:00:00+00:00, run_after=2025-03-07 08:00:00+00:00
[2025-03-07T11:01:34.754+0000] {processor.py:208} INFO - Processing /home/airflow/.local/lib/python3.12/site-packages/airflow/example_dags/example_latest_only_with_trigger.py took 0.132 seconds
[2025-03-07T11:02:07.875+0000] {processor.py:186} INFO - Started process (PID=1641) to work on /home/airflow/.local/lib/python3.12/site-packages/airflow/example_dags/example_latest_only_with_trigger.py
[2025-03-07T11:02:07.879+0000] {processor.py:914} INFO - Processing file /home/airflow/.local/lib/python3.12/site-packages/airflow/example_dags/example_latest_only_with_trigger.py for tasks to queue
[2025-03-07T11:02:07.887+0000] {logging_mixin.py:190} INFO - [2025-03-07T11:02:07.885+0000] {dagbag.py:588} INFO - Filling up the DagBag from /home/airflow/.local/lib/python3.12/site-packages/airflow/example_dags/example_latest_only_with_trigger.py
[2025-03-07T11:02:07.909+0000] {processor.py:925} INFO - DAG(s) 'latest_only_with_trigger' retrieved from /home/airflow/.local/lib/python3.12/site-packages/airflow/example_dags/example_latest_only_with_trigger.py
[2025-03-07T11:02:07.961+0000] {logging_mixin.py:190} INFO - [2025-03-07T11:02:07.961+0000] {dag.py:3239} INFO - Sync 1 DAGs
[2025-03-07T11:02:08.035+0000] {logging_mixin.py:190} INFO - [2025-03-07T11:02:08.034+0000] {dag.py:4180} INFO - Setting next_dagrun for latest_only_with_trigger to 2025-03-07 04:00:00+00:00, run_after=2025-03-07 08:00:00+00:00
[2025-03-07T11:02:08.090+0000] {processor.py:208} INFO - Processing /home/airflow/.local/lib/python3.12/site-packages/airflow/example_dags/example_latest_only_with_trigger.py took 0.234 seconds
[2025-03-07T11:03:01.759+0000] {processor.py:186} INFO - Started process (PID=1714) to work on /home/airflow/.local/lib/python3.12/site-packages/airflow/example_dags/example_latest_only_with_trigger.py
[2025-03-07T11:03:01.761+0000] {processor.py:914} INFO - Processing file /home/airflow/.local/lib/python3.12/site-packages/airflow/example_dags/example_latest_only_with_trigger.py for tasks to queue
[2025-03-07T11:03:01.774+0000] {logging_mixin.py:190} INFO - [2025-03-07T11:03:01.765+0000] {dagbag.py:588} INFO - Filling up the DagBag from /home/airflow/.local/lib/python3.12/site-packages/airflow/example_dags/example_latest_only_with_trigger.py
[2025-03-07T11:03:01.911+0000] {processor.py:925} INFO - DAG(s) 'latest_only_with_trigger' retrieved from /home/airflow/.local/lib/python3.12/site-packages/airflow/example_dags/example_latest_only_with_trigger.py
[2025-03-07T11:03:02.041+0000] {logging_mixin.py:190} INFO - [2025-03-07T11:03:02.041+0000] {dag.py:3239} INFO - Sync 1 DAGs
[2025-03-07T11:03:02.144+0000] {logging_mixin.py:190} INFO - [2025-03-07T11:03:02.144+0000] {dag.py:4180} INFO - Setting next_dagrun for latest_only_with_trigger to 2025-03-07 04:00:00+00:00, run_after=2025-03-07 08:00:00+00:00
[2025-03-07T11:03:02.344+0000] {processor.py:208} INFO - Processing /home/airflow/.local/lib/python3.12/site-packages/airflow/example_dags/example_latest_only_with_trigger.py took 0.613 seconds
[2025-03-07T11:04:01.079+0000] {processor.py:186} INFO - Started process (PID=1796) to work on /home/airflow/.local/lib/python3.12/site-packages/airflow/example_dags/example_latest_only_with_trigger.py
[2025-03-07T11:04:01.204+0000] {processor.py:914} INFO - Processing file /home/airflow/.local/lib/python3.12/site-packages/airflow/example_dags/example_latest_only_with_trigger.py for tasks to queue
[2025-03-07T11:04:01.225+0000] {logging_mixin.py:190} INFO - [2025-03-07T11:04:01.224+0000] {dagbag.py:588} INFO - Filling up the DagBag from /home/airflow/.local/lib/python3.12/site-packages/airflow/example_dags/example_latest_only_with_trigger.py
[2025-03-07T11:04:01.293+0000] {processor.py:925} INFO - DAG(s) 'latest_only_with_trigger' retrieved from /home/airflow/.local/lib/python3.12/site-packages/airflow/example_dags/example_latest_only_with_trigger.py
[2025-03-07T11:04:01.413+0000] {logging_mixin.py:190} INFO - [2025-03-07T11:04:01.412+0000] {dag.py:3239} INFO - Sync 1 DAGs
[2025-03-07T11:04:01.525+0000] {logging_mixin.py:190} INFO - [2025-03-07T11:04:01.525+0000] {dag.py:4180} INFO - Setting next_dagrun for latest_only_with_trigger to 2025-03-07 04:00:00+00:00, run_after=2025-03-07 08:00:00+00:00
[2025-03-07T11:04:01.655+0000] {processor.py:208} INFO - Processing /home/airflow/.local/lib/python3.12/site-packages/airflow/example_dags/example_latest_only_with_trigger.py took 0.625 seconds
[2025-03-07T11:04:49.961+0000] {processor.py:186} INFO - Started process (PID=1866) to work on /home/airflow/.local/lib/python3.12/site-packages/airflow/example_dags/example_latest_only_with_trigger.py
[2025-03-07T11:04:49.967+0000] {processor.py:914} INFO - Processing file /home/airflow/.local/lib/python3.12/site-packages/airflow/example_dags/example_latest_only_with_trigger.py for tasks to queue
[2025-03-07T11:04:49.984+0000] {logging_mixin.py:190} INFO - [2025-03-07T11:04:49.984+0000] {dagbag.py:588} INFO - Filling up the DagBag from /home/airflow/.local/lib/python3.12/site-packages/airflow/example_dags/example_latest_only_with_trigger.py
[2025-03-07T11:04:50.003+0000] {processor.py:925} INFO - DAG(s) 'latest_only_with_trigger' retrieved from /home/airflow/.local/lib/python3.12/site-packages/airflow/example_dags/example_latest_only_with_trigger.py
[2025-03-07T11:04:50.175+0000] {logging_mixin.py:190} INFO - [2025-03-07T11:04:50.174+0000] {dag.py:3239} INFO - Sync 1 DAGs
[2025-03-07T11:04:50.328+0000] {logging_mixin.py:190} INFO - [2025-03-07T11:04:50.326+0000] {dag.py:4180} INFO - Setting next_dagrun for latest_only_with_trigger to 2025-03-07 04:00:00+00:00, run_after=2025-03-07 08:00:00+00:00
[2025-03-07T11:04:50.455+0000] {processor.py:208} INFO - Processing /home/airflow/.local/lib/python3.12/site-packages/airflow/example_dags/example_latest_only_with_trigger.py took 0.511 seconds
[2025-03-07T11:05:22.682+0000] {processor.py:186} INFO - Started process (PID=1929) to work on /home/airflow/.local/lib/python3.12/site-packages/airflow/example_dags/example_latest_only_with_trigger.py
[2025-03-07T11:05:22.722+0000] {processor.py:914} INFO - Processing file /home/airflow/.local/lib/python3.12/site-packages/airflow/example_dags/example_latest_only_with_trigger.py for tasks to queue
[2025-03-07T11:05:22.737+0000] {logging_mixin.py:190} INFO - [2025-03-07T11:05:22.736+0000] {dagbag.py:588} INFO - Filling up the DagBag from /home/airflow/.local/lib/python3.12/site-packages/airflow/example_dags/example_latest_only_with_trigger.py
[2025-03-07T11:05:22.784+0000] {processor.py:925} INFO - DAG(s) 'latest_only_with_trigger' retrieved from /home/airflow/.local/lib/python3.12/site-packages/airflow/example_dags/example_latest_only_with_trigger.py
[2025-03-07T11:05:22.915+0000] {logging_mixin.py:190} INFO - [2025-03-07T11:05:22.914+0000] {dag.py:3239} INFO - Sync 1 DAGs
[2025-03-07T11:05:23.074+0000] {logging_mixin.py:190} INFO - [2025-03-07T11:05:23.074+0000] {dag.py:4180} INFO - Setting next_dagrun for latest_only_with_trigger to 2025-03-07 04:00:00+00:00, run_after=2025-03-07 08:00:00+00:00
[2025-03-07T11:05:23.216+0000] {processor.py:208} INFO - Processing /home/airflow/.local/lib/python3.12/site-packages/airflow/example_dags/example_latest_only_with_trigger.py took 0.564 seconds
[2025-03-07T11:05:58.016+0000] {processor.py:186} INFO - Started process (PID=1991) to work on /home/airflow/.local/lib/python3.12/site-packages/airflow/example_dags/example_latest_only_with_trigger.py
[2025-03-07T11:05:58.018+0000] {processor.py:914} INFO - Processing file /home/airflow/.local/lib/python3.12/site-packages/airflow/example_dags/example_latest_only_with_trigger.py for tasks to queue
[2025-03-07T11:05:58.029+0000] {logging_mixin.py:190} INFO - [2025-03-07T11:05:58.029+0000] {dagbag.py:588} INFO - Filling up the DagBag from /home/airflow/.local/lib/python3.12/site-packages/airflow/example_dags/example_latest_only_with_trigger.py
[2025-03-07T11:05:58.052+0000] {processor.py:925} INFO - DAG(s) 'latest_only_with_trigger' retrieved from /home/airflow/.local/lib/python3.12/site-packages/airflow/example_dags/example_latest_only_with_trigger.py
[2025-03-07T11:05:58.123+0000] {logging_mixin.py:190} INFO - [2025-03-07T11:05:58.121+0000] {dag.py:3239} INFO - Sync 1 DAGs
[2025-03-07T11:05:58.199+0000] {logging_mixin.py:190} INFO - [2025-03-07T11:05:58.198+0000] {dag.py:4180} INFO - Setting next_dagrun for latest_only_with_trigger to 2025-03-07 04:00:00+00:00, run_after=2025-03-07 08:00:00+00:00
[2025-03-07T11:05:58.255+0000] {processor.py:208} INFO - Processing /home/airflow/.local/lib/python3.12/site-packages/airflow/example_dags/example_latest_only_with_trigger.py took 0.257 seconds
[2025-03-07T11:06:30.447+0000] {processor.py:186} INFO - Started process (PID=2058) to work on /home/airflow/.local/lib/python3.12/site-packages/airflow/example_dags/example_latest_only_with_trigger.py
[2025-03-07T11:06:30.448+0000] {processor.py:914} INFO - Processing file /home/airflow/.local/lib/python3.12/site-packages/airflow/example_dags/example_latest_only_with_trigger.py for tasks to queue
[2025-03-07T11:06:30.456+0000] {logging_mixin.py:190} INFO - [2025-03-07T11:06:30.456+0000] {dagbag.py:588} INFO - Filling up the DagBag from /home/airflow/.local/lib/python3.12/site-packages/airflow/example_dags/example_latest_only_with_trigger.py
[2025-03-07T11:06:30.472+0000] {processor.py:925} INFO - DAG(s) 'latest_only_with_trigger' retrieved from /home/airflow/.local/lib/python3.12/site-packages/airflow/example_dags/example_latest_only_with_trigger.py
[2025-03-07T11:06:30.509+0000] {logging_mixin.py:190} INFO - [2025-03-07T11:06:30.509+0000] {dag.py:3239} INFO - Sync 1 DAGs
[2025-03-07T11:06:30.566+0000] {logging_mixin.py:190} INFO - [2025-03-07T11:06:30.565+0000] {dag.py:4180} INFO - Setting next_dagrun for latest_only_with_trigger to 2025-03-07 04:00:00+00:00, run_after=2025-03-07 08:00:00+00:00
[2025-03-07T11:06:30.612+0000] {processor.py:208} INFO - Processing /home/airflow/.local/lib/python3.12/site-packages/airflow/example_dags/example_latest_only_with_trigger.py took 0.178 seconds
[2025-03-07T11:07:02.744+0000] {processor.py:186} INFO - Started process (PID=2125) to work on /home/airflow/.local/lib/python3.12/site-packages/airflow/example_dags/example_latest_only_with_trigger.py
[2025-03-07T11:07:02.746+0000] {processor.py:914} INFO - Processing file /home/airflow/.local/lib/python3.12/site-packages/airflow/example_dags/example_latest_only_with_trigger.py for tasks to queue
[2025-03-07T11:07:02.750+0000] {logging_mixin.py:190} INFO - [2025-03-07T11:07:02.750+0000] {dagbag.py:588} INFO - Filling up the DagBag from /home/airflow/.local/lib/python3.12/site-packages/airflow/example_dags/example_latest_only_with_trigger.py
[2025-03-07T11:07:02.764+0000] {processor.py:925} INFO - DAG(s) 'latest_only_with_trigger' retrieved from /home/airflow/.local/lib/python3.12/site-packages/airflow/example_dags/example_latest_only_with_trigger.py
[2025-03-07T11:07:02.800+0000] {logging_mixin.py:190} INFO - [2025-03-07T11:07:02.800+0000] {dag.py:3239} INFO - Sync 1 DAGs
[2025-03-07T11:07:02.855+0000] {logging_mixin.py:190} INFO - [2025-03-07T11:07:02.855+0000] {dag.py:4180} INFO - Setting next_dagrun for latest_only_with_trigger to 2025-03-07 04:00:00+00:00, run_after=2025-03-07 08:00:00+00:00
[2025-03-07T11:07:02.906+0000] {processor.py:208} INFO - Processing /home/airflow/.local/lib/python3.12/site-packages/airflow/example_dags/example_latest_only_with_trigger.py took 0.175 seconds
[2025-03-07T11:07:35.984+0000] {processor.py:186} INFO - Started process (PID=2190) to work on /home/airflow/.local/lib/python3.12/site-packages/airflow/example_dags/example_latest_only_with_trigger.py
[2025-03-07T11:07:36.027+0000] {processor.py:914} INFO - Processing file /home/airflow/.local/lib/python3.12/site-packages/airflow/example_dags/example_latest_only_with_trigger.py for tasks to queue
[2025-03-07T11:07:36.043+0000] {logging_mixin.py:190} INFO - [2025-03-07T11:07:36.042+0000] {dagbag.py:588} INFO - Filling up the DagBag from /home/airflow/.local/lib/python3.12/site-packages/airflow/example_dags/example_latest_only_with_trigger.py
[2025-03-07T11:07:36.108+0000] {processor.py:925} INFO - DAG(s) 'latest_only_with_trigger' retrieved from /home/airflow/.local/lib/python3.12/site-packages/airflow/example_dags/example_latest_only_with_trigger.py
[2025-03-07T11:07:36.201+0000] {logging_mixin.py:190} INFO - [2025-03-07T11:07:36.200+0000] {dag.py:3239} INFO - Sync 1 DAGs
[2025-03-07T11:07:36.303+0000] {logging_mixin.py:190} INFO - [2025-03-07T11:07:36.302+0000] {dag.py:4180} INFO - Setting next_dagrun for latest_only_with_trigger to 2025-03-07 04:00:00+00:00, run_after=2025-03-07 08:00:00+00:00
[2025-03-07T11:07:36.375+0000] {processor.py:208} INFO - Processing /home/airflow/.local/lib/python3.12/site-packages/airflow/example_dags/example_latest_only_with_trigger.py took 0.451 seconds
[2025-03-07T11:08:07.863+0000] {processor.py:186} INFO - Started process (PID=2259) to work on /home/airflow/.local/lib/python3.12/site-packages/airflow/example_dags/example_latest_only_with_trigger.py
[2025-03-07T11:08:07.867+0000] {processor.py:914} INFO - Processing file /home/airflow/.local/lib/python3.12/site-packages/airflow/example_dags/example_latest_only_with_trigger.py for tasks to queue
[2025-03-07T11:08:07.875+0000] {logging_mixin.py:190} INFO - [2025-03-07T11:08:07.874+0000] {dagbag.py:588} INFO - Filling up the DagBag from /home/airflow/.local/lib/python3.12/site-packages/airflow/example_dags/example_latest_only_with_trigger.py
[2025-03-07T11:08:07.894+0000] {processor.py:925} INFO - DAG(s) 'latest_only_with_trigger' retrieved from /home/airflow/.local/lib/python3.12/site-packages/airflow/example_dags/example_latest_only_with_trigger.py
[2025-03-07T11:08:07.929+0000] {logging_mixin.py:190} INFO - [2025-03-07T11:08:07.929+0000] {dag.py:3239} INFO - Sync 1 DAGs
[2025-03-07T11:08:07.970+0000] {logging_mixin.py:190} INFO - [2025-03-07T11:08:07.970+0000] {dag.py:4180} INFO - Setting next_dagrun for latest_only_with_trigger to 2025-03-07 04:00:00+00:00, run_after=2025-03-07 08:00:00+00:00
[2025-03-07T11:08:08.001+0000] {processor.py:208} INFO - Processing /home/airflow/.local/lib/python3.12/site-packages/airflow/example_dags/example_latest_only_with_trigger.py took 0.154 seconds
[2025-03-07T11:08:40.080+0000] {processor.py:186} INFO - Started process (PID=2322) to work on /home/airflow/.local/lib/python3.12/site-packages/airflow/example_dags/example_latest_only_with_trigger.py
[2025-03-07T11:08:40.082+0000] {processor.py:914} INFO - Processing file /home/airflow/.local/lib/python3.12/site-packages/airflow/example_dags/example_latest_only_with_trigger.py for tasks to queue
[2025-03-07T11:08:40.087+0000] {logging_mixin.py:190} INFO - [2025-03-07T11:08:40.086+0000] {dagbag.py:588} INFO - Filling up the DagBag from /home/airflow/.local/lib/python3.12/site-packages/airflow/example_dags/example_latest_only_with_trigger.py
[2025-03-07T11:08:40.101+0000] {processor.py:925} INFO - DAG(s) 'latest_only_with_trigger' retrieved from /home/airflow/.local/lib/python3.12/site-packages/airflow/example_dags/example_latest_only_with_trigger.py
[2025-03-07T11:08:40.149+0000] {logging_mixin.py:190} INFO - [2025-03-07T11:08:40.148+0000] {dag.py:3239} INFO - Sync 1 DAGs
[2025-03-07T11:08:40.208+0000] {logging_mixin.py:190} INFO - [2025-03-07T11:08:40.208+0000] {dag.py:4180} INFO - Setting next_dagrun for latest_only_with_trigger to 2025-03-07 04:00:00+00:00, run_after=2025-03-07 08:00:00+00:00
[2025-03-07T11:08:40.263+0000] {processor.py:208} INFO - Processing /home/airflow/.local/lib/python3.12/site-packages/airflow/example_dags/example_latest_only_with_trigger.py took 0.195 seconds
[2025-03-07T11:09:12.221+0000] {processor.py:186} INFO - Started process (PID=2385) to work on /home/airflow/.local/lib/python3.12/site-packages/airflow/example_dags/example_latest_only_with_trigger.py
[2025-03-07T11:09:12.223+0000] {processor.py:914} INFO - Processing file /home/airflow/.local/lib/python3.12/site-packages/airflow/example_dags/example_latest_only_with_trigger.py for tasks to queue
[2025-03-07T11:09:12.228+0000] {logging_mixin.py:190} INFO - [2025-03-07T11:09:12.227+0000] {dagbag.py:588} INFO - Filling up the DagBag from /home/airflow/.local/lib/python3.12/site-packages/airflow/example_dags/example_latest_only_with_trigger.py
[2025-03-07T11:09:12.243+0000] {processor.py:925} INFO - DAG(s) 'latest_only_with_trigger' retrieved from /home/airflow/.local/lib/python3.12/site-packages/airflow/example_dags/example_latest_only_with_trigger.py
[2025-03-07T11:09:12.286+0000] {logging_mixin.py:190} INFO - [2025-03-07T11:09:12.285+0000] {dag.py:3239} INFO - Sync 1 DAGs
[2025-03-07T11:09:12.339+0000] {logging_mixin.py:190} INFO - [2025-03-07T11:09:12.338+0000] {dag.py:4180} INFO - Setting next_dagrun for latest_only_with_trigger to 2025-03-07 04:00:00+00:00, run_after=2025-03-07 08:00:00+00:00
[2025-03-07T11:09:12.377+0000] {processor.py:208} INFO - Processing /home/airflow/.local/lib/python3.12/site-packages/airflow/example_dags/example_latest_only_with_trigger.py took 0.169 seconds
[2025-03-07T11:09:43.561+0000] {processor.py:186} INFO - Started process (PID=2448) to work on /home/airflow/.local/lib/python3.12/site-packages/airflow/example_dags/example_latest_only_with_trigger.py
[2025-03-07T11:09:43.565+0000] {processor.py:914} INFO - Processing file /home/airflow/.local/lib/python3.12/site-packages/airflow/example_dags/example_latest_only_with_trigger.py for tasks to queue
[2025-03-07T11:09:43.569+0000] {logging_mixin.py:190} INFO - [2025-03-07T11:09:43.569+0000] {dagbag.py:588} INFO - Filling up the DagBag from /home/airflow/.local/lib/python3.12/site-packages/airflow/example_dags/example_latest_only_with_trigger.py
[2025-03-07T11:09:43.584+0000] {processor.py:925} INFO - DAG(s) 'latest_only_with_trigger' retrieved from /home/airflow/.local/lib/python3.12/site-packages/airflow/example_dags/example_latest_only_with_trigger.py
[2025-03-07T11:09:43.624+0000] {logging_mixin.py:190} INFO - [2025-03-07T11:09:43.623+0000] {dag.py:3239} INFO - Sync 1 DAGs
[2025-03-07T11:09:43.683+0000] {logging_mixin.py:190} INFO - [2025-03-07T11:09:43.682+0000] {dag.py:4180} INFO - Setting next_dagrun for latest_only_with_trigger to 2025-03-07 04:00:00+00:00, run_after=2025-03-07 08:00:00+00:00
[2025-03-07T11:09:43.734+0000] {processor.py:208} INFO - Processing /home/airflow/.local/lib/python3.12/site-packages/airflow/example_dags/example_latest_only_with_trigger.py took 0.185 seconds
[2025-03-07T11:10:14.346+0000] {processor.py:186} INFO - Started process (PID=2511) to work on /home/airflow/.local/lib/python3.12/site-packages/airflow/example_dags/example_latest_only_with_trigger.py
[2025-03-07T11:10:14.347+0000] {processor.py:914} INFO - Processing file /home/airflow/.local/lib/python3.12/site-packages/airflow/example_dags/example_latest_only_with_trigger.py for tasks to queue
[2025-03-07T11:10:14.351+0000] {logging_mixin.py:190} INFO - [2025-03-07T11:10:14.350+0000] {dagbag.py:588} INFO - Filling up the DagBag from /home/airflow/.local/lib/python3.12/site-packages/airflow/example_dags/example_latest_only_with_trigger.py
[2025-03-07T11:10:14.365+0000] {processor.py:925} INFO - DAG(s) 'latest_only_with_trigger' retrieved from /home/airflow/.local/lib/python3.12/site-packages/airflow/example_dags/example_latest_only_with_trigger.py
[2025-03-07T11:10:14.406+0000] {logging_mixin.py:190} INFO - [2025-03-07T11:10:14.404+0000] {dag.py:3239} INFO - Sync 1 DAGs
[2025-03-07T11:10:14.452+0000] {logging_mixin.py:190} INFO - [2025-03-07T11:10:14.452+0000] {dag.py:4180} INFO - Setting next_dagrun for latest_only_with_trigger to 2025-03-07 04:00:00+00:00, run_after=2025-03-07 08:00:00+00:00
[2025-03-07T11:10:14.491+0000] {processor.py:208} INFO - Processing /home/airflow/.local/lib/python3.12/site-packages/airflow/example_dags/example_latest_only_with_trigger.py took 0.155 seconds
[2025-03-07T11:10:44.929+0000] {processor.py:186} INFO - Started process (PID=2573) to work on /home/airflow/.local/lib/python3.12/site-packages/airflow/example_dags/example_latest_only_with_trigger.py
[2025-03-07T11:10:44.931+0000] {processor.py:914} INFO - Processing file /home/airflow/.local/lib/python3.12/site-packages/airflow/example_dags/example_latest_only_with_trigger.py for tasks to queue
[2025-03-07T11:10:44.938+0000] {logging_mixin.py:190} INFO - [2025-03-07T11:10:44.938+0000] {dagbag.py:588} INFO - Filling up the DagBag from /home/airflow/.local/lib/python3.12/site-packages/airflow/example_dags/example_latest_only_with_trigger.py
[2025-03-07T11:10:44.951+0000] {processor.py:925} INFO - DAG(s) 'latest_only_with_trigger' retrieved from /home/airflow/.local/lib/python3.12/site-packages/airflow/example_dags/example_latest_only_with_trigger.py
[2025-03-07T11:10:44.983+0000] {logging_mixin.py:190} INFO - [2025-03-07T11:10:44.983+0000] {dag.py:3239} INFO - Sync 1 DAGs
[2025-03-07T11:10:45.028+0000] {logging_mixin.py:190} INFO - [2025-03-07T11:10:45.028+0000] {dag.py:4180} INFO - Setting next_dagrun for latest_only_with_trigger to 2025-03-07 04:00:00+00:00, run_after=2025-03-07 08:00:00+00:00
[2025-03-07T11:10:45.070+0000] {processor.py:208} INFO - Processing /home/airflow/.local/lib/python3.12/site-packages/airflow/example_dags/example_latest_only_with_trigger.py took 0.151 seconds
[2025-03-07T11:11:15.657+0000] {processor.py:186} INFO - Started process (PID=2635) to work on /home/airflow/.local/lib/python3.12/site-packages/airflow/example_dags/example_latest_only_with_trigger.py
[2025-03-07T11:11:15.659+0000] {processor.py:914} INFO - Processing file /home/airflow/.local/lib/python3.12/site-packages/airflow/example_dags/example_latest_only_with_trigger.py for tasks to queue
[2025-03-07T11:11:15.665+0000] {logging_mixin.py:190} INFO - [2025-03-07T11:11:15.665+0000] {dagbag.py:588} INFO - Filling up the DagBag from /home/airflow/.local/lib/python3.12/site-packages/airflow/example_dags/example_latest_only_with_trigger.py
[2025-03-07T11:11:15.684+0000] {processor.py:925} INFO - DAG(s) 'latest_only_with_trigger' retrieved from /home/airflow/.local/lib/python3.12/site-packages/airflow/example_dags/example_latest_only_with_trigger.py
[2025-03-07T11:11:15.748+0000] {logging_mixin.py:190} INFO - [2025-03-07T11:11:15.747+0000] {dag.py:3239} INFO - Sync 1 DAGs
[2025-03-07T11:11:15.813+0000] {logging_mixin.py:190} INFO - [2025-03-07T11:11:15.812+0000] {dag.py:4180} INFO - Setting next_dagrun for latest_only_with_trigger to 2025-03-07 04:00:00+00:00, run_after=2025-03-07 08:00:00+00:00
[2025-03-07T11:11:15.857+0000] {processor.py:208} INFO - Processing /home/airflow/.local/lib/python3.12/site-packages/airflow/example_dags/example_latest_only_with_trigger.py took 0.220 seconds
[2025-03-07T11:11:46.283+0000] {processor.py:186} INFO - Started process (PID=2698) to work on /home/airflow/.local/lib/python3.12/site-packages/airflow/example_dags/example_latest_only_with_trigger.py
[2025-03-07T11:11:46.285+0000] {processor.py:914} INFO - Processing file /home/airflow/.local/lib/python3.12/site-packages/airflow/example_dags/example_latest_only_with_trigger.py for tasks to queue
[2025-03-07T11:11:46.288+0000] {logging_mixin.py:190} INFO - [2025-03-07T11:11:46.287+0000] {dagbag.py:588} INFO - Filling up the DagBag from /home/airflow/.local/lib/python3.12/site-packages/airflow/example_dags/example_latest_only_with_trigger.py
[2025-03-07T11:11:46.299+0000] {processor.py:925} INFO - DAG(s) 'latest_only_with_trigger' retrieved from /home/airflow/.local/lib/python3.12/site-packages/airflow/example_dags/example_latest_only_with_trigger.py
[2025-03-07T11:11:46.326+0000] {logging_mixin.py:190} INFO - [2025-03-07T11:11:46.326+0000] {dag.py:3239} INFO - Sync 1 DAGs
[2025-03-07T11:11:46.360+0000] {logging_mixin.py:190} INFO - [2025-03-07T11:11:46.360+0000] {dag.py:4180} INFO - Setting next_dagrun for latest_only_with_trigger to 2025-03-07 04:00:00+00:00, run_after=2025-03-07 08:00:00+00:00
[2025-03-07T11:11:46.386+0000] {processor.py:208} INFO - Processing /home/airflow/.local/lib/python3.12/site-packages/airflow/example_dags/example_latest_only_with_trigger.py took 0.110 seconds
[2025-03-07T11:12:16.515+0000] {processor.py:186} INFO - Started process (PID=2761) to work on /home/airflow/.local/lib/python3.12/site-packages/airflow/example_dags/example_latest_only_with_trigger.py
[2025-03-07T11:12:16.517+0000] {processor.py:914} INFO - Processing file /home/airflow/.local/lib/python3.12/site-packages/airflow/example_dags/example_latest_only_with_trigger.py for tasks to queue
[2025-03-07T11:12:16.523+0000] {logging_mixin.py:190} INFO - [2025-03-07T11:12:16.523+0000] {dagbag.py:588} INFO - Filling up the DagBag from /home/airflow/.local/lib/python3.12/site-packages/airflow/example_dags/example_latest_only_with_trigger.py
[2025-03-07T11:12:16.543+0000] {processor.py:925} INFO - DAG(s) 'latest_only_with_trigger' retrieved from /home/airflow/.local/lib/python3.12/site-packages/airflow/example_dags/example_latest_only_with_trigger.py
[2025-03-07T11:12:16.595+0000] {logging_mixin.py:190} INFO - [2025-03-07T11:12:16.594+0000] {dag.py:3239} INFO - Sync 1 DAGs
[2025-03-07T11:12:16.656+0000] {logging_mixin.py:190} INFO - [2025-03-07T11:12:16.656+0000] {dag.py:4180} INFO - Setting next_dagrun for latest_only_with_trigger to 2025-03-07 04:00:00+00:00, run_after=2025-03-07 08:00:00+00:00
[2025-03-07T11:12:16.697+0000] {processor.py:208} INFO - Processing /home/airflow/.local/lib/python3.12/site-packages/airflow/example_dags/example_latest_only_with_trigger.py took 0.198 seconds
[2025-03-07T11:12:46.987+0000] {processor.py:186} INFO - Started process (PID=2824) to work on /home/airflow/.local/lib/python3.12/site-packages/airflow/example_dags/example_latest_only_with_trigger.py
[2025-03-07T11:12:46.989+0000] {processor.py:914} INFO - Processing file /home/airflow/.local/lib/python3.12/site-packages/airflow/example_dags/example_latest_only_with_trigger.py for tasks to queue
[2025-03-07T11:12:46.993+0000] {logging_mixin.py:190} INFO - [2025-03-07T11:12:46.993+0000] {dagbag.py:588} INFO - Filling up the DagBag from /home/airflow/.local/lib/python3.12/site-packages/airflow/example_dags/example_latest_only_with_trigger.py
[2025-03-07T11:12:47.007+0000] {processor.py:925} INFO - DAG(s) 'latest_only_with_trigger' retrieved from /home/airflow/.local/lib/python3.12/site-packages/airflow/example_dags/example_latest_only_with_trigger.py
[2025-03-07T11:12:47.038+0000] {logging_mixin.py:190} INFO - [2025-03-07T11:12:47.038+0000] {dag.py:3239} INFO - Sync 1 DAGs
[2025-03-07T11:12:47.075+0000] {logging_mixin.py:190} INFO - [2025-03-07T11:12:47.075+0000] {dag.py:4180} INFO - Setting next_dagrun for latest_only_with_trigger to 2025-03-07 04:00:00+00:00, run_after=2025-03-07 08:00:00+00:00
[2025-03-07T11:12:47.106+0000] {processor.py:208} INFO - Processing /home/airflow/.local/lib/python3.12/site-packages/airflow/example_dags/example_latest_only_with_trigger.py took 0.131 seconds
[2025-03-07T11:13:21.672+0000] {processor.py:186} INFO - Started process (PID=2887) to work on /home/airflow/.local/lib/python3.12/site-packages/airflow/example_dags/example_latest_only_with_trigger.py
[2025-03-07T11:13:21.674+0000] {processor.py:914} INFO - Processing file /home/airflow/.local/lib/python3.12/site-packages/airflow/example_dags/example_latest_only_with_trigger.py for tasks to queue
[2025-03-07T11:13:21.688+0000] {logging_mixin.py:190} INFO - [2025-03-07T11:13:21.687+0000] {dagbag.py:588} INFO - Filling up the DagBag from /home/airflow/.local/lib/python3.12/site-packages/airflow/example_dags/example_latest_only_with_trigger.py
[2025-03-07T11:13:21.736+0000] {processor.py:925} INFO - DAG(s) 'latest_only_with_trigger' retrieved from /home/airflow/.local/lib/python3.12/site-packages/airflow/example_dags/example_latest_only_with_trigger.py
[2025-03-07T11:13:21.861+0000] {logging_mixin.py:190} INFO - [2025-03-07T11:13:21.857+0000] {dag.py:3239} INFO - Sync 1 DAGs
[2025-03-07T11:13:21.979+0000] {logging_mixin.py:190} INFO - [2025-03-07T11:13:21.978+0000] {dag.py:4180} INFO - Setting next_dagrun for latest_only_with_trigger to 2025-03-07 04:00:00+00:00, run_after=2025-03-07 08:00:00+00:00
[2025-03-07T11:13:22.082+0000] {processor.py:208} INFO - Processing /home/airflow/.local/lib/python3.12/site-packages/airflow/example_dags/example_latest_only_with_trigger.py took 0.433 seconds
