[2025-03-12T09:40:23.400+0000] {local_task_job_runner.py:123} INFO - ::group::Pre task execution logs
[2025-03-12T09:40:24.051+0000] {taskinstance.py:2614} INFO - Dependencies all met for dep_context=non-requeueable deps ti=<TaskInstance: weekly_category_analysis.categories manual__2025-03-12T09:40:17.859969+00:00 [queued]>
[2025-03-12T09:40:24.109+0000] {taskinstance.py:2614} INFO - Dependencies all met for dep_context=requeueable deps ti=<TaskInstance: weekly_category_analysis.categories manual__2025-03-12T09:40:17.859969+00:00 [queued]>
[2025-03-12T09:40:24.114+0000] {taskinstance.py:2867} INFO - Starting attempt 1 of 2
[2025-03-12T09:40:24.175+0000] {taskinstance.py:2890} INFO - Executing <Task(PythonOperator): categories> on 2025-03-12 09:40:17.859969+00:00
[2025-03-12T09:40:24.189+0000] {warnings.py:112} WARNING - /home/***/.local/lib/python3.12/site-packages/***/task/task_runner/standard_task_runner.py:70: DeprecationWarning: This process (pid=474) is multi-threaded, use of fork() may lead to deadlocks in the child.
  pid = os.fork()

[2025-03-12T09:40:24.196+0000] {standard_task_runner.py:72} INFO - Started process 481 to run task
[2025-03-12T09:40:24.197+0000] {standard_task_runner.py:104} INFO - Running: ['***', 'tasks', 'run', 'weekly_category_analysis', 'categories', 'manual__2025-03-12T09:40:17.859969+00:00', '--job-id', '378', '--raw', '--subdir', 'DAGS_FOLDER/data/scheduled.py', '--cfg-path', '/tmp/tmpjmb2tze7']
[2025-03-12T09:40:24.202+0000] {standard_task_runner.py:105} INFO - Job 378: Subtask categories
[2025-03-12T09:40:24.369+0000] {task_command.py:467} INFO - Running <TaskInstance: weekly_category_analysis.categories manual__2025-03-12T09:40:17.859969+00:00 [running]> on host fc342882eb4f
[2025-03-12T09:40:24.691+0000] {taskinstance.py:3134} INFO - Exporting env vars: AIRFLOW_CTX_DAG_OWNER='***' AIRFLOW_CTX_DAG_ID='weekly_category_analysis' AIRFLOW_CTX_TASK_ID='categories' AIRFLOW_CTX_EXECUTION_DATE='2025-03-12T09:40:17.859969+00:00' AIRFLOW_CTX_TRY_NUMBER='1' AIRFLOW_CTX_DAG_RUN_ID='manual__2025-03-12T09:40:17.859969+00:00'
[2025-03-12T09:40:24.695+0000] {logging_mixin.py:190} INFO - Task instance is in running state
[2025-03-12T09:40:24.700+0000] {logging_mixin.py:190} INFO -  Previous state of the Task instance: queued
[2025-03-12T09:40:24.702+0000] {logging_mixin.py:190} INFO - Current task name:categories state:running start_date:2025-03-12 09:40:24.075127+00:00
[2025-03-12T09:40:24.703+0000] {logging_mixin.py:190} INFO - Dag name:weekly_category_analysis and current dag run status:running
[2025-03-12T09:40:24.706+0000] {taskinstance.py:732} INFO - ::endgroup::
[2025-03-12T09:40:24.742+0000] {logging_mixin.py:190} INFO - Validation successful. Found 7 category records.
[2025-03-12T09:40:24.746+0000] {python.py:240} INFO - Done. Returned value was: None
[2025-03-12T09:40:24.777+0000] {taskinstance.py:341} INFO - ::group::Post task execution logs
[2025-03-12T09:40:24.780+0000] {taskinstance.py:353} INFO - Marking task as SUCCESS. dag_id=weekly_category_analysis, task_id=categories, run_id=manual__2025-03-12T09:40:17.859969+00:00, execution_date=20250312T094017, start_date=20250312T094024, end_date=20250312T094024
[2025-03-12T09:40:24.869+0000] {logging_mixin.py:190} INFO - Task instance in success state
[2025-03-12T09:40:24.878+0000] {logging_mixin.py:190} INFO -  Previous state of the Task instance: running
[2025-03-12T09:40:24.880+0000] {logging_mixin.py:190} INFO - Dag name:weekly_category_analysis queued_at:2025-03-12 09:40:17.909407+00:00
[2025-03-12T09:40:24.884+0000] {logging_mixin.py:190} INFO - Task hostname:fc342882eb4f operator:PythonOperator
[2025-03-12T09:40:24.916+0000] {local_task_job_runner.py:266} INFO - Task exited with return code 0
[2025-03-12T09:40:25.139+0000] {taskinstance.py:3901} INFO - 0 downstream tasks scheduled from follow-on schedule check
[2025-03-12T09:40:25.206+0000] {local_task_job_runner.py:245} INFO - ::endgroup::
