[2025-03-08T10:17:52.471+0000] {processor.py:186} INFO - Started process (PID=2960) to work on /home/airflow/.local/lib/python3.12/site-packages/airflow/example_dags/example_sla_dag.py
[2025-03-08T10:17:52.484+0000] {processor.py:914} INFO - Processing file /home/airflow/.local/lib/python3.12/site-packages/airflow/example_dags/example_sla_dag.py for tasks to queue
[2025-03-08T10:17:52.531+0000] {logging_mixin.py:190} INFO - [2025-03-08T10:17:52.530+0000] {dagbag.py:588} INFO - Filling up the DagBag from /home/airflow/.local/lib/python3.12/site-packages/airflow/example_dags/example_sla_dag.py
[2025-03-08T10:17:52.613+0000] {processor.py:925} INFO - DAG(s) 'example_sla_dag' retrieved from /home/airflow/.local/lib/python3.12/site-packages/airflow/example_dags/example_sla_dag.py
[2025-03-08T10:17:52.761+0000] {logging_mixin.py:190} INFO - [2025-03-08T10:17:52.761+0000] {dag.py:3239} INFO - Sync 1 DAGs
[2025-03-08T10:17:52.988+0000] {logging_mixin.py:190} INFO - [2025-03-08T10:17:52.987+0000] {dag.py:4180} INFO - Setting next_dagrun for example_sla_dag to 2025-03-08 10:14:00+00:00, run_after=2025-03-08 10:16:00+00:00
[2025-03-08T10:17:53.140+0000] {processor.py:208} INFO - Processing /home/airflow/.local/lib/python3.12/site-packages/airflow/example_dags/example_sla_dag.py took 0.705 seconds
[2025-03-08T10:18:26.172+0000] {processor.py:186} INFO - Started process (PID=3023) to work on /home/airflow/.local/lib/python3.12/site-packages/airflow/example_dags/example_sla_dag.py
[2025-03-08T10:18:26.180+0000] {processor.py:914} INFO - Processing file /home/airflow/.local/lib/python3.12/site-packages/airflow/example_dags/example_sla_dag.py for tasks to queue
[2025-03-08T10:18:26.189+0000] {logging_mixin.py:190} INFO - [2025-03-08T10:18:26.189+0000] {dagbag.py:588} INFO - Filling up the DagBag from /home/airflow/.local/lib/python3.12/site-packages/airflow/example_dags/example_sla_dag.py
[2025-03-08T10:18:26.254+0000] {processor.py:925} INFO - DAG(s) 'example_sla_dag' retrieved from /home/airflow/.local/lib/python3.12/site-packages/airflow/example_dags/example_sla_dag.py
[2025-03-08T10:18:26.325+0000] {logging_mixin.py:190} INFO - [2025-03-08T10:18:26.324+0000] {dag.py:3239} INFO - Sync 1 DAGs
[2025-03-08T10:18:26.413+0000] {logging_mixin.py:190} INFO - [2025-03-08T10:18:26.413+0000] {dag.py:4180} INFO - Setting next_dagrun for example_sla_dag to 2025-03-08 10:16:00+00:00, run_after=2025-03-08 10:18:00+00:00
[2025-03-08T10:18:26.481+0000] {processor.py:208} INFO - Processing /home/airflow/.local/lib/python3.12/site-packages/airflow/example_dags/example_sla_dag.py took 0.330 seconds
[2025-03-08T10:18:58.729+0000] {processor.py:186} INFO - Started process (PID=3091) to work on /home/airflow/.local/lib/python3.12/site-packages/airflow/example_dags/example_sla_dag.py
[2025-03-08T10:18:58.730+0000] {processor.py:914} INFO - Processing file /home/airflow/.local/lib/python3.12/site-packages/airflow/example_dags/example_sla_dag.py for tasks to queue
[2025-03-08T10:18:58.734+0000] {logging_mixin.py:190} INFO - [2025-03-08T10:18:58.734+0000] {dagbag.py:588} INFO - Filling up the DagBag from /home/airflow/.local/lib/python3.12/site-packages/airflow/example_dags/example_sla_dag.py
[2025-03-08T10:18:58.754+0000] {processor.py:925} INFO - DAG(s) 'example_sla_dag' retrieved from /home/airflow/.local/lib/python3.12/site-packages/airflow/example_dags/example_sla_dag.py
[2025-03-08T10:18:58.784+0000] {logging_mixin.py:190} INFO - [2025-03-08T10:18:58.784+0000] {dag.py:3239} INFO - Sync 1 DAGs
[2025-03-08T10:18:58.827+0000] {logging_mixin.py:190} INFO - [2025-03-08T10:18:58.826+0000] {dag.py:4180} INFO - Setting next_dagrun for example_sla_dag to 2025-03-08 10:16:00+00:00, run_after=2025-03-08 10:18:00+00:00
[2025-03-08T10:18:58.853+0000] {processor.py:208} INFO - Processing /home/airflow/.local/lib/python3.12/site-packages/airflow/example_dags/example_sla_dag.py took 0.133 seconds
[2025-03-08T10:19:32.528+0000] {processor.py:186} INFO - Started process (PID=3154) to work on /home/airflow/.local/lib/python3.12/site-packages/airflow/example_dags/example_sla_dag.py
[2025-03-08T10:19:32.534+0000] {processor.py:914} INFO - Processing file /home/airflow/.local/lib/python3.12/site-packages/airflow/example_dags/example_sla_dag.py for tasks to queue
[2025-03-08T10:19:32.540+0000] {logging_mixin.py:190} INFO - [2025-03-08T10:19:32.539+0000] {dagbag.py:588} INFO - Filling up the DagBag from /home/airflow/.local/lib/python3.12/site-packages/airflow/example_dags/example_sla_dag.py
[2025-03-08T10:19:32.575+0000] {processor.py:925} INFO - DAG(s) 'example_sla_dag' retrieved from /home/airflow/.local/lib/python3.12/site-packages/airflow/example_dags/example_sla_dag.py
[2025-03-08T10:19:32.638+0000] {logging_mixin.py:190} INFO - [2025-03-08T10:19:32.637+0000] {dag.py:3239} INFO - Sync 1 DAGs
[2025-03-08T10:19:32.776+0000] {logging_mixin.py:190} INFO - [2025-03-08T10:19:32.776+0000] {dag.py:4180} INFO - Setting next_dagrun for example_sla_dag to 2025-03-08 10:16:00+00:00, run_after=2025-03-08 10:18:00+00:00
[2025-03-08T10:19:32.836+0000] {processor.py:208} INFO - Processing /home/airflow/.local/lib/python3.12/site-packages/airflow/example_dags/example_sla_dag.py took 0.335 seconds
[2025-03-08T10:20:05.587+0000] {processor.py:186} INFO - Started process (PID=3217) to work on /home/airflow/.local/lib/python3.12/site-packages/airflow/example_dags/example_sla_dag.py
[2025-03-08T10:20:05.598+0000] {processor.py:914} INFO - Processing file /home/airflow/.local/lib/python3.12/site-packages/airflow/example_dags/example_sla_dag.py for tasks to queue
[2025-03-08T10:20:05.604+0000] {logging_mixin.py:190} INFO - [2025-03-08T10:20:05.604+0000] {dagbag.py:588} INFO - Filling up the DagBag from /home/airflow/.local/lib/python3.12/site-packages/airflow/example_dags/example_sla_dag.py
[2025-03-08T10:20:05.637+0000] {processor.py:925} INFO - DAG(s) 'example_sla_dag' retrieved from /home/airflow/.local/lib/python3.12/site-packages/airflow/example_dags/example_sla_dag.py
[2025-03-08T10:20:05.693+0000] {logging_mixin.py:190} INFO - [2025-03-08T10:20:05.689+0000] {dag.py:3239} INFO - Sync 1 DAGs
[2025-03-08T10:20:05.796+0000] {logging_mixin.py:190} INFO - [2025-03-08T10:20:05.795+0000] {dag.py:4180} INFO - Setting next_dagrun for example_sla_dag to 2025-03-08 10:18:00+00:00, run_after=2025-03-08 10:20:00+00:00
[2025-03-08T10:20:05.870+0000] {processor.py:208} INFO - Processing /home/airflow/.local/lib/python3.12/site-packages/airflow/example_dags/example_sla_dag.py took 0.315 seconds
[2025-03-08T10:20:39.635+0000] {processor.py:186} INFO - Started process (PID=3280) to work on /home/airflow/.local/lib/python3.12/site-packages/airflow/example_dags/example_sla_dag.py
[2025-03-08T10:20:39.704+0000] {processor.py:914} INFO - Processing file /home/airflow/.local/lib/python3.12/site-packages/airflow/example_dags/example_sla_dag.py for tasks to queue
[2025-03-08T10:20:39.709+0000] {logging_mixin.py:190} INFO - [2025-03-08T10:20:39.708+0000] {dagbag.py:588} INFO - Filling up the DagBag from /home/airflow/.local/lib/python3.12/site-packages/airflow/example_dags/example_sla_dag.py
[2025-03-08T10:20:39.794+0000] {processor.py:925} INFO - DAG(s) 'example_sla_dag' retrieved from /home/airflow/.local/lib/python3.12/site-packages/airflow/example_dags/example_sla_dag.py
[2025-03-08T10:20:39.905+0000] {logging_mixin.py:190} INFO - [2025-03-08T10:20:39.895+0000] {dag.py:3239} INFO - Sync 1 DAGs
[2025-03-08T10:20:40.074+0000] {logging_mixin.py:190} INFO - [2025-03-08T10:20:40.073+0000] {dag.py:4180} INFO - Setting next_dagrun for example_sla_dag to 2025-03-08 10:18:00+00:00, run_after=2025-03-08 10:20:00+00:00
[2025-03-08T10:20:40.196+0000] {processor.py:208} INFO - Processing /home/airflow/.local/lib/python3.12/site-packages/airflow/example_dags/example_sla_dag.py took 0.584 seconds
[2025-03-08T10:21:14.168+0000] {processor.py:186} INFO - Started process (PID=3343) to work on /home/airflow/.local/lib/python3.12/site-packages/airflow/example_dags/example_sla_dag.py
[2025-03-08T10:21:14.170+0000] {processor.py:914} INFO - Processing file /home/airflow/.local/lib/python3.12/site-packages/airflow/example_dags/example_sla_dag.py for tasks to queue
[2025-03-08T10:21:14.188+0000] {logging_mixin.py:190} INFO - [2025-03-08T10:21:14.187+0000] {dagbag.py:588} INFO - Filling up the DagBag from /home/airflow/.local/lib/python3.12/site-packages/airflow/example_dags/example_sla_dag.py
[2025-03-08T10:21:14.282+0000] {processor.py:925} INFO - DAG(s) 'example_sla_dag' retrieved from /home/airflow/.local/lib/python3.12/site-packages/airflow/example_dags/example_sla_dag.py
[2025-03-08T10:21:14.379+0000] {logging_mixin.py:190} INFO - [2025-03-08T10:21:14.378+0000] {dag.py:3239} INFO - Sync 1 DAGs
[2025-03-08T10:21:14.501+0000] {logging_mixin.py:190} INFO - [2025-03-08T10:21:14.500+0000] {dag.py:4180} INFO - Setting next_dagrun for example_sla_dag to 2025-03-08 10:18:00+00:00, run_after=2025-03-08 10:20:00+00:00
[2025-03-08T10:21:14.593+0000] {processor.py:208} INFO - Processing /home/airflow/.local/lib/python3.12/site-packages/airflow/example_dags/example_sla_dag.py took 0.464 seconds
[2025-03-08T10:21:47.459+0000] {processor.py:186} INFO - Started process (PID=3405) to work on /home/airflow/.local/lib/python3.12/site-packages/airflow/example_dags/example_sla_dag.py
[2025-03-08T10:21:47.461+0000] {processor.py:914} INFO - Processing file /home/airflow/.local/lib/python3.12/site-packages/airflow/example_dags/example_sla_dag.py for tasks to queue
[2025-03-08T10:21:47.467+0000] {logging_mixin.py:190} INFO - [2025-03-08T10:21:47.467+0000] {dagbag.py:588} INFO - Filling up the DagBag from /home/airflow/.local/lib/python3.12/site-packages/airflow/example_dags/example_sla_dag.py
[2025-03-08T10:21:47.543+0000] {processor.py:925} INFO - DAG(s) 'example_sla_dag' retrieved from /home/airflow/.local/lib/python3.12/site-packages/airflow/example_dags/example_sla_dag.py
[2025-03-08T10:21:47.622+0000] {logging_mixin.py:190} INFO - [2025-03-08T10:21:47.622+0000] {dag.py:3239} INFO - Sync 1 DAGs
[2025-03-08T10:21:47.747+0000] {logging_mixin.py:190} INFO - [2025-03-08T10:21:47.741+0000] {dag.py:4180} INFO - Setting next_dagrun for example_sla_dag to 2025-03-08 10:18:00+00:00, run_after=2025-03-08 10:20:00+00:00
[2025-03-08T10:21:47.816+0000] {processor.py:208} INFO - Processing /home/airflow/.local/lib/python3.12/site-packages/airflow/example_dags/example_sla_dag.py took 0.370 seconds
[2025-03-08T10:22:18.087+0000] {processor.py:186} INFO - Started process (PID=3468) to work on /home/airflow/.local/lib/python3.12/site-packages/airflow/example_dags/example_sla_dag.py
[2025-03-08T10:22:18.093+0000] {processor.py:914} INFO - Processing file /home/airflow/.local/lib/python3.12/site-packages/airflow/example_dags/example_sla_dag.py for tasks to queue
[2025-03-08T10:22:18.097+0000] {logging_mixin.py:190} INFO - [2025-03-08T10:22:18.097+0000] {dagbag.py:588} INFO - Filling up the DagBag from /home/airflow/.local/lib/python3.12/site-packages/airflow/example_dags/example_sla_dag.py
[2025-03-08T10:22:18.132+0000] {processor.py:925} INFO - DAG(s) 'example_sla_dag' retrieved from /home/airflow/.local/lib/python3.12/site-packages/airflow/example_dags/example_sla_dag.py
[2025-03-08T10:22:18.190+0000] {logging_mixin.py:190} INFO - [2025-03-08T10:22:18.190+0000] {dag.py:3239} INFO - Sync 1 DAGs
[2025-03-08T10:22:18.273+0000] {logging_mixin.py:190} INFO - [2025-03-08T10:22:18.273+0000] {dag.py:4180} INFO - Setting next_dagrun for example_sla_dag to 2025-03-08 10:20:00+00:00, run_after=2025-03-08 10:22:00+00:00
[2025-03-08T10:22:18.390+0000] {processor.py:208} INFO - Processing /home/airflow/.local/lib/python3.12/site-packages/airflow/example_dags/example_sla_dag.py took 0.315 seconds
[2025-03-08T10:22:49.074+0000] {processor.py:186} INFO - Started process (PID=3530) to work on /home/airflow/.local/lib/python3.12/site-packages/airflow/example_dags/example_sla_dag.py
[2025-03-08T10:22:49.076+0000] {processor.py:914} INFO - Processing file /home/airflow/.local/lib/python3.12/site-packages/airflow/example_dags/example_sla_dag.py for tasks to queue
[2025-03-08T10:22:49.088+0000] {logging_mixin.py:190} INFO - [2025-03-08T10:22:49.085+0000] {dagbag.py:588} INFO - Filling up the DagBag from /home/airflow/.local/lib/python3.12/site-packages/airflow/example_dags/example_sla_dag.py
[2025-03-08T10:22:49.111+0000] {processor.py:925} INFO - DAG(s) 'example_sla_dag' retrieved from /home/airflow/.local/lib/python3.12/site-packages/airflow/example_dags/example_sla_dag.py
[2025-03-08T10:22:49.163+0000] {logging_mixin.py:190} INFO - [2025-03-08T10:22:49.163+0000] {dag.py:3239} INFO - Sync 1 DAGs
[2025-03-08T10:22:49.242+0000] {logging_mixin.py:190} INFO - [2025-03-08T10:22:49.241+0000] {dag.py:4180} INFO - Setting next_dagrun for example_sla_dag to 2025-03-08 10:20:00+00:00, run_after=2025-03-08 10:22:00+00:00
[2025-03-08T10:22:49.290+0000] {processor.py:208} INFO - Processing /home/airflow/.local/lib/python3.12/site-packages/airflow/example_dags/example_sla_dag.py took 0.233 seconds
[2025-03-08T10:23:19.602+0000] {processor.py:186} INFO - Started process (PID=3593) to work on /home/airflow/.local/lib/python3.12/site-packages/airflow/example_dags/example_sla_dag.py
[2025-03-08T10:23:19.603+0000] {processor.py:914} INFO - Processing file /home/airflow/.local/lib/python3.12/site-packages/airflow/example_dags/example_sla_dag.py for tasks to queue
[2025-03-08T10:23:19.608+0000] {logging_mixin.py:190} INFO - [2025-03-08T10:23:19.607+0000] {dagbag.py:588} INFO - Filling up the DagBag from /home/airflow/.local/lib/python3.12/site-packages/airflow/example_dags/example_sla_dag.py
[2025-03-08T10:23:19.622+0000] {processor.py:925} INFO - DAG(s) 'example_sla_dag' retrieved from /home/airflow/.local/lib/python3.12/site-packages/airflow/example_dags/example_sla_dag.py
[2025-03-08T10:23:19.645+0000] {logging_mixin.py:190} INFO - [2025-03-08T10:23:19.645+0000] {dag.py:3239} INFO - Sync 1 DAGs
[2025-03-08T10:23:19.693+0000] {logging_mixin.py:190} INFO - [2025-03-08T10:23:19.693+0000] {dag.py:4180} INFO - Setting next_dagrun for example_sla_dag to 2025-03-08 10:20:00+00:00, run_after=2025-03-08 10:22:00+00:00
[2025-03-08T10:23:19.718+0000] {processor.py:208} INFO - Processing /home/airflow/.local/lib/python3.12/site-packages/airflow/example_dags/example_sla_dag.py took 0.127 seconds
[2025-03-08T10:23:49.856+0000] {processor.py:186} INFO - Started process (PID=3656) to work on /home/airflow/.local/lib/python3.12/site-packages/airflow/example_dags/example_sla_dag.py
[2025-03-08T10:23:49.858+0000] {processor.py:914} INFO - Processing file /home/airflow/.local/lib/python3.12/site-packages/airflow/example_dags/example_sla_dag.py for tasks to queue
[2025-03-08T10:23:49.863+0000] {logging_mixin.py:190} INFO - [2025-03-08T10:23:49.863+0000] {dagbag.py:588} INFO - Filling up the DagBag from /home/airflow/.local/lib/python3.12/site-packages/airflow/example_dags/example_sla_dag.py
[2025-03-08T10:23:49.881+0000] {processor.py:925} INFO - DAG(s) 'example_sla_dag' retrieved from /home/airflow/.local/lib/python3.12/site-packages/airflow/example_dags/example_sla_dag.py
[2025-03-08T10:23:49.918+0000] {logging_mixin.py:190} INFO - [2025-03-08T10:23:49.917+0000] {dag.py:3239} INFO - Sync 1 DAGs
[2025-03-08T10:23:49.974+0000] {logging_mixin.py:190} INFO - [2025-03-08T10:23:49.974+0000] {dag.py:4180} INFO - Setting next_dagrun for example_sla_dag to 2025-03-08 10:20:00+00:00, run_after=2025-03-08 10:22:00+00:00
[2025-03-08T10:23:50.013+0000] {processor.py:208} INFO - Processing /home/airflow/.local/lib/python3.12/site-packages/airflow/example_dags/example_sla_dag.py took 0.167 seconds
[2025-03-08T10:24:20.104+0000] {processor.py:186} INFO - Started process (PID=3719) to work on /home/airflow/.local/lib/python3.12/site-packages/airflow/example_dags/example_sla_dag.py
[2025-03-08T10:24:20.106+0000] {processor.py:914} INFO - Processing file /home/airflow/.local/lib/python3.12/site-packages/airflow/example_dags/example_sla_dag.py for tasks to queue
[2025-03-08T10:24:20.109+0000] {logging_mixin.py:190} INFO - [2025-03-08T10:24:20.109+0000] {dagbag.py:588} INFO - Filling up the DagBag from /home/airflow/.local/lib/python3.12/site-packages/airflow/example_dags/example_sla_dag.py
[2025-03-08T10:24:20.124+0000] {processor.py:925} INFO - DAG(s) 'example_sla_dag' retrieved from /home/airflow/.local/lib/python3.12/site-packages/airflow/example_dags/example_sla_dag.py
[2025-03-08T10:24:20.151+0000] {logging_mixin.py:190} INFO - [2025-03-08T10:24:20.151+0000] {dag.py:3239} INFO - Sync 1 DAGs
[2025-03-08T10:24:20.195+0000] {logging_mixin.py:190} INFO - [2025-03-08T10:24:20.195+0000] {dag.py:4180} INFO - Setting next_dagrun for example_sla_dag to 2025-03-08 10:22:00+00:00, run_after=2025-03-08 10:24:00+00:00
[2025-03-08T10:24:20.244+0000] {processor.py:208} INFO - Processing /home/airflow/.local/lib/python3.12/site-packages/airflow/example_dags/example_sla_dag.py took 0.149 seconds
[2025-03-08T10:24:51.114+0000] {processor.py:186} INFO - Started process (PID=3782) to work on /home/airflow/.local/lib/python3.12/site-packages/airflow/example_dags/example_sla_dag.py
[2025-03-08T10:24:51.119+0000] {processor.py:914} INFO - Processing file /home/airflow/.local/lib/python3.12/site-packages/airflow/example_dags/example_sla_dag.py for tasks to queue
[2025-03-08T10:24:51.128+0000] {logging_mixin.py:190} INFO - [2025-03-08T10:24:51.123+0000] {dagbag.py:588} INFO - Filling up the DagBag from /home/airflow/.local/lib/python3.12/site-packages/airflow/example_dags/example_sla_dag.py
[2025-03-08T10:24:51.156+0000] {processor.py:925} INFO - DAG(s) 'example_sla_dag' retrieved from /home/airflow/.local/lib/python3.12/site-packages/airflow/example_dags/example_sla_dag.py
[2025-03-08T10:24:51.204+0000] {logging_mixin.py:190} INFO - [2025-03-08T10:24:51.203+0000] {dag.py:3239} INFO - Sync 1 DAGs
[2025-03-08T10:24:51.544+0000] {logging_mixin.py:190} INFO - [2025-03-08T10:24:51.544+0000] {dag.py:4180} INFO - Setting next_dagrun for example_sla_dag to 2025-03-08 10:22:00+00:00, run_after=2025-03-08 10:24:00+00:00
[2025-03-08T10:24:51.595+0000] {processor.py:208} INFO - Processing /home/airflow/.local/lib/python3.12/site-packages/airflow/example_dags/example_sla_dag.py took 0.498 seconds
[2025-03-08T10:25:22.117+0000] {processor.py:186} INFO - Started process (PID=3843) to work on /home/airflow/.local/lib/python3.12/site-packages/airflow/example_dags/example_sla_dag.py
[2025-03-08T10:25:22.119+0000] {processor.py:914} INFO - Processing file /home/airflow/.local/lib/python3.12/site-packages/airflow/example_dags/example_sla_dag.py for tasks to queue
[2025-03-08T10:25:22.123+0000] {logging_mixin.py:190} INFO - [2025-03-08T10:25:22.122+0000] {dagbag.py:588} INFO - Filling up the DagBag from /home/airflow/.local/lib/python3.12/site-packages/airflow/example_dags/example_sla_dag.py
[2025-03-08T10:25:22.143+0000] {processor.py:925} INFO - DAG(s) 'example_sla_dag' retrieved from /home/airflow/.local/lib/python3.12/site-packages/airflow/example_dags/example_sla_dag.py
[2025-03-08T10:25:22.183+0000] {logging_mixin.py:190} INFO - [2025-03-08T10:25:22.182+0000] {dag.py:3239} INFO - Sync 1 DAGs
[2025-03-08T10:25:22.255+0000] {logging_mixin.py:190} INFO - [2025-03-08T10:25:22.254+0000] {dag.py:4180} INFO - Setting next_dagrun for example_sla_dag to 2025-03-08 10:22:00+00:00, run_after=2025-03-08 10:24:00+00:00
[2025-03-08T10:25:22.684+0000] {processor.py:208} INFO - Processing /home/airflow/.local/lib/python3.12/site-packages/airflow/example_dags/example_sla_dag.py took 0.576 seconds
[2025-03-08T10:25:52.824+0000] {processor.py:186} INFO - Started process (PID=3906) to work on /home/airflow/.local/lib/python3.12/site-packages/airflow/example_dags/example_sla_dag.py
[2025-03-08T10:25:52.826+0000] {processor.py:914} INFO - Processing file /home/airflow/.local/lib/python3.12/site-packages/airflow/example_dags/example_sla_dag.py for tasks to queue
[2025-03-08T10:25:52.829+0000] {logging_mixin.py:190} INFO - [2025-03-08T10:25:52.829+0000] {dagbag.py:588} INFO - Filling up the DagBag from /home/airflow/.local/lib/python3.12/site-packages/airflow/example_dags/example_sla_dag.py
[2025-03-08T10:25:52.848+0000] {processor.py:925} INFO - DAG(s) 'example_sla_dag' retrieved from /home/airflow/.local/lib/python3.12/site-packages/airflow/example_dags/example_sla_dag.py
[2025-03-08T10:25:52.878+0000] {logging_mixin.py:190} INFO - [2025-03-08T10:25:52.878+0000] {dag.py:3239} INFO - Sync 1 DAGs
[2025-03-08T10:25:52.927+0000] {logging_mixin.py:190} INFO - [2025-03-08T10:25:52.927+0000] {dag.py:4180} INFO - Setting next_dagrun for example_sla_dag to 2025-03-08 10:22:00+00:00, run_after=2025-03-08 10:24:00+00:00
[2025-03-08T10:25:52.960+0000] {processor.py:208} INFO - Processing /home/airflow/.local/lib/python3.12/site-packages/airflow/example_dags/example_sla_dag.py took 0.146 seconds
[2025-03-08T10:26:27.072+0000] {processor.py:186} INFO - Started process (PID=3973) to work on /home/airflow/.local/lib/python3.12/site-packages/airflow/example_dags/example_sla_dag.py
[2025-03-08T10:26:27.074+0000] {processor.py:914} INFO - Processing file /home/airflow/.local/lib/python3.12/site-packages/airflow/example_dags/example_sla_dag.py for tasks to queue
[2025-03-08T10:26:27.077+0000] {logging_mixin.py:190} INFO - [2025-03-08T10:26:27.077+0000] {dagbag.py:588} INFO - Filling up the DagBag from /home/airflow/.local/lib/python3.12/site-packages/airflow/example_dags/example_sla_dag.py
[2025-03-08T10:26:27.095+0000] {processor.py:925} INFO - DAG(s) 'example_sla_dag' retrieved from /home/airflow/.local/lib/python3.12/site-packages/airflow/example_dags/example_sla_dag.py
[2025-03-08T10:26:27.126+0000] {logging_mixin.py:190} INFO - [2025-03-08T10:26:27.126+0000] {dag.py:3239} INFO - Sync 1 DAGs
[2025-03-08T10:26:27.178+0000] {logging_mixin.py:190} INFO - [2025-03-08T10:26:27.178+0000] {dag.py:4180} INFO - Setting next_dagrun for example_sla_dag to 2025-03-08 10:24:00+00:00, run_after=2025-03-08 10:26:00+00:00
[2025-03-08T10:26:27.210+0000] {processor.py:208} INFO - Processing /home/airflow/.local/lib/python3.12/site-packages/airflow/example_dags/example_sla_dag.py took 0.148 seconds
[2025-03-08T10:26:59.667+0000] {processor.py:186} INFO - Started process (PID=4042) to work on /home/airflow/.local/lib/python3.12/site-packages/airflow/example_dags/example_sla_dag.py
[2025-03-08T10:26:59.669+0000] {processor.py:914} INFO - Processing file /home/airflow/.local/lib/python3.12/site-packages/airflow/example_dags/example_sla_dag.py for tasks to queue
[2025-03-08T10:26:59.672+0000] {logging_mixin.py:190} INFO - [2025-03-08T10:26:59.672+0000] {dagbag.py:588} INFO - Filling up the DagBag from /home/airflow/.local/lib/python3.12/site-packages/airflow/example_dags/example_sla_dag.py
[2025-03-08T10:26:59.691+0000] {processor.py:925} INFO - DAG(s) 'example_sla_dag' retrieved from /home/airflow/.local/lib/python3.12/site-packages/airflow/example_dags/example_sla_dag.py
[2025-03-08T10:26:59.933+0000] {logging_mixin.py:190} INFO - [2025-03-08T10:26:59.933+0000] {dag.py:3239} INFO - Sync 1 DAGs
[2025-03-08T10:26:59.980+0000] {logging_mixin.py:190} INFO - [2025-03-08T10:26:59.980+0000] {dag.py:4180} INFO - Setting next_dagrun for example_sla_dag to 2025-03-08 10:24:00+00:00, run_after=2025-03-08 10:26:00+00:00
[2025-03-08T10:27:00.025+0000] {processor.py:208} INFO - Processing /home/airflow/.local/lib/python3.12/site-packages/airflow/example_dags/example_sla_dag.py took 0.367 seconds
[2025-03-08T10:27:30.988+0000] {processor.py:186} INFO - Started process (PID=4095) to work on /home/airflow/.local/lib/python3.12/site-packages/airflow/example_dags/example_sla_dag.py
[2025-03-08T10:27:30.997+0000] {processor.py:914} INFO - Processing file /home/airflow/.local/lib/python3.12/site-packages/airflow/example_dags/example_sla_dag.py for tasks to queue
[2025-03-08T10:27:31.021+0000] {logging_mixin.py:190} INFO - [2025-03-08T10:27:31.020+0000] {dagbag.py:588} INFO - Filling up the DagBag from /home/airflow/.local/lib/python3.12/site-packages/airflow/example_dags/example_sla_dag.py
[2025-03-08T10:27:31.088+0000] {processor.py:925} INFO - DAG(s) 'example_sla_dag' retrieved from /home/airflow/.local/lib/python3.12/site-packages/airflow/example_dags/example_sla_dag.py
[2025-03-08T10:27:31.203+0000] {logging_mixin.py:190} INFO - [2025-03-08T10:27:31.202+0000] {dag.py:3239} INFO - Sync 1 DAGs
[2025-03-08T10:27:31.368+0000] {logging_mixin.py:190} INFO - [2025-03-08T10:27:31.368+0000] {dag.py:4180} INFO - Setting next_dagrun for example_sla_dag to 2025-03-08 10:24:00+00:00, run_after=2025-03-08 10:26:00+00:00
[2025-03-08T10:27:31.463+0000] {processor.py:208} INFO - Processing /home/airflow/.local/lib/python3.12/site-packages/airflow/example_dags/example_sla_dag.py took 0.511 seconds
[2025-03-08T10:28:02.001+0000] {processor.py:186} INFO - Started process (PID=4158) to work on /home/airflow/.local/lib/python3.12/site-packages/airflow/example_dags/example_sla_dag.py
[2025-03-08T10:28:02.002+0000] {processor.py:914} INFO - Processing file /home/airflow/.local/lib/python3.12/site-packages/airflow/example_dags/example_sla_dag.py for tasks to queue
[2025-03-08T10:28:02.005+0000] {logging_mixin.py:190} INFO - [2025-03-08T10:28:02.004+0000] {dagbag.py:588} INFO - Filling up the DagBag from /home/airflow/.local/lib/python3.12/site-packages/airflow/example_dags/example_sla_dag.py
[2025-03-08T10:28:02.016+0000] {processor.py:925} INFO - DAG(s) 'example_sla_dag' retrieved from /home/airflow/.local/lib/python3.12/site-packages/airflow/example_dags/example_sla_dag.py
[2025-03-08T10:28:02.038+0000] {logging_mixin.py:190} INFO - [2025-03-08T10:28:02.038+0000] {dag.py:3239} INFO - Sync 1 DAGs
[2025-03-08T10:28:02.071+0000] {logging_mixin.py:190} INFO - [2025-03-08T10:28:02.071+0000] {dag.py:4180} INFO - Setting next_dagrun for example_sla_dag to 2025-03-08 10:26:00+00:00, run_after=2025-03-08 10:28:00+00:00
[2025-03-08T10:28:02.098+0000] {processor.py:208} INFO - Processing /home/airflow/.local/lib/python3.12/site-packages/airflow/example_dags/example_sla_dag.py took 0.104 seconds
[2025-03-08T10:28:32.982+0000] {processor.py:186} INFO - Started process (PID=4221) to work on /home/airflow/.local/lib/python3.12/site-packages/airflow/example_dags/example_sla_dag.py
[2025-03-08T10:28:32.985+0000] {processor.py:914} INFO - Processing file /home/airflow/.local/lib/python3.12/site-packages/airflow/example_dags/example_sla_dag.py for tasks to queue
[2025-03-08T10:28:32.989+0000] {logging_mixin.py:190} INFO - [2025-03-08T10:28:32.989+0000] {dagbag.py:588} INFO - Filling up the DagBag from /home/airflow/.local/lib/python3.12/site-packages/airflow/example_dags/example_sla_dag.py
[2025-03-08T10:28:33.020+0000] {processor.py:925} INFO - DAG(s) 'example_sla_dag' retrieved from /home/airflow/.local/lib/python3.12/site-packages/airflow/example_dags/example_sla_dag.py
[2025-03-08T10:28:33.077+0000] {logging_mixin.py:190} INFO - [2025-03-08T10:28:33.076+0000] {dag.py:3239} INFO - Sync 1 DAGs
[2025-03-08T10:28:33.174+0000] {logging_mixin.py:190} INFO - [2025-03-08T10:28:33.174+0000] {dag.py:4180} INFO - Setting next_dagrun for example_sla_dag to 2025-03-08 10:26:00+00:00, run_after=2025-03-08 10:28:00+00:00
[2025-03-08T10:28:33.244+0000] {processor.py:208} INFO - Processing /home/airflow/.local/lib/python3.12/site-packages/airflow/example_dags/example_sla_dag.py took 0.276 seconds
[2025-03-08T10:29:03.584+0000] {processor.py:186} INFO - Started process (PID=4284) to work on /home/airflow/.local/lib/python3.12/site-packages/airflow/example_dags/example_sla_dag.py
[2025-03-08T10:29:03.586+0000] {processor.py:914} INFO - Processing file /home/airflow/.local/lib/python3.12/site-packages/airflow/example_dags/example_sla_dag.py for tasks to queue
[2025-03-08T10:29:03.601+0000] {logging_mixin.py:190} INFO - [2025-03-08T10:29:03.601+0000] {dagbag.py:588} INFO - Filling up the DagBag from /home/airflow/.local/lib/python3.12/site-packages/airflow/example_dags/example_sla_dag.py
[2025-03-08T10:29:03.654+0000] {processor.py:925} INFO - DAG(s) 'example_sla_dag' retrieved from /home/airflow/.local/lib/python3.12/site-packages/airflow/example_dags/example_sla_dag.py
[2025-03-08T10:29:03.753+0000] {logging_mixin.py:190} INFO - [2025-03-08T10:29:03.752+0000] {dag.py:3239} INFO - Sync 1 DAGs
[2025-03-08T10:29:03.847+0000] {logging_mixin.py:190} INFO - [2025-03-08T10:29:03.847+0000] {dag.py:4180} INFO - Setting next_dagrun for example_sla_dag to 2025-03-08 10:26:00+00:00, run_after=2025-03-08 10:28:00+00:00
[2025-03-08T10:29:03.933+0000] {processor.py:208} INFO - Processing /home/airflow/.local/lib/python3.12/site-packages/airflow/example_dags/example_sla_dag.py took 0.379 seconds
[2025-03-08T10:29:34.168+0000] {processor.py:186} INFO - Started process (PID=4347) to work on /home/airflow/.local/lib/python3.12/site-packages/airflow/example_dags/example_sla_dag.py
[2025-03-08T10:29:34.170+0000] {processor.py:914} INFO - Processing file /home/airflow/.local/lib/python3.12/site-packages/airflow/example_dags/example_sla_dag.py for tasks to queue
[2025-03-08T10:29:34.176+0000] {logging_mixin.py:190} INFO - [2025-03-08T10:29:34.175+0000] {dagbag.py:588} INFO - Filling up the DagBag from /home/airflow/.local/lib/python3.12/site-packages/airflow/example_dags/example_sla_dag.py
[2025-03-08T10:29:34.202+0000] {processor.py:925} INFO - DAG(s) 'example_sla_dag' retrieved from /home/airflow/.local/lib/python3.12/site-packages/airflow/example_dags/example_sla_dag.py
[2025-03-08T10:29:34.240+0000] {logging_mixin.py:190} INFO - [2025-03-08T10:29:34.240+0000] {dag.py:3239} INFO - Sync 1 DAGs
[2025-03-08T10:29:34.304+0000] {logging_mixin.py:190} INFO - [2025-03-08T10:29:34.303+0000] {dag.py:4180} INFO - Setting next_dagrun for example_sla_dag to 2025-03-08 10:26:00+00:00, run_after=2025-03-08 10:28:00+00:00
[2025-03-08T10:29:34.353+0000] {processor.py:208} INFO - Processing /home/airflow/.local/lib/python3.12/site-packages/airflow/example_dags/example_sla_dag.py took 0.198 seconds
[2025-03-08T10:30:04.508+0000] {processor.py:186} INFO - Started process (PID=4409) to work on /home/airflow/.local/lib/python3.12/site-packages/airflow/example_dags/example_sla_dag.py
[2025-03-08T10:30:04.509+0000] {processor.py:914} INFO - Processing file /home/airflow/.local/lib/python3.12/site-packages/airflow/example_dags/example_sla_dag.py for tasks to queue
[2025-03-08T10:30:04.513+0000] {logging_mixin.py:190} INFO - [2025-03-08T10:30:04.512+0000] {dagbag.py:588} INFO - Filling up the DagBag from /home/airflow/.local/lib/python3.12/site-packages/airflow/example_dags/example_sla_dag.py
[2025-03-08T10:30:04.530+0000] {processor.py:925} INFO - DAG(s) 'example_sla_dag' retrieved from /home/airflow/.local/lib/python3.12/site-packages/airflow/example_dags/example_sla_dag.py
[2025-03-08T10:30:04.554+0000] {logging_mixin.py:190} INFO - [2025-03-08T10:30:04.553+0000] {dag.py:3239} INFO - Sync 1 DAGs
[2025-03-08T10:30:04.592+0000] {logging_mixin.py:190} INFO - [2025-03-08T10:30:04.592+0000] {dag.py:4180} INFO - Setting next_dagrun for example_sla_dag to 2025-03-08 10:28:00+00:00, run_after=2025-03-08 10:30:00+00:00
[2025-03-08T10:30:04.624+0000] {processor.py:208} INFO - Processing /home/airflow/.local/lib/python3.12/site-packages/airflow/example_dags/example_sla_dag.py took 0.123 seconds
[2025-03-08T10:30:34.758+0000] {processor.py:186} INFO - Started process (PID=4472) to work on /home/airflow/.local/lib/python3.12/site-packages/airflow/example_dags/example_sla_dag.py
[2025-03-08T10:30:34.759+0000] {processor.py:914} INFO - Processing file /home/airflow/.local/lib/python3.12/site-packages/airflow/example_dags/example_sla_dag.py for tasks to queue
[2025-03-08T10:30:34.764+0000] {logging_mixin.py:190} INFO - [2025-03-08T10:30:34.763+0000] {dagbag.py:588} INFO - Filling up the DagBag from /home/airflow/.local/lib/python3.12/site-packages/airflow/example_dags/example_sla_dag.py
[2025-03-08T10:30:34.783+0000] {processor.py:925} INFO - DAG(s) 'example_sla_dag' retrieved from /home/airflow/.local/lib/python3.12/site-packages/airflow/example_dags/example_sla_dag.py
[2025-03-08T10:30:34.812+0000] {logging_mixin.py:190} INFO - [2025-03-08T10:30:34.812+0000] {dag.py:3239} INFO - Sync 1 DAGs
[2025-03-08T10:30:34.859+0000] {logging_mixin.py:190} INFO - [2025-03-08T10:30:34.858+0000] {dag.py:4180} INFO - Setting next_dagrun for example_sla_dag to 2025-03-08 10:28:00+00:00, run_after=2025-03-08 10:30:00+00:00
[2025-03-08T10:30:34.896+0000] {processor.py:208} INFO - Processing /home/airflow/.local/lib/python3.12/site-packages/airflow/example_dags/example_sla_dag.py took 0.148 seconds
[2025-03-08T10:31:05.847+0000] {processor.py:186} INFO - Started process (PID=4535) to work on /home/airflow/.local/lib/python3.12/site-packages/airflow/example_dags/example_sla_dag.py
[2025-03-08T10:31:05.848+0000] {processor.py:914} INFO - Processing file /home/airflow/.local/lib/python3.12/site-packages/airflow/example_dags/example_sla_dag.py for tasks to queue
[2025-03-08T10:31:05.851+0000] {logging_mixin.py:190} INFO - [2025-03-08T10:31:05.851+0000] {dagbag.py:588} INFO - Filling up the DagBag from /home/airflow/.local/lib/python3.12/site-packages/airflow/example_dags/example_sla_dag.py
[2025-03-08T10:31:05.863+0000] {processor.py:925} INFO - DAG(s) 'example_sla_dag' retrieved from /home/airflow/.local/lib/python3.12/site-packages/airflow/example_dags/example_sla_dag.py
[2025-03-08T10:31:05.890+0000] {logging_mixin.py:190} INFO - [2025-03-08T10:31:05.889+0000] {dag.py:3239} INFO - Sync 1 DAGs
[2025-03-08T10:31:05.962+0000] {logging_mixin.py:190} INFO - [2025-03-08T10:31:05.962+0000] {dag.py:4180} INFO - Setting next_dagrun for example_sla_dag to 2025-03-08 10:28:00+00:00, run_after=2025-03-08 10:30:00+00:00
[2025-03-08T10:31:05.988+0000] {processor.py:208} INFO - Processing /home/airflow/.local/lib/python3.12/site-packages/airflow/example_dags/example_sla_dag.py took 0.150 seconds
[2025-03-08T10:31:36.052+0000] {processor.py:186} INFO - Started process (PID=4597) to work on /home/airflow/.local/lib/python3.12/site-packages/airflow/example_dags/example_sla_dag.py
[2025-03-08T10:31:36.054+0000] {processor.py:914} INFO - Processing file /home/airflow/.local/lib/python3.12/site-packages/airflow/example_dags/example_sla_dag.py for tasks to queue
[2025-03-08T10:31:36.058+0000] {logging_mixin.py:190} INFO - [2025-03-08T10:31:36.058+0000] {dagbag.py:588} INFO - Filling up the DagBag from /home/airflow/.local/lib/python3.12/site-packages/airflow/example_dags/example_sla_dag.py
[2025-03-08T10:31:36.073+0000] {processor.py:925} INFO - DAG(s) 'example_sla_dag' retrieved from /home/airflow/.local/lib/python3.12/site-packages/airflow/example_dags/example_sla_dag.py
[2025-03-08T10:31:36.097+0000] {logging_mixin.py:190} INFO - [2025-03-08T10:31:36.096+0000] {dag.py:3239} INFO - Sync 1 DAGs
[2025-03-08T10:31:36.132+0000] {logging_mixin.py:190} INFO - [2025-03-08T10:31:36.132+0000] {dag.py:4180} INFO - Setting next_dagrun for example_sla_dag to 2025-03-08 10:28:00+00:00, run_after=2025-03-08 10:30:00+00:00
[2025-03-08T10:31:36.159+0000] {processor.py:208} INFO - Processing /home/airflow/.local/lib/python3.12/site-packages/airflow/example_dags/example_sla_dag.py took 0.114 seconds
[2025-03-08T10:32:06.275+0000] {processor.py:186} INFO - Started process (PID=4660) to work on /home/airflow/.local/lib/python3.12/site-packages/airflow/example_dags/example_sla_dag.py
[2025-03-08T10:32:06.276+0000] {processor.py:914} INFO - Processing file /home/airflow/.local/lib/python3.12/site-packages/airflow/example_dags/example_sla_dag.py for tasks to queue
[2025-03-08T10:32:06.279+0000] {logging_mixin.py:190} INFO - [2025-03-08T10:32:06.279+0000] {dagbag.py:588} INFO - Filling up the DagBag from /home/airflow/.local/lib/python3.12/site-packages/airflow/example_dags/example_sla_dag.py
[2025-03-08T10:32:06.291+0000] {processor.py:925} INFO - DAG(s) 'example_sla_dag' retrieved from /home/airflow/.local/lib/python3.12/site-packages/airflow/example_dags/example_sla_dag.py
[2025-03-08T10:32:06.312+0000] {logging_mixin.py:190} INFO - [2025-03-08T10:32:06.312+0000] {dag.py:3239} INFO - Sync 1 DAGs
[2025-03-08T10:32:06.356+0000] {logging_mixin.py:190} INFO - [2025-03-08T10:32:06.356+0000] {dag.py:4180} INFO - Setting next_dagrun for example_sla_dag to 2025-03-08 10:30:00+00:00, run_after=2025-03-08 10:32:00+00:00
[2025-03-08T10:32:06.380+0000] {processor.py:208} INFO - Processing /home/airflow/.local/lib/python3.12/site-packages/airflow/example_dags/example_sla_dag.py took 0.111 seconds
[2025-03-08T10:32:37.021+0000] {processor.py:186} INFO - Started process (PID=4723) to work on /home/airflow/.local/lib/python3.12/site-packages/airflow/example_dags/example_sla_dag.py
[2025-03-08T10:32:37.023+0000] {processor.py:914} INFO - Processing file /home/airflow/.local/lib/python3.12/site-packages/airflow/example_dags/example_sla_dag.py for tasks to queue
[2025-03-08T10:32:37.029+0000] {logging_mixin.py:190} INFO - [2025-03-08T10:32:37.028+0000] {dagbag.py:588} INFO - Filling up the DagBag from /home/airflow/.local/lib/python3.12/site-packages/airflow/example_dags/example_sla_dag.py
[2025-03-08T10:32:37.050+0000] {processor.py:925} INFO - DAG(s) 'example_sla_dag' retrieved from /home/airflow/.local/lib/python3.12/site-packages/airflow/example_dags/example_sla_dag.py
[2025-03-08T10:32:37.083+0000] {logging_mixin.py:190} INFO - [2025-03-08T10:32:37.082+0000] {dag.py:3239} INFO - Sync 1 DAGs
[2025-03-08T10:32:37.122+0000] {logging_mixin.py:190} INFO - [2025-03-08T10:32:37.122+0000] {dag.py:4180} INFO - Setting next_dagrun for example_sla_dag to 2025-03-08 10:30:00+00:00, run_after=2025-03-08 10:32:00+00:00
[2025-03-08T10:32:37.145+0000] {processor.py:208} INFO - Processing /home/airflow/.local/lib/python3.12/site-packages/airflow/example_dags/example_sla_dag.py took 0.133 seconds
