[2025-03-08T10:17:43.323+0000] {processor.py:186} INFO - Started process (PID=2953) to work on /home/airflow/.local/lib/python3.12/site-packages/airflow/example_dags/example_latest_only.py
[2025-03-08T10:17:43.442+0000] {processor.py:914} INFO - Processing file /home/airflow/.local/lib/python3.12/site-packages/airflow/example_dags/example_latest_only.py for tasks to queue
[2025-03-08T10:17:43.453+0000] {logging_mixin.py:190} INFO - [2025-03-08T10:17:43.452+0000] {dagbag.py:588} INFO - Filling up the DagBag from /home/airflow/.local/lib/python3.12/site-packages/airflow/example_dags/example_latest_only.py
[2025-03-08T10:17:43.485+0000] {processor.py:925} INFO - DAG(s) 'latest_only' retrieved from /home/airflow/.local/lib/python3.12/site-packages/airflow/example_dags/example_latest_only.py
[2025-03-08T10:17:43.610+0000] {logging_mixin.py:190} INFO - [2025-03-08T10:17:43.609+0000] {dag.py:3239} INFO - Sync 1 DAGs
[2025-03-08T10:17:43.771+0000] {logging_mixin.py:190} INFO - [2025-03-08T10:17:43.771+0000] {dag.py:4180} INFO - Setting next_dagrun for latest_only to 2025-03-08 04:00:00+00:00, run_after=2025-03-08 08:00:00+00:00
[2025-03-08T10:17:44.044+0000] {processor.py:208} INFO - Processing /home/airflow/.local/lib/python3.12/site-packages/airflow/example_dags/example_latest_only.py took 0.784 seconds
[2025-03-08T10:18:19.327+0000] {processor.py:186} INFO - Started process (PID=3016) to work on /home/airflow/.local/lib/python3.12/site-packages/airflow/example_dags/example_latest_only.py
[2025-03-08T10:18:19.340+0000] {processor.py:914} INFO - Processing file /home/airflow/.local/lib/python3.12/site-packages/airflow/example_dags/example_latest_only.py for tasks to queue
[2025-03-08T10:18:19.363+0000] {logging_mixin.py:190} INFO - [2025-03-08T10:18:19.362+0000] {dagbag.py:588} INFO - Filling up the DagBag from /home/airflow/.local/lib/python3.12/site-packages/airflow/example_dags/example_latest_only.py
[2025-03-08T10:18:19.404+0000] {processor.py:925} INFO - DAG(s) 'latest_only' retrieved from /home/airflow/.local/lib/python3.12/site-packages/airflow/example_dags/example_latest_only.py
[2025-03-08T10:18:19.506+0000] {logging_mixin.py:190} INFO - [2025-03-08T10:18:19.505+0000] {dag.py:3239} INFO - Sync 1 DAGs
[2025-03-08T10:18:19.665+0000] {logging_mixin.py:190} INFO - [2025-03-08T10:18:19.664+0000] {dag.py:4180} INFO - Setting next_dagrun for latest_only to 2025-03-08 04:00:00+00:00, run_after=2025-03-08 08:00:00+00:00
[2025-03-08T10:18:19.765+0000] {processor.py:208} INFO - Processing /home/airflow/.local/lib/python3.12/site-packages/airflow/example_dags/example_latest_only.py took 0.461 seconds
[2025-03-08T10:18:50.823+0000] {processor.py:186} INFO - Started process (PID=3079) to work on /home/airflow/.local/lib/python3.12/site-packages/airflow/example_dags/example_latest_only.py
[2025-03-08T10:18:50.825+0000] {processor.py:914} INFO - Processing file /home/airflow/.local/lib/python3.12/site-packages/airflow/example_dags/example_latest_only.py for tasks to queue
[2025-03-08T10:18:50.848+0000] {logging_mixin.py:190} INFO - [2025-03-08T10:18:50.846+0000] {dagbag.py:588} INFO - Filling up the DagBag from /home/airflow/.local/lib/python3.12/site-packages/airflow/example_dags/example_latest_only.py
[2025-03-08T10:18:50.903+0000] {processor.py:925} INFO - DAG(s) 'latest_only' retrieved from /home/airflow/.local/lib/python3.12/site-packages/airflow/example_dags/example_latest_only.py
[2025-03-08T10:18:50.994+0000] {logging_mixin.py:190} INFO - [2025-03-08T10:18:50.994+0000] {dag.py:3239} INFO - Sync 1 DAGs
[2025-03-08T10:18:51.134+0000] {logging_mixin.py:190} INFO - [2025-03-08T10:18:51.134+0000] {dag.py:4180} INFO - Setting next_dagrun for latest_only to 2025-03-08 04:00:00+00:00, run_after=2025-03-08 08:00:00+00:00
[2025-03-08T10:18:51.239+0000] {processor.py:208} INFO - Processing /home/airflow/.local/lib/python3.12/site-packages/airflow/example_dags/example_latest_only.py took 0.438 seconds
[2025-03-08T10:19:21.533+0000] {processor.py:186} INFO - Started process (PID=3140) to work on /home/airflow/.local/lib/python3.12/site-packages/airflow/example_dags/example_latest_only.py
[2025-03-08T10:19:21.536+0000] {processor.py:914} INFO - Processing file /home/airflow/.local/lib/python3.12/site-packages/airflow/example_dags/example_latest_only.py for tasks to queue
[2025-03-08T10:19:21.549+0000] {logging_mixin.py:190} INFO - [2025-03-08T10:19:21.548+0000] {dagbag.py:588} INFO - Filling up the DagBag from /home/airflow/.local/lib/python3.12/site-packages/airflow/example_dags/example_latest_only.py
[2025-03-08T10:19:21.593+0000] {processor.py:925} INFO - DAG(s) 'latest_only' retrieved from /home/airflow/.local/lib/python3.12/site-packages/airflow/example_dags/example_latest_only.py
[2025-03-08T10:19:21.662+0000] {logging_mixin.py:190} INFO - [2025-03-08T10:19:21.662+0000] {dag.py:3239} INFO - Sync 1 DAGs
[2025-03-08T10:19:21.782+0000] {logging_mixin.py:190} INFO - [2025-03-08T10:19:21.782+0000] {dag.py:4180} INFO - Setting next_dagrun for latest_only to 2025-03-08 04:00:00+00:00, run_after=2025-03-08 08:00:00+00:00
[2025-03-08T10:19:21.852+0000] {processor.py:208} INFO - Processing /home/airflow/.local/lib/python3.12/site-packages/airflow/example_dags/example_latest_only.py took 0.337 seconds
[2025-03-08T10:19:52.086+0000] {processor.py:186} INFO - Started process (PID=3203) to work on /home/airflow/.local/lib/python3.12/site-packages/airflow/example_dags/example_latest_only.py
[2025-03-08T10:19:52.088+0000] {processor.py:914} INFO - Processing file /home/airflow/.local/lib/python3.12/site-packages/airflow/example_dags/example_latest_only.py for tasks to queue
[2025-03-08T10:19:52.091+0000] {logging_mixin.py:190} INFO - [2025-03-08T10:19:52.091+0000] {dagbag.py:588} INFO - Filling up the DagBag from /home/airflow/.local/lib/python3.12/site-packages/airflow/example_dags/example_latest_only.py
[2025-03-08T10:19:52.104+0000] {processor.py:925} INFO - DAG(s) 'latest_only' retrieved from /home/airflow/.local/lib/python3.12/site-packages/airflow/example_dags/example_latest_only.py
[2025-03-08T10:19:52.156+0000] {logging_mixin.py:190} INFO - [2025-03-08T10:19:52.156+0000] {dag.py:3239} INFO - Sync 1 DAGs
[2025-03-08T10:19:52.208+0000] {logging_mixin.py:190} INFO - [2025-03-08T10:19:52.208+0000] {dag.py:4180} INFO - Setting next_dagrun for latest_only to 2025-03-08 04:00:00+00:00, run_after=2025-03-08 08:00:00+00:00
[2025-03-08T10:19:52.240+0000] {processor.py:208} INFO - Processing /home/airflow/.local/lib/python3.12/site-packages/airflow/example_dags/example_latest_only.py took 0.164 seconds
[2025-03-08T10:20:23.401+0000] {processor.py:186} INFO - Started process (PID=3266) to work on /home/airflow/.local/lib/python3.12/site-packages/airflow/example_dags/example_latest_only.py
[2025-03-08T10:20:23.412+0000] {processor.py:914} INFO - Processing file /home/airflow/.local/lib/python3.12/site-packages/airflow/example_dags/example_latest_only.py for tasks to queue
[2025-03-08T10:20:23.419+0000] {logging_mixin.py:190} INFO - [2025-03-08T10:20:23.418+0000] {dagbag.py:588} INFO - Filling up the DagBag from /home/airflow/.local/lib/python3.12/site-packages/airflow/example_dags/example_latest_only.py
[2025-03-08T10:20:23.446+0000] {processor.py:925} INFO - DAG(s) 'latest_only' retrieved from /home/airflow/.local/lib/python3.12/site-packages/airflow/example_dags/example_latest_only.py
[2025-03-08T10:20:23.557+0000] {logging_mixin.py:190} INFO - [2025-03-08T10:20:23.556+0000] {dag.py:3239} INFO - Sync 1 DAGs
[2025-03-08T10:20:23.750+0000] {logging_mixin.py:190} INFO - [2025-03-08T10:20:23.749+0000] {dag.py:4180} INFO - Setting next_dagrun for latest_only to 2025-03-08 04:00:00+00:00, run_after=2025-03-08 08:00:00+00:00
[2025-03-08T10:20:23.889+0000] {processor.py:208} INFO - Processing /home/airflow/.local/lib/python3.12/site-packages/airflow/example_dags/example_latest_only.py took 0.512 seconds
[2025-03-08T10:21:01.136+0000] {processor.py:186} INFO - Started process (PID=3324) to work on /home/airflow/.local/lib/python3.12/site-packages/airflow/example_dags/example_latest_only.py
[2025-03-08T10:21:01.163+0000] {processor.py:914} INFO - Processing file /home/airflow/.local/lib/python3.12/site-packages/airflow/example_dags/example_latest_only.py for tasks to queue
[2025-03-08T10:21:01.242+0000] {logging_mixin.py:190} INFO - [2025-03-08T10:21:01.242+0000] {dagbag.py:588} INFO - Filling up the DagBag from /home/airflow/.local/lib/python3.12/site-packages/airflow/example_dags/example_latest_only.py
[2025-03-08T10:21:01.291+0000] {processor.py:925} INFO - DAG(s) 'latest_only' retrieved from /home/airflow/.local/lib/python3.12/site-packages/airflow/example_dags/example_latest_only.py
[2025-03-08T10:21:01.417+0000] {logging_mixin.py:190} INFO - [2025-03-08T10:21:01.416+0000] {dag.py:3239} INFO - Sync 1 DAGs
[2025-03-08T10:21:01.587+0000] {logging_mixin.py:190} INFO - [2025-03-08T10:21:01.586+0000] {dag.py:4180} INFO - Setting next_dagrun for latest_only to 2025-03-08 04:00:00+00:00, run_after=2025-03-08 08:00:00+00:00
[2025-03-08T10:21:01.717+0000] {processor.py:208} INFO - Processing /home/airflow/.local/lib/python3.12/site-packages/airflow/example_dags/example_latest_only.py took 0.613 seconds
[2025-03-08T10:21:32.373+0000] {processor.py:186} INFO - Started process (PID=3387) to work on /home/airflow/.local/lib/python3.12/site-packages/airflow/example_dags/example_latest_only.py
[2025-03-08T10:21:32.379+0000] {processor.py:914} INFO - Processing file /home/airflow/.local/lib/python3.12/site-packages/airflow/example_dags/example_latest_only.py for tasks to queue
[2025-03-08T10:21:32.391+0000] {logging_mixin.py:190} INFO - [2025-03-08T10:21:32.390+0000] {dagbag.py:588} INFO - Filling up the DagBag from /home/airflow/.local/lib/python3.12/site-packages/airflow/example_dags/example_latest_only.py
[2025-03-08T10:21:32.437+0000] {processor.py:925} INFO - DAG(s) 'latest_only' retrieved from /home/airflow/.local/lib/python3.12/site-packages/airflow/example_dags/example_latest_only.py
[2025-03-08T10:21:32.554+0000] {logging_mixin.py:190} INFO - [2025-03-08T10:21:32.553+0000] {dag.py:3239} INFO - Sync 1 DAGs
[2025-03-08T10:21:32.757+0000] {logging_mixin.py:190} INFO - [2025-03-08T10:21:32.757+0000] {dag.py:4180} INFO - Setting next_dagrun for latest_only to 2025-03-08 04:00:00+00:00, run_after=2025-03-08 08:00:00+00:00
[2025-03-08T10:21:32.856+0000] {processor.py:208} INFO - Processing /home/airflow/.local/lib/python3.12/site-packages/airflow/example_dags/example_latest_only.py took 0.506 seconds
[2025-03-08T10:22:03.781+0000] {processor.py:186} INFO - Started process (PID=3451) to work on /home/airflow/.local/lib/python3.12/site-packages/airflow/example_dags/example_latest_only.py
[2025-03-08T10:22:03.786+0000] {processor.py:914} INFO - Processing file /home/airflow/.local/lib/python3.12/site-packages/airflow/example_dags/example_latest_only.py for tasks to queue
[2025-03-08T10:22:03.792+0000] {logging_mixin.py:190} INFO - [2025-03-08T10:22:03.791+0000] {dagbag.py:588} INFO - Filling up the DagBag from /home/airflow/.local/lib/python3.12/site-packages/airflow/example_dags/example_latest_only.py
[2025-03-08T10:22:03.817+0000] {processor.py:925} INFO - DAG(s) 'latest_only' retrieved from /home/airflow/.local/lib/python3.12/site-packages/airflow/example_dags/example_latest_only.py
[2025-03-08T10:22:03.892+0000] {logging_mixin.py:190} INFO - [2025-03-08T10:22:03.882+0000] {dag.py:3239} INFO - Sync 1 DAGs
[2025-03-08T10:22:03.981+0000] {logging_mixin.py:190} INFO - [2025-03-08T10:22:03.980+0000] {dag.py:4180} INFO - Setting next_dagrun for latest_only to 2025-03-08 04:00:00+00:00, run_after=2025-03-08 08:00:00+00:00
[2025-03-08T10:22:04.065+0000] {processor.py:208} INFO - Processing /home/airflow/.local/lib/python3.12/site-packages/airflow/example_dags/example_latest_only.py took 0.300 seconds
[2025-03-08T10:22:34.321+0000] {processor.py:186} INFO - Started process (PID=3513) to work on /home/airflow/.local/lib/python3.12/site-packages/airflow/example_dags/example_latest_only.py
[2025-03-08T10:22:34.327+0000] {processor.py:914} INFO - Processing file /home/airflow/.local/lib/python3.12/site-packages/airflow/example_dags/example_latest_only.py for tasks to queue
[2025-03-08T10:22:34.331+0000] {logging_mixin.py:190} INFO - [2025-03-08T10:22:34.331+0000] {dagbag.py:588} INFO - Filling up the DagBag from /home/airflow/.local/lib/python3.12/site-packages/airflow/example_dags/example_latest_only.py
[2025-03-08T10:22:34.355+0000] {processor.py:925} INFO - DAG(s) 'latest_only' retrieved from /home/airflow/.local/lib/python3.12/site-packages/airflow/example_dags/example_latest_only.py
[2025-03-08T10:22:34.424+0000] {logging_mixin.py:190} INFO - [2025-03-08T10:22:34.423+0000] {dag.py:3239} INFO - Sync 1 DAGs
[2025-03-08T10:22:34.544+0000] {logging_mixin.py:190} INFO - [2025-03-08T10:22:34.543+0000] {dag.py:4180} INFO - Setting next_dagrun for latest_only to 2025-03-08 04:00:00+00:00, run_after=2025-03-08 08:00:00+00:00
[2025-03-08T10:22:34.616+0000] {processor.py:208} INFO - Processing /home/airflow/.local/lib/python3.12/site-packages/airflow/example_dags/example_latest_only.py took 0.309 seconds
[2025-03-08T10:23:05.188+0000] {processor.py:186} INFO - Started process (PID=3576) to work on /home/airflow/.local/lib/python3.12/site-packages/airflow/example_dags/example_latest_only.py
[2025-03-08T10:23:05.197+0000] {processor.py:914} INFO - Processing file /home/airflow/.local/lib/python3.12/site-packages/airflow/example_dags/example_latest_only.py for tasks to queue
[2025-03-08T10:23:05.202+0000] {logging_mixin.py:190} INFO - [2025-03-08T10:23:05.201+0000] {dagbag.py:588} INFO - Filling up the DagBag from /home/airflow/.local/lib/python3.12/site-packages/airflow/example_dags/example_latest_only.py
[2025-03-08T10:23:05.222+0000] {processor.py:925} INFO - DAG(s) 'latest_only' retrieved from /home/airflow/.local/lib/python3.12/site-packages/airflow/example_dags/example_latest_only.py
[2025-03-08T10:23:05.263+0000] {logging_mixin.py:190} INFO - [2025-03-08T10:23:05.262+0000] {dag.py:3239} INFO - Sync 1 DAGs
[2025-03-08T10:23:05.304+0000] {logging_mixin.py:190} INFO - [2025-03-08T10:23:05.303+0000] {dag.py:4180} INFO - Setting next_dagrun for latest_only to 2025-03-08 04:00:00+00:00, run_after=2025-03-08 08:00:00+00:00
[2025-03-08T10:23:05.342+0000] {processor.py:208} INFO - Processing /home/airflow/.local/lib/python3.12/site-packages/airflow/example_dags/example_latest_only.py took 0.175 seconds
[2025-03-08T10:23:39.225+0000] {processor.py:186} INFO - Started process (PID=3630) to work on /home/airflow/.local/lib/python3.12/site-packages/airflow/example_dags/example_latest_only.py
[2025-03-08T10:23:39.227+0000] {processor.py:914} INFO - Processing file /home/airflow/.local/lib/python3.12/site-packages/airflow/example_dags/example_latest_only.py for tasks to queue
[2025-03-08T10:23:39.232+0000] {logging_mixin.py:190} INFO - [2025-03-08T10:23:39.232+0000] {dagbag.py:588} INFO - Filling up the DagBag from /home/airflow/.local/lib/python3.12/site-packages/airflow/example_dags/example_latest_only.py
[2025-03-08T10:23:39.266+0000] {processor.py:925} INFO - DAG(s) 'latest_only' retrieved from /home/airflow/.local/lib/python3.12/site-packages/airflow/example_dags/example_latest_only.py
[2025-03-08T10:23:39.347+0000] {logging_mixin.py:190} INFO - [2025-03-08T10:23:39.347+0000] {dag.py:3239} INFO - Sync 1 DAGs
[2025-03-08T10:23:39.444+0000] {logging_mixin.py:190} INFO - [2025-03-08T10:23:39.443+0000] {dag.py:4180} INFO - Setting next_dagrun for latest_only to 2025-03-08 04:00:00+00:00, run_after=2025-03-08 08:00:00+00:00
[2025-03-08T10:23:39.510+0000] {processor.py:208} INFO - Processing /home/airflow/.local/lib/python3.12/site-packages/airflow/example_dags/example_latest_only.py took 0.315 seconds
[2025-03-08T10:24:09.610+0000] {processor.py:186} INFO - Started process (PID=3693) to work on /home/airflow/.local/lib/python3.12/site-packages/airflow/example_dags/example_latest_only.py
[2025-03-08T10:24:09.612+0000] {processor.py:914} INFO - Processing file /home/airflow/.local/lib/python3.12/site-packages/airflow/example_dags/example_latest_only.py for tasks to queue
[2025-03-08T10:24:09.617+0000] {logging_mixin.py:190} INFO - [2025-03-08T10:24:09.616+0000] {dagbag.py:588} INFO - Filling up the DagBag from /home/airflow/.local/lib/python3.12/site-packages/airflow/example_dags/example_latest_only.py
[2025-03-08T10:24:09.629+0000] {processor.py:925} INFO - DAG(s) 'latest_only' retrieved from /home/airflow/.local/lib/python3.12/site-packages/airflow/example_dags/example_latest_only.py
[2025-03-08T10:24:09.677+0000] {logging_mixin.py:190} INFO - [2025-03-08T10:24:09.676+0000] {dag.py:3239} INFO - Sync 1 DAGs
[2025-03-08T10:24:09.729+0000] {logging_mixin.py:190} INFO - [2025-03-08T10:24:09.729+0000] {dag.py:4180} INFO - Setting next_dagrun for latest_only to 2025-03-08 04:00:00+00:00, run_after=2025-03-08 08:00:00+00:00
[2025-03-08T10:24:10.015+0000] {processor.py:208} INFO - Processing /home/airflow/.local/lib/python3.12/site-packages/airflow/example_dags/example_latest_only.py took 0.417 seconds
[2025-03-08T10:24:40.490+0000] {processor.py:186} INFO - Started process (PID=3756) to work on /home/airflow/.local/lib/python3.12/site-packages/airflow/example_dags/example_latest_only.py
[2025-03-08T10:24:40.492+0000] {processor.py:914} INFO - Processing file /home/airflow/.local/lib/python3.12/site-packages/airflow/example_dags/example_latest_only.py for tasks to queue
[2025-03-08T10:24:40.496+0000] {logging_mixin.py:190} INFO - [2025-03-08T10:24:40.496+0000] {dagbag.py:588} INFO - Filling up the DagBag from /home/airflow/.local/lib/python3.12/site-packages/airflow/example_dags/example_latest_only.py
[2025-03-08T10:24:40.510+0000] {processor.py:925} INFO - DAG(s) 'latest_only' retrieved from /home/airflow/.local/lib/python3.12/site-packages/airflow/example_dags/example_latest_only.py
[2025-03-08T10:24:40.541+0000] {logging_mixin.py:190} INFO - [2025-03-08T10:24:40.541+0000] {dag.py:3239} INFO - Sync 1 DAGs
[2025-03-08T10:24:40.588+0000] {logging_mixin.py:190} INFO - [2025-03-08T10:24:40.588+0000] {dag.py:4180} INFO - Setting next_dagrun for latest_only to 2025-03-08 04:00:00+00:00, run_after=2025-03-08 08:00:00+00:00
[2025-03-08T10:24:40.627+0000] {processor.py:208} INFO - Processing /home/airflow/.local/lib/python3.12/site-packages/airflow/example_dags/example_latest_only.py took 0.149 seconds
[2025-03-08T10:25:11.723+0000] {processor.py:186} INFO - Started process (PID=3814) to work on /home/airflow/.local/lib/python3.12/site-packages/airflow/example_dags/example_latest_only.py
[2025-03-08T10:25:11.725+0000] {processor.py:914} INFO - Processing file /home/airflow/.local/lib/python3.12/site-packages/airflow/example_dags/example_latest_only.py for tasks to queue
[2025-03-08T10:25:11.729+0000] {logging_mixin.py:190} INFO - [2025-03-08T10:25:11.728+0000] {dagbag.py:588} INFO - Filling up the DagBag from /home/airflow/.local/lib/python3.12/site-packages/airflow/example_dags/example_latest_only.py
[2025-03-08T10:25:11.741+0000] {processor.py:925} INFO - DAG(s) 'latest_only' retrieved from /home/airflow/.local/lib/python3.12/site-packages/airflow/example_dags/example_latest_only.py
[2025-03-08T10:25:11.772+0000] {logging_mixin.py:190} INFO - [2025-03-08T10:25:11.772+0000] {dag.py:3239} INFO - Sync 1 DAGs
[2025-03-08T10:25:11.820+0000] {logging_mixin.py:190} INFO - [2025-03-08T10:25:11.819+0000] {dag.py:4180} INFO - Setting next_dagrun for latest_only to 2025-03-08 04:00:00+00:00, run_after=2025-03-08 08:00:00+00:00
[2025-03-08T10:25:11.864+0000] {processor.py:208} INFO - Processing /home/airflow/.local/lib/python3.12/site-packages/airflow/example_dags/example_latest_only.py took 0.152 seconds
[2025-03-08T10:25:43.808+0000] {processor.py:186} INFO - Started process (PID=3877) to work on /home/airflow/.local/lib/python3.12/site-packages/airflow/example_dags/example_latest_only.py
[2025-03-08T10:25:43.809+0000] {processor.py:914} INFO - Processing file /home/airflow/.local/lib/python3.12/site-packages/airflow/example_dags/example_latest_only.py for tasks to queue
[2025-03-08T10:25:43.814+0000] {logging_mixin.py:190} INFO - [2025-03-08T10:25:43.813+0000] {dagbag.py:588} INFO - Filling up the DagBag from /home/airflow/.local/lib/python3.12/site-packages/airflow/example_dags/example_latest_only.py
[2025-03-08T10:25:43.832+0000] {processor.py:925} INFO - DAG(s) 'latest_only' retrieved from /home/airflow/.local/lib/python3.12/site-packages/airflow/example_dags/example_latest_only.py
[2025-03-08T10:25:43.880+0000] {logging_mixin.py:190} INFO - [2025-03-08T10:25:43.879+0000] {dag.py:3239} INFO - Sync 1 DAGs
[2025-03-08T10:25:43.941+0000] {logging_mixin.py:190} INFO - [2025-03-08T10:25:43.940+0000] {dag.py:4180} INFO - Setting next_dagrun for latest_only to 2025-03-08 04:00:00+00:00, run_after=2025-03-08 08:00:00+00:00
[2025-03-08T10:25:43.976+0000] {processor.py:208} INFO - Processing /home/airflow/.local/lib/python3.12/site-packages/airflow/example_dags/example_latest_only.py took 0.194 seconds
[2025-03-08T10:26:17.699+0000] {processor.py:186} INFO - Started process (PID=3941) to work on /home/airflow/.local/lib/python3.12/site-packages/airflow/example_dags/example_latest_only.py
[2025-03-08T10:26:17.714+0000] {processor.py:914} INFO - Processing file /home/airflow/.local/lib/python3.12/site-packages/airflow/example_dags/example_latest_only.py for tasks to queue
[2025-03-08T10:26:17.727+0000] {logging_mixin.py:190} INFO - [2025-03-08T10:26:17.727+0000] {dagbag.py:588} INFO - Filling up the DagBag from /home/airflow/.local/lib/python3.12/site-packages/airflow/example_dags/example_latest_only.py
[2025-03-08T10:26:17.768+0000] {processor.py:925} INFO - DAG(s) 'latest_only' retrieved from /home/airflow/.local/lib/python3.12/site-packages/airflow/example_dags/example_latest_only.py
[2025-03-08T10:26:17.883+0000] {logging_mixin.py:190} INFO - [2025-03-08T10:26:17.883+0000] {dag.py:3239} INFO - Sync 1 DAGs
[2025-03-08T10:26:18.277+0000] {logging_mixin.py:190} INFO - [2025-03-08T10:26:18.276+0000] {dag.py:4180} INFO - Setting next_dagrun for latest_only to 2025-03-08 04:00:00+00:00, run_after=2025-03-08 08:00:00+00:00
[2025-03-08T10:26:18.362+0000] {processor.py:208} INFO - Processing /home/airflow/.local/lib/python3.12/site-packages/airflow/example_dags/example_latest_only.py took 0.688 seconds
[2025-03-08T10:26:48.868+0000] {processor.py:186} INFO - Started process (PID=4004) to work on /home/airflow/.local/lib/python3.12/site-packages/airflow/example_dags/example_latest_only.py
[2025-03-08T10:26:48.870+0000] {processor.py:914} INFO - Processing file /home/airflow/.local/lib/python3.12/site-packages/airflow/example_dags/example_latest_only.py for tasks to queue
[2025-03-08T10:26:48.878+0000] {logging_mixin.py:190} INFO - [2025-03-08T10:26:48.877+0000] {dagbag.py:588} INFO - Filling up the DagBag from /home/airflow/.local/lib/python3.12/site-packages/airflow/example_dags/example_latest_only.py
[2025-03-08T10:26:48.898+0000] {processor.py:925} INFO - DAG(s) 'latest_only' retrieved from /home/airflow/.local/lib/python3.12/site-packages/airflow/example_dags/example_latest_only.py
[2025-03-08T10:26:48.951+0000] {logging_mixin.py:190} INFO - [2025-03-08T10:26:48.950+0000] {dag.py:3239} INFO - Sync 1 DAGs
[2025-03-08T10:26:49.025+0000] {logging_mixin.py:190} INFO - [2025-03-08T10:26:49.024+0000] {dag.py:4180} INFO - Setting next_dagrun for latest_only to 2025-03-08 04:00:00+00:00, run_after=2025-03-08 08:00:00+00:00
[2025-03-08T10:26:49.501+0000] {processor.py:208} INFO - Processing /home/airflow/.local/lib/python3.12/site-packages/airflow/example_dags/example_latest_only.py took 0.646 seconds
[2025-03-08T10:27:20.059+0000] {processor.py:186} INFO - Started process (PID=4067) to work on /home/airflow/.local/lib/python3.12/site-packages/airflow/example_dags/example_latest_only.py
[2025-03-08T10:27:20.061+0000] {processor.py:914} INFO - Processing file /home/airflow/.local/lib/python3.12/site-packages/airflow/example_dags/example_latest_only.py for tasks to queue
[2025-03-08T10:27:20.065+0000] {logging_mixin.py:190} INFO - [2025-03-08T10:27:20.065+0000] {dagbag.py:588} INFO - Filling up the DagBag from /home/airflow/.local/lib/python3.12/site-packages/airflow/example_dags/example_latest_only.py
[2025-03-08T10:27:20.084+0000] {processor.py:925} INFO - DAG(s) 'latest_only' retrieved from /home/airflow/.local/lib/python3.12/site-packages/airflow/example_dags/example_latest_only.py
[2025-03-08T10:27:20.157+0000] {logging_mixin.py:190} INFO - [2025-03-08T10:27:20.157+0000] {dag.py:3239} INFO - Sync 1 DAGs
[2025-03-08T10:27:20.313+0000] {logging_mixin.py:190} INFO - [2025-03-08T10:27:20.312+0000] {dag.py:4180} INFO - Setting next_dagrun for latest_only to 2025-03-08 04:00:00+00:00, run_after=2025-03-08 08:00:00+00:00
[2025-03-08T10:27:20.508+0000] {processor.py:208} INFO - Processing /home/airflow/.local/lib/python3.12/site-packages/airflow/example_dags/example_latest_only.py took 0.462 seconds
[2025-03-08T10:27:51.039+0000] {processor.py:186} INFO - Started process (PID=4128) to work on /home/airflow/.local/lib/python3.12/site-packages/airflow/example_dags/example_latest_only.py
[2025-03-08T10:27:51.044+0000] {processor.py:914} INFO - Processing file /home/airflow/.local/lib/python3.12/site-packages/airflow/example_dags/example_latest_only.py for tasks to queue
[2025-03-08T10:27:51.073+0000] {logging_mixin.py:190} INFO - [2025-03-08T10:27:51.070+0000] {dagbag.py:588} INFO - Filling up the DagBag from /home/airflow/.local/lib/python3.12/site-packages/airflow/example_dags/example_latest_only.py
[2025-03-08T10:27:51.110+0000] {processor.py:925} INFO - DAG(s) 'latest_only' retrieved from /home/airflow/.local/lib/python3.12/site-packages/airflow/example_dags/example_latest_only.py
[2025-03-08T10:27:51.138+0000] {logging_mixin.py:190} INFO - [2025-03-08T10:27:51.138+0000] {dag.py:3239} INFO - Sync 1 DAGs
[2025-03-08T10:27:51.171+0000] {logging_mixin.py:190} INFO - [2025-03-08T10:27:51.171+0000] {dag.py:4180} INFO - Setting next_dagrun for latest_only to 2025-03-08 04:00:00+00:00, run_after=2025-03-08 08:00:00+00:00
[2025-03-08T10:27:51.202+0000] {processor.py:208} INFO - Processing /home/airflow/.local/lib/python3.12/site-packages/airflow/example_dags/example_latest_only.py took 0.190 seconds
[2025-03-08T10:28:21.471+0000] {processor.py:186} INFO - Started process (PID=4190) to work on /home/airflow/.local/lib/python3.12/site-packages/airflow/example_dags/example_latest_only.py
[2025-03-08T10:28:21.476+0000] {processor.py:914} INFO - Processing file /home/airflow/.local/lib/python3.12/site-packages/airflow/example_dags/example_latest_only.py for tasks to queue
[2025-03-08T10:28:21.488+0000] {logging_mixin.py:190} INFO - [2025-03-08T10:28:21.487+0000] {dagbag.py:588} INFO - Filling up the DagBag from /home/airflow/.local/lib/python3.12/site-packages/airflow/example_dags/example_latest_only.py
[2025-03-08T10:28:21.511+0000] {processor.py:925} INFO - DAG(s) 'latest_only' retrieved from /home/airflow/.local/lib/python3.12/site-packages/airflow/example_dags/example_latest_only.py
[2025-03-08T10:28:21.567+0000] {logging_mixin.py:190} INFO - [2025-03-08T10:28:21.566+0000] {dag.py:3239} INFO - Sync 1 DAGs
[2025-03-08T10:28:21.605+0000] {logging_mixin.py:190} INFO - [2025-03-08T10:28:21.604+0000] {dag.py:4180} INFO - Setting next_dagrun for latest_only to 2025-03-08 04:00:00+00:00, run_after=2025-03-08 08:00:00+00:00
[2025-03-08T10:28:21.625+0000] {processor.py:208} INFO - Processing /home/airflow/.local/lib/python3.12/site-packages/airflow/example_dags/example_latest_only.py took 0.185 seconds
[2025-03-08T10:28:51.959+0000] {processor.py:186} INFO - Started process (PID=4253) to work on /home/airflow/.local/lib/python3.12/site-packages/airflow/example_dags/example_latest_only.py
[2025-03-08T10:28:51.963+0000] {processor.py:914} INFO - Processing file /home/airflow/.local/lib/python3.12/site-packages/airflow/example_dags/example_latest_only.py for tasks to queue
[2025-03-08T10:28:51.975+0000] {logging_mixin.py:190} INFO - [2025-03-08T10:28:51.973+0000] {dagbag.py:588} INFO - Filling up the DagBag from /home/airflow/.local/lib/python3.12/site-packages/airflow/example_dags/example_latest_only.py
[2025-03-08T10:28:51.997+0000] {processor.py:925} INFO - DAG(s) 'latest_only' retrieved from /home/airflow/.local/lib/python3.12/site-packages/airflow/example_dags/example_latest_only.py
[2025-03-08T10:28:52.041+0000] {logging_mixin.py:190} INFO - [2025-03-08T10:28:52.041+0000] {dag.py:3239} INFO - Sync 1 DAGs
[2025-03-08T10:28:52.096+0000] {logging_mixin.py:190} INFO - [2025-03-08T10:28:52.096+0000] {dag.py:4180} INFO - Setting next_dagrun for latest_only to 2025-03-08 04:00:00+00:00, run_after=2025-03-08 08:00:00+00:00
[2025-03-08T10:28:52.134+0000] {processor.py:208} INFO - Processing /home/airflow/.local/lib/python3.12/site-packages/airflow/example_dags/example_latest_only.py took 0.194 seconds
[2025-03-08T10:29:22.304+0000] {processor.py:186} INFO - Started process (PID=4316) to work on /home/airflow/.local/lib/python3.12/site-packages/airflow/example_dags/example_latest_only.py
[2025-03-08T10:29:22.305+0000] {processor.py:914} INFO - Processing file /home/airflow/.local/lib/python3.12/site-packages/airflow/example_dags/example_latest_only.py for tasks to queue
[2025-03-08T10:29:22.308+0000] {logging_mixin.py:190} INFO - [2025-03-08T10:29:22.308+0000] {dagbag.py:588} INFO - Filling up the DagBag from /home/airflow/.local/lib/python3.12/site-packages/airflow/example_dags/example_latest_only.py
[2025-03-08T10:29:22.318+0000] {processor.py:925} INFO - DAG(s) 'latest_only' retrieved from /home/airflow/.local/lib/python3.12/site-packages/airflow/example_dags/example_latest_only.py
[2025-03-08T10:29:22.338+0000] {logging_mixin.py:190} INFO - [2025-03-08T10:29:22.338+0000] {dag.py:3239} INFO - Sync 1 DAGs
[2025-03-08T10:29:22.371+0000] {logging_mixin.py:190} INFO - [2025-03-08T10:29:22.371+0000] {dag.py:4180} INFO - Setting next_dagrun for latest_only to 2025-03-08 04:00:00+00:00, run_after=2025-03-08 08:00:00+00:00
[2025-03-08T10:29:22.406+0000] {processor.py:208} INFO - Processing /home/airflow/.local/lib/python3.12/site-packages/airflow/example_dags/example_latest_only.py took 0.109 seconds
[2025-03-08T10:29:52.906+0000] {processor.py:186} INFO - Started process (PID=4378) to work on /home/airflow/.local/lib/python3.12/site-packages/airflow/example_dags/example_latest_only.py
[2025-03-08T10:29:52.907+0000] {processor.py:914} INFO - Processing file /home/airflow/.local/lib/python3.12/site-packages/airflow/example_dags/example_latest_only.py for tasks to queue
[2025-03-08T10:29:52.911+0000] {logging_mixin.py:190} INFO - [2025-03-08T10:29:52.911+0000] {dagbag.py:588} INFO - Filling up the DagBag from /home/airflow/.local/lib/python3.12/site-packages/airflow/example_dags/example_latest_only.py
[2025-03-08T10:29:52.923+0000] {processor.py:925} INFO - DAG(s) 'latest_only' retrieved from /home/airflow/.local/lib/python3.12/site-packages/airflow/example_dags/example_latest_only.py
[2025-03-08T10:29:52.952+0000] {logging_mixin.py:190} INFO - [2025-03-08T10:29:52.952+0000] {dag.py:3239} INFO - Sync 1 DAGs
[2025-03-08T10:29:52.996+0000] {logging_mixin.py:190} INFO - [2025-03-08T10:29:52.996+0000] {dag.py:4180} INFO - Setting next_dagrun for latest_only to 2025-03-08 04:00:00+00:00, run_after=2025-03-08 08:00:00+00:00
[2025-03-08T10:29:53.034+0000] {processor.py:208} INFO - Processing /home/airflow/.local/lib/python3.12/site-packages/airflow/example_dags/example_latest_only.py took 0.136 seconds
[2025-03-08T10:30:23.582+0000] {processor.py:186} INFO - Started process (PID=4441) to work on /home/airflow/.local/lib/python3.12/site-packages/airflow/example_dags/example_latest_only.py
[2025-03-08T10:30:23.584+0000] {processor.py:914} INFO - Processing file /home/airflow/.local/lib/python3.12/site-packages/airflow/example_dags/example_latest_only.py for tasks to queue
[2025-03-08T10:30:23.588+0000] {logging_mixin.py:190} INFO - [2025-03-08T10:30:23.588+0000] {dagbag.py:588} INFO - Filling up the DagBag from /home/airflow/.local/lib/python3.12/site-packages/airflow/example_dags/example_latest_only.py
[2025-03-08T10:30:23.598+0000] {processor.py:925} INFO - DAG(s) 'latest_only' retrieved from /home/airflow/.local/lib/python3.12/site-packages/airflow/example_dags/example_latest_only.py
[2025-03-08T10:30:23.628+0000] {logging_mixin.py:190} INFO - [2025-03-08T10:30:23.627+0000] {dag.py:3239} INFO - Sync 1 DAGs
[2025-03-08T10:30:23.698+0000] {logging_mixin.py:190} INFO - [2025-03-08T10:30:23.697+0000] {dag.py:4180} INFO - Setting next_dagrun for latest_only to 2025-03-08 04:00:00+00:00, run_after=2025-03-08 08:00:00+00:00
[2025-03-08T10:30:23.761+0000] {processor.py:208} INFO - Processing /home/airflow/.local/lib/python3.12/site-packages/airflow/example_dags/example_latest_only.py took 0.187 seconds
[2025-03-08T10:30:54.838+0000] {processor.py:186} INFO - Started process (PID=4504) to work on /home/airflow/.local/lib/python3.12/site-packages/airflow/example_dags/example_latest_only.py
[2025-03-08T10:30:54.839+0000] {processor.py:914} INFO - Processing file /home/airflow/.local/lib/python3.12/site-packages/airflow/example_dags/example_latest_only.py for tasks to queue
[2025-03-08T10:30:54.843+0000] {logging_mixin.py:190} INFO - [2025-03-08T10:30:54.843+0000] {dagbag.py:588} INFO - Filling up the DagBag from /home/airflow/.local/lib/python3.12/site-packages/airflow/example_dags/example_latest_only.py
[2025-03-08T10:30:54.854+0000] {processor.py:925} INFO - DAG(s) 'latest_only' retrieved from /home/airflow/.local/lib/python3.12/site-packages/airflow/example_dags/example_latest_only.py
[2025-03-08T10:30:54.890+0000] {logging_mixin.py:190} INFO - [2025-03-08T10:30:54.890+0000] {dag.py:3239} INFO - Sync 1 DAGs
[2025-03-08T10:30:54.980+0000] {logging_mixin.py:190} INFO - [2025-03-08T10:30:54.979+0000] {dag.py:4180} INFO - Setting next_dagrun for latest_only to 2025-03-08 04:00:00+00:00, run_after=2025-03-08 08:00:00+00:00
[2025-03-08T10:30:55.034+0000] {processor.py:208} INFO - Processing /home/airflow/.local/lib/python3.12/site-packages/airflow/example_dags/example_latest_only.py took 0.206 seconds
[2025-03-08T10:31:25.804+0000] {processor.py:186} INFO - Started process (PID=4567) to work on /home/airflow/.local/lib/python3.12/site-packages/airflow/example_dags/example_latest_only.py
[2025-03-08T10:31:25.808+0000] {processor.py:914} INFO - Processing file /home/airflow/.local/lib/python3.12/site-packages/airflow/example_dags/example_latest_only.py for tasks to queue
[2025-03-08T10:31:25.817+0000] {logging_mixin.py:190} INFO - [2025-03-08T10:31:25.816+0000] {dagbag.py:588} INFO - Filling up the DagBag from /home/airflow/.local/lib/python3.12/site-packages/airflow/example_dags/example_latest_only.py
[2025-03-08T10:31:25.844+0000] {processor.py:925} INFO - DAG(s) 'latest_only' retrieved from /home/airflow/.local/lib/python3.12/site-packages/airflow/example_dags/example_latest_only.py
[2025-03-08T10:31:25.902+0000] {logging_mixin.py:190} INFO - [2025-03-08T10:31:25.902+0000] {dag.py:3239} INFO - Sync 1 DAGs
[2025-03-08T10:31:25.959+0000] {logging_mixin.py:190} INFO - [2025-03-08T10:31:25.959+0000] {dag.py:4180} INFO - Setting next_dagrun for latest_only to 2025-03-08 04:00:00+00:00, run_after=2025-03-08 08:00:00+00:00
[2025-03-08T10:31:26.006+0000] {processor.py:208} INFO - Processing /home/airflow/.local/lib/python3.12/site-packages/airflow/example_dags/example_latest_only.py took 0.226 seconds
[2025-03-08T10:31:56.072+0000] {processor.py:186} INFO - Started process (PID=4630) to work on /home/airflow/.local/lib/python3.12/site-packages/airflow/example_dags/example_latest_only.py
[2025-03-08T10:31:56.073+0000] {processor.py:914} INFO - Processing file /home/airflow/.local/lib/python3.12/site-packages/airflow/example_dags/example_latest_only.py for tasks to queue
[2025-03-08T10:31:56.077+0000] {logging_mixin.py:190} INFO - [2025-03-08T10:31:56.076+0000] {dagbag.py:588} INFO - Filling up the DagBag from /home/airflow/.local/lib/python3.12/site-packages/airflow/example_dags/example_latest_only.py
[2025-03-08T10:31:56.088+0000] {processor.py:925} INFO - DAG(s) 'latest_only' retrieved from /home/airflow/.local/lib/python3.12/site-packages/airflow/example_dags/example_latest_only.py
[2025-03-08T10:31:56.113+0000] {logging_mixin.py:190} INFO - [2025-03-08T10:31:56.112+0000] {dag.py:3239} INFO - Sync 1 DAGs
[2025-03-08T10:31:56.141+0000] {logging_mixin.py:190} INFO - [2025-03-08T10:31:56.141+0000] {dag.py:4180} INFO - Setting next_dagrun for latest_only to 2025-03-08 04:00:00+00:00, run_after=2025-03-08 08:00:00+00:00
[2025-03-08T10:31:56.165+0000] {processor.py:208} INFO - Processing /home/airflow/.local/lib/python3.12/site-packages/airflow/example_dags/example_latest_only.py took 0.101 seconds
[2025-03-08T10:32:26.432+0000] {processor.py:186} INFO - Started process (PID=4693) to work on /home/airflow/.local/lib/python3.12/site-packages/airflow/example_dags/example_latest_only.py
[2025-03-08T10:32:26.433+0000] {processor.py:914} INFO - Processing file /home/airflow/.local/lib/python3.12/site-packages/airflow/example_dags/example_latest_only.py for tasks to queue
[2025-03-08T10:32:26.437+0000] {logging_mixin.py:190} INFO - [2025-03-08T10:32:26.437+0000] {dagbag.py:588} INFO - Filling up the DagBag from /home/airflow/.local/lib/python3.12/site-packages/airflow/example_dags/example_latest_only.py
[2025-03-08T10:32:26.450+0000] {processor.py:925} INFO - DAG(s) 'latest_only' retrieved from /home/airflow/.local/lib/python3.12/site-packages/airflow/example_dags/example_latest_only.py
[2025-03-08T10:32:26.474+0000] {logging_mixin.py:190} INFO - [2025-03-08T10:32:26.474+0000] {dag.py:3239} INFO - Sync 1 DAGs
[2025-03-08T10:32:26.513+0000] {logging_mixin.py:190} INFO - [2025-03-08T10:32:26.513+0000] {dag.py:4180} INFO - Setting next_dagrun for latest_only to 2025-03-08 04:00:00+00:00, run_after=2025-03-08 08:00:00+00:00
[2025-03-08T10:32:26.544+0000] {processor.py:208} INFO - Processing /home/airflow/.local/lib/python3.12/site-packages/airflow/example_dags/example_latest_only.py took 0.122 seconds
