[2025-03-08T10:18:10.950+0000] {processor.py:186} INFO - Started process (PID=3002) to work on /home/airflow/.local/lib/python3.12/site-packages/airflow/example_dags/example_branch_operator.py
[2025-03-08T10:18:10.953+0000] {processor.py:914} INFO - Processing file /home/airflow/.local/lib/python3.12/site-packages/airflow/example_dags/example_branch_operator.py for tasks to queue
[2025-03-08T10:18:10.995+0000] {logging_mixin.py:190} INFO - [2025-03-08T10:18:10.994+0000] {dagbag.py:588} INFO - Filling up the DagBag from /home/airflow/.local/lib/python3.12/site-packages/airflow/example_dags/example_branch_operator.py
[2025-03-08T10:18:11.132+0000] {processor.py:925} INFO - DAG(s) 'example_branch_operator' retrieved from /home/airflow/.local/lib/python3.12/site-packages/airflow/example_dags/example_branch_operator.py
[2025-03-08T10:18:11.425+0000] {logging_mixin.py:190} INFO - [2025-03-08T10:18:11.424+0000] {dag.py:3239} INFO - Sync 1 DAGs
[2025-03-08T10:18:11.778+0000] {logging_mixin.py:190} INFO - [2025-03-08T10:18:11.777+0000] {dag.py:4180} INFO - Setting next_dagrun for example_branch_operator to 2025-03-07 00:00:00+00:00, run_after=2025-03-08 00:00:00+00:00
[2025-03-08T10:18:11.916+0000] {processor.py:208} INFO - Processing /home/airflow/.local/lib/python3.12/site-packages/airflow/example_dags/example_branch_operator.py took 0.996 seconds
[2025-03-08T10:18:42.406+0000] {processor.py:186} INFO - Started process (PID=3065) to work on /home/airflow/.local/lib/python3.12/site-packages/airflow/example_dags/example_branch_operator.py
[2025-03-08T10:18:42.408+0000] {processor.py:914} INFO - Processing file /home/airflow/.local/lib/python3.12/site-packages/airflow/example_dags/example_branch_operator.py for tasks to queue
[2025-03-08T10:18:42.420+0000] {logging_mixin.py:190} INFO - [2025-03-08T10:18:42.414+0000] {dagbag.py:588} INFO - Filling up the DagBag from /home/airflow/.local/lib/python3.12/site-packages/airflow/example_dags/example_branch_operator.py
[2025-03-08T10:18:42.488+0000] {processor.py:925} INFO - DAG(s) 'example_branch_operator' retrieved from /home/airflow/.local/lib/python3.12/site-packages/airflow/example_dags/example_branch_operator.py
[2025-03-08T10:18:42.589+0000] {logging_mixin.py:190} INFO - [2025-03-08T10:18:42.588+0000] {dag.py:3239} INFO - Sync 1 DAGs
[2025-03-08T10:18:42.637+0000] {logging_mixin.py:190} INFO - [2025-03-08T10:18:42.636+0000] {dag.py:4180} INFO - Setting next_dagrun for example_branch_operator to 2025-03-07 00:00:00+00:00, run_after=2025-03-08 00:00:00+00:00
[2025-03-08T10:18:42.668+0000] {processor.py:208} INFO - Processing /home/airflow/.local/lib/python3.12/site-packages/airflow/example_dags/example_branch_operator.py took 0.272 seconds
[2025-03-08T10:19:12.950+0000] {processor.py:186} INFO - Started process (PID=3127) to work on /home/airflow/.local/lib/python3.12/site-packages/airflow/example_dags/example_branch_operator.py
[2025-03-08T10:19:12.951+0000] {processor.py:914} INFO - Processing file /home/airflow/.local/lib/python3.12/site-packages/airflow/example_dags/example_branch_operator.py for tasks to queue
[2025-03-08T10:19:12.954+0000] {logging_mixin.py:190} INFO - [2025-03-08T10:19:12.954+0000] {dagbag.py:588} INFO - Filling up the DagBag from /home/airflow/.local/lib/python3.12/site-packages/airflow/example_dags/example_branch_operator.py
[2025-03-08T10:19:12.979+0000] {processor.py:925} INFO - DAG(s) 'example_branch_operator' retrieved from /home/airflow/.local/lib/python3.12/site-packages/airflow/example_dags/example_branch_operator.py
[2025-03-08T10:19:13.015+0000] {logging_mixin.py:190} INFO - [2025-03-08T10:19:13.014+0000] {dag.py:3239} INFO - Sync 1 DAGs
[2025-03-08T10:19:13.046+0000] {logging_mixin.py:190} INFO - [2025-03-08T10:19:13.046+0000] {dag.py:4180} INFO - Setting next_dagrun for example_branch_operator to 2025-03-07 00:00:00+00:00, run_after=2025-03-08 00:00:00+00:00
[2025-03-08T10:19:13.073+0000] {processor.py:208} INFO - Processing /home/airflow/.local/lib/python3.12/site-packages/airflow/example_dags/example_branch_operator.py took 0.132 seconds
[2025-03-08T10:19:45.361+0000] {processor.py:186} INFO - Started process (PID=3190) to work on /home/airflow/.local/lib/python3.12/site-packages/airflow/example_dags/example_branch_operator.py
[2025-03-08T10:19:45.362+0000] {processor.py:914} INFO - Processing file /home/airflow/.local/lib/python3.12/site-packages/airflow/example_dags/example_branch_operator.py for tasks to queue
[2025-03-08T10:19:45.367+0000] {logging_mixin.py:190} INFO - [2025-03-08T10:19:45.366+0000] {dagbag.py:588} INFO - Filling up the DagBag from /home/airflow/.local/lib/python3.12/site-packages/airflow/example_dags/example_branch_operator.py
[2025-03-08T10:19:45.427+0000] {processor.py:925} INFO - DAG(s) 'example_branch_operator' retrieved from /home/airflow/.local/lib/python3.12/site-packages/airflow/example_dags/example_branch_operator.py
[2025-03-08T10:19:45.481+0000] {logging_mixin.py:190} INFO - [2025-03-08T10:19:45.481+0000] {dag.py:3239} INFO - Sync 1 DAGs
[2025-03-08T10:19:45.522+0000] {logging_mixin.py:190} INFO - [2025-03-08T10:19:45.522+0000] {dag.py:4180} INFO - Setting next_dagrun for example_branch_operator to 2025-03-07 00:00:00+00:00, run_after=2025-03-08 00:00:00+00:00
[2025-03-08T10:19:45.555+0000] {processor.py:208} INFO - Processing /home/airflow/.local/lib/python3.12/site-packages/airflow/example_dags/example_branch_operator.py took 0.208 seconds
[2025-03-08T10:20:18.601+0000] {processor.py:186} INFO - Started process (PID=3253) to work on /home/airflow/.local/lib/python3.12/site-packages/airflow/example_dags/example_branch_operator.py
[2025-03-08T10:20:18.603+0000] {processor.py:914} INFO - Processing file /home/airflow/.local/lib/python3.12/site-packages/airflow/example_dags/example_branch_operator.py for tasks to queue
[2025-03-08T10:20:18.607+0000] {logging_mixin.py:190} INFO - [2025-03-08T10:20:18.607+0000] {dagbag.py:588} INFO - Filling up the DagBag from /home/airflow/.local/lib/python3.12/site-packages/airflow/example_dags/example_branch_operator.py
[2025-03-08T10:20:18.667+0000] {processor.py:925} INFO - DAG(s) 'example_branch_operator' retrieved from /home/airflow/.local/lib/python3.12/site-packages/airflow/example_dags/example_branch_operator.py
[2025-03-08T10:20:18.743+0000] {logging_mixin.py:190} INFO - [2025-03-08T10:20:18.743+0000] {dag.py:3239} INFO - Sync 1 DAGs
[2025-03-08T10:20:18.847+0000] {logging_mixin.py:190} INFO - [2025-03-08T10:20:18.847+0000] {dag.py:4180} INFO - Setting next_dagrun for example_branch_operator to 2025-03-07 00:00:00+00:00, run_after=2025-03-08 00:00:00+00:00
[2025-03-08T10:20:18.961+0000] {processor.py:208} INFO - Processing /home/airflow/.local/lib/python3.12/site-packages/airflow/example_dags/example_branch_operator.py took 0.373 seconds
[2025-03-08T10:21:05.560+0000] {processor.py:186} INFO - Started process (PID=3332) to work on /home/airflow/.local/lib/python3.12/site-packages/airflow/example_dags/example_branch_operator.py
[2025-03-08T10:21:05.562+0000] {processor.py:914} INFO - Processing file /home/airflow/.local/lib/python3.12/site-packages/airflow/example_dags/example_branch_operator.py for tasks to queue
[2025-03-08T10:21:05.577+0000] {logging_mixin.py:190} INFO - [2025-03-08T10:21:05.577+0000] {dagbag.py:588} INFO - Filling up the DagBag from /home/airflow/.local/lib/python3.12/site-packages/airflow/example_dags/example_branch_operator.py
[2025-03-08T10:21:05.678+0000] {processor.py:925} INFO - DAG(s) 'example_branch_operator' retrieved from /home/airflow/.local/lib/python3.12/site-packages/airflow/example_dags/example_branch_operator.py
[2025-03-08T10:21:05.808+0000] {logging_mixin.py:190} INFO - [2025-03-08T10:21:05.808+0000] {dag.py:3239} INFO - Sync 1 DAGs
[2025-03-08T10:21:05.961+0000] {logging_mixin.py:190} INFO - [2025-03-08T10:21:05.961+0000] {dag.py:4180} INFO - Setting next_dagrun for example_branch_operator to 2025-03-07 00:00:00+00:00, run_after=2025-03-08 00:00:00+00:00
[2025-03-08T10:21:06.061+0000] {processor.py:208} INFO - Processing /home/airflow/.local/lib/python3.12/site-packages/airflow/example_dags/example_branch_operator.py took 0.580 seconds
[2025-03-08T10:21:36.759+0000] {processor.py:186} INFO - Started process (PID=3395) to work on /home/airflow/.local/lib/python3.12/site-packages/airflow/example_dags/example_branch_operator.py
[2025-03-08T10:21:36.768+0000] {processor.py:914} INFO - Processing file /home/airflow/.local/lib/python3.12/site-packages/airflow/example_dags/example_branch_operator.py for tasks to queue
[2025-03-08T10:21:36.788+0000] {logging_mixin.py:190} INFO - [2025-03-08T10:21:36.787+0000] {dagbag.py:588} INFO - Filling up the DagBag from /home/airflow/.local/lib/python3.12/site-packages/airflow/example_dags/example_branch_operator.py
[2025-03-08T10:21:36.906+0000] {processor.py:925} INFO - DAG(s) 'example_branch_operator' retrieved from /home/airflow/.local/lib/python3.12/site-packages/airflow/example_dags/example_branch_operator.py
[2025-03-08T10:21:37.129+0000] {logging_mixin.py:190} INFO - [2025-03-08T10:21:37.128+0000] {dag.py:3239} INFO - Sync 1 DAGs
[2025-03-08T10:21:37.263+0000] {logging_mixin.py:190} INFO - [2025-03-08T10:21:37.263+0000] {dag.py:4180} INFO - Setting next_dagrun for example_branch_operator to 2025-03-07 00:00:00+00:00, run_after=2025-03-08 00:00:00+00:00
[2025-03-08T10:21:37.383+0000] {processor.py:208} INFO - Processing /home/airflow/.local/lib/python3.12/site-packages/airflow/example_dags/example_branch_operator.py took 0.667 seconds
[2025-03-08T10:22:08.401+0000] {processor.py:186} INFO - Started process (PID=3459) to work on /home/airflow/.local/lib/python3.12/site-packages/airflow/example_dags/example_branch_operator.py
[2025-03-08T10:22:08.403+0000] {processor.py:914} INFO - Processing file /home/airflow/.local/lib/python3.12/site-packages/airflow/example_dags/example_branch_operator.py for tasks to queue
[2025-03-08T10:22:08.417+0000] {logging_mixin.py:190} INFO - [2025-03-08T10:22:08.416+0000] {dagbag.py:588} INFO - Filling up the DagBag from /home/airflow/.local/lib/python3.12/site-packages/airflow/example_dags/example_branch_operator.py
[2025-03-08T10:22:08.483+0000] {processor.py:925} INFO - DAG(s) 'example_branch_operator' retrieved from /home/airflow/.local/lib/python3.12/site-packages/airflow/example_dags/example_branch_operator.py
[2025-03-08T10:22:08.587+0000] {logging_mixin.py:190} INFO - [2025-03-08T10:22:08.586+0000] {dag.py:3239} INFO - Sync 1 DAGs
[2025-03-08T10:22:08.673+0000] {logging_mixin.py:190} INFO - [2025-03-08T10:22:08.673+0000] {dag.py:4180} INFO - Setting next_dagrun for example_branch_operator to 2025-03-07 00:00:00+00:00, run_after=2025-03-08 00:00:00+00:00
[2025-03-08T10:22:08.738+0000] {processor.py:208} INFO - Processing /home/airflow/.local/lib/python3.12/site-packages/airflow/example_dags/example_branch_operator.py took 0.354 seconds
[2025-03-08T10:22:39.393+0000] {processor.py:186} INFO - Started process (PID=3522) to work on /home/airflow/.local/lib/python3.12/site-packages/airflow/example_dags/example_branch_operator.py
[2025-03-08T10:22:39.396+0000] {processor.py:914} INFO - Processing file /home/airflow/.local/lib/python3.12/site-packages/airflow/example_dags/example_branch_operator.py for tasks to queue
[2025-03-08T10:22:39.407+0000] {logging_mixin.py:190} INFO - [2025-03-08T10:22:39.406+0000] {dagbag.py:588} INFO - Filling up the DagBag from /home/airflow/.local/lib/python3.12/site-packages/airflow/example_dags/example_branch_operator.py
[2025-03-08T10:22:39.477+0000] {processor.py:925} INFO - DAG(s) 'example_branch_operator' retrieved from /home/airflow/.local/lib/python3.12/site-packages/airflow/example_dags/example_branch_operator.py
[2025-03-08T10:22:39.640+0000] {logging_mixin.py:190} INFO - [2025-03-08T10:22:39.639+0000] {dag.py:3239} INFO - Sync 1 DAGs
[2025-03-08T10:22:39.711+0000] {logging_mixin.py:190} INFO - [2025-03-08T10:22:39.710+0000] {dag.py:4180} INFO - Setting next_dagrun for example_branch_operator to 2025-03-07 00:00:00+00:00, run_after=2025-03-08 00:00:00+00:00
[2025-03-08T10:22:39.766+0000] {processor.py:208} INFO - Processing /home/airflow/.local/lib/python3.12/site-packages/airflow/example_dags/example_branch_operator.py took 0.407 seconds
[2025-03-08T10:23:10.386+0000] {processor.py:186} INFO - Started process (PID=3585) to work on /home/airflow/.local/lib/python3.12/site-packages/airflow/example_dags/example_branch_operator.py
[2025-03-08T10:23:10.388+0000] {processor.py:914} INFO - Processing file /home/airflow/.local/lib/python3.12/site-packages/airflow/example_dags/example_branch_operator.py for tasks to queue
[2025-03-08T10:23:10.394+0000] {logging_mixin.py:190} INFO - [2025-03-08T10:23:10.394+0000] {dagbag.py:588} INFO - Filling up the DagBag from /home/airflow/.local/lib/python3.12/site-packages/airflow/example_dags/example_branch_operator.py
[2025-03-08T10:23:10.501+0000] {processor.py:925} INFO - DAG(s) 'example_branch_operator' retrieved from /home/airflow/.local/lib/python3.12/site-packages/airflow/example_dags/example_branch_operator.py
[2025-03-08T10:23:10.700+0000] {logging_mixin.py:190} INFO - [2025-03-08T10:23:10.690+0000] {dag.py:3239} INFO - Sync 1 DAGs
[2025-03-08T10:23:10.792+0000] {logging_mixin.py:190} INFO - [2025-03-08T10:23:10.792+0000] {dag.py:4180} INFO - Setting next_dagrun for example_branch_operator to 2025-03-07 00:00:00+00:00, run_after=2025-03-08 00:00:00+00:00
[2025-03-08T10:23:10.883+0000] {processor.py:208} INFO - Processing /home/airflow/.local/lib/python3.12/site-packages/airflow/example_dags/example_branch_operator.py took 0.523 seconds
[2025-03-08T10:23:46.472+0000] {processor.py:186} INFO - Started process (PID=3651) to work on /home/airflow/.local/lib/python3.12/site-packages/airflow/example_dags/example_branch_operator.py
[2025-03-08T10:23:46.480+0000] {processor.py:914} INFO - Processing file /home/airflow/.local/lib/python3.12/site-packages/airflow/example_dags/example_branch_operator.py for tasks to queue
[2025-03-08T10:23:46.486+0000] {logging_mixin.py:190} INFO - [2025-03-08T10:23:46.485+0000] {dagbag.py:588} INFO - Filling up the DagBag from /home/airflow/.local/lib/python3.12/site-packages/airflow/example_dags/example_branch_operator.py
[2025-03-08T10:23:46.561+0000] {processor.py:925} INFO - DAG(s) 'example_branch_operator' retrieved from /home/airflow/.local/lib/python3.12/site-packages/airflow/example_dags/example_branch_operator.py
[2025-03-08T10:23:46.645+0000] {logging_mixin.py:190} INFO - [2025-03-08T10:23:46.645+0000] {dag.py:3239} INFO - Sync 1 DAGs
[2025-03-08T10:23:46.739+0000] {logging_mixin.py:190} INFO - [2025-03-08T10:23:46.737+0000] {dag.py:4180} INFO - Setting next_dagrun for example_branch_operator to 2025-03-07 00:00:00+00:00, run_after=2025-03-08 00:00:00+00:00
[2025-03-08T10:23:46.798+0000] {processor.py:208} INFO - Processing /home/airflow/.local/lib/python3.12/site-packages/airflow/example_dags/example_branch_operator.py took 0.350 seconds
[2025-03-08T10:24:16.956+0000] {processor.py:186} INFO - Started process (PID=3714) to work on /home/airflow/.local/lib/python3.12/site-packages/airflow/example_dags/example_branch_operator.py
[2025-03-08T10:24:16.958+0000] {processor.py:914} INFO - Processing file /home/airflow/.local/lib/python3.12/site-packages/airflow/example_dags/example_branch_operator.py for tasks to queue
[2025-03-08T10:24:16.961+0000] {logging_mixin.py:190} INFO - [2025-03-08T10:24:16.961+0000] {dagbag.py:588} INFO - Filling up the DagBag from /home/airflow/.local/lib/python3.12/site-packages/airflow/example_dags/example_branch_operator.py
[2025-03-08T10:24:17.003+0000] {processor.py:925} INFO - DAG(s) 'example_branch_operator' retrieved from /home/airflow/.local/lib/python3.12/site-packages/airflow/example_dags/example_branch_operator.py
[2025-03-08T10:24:17.065+0000] {logging_mixin.py:190} INFO - [2025-03-08T10:24:17.064+0000] {dag.py:3239} INFO - Sync 1 DAGs
[2025-03-08T10:24:17.120+0000] {logging_mixin.py:190} INFO - [2025-03-08T10:24:17.120+0000] {dag.py:4180} INFO - Setting next_dagrun for example_branch_operator to 2025-03-07 00:00:00+00:00, run_after=2025-03-08 00:00:00+00:00
[2025-03-08T10:24:17.155+0000] {processor.py:208} INFO - Processing /home/airflow/.local/lib/python3.12/site-packages/airflow/example_dags/example_branch_operator.py took 0.208 seconds
[2025-03-08T10:24:49.194+0000] {processor.py:186} INFO - Started process (PID=3777) to work on /home/airflow/.local/lib/python3.12/site-packages/airflow/example_dags/example_branch_operator.py
[2025-03-08T10:24:49.196+0000] {processor.py:914} INFO - Processing file /home/airflow/.local/lib/python3.12/site-packages/airflow/example_dags/example_branch_operator.py for tasks to queue
[2025-03-08T10:24:49.202+0000] {logging_mixin.py:190} INFO - [2025-03-08T10:24:49.201+0000] {dagbag.py:588} INFO - Filling up the DagBag from /home/airflow/.local/lib/python3.12/site-packages/airflow/example_dags/example_branch_operator.py
[2025-03-08T10:24:49.269+0000] {processor.py:925} INFO - DAG(s) 'example_branch_operator' retrieved from /home/airflow/.local/lib/python3.12/site-packages/airflow/example_dags/example_branch_operator.py
[2025-03-08T10:24:49.374+0000] {logging_mixin.py:190} INFO - [2025-03-08T10:24:49.374+0000] {dag.py:3239} INFO - Sync 1 DAGs
[2025-03-08T10:24:49.982+0000] {logging_mixin.py:190} INFO - [2025-03-08T10:24:49.982+0000] {dag.py:4180} INFO - Setting next_dagrun for example_branch_operator to 2025-03-07 00:00:00+00:00, run_after=2025-03-08 00:00:00+00:00
[2025-03-08T10:24:50.052+0000] {processor.py:208} INFO - Processing /home/airflow/.local/lib/python3.12/site-packages/airflow/example_dags/example_branch_operator.py took 0.875 seconds
[2025-03-08T10:25:21.069+0000] {processor.py:186} INFO - Started process (PID=3840) to work on /home/airflow/.local/lib/python3.12/site-packages/airflow/example_dags/example_branch_operator.py
[2025-03-08T10:25:21.071+0000] {processor.py:914} INFO - Processing file /home/airflow/.local/lib/python3.12/site-packages/airflow/example_dags/example_branch_operator.py for tasks to queue
[2025-03-08T10:25:21.074+0000] {logging_mixin.py:190} INFO - [2025-03-08T10:25:21.074+0000] {dagbag.py:588} INFO - Filling up the DagBag from /home/airflow/.local/lib/python3.12/site-packages/airflow/example_dags/example_branch_operator.py
[2025-03-08T10:25:21.097+0000] {processor.py:925} INFO - DAG(s) 'example_branch_operator' retrieved from /home/airflow/.local/lib/python3.12/site-packages/airflow/example_dags/example_branch_operator.py
[2025-03-08T10:25:21.143+0000] {logging_mixin.py:190} INFO - [2025-03-08T10:25:21.142+0000] {dag.py:3239} INFO - Sync 1 DAGs
[2025-03-08T10:25:21.536+0000] {logging_mixin.py:190} INFO - [2025-03-08T10:25:21.535+0000] {dag.py:4180} INFO - Setting next_dagrun for example_branch_operator to 2025-03-07 00:00:00+00:00, run_after=2025-03-08 00:00:00+00:00
[2025-03-08T10:25:21.603+0000] {processor.py:208} INFO - Processing /home/airflow/.local/lib/python3.12/site-packages/airflow/example_dags/example_branch_operator.py took 0.541 seconds
[2025-03-08T10:25:51.797+0000] {processor.py:186} INFO - Started process (PID=3904) to work on /home/airflow/.local/lib/python3.12/site-packages/airflow/example_dags/example_branch_operator.py
[2025-03-08T10:25:51.798+0000] {processor.py:914} INFO - Processing file /home/airflow/.local/lib/python3.12/site-packages/airflow/example_dags/example_branch_operator.py for tasks to queue
[2025-03-08T10:25:51.802+0000] {logging_mixin.py:190} INFO - [2025-03-08T10:25:51.801+0000] {dagbag.py:588} INFO - Filling up the DagBag from /home/airflow/.local/lib/python3.12/site-packages/airflow/example_dags/example_branch_operator.py
[2025-03-08T10:25:51.829+0000] {processor.py:925} INFO - DAG(s) 'example_branch_operator' retrieved from /home/airflow/.local/lib/python3.12/site-packages/airflow/example_dags/example_branch_operator.py
[2025-03-08T10:25:51.866+0000] {logging_mixin.py:190} INFO - [2025-03-08T10:25:51.866+0000] {dag.py:3239} INFO - Sync 1 DAGs
[2025-03-08T10:25:51.895+0000] {logging_mixin.py:190} INFO - [2025-03-08T10:25:51.895+0000] {dag.py:4180} INFO - Setting next_dagrun for example_branch_operator to 2025-03-07 00:00:00+00:00, run_after=2025-03-08 00:00:00+00:00
[2025-03-08T10:25:51.917+0000] {processor.py:208} INFO - Processing /home/airflow/.local/lib/python3.12/site-packages/airflow/example_dags/example_branch_operator.py took 0.128 seconds
[2025-03-08T10:26:25.819+0000] {processor.py:186} INFO - Started process (PID=3962) to work on /home/airflow/.local/lib/python3.12/site-packages/airflow/example_dags/example_branch_operator.py
[2025-03-08T10:26:25.823+0000] {processor.py:914} INFO - Processing file /home/airflow/.local/lib/python3.12/site-packages/airflow/example_dags/example_branch_operator.py for tasks to queue
[2025-03-08T10:26:25.840+0000] {logging_mixin.py:190} INFO - [2025-03-08T10:26:25.836+0000] {dagbag.py:588} INFO - Filling up the DagBag from /home/airflow/.local/lib/python3.12/site-packages/airflow/example_dags/example_branch_operator.py
[2025-03-08T10:26:25.901+0000] {processor.py:925} INFO - DAG(s) 'example_branch_operator' retrieved from /home/airflow/.local/lib/python3.12/site-packages/airflow/example_dags/example_branch_operator.py
[2025-03-08T10:26:25.991+0000] {logging_mixin.py:190} INFO - [2025-03-08T10:26:25.991+0000] {dag.py:3239} INFO - Sync 1 DAGs
[2025-03-08T10:26:26.052+0000] {logging_mixin.py:190} INFO - [2025-03-08T10:26:26.052+0000] {dag.py:4180} INFO - Setting next_dagrun for example_branch_operator to 2025-03-07 00:00:00+00:00, run_after=2025-03-08 00:00:00+00:00
[2025-03-08T10:26:26.096+0000] {processor.py:208} INFO - Processing /home/airflow/.local/lib/python3.12/site-packages/airflow/example_dags/example_branch_operator.py took 0.292 seconds
[2025-03-08T10:26:57.908+0000] {processor.py:186} INFO - Started process (PID=4027) to work on /home/airflow/.local/lib/python3.12/site-packages/airflow/example_dags/example_branch_operator.py
[2025-03-08T10:26:57.911+0000] {processor.py:914} INFO - Processing file /home/airflow/.local/lib/python3.12/site-packages/airflow/example_dags/example_branch_operator.py for tasks to queue
[2025-03-08T10:26:57.919+0000] {logging_mixin.py:190} INFO - [2025-03-08T10:26:57.919+0000] {dagbag.py:588} INFO - Filling up the DagBag from /home/airflow/.local/lib/python3.12/site-packages/airflow/example_dags/example_branch_operator.py
[2025-03-08T10:26:57.991+0000] {processor.py:925} INFO - DAG(s) 'example_branch_operator' retrieved from /home/airflow/.local/lib/python3.12/site-packages/airflow/example_dags/example_branch_operator.py
[2025-03-08T10:26:58.405+0000] {logging_mixin.py:190} INFO - [2025-03-08T10:26:58.404+0000] {dag.py:3239} INFO - Sync 1 DAGs
[2025-03-08T10:26:58.465+0000] {logging_mixin.py:190} INFO - [2025-03-08T10:26:58.465+0000] {dag.py:4180} INFO - Setting next_dagrun for example_branch_operator to 2025-03-07 00:00:00+00:00, run_after=2025-03-08 00:00:00+00:00
[2025-03-08T10:26:58.518+0000] {processor.py:208} INFO - Processing /home/airflow/.local/lib/python3.12/site-packages/airflow/example_dags/example_branch_operator.py took 0.631 seconds
[2025-03-08T10:27:31.685+0000] {processor.py:186} INFO - Started process (PID=4097) to work on /home/airflow/.local/lib/python3.12/site-packages/airflow/example_dags/example_branch_operator.py
[2025-03-08T10:27:31.692+0000] {processor.py:914} INFO - Processing file /home/airflow/.local/lib/python3.12/site-packages/airflow/example_dags/example_branch_operator.py for tasks to queue
[2025-03-08T10:27:31.696+0000] {logging_mixin.py:190} INFO - [2025-03-08T10:27:31.696+0000] {dagbag.py:588} INFO - Filling up the DagBag from /home/airflow/.local/lib/python3.12/site-packages/airflow/example_dags/example_branch_operator.py
[2025-03-08T10:27:31.755+0000] {processor.py:925} INFO - DAG(s) 'example_branch_operator' retrieved from /home/airflow/.local/lib/python3.12/site-packages/airflow/example_dags/example_branch_operator.py
[2025-03-08T10:27:31.831+0000] {logging_mixin.py:190} INFO - [2025-03-08T10:27:31.831+0000] {dag.py:3239} INFO - Sync 1 DAGs
[2025-03-08T10:27:31.902+0000] {logging_mixin.py:190} INFO - [2025-03-08T10:27:31.901+0000] {dag.py:4180} INFO - Setting next_dagrun for example_branch_operator to 2025-03-07 00:00:00+00:00, run_after=2025-03-08 00:00:00+00:00
[2025-03-08T10:27:31.980+0000] {processor.py:208} INFO - Processing /home/airflow/.local/lib/python3.12/site-packages/airflow/example_dags/example_branch_operator.py took 0.316 seconds
[2025-03-08T10:28:02.175+0000] {processor.py:186} INFO - Started process (PID=4160) to work on /home/airflow/.local/lib/python3.12/site-packages/airflow/example_dags/example_branch_operator.py
[2025-03-08T10:28:02.177+0000] {processor.py:914} INFO - Processing file /home/airflow/.local/lib/python3.12/site-packages/airflow/example_dags/example_branch_operator.py for tasks to queue
[2025-03-08T10:28:02.179+0000] {logging_mixin.py:190} INFO - [2025-03-08T10:28:02.179+0000] {dagbag.py:588} INFO - Filling up the DagBag from /home/airflow/.local/lib/python3.12/site-packages/airflow/example_dags/example_branch_operator.py
[2025-03-08T10:28:02.201+0000] {processor.py:925} INFO - DAG(s) 'example_branch_operator' retrieved from /home/airflow/.local/lib/python3.12/site-packages/airflow/example_dags/example_branch_operator.py
[2025-03-08T10:28:02.234+0000] {logging_mixin.py:190} INFO - [2025-03-08T10:28:02.234+0000] {dag.py:3239} INFO - Sync 1 DAGs
[2025-03-08T10:28:02.265+0000] {logging_mixin.py:190} INFO - [2025-03-08T10:28:02.265+0000] {dag.py:4180} INFO - Setting next_dagrun for example_branch_operator to 2025-03-07 00:00:00+00:00, run_after=2025-03-08 00:00:00+00:00
[2025-03-08T10:28:02.291+0000] {processor.py:208} INFO - Processing /home/airflow/.local/lib/python3.12/site-packages/airflow/example_dags/example_branch_operator.py took 0.122 seconds
[2025-03-08T10:28:33.436+0000] {processor.py:186} INFO - Started process (PID=4223) to work on /home/airflow/.local/lib/python3.12/site-packages/airflow/example_dags/example_branch_operator.py
[2025-03-08T10:28:33.451+0000] {processor.py:914} INFO - Processing file /home/airflow/.local/lib/python3.12/site-packages/airflow/example_dags/example_branch_operator.py for tasks to queue
[2025-03-08T10:28:33.456+0000] {logging_mixin.py:190} INFO - [2025-03-08T10:28:33.456+0000] {dagbag.py:588} INFO - Filling up the DagBag from /home/airflow/.local/lib/python3.12/site-packages/airflow/example_dags/example_branch_operator.py
[2025-03-08T10:28:33.579+0000] {processor.py:925} INFO - DAG(s) 'example_branch_operator' retrieved from /home/airflow/.local/lib/python3.12/site-packages/airflow/example_dags/example_branch_operator.py
[2025-03-08T10:28:33.706+0000] {logging_mixin.py:190} INFO - [2025-03-08T10:28:33.706+0000] {dag.py:3239} INFO - Sync 1 DAGs
[2025-03-08T10:28:33.796+0000] {logging_mixin.py:190} INFO - [2025-03-08T10:28:33.795+0000] {dag.py:4180} INFO - Setting next_dagrun for example_branch_operator to 2025-03-07 00:00:00+00:00, run_after=2025-03-08 00:00:00+00:00
[2025-03-08T10:28:33.850+0000] {processor.py:208} INFO - Processing /home/airflow/.local/lib/python3.12/site-packages/airflow/example_dags/example_branch_operator.py took 0.435 seconds
[2025-03-08T10:29:04.116+0000] {processor.py:186} INFO - Started process (PID=4286) to work on /home/airflow/.local/lib/python3.12/site-packages/airflow/example_dags/example_branch_operator.py
[2025-03-08T10:29:04.118+0000] {processor.py:914} INFO - Processing file /home/airflow/.local/lib/python3.12/site-packages/airflow/example_dags/example_branch_operator.py for tasks to queue
[2025-03-08T10:29:04.123+0000] {logging_mixin.py:190} INFO - [2025-03-08T10:29:04.123+0000] {dagbag.py:588} INFO - Filling up the DagBag from /home/airflow/.local/lib/python3.12/site-packages/airflow/example_dags/example_branch_operator.py
[2025-03-08T10:29:04.186+0000] {processor.py:925} INFO - DAG(s) 'example_branch_operator' retrieved from /home/airflow/.local/lib/python3.12/site-packages/airflow/example_dags/example_branch_operator.py
[2025-03-08T10:29:04.263+0000] {logging_mixin.py:190} INFO - [2025-03-08T10:29:04.262+0000] {dag.py:3239} INFO - Sync 1 DAGs
[2025-03-08T10:29:04.331+0000] {logging_mixin.py:190} INFO - [2025-03-08T10:29:04.330+0000] {dag.py:4180} INFO - Setting next_dagrun for example_branch_operator to 2025-03-07 00:00:00+00:00, run_after=2025-03-08 00:00:00+00:00
[2025-03-08T10:29:04.372+0000] {processor.py:208} INFO - Processing /home/airflow/.local/lib/python3.12/site-packages/airflow/example_dags/example_branch_operator.py took 0.268 seconds
[2025-03-08T10:29:34.756+0000] {processor.py:186} INFO - Started process (PID=4349) to work on /home/airflow/.local/lib/python3.12/site-packages/airflow/example_dags/example_branch_operator.py
[2025-03-08T10:29:34.758+0000] {processor.py:914} INFO - Processing file /home/airflow/.local/lib/python3.12/site-packages/airflow/example_dags/example_branch_operator.py for tasks to queue
[2025-03-08T10:29:34.762+0000] {logging_mixin.py:190} INFO - [2025-03-08T10:29:34.761+0000] {dagbag.py:588} INFO - Filling up the DagBag from /home/airflow/.local/lib/python3.12/site-packages/airflow/example_dags/example_branch_operator.py
[2025-03-08T10:29:34.797+0000] {processor.py:925} INFO - DAG(s) 'example_branch_operator' retrieved from /home/airflow/.local/lib/python3.12/site-packages/airflow/example_dags/example_branch_operator.py
[2025-03-08T10:29:34.843+0000] {logging_mixin.py:190} INFO - [2025-03-08T10:29:34.842+0000] {dag.py:3239} INFO - Sync 1 DAGs
[2025-03-08T10:29:34.881+0000] {logging_mixin.py:190} INFO - [2025-03-08T10:29:34.880+0000] {dag.py:4180} INFO - Setting next_dagrun for example_branch_operator to 2025-03-07 00:00:00+00:00, run_after=2025-03-08 00:00:00+00:00
[2025-03-08T10:29:34.904+0000] {processor.py:208} INFO - Processing /home/airflow/.local/lib/python3.12/site-packages/airflow/example_dags/example_branch_operator.py took 0.157 seconds
[2025-03-08T10:30:05.003+0000] {processor.py:186} INFO - Started process (PID=4412) to work on /home/airflow/.local/lib/python3.12/site-packages/airflow/example_dags/example_branch_operator.py
[2025-03-08T10:30:05.005+0000] {processor.py:914} INFO - Processing file /home/airflow/.local/lib/python3.12/site-packages/airflow/example_dags/example_branch_operator.py for tasks to queue
[2025-03-08T10:30:05.008+0000] {logging_mixin.py:190} INFO - [2025-03-08T10:30:05.007+0000] {dagbag.py:588} INFO - Filling up the DagBag from /home/airflow/.local/lib/python3.12/site-packages/airflow/example_dags/example_branch_operator.py
[2025-03-08T10:30:05.029+0000] {processor.py:925} INFO - DAG(s) 'example_branch_operator' retrieved from /home/airflow/.local/lib/python3.12/site-packages/airflow/example_dags/example_branch_operator.py
[2025-03-08T10:30:05.066+0000] {logging_mixin.py:190} INFO - [2025-03-08T10:30:05.066+0000] {dag.py:3239} INFO - Sync 1 DAGs
[2025-03-08T10:30:05.094+0000] {logging_mixin.py:190} INFO - [2025-03-08T10:30:05.094+0000] {dag.py:4180} INFO - Setting next_dagrun for example_branch_operator to 2025-03-07 00:00:00+00:00, run_after=2025-03-08 00:00:00+00:00
[2025-03-08T10:30:05.117+0000] {processor.py:208} INFO - Processing /home/airflow/.local/lib/python3.12/site-packages/airflow/example_dags/example_branch_operator.py took 0.120 seconds
[2025-03-08T10:30:35.187+0000] {processor.py:186} INFO - Started process (PID=4475) to work on /home/airflow/.local/lib/python3.12/site-packages/airflow/example_dags/example_branch_operator.py
[2025-03-08T10:30:35.189+0000] {processor.py:914} INFO - Processing file /home/airflow/.local/lib/python3.12/site-packages/airflow/example_dags/example_branch_operator.py for tasks to queue
[2025-03-08T10:30:35.192+0000] {logging_mixin.py:190} INFO - [2025-03-08T10:30:35.191+0000] {dagbag.py:588} INFO - Filling up the DagBag from /home/airflow/.local/lib/python3.12/site-packages/airflow/example_dags/example_branch_operator.py
[2025-03-08T10:30:35.219+0000] {processor.py:925} INFO - DAG(s) 'example_branch_operator' retrieved from /home/airflow/.local/lib/python3.12/site-packages/airflow/example_dags/example_branch_operator.py
[2025-03-08T10:30:35.260+0000] {logging_mixin.py:190} INFO - [2025-03-08T10:30:35.260+0000] {dag.py:3239} INFO - Sync 1 DAGs
[2025-03-08T10:30:35.296+0000] {logging_mixin.py:190} INFO - [2025-03-08T10:30:35.296+0000] {dag.py:4180} INFO - Setting next_dagrun for example_branch_operator to 2025-03-07 00:00:00+00:00, run_after=2025-03-08 00:00:00+00:00
[2025-03-08T10:30:35.322+0000] {processor.py:208} INFO - Processing /home/airflow/.local/lib/python3.12/site-packages/airflow/example_dags/example_branch_operator.py took 0.144 seconds
[2025-03-08T10:31:06.296+0000] {processor.py:186} INFO - Started process (PID=4538) to work on /home/airflow/.local/lib/python3.12/site-packages/airflow/example_dags/example_branch_operator.py
[2025-03-08T10:31:06.297+0000] {processor.py:914} INFO - Processing file /home/airflow/.local/lib/python3.12/site-packages/airflow/example_dags/example_branch_operator.py for tasks to queue
[2025-03-08T10:31:06.300+0000] {logging_mixin.py:190} INFO - [2025-03-08T10:31:06.300+0000] {dagbag.py:588} INFO - Filling up the DagBag from /home/airflow/.local/lib/python3.12/site-packages/airflow/example_dags/example_branch_operator.py
[2025-03-08T10:31:06.330+0000] {processor.py:925} INFO - DAG(s) 'example_branch_operator' retrieved from /home/airflow/.local/lib/python3.12/site-packages/airflow/example_dags/example_branch_operator.py
[2025-03-08T10:31:06.371+0000] {logging_mixin.py:190} INFO - [2025-03-08T10:31:06.371+0000] {dag.py:3239} INFO - Sync 1 DAGs
[2025-03-08T10:31:06.412+0000] {logging_mixin.py:190} INFO - [2025-03-08T10:31:06.412+0000] {dag.py:4180} INFO - Setting next_dagrun for example_branch_operator to 2025-03-07 00:00:00+00:00, run_after=2025-03-08 00:00:00+00:00
[2025-03-08T10:31:06.439+0000] {processor.py:208} INFO - Processing /home/airflow/.local/lib/python3.12/site-packages/airflow/example_dags/example_branch_operator.py took 0.150 seconds
[2025-03-08T10:31:36.758+0000] {processor.py:186} INFO - Started process (PID=4601) to work on /home/airflow/.local/lib/python3.12/site-packages/airflow/example_dags/example_branch_operator.py
[2025-03-08T10:31:36.759+0000] {processor.py:914} INFO - Processing file /home/airflow/.local/lib/python3.12/site-packages/airflow/example_dags/example_branch_operator.py for tasks to queue
[2025-03-08T10:31:36.761+0000] {logging_mixin.py:190} INFO - [2025-03-08T10:31:36.761+0000] {dagbag.py:588} INFO - Filling up the DagBag from /home/airflow/.local/lib/python3.12/site-packages/airflow/example_dags/example_branch_operator.py
[2025-03-08T10:31:36.781+0000] {processor.py:925} INFO - DAG(s) 'example_branch_operator' retrieved from /home/airflow/.local/lib/python3.12/site-packages/airflow/example_dags/example_branch_operator.py
[2025-03-08T10:31:36.816+0000] {logging_mixin.py:190} INFO - [2025-03-08T10:31:36.816+0000] {dag.py:3239} INFO - Sync 1 DAGs
[2025-03-08T10:31:36.847+0000] {logging_mixin.py:190} INFO - [2025-03-08T10:31:36.847+0000] {dag.py:4180} INFO - Setting next_dagrun for example_branch_operator to 2025-03-07 00:00:00+00:00, run_after=2025-03-08 00:00:00+00:00
[2025-03-08T10:31:36.871+0000] {processor.py:208} INFO - Processing /home/airflow/.local/lib/python3.12/site-packages/airflow/example_dags/example_branch_operator.py took 0.120 seconds
[2025-03-08T10:32:07.759+0000] {processor.py:186} INFO - Started process (PID=4664) to work on /home/airflow/.local/lib/python3.12/site-packages/airflow/example_dags/example_branch_operator.py
[2025-03-08T10:32:07.760+0000] {processor.py:914} INFO - Processing file /home/airflow/.local/lib/python3.12/site-packages/airflow/example_dags/example_branch_operator.py for tasks to queue
[2025-03-08T10:32:07.764+0000] {logging_mixin.py:190} INFO - [2025-03-08T10:32:07.764+0000] {dagbag.py:588} INFO - Filling up the DagBag from /home/airflow/.local/lib/python3.12/site-packages/airflow/example_dags/example_branch_operator.py
[2025-03-08T10:32:07.790+0000] {processor.py:925} INFO - DAG(s) 'example_branch_operator' retrieved from /home/airflow/.local/lib/python3.12/site-packages/airflow/example_dags/example_branch_operator.py
[2025-03-08T10:32:07.826+0000] {logging_mixin.py:190} INFO - [2025-03-08T10:32:07.826+0000] {dag.py:3239} INFO - Sync 1 DAGs
[2025-03-08T10:32:07.859+0000] {logging_mixin.py:190} INFO - [2025-03-08T10:32:07.859+0000] {dag.py:4180} INFO - Setting next_dagrun for example_branch_operator to 2025-03-07 00:00:00+00:00, run_after=2025-03-08 00:00:00+00:00
[2025-03-08T10:32:07.884+0000] {processor.py:208} INFO - Processing /home/airflow/.local/lib/python3.12/site-packages/airflow/example_dags/example_branch_operator.py took 0.134 seconds
[2025-03-08T10:32:38.818+0000] {processor.py:186} INFO - Started process (PID=4727) to work on /home/airflow/.local/lib/python3.12/site-packages/airflow/example_dags/example_branch_operator.py
[2025-03-08T10:32:38.820+0000] {processor.py:914} INFO - Processing file /home/airflow/.local/lib/python3.12/site-packages/airflow/example_dags/example_branch_operator.py for tasks to queue
[2025-03-08T10:32:38.824+0000] {logging_mixin.py:190} INFO - [2025-03-08T10:32:38.823+0000] {dagbag.py:588} INFO - Filling up the DagBag from /home/airflow/.local/lib/python3.12/site-packages/airflow/example_dags/example_branch_operator.py
[2025-03-08T10:32:38.867+0000] {processor.py:925} INFO - DAG(s) 'example_branch_operator' retrieved from /home/airflow/.local/lib/python3.12/site-packages/airflow/example_dags/example_branch_operator.py
[2025-03-08T10:32:38.925+0000] {logging_mixin.py:190} INFO - [2025-03-08T10:32:38.924+0000] {dag.py:3239} INFO - Sync 1 DAGs
[2025-03-08T10:32:38.974+0000] {logging_mixin.py:190} INFO - [2025-03-08T10:32:38.974+0000] {dag.py:4180} INFO - Setting next_dagrun for example_branch_operator to 2025-03-07 00:00:00+00:00, run_after=2025-03-08 00:00:00+00:00
[2025-03-08T10:32:39.009+0000] {processor.py:208} INFO - Processing /home/airflow/.local/lib/python3.12/site-packages/airflow/example_dags/example_branch_operator.py took 0.203 seconds
