[2025-03-08T10:17:59.549+0000] {processor.py:186} INFO - Started process (PID=2974) to work on /home/airflow/.local/lib/python3.12/site-packages/airflow/example_dags/example_latest_only_with_trigger.py
[2025-03-08T10:17:59.556+0000] {processor.py:914} INFO - Processing file /home/airflow/.local/lib/python3.12/site-packages/airflow/example_dags/example_latest_only_with_trigger.py for tasks to queue
[2025-03-08T10:17:59.574+0000] {logging_mixin.py:190} INFO - [2025-03-08T10:17:59.573+0000] {dagbag.py:588} INFO - Filling up the DagBag from /home/airflow/.local/lib/python3.12/site-packages/airflow/example_dags/example_latest_only_with_trigger.py
[2025-03-08T10:17:59.602+0000] {processor.py:925} INFO - DAG(s) 'latest_only_with_trigger' retrieved from /home/airflow/.local/lib/python3.12/site-packages/airflow/example_dags/example_latest_only_with_trigger.py
[2025-03-08T10:17:59.726+0000] {logging_mixin.py:190} INFO - [2025-03-08T10:17:59.725+0000] {dag.py:3239} INFO - Sync 1 DAGs
[2025-03-08T10:17:59.905+0000] {logging_mixin.py:190} INFO - [2025-03-08T10:17:59.904+0000] {dag.py:4180} INFO - Setting next_dagrun for latest_only_with_trigger to 2025-03-08 04:00:00+00:00, run_after=2025-03-08 08:00:00+00:00
[2025-03-08T10:18:00.035+0000] {processor.py:208} INFO - Processing /home/airflow/.local/lib/python3.12/site-packages/airflow/example_dags/example_latest_only_with_trigger.py took 0.507 seconds
[2025-03-08T10:18:33.283+0000] {processor.py:186} INFO - Started process (PID=3037) to work on /home/airflow/.local/lib/python3.12/site-packages/airflow/example_dags/example_latest_only_with_trigger.py
[2025-03-08T10:18:33.297+0000] {processor.py:914} INFO - Processing file /home/airflow/.local/lib/python3.12/site-packages/airflow/example_dags/example_latest_only_with_trigger.py for tasks to queue
[2025-03-08T10:18:33.301+0000] {logging_mixin.py:190} INFO - [2025-03-08T10:18:33.301+0000] {dagbag.py:588} INFO - Filling up the DagBag from /home/airflow/.local/lib/python3.12/site-packages/airflow/example_dags/example_latest_only_with_trigger.py
[2025-03-08T10:18:33.334+0000] {processor.py:925} INFO - DAG(s) 'latest_only_with_trigger' retrieved from /home/airflow/.local/lib/python3.12/site-packages/airflow/example_dags/example_latest_only_with_trigger.py
[2025-03-08T10:18:33.407+0000] {logging_mixin.py:190} INFO - [2025-03-08T10:18:33.407+0000] {dag.py:3239} INFO - Sync 1 DAGs
[2025-03-08T10:18:33.549+0000] {logging_mixin.py:190} INFO - [2025-03-08T10:18:33.548+0000] {dag.py:4180} INFO - Setting next_dagrun for latest_only_with_trigger to 2025-03-08 04:00:00+00:00, run_after=2025-03-08 08:00:00+00:00
[2025-03-08T10:18:33.657+0000] {processor.py:208} INFO - Processing /home/airflow/.local/lib/python3.12/site-packages/airflow/example_dags/example_latest_only_with_trigger.py took 0.395 seconds
[2025-03-08T10:19:04.349+0000] {processor.py:186} INFO - Started process (PID=3099) to work on /home/airflow/.local/lib/python3.12/site-packages/airflow/example_dags/example_latest_only_with_trigger.py
[2025-03-08T10:19:04.350+0000] {processor.py:914} INFO - Processing file /home/airflow/.local/lib/python3.12/site-packages/airflow/example_dags/example_latest_only_with_trigger.py for tasks to queue
[2025-03-08T10:19:04.354+0000] {logging_mixin.py:190} INFO - [2025-03-08T10:19:04.354+0000] {dagbag.py:588} INFO - Filling up the DagBag from /home/airflow/.local/lib/python3.12/site-packages/airflow/example_dags/example_latest_only_with_trigger.py
[2025-03-08T10:19:04.365+0000] {processor.py:925} INFO - DAG(s) 'latest_only_with_trigger' retrieved from /home/airflow/.local/lib/python3.12/site-packages/airflow/example_dags/example_latest_only_with_trigger.py
[2025-03-08T10:19:04.407+0000] {logging_mixin.py:190} INFO - [2025-03-08T10:19:04.407+0000] {dag.py:3239} INFO - Sync 1 DAGs
[2025-03-08T10:19:04.464+0000] {logging_mixin.py:190} INFO - [2025-03-08T10:19:04.463+0000] {dag.py:4180} INFO - Setting next_dagrun for latest_only_with_trigger to 2025-03-08 04:00:00+00:00, run_after=2025-03-08 08:00:00+00:00
[2025-03-08T10:19:04.503+0000] {processor.py:208} INFO - Processing /home/airflow/.local/lib/python3.12/site-packages/airflow/example_dags/example_latest_only_with_trigger.py took 0.164 seconds
[2025-03-08T10:19:40.338+0000] {processor.py:186} INFO - Started process (PID=3164) to work on /home/airflow/.local/lib/python3.12/site-packages/airflow/example_dags/example_latest_only_with_trigger.py
[2025-03-08T10:19:40.340+0000] {processor.py:914} INFO - Processing file /home/airflow/.local/lib/python3.12/site-packages/airflow/example_dags/example_latest_only_with_trigger.py for tasks to queue
[2025-03-08T10:19:40.354+0000] {logging_mixin.py:190} INFO - [2025-03-08T10:19:40.354+0000] {dagbag.py:588} INFO - Filling up the DagBag from /home/airflow/.local/lib/python3.12/site-packages/airflow/example_dags/example_latest_only_with_trigger.py
[2025-03-08T10:19:40.396+0000] {processor.py:925} INFO - DAG(s) 'latest_only_with_trigger' retrieved from /home/airflow/.local/lib/python3.12/site-packages/airflow/example_dags/example_latest_only_with_trigger.py
[2025-03-08T10:19:40.516+0000] {logging_mixin.py:190} INFO - [2025-03-08T10:19:40.515+0000] {dag.py:3239} INFO - Sync 1 DAGs
[2025-03-08T10:19:40.683+0000] {logging_mixin.py:190} INFO - [2025-03-08T10:19:40.683+0000] {dag.py:4180} INFO - Setting next_dagrun for latest_only_with_trigger to 2025-03-08 04:00:00+00:00, run_after=2025-03-08 08:00:00+00:00
[2025-03-08T10:19:40.830+0000] {processor.py:208} INFO - Processing /home/airflow/.local/lib/python3.12/site-packages/airflow/example_dags/example_latest_only_with_trigger.py took 0.517 seconds
[2025-03-08T10:20:11.050+0000] {processor.py:186} INFO - Started process (PID=3227) to work on /home/airflow/.local/lib/python3.12/site-packages/airflow/example_dags/example_latest_only_with_trigger.py
[2025-03-08T10:20:11.061+0000] {processor.py:914} INFO - Processing file /home/airflow/.local/lib/python3.12/site-packages/airflow/example_dags/example_latest_only_with_trigger.py for tasks to queue
[2025-03-08T10:20:11.082+0000] {logging_mixin.py:190} INFO - [2025-03-08T10:20:11.082+0000] {dagbag.py:588} INFO - Filling up the DagBag from /home/airflow/.local/lib/python3.12/site-packages/airflow/example_dags/example_latest_only_with_trigger.py
[2025-03-08T10:20:11.108+0000] {processor.py:925} INFO - DAG(s) 'latest_only_with_trigger' retrieved from /home/airflow/.local/lib/python3.12/site-packages/airflow/example_dags/example_latest_only_with_trigger.py
[2025-03-08T10:20:11.184+0000] {logging_mixin.py:190} INFO - [2025-03-08T10:20:11.184+0000] {dag.py:3239} INFO - Sync 1 DAGs
[2025-03-08T10:20:11.253+0000] {logging_mixin.py:190} INFO - [2025-03-08T10:20:11.252+0000] {dag.py:4180} INFO - Setting next_dagrun for latest_only_with_trigger to 2025-03-08 04:00:00+00:00, run_after=2025-03-08 08:00:00+00:00
[2025-03-08T10:20:11.300+0000] {processor.py:208} INFO - Processing /home/airflow/.local/lib/python3.12/site-packages/airflow/example_dags/example_latest_only_with_trigger.py took 0.271 seconds
[2025-03-08T10:20:50.218+0000] {processor.py:186} INFO - Started process (PID=3294) to work on /home/airflow/.local/lib/python3.12/site-packages/airflow/example_dags/example_latest_only_with_trigger.py
[2025-03-08T10:20:50.249+0000] {processor.py:914} INFO - Processing file /home/airflow/.local/lib/python3.12/site-packages/airflow/example_dags/example_latest_only_with_trigger.py for tasks to queue
[2025-03-08T10:20:50.280+0000] {logging_mixin.py:190} INFO - [2025-03-08T10:20:50.279+0000] {dagbag.py:588} INFO - Filling up the DagBag from /home/airflow/.local/lib/python3.12/site-packages/airflow/example_dags/example_latest_only_with_trigger.py
[2025-03-08T10:20:50.329+0000] {processor.py:925} INFO - DAG(s) 'latest_only_with_trigger' retrieved from /home/airflow/.local/lib/python3.12/site-packages/airflow/example_dags/example_latest_only_with_trigger.py
[2025-03-08T10:20:50.458+0000] {logging_mixin.py:190} INFO - [2025-03-08T10:20:50.458+0000] {dag.py:3239} INFO - Sync 1 DAGs
[2025-03-08T10:20:50.663+0000] {logging_mixin.py:190} INFO - [2025-03-08T10:20:50.663+0000] {dag.py:4180} INFO - Setting next_dagrun for latest_only_with_trigger to 2025-03-08 04:00:00+00:00, run_after=2025-03-08 08:00:00+00:00
[2025-03-08T10:20:50.799+0000] {processor.py:208} INFO - Processing /home/airflow/.local/lib/python3.12/site-packages/airflow/example_dags/example_latest_only_with_trigger.py took 0.616 seconds
[2025-03-08T10:21:21.532+0000] {processor.py:186} INFO - Started process (PID=3357) to work on /home/airflow/.local/lib/python3.12/site-packages/airflow/example_dags/example_latest_only_with_trigger.py
[2025-03-08T10:21:21.534+0000] {processor.py:914} INFO - Processing file /home/airflow/.local/lib/python3.12/site-packages/airflow/example_dags/example_latest_only_with_trigger.py for tasks to queue
[2025-03-08T10:21:21.540+0000] {logging_mixin.py:190} INFO - [2025-03-08T10:21:21.539+0000] {dagbag.py:588} INFO - Filling up the DagBag from /home/airflow/.local/lib/python3.12/site-packages/airflow/example_dags/example_latest_only_with_trigger.py
[2025-03-08T10:21:21.558+0000] {processor.py:925} INFO - DAG(s) 'latest_only_with_trigger' retrieved from /home/airflow/.local/lib/python3.12/site-packages/airflow/example_dags/example_latest_only_with_trigger.py
[2025-03-08T10:21:21.599+0000] {logging_mixin.py:190} INFO - [2025-03-08T10:21:21.599+0000] {dag.py:3239} INFO - Sync 1 DAGs
[2025-03-08T10:21:21.647+0000] {logging_mixin.py:190} INFO - [2025-03-08T10:21:21.647+0000] {dag.py:4180} INFO - Setting next_dagrun for latest_only_with_trigger to 2025-03-08 04:00:00+00:00, run_after=2025-03-08 08:00:00+00:00
[2025-03-08T10:21:21.688+0000] {processor.py:208} INFO - Processing /home/airflow/.local/lib/python3.12/site-packages/airflow/example_dags/example_latest_only_with_trigger.py took 0.170 seconds
[2025-03-08T10:21:53.257+0000] {processor.py:186} INFO - Started process (PID=3420) to work on /home/airflow/.local/lib/python3.12/site-packages/airflow/example_dags/example_latest_only_with_trigger.py
[2025-03-08T10:21:53.261+0000] {processor.py:914} INFO - Processing file /home/airflow/.local/lib/python3.12/site-packages/airflow/example_dags/example_latest_only_with_trigger.py for tasks to queue
[2025-03-08T10:21:53.266+0000] {logging_mixin.py:190} INFO - [2025-03-08T10:21:53.265+0000] {dagbag.py:588} INFO - Filling up the DagBag from /home/airflow/.local/lib/python3.12/site-packages/airflow/example_dags/example_latest_only_with_trigger.py
[2025-03-08T10:21:53.315+0000] {processor.py:925} INFO - DAG(s) 'latest_only_with_trigger' retrieved from /home/airflow/.local/lib/python3.12/site-packages/airflow/example_dags/example_latest_only_with_trigger.py
[2025-03-08T10:21:53.431+0000] {logging_mixin.py:190} INFO - [2025-03-08T10:21:53.430+0000] {dag.py:3239} INFO - Sync 1 DAGs
[2025-03-08T10:21:53.535+0000] {logging_mixin.py:190} INFO - [2025-03-08T10:21:53.534+0000] {dag.py:4180} INFO - Setting next_dagrun for latest_only_with_trigger to 2025-03-08 04:00:00+00:00, run_after=2025-03-08 08:00:00+00:00
[2025-03-08T10:21:53.609+0000] {processor.py:208} INFO - Processing /home/airflow/.local/lib/python3.12/site-packages/airflow/example_dags/example_latest_only_with_trigger.py took 0.368 seconds
[2025-03-08T10:22:26.356+0000] {processor.py:186} INFO - Started process (PID=3484) to work on /home/airflow/.local/lib/python3.12/site-packages/airflow/example_dags/example_latest_only_with_trigger.py
[2025-03-08T10:22:26.358+0000] {processor.py:914} INFO - Processing file /home/airflow/.local/lib/python3.12/site-packages/airflow/example_dags/example_latest_only_with_trigger.py for tasks to queue
[2025-03-08T10:22:26.364+0000] {logging_mixin.py:190} INFO - [2025-03-08T10:22:26.364+0000] {dagbag.py:588} INFO - Filling up the DagBag from /home/airflow/.local/lib/python3.12/site-packages/airflow/example_dags/example_latest_only_with_trigger.py
[2025-03-08T10:22:26.398+0000] {processor.py:925} INFO - DAG(s) 'latest_only_with_trigger' retrieved from /home/airflow/.local/lib/python3.12/site-packages/airflow/example_dags/example_latest_only_with_trigger.py
[2025-03-08T10:22:26.498+0000] {logging_mixin.py:190} INFO - [2025-03-08T10:22:26.497+0000] {dag.py:3239} INFO - Sync 1 DAGs
[2025-03-08T10:22:26.578+0000] {logging_mixin.py:190} INFO - [2025-03-08T10:22:26.577+0000] {dag.py:4180} INFO - Setting next_dagrun for latest_only_with_trigger to 2025-03-08 04:00:00+00:00, run_after=2025-03-08 08:00:00+00:00
[2025-03-08T10:22:26.671+0000] {processor.py:208} INFO - Processing /home/airflow/.local/lib/python3.12/site-packages/airflow/example_dags/example_latest_only_with_trigger.py took 0.336 seconds
[2025-03-08T10:22:58.832+0000] {processor.py:186} INFO - Started process (PID=3553) to work on /home/airflow/.local/lib/python3.12/site-packages/airflow/example_dags/example_latest_only_with_trigger.py
[2025-03-08T10:22:58.834+0000] {processor.py:914} INFO - Processing file /home/airflow/.local/lib/python3.12/site-packages/airflow/example_dags/example_latest_only_with_trigger.py for tasks to queue
[2025-03-08T10:22:58.850+0000] {logging_mixin.py:190} INFO - [2025-03-08T10:22:58.839+0000] {dagbag.py:588} INFO - Filling up the DagBag from /home/airflow/.local/lib/python3.12/site-packages/airflow/example_dags/example_latest_only_with_trigger.py
[2025-03-08T10:22:58.871+0000] {processor.py:925} INFO - DAG(s) 'latest_only_with_trigger' retrieved from /home/airflow/.local/lib/python3.12/site-packages/airflow/example_dags/example_latest_only_with_trigger.py
[2025-03-08T10:22:58.957+0000] {logging_mixin.py:190} INFO - [2025-03-08T10:22:58.957+0000] {dag.py:3239} INFO - Sync 1 DAGs
[2025-03-08T10:22:59.060+0000] {logging_mixin.py:190} INFO - [2025-03-08T10:22:59.059+0000] {dag.py:4180} INFO - Setting next_dagrun for latest_only_with_trigger to 2025-03-08 04:00:00+00:00, run_after=2025-03-08 08:00:00+00:00
[2025-03-08T10:22:59.144+0000] {processor.py:208} INFO - Processing /home/airflow/.local/lib/python3.12/site-packages/airflow/example_dags/example_latest_only_with_trigger.py took 0.329 seconds
[2025-03-08T10:23:35.865+0000] {processor.py:186} INFO - Started process (PID=3617) to work on /home/airflow/.local/lib/python3.12/site-packages/airflow/example_dags/example_latest_only_with_trigger.py
[2025-03-08T10:23:35.877+0000] {processor.py:914} INFO - Processing file /home/airflow/.local/lib/python3.12/site-packages/airflow/example_dags/example_latest_only_with_trigger.py for tasks to queue
[2025-03-08T10:23:35.895+0000] {logging_mixin.py:190} INFO - [2025-03-08T10:23:35.894+0000] {dagbag.py:588} INFO - Filling up the DagBag from /home/airflow/.local/lib/python3.12/site-packages/airflow/example_dags/example_latest_only_with_trigger.py
[2025-03-08T10:23:35.923+0000] {processor.py:925} INFO - DAG(s) 'latest_only_with_trigger' retrieved from /home/airflow/.local/lib/python3.12/site-packages/airflow/example_dags/example_latest_only_with_trigger.py
[2025-03-08T10:23:35.988+0000] {logging_mixin.py:190} INFO - [2025-03-08T10:23:35.988+0000] {dag.py:3239} INFO - Sync 1 DAGs
[2025-03-08T10:23:36.145+0000] {logging_mixin.py:190} INFO - [2025-03-08T10:23:36.145+0000] {dag.py:4180} INFO - Setting next_dagrun for latest_only_with_trigger to 2025-03-08 04:00:00+00:00, run_after=2025-03-08 08:00:00+00:00
[2025-03-08T10:23:36.286+0000] {processor.py:208} INFO - Processing /home/airflow/.local/lib/python3.12/site-packages/airflow/example_dags/example_latest_only_with_trigger.py took 0.500 seconds
[2025-03-08T10:24:07.355+0000] {processor.py:186} INFO - Started process (PID=3680) to work on /home/airflow/.local/lib/python3.12/site-packages/airflow/example_dags/example_latest_only_with_trigger.py
[2025-03-08T10:24:07.357+0000] {processor.py:914} INFO - Processing file /home/airflow/.local/lib/python3.12/site-packages/airflow/example_dags/example_latest_only_with_trigger.py for tasks to queue
[2025-03-08T10:24:07.363+0000] {logging_mixin.py:190} INFO - [2025-03-08T10:24:07.363+0000] {dagbag.py:588} INFO - Filling up the DagBag from /home/airflow/.local/lib/python3.12/site-packages/airflow/example_dags/example_latest_only_with_trigger.py
[2025-03-08T10:24:07.378+0000] {processor.py:925} INFO - DAG(s) 'latest_only_with_trigger' retrieved from /home/airflow/.local/lib/python3.12/site-packages/airflow/example_dags/example_latest_only_with_trigger.py
[2025-03-08T10:24:07.425+0000] {logging_mixin.py:190} INFO - [2025-03-08T10:24:07.425+0000] {dag.py:3239} INFO - Sync 1 DAGs
[2025-03-08T10:24:07.478+0000] {logging_mixin.py:190} INFO - [2025-03-08T10:24:07.477+0000] {dag.py:4180} INFO - Setting next_dagrun for latest_only_with_trigger to 2025-03-08 04:00:00+00:00, run_after=2025-03-08 08:00:00+00:00
[2025-03-08T10:24:07.525+0000] {processor.py:208} INFO - Processing /home/airflow/.local/lib/python3.12/site-packages/airflow/example_dags/example_latest_only_with_trigger.py took 0.182 seconds
[2025-03-08T10:24:39.106+0000] {processor.py:186} INFO - Started process (PID=3743) to work on /home/airflow/.local/lib/python3.12/site-packages/airflow/example_dags/example_latest_only_with_trigger.py
[2025-03-08T10:24:39.107+0000] {processor.py:914} INFO - Processing file /home/airflow/.local/lib/python3.12/site-packages/airflow/example_dags/example_latest_only_with_trigger.py for tasks to queue
[2025-03-08T10:24:39.111+0000] {logging_mixin.py:190} INFO - [2025-03-08T10:24:39.111+0000] {dagbag.py:588} INFO - Filling up the DagBag from /home/airflow/.local/lib/python3.12/site-packages/airflow/example_dags/example_latest_only_with_trigger.py
[2025-03-08T10:24:39.122+0000] {processor.py:925} INFO - DAG(s) 'latest_only_with_trigger' retrieved from /home/airflow/.local/lib/python3.12/site-packages/airflow/example_dags/example_latest_only_with_trigger.py
[2025-03-08T10:24:39.156+0000] {logging_mixin.py:190} INFO - [2025-03-08T10:24:39.156+0000] {dag.py:3239} INFO - Sync 1 DAGs
[2025-03-08T10:24:39.187+0000] {logging_mixin.py:190} INFO - [2025-03-08T10:24:39.187+0000] {dag.py:4180} INFO - Setting next_dagrun for latest_only_with_trigger to 2025-03-08 04:00:00+00:00, run_after=2025-03-08 08:00:00+00:00
[2025-03-08T10:24:39.214+0000] {processor.py:208} INFO - Processing /home/airflow/.local/lib/python3.12/site-packages/airflow/example_dags/example_latest_only_with_trigger.py took 0.117 seconds
[2025-03-08T10:25:10.808+0000] {processor.py:186} INFO - Started process (PID=3808) to work on /home/airflow/.local/lib/python3.12/site-packages/airflow/example_dags/example_latest_only_with_trigger.py
[2025-03-08T10:25:10.827+0000] {processor.py:914} INFO - Processing file /home/airflow/.local/lib/python3.12/site-packages/airflow/example_dags/example_latest_only_with_trigger.py for tasks to queue
[2025-03-08T10:25:10.836+0000] {logging_mixin.py:190} INFO - [2025-03-08T10:25:10.835+0000] {dagbag.py:588} INFO - Filling up the DagBag from /home/airflow/.local/lib/python3.12/site-packages/airflow/example_dags/example_latest_only_with_trigger.py
[2025-03-08T10:25:10.859+0000] {processor.py:925} INFO - DAG(s) 'latest_only_with_trigger' retrieved from /home/airflow/.local/lib/python3.12/site-packages/airflow/example_dags/example_latest_only_with_trigger.py
[2025-03-08T10:25:10.913+0000] {logging_mixin.py:190} INFO - [2025-03-08T10:25:10.912+0000] {dag.py:3239} INFO - Sync 1 DAGs
[2025-03-08T10:25:10.994+0000] {logging_mixin.py:190} INFO - [2025-03-08T10:25:10.994+0000] {dag.py:4180} INFO - Setting next_dagrun for latest_only_with_trigger to 2025-03-08 04:00:00+00:00, run_after=2025-03-08 08:00:00+00:00
[2025-03-08T10:25:11.071+0000] {processor.py:208} INFO - Processing /home/airflow/.local/lib/python3.12/site-packages/airflow/example_dags/example_latest_only_with_trigger.py took 0.276 seconds
[2025-03-08T10:25:43.921+0000] {processor.py:186} INFO - Started process (PID=3878) to work on /home/airflow/.local/lib/python3.12/site-packages/airflow/example_dags/example_latest_only_with_trigger.py
[2025-03-08T10:25:43.924+0000] {processor.py:914} INFO - Processing file /home/airflow/.local/lib/python3.12/site-packages/airflow/example_dags/example_latest_only_with_trigger.py for tasks to queue
[2025-03-08T10:25:43.928+0000] {logging_mixin.py:190} INFO - [2025-03-08T10:25:43.928+0000] {dagbag.py:588} INFO - Filling up the DagBag from /home/airflow/.local/lib/python3.12/site-packages/airflow/example_dags/example_latest_only_with_trigger.py
[2025-03-08T10:25:43.948+0000] {processor.py:925} INFO - DAG(s) 'latest_only_with_trigger' retrieved from /home/airflow/.local/lib/python3.12/site-packages/airflow/example_dags/example_latest_only_with_trigger.py
[2025-03-08T10:25:43.988+0000] {logging_mixin.py:190} INFO - [2025-03-08T10:25:43.988+0000] {dag.py:3239} INFO - Sync 1 DAGs
[2025-03-08T10:25:44.043+0000] {logging_mixin.py:190} INFO - [2025-03-08T10:25:44.042+0000] {dag.py:4180} INFO - Setting next_dagrun for latest_only_with_trigger to 2025-03-08 04:00:00+00:00, run_after=2025-03-08 08:00:00+00:00
[2025-03-08T10:25:44.081+0000] {processor.py:208} INFO - Processing /home/airflow/.local/lib/python3.12/site-packages/airflow/example_dags/example_latest_only_with_trigger.py took 0.175 seconds
[2025-03-08T10:26:19.550+0000] {processor.py:186} INFO - Started process (PID=3946) to work on /home/airflow/.local/lib/python3.12/site-packages/airflow/example_dags/example_latest_only_with_trigger.py
[2025-03-08T10:26:19.554+0000] {processor.py:914} INFO - Processing file /home/airflow/.local/lib/python3.12/site-packages/airflow/example_dags/example_latest_only_with_trigger.py for tasks to queue
[2025-03-08T10:26:19.559+0000] {logging_mixin.py:190} INFO - [2025-03-08T10:26:19.559+0000] {dagbag.py:588} INFO - Filling up the DagBag from /home/airflow/.local/lib/python3.12/site-packages/airflow/example_dags/example_latest_only_with_trigger.py
[2025-03-08T10:26:19.578+0000] {processor.py:925} INFO - DAG(s) 'latest_only_with_trigger' retrieved from /home/airflow/.local/lib/python3.12/site-packages/airflow/example_dags/example_latest_only_with_trigger.py
[2025-03-08T10:26:19.644+0000] {logging_mixin.py:190} INFO - [2025-03-08T10:26:19.644+0000] {dag.py:3239} INFO - Sync 1 DAGs
[2025-03-08T10:26:20.023+0000] {logging_mixin.py:190} INFO - [2025-03-08T10:26:20.022+0000] {dag.py:4180} INFO - Setting next_dagrun for latest_only_with_trigger to 2025-03-08 04:00:00+00:00, run_after=2025-03-08 08:00:00+00:00
[2025-03-08T10:26:20.055+0000] {processor.py:208} INFO - Processing /home/airflow/.local/lib/python3.12/site-packages/airflow/example_dags/example_latest_only_with_trigger.py took 0.518 seconds
[2025-03-08T10:26:50.227+0000] {processor.py:186} INFO - Started process (PID=4009) to work on /home/airflow/.local/lib/python3.12/site-packages/airflow/example_dags/example_latest_only_with_trigger.py
[2025-03-08T10:26:50.230+0000] {processor.py:914} INFO - Processing file /home/airflow/.local/lib/python3.12/site-packages/airflow/example_dags/example_latest_only_with_trigger.py for tasks to queue
[2025-03-08T10:26:50.236+0000] {logging_mixin.py:190} INFO - [2025-03-08T10:26:50.235+0000] {dagbag.py:588} INFO - Filling up the DagBag from /home/airflow/.local/lib/python3.12/site-packages/airflow/example_dags/example_latest_only_with_trigger.py
[2025-03-08T10:26:50.250+0000] {processor.py:925} INFO - DAG(s) 'latest_only_with_trigger' retrieved from /home/airflow/.local/lib/python3.12/site-packages/airflow/example_dags/example_latest_only_with_trigger.py
[2025-03-08T10:26:50.331+0000] {logging_mixin.py:190} INFO - [2025-03-08T10:26:50.331+0000] {dag.py:3239} INFO - Sync 1 DAGs
[2025-03-08T10:26:50.445+0000] {logging_mixin.py:190} INFO - [2025-03-08T10:26:50.445+0000] {dag.py:4180} INFO - Setting next_dagrun for latest_only_with_trigger to 2025-03-08 04:00:00+00:00, run_after=2025-03-08 08:00:00+00:00
[2025-03-08T10:26:50.831+0000] {processor.py:208} INFO - Processing /home/airflow/.local/lib/python3.12/site-packages/airflow/example_dags/example_latest_only_with_trigger.py took 0.615 seconds
[2025-03-08T10:27:22.321+0000] {processor.py:186} INFO - Started process (PID=4072) to work on /home/airflow/.local/lib/python3.12/site-packages/airflow/example_dags/example_latest_only_with_trigger.py
[2025-03-08T10:27:22.344+0000] {processor.py:914} INFO - Processing file /home/airflow/.local/lib/python3.12/site-packages/airflow/example_dags/example_latest_only_with_trigger.py for tasks to queue
[2025-03-08T10:27:22.349+0000] {logging_mixin.py:190} INFO - [2025-03-08T10:27:22.348+0000] {dagbag.py:588} INFO - Filling up the DagBag from /home/airflow/.local/lib/python3.12/site-packages/airflow/example_dags/example_latest_only_with_trigger.py
[2025-03-08T10:27:22.396+0000] {processor.py:925} INFO - DAG(s) 'latest_only_with_trigger' retrieved from /home/airflow/.local/lib/python3.12/site-packages/airflow/example_dags/example_latest_only_with_trigger.py
[2025-03-08T10:27:22.518+0000] {logging_mixin.py:190} INFO - [2025-03-08T10:27:22.518+0000] {dag.py:3239} INFO - Sync 1 DAGs
[2025-03-08T10:27:22.748+0000] {logging_mixin.py:190} INFO - [2025-03-08T10:27:22.748+0000] {dag.py:4180} INFO - Setting next_dagrun for latest_only_with_trigger to 2025-03-08 04:00:00+00:00, run_after=2025-03-08 08:00:00+00:00
[2025-03-08T10:27:22.930+0000] {processor.py:208} INFO - Processing /home/airflow/.local/lib/python3.12/site-packages/airflow/example_dags/example_latest_only_with_trigger.py took 0.624 seconds
[2025-03-08T10:27:53.928+0000] {processor.py:186} INFO - Started process (PID=4134) to work on /home/airflow/.local/lib/python3.12/site-packages/airflow/example_dags/example_latest_only_with_trigger.py
[2025-03-08T10:27:53.929+0000] {processor.py:914} INFO - Processing file /home/airflow/.local/lib/python3.12/site-packages/airflow/example_dags/example_latest_only_with_trigger.py for tasks to queue
[2025-03-08T10:27:53.932+0000] {logging_mixin.py:190} INFO - [2025-03-08T10:27:53.932+0000] {dagbag.py:588} INFO - Filling up the DagBag from /home/airflow/.local/lib/python3.12/site-packages/airflow/example_dags/example_latest_only_with_trigger.py
[2025-03-08T10:27:53.943+0000] {processor.py:925} INFO - DAG(s) 'latest_only_with_trigger' retrieved from /home/airflow/.local/lib/python3.12/site-packages/airflow/example_dags/example_latest_only_with_trigger.py
[2025-03-08T10:27:53.972+0000] {logging_mixin.py:190} INFO - [2025-03-08T10:27:53.971+0000] {dag.py:3239} INFO - Sync 1 DAGs
[2025-03-08T10:27:54.008+0000] {logging_mixin.py:190} INFO - [2025-03-08T10:27:54.007+0000] {dag.py:4180} INFO - Setting next_dagrun for latest_only_with_trigger to 2025-03-08 04:00:00+00:00, run_after=2025-03-08 08:00:00+00:00
[2025-03-08T10:27:54.064+0000] {processor.py:208} INFO - Processing /home/airflow/.local/lib/python3.12/site-packages/airflow/example_dags/example_latest_only_with_trigger.py took 0.143 seconds
[2025-03-08T10:28:24.564+0000] {processor.py:186} INFO - Started process (PID=4197) to work on /home/airflow/.local/lib/python3.12/site-packages/airflow/example_dags/example_latest_only_with_trigger.py
[2025-03-08T10:28:24.567+0000] {processor.py:914} INFO - Processing file /home/airflow/.local/lib/python3.12/site-packages/airflow/example_dags/example_latest_only_with_trigger.py for tasks to queue
[2025-03-08T10:28:24.571+0000] {logging_mixin.py:190} INFO - [2025-03-08T10:28:24.570+0000] {dagbag.py:588} INFO - Filling up the DagBag from /home/airflow/.local/lib/python3.12/site-packages/airflow/example_dags/example_latest_only_with_trigger.py
[2025-03-08T10:28:24.581+0000] {processor.py:925} INFO - DAG(s) 'latest_only_with_trigger' retrieved from /home/airflow/.local/lib/python3.12/site-packages/airflow/example_dags/example_latest_only_with_trigger.py
[2025-03-08T10:28:24.607+0000] {logging_mixin.py:190} INFO - [2025-03-08T10:28:24.607+0000] {dag.py:3239} INFO - Sync 1 DAGs
[2025-03-08T10:28:24.640+0000] {logging_mixin.py:190} INFO - [2025-03-08T10:28:24.640+0000] {dag.py:4180} INFO - Setting next_dagrun for latest_only_with_trigger to 2025-03-08 04:00:00+00:00, run_after=2025-03-08 08:00:00+00:00
[2025-03-08T10:28:24.664+0000] {processor.py:208} INFO - Processing /home/airflow/.local/lib/python3.12/site-packages/airflow/example_dags/example_latest_only_with_trigger.py took 0.113 seconds
[2025-03-08T10:28:55.647+0000] {processor.py:186} INFO - Started process (PID=4260) to work on /home/airflow/.local/lib/python3.12/site-packages/airflow/example_dags/example_latest_only_with_trigger.py
[2025-03-08T10:28:55.649+0000] {processor.py:914} INFO - Processing file /home/airflow/.local/lib/python3.12/site-packages/airflow/example_dags/example_latest_only_with_trigger.py for tasks to queue
[2025-03-08T10:28:55.656+0000] {logging_mixin.py:190} INFO - [2025-03-08T10:28:55.655+0000] {dagbag.py:588} INFO - Filling up the DagBag from /home/airflow/.local/lib/python3.12/site-packages/airflow/example_dags/example_latest_only_with_trigger.py
[2025-03-08T10:28:55.684+0000] {processor.py:925} INFO - DAG(s) 'latest_only_with_trigger' retrieved from /home/airflow/.local/lib/python3.12/site-packages/airflow/example_dags/example_latest_only_with_trigger.py
[2025-03-08T10:28:55.750+0000] {logging_mixin.py:190} INFO - [2025-03-08T10:28:55.750+0000] {dag.py:3239} INFO - Sync 1 DAGs
[2025-03-08T10:28:55.852+0000] {logging_mixin.py:190} INFO - [2025-03-08T10:28:55.852+0000] {dag.py:4180} INFO - Setting next_dagrun for latest_only_with_trigger to 2025-03-08 04:00:00+00:00, run_after=2025-03-08 08:00:00+00:00
[2025-03-08T10:28:55.953+0000] {processor.py:208} INFO - Processing /home/airflow/.local/lib/python3.12/site-packages/airflow/example_dags/example_latest_only_with_trigger.py took 0.322 seconds
[2025-03-08T10:29:26.003+0000] {processor.py:186} INFO - Started process (PID=4322) to work on /home/airflow/.local/lib/python3.12/site-packages/airflow/example_dags/example_latest_only_with_trigger.py
[2025-03-08T10:29:26.004+0000] {processor.py:914} INFO - Processing file /home/airflow/.local/lib/python3.12/site-packages/airflow/example_dags/example_latest_only_with_trigger.py for tasks to queue
[2025-03-08T10:29:26.008+0000] {logging_mixin.py:190} INFO - [2025-03-08T10:29:26.007+0000] {dagbag.py:588} INFO - Filling up the DagBag from /home/airflow/.local/lib/python3.12/site-packages/airflow/example_dags/example_latest_only_with_trigger.py
[2025-03-08T10:29:26.020+0000] {processor.py:925} INFO - DAG(s) 'latest_only_with_trigger' retrieved from /home/airflow/.local/lib/python3.12/site-packages/airflow/example_dags/example_latest_only_with_trigger.py
[2025-03-08T10:29:26.060+0000] {logging_mixin.py:190} INFO - [2025-03-08T10:29:26.060+0000] {dag.py:3239} INFO - Sync 1 DAGs
[2025-03-08T10:29:26.090+0000] {logging_mixin.py:190} INFO - [2025-03-08T10:29:26.090+0000] {dag.py:4180} INFO - Setting next_dagrun for latest_only_with_trigger to 2025-03-08 04:00:00+00:00, run_after=2025-03-08 08:00:00+00:00
[2025-03-08T10:29:26.120+0000] {processor.py:208} INFO - Processing /home/airflow/.local/lib/python3.12/site-packages/airflow/example_dags/example_latest_only_with_trigger.py took 0.124 seconds
[2025-03-08T10:29:56.169+0000] {processor.py:186} INFO - Started process (PID=4384) to work on /home/airflow/.local/lib/python3.12/site-packages/airflow/example_dags/example_latest_only_with_trigger.py
[2025-03-08T10:29:56.171+0000] {processor.py:914} INFO - Processing file /home/airflow/.local/lib/python3.12/site-packages/airflow/example_dags/example_latest_only_with_trigger.py for tasks to queue
[2025-03-08T10:29:56.173+0000] {logging_mixin.py:190} INFO - [2025-03-08T10:29:56.172+0000] {dagbag.py:588} INFO - Filling up the DagBag from /home/airflow/.local/lib/python3.12/site-packages/airflow/example_dags/example_latest_only_with_trigger.py
[2025-03-08T10:29:56.183+0000] {processor.py:925} INFO - DAG(s) 'latest_only_with_trigger' retrieved from /home/airflow/.local/lib/python3.12/site-packages/airflow/example_dags/example_latest_only_with_trigger.py
[2025-03-08T10:29:56.206+0000] {logging_mixin.py:190} INFO - [2025-03-08T10:29:56.206+0000] {dag.py:3239} INFO - Sync 1 DAGs
[2025-03-08T10:29:56.233+0000] {logging_mixin.py:190} INFO - [2025-03-08T10:29:56.233+0000] {dag.py:4180} INFO - Setting next_dagrun for latest_only_with_trigger to 2025-03-08 04:00:00+00:00, run_after=2025-03-08 08:00:00+00:00
[2025-03-08T10:29:56.254+0000] {processor.py:208} INFO - Processing /home/airflow/.local/lib/python3.12/site-packages/airflow/example_dags/example_latest_only_with_trigger.py took 0.091 seconds
[2025-03-08T10:30:26.334+0000] {processor.py:186} INFO - Started process (PID=4447) to work on /home/airflow/.local/lib/python3.12/site-packages/airflow/example_dags/example_latest_only_with_trigger.py
[2025-03-08T10:30:26.335+0000] {processor.py:914} INFO - Processing file /home/airflow/.local/lib/python3.12/site-packages/airflow/example_dags/example_latest_only_with_trigger.py for tasks to queue
[2025-03-08T10:30:26.338+0000] {logging_mixin.py:190} INFO - [2025-03-08T10:30:26.338+0000] {dagbag.py:588} INFO - Filling up the DagBag from /home/airflow/.local/lib/python3.12/site-packages/airflow/example_dags/example_latest_only_with_trigger.py
[2025-03-08T10:30:26.347+0000] {processor.py:925} INFO - DAG(s) 'latest_only_with_trigger' retrieved from /home/airflow/.local/lib/python3.12/site-packages/airflow/example_dags/example_latest_only_with_trigger.py
[2025-03-08T10:30:26.372+0000] {logging_mixin.py:190} INFO - [2025-03-08T10:30:26.371+0000] {dag.py:3239} INFO - Sync 1 DAGs
[2025-03-08T10:30:26.403+0000] {logging_mixin.py:190} INFO - [2025-03-08T10:30:26.403+0000] {dag.py:4180} INFO - Setting next_dagrun for latest_only_with_trigger to 2025-03-08 04:00:00+00:00, run_after=2025-03-08 08:00:00+00:00
[2025-03-08T10:30:26.427+0000] {processor.py:208} INFO - Processing /home/airflow/.local/lib/python3.12/site-packages/airflow/example_dags/example_latest_only_with_trigger.py took 0.099 seconds
[2025-03-08T10:30:56.517+0000] {processor.py:186} INFO - Started process (PID=4510) to work on /home/airflow/.local/lib/python3.12/site-packages/airflow/example_dags/example_latest_only_with_trigger.py
[2025-03-08T10:30:56.518+0000] {processor.py:914} INFO - Processing file /home/airflow/.local/lib/python3.12/site-packages/airflow/example_dags/example_latest_only_with_trigger.py for tasks to queue
[2025-03-08T10:30:56.521+0000] {logging_mixin.py:190} INFO - [2025-03-08T10:30:56.521+0000] {dagbag.py:588} INFO - Filling up the DagBag from /home/airflow/.local/lib/python3.12/site-packages/airflow/example_dags/example_latest_only_with_trigger.py
[2025-03-08T10:30:56.530+0000] {processor.py:925} INFO - DAG(s) 'latest_only_with_trigger' retrieved from /home/airflow/.local/lib/python3.12/site-packages/airflow/example_dags/example_latest_only_with_trigger.py
[2025-03-08T10:30:56.556+0000] {logging_mixin.py:190} INFO - [2025-03-08T10:30:56.556+0000] {dag.py:3239} INFO - Sync 1 DAGs
[2025-03-08T10:30:56.606+0000] {logging_mixin.py:190} INFO - [2025-03-08T10:30:56.606+0000] {dag.py:4180} INFO - Setting next_dagrun for latest_only_with_trigger to 2025-03-08 04:00:00+00:00, run_after=2025-03-08 08:00:00+00:00
[2025-03-08T10:30:56.640+0000] {processor.py:208} INFO - Processing /home/airflow/.local/lib/python3.12/site-packages/airflow/example_dags/example_latest_only_with_trigger.py took 0.130 seconds
[2025-03-08T10:31:27.378+0000] {processor.py:186} INFO - Started process (PID=4573) to work on /home/airflow/.local/lib/python3.12/site-packages/airflow/example_dags/example_latest_only_with_trigger.py
[2025-03-08T10:31:27.380+0000] {processor.py:914} INFO - Processing file /home/airflow/.local/lib/python3.12/site-packages/airflow/example_dags/example_latest_only_with_trigger.py for tasks to queue
[2025-03-08T10:31:27.383+0000] {logging_mixin.py:190} INFO - [2025-03-08T10:31:27.383+0000] {dagbag.py:588} INFO - Filling up the DagBag from /home/airflow/.local/lib/python3.12/site-packages/airflow/example_dags/example_latest_only_with_trigger.py
[2025-03-08T10:31:27.396+0000] {processor.py:925} INFO - DAG(s) 'latest_only_with_trigger' retrieved from /home/airflow/.local/lib/python3.12/site-packages/airflow/example_dags/example_latest_only_with_trigger.py
[2025-03-08T10:31:27.428+0000] {logging_mixin.py:190} INFO - [2025-03-08T10:31:27.427+0000] {dag.py:3239} INFO - Sync 1 DAGs
[2025-03-08T10:31:27.477+0000] {logging_mixin.py:190} INFO - [2025-03-08T10:31:27.477+0000] {dag.py:4180} INFO - Setting next_dagrun for latest_only_with_trigger to 2025-03-08 04:00:00+00:00, run_after=2025-03-08 08:00:00+00:00
[2025-03-08T10:31:27.504+0000] {processor.py:208} INFO - Processing /home/airflow/.local/lib/python3.12/site-packages/airflow/example_dags/example_latest_only_with_trigger.py took 0.133 seconds
[2025-03-08T10:31:57.668+0000] {processor.py:186} INFO - Started process (PID=4635) to work on /home/airflow/.local/lib/python3.12/site-packages/airflow/example_dags/example_latest_only_with_trigger.py
[2025-03-08T10:31:57.669+0000] {processor.py:914} INFO - Processing file /home/airflow/.local/lib/python3.12/site-packages/airflow/example_dags/example_latest_only_with_trigger.py for tasks to queue
[2025-03-08T10:31:57.680+0000] {logging_mixin.py:190} INFO - [2025-03-08T10:31:57.680+0000] {dagbag.py:588} INFO - Filling up the DagBag from /home/airflow/.local/lib/python3.12/site-packages/airflow/example_dags/example_latest_only_with_trigger.py
[2025-03-08T10:31:57.701+0000] {processor.py:925} INFO - DAG(s) 'latest_only_with_trigger' retrieved from /home/airflow/.local/lib/python3.12/site-packages/airflow/example_dags/example_latest_only_with_trigger.py
[2025-03-08T10:31:57.736+0000] {logging_mixin.py:190} INFO - [2025-03-08T10:31:57.735+0000] {dag.py:3239} INFO - Sync 1 DAGs
[2025-03-08T10:31:57.774+0000] {logging_mixin.py:190} INFO - [2025-03-08T10:31:57.774+0000] {dag.py:4180} INFO - Setting next_dagrun for latest_only_with_trigger to 2025-03-08 04:00:00+00:00, run_after=2025-03-08 08:00:00+00:00
[2025-03-08T10:31:57.801+0000] {processor.py:208} INFO - Processing /home/airflow/.local/lib/python3.12/site-packages/airflow/example_dags/example_latest_only_with_trigger.py took 0.143 seconds
[2025-03-08T10:32:27.854+0000] {processor.py:186} INFO - Started process (PID=4698) to work on /home/airflow/.local/lib/python3.12/site-packages/airflow/example_dags/example_latest_only_with_trigger.py
[2025-03-08T10:32:27.856+0000] {processor.py:914} INFO - Processing file /home/airflow/.local/lib/python3.12/site-packages/airflow/example_dags/example_latest_only_with_trigger.py for tasks to queue
[2025-03-08T10:32:27.860+0000] {logging_mixin.py:190} INFO - [2025-03-08T10:32:27.860+0000] {dagbag.py:588} INFO - Filling up the DagBag from /home/airflow/.local/lib/python3.12/site-packages/airflow/example_dags/example_latest_only_with_trigger.py
[2025-03-08T10:32:27.869+0000] {processor.py:925} INFO - DAG(s) 'latest_only_with_trigger' retrieved from /home/airflow/.local/lib/python3.12/site-packages/airflow/example_dags/example_latest_only_with_trigger.py
[2025-03-08T10:32:27.894+0000] {logging_mixin.py:190} INFO - [2025-03-08T10:32:27.893+0000] {dag.py:3239} INFO - Sync 1 DAGs
[2025-03-08T10:32:27.927+0000] {logging_mixin.py:190} INFO - [2025-03-08T10:32:27.927+0000] {dag.py:4180} INFO - Setting next_dagrun for latest_only_with_trigger to 2025-03-08 04:00:00+00:00, run_after=2025-03-08 08:00:00+00:00
[2025-03-08T10:32:27.955+0000] {processor.py:208} INFO - Processing /home/airflow/.local/lib/python3.12/site-packages/airflow/example_dags/example_latest_only_with_trigger.py took 0.108 seconds
