[2025-03-08T10:17:58.375+0000] {processor.py:186} INFO - Started process (PID=2971) to work on /home/airflow/.local/lib/python3.12/site-packages/airflow/example_dags/example_external_task_marker_dag.py
[2025-03-08T10:17:58.387+0000] {processor.py:914} INFO - Processing file /home/airflow/.local/lib/python3.12/site-packages/airflow/example_dags/example_external_task_marker_dag.py for tasks to queue
[2025-03-08T10:17:58.397+0000] {logging_mixin.py:190} INFO - [2025-03-08T10:17:58.396+0000] {dagbag.py:588} INFO - Filling up the DagBag from /home/airflow/.local/lib/python3.12/site-packages/airflow/example_dags/example_external_task_marker_dag.py
[2025-03-08T10:17:58.460+0000] {processor.py:925} INFO - DAG(s) 'example_external_task_marker_child', 'example_external_task_marker_parent' retrieved from /home/airflow/.local/lib/python3.12/site-packages/airflow/example_dags/example_external_task_marker_dag.py
[2025-03-08T10:17:58.568+0000] {logging_mixin.py:190} INFO - [2025-03-08T10:17:58.568+0000] {dag.py:3239} INFO - Sync 2 DAGs
[2025-03-08T10:17:58.705+0000] {logging_mixin.py:190} INFO - [2025-03-08T10:17:58.704+0000] {dag.py:4180} INFO - Setting next_dagrun for example_external_task_marker_child to None, run_after=None
[2025-03-08T10:17:58.761+0000] {logging_mixin.py:190} INFO - [2025-03-08T10:17:58.760+0000] {dag.py:4180} INFO - Setting next_dagrun for example_external_task_marker_parent to None, run_after=None
[2025-03-08T10:17:58.857+0000] {processor.py:208} INFO - Processing /home/airflow/.local/lib/python3.12/site-packages/airflow/example_dags/example_external_task_marker_dag.py took 0.502 seconds
[2025-03-08T10:18:32.458+0000] {processor.py:186} INFO - Started process (PID=3034) to work on /home/airflow/.local/lib/python3.12/site-packages/airflow/example_dags/example_external_task_marker_dag.py
[2025-03-08T10:18:32.462+0000] {processor.py:914} INFO - Processing file /home/airflow/.local/lib/python3.12/site-packages/airflow/example_dags/example_external_task_marker_dag.py for tasks to queue
[2025-03-08T10:18:32.472+0000] {logging_mixin.py:190} INFO - [2025-03-08T10:18:32.471+0000] {dagbag.py:588} INFO - Filling up the DagBag from /home/airflow/.local/lib/python3.12/site-packages/airflow/example_dags/example_external_task_marker_dag.py
[2025-03-08T10:18:32.489+0000] {processor.py:925} INFO - DAG(s) 'example_external_task_marker_parent', 'example_external_task_marker_child' retrieved from /home/airflow/.local/lib/python3.12/site-packages/airflow/example_dags/example_external_task_marker_dag.py
[2025-03-08T10:18:32.551+0000] {logging_mixin.py:190} INFO - [2025-03-08T10:18:32.551+0000] {dag.py:3239} INFO - Sync 2 DAGs
[2025-03-08T10:18:32.594+0000] {logging_mixin.py:190} INFO - [2025-03-08T10:18:32.594+0000] {dag.py:4180} INFO - Setting next_dagrun for example_external_task_marker_child to None, run_after=None
[2025-03-08T10:18:32.611+0000] {logging_mixin.py:190} INFO - [2025-03-08T10:18:32.611+0000] {dag.py:4180} INFO - Setting next_dagrun for example_external_task_marker_parent to None, run_after=None
[2025-03-08T10:18:32.702+0000] {processor.py:208} INFO - Processing /home/airflow/.local/lib/python3.12/site-packages/airflow/example_dags/example_external_task_marker_dag.py took 0.285 seconds
[2025-03-08T10:19:03.969+0000] {processor.py:186} INFO - Started process (PID=3095) to work on /home/airflow/.local/lib/python3.12/site-packages/airflow/example_dags/example_external_task_marker_dag.py
[2025-03-08T10:19:03.971+0000] {processor.py:914} INFO - Processing file /home/airflow/.local/lib/python3.12/site-packages/airflow/example_dags/example_external_task_marker_dag.py for tasks to queue
[2025-03-08T10:19:03.975+0000] {logging_mixin.py:190} INFO - [2025-03-08T10:19:03.974+0000] {dagbag.py:588} INFO - Filling up the DagBag from /home/airflow/.local/lib/python3.12/site-packages/airflow/example_dags/example_external_task_marker_dag.py
[2025-03-08T10:19:03.991+0000] {processor.py:925} INFO - DAG(s) 'example_external_task_marker_child', 'example_external_task_marker_parent' retrieved from /home/airflow/.local/lib/python3.12/site-packages/airflow/example_dags/example_external_task_marker_dag.py
[2025-03-08T10:19:04.034+0000] {logging_mixin.py:190} INFO - [2025-03-08T10:19:04.033+0000] {dag.py:3239} INFO - Sync 2 DAGs
[2025-03-08T10:19:04.062+0000] {logging_mixin.py:190} INFO - [2025-03-08T10:19:04.062+0000] {dag.py:4180} INFO - Setting next_dagrun for example_external_task_marker_child to None, run_after=None
[2025-03-08T10:19:04.071+0000] {logging_mixin.py:190} INFO - [2025-03-08T10:19:04.070+0000] {dag.py:4180} INFO - Setting next_dagrun for example_external_task_marker_parent to None, run_after=None
[2025-03-08T10:19:04.101+0000] {processor.py:208} INFO - Processing /home/airflow/.local/lib/python3.12/site-packages/airflow/example_dags/example_external_task_marker_dag.py took 0.143 seconds
[2025-03-08T10:19:37.833+0000] {processor.py:186} INFO - Started process (PID=3159) to work on /home/airflow/.local/lib/python3.12/site-packages/airflow/example_dags/example_external_task_marker_dag.py
[2025-03-08T10:19:37.838+0000] {processor.py:914} INFO - Processing file /home/airflow/.local/lib/python3.12/site-packages/airflow/example_dags/example_external_task_marker_dag.py for tasks to queue
[2025-03-08T10:19:37.845+0000] {logging_mixin.py:190} INFO - [2025-03-08T10:19:37.844+0000] {dagbag.py:588} INFO - Filling up the DagBag from /home/airflow/.local/lib/python3.12/site-packages/airflow/example_dags/example_external_task_marker_dag.py
[2025-03-08T10:19:37.863+0000] {processor.py:925} INFO - DAG(s) 'example_external_task_marker_child', 'example_external_task_marker_parent' retrieved from /home/airflow/.local/lib/python3.12/site-packages/airflow/example_dags/example_external_task_marker_dag.py
[2025-03-08T10:19:38.021+0000] {logging_mixin.py:190} INFO - [2025-03-08T10:19:38.020+0000] {dag.py:3239} INFO - Sync 2 DAGs
[2025-03-08T10:19:38.126+0000] {logging_mixin.py:190} INFO - [2025-03-08T10:19:38.126+0000] {dag.py:4180} INFO - Setting next_dagrun for example_external_task_marker_child to None, run_after=None
[2025-03-08T10:19:38.148+0000] {logging_mixin.py:190} INFO - [2025-03-08T10:19:38.148+0000] {dag.py:4180} INFO - Setting next_dagrun for example_external_task_marker_parent to None, run_after=None
[2025-03-08T10:19:38.457+0000] {processor.py:208} INFO - Processing /home/airflow/.local/lib/python3.12/site-packages/airflow/example_dags/example_external_task_marker_dag.py took 0.636 seconds
[2025-03-08T10:20:10.170+0000] {processor.py:186} INFO - Started process (PID=3224) to work on /home/airflow/.local/lib/python3.12/site-packages/airflow/example_dags/example_external_task_marker_dag.py
[2025-03-08T10:20:10.178+0000] {processor.py:914} INFO - Processing file /home/airflow/.local/lib/python3.12/site-packages/airflow/example_dags/example_external_task_marker_dag.py for tasks to queue
[2025-03-08T10:20:10.187+0000] {logging_mixin.py:190} INFO - [2025-03-08T10:20:10.186+0000] {dagbag.py:588} INFO - Filling up the DagBag from /home/airflow/.local/lib/python3.12/site-packages/airflow/example_dags/example_external_task_marker_dag.py
[2025-03-08T10:20:10.208+0000] {processor.py:925} INFO - DAG(s) 'example_external_task_marker_child', 'example_external_task_marker_parent' retrieved from /home/airflow/.local/lib/python3.12/site-packages/airflow/example_dags/example_external_task_marker_dag.py
[2025-03-08T10:20:10.348+0000] {logging_mixin.py:190} INFO - [2025-03-08T10:20:10.348+0000] {dag.py:3239} INFO - Sync 2 DAGs
[2025-03-08T10:20:10.416+0000] {logging_mixin.py:190} INFO - [2025-03-08T10:20:10.415+0000] {dag.py:4180} INFO - Setting next_dagrun for example_external_task_marker_child to None, run_after=None
[2025-03-08T10:20:10.431+0000] {logging_mixin.py:190} INFO - [2025-03-08T10:20:10.431+0000] {dag.py:4180} INFO - Setting next_dagrun for example_external_task_marker_parent to None, run_after=None
[2025-03-08T10:20:10.549+0000] {processor.py:208} INFO - Processing /home/airflow/.local/lib/python3.12/site-packages/airflow/example_dags/example_external_task_marker_dag.py took 0.408 seconds
[2025-03-08T10:20:48.899+0000] {processor.py:186} INFO - Started process (PID=3291) to work on /home/airflow/.local/lib/python3.12/site-packages/airflow/example_dags/example_external_task_marker_dag.py
[2025-03-08T10:20:48.907+0000] {processor.py:914} INFO - Processing file /home/airflow/.local/lib/python3.12/site-packages/airflow/example_dags/example_external_task_marker_dag.py for tasks to queue
[2025-03-08T10:20:48.924+0000] {logging_mixin.py:190} INFO - [2025-03-08T10:20:48.923+0000] {dagbag.py:588} INFO - Filling up the DagBag from /home/airflow/.local/lib/python3.12/site-packages/airflow/example_dags/example_external_task_marker_dag.py
[2025-03-08T10:20:48.999+0000] {processor.py:925} INFO - DAG(s) 'example_external_task_marker_child', 'example_external_task_marker_parent' retrieved from /home/airflow/.local/lib/python3.12/site-packages/airflow/example_dags/example_external_task_marker_dag.py
[2025-03-08T10:20:49.169+0000] {logging_mixin.py:190} INFO - [2025-03-08T10:20:49.168+0000] {dag.py:3239} INFO - Sync 2 DAGs
[2025-03-08T10:20:49.279+0000] {logging_mixin.py:190} INFO - [2025-03-08T10:20:49.278+0000] {dag.py:4180} INFO - Setting next_dagrun for example_external_task_marker_child to None, run_after=None
[2025-03-08T10:20:49.341+0000] {logging_mixin.py:190} INFO - [2025-03-08T10:20:49.311+0000] {dag.py:4180} INFO - Setting next_dagrun for example_external_task_marker_parent to None, run_after=None
[2025-03-08T10:20:49.471+0000] {processor.py:208} INFO - Processing /home/airflow/.local/lib/python3.12/site-packages/airflow/example_dags/example_external_task_marker_dag.py took 0.602 seconds
[2025-03-08T10:21:20.538+0000] {processor.py:186} INFO - Started process (PID=3354) to work on /home/airflow/.local/lib/python3.12/site-packages/airflow/example_dags/example_external_task_marker_dag.py
[2025-03-08T10:21:20.545+0000] {processor.py:914} INFO - Processing file /home/airflow/.local/lib/python3.12/site-packages/airflow/example_dags/example_external_task_marker_dag.py for tasks to queue
[2025-03-08T10:21:20.550+0000] {logging_mixin.py:190} INFO - [2025-03-08T10:21:20.549+0000] {dagbag.py:588} INFO - Filling up the DagBag from /home/airflow/.local/lib/python3.12/site-packages/airflow/example_dags/example_external_task_marker_dag.py
[2025-03-08T10:21:20.572+0000] {processor.py:925} INFO - DAG(s) 'example_external_task_marker_parent', 'example_external_task_marker_child' retrieved from /home/airflow/.local/lib/python3.12/site-packages/airflow/example_dags/example_external_task_marker_dag.py
[2025-03-08T10:21:20.674+0000] {logging_mixin.py:190} INFO - [2025-03-08T10:21:20.662+0000] {dag.py:3239} INFO - Sync 2 DAGs
[2025-03-08T10:21:20.730+0000] {logging_mixin.py:190} INFO - [2025-03-08T10:21:20.730+0000] {dag.py:4180} INFO - Setting next_dagrun for example_external_task_marker_child to None, run_after=None
[2025-03-08T10:21:20.748+0000] {logging_mixin.py:190} INFO - [2025-03-08T10:21:20.748+0000] {dag.py:4180} INFO - Setting next_dagrun for example_external_task_marker_parent to None, run_after=None
[2025-03-08T10:21:20.804+0000] {processor.py:208} INFO - Processing /home/airflow/.local/lib/python3.12/site-packages/airflow/example_dags/example_external_task_marker_dag.py took 0.280 seconds
[2025-03-08T10:21:50.894+0000] {processor.py:186} INFO - Started process (PID=3416) to work on /home/airflow/.local/lib/python3.12/site-packages/airflow/example_dags/example_external_task_marker_dag.py
[2025-03-08T10:21:50.896+0000] {processor.py:914} INFO - Processing file /home/airflow/.local/lib/python3.12/site-packages/airflow/example_dags/example_external_task_marker_dag.py for tasks to queue
[2025-03-08T10:21:50.902+0000] {logging_mixin.py:190} INFO - [2025-03-08T10:21:50.901+0000] {dagbag.py:588} INFO - Filling up the DagBag from /home/airflow/.local/lib/python3.12/site-packages/airflow/example_dags/example_external_task_marker_dag.py
[2025-03-08T10:21:50.924+0000] {processor.py:925} INFO - DAG(s) 'example_external_task_marker_child', 'example_external_task_marker_parent' retrieved from /home/airflow/.local/lib/python3.12/site-packages/airflow/example_dags/example_external_task_marker_dag.py
[2025-03-08T10:21:50.975+0000] {logging_mixin.py:190} INFO - [2025-03-08T10:21:50.974+0000] {dag.py:3239} INFO - Sync 2 DAGs
[2025-03-08T10:21:51.018+0000] {logging_mixin.py:190} INFO - [2025-03-08T10:21:51.018+0000] {dag.py:4180} INFO - Setting next_dagrun for example_external_task_marker_child to None, run_after=None
[2025-03-08T10:21:51.028+0000] {logging_mixin.py:190} INFO - [2025-03-08T10:21:51.028+0000] {dag.py:4180} INFO - Setting next_dagrun for example_external_task_marker_parent to None, run_after=None
[2025-03-08T10:21:51.098+0000] {processor.py:208} INFO - Processing /home/airflow/.local/lib/python3.12/site-packages/airflow/example_dags/example_external_task_marker_dag.py took 0.218 seconds
[2025-03-08T10:22:22.048+0000] {processor.py:186} INFO - Started process (PID=3479) to work on /home/airflow/.local/lib/python3.12/site-packages/airflow/example_dags/example_external_task_marker_dag.py
[2025-03-08T10:22:22.058+0000] {processor.py:914} INFO - Processing file /home/airflow/.local/lib/python3.12/site-packages/airflow/example_dags/example_external_task_marker_dag.py for tasks to queue
[2025-03-08T10:22:22.066+0000] {logging_mixin.py:190} INFO - [2025-03-08T10:22:22.065+0000] {dagbag.py:588} INFO - Filling up the DagBag from /home/airflow/.local/lib/python3.12/site-packages/airflow/example_dags/example_external_task_marker_dag.py
[2025-03-08T10:22:22.099+0000] {processor.py:925} INFO - DAG(s) 'example_external_task_marker_parent', 'example_external_task_marker_child' retrieved from /home/airflow/.local/lib/python3.12/site-packages/airflow/example_dags/example_external_task_marker_dag.py
[2025-03-08T10:22:22.247+0000] {logging_mixin.py:190} INFO - [2025-03-08T10:22:22.247+0000] {dag.py:3239} INFO - Sync 2 DAGs
[2025-03-08T10:22:22.326+0000] {logging_mixin.py:190} INFO - [2025-03-08T10:22:22.326+0000] {dag.py:4180} INFO - Setting next_dagrun for example_external_task_marker_child to None, run_after=None
[2025-03-08T10:22:22.338+0000] {logging_mixin.py:190} INFO - [2025-03-08T10:22:22.338+0000] {dag.py:4180} INFO - Setting next_dagrun for example_external_task_marker_parent to None, run_after=None
[2025-03-08T10:22:22.428+0000] {processor.py:208} INFO - Processing /home/airflow/.local/lib/python3.12/site-packages/airflow/example_dags/example_external_task_marker_dag.py took 0.405 seconds
[2025-03-08T10:22:54.633+0000] {processor.py:186} INFO - Started process (PID=3541) to work on /home/airflow/.local/lib/python3.12/site-packages/airflow/example_dags/example_external_task_marker_dag.py
[2025-03-08T10:22:54.637+0000] {processor.py:914} INFO - Processing file /home/airflow/.local/lib/python3.12/site-packages/airflow/example_dags/example_external_task_marker_dag.py for tasks to queue
[2025-03-08T10:22:54.645+0000] {logging_mixin.py:190} INFO - [2025-03-08T10:22:54.645+0000] {dagbag.py:588} INFO - Filling up the DagBag from /home/airflow/.local/lib/python3.12/site-packages/airflow/example_dags/example_external_task_marker_dag.py
[2025-03-08T10:22:54.666+0000] {processor.py:925} INFO - DAG(s) 'example_external_task_marker_child', 'example_external_task_marker_parent' retrieved from /home/airflow/.local/lib/python3.12/site-packages/airflow/example_dags/example_external_task_marker_dag.py
[2025-03-08T10:22:54.730+0000] {logging_mixin.py:190} INFO - [2025-03-08T10:22:54.730+0000] {dag.py:3239} INFO - Sync 2 DAGs
[2025-03-08T10:22:54.776+0000] {logging_mixin.py:190} INFO - [2025-03-08T10:22:54.775+0000] {dag.py:4180} INFO - Setting next_dagrun for example_external_task_marker_child to None, run_after=None
[2025-03-08T10:22:54.787+0000] {logging_mixin.py:190} INFO - [2025-03-08T10:22:54.787+0000] {dag.py:4180} INFO - Setting next_dagrun for example_external_task_marker_parent to None, run_after=None
[2025-03-08T10:22:54.833+0000] {processor.py:208} INFO - Processing /home/airflow/.local/lib/python3.12/site-packages/airflow/example_dags/example_external_task_marker_dag.py took 0.215 seconds
[2025-03-08T10:23:25.811+0000] {processor.py:186} INFO - Started process (PID=3603) to work on /home/airflow/.local/lib/python3.12/site-packages/airflow/example_dags/example_external_task_marker_dag.py
[2025-03-08T10:23:25.814+0000] {processor.py:914} INFO - Processing file /home/airflow/.local/lib/python3.12/site-packages/airflow/example_dags/example_external_task_marker_dag.py for tasks to queue
[2025-03-08T10:23:25.824+0000] {logging_mixin.py:190} INFO - [2025-03-08T10:23:25.823+0000] {dagbag.py:588} INFO - Filling up the DagBag from /home/airflow/.local/lib/python3.12/site-packages/airflow/example_dags/example_external_task_marker_dag.py
[2025-03-08T10:23:25.847+0000] {processor.py:925} INFO - DAG(s) 'example_external_task_marker_child', 'example_external_task_marker_parent' retrieved from /home/airflow/.local/lib/python3.12/site-packages/airflow/example_dags/example_external_task_marker_dag.py
[2025-03-08T10:23:25.901+0000] {logging_mixin.py:190} INFO - [2025-03-08T10:23:25.901+0000] {dag.py:3239} INFO - Sync 2 DAGs
[2025-03-08T10:23:25.945+0000] {logging_mixin.py:190} INFO - [2025-03-08T10:23:25.945+0000] {dag.py:4180} INFO - Setting next_dagrun for example_external_task_marker_child to None, run_after=None
[2025-03-08T10:23:25.960+0000] {logging_mixin.py:190} INFO - [2025-03-08T10:23:25.959+0000] {dag.py:4180} INFO - Setting next_dagrun for example_external_task_marker_parent to None, run_after=None
[2025-03-08T10:23:26.041+0000] {processor.py:208} INFO - Processing /home/airflow/.local/lib/python3.12/site-packages/airflow/example_dags/example_external_task_marker_dag.py took 0.249 seconds
[2025-03-08T10:23:56.624+0000] {processor.py:186} INFO - Started process (PID=3666) to work on /home/airflow/.local/lib/python3.12/site-packages/airflow/example_dags/example_external_task_marker_dag.py
[2025-03-08T10:23:56.625+0000] {processor.py:914} INFO - Processing file /home/airflow/.local/lib/python3.12/site-packages/airflow/example_dags/example_external_task_marker_dag.py for tasks to queue
[2025-03-08T10:23:56.627+0000] {logging_mixin.py:190} INFO - [2025-03-08T10:23:56.627+0000] {dagbag.py:588} INFO - Filling up the DagBag from /home/airflow/.local/lib/python3.12/site-packages/airflow/example_dags/example_external_task_marker_dag.py
[2025-03-08T10:23:56.636+0000] {processor.py:925} INFO - DAG(s) 'example_external_task_marker_child', 'example_external_task_marker_parent' retrieved from /home/airflow/.local/lib/python3.12/site-packages/airflow/example_dags/example_external_task_marker_dag.py
[2025-03-08T10:23:56.662+0000] {logging_mixin.py:190} INFO - [2025-03-08T10:23:56.662+0000] {dag.py:3239} INFO - Sync 2 DAGs
[2025-03-08T10:23:56.688+0000] {logging_mixin.py:190} INFO - [2025-03-08T10:23:56.687+0000] {dag.py:4180} INFO - Setting next_dagrun for example_external_task_marker_child to None, run_after=None
[2025-03-08T10:23:56.694+0000] {logging_mixin.py:190} INFO - [2025-03-08T10:23:56.694+0000] {dag.py:4180} INFO - Setting next_dagrun for example_external_task_marker_parent to None, run_after=None
[2025-03-08T10:23:56.719+0000] {processor.py:208} INFO - Processing /home/airflow/.local/lib/python3.12/site-packages/airflow/example_dags/example_external_task_marker_dag.py took 0.102 seconds
[2025-03-08T10:24:27.751+0000] {processor.py:186} INFO - Started process (PID=3729) to work on /home/airflow/.local/lib/python3.12/site-packages/airflow/example_dags/example_external_task_marker_dag.py
[2025-03-08T10:24:27.754+0000] {processor.py:914} INFO - Processing file /home/airflow/.local/lib/python3.12/site-packages/airflow/example_dags/example_external_task_marker_dag.py for tasks to queue
[2025-03-08T10:24:27.759+0000] {logging_mixin.py:190} INFO - [2025-03-08T10:24:27.758+0000] {dagbag.py:588} INFO - Filling up the DagBag from /home/airflow/.local/lib/python3.12/site-packages/airflow/example_dags/example_external_task_marker_dag.py
[2025-03-08T10:24:27.779+0000] {processor.py:925} INFO - DAG(s) 'example_external_task_marker_parent', 'example_external_task_marker_child' retrieved from /home/airflow/.local/lib/python3.12/site-packages/airflow/example_dags/example_external_task_marker_dag.py
[2025-03-08T10:24:27.836+0000] {logging_mixin.py:190} INFO - [2025-03-08T10:24:27.836+0000] {dag.py:3239} INFO - Sync 2 DAGs
[2025-03-08T10:24:27.878+0000] {logging_mixin.py:190} INFO - [2025-03-08T10:24:27.878+0000] {dag.py:4180} INFO - Setting next_dagrun for example_external_task_marker_child to None, run_after=None
[2025-03-08T10:24:27.899+0000] {logging_mixin.py:190} INFO - [2025-03-08T10:24:27.899+0000] {dag.py:4180} INFO - Setting next_dagrun for example_external_task_marker_parent to None, run_after=None
[2025-03-08T10:24:27.947+0000] {processor.py:208} INFO - Processing /home/airflow/.local/lib/python3.12/site-packages/airflow/example_dags/example_external_task_marker_dag.py took 0.214 seconds
[2025-03-08T10:24:58.137+0000] {processor.py:186} INFO - Started process (PID=3791) to work on /home/airflow/.local/lib/python3.12/site-packages/airflow/example_dags/example_external_task_marker_dag.py
[2025-03-08T10:24:58.139+0000] {processor.py:914} INFO - Processing file /home/airflow/.local/lib/python3.12/site-packages/airflow/example_dags/example_external_task_marker_dag.py for tasks to queue
[2025-03-08T10:24:58.144+0000] {logging_mixin.py:190} INFO - [2025-03-08T10:24:58.143+0000] {dagbag.py:588} INFO - Filling up the DagBag from /home/airflow/.local/lib/python3.12/site-packages/airflow/example_dags/example_external_task_marker_dag.py
[2025-03-08T10:24:58.163+0000] {processor.py:925} INFO - DAG(s) 'example_external_task_marker_child', 'example_external_task_marker_parent' retrieved from /home/airflow/.local/lib/python3.12/site-packages/airflow/example_dags/example_external_task_marker_dag.py
[2025-03-08T10:24:58.262+0000] {logging_mixin.py:190} INFO - [2025-03-08T10:24:58.253+0000] {dag.py:3239} INFO - Sync 2 DAGs
[2025-03-08T10:24:58.603+0000] {logging_mixin.py:190} INFO - [2025-03-08T10:24:58.602+0000] {dag.py:4180} INFO - Setting next_dagrun for example_external_task_marker_child to None, run_after=None
[2025-03-08T10:24:58.612+0000] {logging_mixin.py:190} INFO - [2025-03-08T10:24:58.611+0000] {dag.py:4180} INFO - Setting next_dagrun for example_external_task_marker_parent to None, run_after=None
[2025-03-08T10:24:58.656+0000] {processor.py:208} INFO - Processing /home/airflow/.local/lib/python3.12/site-packages/airflow/example_dags/example_external_task_marker_dag.py took 0.534 seconds
[2025-03-08T10:25:30.442+0000] {processor.py:186} INFO - Started process (PID=3861) to work on /home/airflow/.local/lib/python3.12/site-packages/airflow/example_dags/example_external_task_marker_dag.py
[2025-03-08T10:25:30.445+0000] {processor.py:914} INFO - Processing file /home/airflow/.local/lib/python3.12/site-packages/airflow/example_dags/example_external_task_marker_dag.py for tasks to queue
[2025-03-08T10:25:30.450+0000] {logging_mixin.py:190} INFO - [2025-03-08T10:25:30.449+0000] {dagbag.py:588} INFO - Filling up the DagBag from /home/airflow/.local/lib/python3.12/site-packages/airflow/example_dags/example_external_task_marker_dag.py
[2025-03-08T10:25:30.467+0000] {processor.py:925} INFO - DAG(s) 'example_external_task_marker_parent', 'example_external_task_marker_child' retrieved from /home/airflow/.local/lib/python3.12/site-packages/airflow/example_dags/example_external_task_marker_dag.py
[2025-03-08T10:25:30.540+0000] {logging_mixin.py:190} INFO - [2025-03-08T10:25:30.538+0000] {dag.py:3239} INFO - Sync 2 DAGs
[2025-03-08T10:25:30.591+0000] {logging_mixin.py:190} INFO - [2025-03-08T10:25:30.590+0000] {dag.py:4180} INFO - Setting next_dagrun for example_external_task_marker_child to None, run_after=None
[2025-03-08T10:25:30.612+0000] {logging_mixin.py:190} INFO - [2025-03-08T10:25:30.609+0000] {dag.py:4180} INFO - Setting next_dagrun for example_external_task_marker_parent to None, run_after=None
[2025-03-08T10:25:31.064+0000] {processor.py:208} INFO - Processing /home/airflow/.local/lib/python3.12/site-packages/airflow/example_dags/example_external_task_marker_dag.py took 0.636 seconds
[2025-03-08T10:26:01.244+0000] {processor.py:186} INFO - Started process (PID=3925) to work on /home/airflow/.local/lib/python3.12/site-packages/airflow/example_dags/example_external_task_marker_dag.py
[2025-03-08T10:26:01.246+0000] {processor.py:914} INFO - Processing file /home/airflow/.local/lib/python3.12/site-packages/airflow/example_dags/example_external_task_marker_dag.py for tasks to queue
[2025-03-08T10:26:01.248+0000] {logging_mixin.py:190} INFO - [2025-03-08T10:26:01.248+0000] {dagbag.py:588} INFO - Filling up the DagBag from /home/airflow/.local/lib/python3.12/site-packages/airflow/example_dags/example_external_task_marker_dag.py
[2025-03-08T10:26:01.257+0000] {processor.py:925} INFO - DAG(s) 'example_external_task_marker_child', 'example_external_task_marker_parent' retrieved from /home/airflow/.local/lib/python3.12/site-packages/airflow/example_dags/example_external_task_marker_dag.py
[2025-03-08T10:26:01.282+0000] {logging_mixin.py:190} INFO - [2025-03-08T10:26:01.282+0000] {dag.py:3239} INFO - Sync 2 DAGs
[2025-03-08T10:26:01.301+0000] {logging_mixin.py:190} INFO - [2025-03-08T10:26:01.300+0000] {dag.py:4180} INFO - Setting next_dagrun for example_external_task_marker_child to None, run_after=None
[2025-03-08T10:26:01.306+0000] {logging_mixin.py:190} INFO - [2025-03-08T10:26:01.305+0000] {dag.py:4180} INFO - Setting next_dagrun for example_external_task_marker_parent to None, run_after=None
[2025-03-08T10:26:01.328+0000] {processor.py:208} INFO - Processing /home/airflow/.local/lib/python3.12/site-packages/airflow/example_dags/example_external_task_marker_dag.py took 0.092 seconds
[2025-03-08T10:26:31.969+0000] {processor.py:186} INFO - Started process (PID=3988) to work on /home/airflow/.local/lib/python3.12/site-packages/airflow/example_dags/example_external_task_marker_dag.py
[2025-03-08T10:26:31.971+0000] {processor.py:914} INFO - Processing file /home/airflow/.local/lib/python3.12/site-packages/airflow/example_dags/example_external_task_marker_dag.py for tasks to queue
[2025-03-08T10:26:31.974+0000] {logging_mixin.py:190} INFO - [2025-03-08T10:26:31.974+0000] {dagbag.py:588} INFO - Filling up the DagBag from /home/airflow/.local/lib/python3.12/site-packages/airflow/example_dags/example_external_task_marker_dag.py
[2025-03-08T10:26:31.986+0000] {processor.py:925} INFO - DAG(s) 'example_external_task_marker_child', 'example_external_task_marker_parent' retrieved from /home/airflow/.local/lib/python3.12/site-packages/airflow/example_dags/example_external_task_marker_dag.py
[2025-03-08T10:26:32.019+0000] {logging_mixin.py:190} INFO - [2025-03-08T10:26:32.019+0000] {dag.py:3239} INFO - Sync 2 DAGs
[2025-03-08T10:26:32.046+0000] {logging_mixin.py:190} INFO - [2025-03-08T10:26:32.045+0000] {dag.py:4180} INFO - Setting next_dagrun for example_external_task_marker_child to None, run_after=None
[2025-03-08T10:26:32.053+0000] {logging_mixin.py:190} INFO - [2025-03-08T10:26:32.052+0000] {dag.py:4180} INFO - Setting next_dagrun for example_external_task_marker_parent to None, run_after=None
[2025-03-08T10:26:32.076+0000] {processor.py:208} INFO - Processing /home/airflow/.local/lib/python3.12/site-packages/airflow/example_dags/example_external_task_marker_dag.py took 0.115 seconds
[2025-03-08T10:27:03.294+0000] {processor.py:186} INFO - Started process (PID=4051) to work on /home/airflow/.local/lib/python3.12/site-packages/airflow/example_dags/example_external_task_marker_dag.py
[2025-03-08T10:27:03.303+0000] {processor.py:914} INFO - Processing file /home/airflow/.local/lib/python3.12/site-packages/airflow/example_dags/example_external_task_marker_dag.py for tasks to queue
[2025-03-08T10:27:03.308+0000] {logging_mixin.py:190} INFO - [2025-03-08T10:27:03.308+0000] {dagbag.py:588} INFO - Filling up the DagBag from /home/airflow/.local/lib/python3.12/site-packages/airflow/example_dags/example_external_task_marker_dag.py
[2025-03-08T10:27:03.663+0000] {processor.py:925} INFO - DAG(s) 'example_external_task_marker_child', 'example_external_task_marker_parent' retrieved from /home/airflow/.local/lib/python3.12/site-packages/airflow/example_dags/example_external_task_marker_dag.py
[2025-03-08T10:27:03.709+0000] {logging_mixin.py:190} INFO - [2025-03-08T10:27:03.708+0000] {dag.py:3239} INFO - Sync 2 DAGs
[2025-03-08T10:27:03.753+0000] {logging_mixin.py:190} INFO - [2025-03-08T10:27:03.752+0000] {dag.py:4180} INFO - Setting next_dagrun for example_external_task_marker_child to None, run_after=None
[2025-03-08T10:27:03.767+0000] {logging_mixin.py:190} INFO - [2025-03-08T10:27:03.764+0000] {dag.py:4180} INFO - Setting next_dagrun for example_external_task_marker_parent to None, run_after=None
[2025-03-08T10:27:03.807+0000] {processor.py:208} INFO - Processing /home/airflow/.local/lib/python3.12/site-packages/airflow/example_dags/example_external_task_marker_dag.py took 0.528 seconds
[2025-03-08T10:27:34.083+0000] {processor.py:186} INFO - Started process (PID=4113) to work on /home/airflow/.local/lib/python3.12/site-packages/airflow/example_dags/example_external_task_marker_dag.py
[2025-03-08T10:27:34.085+0000] {processor.py:914} INFO - Processing file /home/airflow/.local/lib/python3.12/site-packages/airflow/example_dags/example_external_task_marker_dag.py for tasks to queue
[2025-03-08T10:27:34.091+0000] {logging_mixin.py:190} INFO - [2025-03-08T10:27:34.090+0000] {dagbag.py:588} INFO - Filling up the DagBag from /home/airflow/.local/lib/python3.12/site-packages/airflow/example_dags/example_external_task_marker_dag.py
[2025-03-08T10:27:34.114+0000] {processor.py:925} INFO - DAG(s) 'example_external_task_marker_child', 'example_external_task_marker_parent' retrieved from /home/airflow/.local/lib/python3.12/site-packages/airflow/example_dags/example_external_task_marker_dag.py
[2025-03-08T10:27:34.177+0000] {logging_mixin.py:190} INFO - [2025-03-08T10:27:34.176+0000] {dag.py:3239} INFO - Sync 2 DAGs
[2025-03-08T10:27:34.224+0000] {logging_mixin.py:190} INFO - [2025-03-08T10:27:34.224+0000] {dag.py:4180} INFO - Setting next_dagrun for example_external_task_marker_child to None, run_after=None
[2025-03-08T10:27:34.235+0000] {logging_mixin.py:190} INFO - [2025-03-08T10:27:34.235+0000] {dag.py:4180} INFO - Setting next_dagrun for example_external_task_marker_parent to None, run_after=None
[2025-03-08T10:27:34.277+0000] {processor.py:208} INFO - Processing /home/airflow/.local/lib/python3.12/site-packages/airflow/example_dags/example_external_task_marker_dag.py took 0.213 seconds
[2025-03-08T10:28:04.355+0000] {processor.py:186} INFO - Started process (PID=4176) to work on /home/airflow/.local/lib/python3.12/site-packages/airflow/example_dags/example_external_task_marker_dag.py
[2025-03-08T10:28:04.356+0000] {processor.py:914} INFO - Processing file /home/airflow/.local/lib/python3.12/site-packages/airflow/example_dags/example_external_task_marker_dag.py for tasks to queue
[2025-03-08T10:28:04.360+0000] {logging_mixin.py:190} INFO - [2025-03-08T10:28:04.359+0000] {dagbag.py:588} INFO - Filling up the DagBag from /home/airflow/.local/lib/python3.12/site-packages/airflow/example_dags/example_external_task_marker_dag.py
[2025-03-08T10:28:04.370+0000] {processor.py:925} INFO - DAG(s) 'example_external_task_marker_parent', 'example_external_task_marker_child' retrieved from /home/airflow/.local/lib/python3.12/site-packages/airflow/example_dags/example_external_task_marker_dag.py
[2025-03-08T10:28:04.402+0000] {logging_mixin.py:190} INFO - [2025-03-08T10:28:04.402+0000] {dag.py:3239} INFO - Sync 2 DAGs
[2025-03-08T10:28:04.420+0000] {logging_mixin.py:190} INFO - [2025-03-08T10:28:04.420+0000] {dag.py:4180} INFO - Setting next_dagrun for example_external_task_marker_child to None, run_after=None
[2025-03-08T10:28:04.425+0000] {logging_mixin.py:190} INFO - [2025-03-08T10:28:04.425+0000] {dag.py:4180} INFO - Setting next_dagrun for example_external_task_marker_parent to None, run_after=None
[2025-03-08T10:28:04.444+0000] {processor.py:208} INFO - Processing /home/airflow/.local/lib/python3.12/site-packages/airflow/example_dags/example_external_task_marker_dag.py took 0.098 seconds
[2025-03-08T10:28:37.477+0000] {processor.py:186} INFO - Started process (PID=4239) to work on /home/airflow/.local/lib/python3.12/site-packages/airflow/example_dags/example_external_task_marker_dag.py
[2025-03-08T10:28:37.491+0000] {processor.py:914} INFO - Processing file /home/airflow/.local/lib/python3.12/site-packages/airflow/example_dags/example_external_task_marker_dag.py for tasks to queue
[2025-03-08T10:28:37.497+0000] {logging_mixin.py:190} INFO - [2025-03-08T10:28:37.496+0000] {dagbag.py:588} INFO - Filling up the DagBag from /home/airflow/.local/lib/python3.12/site-packages/airflow/example_dags/example_external_task_marker_dag.py
[2025-03-08T10:28:37.536+0000] {processor.py:925} INFO - DAG(s) 'example_external_task_marker_parent', 'example_external_task_marker_child' retrieved from /home/airflow/.local/lib/python3.12/site-packages/airflow/example_dags/example_external_task_marker_dag.py
[2025-03-08T10:28:37.645+0000] {logging_mixin.py:190} INFO - [2025-03-08T10:28:37.644+0000] {dag.py:3239} INFO - Sync 2 DAGs
[2025-03-08T10:28:37.759+0000] {logging_mixin.py:190} INFO - [2025-03-08T10:28:37.758+0000] {dag.py:4180} INFO - Setting next_dagrun for example_external_task_marker_child to None, run_after=None
[2025-03-08T10:28:37.779+0000] {logging_mixin.py:190} INFO - [2025-03-08T10:28:37.779+0000] {dag.py:4180} INFO - Setting next_dagrun for example_external_task_marker_parent to None, run_after=None
[2025-03-08T10:28:37.888+0000] {processor.py:208} INFO - Processing /home/airflow/.local/lib/python3.12/site-packages/airflow/example_dags/example_external_task_marker_dag.py took 0.444 seconds
[2025-03-08T10:29:08.315+0000] {processor.py:186} INFO - Started process (PID=4302) to work on /home/airflow/.local/lib/python3.12/site-packages/airflow/example_dags/example_external_task_marker_dag.py
[2025-03-08T10:29:08.317+0000] {processor.py:914} INFO - Processing file /home/airflow/.local/lib/python3.12/site-packages/airflow/example_dags/example_external_task_marker_dag.py for tasks to queue
[2025-03-08T10:29:08.322+0000] {logging_mixin.py:190} INFO - [2025-03-08T10:29:08.321+0000] {dagbag.py:588} INFO - Filling up the DagBag from /home/airflow/.local/lib/python3.12/site-packages/airflow/example_dags/example_external_task_marker_dag.py
[2025-03-08T10:29:08.349+0000] {processor.py:925} INFO - DAG(s) 'example_external_task_marker_parent', 'example_external_task_marker_child' retrieved from /home/airflow/.local/lib/python3.12/site-packages/airflow/example_dags/example_external_task_marker_dag.py
[2025-03-08T10:29:08.405+0000] {logging_mixin.py:190} INFO - [2025-03-08T10:29:08.405+0000] {dag.py:3239} INFO - Sync 2 DAGs
[2025-03-08T10:29:08.451+0000] {logging_mixin.py:190} INFO - [2025-03-08T10:29:08.450+0000] {dag.py:4180} INFO - Setting next_dagrun for example_external_task_marker_child to None, run_after=None
[2025-03-08T10:29:08.465+0000] {logging_mixin.py:190} INFO - [2025-03-08T10:29:08.464+0000] {dag.py:4180} INFO - Setting next_dagrun for example_external_task_marker_parent to None, run_after=None
[2025-03-08T10:29:08.504+0000] {processor.py:208} INFO - Processing /home/airflow/.local/lib/python3.12/site-packages/airflow/example_dags/example_external_task_marker_dag.py took 0.214 seconds
[2025-03-08T10:29:38.929+0000] {processor.py:186} INFO - Started process (PID=4365) to work on /home/airflow/.local/lib/python3.12/site-packages/airflow/example_dags/example_external_task_marker_dag.py
[2025-03-08T10:29:38.930+0000] {processor.py:914} INFO - Processing file /home/airflow/.local/lib/python3.12/site-packages/airflow/example_dags/example_external_task_marker_dag.py for tasks to queue
[2025-03-08T10:29:38.934+0000] {logging_mixin.py:190} INFO - [2025-03-08T10:29:38.934+0000] {dagbag.py:588} INFO - Filling up the DagBag from /home/airflow/.local/lib/python3.12/site-packages/airflow/example_dags/example_external_task_marker_dag.py
[2025-03-08T10:29:38.946+0000] {processor.py:925} INFO - DAG(s) 'example_external_task_marker_parent', 'example_external_task_marker_child' retrieved from /home/airflow/.local/lib/python3.12/site-packages/airflow/example_dags/example_external_task_marker_dag.py
[2025-03-08T10:29:38.980+0000] {logging_mixin.py:190} INFO - [2025-03-08T10:29:38.979+0000] {dag.py:3239} INFO - Sync 2 DAGs
[2025-03-08T10:29:39.004+0000] {logging_mixin.py:190} INFO - [2025-03-08T10:29:39.004+0000] {dag.py:4180} INFO - Setting next_dagrun for example_external_task_marker_child to None, run_after=None
[2025-03-08T10:29:39.011+0000] {logging_mixin.py:190} INFO - [2025-03-08T10:29:39.011+0000] {dag.py:4180} INFO - Setting next_dagrun for example_external_task_marker_parent to None, run_after=None
[2025-03-08T10:29:39.040+0000] {processor.py:208} INFO - Processing /home/airflow/.local/lib/python3.12/site-packages/airflow/example_dags/example_external_task_marker_dag.py took 0.127 seconds
[2025-03-08T10:30:09.427+0000] {processor.py:186} INFO - Started process (PID=4428) to work on /home/airflow/.local/lib/python3.12/site-packages/airflow/example_dags/example_external_task_marker_dag.py
[2025-03-08T10:30:09.428+0000] {processor.py:914} INFO - Processing file /home/airflow/.local/lib/python3.12/site-packages/airflow/example_dags/example_external_task_marker_dag.py for tasks to queue
[2025-03-08T10:30:09.431+0000] {logging_mixin.py:190} INFO - [2025-03-08T10:30:09.431+0000] {dagbag.py:588} INFO - Filling up the DagBag from /home/airflow/.local/lib/python3.12/site-packages/airflow/example_dags/example_external_task_marker_dag.py
[2025-03-08T10:30:09.446+0000] {processor.py:925} INFO - DAG(s) 'example_external_task_marker_child', 'example_external_task_marker_parent' retrieved from /home/airflow/.local/lib/python3.12/site-packages/airflow/example_dags/example_external_task_marker_dag.py
[2025-03-08T10:30:09.479+0000] {logging_mixin.py:190} INFO - [2025-03-08T10:30:09.479+0000] {dag.py:3239} INFO - Sync 2 DAGs
[2025-03-08T10:30:09.510+0000] {logging_mixin.py:190} INFO - [2025-03-08T10:30:09.509+0000] {dag.py:4180} INFO - Setting next_dagrun for example_external_task_marker_child to None, run_after=None
[2025-03-08T10:30:09.518+0000] {logging_mixin.py:190} INFO - [2025-03-08T10:30:09.518+0000] {dag.py:4180} INFO - Setting next_dagrun for example_external_task_marker_parent to None, run_after=None
[2025-03-08T10:30:09.561+0000] {processor.py:208} INFO - Processing /home/airflow/.local/lib/python3.12/site-packages/airflow/example_dags/example_external_task_marker_dag.py took 0.142 seconds
[2025-03-08T10:30:39.775+0000] {processor.py:186} INFO - Started process (PID=4491) to work on /home/airflow/.local/lib/python3.12/site-packages/airflow/example_dags/example_external_task_marker_dag.py
[2025-03-08T10:30:39.776+0000] {processor.py:914} INFO - Processing file /home/airflow/.local/lib/python3.12/site-packages/airflow/example_dags/example_external_task_marker_dag.py for tasks to queue
[2025-03-08T10:30:39.778+0000] {logging_mixin.py:190} INFO - [2025-03-08T10:30:39.778+0000] {dagbag.py:588} INFO - Filling up the DagBag from /home/airflow/.local/lib/python3.12/site-packages/airflow/example_dags/example_external_task_marker_dag.py
[2025-03-08T10:30:39.787+0000] {processor.py:925} INFO - DAG(s) 'example_external_task_marker_child', 'example_external_task_marker_parent' retrieved from /home/airflow/.local/lib/python3.12/site-packages/airflow/example_dags/example_external_task_marker_dag.py
[2025-03-08T10:30:39.812+0000] {logging_mixin.py:190} INFO - [2025-03-08T10:30:39.812+0000] {dag.py:3239} INFO - Sync 2 DAGs
[2025-03-08T10:30:39.832+0000] {logging_mixin.py:190} INFO - [2025-03-08T10:30:39.832+0000] {dag.py:4180} INFO - Setting next_dagrun for example_external_task_marker_child to None, run_after=None
[2025-03-08T10:30:39.837+0000] {logging_mixin.py:190} INFO - [2025-03-08T10:30:39.837+0000] {dag.py:4180} INFO - Setting next_dagrun for example_external_task_marker_parent to None, run_after=None
[2025-03-08T10:30:39.857+0000] {processor.py:208} INFO - Processing /home/airflow/.local/lib/python3.12/site-packages/airflow/example_dags/example_external_task_marker_dag.py took 0.089 seconds
[2025-03-08T10:31:10.500+0000] {processor.py:186} INFO - Started process (PID=4555) to work on /home/airflow/.local/lib/python3.12/site-packages/airflow/example_dags/example_external_task_marker_dag.py
[2025-03-08T10:31:10.501+0000] {processor.py:914} INFO - Processing file /home/airflow/.local/lib/python3.12/site-packages/airflow/example_dags/example_external_task_marker_dag.py for tasks to queue
[2025-03-08T10:31:10.504+0000] {logging_mixin.py:190} INFO - [2025-03-08T10:31:10.504+0000] {dagbag.py:588} INFO - Filling up the DagBag from /home/airflow/.local/lib/python3.12/site-packages/airflow/example_dags/example_external_task_marker_dag.py
[2025-03-08T10:31:10.516+0000] {processor.py:925} INFO - DAG(s) 'example_external_task_marker_child', 'example_external_task_marker_parent' retrieved from /home/airflow/.local/lib/python3.12/site-packages/airflow/example_dags/example_external_task_marker_dag.py
[2025-03-08T10:31:10.554+0000] {logging_mixin.py:190} INFO - [2025-03-08T10:31:10.554+0000] {dag.py:3239} INFO - Sync 2 DAGs
[2025-03-08T10:31:10.578+0000] {logging_mixin.py:190} INFO - [2025-03-08T10:31:10.577+0000] {dag.py:4180} INFO - Setting next_dagrun for example_external_task_marker_child to None, run_after=None
[2025-03-08T10:31:10.584+0000] {logging_mixin.py:190} INFO - [2025-03-08T10:31:10.584+0000] {dag.py:4180} INFO - Setting next_dagrun for example_external_task_marker_parent to None, run_after=None
[2025-03-08T10:31:10.609+0000] {processor.py:208} INFO - Processing /home/airflow/.local/lib/python3.12/site-packages/airflow/example_dags/example_external_task_marker_dag.py took 0.117 seconds
[2025-03-08T10:31:41.051+0000] {processor.py:186} INFO - Started process (PID=4618) to work on /home/airflow/.local/lib/python3.12/site-packages/airflow/example_dags/example_external_task_marker_dag.py
[2025-03-08T10:31:41.052+0000] {processor.py:914} INFO - Processing file /home/airflow/.local/lib/python3.12/site-packages/airflow/example_dags/example_external_task_marker_dag.py for tasks to queue
[2025-03-08T10:31:41.055+0000] {logging_mixin.py:190} INFO - [2025-03-08T10:31:41.055+0000] {dagbag.py:588} INFO - Filling up the DagBag from /home/airflow/.local/lib/python3.12/site-packages/airflow/example_dags/example_external_task_marker_dag.py
[2025-03-08T10:31:41.065+0000] {processor.py:925} INFO - DAG(s) 'example_external_task_marker_parent', 'example_external_task_marker_child' retrieved from /home/airflow/.local/lib/python3.12/site-packages/airflow/example_dags/example_external_task_marker_dag.py
[2025-03-08T10:31:41.099+0000] {logging_mixin.py:190} INFO - [2025-03-08T10:31:41.099+0000] {dag.py:3239} INFO - Sync 2 DAGs
[2025-03-08T10:31:41.123+0000] {logging_mixin.py:190} INFO - [2025-03-08T10:31:41.122+0000] {dag.py:4180} INFO - Setting next_dagrun for example_external_task_marker_child to None, run_after=None
[2025-03-08T10:31:41.130+0000] {logging_mixin.py:190} INFO - [2025-03-08T10:31:41.129+0000] {dag.py:4180} INFO - Setting next_dagrun for example_external_task_marker_parent to None, run_after=None
[2025-03-08T10:31:41.155+0000] {processor.py:208} INFO - Processing /home/airflow/.local/lib/python3.12/site-packages/airflow/example_dags/example_external_task_marker_dag.py took 0.112 seconds
[2025-03-08T10:32:12.075+0000] {processor.py:186} INFO - Started process (PID=4681) to work on /home/airflow/.local/lib/python3.12/site-packages/airflow/example_dags/example_external_task_marker_dag.py
[2025-03-08T10:32:12.077+0000] {processor.py:914} INFO - Processing file /home/airflow/.local/lib/python3.12/site-packages/airflow/example_dags/example_external_task_marker_dag.py for tasks to queue
[2025-03-08T10:32:12.090+0000] {logging_mixin.py:190} INFO - [2025-03-08T10:32:12.090+0000] {dagbag.py:588} INFO - Filling up the DagBag from /home/airflow/.local/lib/python3.12/site-packages/airflow/example_dags/example_external_task_marker_dag.py
[2025-03-08T10:32:12.104+0000] {processor.py:925} INFO - DAG(s) 'example_external_task_marker_parent', 'example_external_task_marker_child' retrieved from /home/airflow/.local/lib/python3.12/site-packages/airflow/example_dags/example_external_task_marker_dag.py
[2025-03-08T10:32:12.136+0000] {logging_mixin.py:190} INFO - [2025-03-08T10:32:12.136+0000] {dag.py:3239} INFO - Sync 2 DAGs
[2025-03-08T10:32:12.159+0000] {logging_mixin.py:190} INFO - [2025-03-08T10:32:12.159+0000] {dag.py:4180} INFO - Setting next_dagrun for example_external_task_marker_child to None, run_after=None
[2025-03-08T10:32:12.164+0000] {logging_mixin.py:190} INFO - [2025-03-08T10:32:12.164+0000] {dag.py:4180} INFO - Setting next_dagrun for example_external_task_marker_parent to None, run_after=None
[2025-03-08T10:32:12.188+0000] {processor.py:208} INFO - Processing /home/airflow/.local/lib/python3.12/site-packages/airflow/example_dags/example_external_task_marker_dag.py took 0.128 seconds
[2025-03-08T10:32:43.087+0000] {processor.py:186} INFO - Started process (PID=4744) to work on /home/airflow/.local/lib/python3.12/site-packages/airflow/example_dags/example_external_task_marker_dag.py
[2025-03-08T10:32:43.094+0000] {processor.py:914} INFO - Processing file /home/airflow/.local/lib/python3.12/site-packages/airflow/example_dags/example_external_task_marker_dag.py for tasks to queue
[2025-03-08T10:32:43.135+0000] {logging_mixin.py:190} INFO - [2025-03-08T10:32:43.134+0000] {dagbag.py:588} INFO - Filling up the DagBag from /home/airflow/.local/lib/python3.12/site-packages/airflow/example_dags/example_external_task_marker_dag.py
[2025-03-08T10:32:43.168+0000] {processor.py:925} INFO - DAG(s) 'example_external_task_marker_parent', 'example_external_task_marker_child' retrieved from /home/airflow/.local/lib/python3.12/site-packages/airflow/example_dags/example_external_task_marker_dag.py
[2025-03-08T10:32:43.259+0000] {logging_mixin.py:190} INFO - [2025-03-08T10:32:43.259+0000] {dag.py:3239} INFO - Sync 2 DAGs
[2025-03-08T10:32:43.319+0000] {logging_mixin.py:190} INFO - [2025-03-08T10:32:43.318+0000] {dag.py:4180} INFO - Setting next_dagrun for example_external_task_marker_child to None, run_after=None
[2025-03-08T10:32:43.339+0000] {logging_mixin.py:190} INFO - [2025-03-08T10:32:43.338+0000] {dag.py:4180} INFO - Setting next_dagrun for example_external_task_marker_parent to None, run_after=None
[2025-03-08T10:32:43.411+0000] {processor.py:208} INFO - Processing /home/airflow/.local/lib/python3.12/site-packages/airflow/example_dags/example_external_task_marker_dag.py took 0.346 seconds
