[2025-03-08T10:17:41.044+0000] {processor.py:186} INFO - Started process (PID=2950) to work on /home/airflow/.local/lib/python3.12/site-packages/airflow/example_dags/example_branch_labels.py
[2025-03-08T10:17:41.114+0000] {processor.py:914} INFO - Processing file /home/airflow/.local/lib/python3.12/site-packages/airflow/example_dags/example_branch_labels.py for tasks to queue
[2025-03-08T10:17:41.135+0000] {logging_mixin.py:190} INFO - [2025-03-08T10:17:41.134+0000] {dagbag.py:588} INFO - Filling up the DagBag from /home/airflow/.local/lib/python3.12/site-packages/airflow/example_dags/example_branch_labels.py
[2025-03-08T10:17:41.209+0000] {processor.py:925} INFO - DAG(s) 'example_branch_labels' retrieved from /home/airflow/.local/lib/python3.12/site-packages/airflow/example_dags/example_branch_labels.py
[2025-03-08T10:17:41.338+0000] {logging_mixin.py:190} INFO - [2025-03-08T10:17:41.338+0000] {dag.py:3239} INFO - Sync 1 DAGs
[2025-03-08T10:17:41.509+0000] {logging_mixin.py:190} INFO - [2025-03-08T10:17:41.509+0000] {dag.py:4180} INFO - Setting next_dagrun for example_branch_labels to 2025-03-07 00:00:00+00:00, run_after=2025-03-08 00:00:00+00:00
[2025-03-08T10:17:41.623+0000] {processor.py:208} INFO - Processing /home/airflow/.local/lib/python3.12/site-packages/airflow/example_dags/example_branch_labels.py took 0.599 seconds
[2025-03-08T10:18:18.006+0000] {processor.py:186} INFO - Started process (PID=3013) to work on /home/airflow/.local/lib/python3.12/site-packages/airflow/example_dags/example_branch_labels.py
[2025-03-08T10:18:18.008+0000] {processor.py:914} INFO - Processing file /home/airflow/.local/lib/python3.12/site-packages/airflow/example_dags/example_branch_labels.py for tasks to queue
[2025-03-08T10:18:18.041+0000] {logging_mixin.py:190} INFO - [2025-03-08T10:18:18.041+0000] {dagbag.py:588} INFO - Filling up the DagBag from /home/airflow/.local/lib/python3.12/site-packages/airflow/example_dags/example_branch_labels.py
[2025-03-08T10:18:18.089+0000] {processor.py:925} INFO - DAG(s) 'example_branch_labels' retrieved from /home/airflow/.local/lib/python3.12/site-packages/airflow/example_dags/example_branch_labels.py
[2025-03-08T10:18:18.196+0000] {logging_mixin.py:190} INFO - [2025-03-08T10:18:18.195+0000] {dag.py:3239} INFO - Sync 1 DAGs
[2025-03-08T10:18:18.396+0000] {logging_mixin.py:190} INFO - [2025-03-08T10:18:18.396+0000] {dag.py:4180} INFO - Setting next_dagrun for example_branch_labels to 2025-03-07 00:00:00+00:00, run_after=2025-03-08 00:00:00+00:00
[2025-03-08T10:18:18.499+0000] {processor.py:208} INFO - Processing /home/airflow/.local/lib/python3.12/site-packages/airflow/example_dags/example_branch_labels.py took 0.560 seconds
[2025-03-08T10:18:49.354+0000] {processor.py:186} INFO - Started process (PID=3076) to work on /home/airflow/.local/lib/python3.12/site-packages/airflow/example_dags/example_branch_labels.py
[2025-03-08T10:18:49.364+0000] {processor.py:914} INFO - Processing file /home/airflow/.local/lib/python3.12/site-packages/airflow/example_dags/example_branch_labels.py for tasks to queue
[2025-03-08T10:18:49.381+0000] {logging_mixin.py:190} INFO - [2025-03-08T10:18:49.381+0000] {dagbag.py:588} INFO - Filling up the DagBag from /home/airflow/.local/lib/python3.12/site-packages/airflow/example_dags/example_branch_labels.py
[2025-03-08T10:18:49.461+0000] {processor.py:925} INFO - DAG(s) 'example_branch_labels' retrieved from /home/airflow/.local/lib/python3.12/site-packages/airflow/example_dags/example_branch_labels.py
[2025-03-08T10:18:49.534+0000] {logging_mixin.py:190} INFO - [2025-03-08T10:18:49.534+0000] {dag.py:3239} INFO - Sync 1 DAGs
[2025-03-08T10:18:49.618+0000] {logging_mixin.py:190} INFO - [2025-03-08T10:18:49.616+0000] {dag.py:4180} INFO - Setting next_dagrun for example_branch_labels to 2025-03-07 00:00:00+00:00, run_after=2025-03-08 00:00:00+00:00
[2025-03-08T10:18:49.682+0000] {processor.py:208} INFO - Processing /home/airflow/.local/lib/python3.12/site-packages/airflow/example_dags/example_branch_labels.py took 0.362 seconds
[2025-03-08T10:19:20.124+0000] {processor.py:186} INFO - Started process (PID=3137) to work on /home/airflow/.local/lib/python3.12/site-packages/airflow/example_dags/example_branch_labels.py
[2025-03-08T10:19:20.129+0000] {processor.py:914} INFO - Processing file /home/airflow/.local/lib/python3.12/site-packages/airflow/example_dags/example_branch_labels.py for tasks to queue
[2025-03-08T10:19:20.146+0000] {logging_mixin.py:190} INFO - [2025-03-08T10:19:20.146+0000] {dagbag.py:588} INFO - Filling up the DagBag from /home/airflow/.local/lib/python3.12/site-packages/airflow/example_dags/example_branch_labels.py
[2025-03-08T10:19:20.193+0000] {processor.py:925} INFO - DAG(s) 'example_branch_labels' retrieved from /home/airflow/.local/lib/python3.12/site-packages/airflow/example_dags/example_branch_labels.py
[2025-03-08T10:19:20.285+0000] {logging_mixin.py:190} INFO - [2025-03-08T10:19:20.284+0000] {dag.py:3239} INFO - Sync 1 DAGs
[2025-03-08T10:19:20.419+0000] {logging_mixin.py:190} INFO - [2025-03-08T10:19:20.418+0000] {dag.py:4180} INFO - Setting next_dagrun for example_branch_labels to 2025-03-07 00:00:00+00:00, run_after=2025-03-08 00:00:00+00:00
[2025-03-08T10:19:20.510+0000] {processor.py:208} INFO - Processing /home/airflow/.local/lib/python3.12/site-packages/airflow/example_dags/example_branch_labels.py took 0.402 seconds
[2025-03-08T10:19:51.258+0000] {processor.py:186} INFO - Started process (PID=3200) to work on /home/airflow/.local/lib/python3.12/site-packages/airflow/example_dags/example_branch_labels.py
[2025-03-08T10:19:51.259+0000] {processor.py:914} INFO - Processing file /home/airflow/.local/lib/python3.12/site-packages/airflow/example_dags/example_branch_labels.py for tasks to queue
[2025-03-08T10:19:51.265+0000] {logging_mixin.py:190} INFO - [2025-03-08T10:19:51.264+0000] {dagbag.py:588} INFO - Filling up the DagBag from /home/airflow/.local/lib/python3.12/site-packages/airflow/example_dags/example_branch_labels.py
[2025-03-08T10:19:51.298+0000] {processor.py:925} INFO - DAG(s) 'example_branch_labels' retrieved from /home/airflow/.local/lib/python3.12/site-packages/airflow/example_dags/example_branch_labels.py
[2025-03-08T10:19:51.338+0000] {logging_mixin.py:190} INFO - [2025-03-08T10:19:51.338+0000] {dag.py:3239} INFO - Sync 1 DAGs
[2025-03-08T10:19:51.413+0000] {logging_mixin.py:190} INFO - [2025-03-08T10:19:51.413+0000] {dag.py:4180} INFO - Setting next_dagrun for example_branch_labels to 2025-03-07 00:00:00+00:00, run_after=2025-03-08 00:00:00+00:00
[2025-03-08T10:19:51.497+0000] {processor.py:208} INFO - Processing /home/airflow/.local/lib/python3.12/site-packages/airflow/example_dags/example_branch_labels.py took 0.250 seconds
[2025-03-08T10:20:21.896+0000] {processor.py:186} INFO - Started process (PID=3263) to work on /home/airflow/.local/lib/python3.12/site-packages/airflow/example_dags/example_branch_labels.py
[2025-03-08T10:20:21.910+0000] {processor.py:914} INFO - Processing file /home/airflow/.local/lib/python3.12/site-packages/airflow/example_dags/example_branch_labels.py for tasks to queue
[2025-03-08T10:20:21.915+0000] {logging_mixin.py:190} INFO - [2025-03-08T10:20:21.915+0000] {dagbag.py:588} INFO - Filling up the DagBag from /home/airflow/.local/lib/python3.12/site-packages/airflow/example_dags/example_branch_labels.py
[2025-03-08T10:20:21.958+0000] {processor.py:925} INFO - DAG(s) 'example_branch_labels' retrieved from /home/airflow/.local/lib/python3.12/site-packages/airflow/example_dags/example_branch_labels.py
[2025-03-08T10:20:22.055+0000] {logging_mixin.py:190} INFO - [2025-03-08T10:20:22.055+0000] {dag.py:3239} INFO - Sync 1 DAGs
[2025-03-08T10:20:22.213+0000] {logging_mixin.py:190} INFO - [2025-03-08T10:20:22.212+0000] {dag.py:4180} INFO - Setting next_dagrun for example_branch_labels to 2025-03-07 00:00:00+00:00, run_after=2025-03-08 00:00:00+00:00
[2025-03-08T10:20:22.300+0000] {processor.py:208} INFO - Processing /home/airflow/.local/lib/python3.12/site-packages/airflow/example_dags/example_branch_labels.py took 0.437 seconds
[2025-03-08T10:20:59.133+0000] {processor.py:186} INFO - Started process (PID=3321) to work on /home/airflow/.local/lib/python3.12/site-packages/airflow/example_dags/example_branch_labels.py
[2025-03-08T10:20:59.135+0000] {processor.py:914} INFO - Processing file /home/airflow/.local/lib/python3.12/site-packages/airflow/example_dags/example_branch_labels.py for tasks to queue
[2025-03-08T10:20:59.148+0000] {logging_mixin.py:190} INFO - [2025-03-08T10:20:59.148+0000] {dagbag.py:588} INFO - Filling up the DagBag from /home/airflow/.local/lib/python3.12/site-packages/airflow/example_dags/example_branch_labels.py
[2025-03-08T10:20:59.196+0000] {processor.py:925} INFO - DAG(s) 'example_branch_labels' retrieved from /home/airflow/.local/lib/python3.12/site-packages/airflow/example_dags/example_branch_labels.py
[2025-03-08T10:20:59.349+0000] {logging_mixin.py:190} INFO - [2025-03-08T10:20:59.349+0000] {dag.py:3239} INFO - Sync 1 DAGs
[2025-03-08T10:20:59.543+0000] {logging_mixin.py:190} INFO - [2025-03-08T10:20:59.543+0000] {dag.py:4180} INFO - Setting next_dagrun for example_branch_labels to 2025-03-07 00:00:00+00:00, run_after=2025-03-08 00:00:00+00:00
[2025-03-08T10:20:59.687+0000] {processor.py:208} INFO - Processing /home/airflow/.local/lib/python3.12/site-packages/airflow/example_dags/example_branch_labels.py took 0.597 seconds
[2025-03-08T10:21:30.280+0000] {processor.py:186} INFO - Started process (PID=3384) to work on /home/airflow/.local/lib/python3.12/site-packages/airflow/example_dags/example_branch_labels.py
[2025-03-08T10:21:30.282+0000] {processor.py:914} INFO - Processing file /home/airflow/.local/lib/python3.12/site-packages/airflow/example_dags/example_branch_labels.py for tasks to queue
[2025-03-08T10:21:30.295+0000] {logging_mixin.py:190} INFO - [2025-03-08T10:21:30.294+0000] {dagbag.py:588} INFO - Filling up the DagBag from /home/airflow/.local/lib/python3.12/site-packages/airflow/example_dags/example_branch_labels.py
[2025-03-08T10:21:30.358+0000] {processor.py:925} INFO - DAG(s) 'example_branch_labels' retrieved from /home/airflow/.local/lib/python3.12/site-packages/airflow/example_dags/example_branch_labels.py
[2025-03-08T10:21:30.487+0000] {logging_mixin.py:190} INFO - [2025-03-08T10:21:30.486+0000] {dag.py:3239} INFO - Sync 1 DAGs
[2025-03-08T10:21:30.685+0000] {logging_mixin.py:190} INFO - [2025-03-08T10:21:30.684+0000] {dag.py:4180} INFO - Setting next_dagrun for example_branch_labels to 2025-03-07 00:00:00+00:00, run_after=2025-03-08 00:00:00+00:00
[2025-03-08T10:21:30.836+0000] {processor.py:208} INFO - Processing /home/airflow/.local/lib/python3.12/site-packages/airflow/example_dags/example_branch_labels.py took 0.613 seconds
[2025-03-08T10:22:01.181+0000] {processor.py:186} INFO - Started process (PID=3447) to work on /home/airflow/.local/lib/python3.12/site-packages/airflow/example_dags/example_branch_labels.py
[2025-03-08T10:22:01.186+0000] {processor.py:914} INFO - Processing file /home/airflow/.local/lib/python3.12/site-packages/airflow/example_dags/example_branch_labels.py for tasks to queue
[2025-03-08T10:22:01.192+0000] {logging_mixin.py:190} INFO - [2025-03-08T10:22:01.191+0000] {dagbag.py:588} INFO - Filling up the DagBag from /home/airflow/.local/lib/python3.12/site-packages/airflow/example_dags/example_branch_labels.py
[2025-03-08T10:22:01.215+0000] {processor.py:925} INFO - DAG(s) 'example_branch_labels' retrieved from /home/airflow/.local/lib/python3.12/site-packages/airflow/example_dags/example_branch_labels.py
[2025-03-08T10:22:01.258+0000] {logging_mixin.py:190} INFO - [2025-03-08T10:22:01.257+0000] {dag.py:3239} INFO - Sync 1 DAGs
[2025-03-08T10:22:01.319+0000] {logging_mixin.py:190} INFO - [2025-03-08T10:22:01.318+0000] {dag.py:4180} INFO - Setting next_dagrun for example_branch_labels to 2025-03-07 00:00:00+00:00, run_after=2025-03-08 00:00:00+00:00
[2025-03-08T10:22:01.367+0000] {processor.py:208} INFO - Processing /home/airflow/.local/lib/python3.12/site-packages/airflow/example_dags/example_branch_labels.py took 0.204 seconds
[2025-03-08T10:22:31.984+0000] {processor.py:186} INFO - Started process (PID=3510) to work on /home/airflow/.local/lib/python3.12/site-packages/airflow/example_dags/example_branch_labels.py
[2025-03-08T10:22:31.988+0000] {processor.py:914} INFO - Processing file /home/airflow/.local/lib/python3.12/site-packages/airflow/example_dags/example_branch_labels.py for tasks to queue
[2025-03-08T10:22:31.995+0000] {logging_mixin.py:190} INFO - [2025-03-08T10:22:31.994+0000] {dagbag.py:588} INFO - Filling up the DagBag from /home/airflow/.local/lib/python3.12/site-packages/airflow/example_dags/example_branch_labels.py
[2025-03-08T10:22:32.023+0000] {processor.py:925} INFO - DAG(s) 'example_branch_labels' retrieved from /home/airflow/.local/lib/python3.12/site-packages/airflow/example_dags/example_branch_labels.py
[2025-03-08T10:22:32.082+0000] {logging_mixin.py:190} INFO - [2025-03-08T10:22:32.079+0000] {dag.py:3239} INFO - Sync 1 DAGs
[2025-03-08T10:22:32.173+0000] {logging_mixin.py:190} INFO - [2025-03-08T10:22:32.172+0000] {dag.py:4180} INFO - Setting next_dagrun for example_branch_labels to 2025-03-07 00:00:00+00:00, run_after=2025-03-08 00:00:00+00:00
[2025-03-08T10:22:32.232+0000] {processor.py:208} INFO - Processing /home/airflow/.local/lib/python3.12/site-packages/airflow/example_dags/example_branch_labels.py took 0.265 seconds
[2025-03-08T10:23:02.587+0000] {processor.py:186} INFO - Started process (PID=3573) to work on /home/airflow/.local/lib/python3.12/site-packages/airflow/example_dags/example_branch_labels.py
[2025-03-08T10:23:02.589+0000] {processor.py:914} INFO - Processing file /home/airflow/.local/lib/python3.12/site-packages/airflow/example_dags/example_branch_labels.py for tasks to queue
[2025-03-08T10:23:02.595+0000] {logging_mixin.py:190} INFO - [2025-03-08T10:23:02.594+0000] {dagbag.py:588} INFO - Filling up the DagBag from /home/airflow/.local/lib/python3.12/site-packages/airflow/example_dags/example_branch_labels.py
[2025-03-08T10:23:02.621+0000] {processor.py:925} INFO - DAG(s) 'example_branch_labels' retrieved from /home/airflow/.local/lib/python3.12/site-packages/airflow/example_dags/example_branch_labels.py
[2025-03-08T10:23:02.677+0000] {logging_mixin.py:190} INFO - [2025-03-08T10:23:02.675+0000] {dag.py:3239} INFO - Sync 1 DAGs
[2025-03-08T10:23:02.749+0000] {logging_mixin.py:190} INFO - [2025-03-08T10:23:02.748+0000] {dag.py:4180} INFO - Setting next_dagrun for example_branch_labels to 2025-03-07 00:00:00+00:00, run_after=2025-03-08 00:00:00+00:00
[2025-03-08T10:23:02.796+0000] {processor.py:208} INFO - Processing /home/airflow/.local/lib/python3.12/site-packages/airflow/example_dags/example_branch_labels.py took 0.224 seconds
[2025-03-08T10:23:38.301+0000] {processor.py:186} INFO - Started process (PID=3627) to work on /home/airflow/.local/lib/python3.12/site-packages/airflow/example_dags/example_branch_labels.py
[2025-03-08T10:23:38.306+0000] {processor.py:914} INFO - Processing file /home/airflow/.local/lib/python3.12/site-packages/airflow/example_dags/example_branch_labels.py for tasks to queue
[2025-03-08T10:23:38.313+0000] {logging_mixin.py:190} INFO - [2025-03-08T10:23:38.312+0000] {dagbag.py:588} INFO - Filling up the DagBag from /home/airflow/.local/lib/python3.12/site-packages/airflow/example_dags/example_branch_labels.py
[2025-03-08T10:23:38.369+0000] {processor.py:925} INFO - DAG(s) 'example_branch_labels' retrieved from /home/airflow/.local/lib/python3.12/site-packages/airflow/example_dags/example_branch_labels.py
[2025-03-08T10:23:38.464+0000] {logging_mixin.py:190} INFO - [2025-03-08T10:23:38.463+0000] {dag.py:3239} INFO - Sync 1 DAGs
[2025-03-08T10:23:38.583+0000] {logging_mixin.py:190} INFO - [2025-03-08T10:23:38.583+0000] {dag.py:4180} INFO - Setting next_dagrun for example_branch_labels to 2025-03-07 00:00:00+00:00, run_after=2025-03-08 00:00:00+00:00
[2025-03-08T10:23:38.666+0000] {processor.py:208} INFO - Processing /home/airflow/.local/lib/python3.12/site-packages/airflow/example_dags/example_branch_labels.py took 0.384 seconds
[2025-03-08T10:24:09.000+0000] {processor.py:186} INFO - Started process (PID=3690) to work on /home/airflow/.local/lib/python3.12/site-packages/airflow/example_dags/example_branch_labels.py
[2025-03-08T10:24:09.002+0000] {processor.py:914} INFO - Processing file /home/airflow/.local/lib/python3.12/site-packages/airflow/example_dags/example_branch_labels.py for tasks to queue
[2025-03-08T10:24:09.007+0000] {logging_mixin.py:190} INFO - [2025-03-08T10:24:09.007+0000] {dagbag.py:588} INFO - Filling up the DagBag from /home/airflow/.local/lib/python3.12/site-packages/airflow/example_dags/example_branch_labels.py
[2025-03-08T10:24:09.043+0000] {processor.py:925} INFO - DAG(s) 'example_branch_labels' retrieved from /home/airflow/.local/lib/python3.12/site-packages/airflow/example_dags/example_branch_labels.py
[2025-03-08T10:24:09.091+0000] {logging_mixin.py:190} INFO - [2025-03-08T10:24:09.091+0000] {dag.py:3239} INFO - Sync 1 DAGs
[2025-03-08T10:24:09.157+0000] {logging_mixin.py:190} INFO - [2025-03-08T10:24:09.157+0000] {dag.py:4180} INFO - Setting next_dagrun for example_branch_labels to 2025-03-07 00:00:00+00:00, run_after=2025-03-08 00:00:00+00:00
[2025-03-08T10:24:09.439+0000] {processor.py:208} INFO - Processing /home/airflow/.local/lib/python3.12/site-packages/airflow/example_dags/example_branch_labels.py took 0.452 seconds
[2025-03-08T10:24:40.074+0000] {processor.py:186} INFO - Started process (PID=3753) to work on /home/airflow/.local/lib/python3.12/site-packages/airflow/example_dags/example_branch_labels.py
[2025-03-08T10:24:40.076+0000] {processor.py:914} INFO - Processing file /home/airflow/.local/lib/python3.12/site-packages/airflow/example_dags/example_branch_labels.py for tasks to queue
[2025-03-08T10:24:40.080+0000] {logging_mixin.py:190} INFO - [2025-03-08T10:24:40.080+0000] {dagbag.py:588} INFO - Filling up the DagBag from /home/airflow/.local/lib/python3.12/site-packages/airflow/example_dags/example_branch_labels.py
[2025-03-08T10:24:40.095+0000] {processor.py:925} INFO - DAG(s) 'example_branch_labels' retrieved from /home/airflow/.local/lib/python3.12/site-packages/airflow/example_dags/example_branch_labels.py
[2025-03-08T10:24:40.124+0000] {logging_mixin.py:190} INFO - [2025-03-08T10:24:40.124+0000] {dag.py:3239} INFO - Sync 1 DAGs
[2025-03-08T10:24:40.190+0000] {logging_mixin.py:190} INFO - [2025-03-08T10:24:40.189+0000] {dag.py:4180} INFO - Setting next_dagrun for example_branch_labels to 2025-03-07 00:00:00+00:00, run_after=2025-03-08 00:00:00+00:00
[2025-03-08T10:24:40.238+0000] {processor.py:208} INFO - Processing /home/airflow/.local/lib/python3.12/site-packages/airflow/example_dags/example_branch_labels.py took 0.174 seconds
[2025-03-08T10:25:11.370+0000] {processor.py:186} INFO - Started process (PID=3811) to work on /home/airflow/.local/lib/python3.12/site-packages/airflow/example_dags/example_branch_labels.py
[2025-03-08T10:25:11.373+0000] {processor.py:914} INFO - Processing file /home/airflow/.local/lib/python3.12/site-packages/airflow/example_dags/example_branch_labels.py for tasks to queue
[2025-03-08T10:25:11.384+0000] {logging_mixin.py:190} INFO - [2025-03-08T10:25:11.383+0000] {dagbag.py:588} INFO - Filling up the DagBag from /home/airflow/.local/lib/python3.12/site-packages/airflow/example_dags/example_branch_labels.py
[2025-03-08T10:25:11.416+0000] {processor.py:925} INFO - DAG(s) 'example_branch_labels' retrieved from /home/airflow/.local/lib/python3.12/site-packages/airflow/example_dags/example_branch_labels.py
[2025-03-08T10:25:11.471+0000] {logging_mixin.py:190} INFO - [2025-03-08T10:25:11.470+0000] {dag.py:3239} INFO - Sync 1 DAGs
[2025-03-08T10:25:11.524+0000] {logging_mixin.py:190} INFO - [2025-03-08T10:25:11.523+0000] {dag.py:4180} INFO - Setting next_dagrun for example_branch_labels to 2025-03-07 00:00:00+00:00, run_after=2025-03-08 00:00:00+00:00
[2025-03-08T10:25:11.563+0000] {processor.py:208} INFO - Processing /home/airflow/.local/lib/python3.12/site-packages/airflow/example_dags/example_branch_labels.py took 0.215 seconds
[2025-03-08T10:25:43.356+0000] {processor.py:186} INFO - Started process (PID=3874) to work on /home/airflow/.local/lib/python3.12/site-packages/airflow/example_dags/example_branch_labels.py
[2025-03-08T10:25:43.359+0000] {processor.py:914} INFO - Processing file /home/airflow/.local/lib/python3.12/site-packages/airflow/example_dags/example_branch_labels.py for tasks to queue
[2025-03-08T10:25:43.363+0000] {logging_mixin.py:190} INFO - [2025-03-08T10:25:43.363+0000] {dagbag.py:588} INFO - Filling up the DagBag from /home/airflow/.local/lib/python3.12/site-packages/airflow/example_dags/example_branch_labels.py
[2025-03-08T10:25:43.387+0000] {processor.py:925} INFO - DAG(s) 'example_branch_labels' retrieved from /home/airflow/.local/lib/python3.12/site-packages/airflow/example_dags/example_branch_labels.py
[2025-03-08T10:25:43.432+0000] {logging_mixin.py:190} INFO - [2025-03-08T10:25:43.432+0000] {dag.py:3239} INFO - Sync 1 DAGs
[2025-03-08T10:25:43.518+0000] {logging_mixin.py:190} INFO - [2025-03-08T10:25:43.516+0000] {dag.py:4180} INFO - Setting next_dagrun for example_branch_labels to 2025-03-07 00:00:00+00:00, run_after=2025-03-08 00:00:00+00:00
[2025-03-08T10:25:43.592+0000] {processor.py:208} INFO - Processing /home/airflow/.local/lib/python3.12/site-packages/airflow/example_dags/example_branch_labels.py took 0.246 seconds
[2025-03-08T10:26:16.022+0000] {processor.py:186} INFO - Started process (PID=3938) to work on /home/airflow/.local/lib/python3.12/site-packages/airflow/example_dags/example_branch_labels.py
[2025-03-08T10:26:16.024+0000] {processor.py:914} INFO - Processing file /home/airflow/.local/lib/python3.12/site-packages/airflow/example_dags/example_branch_labels.py for tasks to queue
[2025-03-08T10:26:16.028+0000] {logging_mixin.py:190} INFO - [2025-03-08T10:26:16.027+0000] {dagbag.py:588} INFO - Filling up the DagBag from /home/airflow/.local/lib/python3.12/site-packages/airflow/example_dags/example_branch_labels.py
[2025-03-08T10:26:16.048+0000] {processor.py:925} INFO - DAG(s) 'example_branch_labels' retrieved from /home/airflow/.local/lib/python3.12/site-packages/airflow/example_dags/example_branch_labels.py
[2025-03-08T10:26:16.101+0000] {logging_mixin.py:190} INFO - [2025-03-08T10:26:16.101+0000] {dag.py:3239} INFO - Sync 1 DAGs
[2025-03-08T10:26:16.536+0000] {logging_mixin.py:190} INFO - [2025-03-08T10:26:16.536+0000] {dag.py:4180} INFO - Setting next_dagrun for example_branch_labels to 2025-03-07 00:00:00+00:00, run_after=2025-03-08 00:00:00+00:00
[2025-03-08T10:26:16.597+0000] {processor.py:208} INFO - Processing /home/airflow/.local/lib/python3.12/site-packages/airflow/example_dags/example_branch_labels.py took 0.586 seconds
[2025-03-08T10:26:46.952+0000] {processor.py:186} INFO - Started process (PID=4000) to work on /home/airflow/.local/lib/python3.12/site-packages/airflow/example_dags/example_branch_labels.py
[2025-03-08T10:26:46.953+0000] {processor.py:914} INFO - Processing file /home/airflow/.local/lib/python3.12/site-packages/airflow/example_dags/example_branch_labels.py for tasks to queue
[2025-03-08T10:26:46.958+0000] {logging_mixin.py:190} INFO - [2025-03-08T10:26:46.957+0000] {dagbag.py:588} INFO - Filling up the DagBag from /home/airflow/.local/lib/python3.12/site-packages/airflow/example_dags/example_branch_labels.py
[2025-03-08T10:26:46.974+0000] {processor.py:925} INFO - DAG(s) 'example_branch_labels' retrieved from /home/airflow/.local/lib/python3.12/site-packages/airflow/example_dags/example_branch_labels.py
[2025-03-08T10:26:47.062+0000] {logging_mixin.py:190} INFO - [2025-03-08T10:26:47.062+0000] {dag.py:3239} INFO - Sync 1 DAGs
[2025-03-08T10:26:47.122+0000] {logging_mixin.py:190} INFO - [2025-03-08T10:26:47.122+0000] {dag.py:4180} INFO - Setting next_dagrun for example_branch_labels to 2025-03-07 00:00:00+00:00, run_after=2025-03-08 00:00:00+00:00
[2025-03-08T10:26:47.366+0000] {processor.py:208} INFO - Processing /home/airflow/.local/lib/python3.12/site-packages/airflow/example_dags/example_branch_labels.py took 0.422 seconds
[2025-03-08T10:27:17.722+0000] {processor.py:186} INFO - Started process (PID=4062) to work on /home/airflow/.local/lib/python3.12/site-packages/airflow/example_dags/example_branch_labels.py
[2025-03-08T10:27:17.723+0000] {processor.py:914} INFO - Processing file /home/airflow/.local/lib/python3.12/site-packages/airflow/example_dags/example_branch_labels.py for tasks to queue
[2025-03-08T10:27:17.726+0000] {logging_mixin.py:190} INFO - [2025-03-08T10:27:17.726+0000] {dagbag.py:588} INFO - Filling up the DagBag from /home/airflow/.local/lib/python3.12/site-packages/airflow/example_dags/example_branch_labels.py
[2025-03-08T10:27:17.741+0000] {processor.py:925} INFO - DAG(s) 'example_branch_labels' retrieved from /home/airflow/.local/lib/python3.12/site-packages/airflow/example_dags/example_branch_labels.py
[2025-03-08T10:27:17.773+0000] {logging_mixin.py:190} INFO - [2025-03-08T10:27:17.772+0000] {dag.py:3239} INFO - Sync 1 DAGs
[2025-03-08T10:27:17.830+0000] {logging_mixin.py:190} INFO - [2025-03-08T10:27:17.829+0000] {dag.py:4180} INFO - Setting next_dagrun for example_branch_labels to 2025-03-07 00:00:00+00:00, run_after=2025-03-08 00:00:00+00:00
[2025-03-08T10:27:17.882+0000] {processor.py:208} INFO - Processing /home/airflow/.local/lib/python3.12/site-packages/airflow/example_dags/example_branch_labels.py took 0.167 seconds
[2025-03-08T10:27:48.654+0000] {processor.py:186} INFO - Started process (PID=4124) to work on /home/airflow/.local/lib/python3.12/site-packages/airflow/example_dags/example_branch_labels.py
[2025-03-08T10:27:48.655+0000] {processor.py:914} INFO - Processing file /home/airflow/.local/lib/python3.12/site-packages/airflow/example_dags/example_branch_labels.py for tasks to queue
[2025-03-08T10:27:48.660+0000] {logging_mixin.py:190} INFO - [2025-03-08T10:27:48.659+0000] {dagbag.py:588} INFO - Filling up the DagBag from /home/airflow/.local/lib/python3.12/site-packages/airflow/example_dags/example_branch_labels.py
[2025-03-08T10:27:48.679+0000] {processor.py:925} INFO - DAG(s) 'example_branch_labels' retrieved from /home/airflow/.local/lib/python3.12/site-packages/airflow/example_dags/example_branch_labels.py
[2025-03-08T10:27:48.708+0000] {logging_mixin.py:190} INFO - [2025-03-08T10:27:48.708+0000] {dag.py:3239} INFO - Sync 1 DAGs
[2025-03-08T10:27:48.747+0000] {logging_mixin.py:190} INFO - [2025-03-08T10:27:48.747+0000] {dag.py:4180} INFO - Setting next_dagrun for example_branch_labels to 2025-03-07 00:00:00+00:00, run_after=2025-03-08 00:00:00+00:00
[2025-03-08T10:27:48.775+0000] {processor.py:208} INFO - Processing /home/airflow/.local/lib/python3.12/site-packages/airflow/example_dags/example_branch_labels.py took 0.129 seconds
[2025-03-08T10:28:18.865+0000] {processor.py:186} INFO - Started process (PID=4187) to work on /home/airflow/.local/lib/python3.12/site-packages/airflow/example_dags/example_branch_labels.py
[2025-03-08T10:28:18.877+0000] {processor.py:914} INFO - Processing file /home/airflow/.local/lib/python3.12/site-packages/airflow/example_dags/example_branch_labels.py for tasks to queue
[2025-03-08T10:28:18.883+0000] {logging_mixin.py:190} INFO - [2025-03-08T10:28:18.882+0000] {dagbag.py:588} INFO - Filling up the DagBag from /home/airflow/.local/lib/python3.12/site-packages/airflow/example_dags/example_branch_labels.py
[2025-03-08T10:28:18.903+0000] {processor.py:925} INFO - DAG(s) 'example_branch_labels' retrieved from /home/airflow/.local/lib/python3.12/site-packages/airflow/example_dags/example_branch_labels.py
[2025-03-08T10:28:18.945+0000] {logging_mixin.py:190} INFO - [2025-03-08T10:28:18.945+0000] {dag.py:3239} INFO - Sync 1 DAGs
[2025-03-08T10:28:18.998+0000] {logging_mixin.py:190} INFO - [2025-03-08T10:28:18.998+0000] {dag.py:4180} INFO - Setting next_dagrun for example_branch_labels to 2025-03-07 00:00:00+00:00, run_after=2025-03-08 00:00:00+00:00
[2025-03-08T10:28:19.037+0000] {processor.py:208} INFO - Processing /home/airflow/.local/lib/python3.12/site-packages/airflow/example_dags/example_branch_labels.py took 0.182 seconds
[2025-03-08T10:28:49.479+0000] {processor.py:186} INFO - Started process (PID=4250) to work on /home/airflow/.local/lib/python3.12/site-packages/airflow/example_dags/example_branch_labels.py
[2025-03-08T10:28:49.483+0000] {processor.py:914} INFO - Processing file /home/airflow/.local/lib/python3.12/site-packages/airflow/example_dags/example_branch_labels.py for tasks to queue
[2025-03-08T10:28:49.490+0000] {logging_mixin.py:190} INFO - [2025-03-08T10:28:49.489+0000] {dagbag.py:588} INFO - Filling up the DagBag from /home/airflow/.local/lib/python3.12/site-packages/airflow/example_dags/example_branch_labels.py
[2025-03-08T10:28:49.521+0000] {processor.py:925} INFO - DAG(s) 'example_branch_labels' retrieved from /home/airflow/.local/lib/python3.12/site-packages/airflow/example_dags/example_branch_labels.py
[2025-03-08T10:28:49.575+0000] {logging_mixin.py:190} INFO - [2025-03-08T10:28:49.575+0000] {dag.py:3239} INFO - Sync 1 DAGs
[2025-03-08T10:28:49.654+0000] {logging_mixin.py:190} INFO - [2025-03-08T10:28:49.654+0000] {dag.py:4180} INFO - Setting next_dagrun for example_branch_labels to 2025-03-07 00:00:00+00:00, run_after=2025-03-08 00:00:00+00:00
[2025-03-08T10:28:49.701+0000] {processor.py:208} INFO - Processing /home/airflow/.local/lib/python3.12/site-packages/airflow/example_dags/example_branch_labels.py took 0.234 seconds
[2025-03-08T10:29:20.204+0000] {processor.py:186} INFO - Started process (PID=4312) to work on /home/airflow/.local/lib/python3.12/site-packages/airflow/example_dags/example_branch_labels.py
[2025-03-08T10:29:20.206+0000] {processor.py:914} INFO - Processing file /home/airflow/.local/lib/python3.12/site-packages/airflow/example_dags/example_branch_labels.py for tasks to queue
[2025-03-08T10:29:20.210+0000] {logging_mixin.py:190} INFO - [2025-03-08T10:29:20.209+0000] {dagbag.py:588} INFO - Filling up the DagBag from /home/airflow/.local/lib/python3.12/site-packages/airflow/example_dags/example_branch_labels.py
[2025-03-08T10:29:20.229+0000] {processor.py:925} INFO - DAG(s) 'example_branch_labels' retrieved from /home/airflow/.local/lib/python3.12/site-packages/airflow/example_dags/example_branch_labels.py
[2025-03-08T10:29:20.259+0000] {logging_mixin.py:190} INFO - [2025-03-08T10:29:20.259+0000] {dag.py:3239} INFO - Sync 1 DAGs
[2025-03-08T10:29:20.293+0000] {logging_mixin.py:190} INFO - [2025-03-08T10:29:20.293+0000] {dag.py:4180} INFO - Setting next_dagrun for example_branch_labels to 2025-03-07 00:00:00+00:00, run_after=2025-03-08 00:00:00+00:00
[2025-03-08T10:29:20.321+0000] {processor.py:208} INFO - Processing /home/airflow/.local/lib/python3.12/site-packages/airflow/example_dags/example_branch_labels.py took 0.129 seconds
[2025-03-08T10:29:50.723+0000] {processor.py:186} INFO - Started process (PID=4375) to work on /home/airflow/.local/lib/python3.12/site-packages/airflow/example_dags/example_branch_labels.py
[2025-03-08T10:29:50.724+0000] {processor.py:914} INFO - Processing file /home/airflow/.local/lib/python3.12/site-packages/airflow/example_dags/example_branch_labels.py for tasks to queue
[2025-03-08T10:29:50.728+0000] {logging_mixin.py:190} INFO - [2025-03-08T10:29:50.728+0000] {dagbag.py:588} INFO - Filling up the DagBag from /home/airflow/.local/lib/python3.12/site-packages/airflow/example_dags/example_branch_labels.py
[2025-03-08T10:29:50.746+0000] {processor.py:925} INFO - DAG(s) 'example_branch_labels' retrieved from /home/airflow/.local/lib/python3.12/site-packages/airflow/example_dags/example_branch_labels.py
[2025-03-08T10:29:50.775+0000] {logging_mixin.py:190} INFO - [2025-03-08T10:29:50.774+0000] {dag.py:3239} INFO - Sync 1 DAGs
[2025-03-08T10:29:50.815+0000] {logging_mixin.py:190} INFO - [2025-03-08T10:29:50.815+0000] {dag.py:4180} INFO - Setting next_dagrun for example_branch_labels to 2025-03-07 00:00:00+00:00, run_after=2025-03-08 00:00:00+00:00
[2025-03-08T10:29:50.838+0000] {processor.py:208} INFO - Processing /home/airflow/.local/lib/python3.12/site-packages/airflow/example_dags/example_branch_labels.py took 0.123 seconds
[2025-03-08T10:30:21.394+0000] {processor.py:186} INFO - Started process (PID=4438) to work on /home/airflow/.local/lib/python3.12/site-packages/airflow/example_dags/example_branch_labels.py
[2025-03-08T10:30:21.395+0000] {processor.py:914} INFO - Processing file /home/airflow/.local/lib/python3.12/site-packages/airflow/example_dags/example_branch_labels.py for tasks to queue
[2025-03-08T10:30:21.397+0000] {logging_mixin.py:190} INFO - [2025-03-08T10:30:21.397+0000] {dagbag.py:588} INFO - Filling up the DagBag from /home/airflow/.local/lib/python3.12/site-packages/airflow/example_dags/example_branch_labels.py
[2025-03-08T10:30:21.409+0000] {processor.py:925} INFO - DAG(s) 'example_branch_labels' retrieved from /home/airflow/.local/lib/python3.12/site-packages/airflow/example_dags/example_branch_labels.py
[2025-03-08T10:30:21.434+0000] {logging_mixin.py:190} INFO - [2025-03-08T10:30:21.434+0000] {dag.py:3239} INFO - Sync 1 DAGs
[2025-03-08T10:30:21.464+0000] {logging_mixin.py:190} INFO - [2025-03-08T10:30:21.464+0000] {dag.py:4180} INFO - Setting next_dagrun for example_branch_labels to 2025-03-07 00:00:00+00:00, run_after=2025-03-08 00:00:00+00:00
[2025-03-08T10:30:21.486+0000] {processor.py:208} INFO - Processing /home/airflow/.local/lib/python3.12/site-packages/airflow/example_dags/example_branch_labels.py took 0.097 seconds
[2025-03-08T10:30:51.578+0000] {processor.py:186} INFO - Started process (PID=4501) to work on /home/airflow/.local/lib/python3.12/site-packages/airflow/example_dags/example_branch_labels.py
[2025-03-08T10:30:51.580+0000] {processor.py:914} INFO - Processing file /home/airflow/.local/lib/python3.12/site-packages/airflow/example_dags/example_branch_labels.py for tasks to queue
[2025-03-08T10:30:51.582+0000] {logging_mixin.py:190} INFO - [2025-03-08T10:30:51.582+0000] {dagbag.py:588} INFO - Filling up the DagBag from /home/airflow/.local/lib/python3.12/site-packages/airflow/example_dags/example_branch_labels.py
[2025-03-08T10:30:51.593+0000] {processor.py:925} INFO - DAG(s) 'example_branch_labels' retrieved from /home/airflow/.local/lib/python3.12/site-packages/airflow/example_dags/example_branch_labels.py
[2025-03-08T10:30:51.618+0000] {logging_mixin.py:190} INFO - [2025-03-08T10:30:51.618+0000] {dag.py:3239} INFO - Sync 1 DAGs
[2025-03-08T10:30:51.645+0000] {logging_mixin.py:190} INFO - [2025-03-08T10:30:51.645+0000] {dag.py:4180} INFO - Setting next_dagrun for example_branch_labels to 2025-03-07 00:00:00+00:00, run_after=2025-03-08 00:00:00+00:00
[2025-03-08T10:30:51.668+0000] {processor.py:208} INFO - Processing /home/airflow/.local/lib/python3.12/site-packages/airflow/example_dags/example_branch_labels.py took 0.097 seconds
[2025-03-08T10:31:22.202+0000] {processor.py:186} INFO - Started process (PID=4564) to work on /home/airflow/.local/lib/python3.12/site-packages/airflow/example_dags/example_branch_labels.py
[2025-03-08T10:31:22.204+0000] {processor.py:914} INFO - Processing file /home/airflow/.local/lib/python3.12/site-packages/airflow/example_dags/example_branch_labels.py for tasks to queue
[2025-03-08T10:31:22.206+0000] {logging_mixin.py:190} INFO - [2025-03-08T10:31:22.206+0000] {dagbag.py:588} INFO - Filling up the DagBag from /home/airflow/.local/lib/python3.12/site-packages/airflow/example_dags/example_branch_labels.py
[2025-03-08T10:31:22.219+0000] {processor.py:925} INFO - DAG(s) 'example_branch_labels' retrieved from /home/airflow/.local/lib/python3.12/site-packages/airflow/example_dags/example_branch_labels.py
[2025-03-08T10:31:22.245+0000] {logging_mixin.py:190} INFO - [2025-03-08T10:31:22.245+0000] {dag.py:3239} INFO - Sync 1 DAGs
[2025-03-08T10:31:22.288+0000] {logging_mixin.py:190} INFO - [2025-03-08T10:31:22.287+0000] {dag.py:4180} INFO - Setting next_dagrun for example_branch_labels to 2025-03-07 00:00:00+00:00, run_after=2025-03-08 00:00:00+00:00
[2025-03-08T10:31:22.322+0000] {processor.py:208} INFO - Processing /home/airflow/.local/lib/python3.12/site-packages/airflow/example_dags/example_branch_labels.py took 0.127 seconds
[2025-03-08T10:31:52.693+0000] {processor.py:186} INFO - Started process (PID=4627) to work on /home/airflow/.local/lib/python3.12/site-packages/airflow/example_dags/example_branch_labels.py
[2025-03-08T10:31:52.694+0000] {processor.py:914} INFO - Processing file /home/airflow/.local/lib/python3.12/site-packages/airflow/example_dags/example_branch_labels.py for tasks to queue
[2025-03-08T10:31:52.697+0000] {logging_mixin.py:190} INFO - [2025-03-08T10:31:52.697+0000] {dagbag.py:588} INFO - Filling up the DagBag from /home/airflow/.local/lib/python3.12/site-packages/airflow/example_dags/example_branch_labels.py
[2025-03-08T10:31:52.707+0000] {processor.py:925} INFO - DAG(s) 'example_branch_labels' retrieved from /home/airflow/.local/lib/python3.12/site-packages/airflow/example_dags/example_branch_labels.py
[2025-03-08T10:31:52.733+0000] {logging_mixin.py:190} INFO - [2025-03-08T10:31:52.732+0000] {dag.py:3239} INFO - Sync 1 DAGs
[2025-03-08T10:31:52.794+0000] {logging_mixin.py:190} INFO - [2025-03-08T10:31:52.793+0000] {dag.py:4180} INFO - Setting next_dagrun for example_branch_labels to 2025-03-07 00:00:00+00:00, run_after=2025-03-08 00:00:00+00:00
[2025-03-08T10:31:52.826+0000] {processor.py:208} INFO - Processing /home/airflow/.local/lib/python3.12/site-packages/airflow/example_dags/example_branch_labels.py took 0.138 seconds
[2025-03-08T10:32:23.353+0000] {processor.py:186} INFO - Started process (PID=4689) to work on /home/airflow/.local/lib/python3.12/site-packages/airflow/example_dags/example_branch_labels.py
[2025-03-08T10:32:23.354+0000] {processor.py:914} INFO - Processing file /home/airflow/.local/lib/python3.12/site-packages/airflow/example_dags/example_branch_labels.py for tasks to queue
[2025-03-08T10:32:23.358+0000] {logging_mixin.py:190} INFO - [2025-03-08T10:32:23.358+0000] {dagbag.py:588} INFO - Filling up the DagBag from /home/airflow/.local/lib/python3.12/site-packages/airflow/example_dags/example_branch_labels.py
[2025-03-08T10:32:23.368+0000] {processor.py:925} INFO - DAG(s) 'example_branch_labels' retrieved from /home/airflow/.local/lib/python3.12/site-packages/airflow/example_dags/example_branch_labels.py
[2025-03-08T10:32:23.390+0000] {logging_mixin.py:190} INFO - [2025-03-08T10:32:23.390+0000] {dag.py:3239} INFO - Sync 1 DAGs
[2025-03-08T10:32:23.421+0000] {logging_mixin.py:190} INFO - [2025-03-08T10:32:23.421+0000] {dag.py:4180} INFO - Setting next_dagrun for example_branch_labels to 2025-03-07 00:00:00+00:00, run_after=2025-03-08 00:00:00+00:00
[2025-03-08T10:32:23.443+0000] {processor.py:208} INFO - Processing /home/airflow/.local/lib/python3.12/site-packages/airflow/example_dags/example_branch_labels.py took 0.096 seconds
