[2025-03-08T10:18:09.703+0000] {processor.py:186} INFO - Started process (PID=2999) to work on /home/airflow/.local/lib/python3.12/site-packages/airflow/example_dags/tutorial.py
[2025-03-08T10:18:09.705+0000] {processor.py:914} INFO - Processing file /home/airflow/.local/lib/python3.12/site-packages/airflow/example_dags/tutorial.py for tasks to queue
[2025-03-08T10:18:09.721+0000] {logging_mixin.py:190} INFO - [2025-03-08T10:18:09.720+0000] {dagbag.py:588} INFO - Filling up the DagBag from /home/airflow/.local/lib/python3.12/site-packages/airflow/example_dags/tutorial.py
[2025-03-08T10:18:09.786+0000] {processor.py:925} INFO - DAG(s) 'tutorial' retrieved from /home/airflow/.local/lib/python3.12/site-packages/airflow/example_dags/tutorial.py
[2025-03-08T10:18:09.942+0000] {logging_mixin.py:190} INFO - [2025-03-08T10:18:09.942+0000] {dag.py:3239} INFO - Sync 1 DAGs
[2025-03-08T10:18:10.103+0000] {logging_mixin.py:190} INFO - [2025-03-08T10:18:10.102+0000] {dag.py:4180} INFO - Setting next_dagrun for tutorial to 2025-03-07 00:00:00+00:00, run_after=2025-03-08 00:00:00+00:00
[2025-03-08T10:18:10.258+0000] {processor.py:208} INFO - Processing /home/airflow/.local/lib/python3.12/site-packages/airflow/example_dags/tutorial.py took 0.618 seconds
[2025-03-08T10:18:41.137+0000] {processor.py:186} INFO - Started process (PID=3062) to work on /home/airflow/.local/lib/python3.12/site-packages/airflow/example_dags/tutorial.py
[2025-03-08T10:18:41.139+0000] {processor.py:914} INFO - Processing file /home/airflow/.local/lib/python3.12/site-packages/airflow/example_dags/tutorial.py for tasks to queue
[2025-03-08T10:18:41.143+0000] {logging_mixin.py:190} INFO - [2025-03-08T10:18:41.143+0000] {dagbag.py:588} INFO - Filling up the DagBag from /home/airflow/.local/lib/python3.12/site-packages/airflow/example_dags/tutorial.py
[2025-03-08T10:18:41.163+0000] {processor.py:925} INFO - DAG(s) 'tutorial' retrieved from /home/airflow/.local/lib/python3.12/site-packages/airflow/example_dags/tutorial.py
[2025-03-08T10:18:41.206+0000] {logging_mixin.py:190} INFO - [2025-03-08T10:18:41.205+0000] {dag.py:3239} INFO - Sync 1 DAGs
[2025-03-08T10:18:41.270+0000] {logging_mixin.py:190} INFO - [2025-03-08T10:18:41.269+0000] {dag.py:4180} INFO - Setting next_dagrun for tutorial to 2025-03-07 00:00:00+00:00, run_after=2025-03-08 00:00:00+00:00
[2025-03-08T10:18:41.321+0000] {processor.py:208} INFO - Processing /home/airflow/.local/lib/python3.12/site-packages/airflow/example_dags/tutorial.py took 0.197 seconds
[2025-03-08T10:19:11.642+0000] {processor.py:186} INFO - Started process (PID=3124) to work on /home/airflow/.local/lib/python3.12/site-packages/airflow/example_dags/tutorial.py
[2025-03-08T10:19:11.643+0000] {processor.py:914} INFO - Processing file /home/airflow/.local/lib/python3.12/site-packages/airflow/example_dags/tutorial.py for tasks to queue
[2025-03-08T10:19:11.646+0000] {logging_mixin.py:190} INFO - [2025-03-08T10:19:11.645+0000] {dagbag.py:588} INFO - Filling up the DagBag from /home/airflow/.local/lib/python3.12/site-packages/airflow/example_dags/tutorial.py
[2025-03-08T10:19:11.654+0000] {processor.py:925} INFO - DAG(s) 'tutorial' retrieved from /home/airflow/.local/lib/python3.12/site-packages/airflow/example_dags/tutorial.py
[2025-03-08T10:19:11.674+0000] {logging_mixin.py:190} INFO - [2025-03-08T10:19:11.674+0000] {dag.py:3239} INFO - Sync 1 DAGs
[2025-03-08T10:19:11.700+0000] {logging_mixin.py:190} INFO - [2025-03-08T10:19:11.700+0000] {dag.py:4180} INFO - Setting next_dagrun for tutorial to 2025-03-07 00:00:00+00:00, run_after=2025-03-08 00:00:00+00:00
[2025-03-08T10:19:11.725+0000] {processor.py:208} INFO - Processing /home/airflow/.local/lib/python3.12/site-packages/airflow/example_dags/tutorial.py took 0.089 seconds
[2025-03-08T10:19:44.884+0000] {processor.py:186} INFO - Started process (PID=3187) to work on /home/airflow/.local/lib/python3.12/site-packages/airflow/example_dags/tutorial.py
[2025-03-08T10:19:44.885+0000] {processor.py:914} INFO - Processing file /home/airflow/.local/lib/python3.12/site-packages/airflow/example_dags/tutorial.py for tasks to queue
[2025-03-08T10:19:44.889+0000] {logging_mixin.py:190} INFO - [2025-03-08T10:19:44.889+0000] {dagbag.py:588} INFO - Filling up the DagBag from /home/airflow/.local/lib/python3.12/site-packages/airflow/example_dags/tutorial.py
[2025-03-08T10:19:44.905+0000] {processor.py:925} INFO - DAG(s) 'tutorial' retrieved from /home/airflow/.local/lib/python3.12/site-packages/airflow/example_dags/tutorial.py
[2025-03-08T10:19:44.939+0000] {logging_mixin.py:190} INFO - [2025-03-08T10:19:44.938+0000] {dag.py:3239} INFO - Sync 1 DAGs
[2025-03-08T10:19:45.008+0000] {logging_mixin.py:190} INFO - [2025-03-08T10:19:45.008+0000] {dag.py:4180} INFO - Setting next_dagrun for tutorial to 2025-03-07 00:00:00+00:00, run_after=2025-03-08 00:00:00+00:00
[2025-03-08T10:19:45.049+0000] {processor.py:208} INFO - Processing /home/airflow/.local/lib/python3.12/site-packages/airflow/example_dags/tutorial.py took 0.176 seconds
[2025-03-08T10:20:17.904+0000] {processor.py:186} INFO - Started process (PID=3250) to work on /home/airflow/.local/lib/python3.12/site-packages/airflow/example_dags/tutorial.py
[2025-03-08T10:20:17.913+0000] {processor.py:914} INFO - Processing file /home/airflow/.local/lib/python3.12/site-packages/airflow/example_dags/tutorial.py for tasks to queue
[2025-03-08T10:20:17.918+0000] {logging_mixin.py:190} INFO - [2025-03-08T10:20:17.918+0000] {dagbag.py:588} INFO - Filling up the DagBag from /home/airflow/.local/lib/python3.12/site-packages/airflow/example_dags/tutorial.py
[2025-03-08T10:20:17.946+0000] {processor.py:925} INFO - DAG(s) 'tutorial' retrieved from /home/airflow/.local/lib/python3.12/site-packages/airflow/example_dags/tutorial.py
[2025-03-08T10:20:17.996+0000] {logging_mixin.py:190} INFO - [2025-03-08T10:20:17.996+0000] {dag.py:3239} INFO - Sync 1 DAGs
[2025-03-08T10:20:18.128+0000] {logging_mixin.py:190} INFO - [2025-03-08T10:20:18.127+0000] {dag.py:4180} INFO - Setting next_dagrun for tutorial to 2025-03-07 00:00:00+00:00, run_after=2025-03-08 00:00:00+00:00
[2025-03-08T10:20:18.279+0000] {processor.py:208} INFO - Processing /home/airflow/.local/lib/python3.12/site-packages/airflow/example_dags/tutorial.py took 0.394 seconds
[2025-03-08T10:21:03.761+0000] {processor.py:186} INFO - Started process (PID=3329) to work on /home/airflow/.local/lib/python3.12/site-packages/airflow/example_dags/tutorial.py
[2025-03-08T10:21:03.767+0000] {processor.py:914} INFO - Processing file /home/airflow/.local/lib/python3.12/site-packages/airflow/example_dags/tutorial.py for tasks to queue
[2025-03-08T10:21:03.780+0000] {logging_mixin.py:190} INFO - [2025-03-08T10:21:03.779+0000] {dagbag.py:588} INFO - Filling up the DagBag from /home/airflow/.local/lib/python3.12/site-packages/airflow/example_dags/tutorial.py
[2025-03-08T10:21:03.846+0000] {processor.py:925} INFO - DAG(s) 'tutorial' retrieved from /home/airflow/.local/lib/python3.12/site-packages/airflow/example_dags/tutorial.py
[2025-03-08T10:21:04.049+0000] {logging_mixin.py:190} INFO - [2025-03-08T10:21:04.048+0000] {dag.py:3239} INFO - Sync 1 DAGs
[2025-03-08T10:21:04.246+0000] {logging_mixin.py:190} INFO - [2025-03-08T10:21:04.245+0000] {dag.py:4180} INFO - Setting next_dagrun for tutorial to 2025-03-07 00:00:00+00:00, run_after=2025-03-08 00:00:00+00:00
[2025-03-08T10:21:04.396+0000] {processor.py:208} INFO - Processing /home/airflow/.local/lib/python3.12/site-packages/airflow/example_dags/tutorial.py took 0.656 seconds
[2025-03-08T10:21:34.966+0000] {processor.py:186} INFO - Started process (PID=3392) to work on /home/airflow/.local/lib/python3.12/site-packages/airflow/example_dags/tutorial.py
[2025-03-08T10:21:34.992+0000] {processor.py:914} INFO - Processing file /home/airflow/.local/lib/python3.12/site-packages/airflow/example_dags/tutorial.py for tasks to queue
[2025-03-08T10:21:35.032+0000] {logging_mixin.py:190} INFO - [2025-03-08T10:21:35.032+0000] {dagbag.py:588} INFO - Filling up the DagBag from /home/airflow/.local/lib/python3.12/site-packages/airflow/example_dags/tutorial.py
[2025-03-08T10:21:35.130+0000] {processor.py:925} INFO - DAG(s) 'tutorial' retrieved from /home/airflow/.local/lib/python3.12/site-packages/airflow/example_dags/tutorial.py
[2025-03-08T10:21:35.290+0000] {logging_mixin.py:190} INFO - [2025-03-08T10:21:35.290+0000] {dag.py:3239} INFO - Sync 1 DAGs
[2025-03-08T10:21:35.482+0000] {logging_mixin.py:190} INFO - [2025-03-08T10:21:35.482+0000] {dag.py:4180} INFO - Setting next_dagrun for tutorial to 2025-03-07 00:00:00+00:00, run_after=2025-03-08 00:00:00+00:00
[2025-03-08T10:21:35.625+0000] {processor.py:208} INFO - Processing /home/airflow/.local/lib/python3.12/site-packages/airflow/example_dags/tutorial.py took 0.710 seconds
[2025-03-08T10:22:05.935+0000] {processor.py:186} INFO - Started process (PID=3456) to work on /home/airflow/.local/lib/python3.12/site-packages/airflow/example_dags/tutorial.py
[2025-03-08T10:22:05.937+0000] {processor.py:914} INFO - Processing file /home/airflow/.local/lib/python3.12/site-packages/airflow/example_dags/tutorial.py for tasks to queue
[2025-03-08T10:22:05.951+0000] {logging_mixin.py:190} INFO - [2025-03-08T10:22:05.951+0000] {dagbag.py:588} INFO - Filling up the DagBag from /home/airflow/.local/lib/python3.12/site-packages/airflow/example_dags/tutorial.py
[2025-03-08T10:22:06.000+0000] {processor.py:925} INFO - DAG(s) 'tutorial' retrieved from /home/airflow/.local/lib/python3.12/site-packages/airflow/example_dags/tutorial.py
[2025-03-08T10:22:06.152+0000] {logging_mixin.py:190} INFO - [2025-03-08T10:22:06.152+0000] {dag.py:3239} INFO - Sync 1 DAGs
[2025-03-08T10:22:06.312+0000] {logging_mixin.py:190} INFO - [2025-03-08T10:22:06.311+0000] {dag.py:4180} INFO - Setting next_dagrun for tutorial to 2025-03-07 00:00:00+00:00, run_after=2025-03-08 00:00:00+00:00
[2025-03-08T10:22:06.420+0000] {processor.py:208} INFO - Processing /home/airflow/.local/lib/python3.12/site-packages/airflow/example_dags/tutorial.py took 0.513 seconds
[2025-03-08T10:22:36.583+0000] {processor.py:186} INFO - Started process (PID=3519) to work on /home/airflow/.local/lib/python3.12/site-packages/airflow/example_dags/tutorial.py
[2025-03-08T10:22:36.586+0000] {processor.py:914} INFO - Processing file /home/airflow/.local/lib/python3.12/site-packages/airflow/example_dags/tutorial.py for tasks to queue
[2025-03-08T10:22:36.594+0000] {logging_mixin.py:190} INFO - [2025-03-08T10:22:36.593+0000] {dagbag.py:588} INFO - Filling up the DagBag from /home/airflow/.local/lib/python3.12/site-packages/airflow/example_dags/tutorial.py
[2025-03-08T10:22:36.632+0000] {processor.py:925} INFO - DAG(s) 'tutorial' retrieved from /home/airflow/.local/lib/python3.12/site-packages/airflow/example_dags/tutorial.py
[2025-03-08T10:22:36.688+0000] {logging_mixin.py:190} INFO - [2025-03-08T10:22:36.688+0000] {dag.py:3239} INFO - Sync 1 DAGs
[2025-03-08T10:22:36.791+0000] {logging_mixin.py:190} INFO - [2025-03-08T10:22:36.790+0000] {dag.py:4180} INFO - Setting next_dagrun for tutorial to 2025-03-07 00:00:00+00:00, run_after=2025-03-08 00:00:00+00:00
[2025-03-08T10:22:36.869+0000] {processor.py:208} INFO - Processing /home/airflow/.local/lib/python3.12/site-packages/airflow/example_dags/tutorial.py took 0.301 seconds
[2025-03-08T10:23:07.708+0000] {processor.py:186} INFO - Started process (PID=3582) to work on /home/airflow/.local/lib/python3.12/site-packages/airflow/example_dags/tutorial.py
[2025-03-08T10:23:07.720+0000] {processor.py:914} INFO - Processing file /home/airflow/.local/lib/python3.12/site-packages/airflow/example_dags/tutorial.py for tasks to queue
[2025-03-08T10:23:07.789+0000] {logging_mixin.py:190} INFO - [2025-03-08T10:23:07.788+0000] {dagbag.py:588} INFO - Filling up the DagBag from /home/airflow/.local/lib/python3.12/site-packages/airflow/example_dags/tutorial.py
[2025-03-08T10:23:07.820+0000] {processor.py:925} INFO - DAG(s) 'tutorial' retrieved from /home/airflow/.local/lib/python3.12/site-packages/airflow/example_dags/tutorial.py
[2025-03-08T10:23:07.930+0000] {logging_mixin.py:190} INFO - [2025-03-08T10:23:07.929+0000] {dag.py:3239} INFO - Sync 1 DAGs
[2025-03-08T10:23:08.133+0000] {logging_mixin.py:190} INFO - [2025-03-08T10:23:08.132+0000] {dag.py:4180} INFO - Setting next_dagrun for tutorial to 2025-03-07 00:00:00+00:00, run_after=2025-03-08 00:00:00+00:00
[2025-03-08T10:23:08.265+0000] {processor.py:208} INFO - Processing /home/airflow/.local/lib/python3.12/site-packages/airflow/example_dags/tutorial.py took 0.572 seconds
[2025-03-08T10:23:45.604+0000] {processor.py:186} INFO - Started process (PID=3648) to work on /home/airflow/.local/lib/python3.12/site-packages/airflow/example_dags/tutorial.py
[2025-03-08T10:23:45.610+0000] {processor.py:914} INFO - Processing file /home/airflow/.local/lib/python3.12/site-packages/airflow/example_dags/tutorial.py for tasks to queue
[2025-03-08T10:23:45.621+0000] {logging_mixin.py:190} INFO - [2025-03-08T10:23:45.620+0000] {dagbag.py:588} INFO - Filling up the DagBag from /home/airflow/.local/lib/python3.12/site-packages/airflow/example_dags/tutorial.py
[2025-03-08T10:23:45.657+0000] {processor.py:925} INFO - DAG(s) 'tutorial' retrieved from /home/airflow/.local/lib/python3.12/site-packages/airflow/example_dags/tutorial.py
[2025-03-08T10:23:45.724+0000] {logging_mixin.py:190} INFO - [2025-03-08T10:23:45.723+0000] {dag.py:3239} INFO - Sync 1 DAGs
[2025-03-08T10:23:45.831+0000] {logging_mixin.py:190} INFO - [2025-03-08T10:23:45.830+0000] {dag.py:4180} INFO - Setting next_dagrun for tutorial to 2025-03-07 00:00:00+00:00, run_after=2025-03-08 00:00:00+00:00
[2025-03-08T10:23:45.913+0000] {processor.py:208} INFO - Processing /home/airflow/.local/lib/python3.12/site-packages/airflow/example_dags/tutorial.py took 0.328 seconds
[2025-03-08T10:24:16.169+0000] {processor.py:186} INFO - Started process (PID=3711) to work on /home/airflow/.local/lib/python3.12/site-packages/airflow/example_dags/tutorial.py
[2025-03-08T10:24:16.171+0000] {processor.py:914} INFO - Processing file /home/airflow/.local/lib/python3.12/site-packages/airflow/example_dags/tutorial.py for tasks to queue
[2025-03-08T10:24:16.175+0000] {logging_mixin.py:190} INFO - [2025-03-08T10:24:16.174+0000] {dagbag.py:588} INFO - Filling up the DagBag from /home/airflow/.local/lib/python3.12/site-packages/airflow/example_dags/tutorial.py
[2025-03-08T10:24:16.191+0000] {processor.py:925} INFO - DAG(s) 'tutorial' retrieved from /home/airflow/.local/lib/python3.12/site-packages/airflow/example_dags/tutorial.py
[2025-03-08T10:24:16.223+0000] {logging_mixin.py:190} INFO - [2025-03-08T10:24:16.222+0000] {dag.py:3239} INFO - Sync 1 DAGs
[2025-03-08T10:24:16.266+0000] {logging_mixin.py:190} INFO - [2025-03-08T10:24:16.266+0000] {dag.py:4180} INFO - Setting next_dagrun for tutorial to 2025-03-07 00:00:00+00:00, run_after=2025-03-08 00:00:00+00:00
[2025-03-08T10:24:16.304+0000] {processor.py:208} INFO - Processing /home/airflow/.local/lib/python3.12/site-packages/airflow/example_dags/tutorial.py took 0.143 seconds
[2025-03-08T10:24:48.305+0000] {processor.py:186} INFO - Started process (PID=3774) to work on /home/airflow/.local/lib/python3.12/site-packages/airflow/example_dags/tutorial.py
[2025-03-08T10:24:48.307+0000] {processor.py:914} INFO - Processing file /home/airflow/.local/lib/python3.12/site-packages/airflow/example_dags/tutorial.py for tasks to queue
[2025-03-08T10:24:48.312+0000] {logging_mixin.py:190} INFO - [2025-03-08T10:24:48.311+0000] {dagbag.py:588} INFO - Filling up the DagBag from /home/airflow/.local/lib/python3.12/site-packages/airflow/example_dags/tutorial.py
[2025-03-08T10:24:48.334+0000] {processor.py:925} INFO - DAG(s) 'tutorial' retrieved from /home/airflow/.local/lib/python3.12/site-packages/airflow/example_dags/tutorial.py
[2025-03-08T10:24:48.375+0000] {logging_mixin.py:190} INFO - [2025-03-08T10:24:48.374+0000] {dag.py:3239} INFO - Sync 1 DAGs
[2025-03-08T10:24:48.449+0000] {logging_mixin.py:190} INFO - [2025-03-08T10:24:48.448+0000] {dag.py:4180} INFO - Setting next_dagrun for tutorial to 2025-03-07 00:00:00+00:00, run_after=2025-03-08 00:00:00+00:00
[2025-03-08T10:24:48.838+0000] {processor.py:208} INFO - Processing /home/airflow/.local/lib/python3.12/site-packages/airflow/example_dags/tutorial.py took 0.549 seconds
[2025-03-08T10:25:19.655+0000] {processor.py:186} INFO - Started process (PID=3837) to work on /home/airflow/.local/lib/python3.12/site-packages/airflow/example_dags/tutorial.py
[2025-03-08T10:25:19.656+0000] {processor.py:914} INFO - Processing file /home/airflow/.local/lib/python3.12/site-packages/airflow/example_dags/tutorial.py for tasks to queue
[2025-03-08T10:25:19.660+0000] {logging_mixin.py:190} INFO - [2025-03-08T10:25:19.660+0000] {dagbag.py:588} INFO - Filling up the DagBag from /home/airflow/.local/lib/python3.12/site-packages/airflow/example_dags/tutorial.py
[2025-03-08T10:25:19.675+0000] {processor.py:925} INFO - DAG(s) 'tutorial' retrieved from /home/airflow/.local/lib/python3.12/site-packages/airflow/example_dags/tutorial.py
[2025-03-08T10:25:19.708+0000] {logging_mixin.py:190} INFO - [2025-03-08T10:25:19.708+0000] {dag.py:3239} INFO - Sync 1 DAGs
[2025-03-08T10:25:19.769+0000] {logging_mixin.py:190} INFO - [2025-03-08T10:25:19.769+0000] {dag.py:4180} INFO - Setting next_dagrun for tutorial to 2025-03-07 00:00:00+00:00, run_after=2025-03-08 00:00:00+00:00
[2025-03-08T10:25:19.805+0000] {processor.py:208} INFO - Processing /home/airflow/.local/lib/python3.12/site-packages/airflow/example_dags/tutorial.py took 0.160 seconds
[2025-03-08T10:25:49.893+0000] {processor.py:186} INFO - Started process (PID=3901) to work on /home/airflow/.local/lib/python3.12/site-packages/airflow/example_dags/tutorial.py
[2025-03-08T10:25:49.894+0000] {processor.py:914} INFO - Processing file /home/airflow/.local/lib/python3.12/site-packages/airflow/example_dags/tutorial.py for tasks to queue
[2025-03-08T10:25:49.898+0000] {logging_mixin.py:190} INFO - [2025-03-08T10:25:49.897+0000] {dagbag.py:588} INFO - Filling up the DagBag from /home/airflow/.local/lib/python3.12/site-packages/airflow/example_dags/tutorial.py
[2025-03-08T10:25:49.912+0000] {processor.py:925} INFO - DAG(s) 'tutorial' retrieved from /home/airflow/.local/lib/python3.12/site-packages/airflow/example_dags/tutorial.py
[2025-03-08T10:25:49.942+0000] {logging_mixin.py:190} INFO - [2025-03-08T10:25:49.942+0000] {dag.py:3239} INFO - Sync 1 DAGs
[2025-03-08T10:25:49.980+0000] {logging_mixin.py:190} INFO - [2025-03-08T10:25:49.980+0000] {dag.py:4180} INFO - Setting next_dagrun for tutorial to 2025-03-07 00:00:00+00:00, run_after=2025-03-08 00:00:00+00:00
[2025-03-08T10:25:50.015+0000] {processor.py:208} INFO - Processing /home/airflow/.local/lib/python3.12/site-packages/airflow/example_dags/tutorial.py took 0.129 seconds
[2025-03-08T10:26:24.978+0000] {processor.py:186} INFO - Started process (PID=3959) to work on /home/airflow/.local/lib/python3.12/site-packages/airflow/example_dags/tutorial.py
[2025-03-08T10:26:24.980+0000] {processor.py:914} INFO - Processing file /home/airflow/.local/lib/python3.12/site-packages/airflow/example_dags/tutorial.py for tasks to queue
[2025-03-08T10:26:24.986+0000] {logging_mixin.py:190} INFO - [2025-03-08T10:26:24.985+0000] {dagbag.py:588} INFO - Filling up the DagBag from /home/airflow/.local/lib/python3.12/site-packages/airflow/example_dags/tutorial.py
[2025-03-08T10:26:25.020+0000] {processor.py:925} INFO - DAG(s) 'tutorial' retrieved from /home/airflow/.local/lib/python3.12/site-packages/airflow/example_dags/tutorial.py
[2025-03-08T10:26:25.485+0000] {logging_mixin.py:190} INFO - [2025-03-08T10:26:25.484+0000] {dag.py:3239} INFO - Sync 1 DAGs
[2025-03-08T10:26:25.566+0000] {logging_mixin.py:190} INFO - [2025-03-08T10:26:25.566+0000] {dag.py:4180} INFO - Setting next_dagrun for tutorial to 2025-03-07 00:00:00+00:00, run_after=2025-03-08 00:00:00+00:00
[2025-03-08T10:26:25.662+0000] {processor.py:208} INFO - Processing /home/airflow/.local/lib/python3.12/site-packages/airflow/example_dags/tutorial.py took 0.710 seconds
[2025-03-08T10:26:56.708+0000] {processor.py:186} INFO - Started process (PID=4022) to work on /home/airflow/.local/lib/python3.12/site-packages/airflow/example_dags/tutorial.py
[2025-03-08T10:26:56.710+0000] {processor.py:914} INFO - Processing file /home/airflow/.local/lib/python3.12/site-packages/airflow/example_dags/tutorial.py for tasks to queue
[2025-03-08T10:26:56.716+0000] {logging_mixin.py:190} INFO - [2025-03-08T10:26:56.715+0000] {dagbag.py:588} INFO - Filling up the DagBag from /home/airflow/.local/lib/python3.12/site-packages/airflow/example_dags/tutorial.py
[2025-03-08T10:26:56.735+0000] {processor.py:925} INFO - DAG(s) 'tutorial' retrieved from /home/airflow/.local/lib/python3.12/site-packages/airflow/example_dags/tutorial.py
[2025-03-08T10:26:56.780+0000] {logging_mixin.py:190} INFO - [2025-03-08T10:26:56.780+0000] {dag.py:3239} INFO - Sync 1 DAGs
[2025-03-08T10:26:57.094+0000] {logging_mixin.py:190} INFO - [2025-03-08T10:26:57.094+0000] {dag.py:4180} INFO - Setting next_dagrun for tutorial to 2025-03-07 00:00:00+00:00, run_after=2025-03-08 00:00:00+00:00
[2025-03-08T10:26:57.139+0000] {processor.py:208} INFO - Processing /home/airflow/.local/lib/python3.12/site-packages/airflow/example_dags/tutorial.py took 0.444 seconds
[2025-03-08T10:27:29.994+0000] {processor.py:186} INFO - Started process (PID=4092) to work on /home/airflow/.local/lib/python3.12/site-packages/airflow/example_dags/tutorial.py
[2025-03-08T10:27:30.001+0000] {processor.py:914} INFO - Processing file /home/airflow/.local/lib/python3.12/site-packages/airflow/example_dags/tutorial.py for tasks to queue
[2025-03-08T10:27:30.026+0000] {logging_mixin.py:190} INFO - [2025-03-08T10:27:30.023+0000] {dagbag.py:588} INFO - Filling up the DagBag from /home/airflow/.local/lib/python3.12/site-packages/airflow/example_dags/tutorial.py
[2025-03-08T10:27:30.052+0000] {processor.py:925} INFO - DAG(s) 'tutorial' retrieved from /home/airflow/.local/lib/python3.12/site-packages/airflow/example_dags/tutorial.py
[2025-03-08T10:27:30.131+0000] {logging_mixin.py:190} INFO - [2025-03-08T10:27:30.131+0000] {dag.py:3239} INFO - Sync 1 DAGs
[2025-03-08T10:27:30.292+0000] {logging_mixin.py:190} INFO - [2025-03-08T10:27:30.291+0000] {dag.py:4180} INFO - Setting next_dagrun for tutorial to 2025-03-07 00:00:00+00:00, run_after=2025-03-08 00:00:00+00:00
[2025-03-08T10:27:30.412+0000] {processor.py:208} INFO - Processing /home/airflow/.local/lib/python3.12/site-packages/airflow/example_dags/tutorial.py took 0.432 seconds
[2025-03-08T10:28:00.827+0000] {processor.py:186} INFO - Started process (PID=4155) to work on /home/airflow/.local/lib/python3.12/site-packages/airflow/example_dags/tutorial.py
[2025-03-08T10:28:00.829+0000] {processor.py:914} INFO - Processing file /home/airflow/.local/lib/python3.12/site-packages/airflow/example_dags/tutorial.py for tasks to queue
[2025-03-08T10:28:00.832+0000] {logging_mixin.py:190} INFO - [2025-03-08T10:28:00.831+0000] {dagbag.py:588} INFO - Filling up the DagBag from /home/airflow/.local/lib/python3.12/site-packages/airflow/example_dags/tutorial.py
[2025-03-08T10:28:00.849+0000] {processor.py:925} INFO - DAG(s) 'tutorial' retrieved from /home/airflow/.local/lib/python3.12/site-packages/airflow/example_dags/tutorial.py
[2025-03-08T10:28:00.885+0000] {logging_mixin.py:190} INFO - [2025-03-08T10:28:00.885+0000] {dag.py:3239} INFO - Sync 1 DAGs
[2025-03-08T10:28:00.917+0000] {logging_mixin.py:190} INFO - [2025-03-08T10:28:00.917+0000] {dag.py:4180} INFO - Setting next_dagrun for tutorial to 2025-03-07 00:00:00+00:00, run_after=2025-03-08 00:00:00+00:00
[2025-03-08T10:28:00.942+0000] {processor.py:208} INFO - Processing /home/airflow/.local/lib/python3.12/site-packages/airflow/example_dags/tutorial.py took 0.122 seconds
[2025-03-08T10:28:31.637+0000] {processor.py:186} INFO - Started process (PID=4218) to work on /home/airflow/.local/lib/python3.12/site-packages/airflow/example_dags/tutorial.py
[2025-03-08T10:28:31.638+0000] {processor.py:914} INFO - Processing file /home/airflow/.local/lib/python3.12/site-packages/airflow/example_dags/tutorial.py for tasks to queue
[2025-03-08T10:28:31.642+0000] {logging_mixin.py:190} INFO - [2025-03-08T10:28:31.641+0000] {dagbag.py:588} INFO - Filling up the DagBag from /home/airflow/.local/lib/python3.12/site-packages/airflow/example_dags/tutorial.py
[2025-03-08T10:28:31.653+0000] {processor.py:925} INFO - DAG(s) 'tutorial' retrieved from /home/airflow/.local/lib/python3.12/site-packages/airflow/example_dags/tutorial.py
[2025-03-08T10:28:31.681+0000] {logging_mixin.py:190} INFO - [2025-03-08T10:28:31.680+0000] {dag.py:3239} INFO - Sync 1 DAGs
[2025-03-08T10:28:31.714+0000] {logging_mixin.py:190} INFO - [2025-03-08T10:28:31.714+0000] {dag.py:4180} INFO - Setting next_dagrun for tutorial to 2025-03-07 00:00:00+00:00, run_after=2025-03-08 00:00:00+00:00
[2025-03-08T10:28:31.734+0000] {processor.py:208} INFO - Processing /home/airflow/.local/lib/python3.12/site-packages/airflow/example_dags/tutorial.py took 0.105 seconds
[2025-03-08T10:29:01.786+0000] {processor.py:186} INFO - Started process (PID=4280) to work on /home/airflow/.local/lib/python3.12/site-packages/airflow/example_dags/tutorial.py
[2025-03-08T10:29:01.787+0000] {processor.py:914} INFO - Processing file /home/airflow/.local/lib/python3.12/site-packages/airflow/example_dags/tutorial.py for tasks to queue
[2025-03-08T10:29:01.790+0000] {logging_mixin.py:190} INFO - [2025-03-08T10:29:01.790+0000] {dagbag.py:588} INFO - Filling up the DagBag from /home/airflow/.local/lib/python3.12/site-packages/airflow/example_dags/tutorial.py
[2025-03-08T10:29:01.803+0000] {processor.py:925} INFO - DAG(s) 'tutorial' retrieved from /home/airflow/.local/lib/python3.12/site-packages/airflow/example_dags/tutorial.py
[2025-03-08T10:29:01.828+0000] {logging_mixin.py:190} INFO - [2025-03-08T10:29:01.828+0000] {dag.py:3239} INFO - Sync 1 DAGs
[2025-03-08T10:29:01.862+0000] {logging_mixin.py:190} INFO - [2025-03-08T10:29:01.862+0000] {dag.py:4180} INFO - Setting next_dagrun for tutorial to 2025-03-07 00:00:00+00:00, run_after=2025-03-08 00:00:00+00:00
[2025-03-08T10:29:01.892+0000] {processor.py:208} INFO - Processing /home/airflow/.local/lib/python3.12/site-packages/airflow/example_dags/tutorial.py took 0.113 seconds
[2025-03-08T10:29:32.791+0000] {processor.py:186} INFO - Started process (PID=4343) to work on /home/airflow/.local/lib/python3.12/site-packages/airflow/example_dags/tutorial.py
[2025-03-08T10:29:32.792+0000] {processor.py:914} INFO - Processing file /home/airflow/.local/lib/python3.12/site-packages/airflow/example_dags/tutorial.py for tasks to queue
[2025-03-08T10:29:32.794+0000] {logging_mixin.py:190} INFO - [2025-03-08T10:29:32.794+0000] {dagbag.py:588} INFO - Filling up the DagBag from /home/airflow/.local/lib/python3.12/site-packages/airflow/example_dags/tutorial.py
[2025-03-08T10:29:32.803+0000] {processor.py:925} INFO - DAG(s) 'tutorial' retrieved from /home/airflow/.local/lib/python3.12/site-packages/airflow/example_dags/tutorial.py
[2025-03-08T10:29:32.827+0000] {logging_mixin.py:190} INFO - [2025-03-08T10:29:32.827+0000] {dag.py:3239} INFO - Sync 1 DAGs
[2025-03-08T10:29:32.859+0000] {logging_mixin.py:190} INFO - [2025-03-08T10:29:32.859+0000] {dag.py:4180} INFO - Setting next_dagrun for tutorial to 2025-03-07 00:00:00+00:00, run_after=2025-03-08 00:00:00+00:00
[2025-03-08T10:29:32.881+0000] {processor.py:208} INFO - Processing /home/airflow/.local/lib/python3.12/site-packages/airflow/example_dags/tutorial.py took 0.098 seconds
[2025-03-08T10:30:03.287+0000] {processor.py:186} INFO - Started process (PID=4406) to work on /home/airflow/.local/lib/python3.12/site-packages/airflow/example_dags/tutorial.py
[2025-03-08T10:30:03.288+0000] {processor.py:914} INFO - Processing file /home/airflow/.local/lib/python3.12/site-packages/airflow/example_dags/tutorial.py for tasks to queue
[2025-03-08T10:30:03.296+0000] {logging_mixin.py:190} INFO - [2025-03-08T10:30:03.295+0000] {dagbag.py:588} INFO - Filling up the DagBag from /home/airflow/.local/lib/python3.12/site-packages/airflow/example_dags/tutorial.py
[2025-03-08T10:30:03.311+0000] {processor.py:925} INFO - DAG(s) 'tutorial' retrieved from /home/airflow/.local/lib/python3.12/site-packages/airflow/example_dags/tutorial.py
[2025-03-08T10:30:03.351+0000] {logging_mixin.py:190} INFO - [2025-03-08T10:30:03.351+0000] {dag.py:3239} INFO - Sync 1 DAGs
[2025-03-08T10:30:03.398+0000] {logging_mixin.py:190} INFO - [2025-03-08T10:30:03.397+0000] {dag.py:4180} INFO - Setting next_dagrun for tutorial to 2025-03-07 00:00:00+00:00, run_after=2025-03-08 00:00:00+00:00
[2025-03-08T10:30:03.435+0000] {processor.py:208} INFO - Processing /home/airflow/.local/lib/python3.12/site-packages/airflow/example_dags/tutorial.py took 0.160 seconds
[2025-03-08T10:30:34.265+0000] {processor.py:186} INFO - Started process (PID=4470) to work on /home/airflow/.local/lib/python3.12/site-packages/airflow/example_dags/tutorial.py
[2025-03-08T10:30:34.267+0000] {processor.py:914} INFO - Processing file /home/airflow/.local/lib/python3.12/site-packages/airflow/example_dags/tutorial.py for tasks to queue
[2025-03-08T10:30:34.270+0000] {logging_mixin.py:190} INFO - [2025-03-08T10:30:34.270+0000] {dagbag.py:588} INFO - Filling up the DagBag from /home/airflow/.local/lib/python3.12/site-packages/airflow/example_dags/tutorial.py
[2025-03-08T10:30:34.283+0000] {processor.py:925} INFO - DAG(s) 'tutorial' retrieved from /home/airflow/.local/lib/python3.12/site-packages/airflow/example_dags/tutorial.py
[2025-03-08T10:30:34.328+0000] {logging_mixin.py:190} INFO - [2025-03-08T10:30:34.327+0000] {dag.py:3239} INFO - Sync 1 DAGs
[2025-03-08T10:30:34.382+0000] {logging_mixin.py:190} INFO - [2025-03-08T10:30:34.381+0000] {dag.py:4180} INFO - Setting next_dagrun for tutorial to 2025-03-07 00:00:00+00:00, run_after=2025-03-08 00:00:00+00:00
[2025-03-08T10:30:34.419+0000] {processor.py:208} INFO - Processing /home/airflow/.local/lib/python3.12/site-packages/airflow/example_dags/tutorial.py took 0.164 seconds
[2025-03-08T10:31:04.465+0000] {processor.py:186} INFO - Started process (PID=4532) to work on /home/airflow/.local/lib/python3.12/site-packages/airflow/example_dags/tutorial.py
[2025-03-08T10:31:04.467+0000] {processor.py:914} INFO - Processing file /home/airflow/.local/lib/python3.12/site-packages/airflow/example_dags/tutorial.py for tasks to queue
[2025-03-08T10:31:04.470+0000] {logging_mixin.py:190} INFO - [2025-03-08T10:31:04.470+0000] {dagbag.py:588} INFO - Filling up the DagBag from /home/airflow/.local/lib/python3.12/site-packages/airflow/example_dags/tutorial.py
[2025-03-08T10:31:04.481+0000] {processor.py:925} INFO - DAG(s) 'tutorial' retrieved from /home/airflow/.local/lib/python3.12/site-packages/airflow/example_dags/tutorial.py
[2025-03-08T10:31:04.505+0000] {logging_mixin.py:190} INFO - [2025-03-08T10:31:04.505+0000] {dag.py:3239} INFO - Sync 1 DAGs
[2025-03-08T10:31:04.535+0000] {logging_mixin.py:190} INFO - [2025-03-08T10:31:04.534+0000] {dag.py:4180} INFO - Setting next_dagrun for tutorial to 2025-03-07 00:00:00+00:00, run_after=2025-03-08 00:00:00+00:00
[2025-03-08T10:31:04.574+0000] {processor.py:208} INFO - Processing /home/airflow/.local/lib/python3.12/site-packages/airflow/example_dags/tutorial.py took 0.117 seconds
[2025-03-08T10:31:34.914+0000] {processor.py:186} INFO - Started process (PID=4595) to work on /home/airflow/.local/lib/python3.12/site-packages/airflow/example_dags/tutorial.py
[2025-03-08T10:31:34.915+0000] {processor.py:914} INFO - Processing file /home/airflow/.local/lib/python3.12/site-packages/airflow/example_dags/tutorial.py for tasks to queue
[2025-03-08T10:31:34.918+0000] {logging_mixin.py:190} INFO - [2025-03-08T10:31:34.917+0000] {dagbag.py:588} INFO - Filling up the DagBag from /home/airflow/.local/lib/python3.12/site-packages/airflow/example_dags/tutorial.py
[2025-03-08T10:31:34.927+0000] {processor.py:925} INFO - DAG(s) 'tutorial' retrieved from /home/airflow/.local/lib/python3.12/site-packages/airflow/example_dags/tutorial.py
[2025-03-08T10:31:34.950+0000] {logging_mixin.py:190} INFO - [2025-03-08T10:31:34.950+0000] {dag.py:3239} INFO - Sync 1 DAGs
[2025-03-08T10:31:34.979+0000] {logging_mixin.py:190} INFO - [2025-03-08T10:31:34.979+0000] {dag.py:4180} INFO - Setting next_dagrun for tutorial to 2025-03-07 00:00:00+00:00, run_after=2025-03-08 00:00:00+00:00
[2025-03-08T10:31:35.000+0000] {processor.py:208} INFO - Processing /home/airflow/.local/lib/python3.12/site-packages/airflow/example_dags/tutorial.py took 0.093 seconds
[2025-03-08T10:32:05.099+0000] {processor.py:186} INFO - Started process (PID=4658) to work on /home/airflow/.local/lib/python3.12/site-packages/airflow/example_dags/tutorial.py
[2025-03-08T10:32:05.101+0000] {processor.py:914} INFO - Processing file /home/airflow/.local/lib/python3.12/site-packages/airflow/example_dags/tutorial.py for tasks to queue
[2025-03-08T10:32:05.103+0000] {logging_mixin.py:190} INFO - [2025-03-08T10:32:05.103+0000] {dagbag.py:588} INFO - Filling up the DagBag from /home/airflow/.local/lib/python3.12/site-packages/airflow/example_dags/tutorial.py
[2025-03-08T10:32:05.111+0000] {processor.py:925} INFO - DAG(s) 'tutorial' retrieved from /home/airflow/.local/lib/python3.12/site-packages/airflow/example_dags/tutorial.py
[2025-03-08T10:32:05.133+0000] {logging_mixin.py:190} INFO - [2025-03-08T10:32:05.133+0000] {dag.py:3239} INFO - Sync 1 DAGs
[2025-03-08T10:32:05.161+0000] {logging_mixin.py:190} INFO - [2025-03-08T10:32:05.160+0000] {dag.py:4180} INFO - Setting next_dagrun for tutorial to 2025-03-07 00:00:00+00:00, run_after=2025-03-08 00:00:00+00:00
[2025-03-08T10:32:05.205+0000] {processor.py:208} INFO - Processing /home/airflow/.local/lib/python3.12/site-packages/airflow/example_dags/tutorial.py took 0.112 seconds
[2025-03-08T10:32:35.955+0000] {processor.py:186} INFO - Started process (PID=4721) to work on /home/airflow/.local/lib/python3.12/site-packages/airflow/example_dags/tutorial.py
[2025-03-08T10:32:35.956+0000] {processor.py:914} INFO - Processing file /home/airflow/.local/lib/python3.12/site-packages/airflow/example_dags/tutorial.py for tasks to queue
[2025-03-08T10:32:35.961+0000] {logging_mixin.py:190} INFO - [2025-03-08T10:32:35.959+0000] {dagbag.py:588} INFO - Filling up the DagBag from /home/airflow/.local/lib/python3.12/site-packages/airflow/example_dags/tutorial.py
[2025-03-08T10:32:35.972+0000] {processor.py:925} INFO - DAG(s) 'tutorial' retrieved from /home/airflow/.local/lib/python3.12/site-packages/airflow/example_dags/tutorial.py
[2025-03-08T10:32:35.999+0000] {logging_mixin.py:190} INFO - [2025-03-08T10:32:35.999+0000] {dag.py:3239} INFO - Sync 1 DAGs
[2025-03-08T10:32:36.032+0000] {logging_mixin.py:190} INFO - [2025-03-08T10:32:36.032+0000] {dag.py:4180} INFO - Setting next_dagrun for tutorial to 2025-03-07 00:00:00+00:00, run_after=2025-03-08 00:00:00+00:00
[2025-03-08T10:32:36.059+0000] {processor.py:208} INFO - Processing /home/airflow/.local/lib/python3.12/site-packages/airflow/example_dags/tutorial.py took 0.113 seconds
