[2025-03-11T10:34:43.743+0000] {local_task_job_runner.py:123} INFO - ::group::Pre task execution logs
[2025-03-11T10:34:44.831+0000] {taskinstance.py:2614} INFO - Dependencies all met for dep_context=non-requeueable deps ti=<TaskInstance: daily_product_analysis.product_stocks_analysis manual__2025-03-11T10:32:43.671787+00:00 [queued]>
[2025-03-11T10:34:45.250+0000] {taskinstance.py:2614} INFO - Dependencies all met for dep_context=requeueable deps ti=<TaskInstance: daily_product_analysis.product_stocks_analysis manual__2025-03-11T10:32:43.671787+00:00 [queued]>
[2025-03-11T10:34:45.285+0000] {taskinstance.py:2867} INFO - Starting attempt 1 of 2
[2025-03-11T10:34:45.551+0000] {taskinstance.py:2890} INFO - Executing <Task(PythonOperator): product_stocks_analysis> on 2025-03-11 10:32:43.671787+00:00
[2025-03-11T10:34:45.691+0000] {standard_task_runner.py:104} INFO - Running: ['***', 'tasks', 'run', 'daily_product_analysis', 'product_stocks_analysis', 'manual__2025-03-11T10:32:43.671787+00:00', '--job-id', '303', '--raw', '--subdir', 'DAGS_FOLDER/scheduled.py', '--cfg-path', '/tmp/tmpti1chupw']
[2025-03-11T10:34:45.747+0000] {warnings.py:112} WARNING - /home/***/.local/lib/python3.12/site-packages/***/task/task_runner/standard_task_runner.py:70: DeprecationWarning: This process (pid=9379) is multi-threaded, use of fork() may lead to deadlocks in the child.
  pid = os.fork()

[2025-03-11T10:34:45.749+0000] {standard_task_runner.py:105} INFO - Job 303: Subtask product_stocks_analysis
[2025-03-11T10:34:45.780+0000] {standard_task_runner.py:72} INFO - Started process 9403 to run task
[2025-03-11T10:34:46.214+0000] {task_command.py:467} INFO - Running <TaskInstance: daily_product_analysis.product_stocks_analysis manual__2025-03-11T10:32:43.671787+00:00 [running]> on host efacfdd0be48
[2025-03-11T10:34:46.875+0000] {taskinstance.py:3134} INFO - Exporting env vars: AIRFLOW_CTX_DAG_OWNER='***' AIRFLOW_CTX_DAG_ID='daily_product_analysis' AIRFLOW_CTX_TASK_ID='product_stocks_analysis' AIRFLOW_CTX_EXECUTION_DATE='2025-03-11T10:32:43.671787+00:00' AIRFLOW_CTX_TRY_NUMBER='1' AIRFLOW_CTX_DAG_RUN_ID='manual__2025-03-11T10:32:43.671787+00:00'
[2025-03-11T10:34:46.879+0000] {logging_mixin.py:190} INFO - Task instance is in running state
[2025-03-11T10:34:46.881+0000] {logging_mixin.py:190} INFO -  Previous state of the Task instance: queued
[2025-03-11T10:34:46.883+0000] {logging_mixin.py:190} INFO - Current task name:product_stocks_analysis state:running start_date:2025-03-11 10:34:44.860434+00:00
[2025-03-11T10:34:46.886+0000] {logging_mixin.py:190} INFO - Dag name:daily_product_analysis and current dag run status:running
[2025-03-11T10:34:46.888+0000] {taskinstance.py:732} INFO - ::endgroup::
[2025-03-11T10:34:47.320+0000] {logging_mixin.py:190} INFO - Product stocks analysis completed successfully
[2025-03-11T10:34:47.323+0000] {python.py:240} INFO - Done. Returned value was: None
[2025-03-11T10:34:47.473+0000] {taskinstance.py:341} INFO - ::group::Post task execution logs
[2025-03-11T10:34:47.501+0000] {taskinstance.py:353} INFO - Marking task as SUCCESS. dag_id=daily_product_analysis, task_id=product_stocks_analysis, run_id=manual__2025-03-11T10:32:43.671787+00:00, execution_date=20250311T103243, start_date=20250311T103444, end_date=20250311T103447
[2025-03-11T10:34:47.807+0000] {logging_mixin.py:190} INFO - Task instance in success state
[2025-03-11T10:34:47.816+0000] {logging_mixin.py:190} INFO -  Previous state of the Task instance: running
[2025-03-11T10:34:47.817+0000] {logging_mixin.py:190} INFO - Dag name:daily_product_analysis queued_at:2025-03-11 10:32:43.807453+00:00
[2025-03-11T10:34:47.820+0000] {logging_mixin.py:190} INFO - Task hostname:efacfdd0be48 operator:PythonOperator
[2025-03-11T10:34:47.892+0000] {local_task_job_runner.py:266} INFO - Task exited with return code 0
[2025-03-11T10:34:47.974+0000] {taskinstance.py:3901} INFO - 0 downstream tasks scheduled from follow-on schedule check
[2025-03-11T10:34:48.032+0000] {local_task_job_runner.py:245} INFO - ::endgroup::
