[2025-03-11T10:34:11.474+0000] {local_task_job_runner.py:123} INFO - ::group::Pre task execution logs
[2025-03-11T10:34:11.926+0000] {taskinstance.py:2614} INFO - Dependencies all met for dep_context=non-requeueable deps ti=<TaskInstance: daily_product_analysis.orders manual__2025-03-11T10:32:43.671787+00:00 [queued]>
[2025-03-11T10:34:13.804+0000] {taskinstance.py:2614} INFO - Dependencies all met for dep_context=requeueable deps ti=<TaskInstance: daily_product_analysis.orders manual__2025-03-11T10:32:43.671787+00:00 [queued]>
[2025-03-11T10:34:13.843+0000] {taskinstance.py:2867} INFO - Starting attempt 1 of 2
[2025-03-11T10:34:14.224+0000] {taskinstance.py:2890} INFO - Executing <Task(PythonOperator): orders> on 2025-03-11 10:32:43.671787+00:00
[2025-03-11T10:34:14.345+0000] {standard_task_runner.py:104} INFO - Running: ['***', 'tasks', 'run', 'daily_product_analysis', 'orders', 'manual__2025-03-11T10:32:43.671787+00:00', '--job-id', '293', '--raw', '--subdir', 'DAGS_FOLDER/scheduled.py', '--cfg-path', '/tmp/tmpndop87vp']
[2025-03-11T10:34:14.379+0000] {standard_task_runner.py:105} INFO - Job 293: Subtask orders
[2025-03-11T10:34:14.305+0000] {warnings.py:112} WARNING - /home/***/.local/lib/python3.12/site-packages/***/task/task_runner/standard_task_runner.py:70: DeprecationWarning: This process (pid=9315) is multi-threaded, use of fork() may lead to deadlocks in the child.
  pid = os.fork()

[2025-03-11T10:34:14.428+0000] {standard_task_runner.py:72} INFO - Started process 9362 to run task
[2025-03-11T10:34:15.378+0000] {task_command.py:467} INFO - Running <TaskInstance: daily_product_analysis.orders manual__2025-03-11T10:32:43.671787+00:00 [running]> on host efacfdd0be48
[2025-03-11T10:34:16.424+0000] {taskinstance.py:3134} INFO - Exporting env vars: AIRFLOW_CTX_DAG_OWNER='***' AIRFLOW_CTX_DAG_ID='daily_product_analysis' AIRFLOW_CTX_TASK_ID='orders' AIRFLOW_CTX_EXECUTION_DATE='2025-03-11T10:32:43.671787+00:00' AIRFLOW_CTX_TRY_NUMBER='1' AIRFLOW_CTX_DAG_RUN_ID='manual__2025-03-11T10:32:43.671787+00:00'
[2025-03-11T10:34:16.432+0000] {logging_mixin.py:190} INFO - Task instance is in running state
[2025-03-11T10:34:16.438+0000] {logging_mixin.py:190} INFO -  Previous state of the Task instance: queued
[2025-03-11T10:34:16.439+0000] {logging_mixin.py:190} INFO - Current task name:orders state:running start_date:2025-03-11 10:34:11.933575+00:00
[2025-03-11T10:34:16.465+0000] {logging_mixin.py:190} INFO - Dag name:daily_product_analysis and current dag run status:running
[2025-03-11T10:34:16.468+0000] {taskinstance.py:732} INFO - ::endgroup::
[2025-03-11T10:34:16.602+0000] {logging_mixin.py:190} INFO - Validation successful. Found 1615 order records.
[2025-03-11T10:34:16.604+0000] {python.py:240} INFO - Done. Returned value was: None
[2025-03-11T10:34:16.732+0000] {taskinstance.py:341} INFO - ::group::Post task execution logs
[2025-03-11T10:34:16.740+0000] {taskinstance.py:353} INFO - Marking task as SUCCESS. dag_id=daily_product_analysis, task_id=orders, run_id=manual__2025-03-11T10:32:43.671787+00:00, execution_date=20250311T103243, start_date=20250311T103411, end_date=20250311T103416
[2025-03-11T10:34:17.152+0000] {logging_mixin.py:190} INFO - Task instance in success state
[2025-03-11T10:34:17.172+0000] {logging_mixin.py:190} INFO -  Previous state of the Task instance: running
[2025-03-11T10:34:17.176+0000] {logging_mixin.py:190} INFO - Dag name:daily_product_analysis queued_at:2025-03-11 10:32:43.807453+00:00
[2025-03-11T10:34:17.187+0000] {logging_mixin.py:190} INFO - Task hostname:efacfdd0be48 operator:PythonOperator
[2025-03-11T10:34:17.260+0000] {local_task_job_runner.py:266} INFO - Task exited with return code 0
[2025-03-11T10:34:17.309+0000] {local_task_job_runner.py:245} INFO - ::endgroup::
