[2025-03-12T05:20:59.753+0000] {local_task_job_runner.py:123} INFO - ::group::Pre task execution logs
[2025-03-12T05:21:00.679+0000] {taskinstance.py:2614} INFO - Dependencies all met for dep_context=non-requeueable deps ti=<TaskInstance: daily_product_analysis.orders scheduled__2025-03-11T00:00:00+00:00 [queued]>
[2025-03-12T05:21:00.796+0000] {taskinstance.py:2614} INFO - Dependencies all met for dep_context=requeueable deps ti=<TaskInstance: daily_product_analysis.orders scheduled__2025-03-11T00:00:00+00:00 [queued]>
[2025-03-12T05:21:00.810+0000] {taskinstance.py:2867} INFO - Starting attempt 1 of 2
[2025-03-12T05:21:01.139+0000] {taskinstance.py:2890} INFO - Executing <Task(PythonOperator): orders> on 2025-03-11 00:00:00+00:00
[2025-03-12T05:21:01.212+0000] {warnings.py:112} WARNING - /home/***/.local/lib/python3.12/site-packages/***/task/task_runner/standard_task_runner.py:70: DeprecationWarning: This process (pid=9728) is multi-threaded, use of fork() may lead to deadlocks in the child.
  pid = os.fork()

[2025-03-12T05:21:01.289+0000] {standard_task_runner.py:72} INFO - Started process 9734 to run task
[2025-03-12T05:21:01.231+0000] {standard_task_runner.py:104} INFO - Running: ['***', 'tasks', 'run', 'daily_product_analysis', 'orders', 'scheduled__2025-03-11T00:00:00+00:00', '--job-id', '313', '--raw', '--subdir', 'DAGS_FOLDER/scheduled.py', '--cfg-path', '/tmp/tmpi3stfqgw']
[2025-03-12T05:21:01.385+0000] {standard_task_runner.py:105} INFO - Job 313: Subtask orders
[2025-03-12T05:21:01.958+0000] {task_command.py:467} INFO - Running <TaskInstance: daily_product_analysis.orders scheduled__2025-03-11T00:00:00+00:00 [running]> on host efacfdd0be48
[2025-03-12T05:21:02.837+0000] {taskinstance.py:3134} INFO - Exporting env vars: AIRFLOW_CTX_DAG_OWNER='***' AIRFLOW_CTX_DAG_ID='daily_product_analysis' AIRFLOW_CTX_TASK_ID='orders' AIRFLOW_CTX_EXECUTION_DATE='2025-03-11T00:00:00+00:00' AIRFLOW_CTX_TRY_NUMBER='1' AIRFLOW_CTX_DAG_RUN_ID='scheduled__2025-03-11T00:00:00+00:00'
[2025-03-12T05:21:02.847+0000] {logging_mixin.py:190} INFO - Task instance is in running state
[2025-03-12T05:21:02.854+0000] {logging_mixin.py:190} INFO -  Previous state of the Task instance: queued
[2025-03-12T05:21:02.865+0000] {logging_mixin.py:190} INFO - Current task name:orders state:running start_date:2025-03-12 05:21:00.683053+00:00
[2025-03-12T05:21:02.868+0000] {logging_mixin.py:190} INFO - Dag name:daily_product_analysis and current dag run status:running
[2025-03-12T05:21:02.881+0000] {taskinstance.py:732} INFO - ::endgroup::
[2025-03-12T05:21:03.276+0000] {logging_mixin.py:190} INFO - Validation successful. Found 1615 order records.
[2025-03-12T05:21:03.290+0000] {python.py:240} INFO - Done. Returned value was: None
[2025-03-12T05:21:03.465+0000] {taskinstance.py:341} INFO - ::group::Post task execution logs
[2025-03-12T05:21:03.544+0000] {taskinstance.py:353} INFO - Marking task as SUCCESS. dag_id=daily_product_analysis, task_id=orders, run_id=scheduled__2025-03-11T00:00:00+00:00, execution_date=20250311T000000, start_date=20250312T052100, end_date=20250312T052103
[2025-03-12T05:21:03.805+0000] {logging_mixin.py:190} INFO - Task instance in success state
[2025-03-12T05:21:03.806+0000] {logging_mixin.py:190} INFO -  Previous state of the Task instance: running
[2025-03-12T05:21:03.807+0000] {logging_mixin.py:190} INFO - Dag name:daily_product_analysis queued_at:2025-03-12 05:20:17.055979+00:00
[2025-03-12T05:21:03.808+0000] {logging_mixin.py:190} INFO - Task hostname:efacfdd0be48 operator:PythonOperator
[2025-03-12T05:21:03.892+0000] {local_task_job_runner.py:266} INFO - Task exited with return code 0
[2025-03-12T05:21:04.159+0000] {taskinstance.py:3901} INFO - 0 downstream tasks scheduled from follow-on schedule check
[2025-03-12T05:21:04.216+0000] {local_task_job_runner.py:245} INFO - ::endgroup::
