[2025-03-11T10:33:06.562+0000] {local_task_job_runner.py:123} INFO - ::group::Pre task execution logs
[2025-03-11T10:33:06.932+0000] {taskinstance.py:2614} INFO - Dependencies all met for dep_context=non-requeueable deps ti=<TaskInstance: daily_product_analysis.brands manual__2025-03-11T10:32:43.671787+00:00 [queued]>
[2025-03-11T10:33:08.891+0000] {taskinstance.py:2614} INFO - Dependencies all met for dep_context=requeueable deps ti=<TaskInstance: daily_product_analysis.brands manual__2025-03-11T10:32:43.671787+00:00 [queued]>
[2025-03-11T10:33:08.899+0000] {taskinstance.py:2867} INFO - Starting attempt 1 of 2
[2025-03-11T10:33:09.034+0000] {taskinstance.py:2890} INFO - Executing <Task(PythonOperator): brands> on 2025-03-11 10:32:43.671787+00:00
[2025-03-11T10:33:09.215+0000] {standard_task_runner.py:104} INFO - Running: ['***', 'tasks', 'run', 'daily_product_analysis', 'brands', 'manual__2025-03-11T10:32:43.671787+00:00', '--job-id', '282', '--raw', '--subdir', 'DAGS_FOLDER/scheduled.py', '--cfg-path', '/tmp/tmpn44btmuc']
[2025-03-11T10:33:09.256+0000] {warnings.py:112} WARNING - /home/***/.local/lib/python3.12/site-packages/***/task/task_runner/standard_task_runner.py:70: DeprecationWarning: This process (pid=9270) is multi-threaded, use of fork() may lead to deadlocks in the child.
  pid = os.fork()

[2025-03-11T10:33:09.302+0000] {standard_task_runner.py:72} INFO - Started process 9300 to run task
[2025-03-11T10:33:09.275+0000] {standard_task_runner.py:105} INFO - Job 282: Subtask brands
[2025-03-11T10:33:10.251+0000] {task_command.py:467} INFO - Running <TaskInstance: daily_product_analysis.brands manual__2025-03-11T10:32:43.671787+00:00 [running]> on host efacfdd0be48
[2025-03-11T10:33:11.429+0000] {taskinstance.py:3134} INFO - Exporting env vars: AIRFLOW_CTX_DAG_OWNER='***' AIRFLOW_CTX_DAG_ID='daily_product_analysis' AIRFLOW_CTX_TASK_ID='brands' AIRFLOW_CTX_EXECUTION_DATE='2025-03-11T10:32:43.671787+00:00' AIRFLOW_CTX_TRY_NUMBER='1' AIRFLOW_CTX_DAG_RUN_ID='manual__2025-03-11T10:32:43.671787+00:00'
[2025-03-11T10:33:11.444+0000] {logging_mixin.py:190} INFO - Task instance is in running state
[2025-03-11T10:33:11.461+0000] {logging_mixin.py:190} INFO -  Previous state of the Task instance: queued
[2025-03-11T10:33:11.486+0000] {logging_mixin.py:190} INFO - Current task name:brands state:running start_date:2025-03-11 10:33:06.985779+00:00
[2025-03-11T10:33:11.487+0000] {logging_mixin.py:190} INFO - Dag name:daily_product_analysis and current dag run status:running
[2025-03-11T10:33:11.488+0000] {taskinstance.py:732} INFO - ::endgroup::
[2025-03-11T10:33:11.587+0000] {logging_mixin.py:190} INFO - Validation successful. Found 9 brand records.
[2025-03-11T10:33:11.601+0000] {python.py:240} INFO - Done. Returned value was: None
[2025-03-11T10:33:11.809+0000] {taskinstance.py:341} INFO - ::group::Post task execution logs
[2025-03-11T10:33:11.846+0000] {taskinstance.py:353} INFO - Marking task as SUCCESS. dag_id=daily_product_analysis, task_id=brands, run_id=manual__2025-03-11T10:32:43.671787+00:00, execution_date=20250311T103243, start_date=20250311T103306, end_date=20250311T103311
[2025-03-11T10:33:12.024+0000] {logging_mixin.py:190} INFO - Task instance in success state
[2025-03-11T10:33:12.026+0000] {logging_mixin.py:190} INFO -  Previous state of the Task instance: running
[2025-03-11T10:33:12.027+0000] {logging_mixin.py:190} INFO - Dag name:daily_product_analysis queued_at:2025-03-11 10:32:43.807453+00:00
[2025-03-11T10:33:12.028+0000] {logging_mixin.py:190} INFO - Task hostname:efacfdd0be48 operator:PythonOperator
[2025-03-11T10:33:12.078+0000] {local_task_job_runner.py:266} INFO - Task exited with return code 0
[2025-03-11T10:33:12.184+0000] {local_task_job_runner.py:245} INFO - ::endgroup::
