[2025-03-10T06:19:22.300+0000] {processor.py:186} INFO - Started process (PID=25101) to work on /opt/airflow/dags/customers_dag.py
[2025-03-10T06:19:22.302+0000] {processor.py:914} INFO - Processing file /opt/airflow/dags/customers_dag.py for tasks to queue
[2025-03-10T06:19:22.306+0000] {logging_mixin.py:190} INFO - [2025-03-10T06:19:22.305+0000] {dagbag.py:588} INFO - Filling up the DagBag from /opt/airflow/dags/customers_dag.py
[2025-03-10T06:19:22.382+0000] {processor.py:925} INFO - DAG(s) 'customers_data_validation' retrieved from /opt/airflow/dags/customers_dag.py
[2025-03-10T06:19:22.840+0000] {logging_mixin.py:190} INFO - [2025-03-10T06:19:22.838+0000] {override.py:1912} INFO - Created Permission View: can delete on DAG:customers_data_validation
[2025-03-10T06:19:22.924+0000] {logging_mixin.py:190} INFO - [2025-03-10T06:19:22.924+0000] {override.py:1912} INFO - Created Permission View: can read on DAG:customers_data_validation
[2025-03-10T06:19:23.034+0000] {logging_mixin.py:190} INFO - [2025-03-10T06:19:23.033+0000] {override.py:1912} INFO - Created Permission View: can edit on DAG:customers_data_validation
[2025-03-10T06:19:23.088+0000] {logging_mixin.py:190} INFO - [2025-03-10T06:19:23.087+0000] {override.py:1912} INFO - Created Permission View: can delete on DAG Run:customers_data_validation
[2025-03-10T06:19:23.119+0000] {logging_mixin.py:190} INFO - [2025-03-10T06:19:23.118+0000] {override.py:1912} INFO - Created Permission View: can create on DAG Run:customers_data_validation
[2025-03-10T06:19:23.164+0000] {logging_mixin.py:190} INFO - [2025-03-10T06:19:23.158+0000] {override.py:1912} INFO - Created Permission View: menu access on DAG Run:customers_data_validation
[2025-03-10T06:19:23.187+0000] {logging_mixin.py:190} INFO - [2025-03-10T06:19:23.186+0000] {override.py:1912} INFO - Created Permission View: can read on DAG Run:customers_data_validation
[2025-03-10T06:19:23.189+0000] {logging_mixin.py:190} INFO - [2025-03-10T06:19:23.188+0000] {dag.py:3239} INFO - Sync 1 DAGs
[2025-03-10T06:19:23.236+0000] {logging_mixin.py:190} INFO - [2025-03-10T06:19:23.235+0000] {dag.py:3262} INFO - Creating ORM DAG for customers_data_validation
[2025-03-10T06:19:23.289+0000] {logging_mixin.py:190} INFO - [2025-03-10T06:19:23.288+0000] {dag.py:4180} INFO - Setting next_dagrun for customers_data_validation to 2025-03-09 00:00:00+00:00, run_after=2025-03-10 00:00:00+00:00
[2025-03-10T06:19:23.364+0000] {processor.py:208} INFO - Processing /opt/airflow/dags/customers_dag.py took 1.080 seconds
[2025-03-10T06:19:54.202+0000] {processor.py:186} INFO - Started process (PID=25172) to work on /opt/airflow/dags/customers_dag.py
[2025-03-10T06:19:54.208+0000] {processor.py:914} INFO - Processing file /opt/airflow/dags/customers_dag.py for tasks to queue
[2025-03-10T06:19:54.212+0000] {logging_mixin.py:190} INFO - [2025-03-10T06:19:54.211+0000] {dagbag.py:588} INFO - Filling up the DagBag from /opt/airflow/dags/customers_dag.py
[2025-03-10T06:19:54.278+0000] {processor.py:925} INFO - DAG(s) 'customers_data_validation' retrieved from /opt/airflow/dags/customers_dag.py
[2025-03-10T06:19:54.383+0000] {logging_mixin.py:190} INFO - [2025-03-10T06:19:54.382+0000] {dag.py:3239} INFO - Sync 1 DAGs
[2025-03-10T06:19:54.520+0000] {logging_mixin.py:190} INFO - [2025-03-10T06:19:54.519+0000] {dag.py:4180} INFO - Setting next_dagrun for customers_data_validation to 2025-03-09 00:00:00+00:00, run_after=2025-03-10 00:00:00+00:00
[2025-03-10T06:19:54.657+0000] {processor.py:208} INFO - Processing /opt/airflow/dags/customers_dag.py took 0.472 seconds
[2025-03-10T06:20:25.437+0000] {processor.py:186} INFO - Started process (PID=25243) to work on /opt/airflow/dags/customers_dag.py
[2025-03-10T06:20:25.443+0000] {processor.py:914} INFO - Processing file /opt/airflow/dags/customers_dag.py for tasks to queue
[2025-03-10T06:20:25.456+0000] {logging_mixin.py:190} INFO - [2025-03-10T06:20:25.450+0000] {dagbag.py:588} INFO - Filling up the DagBag from /opt/airflow/dags/customers_dag.py
[2025-03-10T06:20:25.632+0000] {processor.py:925} INFO - DAG(s) 'customers_data_validation' retrieved from /opt/airflow/dags/customers_dag.py
[2025-03-10T06:20:25.708+0000] {logging_mixin.py:190} INFO - [2025-03-10T06:20:25.706+0000] {dag.py:3239} INFO - Sync 1 DAGs
[2025-03-10T06:20:25.824+0000] {logging_mixin.py:190} INFO - [2025-03-10T06:20:25.823+0000] {dag.py:4180} INFO - Setting next_dagrun for customers_data_validation to 2025-03-09 00:00:00+00:00, run_after=2025-03-10 00:00:00+00:00
[2025-03-10T06:20:25.894+0000] {processor.py:208} INFO - Processing /opt/airflow/dags/customers_dag.py took 0.474 seconds
[2025-03-10T06:20:56.237+0000] {processor.py:186} INFO - Started process (PID=25313) to work on /opt/airflow/dags/customers_dag.py
[2025-03-10T06:20:56.248+0000] {processor.py:914} INFO - Processing file /opt/airflow/dags/customers_dag.py for tasks to queue
[2025-03-10T06:20:56.253+0000] {logging_mixin.py:190} INFO - [2025-03-10T06:20:56.251+0000] {dagbag.py:588} INFO - Filling up the DagBag from /opt/airflow/dags/customers_dag.py
[2025-03-10T06:20:56.348+0000] {processor.py:925} INFO - DAG(s) 'customers_data_validation' retrieved from /opt/airflow/dags/customers_dag.py
[2025-03-10T06:20:56.431+0000] {logging_mixin.py:190} INFO - [2025-03-10T06:20:56.430+0000] {dag.py:3239} INFO - Sync 1 DAGs
[2025-03-10T06:20:56.542+0000] {logging_mixin.py:190} INFO - [2025-03-10T06:20:56.540+0000] {dag.py:4180} INFO - Setting next_dagrun for customers_data_validation to 2025-03-09 00:00:00+00:00, run_after=2025-03-10 00:00:00+00:00
[2025-03-10T06:20:56.632+0000] {processor.py:208} INFO - Processing /opt/airflow/dags/customers_dag.py took 0.428 seconds
[2025-03-10T06:21:30.269+0000] {processor.py:186} INFO - Started process (PID=25383) to work on /opt/airflow/dags/customers_dag.py
[2025-03-10T06:21:30.271+0000] {processor.py:914} INFO - Processing file /opt/airflow/dags/customers_dag.py for tasks to queue
[2025-03-10T06:21:30.275+0000] {logging_mixin.py:190} INFO - [2025-03-10T06:21:30.274+0000] {dagbag.py:588} INFO - Filling up the DagBag from /opt/airflow/dags/customers_dag.py
[2025-03-10T06:21:30.313+0000] {processor.py:925} INFO - DAG(s) 'customers_data_validation' retrieved from /opt/airflow/dags/customers_dag.py
[2025-03-10T06:21:30.374+0000] {logging_mixin.py:190} INFO - [2025-03-10T06:21:30.373+0000] {dag.py:3239} INFO - Sync 1 DAGs
[2025-03-10T06:21:30.501+0000] {logging_mixin.py:190} INFO - [2025-03-10T06:21:30.499+0000] {dag.py:4180} INFO - Setting next_dagrun for customers_data_validation to 2025-03-09 00:00:00+00:00, run_after=2025-03-10 00:00:00+00:00
[2025-03-10T06:21:30.557+0000] {processor.py:208} INFO - Processing /opt/airflow/dags/customers_dag.py took 0.299 seconds
[2025-03-10T06:22:02.898+0000] {processor.py:186} INFO - Started process (PID=25440) to work on /opt/airflow/dags/customers_dag.py
[2025-03-10T06:22:02.951+0000] {processor.py:914} INFO - Processing file /opt/airflow/dags/customers_dag.py for tasks to queue
[2025-03-10T06:22:02.991+0000] {logging_mixin.py:190} INFO - [2025-03-10T06:22:02.986+0000] {dagbag.py:588} INFO - Filling up the DagBag from /opt/airflow/dags/customers_dag.py
[2025-03-10T06:22:03.425+0000] {processor.py:925} INFO - DAG(s) 'customers_data_validation' retrieved from /opt/airflow/dags/customers_dag.py
[2025-03-10T06:22:03.538+0000] {logging_mixin.py:190} INFO - [2025-03-10T06:22:03.537+0000] {dag.py:3239} INFO - Sync 1 DAGs
[2025-03-10T06:22:03.686+0000] {logging_mixin.py:190} INFO - [2025-03-10T06:22:03.684+0000] {dag.py:4180} INFO - Setting next_dagrun for customers_data_validation to 2025-03-09 00:00:00+00:00, run_after=2025-03-10 00:00:00+00:00
[2025-03-10T06:22:03.770+0000] {processor.py:208} INFO - Processing /opt/airflow/dags/customers_dag.py took 0.896 seconds
