[2025-03-11T10:33:48.960+0000] {local_task_job_runner.py:123} INFO - ::group::Pre task execution logs
[2025-03-11T10:33:49.119+0000] {taskinstance.py:2614} INFO - Dependencies all met for dep_context=non-requeueable deps ti=<TaskInstance: daily_product_analysis.customers manual__2025-03-11T10:33:14.563159+00:00 [queued]>
[2025-03-11T10:33:49.912+0000] {taskinstance.py:2614} INFO - Dependencies all met for dep_context=requeueable deps ti=<TaskInstance: daily_product_analysis.customers manual__2025-03-11T10:33:14.563159+00:00 [queued]>
[2025-03-11T10:33:49.922+0000] {taskinstance.py:2867} INFO - Starting attempt 1 of 2
[2025-03-11T10:33:50.127+0000] {taskinstance.py:2890} INFO - Executing <Task(PythonOperator): customers> on 2025-03-11 10:33:14.563159+00:00
[2025-03-11T10:33:50.332+0000] {warnings.py:112} WARNING - /home/***/.local/lib/python3.12/site-packages/***/task/task_runner/standard_task_runner.py:70: DeprecationWarning: This process (pid=9318) is multi-threaded, use of fork() may lead to deadlocks in the child.
  pid = os.fork()

[2025-03-11T10:33:50.379+0000] {standard_task_runner.py:104} INFO - Running: ['***', 'tasks', 'run', 'daily_product_analysis', 'customers', 'manual__2025-03-11T10:33:14.563159+00:00', '--job-id', '292', '--raw', '--subdir', 'DAGS_FOLDER/scheduled.py', '--cfg-path', '/tmp/tmplj4aii11']
[2025-03-11T10:33:50.401+0000] {standard_task_runner.py:105} INFO - Job 292: Subtask customers
[2025-03-11T10:33:50.397+0000] {standard_task_runner.py:72} INFO - Started process 9348 to run task
[2025-03-11T10:33:50.939+0000] {task_command.py:467} INFO - Running <TaskInstance: daily_product_analysis.customers manual__2025-03-11T10:33:14.563159+00:00 [running]> on host efacfdd0be48
[2025-03-11T10:33:52.191+0000] {taskinstance.py:3134} INFO - Exporting env vars: AIRFLOW_CTX_DAG_OWNER='***' AIRFLOW_CTX_DAG_ID='daily_product_analysis' AIRFLOW_CTX_TASK_ID='customers' AIRFLOW_CTX_EXECUTION_DATE='2025-03-11T10:33:14.563159+00:00' AIRFLOW_CTX_TRY_NUMBER='1' AIRFLOW_CTX_DAG_RUN_ID='manual__2025-03-11T10:33:14.563159+00:00'
[2025-03-11T10:33:52.325+0000] {logging_mixin.py:190} INFO - Task instance is in running state
[2025-03-11T10:33:52.333+0000] {logging_mixin.py:190} INFO -  Previous state of the Task instance: queued
[2025-03-11T10:33:52.347+0000] {logging_mixin.py:190} INFO - Current task name:customers state:running start_date:2025-03-11 10:33:49.128275+00:00
[2025-03-11T10:33:52.372+0000] {logging_mixin.py:190} INFO - Dag name:daily_product_analysis and current dag run status:running
[2025-03-11T10:33:52.400+0000] {taskinstance.py:732} INFO - ::endgroup::
[2025-03-11T10:33:52.586+0000] {logging_mixin.py:190} INFO - Validation successful. Found 1445 customer records.
[2025-03-11T10:33:52.625+0000] {python.py:240} INFO - Done. Returned value was: None
[2025-03-11T10:33:52.761+0000] {taskinstance.py:341} INFO - ::group::Post task execution logs
[2025-03-11T10:33:52.764+0000] {taskinstance.py:353} INFO - Marking task as SUCCESS. dag_id=daily_product_analysis, task_id=customers, run_id=manual__2025-03-11T10:33:14.563159+00:00, execution_date=20250311T103314, start_date=20250311T103349, end_date=20250311T103352
[2025-03-11T10:33:53.066+0000] {logging_mixin.py:190} INFO - Task instance in success state
[2025-03-11T10:33:53.086+0000] {logging_mixin.py:190} INFO -  Previous state of the Task instance: running
[2025-03-11T10:33:53.097+0000] {logging_mixin.py:190} INFO - Dag name:daily_product_analysis queued_at:2025-03-11 10:33:14.711594+00:00
[2025-03-11T10:33:53.098+0000] {logging_mixin.py:190} INFO - Task hostname:efacfdd0be48 operator:PythonOperator
[2025-03-11T10:33:53.163+0000] {local_task_job_runner.py:266} INFO - Task exited with return code 0
[2025-03-11T10:33:53.269+0000] {local_task_job_runner.py:245} INFO - ::endgroup::
