[2025-03-11T10:33:44.014+0000] {local_task_job_runner.py:123} INFO - ::group::Pre task execution logs
[2025-03-11T10:33:46.997+0000] {taskinstance.py:2614} INFO - Dependencies all met for dep_context=non-requeueable deps ti=<TaskInstance: daily_product_analysis.products manual__2025-03-11T10:32:43.671787+00:00 [queued]>
[2025-03-11T10:33:47.291+0000] {taskinstance.py:2614} INFO - Dependencies all met for dep_context=requeueable deps ti=<TaskInstance: daily_product_analysis.products manual__2025-03-11T10:32:43.671787+00:00 [queued]>
[2025-03-11T10:33:47.307+0000] {taskinstance.py:2867} INFO - Starting attempt 1 of 2
[2025-03-11T10:33:47.564+0000] {taskinstance.py:2890} INFO - Executing <Task(PythonOperator): products> on 2025-03-11 10:32:43.671787+00:00
[2025-03-11T10:33:47.689+0000] {warnings.py:112} WARNING - /home/***/.local/lib/python3.12/site-packages/***/task/task_runner/standard_task_runner.py:70: DeprecationWarning: This process (pid=9308) is multi-threaded, use of fork() may lead to deadlocks in the child.
  pid = os.fork()

[2025-03-11T10:33:47.705+0000] {standard_task_runner.py:72} INFO - Started process 9340 to run task
[2025-03-11T10:33:47.754+0000] {standard_task_runner.py:104} INFO - Running: ['***', 'tasks', 'run', 'daily_product_analysis', 'products', 'manual__2025-03-11T10:32:43.671787+00:00', '--job-id', '287', '--raw', '--subdir', 'DAGS_FOLDER/scheduled.py', '--cfg-path', '/tmp/tmpp1f21fej']
[2025-03-11T10:33:47.871+0000] {standard_task_runner.py:105} INFO - Job 287: Subtask products
[2025-03-11T10:33:48.787+0000] {task_command.py:467} INFO - Running <TaskInstance: daily_product_analysis.products manual__2025-03-11T10:32:43.671787+00:00 [running]> on host efacfdd0be48
[2025-03-11T10:33:49.492+0000] {taskinstance.py:3134} INFO - Exporting env vars: AIRFLOW_CTX_DAG_OWNER='***' AIRFLOW_CTX_DAG_ID='daily_product_analysis' AIRFLOW_CTX_TASK_ID='products' AIRFLOW_CTX_EXECUTION_DATE='2025-03-11T10:32:43.671787+00:00' AIRFLOW_CTX_TRY_NUMBER='1' AIRFLOW_CTX_DAG_RUN_ID='manual__2025-03-11T10:32:43.671787+00:00'
[2025-03-11T10:33:49.513+0000] {logging_mixin.py:190} INFO - Task instance is in running state
[2025-03-11T10:33:49.518+0000] {logging_mixin.py:190} INFO -  Previous state of the Task instance: queued
[2025-03-11T10:33:49.520+0000] {logging_mixin.py:190} INFO - Current task name:products state:running start_date:2025-03-11 10:33:47.086164+00:00
[2025-03-11T10:33:49.523+0000] {logging_mixin.py:190} INFO - Dag name:daily_product_analysis and current dag run status:running
[2025-03-11T10:33:49.528+0000] {taskinstance.py:732} INFO - ::endgroup::
[2025-03-11T10:33:49.651+0000] {logging_mixin.py:190} INFO - Validation successful. Found 321 product records.
[2025-03-11T10:33:49.662+0000] {python.py:240} INFO - Done. Returned value was: None
[2025-03-11T10:33:49.723+0000] {taskinstance.py:341} INFO - ::group::Post task execution logs
[2025-03-11T10:33:49.735+0000] {taskinstance.py:353} INFO - Marking task as SUCCESS. dag_id=daily_product_analysis, task_id=products, run_id=manual__2025-03-11T10:32:43.671787+00:00, execution_date=20250311T103243, start_date=20250311T103347, end_date=20250311T103349
[2025-03-11T10:33:50.033+0000] {logging_mixin.py:190} INFO - Task instance in success state
[2025-03-11T10:33:50.048+0000] {logging_mixin.py:190} INFO -  Previous state of the Task instance: running
[2025-03-11T10:33:50.080+0000] {logging_mixin.py:190} INFO - Dag name:daily_product_analysis queued_at:2025-03-11 10:32:43.807453+00:00
[2025-03-11T10:33:50.103+0000] {logging_mixin.py:190} INFO - Task hostname:efacfdd0be48 operator:PythonOperator
[2025-03-11T10:33:50.412+0000] {local_task_job_runner.py:266} INFO - Task exited with return code 0
[2025-03-11T10:33:50.622+0000] {local_task_job_runner.py:245} INFO - ::endgroup::
