[2025-03-12T15:05:53.856+0000] {local_task_job_runner.py:123} INFO - ::group::Pre task execution logs
[2025-03-12T15:05:53.962+0000] {taskinstance.py:2614} INFO - Dependencies all met for dep_context=non-requeueable deps ti=<TaskInstance: weekly_category_analysis.category_stocks_analysis scheduled__2025-03-05T13:00:00+00:00 [queued]>
[2025-03-12T15:05:54.001+0000] {taskinstance.py:2614} INFO - Dependencies all met for dep_context=requeueable deps ti=<TaskInstance: weekly_category_analysis.category_stocks_analysis scheduled__2025-03-05T13:00:00+00:00 [queued]>
[2025-03-12T15:05:54.002+0000] {taskinstance.py:2867} INFO - Starting attempt 1 of 2
[2025-03-12T15:05:54.048+0000] {taskinstance.py:2890} INFO - Executing <Task(PythonOperator): category_stocks_analysis> on 2025-03-05 13:00:00+00:00
[2025-03-12T15:05:54.061+0000] {warnings.py:112} WARNING - /home/***/.local/lib/python3.12/site-packages/***/task/task_runner/standard_task_runner.py:70: DeprecationWarning: This process (pid=1355) is multi-threaded, use of fork() may lead to deadlocks in the child.
  pid = os.fork()

[2025-03-12T15:05:54.072+0000] {standard_task_runner.py:72} INFO - Started process 1370 to run task
[2025-03-12T15:05:54.065+0000] {standard_task_runner.py:104} INFO - Running: ['***', 'tasks', 'run', 'weekly_category_analysis', 'category_stocks_analysis', 'scheduled__2025-03-05T13:00:00+00:00', '--job-id', '498', '--raw', '--subdir', 'DAGS_FOLDER/s3_data.py', '--cfg-path', '/tmp/tmphuy76xdl']
[2025-03-12T15:05:54.101+0000] {standard_task_runner.py:105} INFO - Job 498: Subtask category_stocks_analysis
[2025-03-12T15:05:54.221+0000] {task_command.py:467} INFO - Running <TaskInstance: weekly_category_analysis.category_stocks_analysis scheduled__2025-03-05T13:00:00+00:00 [running]> on host b404e9833d11
[2025-03-12T15:05:54.410+0000] {taskinstance.py:3134} INFO - Exporting env vars: AIRFLOW_CTX_DAG_OWNER='***' AIRFLOW_CTX_DAG_ID='weekly_category_analysis' AIRFLOW_CTX_TASK_ID='category_stocks_analysis' AIRFLOW_CTX_EXECUTION_DATE='2025-03-05T13:00:00+00:00' AIRFLOW_CTX_TRY_NUMBER='1' AIRFLOW_CTX_DAG_RUN_ID='scheduled__2025-03-05T13:00:00+00:00'
[2025-03-12T15:05:54.413+0000] {logging_mixin.py:190} INFO - Task instance is in running state
[2025-03-12T15:05:54.414+0000] {logging_mixin.py:190} INFO -  Previous state of the Task instance: queued
[2025-03-12T15:05:54.416+0000] {logging_mixin.py:190} INFO - Current task name:category_stocks_analysis state:running start_date:2025-03-12 15:05:53.963849+00:00
[2025-03-12T15:05:54.417+0000] {logging_mixin.py:190} INFO - Dag name:weekly_category_analysis and current dag run status:running
[2025-03-12T15:05:54.418+0000] {taskinstance.py:732} INFO - ::endgroup::
[2025-03-12T15:05:57.033+0000] {httpchecksum.py:481} INFO - Skipping checksum validation. Response did not contain one of the following algorithms: ['crc32', 'sha1', 'sha256'].
[2025-03-12T15:05:57.254+0000] {httpchecksum.py:481} INFO - Skipping checksum validation. Response did not contain one of the following algorithms: ['crc32', 'sha1', 'sha256'].
[2025-03-12T15:05:57.491+0000] {httpchecksum.py:481} INFO - Skipping checksum validation. Response did not contain one of the following algorithms: ['crc32', 'sha1', 'sha256'].
[2025-03-12T15:05:57.940+0000] {logging_mixin.py:190} INFO - Category stocks analysis completed successfully
[2025-03-12T15:05:57.942+0000] {python.py:240} INFO - Done. Returned value was: None
[2025-03-12T15:05:57.966+0000] {taskinstance.py:341} INFO - ::group::Post task execution logs
[2025-03-12T15:05:57.968+0000] {taskinstance.py:353} INFO - Marking task as SUCCESS. dag_id=weekly_category_analysis, task_id=category_stocks_analysis, run_id=scheduled__2025-03-05T13:00:00+00:00, execution_date=20250305T130000, start_date=20250312T150553, end_date=20250312T150557
[2025-03-12T15:05:58.053+0000] {logging_mixin.py:190} INFO - Task instance in success state
[2025-03-12T15:05:58.054+0000] {logging_mixin.py:190} INFO -  Previous state of the Task instance: running
[2025-03-12T15:05:58.055+0000] {logging_mixin.py:190} INFO - Dag name:weekly_category_analysis queued_at:2025-03-12 15:04:59.119982+00:00
[2025-03-12T15:05:58.056+0000] {logging_mixin.py:190} INFO - Task hostname:b404e9833d11 operator:PythonOperator
[2025-03-12T15:05:58.085+0000] {local_task_job_runner.py:266} INFO - Task exited with return code 0
[2025-03-12T15:05:58.124+0000] {taskinstance.py:3901} INFO - 0 downstream tasks scheduled from follow-on schedule check
[2025-03-12T15:05:58.127+0000] {local_task_job_runner.py:245} INFO - ::endgroup::
