[2025-03-11T10:26:21.764+0000] {local_task_job_runner.py:123} INFO - ::group::Pre task execution logs
[2025-03-11T10:26:21.947+0000] {taskinstance.py:2614} INFO - Dependencies all met for dep_context=non-requeueable deps ti=<TaskInstance: weekly_category_analysis.category_stocks_analysis manual__2025-03-11T10:25:41.084956+00:00 [queued]>
[2025-03-11T10:26:21.994+0000] {taskinstance.py:2614} INFO - Dependencies all met for dep_context=requeueable deps ti=<TaskInstance: weekly_category_analysis.category_stocks_analysis manual__2025-03-11T10:25:41.084956+00:00 [queued]>
[2025-03-11T10:26:21.996+0000] {taskinstance.py:2867} INFO - Starting attempt 1 of 2
[2025-03-11T10:26:22.082+0000] {taskinstance.py:2890} INFO - Executing <Task(PythonOperator): category_stocks_analysis> on 2025-03-11 10:25:41.084956+00:00
[2025-03-11T10:26:22.103+0000] {warnings.py:112} WARNING - /home/***/.local/lib/python3.12/site-packages/***/task/task_runner/standard_task_runner.py:70: DeprecationWarning: This process (pid=9191) is multi-threaded, use of fork() may lead to deadlocks in the child.
  pid = os.fork()

[2025-03-11T10:26:22.112+0000] {standard_task_runner.py:104} INFO - Running: ['***', 'tasks', 'run', 'weekly_category_analysis', 'category_stocks_analysis', 'manual__2025-03-11T10:25:41.084956+00:00', '--job-id', '275', '--raw', '--subdir', 'DAGS_FOLDER/scheduled.py', '--cfg-path', '/tmp/tmpxqz_q_le']
[2025-03-11T10:26:22.115+0000] {standard_task_runner.py:72} INFO - Started process 9202 to run task
[2025-03-11T10:26:22.126+0000] {standard_task_runner.py:105} INFO - Job 275: Subtask category_stocks_analysis
[2025-03-11T10:26:22.343+0000] {task_command.py:467} INFO - Running <TaskInstance: weekly_category_analysis.category_stocks_analysis manual__2025-03-11T10:25:41.084956+00:00 [running]> on host efacfdd0be48
[2025-03-11T10:26:23.193+0000] {taskinstance.py:3134} INFO - Exporting env vars: AIRFLOW_CTX_DAG_OWNER='***' AIRFLOW_CTX_DAG_ID='weekly_category_analysis' AIRFLOW_CTX_TASK_ID='category_stocks_analysis' AIRFLOW_CTX_EXECUTION_DATE='2025-03-11T10:25:41.084956+00:00' AIRFLOW_CTX_TRY_NUMBER='1' AIRFLOW_CTX_DAG_RUN_ID='manual__2025-03-11T10:25:41.084956+00:00'
[2025-03-11T10:26:23.198+0000] {logging_mixin.py:190} INFO - Task instance is in running state
[2025-03-11T10:26:23.205+0000] {logging_mixin.py:190} INFO -  Previous state of the Task instance: queued
[2025-03-11T10:26:23.221+0000] {logging_mixin.py:190} INFO - Current task name:category_stocks_analysis state:running start_date:2025-03-11 10:26:21.948859+00:00
[2025-03-11T10:26:23.232+0000] {logging_mixin.py:190} INFO - Dag name:weekly_category_analysis and current dag run status:running
[2025-03-11T10:26:23.246+0000] {taskinstance.py:732} INFO - ::endgroup::
[2025-03-11T10:26:23.463+0000] {logging_mixin.py:190} INFO - Category stocks analysis completed successfully
[2025-03-11T10:26:23.465+0000] {python.py:240} INFO - Done. Returned value was: None
[2025-03-11T10:26:23.514+0000] {taskinstance.py:341} INFO - ::group::Post task execution logs
[2025-03-11T10:26:23.530+0000] {taskinstance.py:353} INFO - Marking task as SUCCESS. dag_id=weekly_category_analysis, task_id=category_stocks_analysis, run_id=manual__2025-03-11T10:25:41.084956+00:00, execution_date=20250311T102541, start_date=20250311T102621, end_date=20250311T102623
[2025-03-11T10:26:23.619+0000] {logging_mixin.py:190} INFO - Task instance in success state
[2025-03-11T10:26:23.627+0000] {logging_mixin.py:190} INFO -  Previous state of the Task instance: running
[2025-03-11T10:26:23.629+0000] {logging_mixin.py:190} INFO - Dag name:weekly_category_analysis queued_at:2025-03-11 10:25:41.129480+00:00
[2025-03-11T10:26:23.629+0000] {logging_mixin.py:190} INFO - Task hostname:efacfdd0be48 operator:PythonOperator
[2025-03-11T10:26:23.710+0000] {local_task_job_runner.py:266} INFO - Task exited with return code 0
[2025-03-11T10:26:23.759+0000] {taskinstance.py:3901} INFO - 0 downstream tasks scheduled from follow-on schedule check
[2025-03-11T10:26:23.764+0000] {local_task_job_runner.py:245} INFO - ::endgroup::
