[2025-03-12T08:17:55.630+0000] {local_task_job_runner.py:123} INFO - ::group::Pre task execution logs
[2025-03-12T08:17:55.757+0000] {taskinstance.py:2614} INFO - Dependencies all met for dep_context=non-requeueable deps ti=<TaskInstance: weekly_category_analysis.stores manual__2025-03-12T08:17:11.077845+00:00 [queued]>
[2025-03-12T08:17:55.798+0000] {taskinstance.py:2614} INFO - Dependencies all met for dep_context=requeueable deps ti=<TaskInstance: weekly_category_analysis.stores manual__2025-03-12T08:17:11.077845+00:00 [queued]>
[2025-03-12T08:17:55.799+0000] {taskinstance.py:2867} INFO - Starting attempt 1 of 2
[2025-03-12T08:17:55.884+0000] {taskinstance.py:2890} INFO - Executing <Task(PythonOperator): stores> on 2025-03-12 08:17:11.077845+00:00
[2025-03-12T08:17:55.940+0000] {standard_task_runner.py:104} INFO - Running: ['***', 'tasks', 'run', 'weekly_category_analysis', 'stores', 'manual__2025-03-12T08:17:11.077845+00:00', '--job-id', '346', '--raw', '--subdir', 'DAGS_FOLDER/s3_data.py', '--cfg-path', '/tmp/tmptg9ru73q']
[2025-03-12T08:17:55.945+0000] {standard_task_runner.py:105} INFO - Job 346: Subtask stores
[2025-03-12T08:17:55.930+0000] {warnings.py:112} WARNING - /home/***/.local/lib/python3.12/site-packages/***/task/task_runner/standard_task_runner.py:70: DeprecationWarning: This process (pid=106) is multi-threaded, use of fork() may lead to deadlocks in the child.
  pid = os.fork()

[2025-03-12T08:17:55.949+0000] {standard_task_runner.py:72} INFO - Started process 116 to run task
[2025-03-12T08:17:56.125+0000] {task_command.py:467} INFO - Running <TaskInstance: weekly_category_analysis.stores manual__2025-03-12T08:17:11.077845+00:00 [running]> on host fc342882eb4f
[2025-03-12T08:17:57.136+0000] {taskinstance.py:3134} INFO - Exporting env vars: AIRFLOW_CTX_DAG_OWNER='***' AIRFLOW_CTX_DAG_ID='weekly_category_analysis' AIRFLOW_CTX_TASK_ID='stores' AIRFLOW_CTX_EXECUTION_DATE='2025-03-12T08:17:11.077845+00:00' AIRFLOW_CTX_TRY_NUMBER='1' AIRFLOW_CTX_DAG_RUN_ID='manual__2025-03-12T08:17:11.077845+00:00'
[2025-03-12T08:17:57.143+0000] {logging_mixin.py:190} INFO - Task instance is in running state
[2025-03-12T08:17:57.144+0000] {logging_mixin.py:190} INFO -  Previous state of the Task instance: queued
[2025-03-12T08:17:57.149+0000] {logging_mixin.py:190} INFO - Current task name:stores state:running start_date:2025-03-12 08:17:55.759386+00:00
[2025-03-12T08:17:57.151+0000] {logging_mixin.py:190} INFO - Dag name:weekly_category_analysis and current dag run status:running
[2025-03-12T08:17:57.152+0000] {taskinstance.py:732} INFO - ::endgroup::
[2025-03-12T08:17:57.210+0000] {logging_mixin.py:190} INFO - Validation successful. Found 3 store records.
[2025-03-12T08:17:57.217+0000] {python.py:240} INFO - Done. Returned value was: None
[2025-03-12T08:17:57.266+0000] {taskinstance.py:341} INFO - ::group::Post task execution logs
[2025-03-12T08:17:57.267+0000] {taskinstance.py:353} INFO - Marking task as SUCCESS. dag_id=weekly_category_analysis, task_id=stores, run_id=manual__2025-03-12T08:17:11.077845+00:00, execution_date=20250312T081711, start_date=20250312T081755, end_date=20250312T081757
[2025-03-12T08:17:57.349+0000] {logging_mixin.py:190} INFO - Task instance in success state
[2025-03-12T08:17:57.355+0000] {logging_mixin.py:190} INFO -  Previous state of the Task instance: running
[2025-03-12T08:17:57.363+0000] {logging_mixin.py:190} INFO - Dag name:weekly_category_analysis queued_at:2025-03-12 08:17:11.121609+00:00
[2025-03-12T08:17:57.368+0000] {logging_mixin.py:190} INFO - Task hostname:fc342882eb4f operator:PythonOperator
[2025-03-12T08:17:57.471+0000] {local_task_job_runner.py:266} INFO - Task exited with return code 0
[2025-03-12T08:17:58.122+0000] {taskinstance.py:3901} INFO - 1 downstream tasks scheduled from follow-on schedule check
[2025-03-12T08:17:58.133+0000] {local_task_job_runner.py:245} INFO - ::endgroup::
