[2025-03-12T08:09:04.228+0000] {local_task_job_runner.py:123} INFO - ::group::Pre task execution logs
[2025-03-12T08:09:04.300+0000] {taskinstance.py:2614} INFO - Dependencies all met for dep_context=non-requeueable deps ti=<TaskInstance: weekly_category_analysis.customers manual__2025-03-12T08:08:41.718880+00:00 [queued]>
[2025-03-12T08:09:04.834+0000] {taskinstance.py:2614} INFO - Dependencies all met for dep_context=requeueable deps ti=<TaskInstance: weekly_category_analysis.customers manual__2025-03-12T08:08:41.718880+00:00 [queued]>
[2025-03-12T08:09:04.835+0000] {taskinstance.py:2867} INFO - Starting attempt 1 of 2
[2025-03-12T08:09:04.901+0000] {taskinstance.py:2890} INFO - Executing <Task(PythonOperator): customers> on 2025-03-12 08:08:41.718880+00:00
[2025-03-12T08:09:04.924+0000] {warnings.py:112} WARNING - /home/***/.local/lib/python3.12/site-packages/***/task/task_runner/standard_task_runner.py:70: DeprecationWarning: This process (pid=720) is multi-threaded, use of fork() may lead to deadlocks in the child.
  pid = os.fork()

[2025-03-12T08:09:04.930+0000] {standard_task_runner.py:72} INFO - Started process 739 to run task
[2025-03-12T08:09:04.973+0000] {standard_task_runner.py:104} INFO - Running: ['***', 'tasks', 'run', 'weekly_category_analysis', 'customers', 'manual__2025-03-12T08:08:41.718880+00:00', '--job-id', '330', '--raw', '--subdir', 'DAGS_FOLDER/s3_data.py', '--cfg-path', '/tmp/tmp25qzb8py']
[2025-03-12T08:09:04.978+0000] {standard_task_runner.py:105} INFO - Job 330: Subtask customers
[2025-03-12T08:09:05.181+0000] {task_command.py:467} INFO - Running <TaskInstance: weekly_category_analysis.customers manual__2025-03-12T08:08:41.718880+00:00 [running]> on host fc342882eb4f
[2025-03-12T08:09:05.612+0000] {taskinstance.py:3134} INFO - Exporting env vars: AIRFLOW_CTX_DAG_OWNER='***' AIRFLOW_CTX_DAG_ID='weekly_category_analysis' AIRFLOW_CTX_TASK_ID='customers' AIRFLOW_CTX_EXECUTION_DATE='2025-03-12T08:08:41.718880+00:00' AIRFLOW_CTX_TRY_NUMBER='1' AIRFLOW_CTX_DAG_RUN_ID='manual__2025-03-12T08:08:41.718880+00:00'
[2025-03-12T08:09:05.622+0000] {logging_mixin.py:190} INFO - Task instance is in running state
[2025-03-12T08:09:05.641+0000] {logging_mixin.py:190} INFO -  Previous state of the Task instance: queued
[2025-03-12T08:09:05.649+0000] {logging_mixin.py:190} INFO - Current task name:customers state:running start_date:2025-03-12 08:09:04.302852+00:00
[2025-03-12T08:09:05.663+0000] {logging_mixin.py:190} INFO - Dag name:weekly_category_analysis and current dag run status:running
[2025-03-12T08:09:05.678+0000] {taskinstance.py:732} INFO - ::endgroup::
[2025-03-12T08:09:05.780+0000] {logging_mixin.py:190} INFO - Validation successful. Found 1445 customer records.
[2025-03-12T08:09:05.786+0000] {python.py:240} INFO - Done. Returned value was: None
[2025-03-12T08:09:05.830+0000] {taskinstance.py:341} INFO - ::group::Post task execution logs
[2025-03-12T08:09:05.831+0000] {taskinstance.py:353} INFO - Marking task as SUCCESS. dag_id=weekly_category_analysis, task_id=customers, run_id=manual__2025-03-12T08:08:41.718880+00:00, execution_date=20250312T080841, start_date=20250312T080904, end_date=20250312T080905
[2025-03-12T08:09:05.938+0000] {logging_mixin.py:190} INFO - Task instance in success state
[2025-03-12T08:09:05.939+0000] {logging_mixin.py:190} INFO -  Previous state of the Task instance: running
[2025-03-12T08:09:05.940+0000] {logging_mixin.py:190} INFO - Dag name:weekly_category_analysis queued_at:2025-03-12 08:08:41.799977+00:00
[2025-03-12T08:09:05.942+0000] {logging_mixin.py:190} INFO - Task hostname:fc342882eb4f operator:PythonOperator
[2025-03-12T08:09:05.983+0000] {local_task_job_runner.py:266} INFO - Task exited with return code 0
[2025-03-12T08:09:06.126+0000] {taskinstance.py:3901} INFO - 1 downstream tasks scheduled from follow-on schedule check
[2025-03-12T08:09:06.140+0000] {local_task_job_runner.py:245} INFO - ::endgroup::
