[2025-03-12T08:18:05.455+0000] {local_task_job_runner.py:123} INFO - ::group::Pre task execution logs
[2025-03-12T08:18:05.627+0000] {taskinstance.py:2614} INFO - Dependencies all met for dep_context=non-requeueable deps ti=<TaskInstance: weekly_category_analysis.products manual__2025-03-12T08:17:11.077845+00:00 [queued]>
[2025-03-12T08:18:05.686+0000] {taskinstance.py:2614} INFO - Dependencies all met for dep_context=requeueable deps ti=<TaskInstance: weekly_category_analysis.products manual__2025-03-12T08:17:11.077845+00:00 [queued]>
[2025-03-12T08:18:05.690+0000] {taskinstance.py:2867} INFO - Starting attempt 1 of 2
[2025-03-12T08:18:05.783+0000] {taskinstance.py:2890} INFO - Executing <Task(PythonOperator): products> on 2025-03-12 08:17:11.077845+00:00
[2025-03-12T08:18:05.805+0000] {warnings.py:112} WARNING - /home/***/.local/lib/python3.12/site-packages/***/task/task_runner/standard_task_runner.py:70: DeprecationWarning: This process (pid=126) is multi-threaded, use of fork() may lead to deadlocks in the child.
  pid = os.fork()

[2025-03-12T08:18:05.811+0000] {standard_task_runner.py:72} INFO - Started process 134 to run task
[2025-03-12T08:18:05.820+0000] {standard_task_runner.py:104} INFO - Running: ['***', 'tasks', 'run', 'weekly_category_analysis', 'products', 'manual__2025-03-12T08:17:11.077845+00:00', '--job-id', '348', '--raw', '--subdir', 'DAGS_FOLDER/s3_data.py', '--cfg-path', '/tmp/tmpjy0cykaw']
[2025-03-12T08:18:05.834+0000] {standard_task_runner.py:105} INFO - Job 348: Subtask products
[2025-03-12T08:18:06.030+0000] {task_command.py:467} INFO - Running <TaskInstance: weekly_category_analysis.products manual__2025-03-12T08:17:11.077845+00:00 [running]> on host fc342882eb4f
[2025-03-12T08:18:06.387+0000] {taskinstance.py:3134} INFO - Exporting env vars: AIRFLOW_CTX_DAG_OWNER='***' AIRFLOW_CTX_DAG_ID='weekly_category_analysis' AIRFLOW_CTX_TASK_ID='products' AIRFLOW_CTX_EXECUTION_DATE='2025-03-12T08:17:11.077845+00:00' AIRFLOW_CTX_TRY_NUMBER='1' AIRFLOW_CTX_DAG_RUN_ID='manual__2025-03-12T08:17:11.077845+00:00'
[2025-03-12T08:18:06.391+0000] {logging_mixin.py:190} INFO - Task instance is in running state
[2025-03-12T08:18:06.394+0000] {logging_mixin.py:190} INFO -  Previous state of the Task instance: queued
[2025-03-12T08:18:06.396+0000] {logging_mixin.py:190} INFO - Current task name:products state:running start_date:2025-03-12 08:18:05.636180+00:00
[2025-03-12T08:18:06.398+0000] {logging_mixin.py:190} INFO - Dag name:weekly_category_analysis and current dag run status:running
[2025-03-12T08:18:06.399+0000] {taskinstance.py:732} INFO - ::endgroup::
[2025-03-12T08:18:06.433+0000] {logging_mixin.py:190} INFO - Validation successful. Found 321 product records.
[2025-03-12T08:18:06.435+0000] {python.py:240} INFO - Done. Returned value was: None
[2025-03-12T08:18:06.471+0000] {taskinstance.py:341} INFO - ::group::Post task execution logs
[2025-03-12T08:18:06.473+0000] {taskinstance.py:353} INFO - Marking task as SUCCESS. dag_id=weekly_category_analysis, task_id=products, run_id=manual__2025-03-12T08:17:11.077845+00:00, execution_date=20250312T081711, start_date=20250312T081805, end_date=20250312T081806
[2025-03-12T08:18:06.572+0000] {logging_mixin.py:190} INFO - Task instance in success state
[2025-03-12T08:18:06.573+0000] {logging_mixin.py:190} INFO -  Previous state of the Task instance: running
[2025-03-12T08:18:06.575+0000] {logging_mixin.py:190} INFO - Dag name:weekly_category_analysis queued_at:2025-03-12 08:17:11.121609+00:00
[2025-03-12T08:18:06.576+0000] {logging_mixin.py:190} INFO - Task hostname:fc342882eb4f operator:PythonOperator
[2025-03-12T08:18:06.636+0000] {local_task_job_runner.py:266} INFO - Task exited with return code 0
[2025-03-12T08:18:06.661+0000] {local_task_job_runner.py:245} INFO - ::endgroup::
