[2025-03-11T10:34:47.021+0000] {local_task_job_runner.py:123} INFO - ::group::Pre task execution logs
[2025-03-11T10:34:47.357+0000] {taskinstance.py:2614} INFO - Dependencies all met for dep_context=non-requeueable deps ti=<TaskInstance: daily_product_analysis.order_items manual__2025-03-11T10:33:14.563159+00:00 [queued]>
[2025-03-11T10:34:47.663+0000] {taskinstance.py:2614} INFO - Dependencies all met for dep_context=requeueable deps ti=<TaskInstance: daily_product_analysis.order_items manual__2025-03-11T10:33:14.563159+00:00 [queued]>
[2025-03-11T10:34:47.683+0000] {taskinstance.py:2867} INFO - Starting attempt 1 of 2
[2025-03-11T10:34:49.092+0000] {taskinstance.py:2890} INFO - Executing <Task(PythonOperator): order_items> on 2025-03-11 10:33:14.563159+00:00
[2025-03-11T10:34:49.162+0000] {warnings.py:112} WARNING - /home/***/.local/lib/python3.12/site-packages/***/task/task_runner/standard_task_runner.py:70: DeprecationWarning: This process (pid=9391) is multi-threaded, use of fork() may lead to deadlocks in the child.
  pid = os.fork()

[2025-03-11T10:34:49.187+0000] {standard_task_runner.py:72} INFO - Started process 9407 to run task
[2025-03-11T10:34:49.196+0000] {standard_task_runner.py:104} INFO - Running: ['***', 'tasks', 'run', 'daily_product_analysis', 'order_items', 'manual__2025-03-11T10:33:14.563159+00:00', '--job-id', '304', '--raw', '--subdir', 'DAGS_FOLDER/scheduled.py', '--cfg-path', '/tmp/tmpkgp5tyzr']
[2025-03-11T10:34:49.261+0000] {standard_task_runner.py:105} INFO - Job 304: Subtask order_items
[2025-03-11T10:34:49.753+0000] {task_command.py:467} INFO - Running <TaskInstance: daily_product_analysis.order_items manual__2025-03-11T10:33:14.563159+00:00 [running]> on host efacfdd0be48
[2025-03-11T10:34:50.496+0000] {taskinstance.py:3134} INFO - Exporting env vars: AIRFLOW_CTX_DAG_OWNER='***' AIRFLOW_CTX_DAG_ID='daily_product_analysis' AIRFLOW_CTX_TASK_ID='order_items' AIRFLOW_CTX_EXECUTION_DATE='2025-03-11T10:33:14.563159+00:00' AIRFLOW_CTX_TRY_NUMBER='1' AIRFLOW_CTX_DAG_RUN_ID='manual__2025-03-11T10:33:14.563159+00:00'
[2025-03-11T10:34:50.499+0000] {logging_mixin.py:190} INFO - Task instance is in running state
[2025-03-11T10:34:50.500+0000] {logging_mixin.py:190} INFO -  Previous state of the Task instance: queued
[2025-03-11T10:34:50.501+0000] {logging_mixin.py:190} INFO - Current task name:order_items state:running start_date:2025-03-11 10:34:47.411027+00:00
[2025-03-11T10:34:50.503+0000] {logging_mixin.py:190} INFO - Dag name:daily_product_analysis and current dag run status:running
[2025-03-11T10:34:50.505+0000] {taskinstance.py:732} INFO - ::endgroup::
[2025-03-11T10:34:50.556+0000] {logging_mixin.py:190} INFO - Validation successful. Found 4722 order item records.
[2025-03-11T10:34:50.558+0000] {python.py:240} INFO - Done. Returned value was: None
[2025-03-11T10:34:50.603+0000] {taskinstance.py:341} INFO - ::group::Post task execution logs
[2025-03-11T10:34:50.605+0000] {taskinstance.py:353} INFO - Marking task as SUCCESS. dag_id=daily_product_analysis, task_id=order_items, run_id=manual__2025-03-11T10:33:14.563159+00:00, execution_date=20250311T103314, start_date=20250311T103447, end_date=20250311T103450
[2025-03-11T10:34:50.866+0000] {logging_mixin.py:190} INFO - Task instance in success state
[2025-03-11T10:34:50.877+0000] {logging_mixin.py:190} INFO -  Previous state of the Task instance: running
[2025-03-11T10:34:50.886+0000] {logging_mixin.py:190} INFO - Dag name:daily_product_analysis queued_at:2025-03-11 10:33:14.711594+00:00
[2025-03-11T10:34:50.896+0000] {logging_mixin.py:190} INFO - Task hostname:efacfdd0be48 operator:PythonOperator
[2025-03-11T10:34:51.060+0000] {local_task_job_runner.py:266} INFO - Task exited with return code 0
[2025-03-11T10:34:51.214+0000] {taskinstance.py:3901} INFO - 1 downstream tasks scheduled from follow-on schedule check
[2025-03-11T10:34:51.232+0000] {local_task_job_runner.py:245} INFO - ::endgroup::
