[2025-03-12T09:33:32.389+0000] {local_task_job_runner.py:123} INFO - ::group::Pre task execution logs
[2025-03-12T09:33:32.463+0000] {taskinstance.py:2614} INFO - Dependencies all met for dep_context=non-requeueable deps ti=<TaskInstance: weekly_category_analysis.category_stocks_analysis manual__2025-03-12T09:28:02.351344+00:00 [queued]>
[2025-03-12T09:33:32.544+0000] {taskinstance.py:2614} INFO - Dependencies all met for dep_context=requeueable deps ti=<TaskInstance: weekly_category_analysis.category_stocks_analysis manual__2025-03-12T09:28:02.351344+00:00 [queued]>
[2025-03-12T09:33:32.548+0000] {taskinstance.py:2867} INFO - Starting attempt 2 of 2
[2025-03-12T09:33:32.639+0000] {taskinstance.py:2890} INFO - Executing <Task(PythonOperator): category_stocks_analysis> on 2025-03-12 09:28:02.351344+00:00
[2025-03-12T09:33:32.664+0000] {warnings.py:112} WARNING - /home/***/.local/lib/python3.12/site-packages/***/task/task_runner/standard_task_runner.py:70: DeprecationWarning: This process (pid=347) is multi-threaded, use of fork() may lead to deadlocks in the child.
  pid = os.fork()

[2025-03-12T09:33:32.669+0000] {standard_task_runner.py:104} INFO - Running: ['***', 'tasks', 'run', 'weekly_category_analysis', 'category_stocks_analysis', 'manual__2025-03-12T09:28:02.351344+00:00', '--job-id', '366', '--raw', '--subdir', 'DAGS_FOLDER/s3_data.py', '--cfg-path', '/tmp/tmph86nc17l']
[2025-03-12T09:33:32.679+0000] {standard_task_runner.py:72} INFO - Started process 349 to run task
[2025-03-12T09:33:32.680+0000] {standard_task_runner.py:105} INFO - Job 366: Subtask category_stocks_analysis
[2025-03-12T09:33:32.884+0000] {task_command.py:467} INFO - Running <TaskInstance: weekly_category_analysis.category_stocks_analysis manual__2025-03-12T09:28:02.351344+00:00 [running]> on host fc342882eb4f
[2025-03-12T09:33:33.242+0000] {taskinstance.py:3134} INFO - Exporting env vars: AIRFLOW_CTX_DAG_OWNER='***' AIRFLOW_CTX_DAG_ID='weekly_category_analysis' AIRFLOW_CTX_TASK_ID='category_stocks_analysis' AIRFLOW_CTX_EXECUTION_DATE='2025-03-12T09:28:02.351344+00:00' AIRFLOW_CTX_TRY_NUMBER='2' AIRFLOW_CTX_DAG_RUN_ID='manual__2025-03-12T09:28:02.351344+00:00'
[2025-03-12T09:33:33.246+0000] {logging_mixin.py:190} INFO - Task instance is in running state
[2025-03-12T09:33:33.247+0000] {logging_mixin.py:190} INFO -  Previous state of the Task instance: queued
[2025-03-12T09:33:33.248+0000] {logging_mixin.py:190} INFO - Current task name:category_stocks_analysis state:running start_date:2025-03-12 09:33:32.473330+00:00
[2025-03-12T09:33:33.249+0000] {logging_mixin.py:190} INFO - Dag name:weekly_category_analysis and current dag run status:running
[2025-03-12T09:33:33.250+0000] {taskinstance.py:732} INFO - ::endgroup::
[2025-03-12T09:33:34.335+0000] {httpchecksum.py:481} INFO - Skipping checksum validation. Response did not contain one of the following algorithms: ['crc32', 'sha1', 'sha256'].
[2025-03-12T09:33:34.534+0000] {httpchecksum.py:481} INFO - Skipping checksum validation. Response did not contain one of the following algorithms: ['crc32', 'sha1', 'sha256'].
[2025-03-12T09:33:34.721+0000] {httpchecksum.py:481} INFO - Skipping checksum validation. Response did not contain one of the following algorithms: ['crc32', 'sha1', 'sha256'].
[2025-03-12T09:33:35.157+0000] {logging_mixin.py:190} INFO - Category stocks analysis completed successfully
[2025-03-12T09:33:35.159+0000] {python.py:240} INFO - Done. Returned value was: None
[2025-03-12T09:33:35.177+0000] {taskinstance.py:341} INFO - ::group::Post task execution logs
[2025-03-12T09:33:35.178+0000] {taskinstance.py:353} INFO - Marking task as SUCCESS. dag_id=weekly_category_analysis, task_id=category_stocks_analysis, run_id=manual__2025-03-12T09:28:02.351344+00:00, execution_date=20250312T092802, start_date=20250312T093332, end_date=20250312T093335
[2025-03-12T09:33:35.227+0000] {logging_mixin.py:190} INFO - Task instance in success state
[2025-03-12T09:33:35.228+0000] {logging_mixin.py:190} INFO -  Previous state of the Task instance: running
[2025-03-12T09:33:35.229+0000] {logging_mixin.py:190} INFO - Dag name:weekly_category_analysis queued_at:2025-03-12 09:28:02.376103+00:00
[2025-03-12T09:33:35.230+0000] {logging_mixin.py:190} INFO - Task hostname:fc342882eb4f operator:PythonOperator
[2025-03-12T09:33:35.280+0000] {local_task_job_runner.py:266} INFO - Task exited with return code 0
[2025-03-12T09:33:35.358+0000] {taskinstance.py:3901} INFO - 0 downstream tasks scheduled from follow-on schedule check
[2025-03-12T09:33:35.378+0000] {local_task_job_runner.py:245} INFO - ::endgroup::
