[2025-03-12T08:09:04.230+0000] {local_task_job_runner.py:123} INFO - ::group::Pre task execution logs
[2025-03-12T08:09:04.289+0000] {taskinstance.py:2614} INFO - Dependencies all met for dep_context=non-requeueable deps ti=<TaskInstance: weekly_category_analysis.categories manual__2025-03-12T08:08:41.718880+00:00 [queued]>
[2025-03-12T08:09:04.332+0000] {taskinstance.py:2614} INFO - Dependencies all met for dep_context=requeueable deps ti=<TaskInstance: weekly_category_analysis.categories manual__2025-03-12T08:08:41.718880+00:00 [queued]>
[2025-03-12T08:09:04.341+0000] {taskinstance.py:2867} INFO - Starting attempt 1 of 2
[2025-03-12T08:09:04.449+0000] {taskinstance.py:2890} INFO - Executing <Task(PythonOperator): categories> on 2025-03-12 08:08:41.718880+00:00
[2025-03-12T08:09:04.478+0000] {warnings.py:112} WARNING - /home/***/.local/lib/python3.12/site-packages/***/task/task_runner/standard_task_runner.py:70: DeprecationWarning: This process (pid=719) is multi-threaded, use of fork() may lead to deadlocks in the child.
  pid = os.fork()

[2025-03-12T08:09:04.486+0000] {standard_task_runner.py:72} INFO - Started process 733 to run task
[2025-03-12T08:09:04.494+0000] {standard_task_runner.py:104} INFO - Running: ['***', 'tasks', 'run', 'weekly_category_analysis', 'categories', 'manual__2025-03-12T08:08:41.718880+00:00', '--job-id', '328', '--raw', '--subdir', 'DAGS_FOLDER/s3_data.py', '--cfg-path', '/tmp/tmpffnv_z9_']
[2025-03-12T08:09:04.505+0000] {standard_task_runner.py:105} INFO - Job 328: Subtask categories
[2025-03-12T08:09:04.700+0000] {task_command.py:467} INFO - Running <TaskInstance: weekly_category_analysis.categories manual__2025-03-12T08:08:41.718880+00:00 [running]> on host fc342882eb4f
[2025-03-12T08:09:05.887+0000] {taskinstance.py:3134} INFO - Exporting env vars: AIRFLOW_CTX_DAG_OWNER='***' AIRFLOW_CTX_DAG_ID='weekly_category_analysis' AIRFLOW_CTX_TASK_ID='categories' AIRFLOW_CTX_EXECUTION_DATE='2025-03-12T08:08:41.718880+00:00' AIRFLOW_CTX_TRY_NUMBER='1' AIRFLOW_CTX_DAG_RUN_ID='manual__2025-03-12T08:08:41.718880+00:00'
[2025-03-12T08:09:05.889+0000] {logging_mixin.py:190} INFO - Task instance is in running state
[2025-03-12T08:09:05.893+0000] {logging_mixin.py:190} INFO -  Previous state of the Task instance: queued
[2025-03-12T08:09:05.895+0000] {logging_mixin.py:190} INFO - Current task name:categories state:running start_date:2025-03-12 08:09:04.291049+00:00
[2025-03-12T08:09:05.897+0000] {logging_mixin.py:190} INFO - Dag name:weekly_category_analysis and current dag run status:running
[2025-03-12T08:09:05.899+0000] {taskinstance.py:732} INFO - ::endgroup::
[2025-03-12T08:09:05.933+0000] {logging_mixin.py:190} INFO - Validation successful. Found 7 category records.
[2025-03-12T08:09:05.935+0000] {python.py:240} INFO - Done. Returned value was: None
[2025-03-12T08:09:05.972+0000] {taskinstance.py:341} INFO - ::group::Post task execution logs
[2025-03-12T08:09:05.973+0000] {taskinstance.py:353} INFO - Marking task as SUCCESS. dag_id=weekly_category_analysis, task_id=categories, run_id=manual__2025-03-12T08:08:41.718880+00:00, execution_date=20250312T080841, start_date=20250312T080904, end_date=20250312T080905
[2025-03-12T08:09:06.062+0000] {logging_mixin.py:190} INFO - Task instance in success state
[2025-03-12T08:09:06.067+0000] {logging_mixin.py:190} INFO -  Previous state of the Task instance: running
[2025-03-12T08:09:06.069+0000] {logging_mixin.py:190} INFO - Dag name:weekly_category_analysis queued_at:2025-03-12 08:08:41.799977+00:00
[2025-03-12T08:09:06.072+0000] {logging_mixin.py:190} INFO - Task hostname:fc342882eb4f operator:PythonOperator
[2025-03-12T08:09:06.166+0000] {local_task_job_runner.py:266} INFO - Task exited with return code 0
[2025-03-12T08:09:06.606+0000] {taskinstance.py:3901} INFO - 1 downstream tasks scheduled from follow-on schedule check
[2025-03-12T08:09:06.613+0000] {local_task_job_runner.py:245} INFO - ::endgroup::
