[2025-03-12T05:21:28.611+0000] {local_task_job_runner.py:123} INFO - ::group::Pre task execution logs
[2025-03-12T05:21:29.080+0000] {taskinstance.py:2614} INFO - Dependencies all met for dep_context=non-requeueable deps ti=<TaskInstance: daily_product_analysis.product_stocks_analysis scheduled__2025-03-11T00:00:00+00:00 [queued]>
[2025-03-12T05:21:29.135+0000] {taskinstance.py:2614} INFO - Dependencies all met for dep_context=requeueable deps ti=<TaskInstance: daily_product_analysis.product_stocks_analysis scheduled__2025-03-11T00:00:00+00:00 [queued]>
[2025-03-12T05:21:29.136+0000] {taskinstance.py:2867} INFO - Starting attempt 1 of 2
[2025-03-12T05:21:29.183+0000] {taskinstance.py:2890} INFO - Executing <Task(PythonOperator): product_stocks_analysis> on 2025-03-11 00:00:00+00:00
[2025-03-12T05:21:29.207+0000] {warnings.py:112} WARNING - /home/***/.local/lib/python3.12/site-packages/***/task/task_runner/standard_task_runner.py:70: DeprecationWarning: This process (pid=9755) is multi-threaded, use of fork() may lead to deadlocks in the child.
  pid = os.fork()

[2025-03-12T05:21:29.211+0000] {standard_task_runner.py:72} INFO - Started process 9760 to run task
[2025-03-12T05:21:29.210+0000] {standard_task_runner.py:104} INFO - Running: ['***', 'tasks', 'run', 'daily_product_analysis', 'product_stocks_analysis', 'scheduled__2025-03-11T00:00:00+00:00', '--job-id', '319', '--raw', '--subdir', 'DAGS_FOLDER/scheduled.py', '--cfg-path', '/tmp/tmp2dmnd1d5']
[2025-03-12T05:21:29.220+0000] {standard_task_runner.py:105} INFO - Job 319: Subtask product_stocks_analysis
[2025-03-12T05:21:29.383+0000] {task_command.py:467} INFO - Running <TaskInstance: daily_product_analysis.product_stocks_analysis scheduled__2025-03-11T00:00:00+00:00 [running]> on host efacfdd0be48
[2025-03-12T05:21:29.672+0000] {taskinstance.py:3134} INFO - Exporting env vars: AIRFLOW_CTX_DAG_OWNER='***' AIRFLOW_CTX_DAG_ID='daily_product_analysis' AIRFLOW_CTX_TASK_ID='product_stocks_analysis' AIRFLOW_CTX_EXECUTION_DATE='2025-03-11T00:00:00+00:00' AIRFLOW_CTX_TRY_NUMBER='1' AIRFLOW_CTX_DAG_RUN_ID='scheduled__2025-03-11T00:00:00+00:00'
[2025-03-12T05:21:29.675+0000] {logging_mixin.py:190} INFO - Task instance is in running state
[2025-03-12T05:21:29.676+0000] {logging_mixin.py:190} INFO -  Previous state of the Task instance: queued
[2025-03-12T05:21:29.679+0000] {logging_mixin.py:190} INFO - Current task name:product_stocks_analysis state:running start_date:2025-03-12 05:21:29.081357+00:00
[2025-03-12T05:21:29.681+0000] {logging_mixin.py:190} INFO - Dag name:daily_product_analysis and current dag run status:running
[2025-03-12T05:21:29.682+0000] {taskinstance.py:732} INFO - ::endgroup::
[2025-03-12T05:21:29.890+0000] {logging_mixin.py:190} INFO - Product stocks analysis completed successfully
[2025-03-12T05:21:29.897+0000] {python.py:240} INFO - Done. Returned value was: None
[2025-03-12T05:21:29.927+0000] {taskinstance.py:341} INFO - ::group::Post task execution logs
[2025-03-12T05:21:29.929+0000] {taskinstance.py:353} INFO - Marking task as SUCCESS. dag_id=daily_product_analysis, task_id=product_stocks_analysis, run_id=scheduled__2025-03-11T00:00:00+00:00, execution_date=20250311T000000, start_date=20250312T052129, end_date=20250312T052129
[2025-03-12T05:21:30.076+0000] {logging_mixin.py:190} INFO - Task instance in success state
[2025-03-12T05:21:30.077+0000] {logging_mixin.py:190} INFO -  Previous state of the Task instance: running
[2025-03-12T05:21:30.078+0000] {logging_mixin.py:190} INFO - Dag name:daily_product_analysis queued_at:2025-03-12 05:20:17.055979+00:00
[2025-03-12T05:21:30.079+0000] {logging_mixin.py:190} INFO - Task hostname:efacfdd0be48 operator:PythonOperator
[2025-03-12T05:21:30.132+0000] {local_task_job_runner.py:266} INFO - Task exited with return code 0
[2025-03-12T05:21:30.212+0000] {taskinstance.py:3901} INFO - 0 downstream tasks scheduled from follow-on schedule check
[2025-03-12T05:21:30.260+0000] {local_task_job_runner.py:245} INFO - ::endgroup::
