[2025-03-12T10:01:23.340+0000] {local_task_job_runner.py:123} INFO - ::group::Pre task execution logs
[2025-03-12T10:01:23.464+0000] {taskinstance.py:2614} INFO - Dependencies all met for dep_context=non-requeueable deps ti=<TaskInstance: weekly_category_analysis.stores manual__2025-03-12T10:01:06.740618+00:00 [queued]>
[2025-03-12T10:01:23.517+0000] {taskinstance.py:2614} INFO - Dependencies all met for dep_context=requeueable deps ti=<TaskInstance: weekly_category_analysis.stores manual__2025-03-12T10:01:06.740618+00:00 [queued]>
[2025-03-12T10:01:23.520+0000] {taskinstance.py:2867} INFO - Starting attempt 1 of 2
[2025-03-12T10:01:23.583+0000] {taskinstance.py:2890} INFO - Executing <Task(PythonOperator): stores> on 2025-03-12 10:01:06.740618+00:00
[2025-03-12T10:01:23.599+0000] {warnings.py:112} WARNING - /home/***/.local/lib/python3.12/site-packages/***/task/task_runner/standard_task_runner.py:70: DeprecationWarning: This process (pid=366) is multi-threaded, use of fork() may lead to deadlocks in the child.
  pid = os.fork()

[2025-03-12T10:01:23.607+0000] {standard_task_runner.py:72} INFO - Started process 373 to run task
[2025-03-12T10:01:23.602+0000] {standard_task_runner.py:104} INFO - Running: ['***', 'tasks', 'run', 'weekly_category_analysis', 'stores', 'manual__2025-03-12T10:01:06.740618+00:00', '--job-id', '421', '--raw', '--subdir', 'DAGS_FOLDER/s3_data.py', '--cfg-path', '/tmp/tmpcwiczdqy']
[2025-03-12T10:01:23.611+0000] {standard_task_runner.py:105} INFO - Job 421: Subtask stores
[2025-03-12T10:01:23.843+0000] {task_command.py:467} INFO - Running <TaskInstance: weekly_category_analysis.stores manual__2025-03-12T10:01:06.740618+00:00 [running]> on host b404e9833d11
[2025-03-12T10:01:24.488+0000] {taskinstance.py:3134} INFO - Exporting env vars: AIRFLOW_CTX_DAG_OWNER='***' AIRFLOW_CTX_DAG_ID='weekly_category_analysis' AIRFLOW_CTX_TASK_ID='stores' AIRFLOW_CTX_EXECUTION_DATE='2025-03-12T10:01:06.740618+00:00' AIRFLOW_CTX_TRY_NUMBER='1' AIRFLOW_CTX_DAG_RUN_ID='manual__2025-03-12T10:01:06.740618+00:00'
[2025-03-12T10:01:24.494+0000] {logging_mixin.py:190} INFO - Task instance is in running state
[2025-03-12T10:01:24.496+0000] {logging_mixin.py:190} INFO -  Previous state of the Task instance: queued
[2025-03-12T10:01:24.497+0000] {logging_mixin.py:190} INFO - Current task name:stores state:running start_date:2025-03-12 10:01:23.482917+00:00
[2025-03-12T10:01:24.498+0000] {logging_mixin.py:190} INFO - Dag name:weekly_category_analysis and current dag run status:running
[2025-03-12T10:01:24.499+0000] {taskinstance.py:732} INFO - ::endgroup::
[2025-03-12T10:01:25.555+0000] {httpchecksum.py:481} INFO - Skipping checksum validation. Response did not contain one of the following algorithms: ['crc32', 'sha1', 'sha256'].
[2025-03-12T10:01:25.646+0000] {logging_mixin.py:190} INFO - Validation successful. Found 3 store records.
[2025-03-12T10:01:25.648+0000] {python.py:240} INFO - Done. Returned value was: None
[2025-03-12T10:01:25.678+0000] {taskinstance.py:341} INFO - ::group::Post task execution logs
[2025-03-12T10:01:25.680+0000] {taskinstance.py:353} INFO - Marking task as SUCCESS. dag_id=weekly_category_analysis, task_id=stores, run_id=manual__2025-03-12T10:01:06.740618+00:00, execution_date=20250312T100106, start_date=20250312T100123, end_date=20250312T100125
[2025-03-12T10:01:25.824+0000] {logging_mixin.py:190} INFO - Task instance in success state
[2025-03-12T10:01:25.829+0000] {logging_mixin.py:190} INFO -  Previous state of the Task instance: running
[2025-03-12T10:01:25.832+0000] {logging_mixin.py:190} INFO - Dag name:weekly_category_analysis queued_at:2025-03-12 10:01:06.895096+00:00
[2025-03-12T10:01:25.834+0000] {logging_mixin.py:190} INFO - Task hostname:b404e9833d11 operator:PythonOperator
[2025-03-12T10:01:25.895+0000] {local_task_job_runner.py:266} INFO - Task exited with return code 0
[2025-03-12T10:01:25.926+0000] {local_task_job_runner.py:245} INFO - ::endgroup::
