[2025-03-12T10:00:16.164+0000] {local_task_job_runner.py:123} INFO - ::group::Pre task execution logs
[2025-03-12T10:00:16.292+0000] {taskinstance.py:2614} INFO - Dependencies all met for dep_context=non-requeueable deps ti=<TaskInstance: weekly_category_analysis.customers manual__2025-03-12T10:00:01.174485+00:00 [queued]>
[2025-03-12T10:00:16.397+0000] {taskinstance.py:2614} INFO - Dependencies all met for dep_context=requeueable deps ti=<TaskInstance: weekly_category_analysis.customers manual__2025-03-12T10:00:01.174485+00:00 [queued]>
[2025-03-12T10:00:16.427+0000] {taskinstance.py:2867} INFO - Starting attempt 1 of 2
[2025-03-12T10:00:16.672+0000] {taskinstance.py:2890} INFO - Executing <Task(PythonOperator): customers> on 2025-03-12 10:00:01.174485+00:00
[2025-03-12T10:00:16.735+0000] {warnings.py:112} WARNING - /home/***/.local/lib/python3.12/site-packages/***/task/task_runner/standard_task_runner.py:70: DeprecationWarning: This process (pid=329) is multi-threaded, use of fork() may lead to deadlocks in the child.
  pid = os.fork()

[2025-03-12T10:00:16.750+0000] {standard_task_runner.py:104} INFO - Running: ['***', 'tasks', 'run', 'weekly_category_analysis', 'customers', 'manual__2025-03-12T10:00:01.174485+00:00', '--job-id', '415', '--raw', '--subdir', 'DAGS_FOLDER/s3_data.py', '--cfg-path', '/tmp/tmpwxq7569c']
[2025-03-12T10:00:16.840+0000] {standard_task_runner.py:72} INFO - Started process 342 to run task
[2025-03-12T10:00:17.009+0000] {standard_task_runner.py:105} INFO - Job 415: Subtask customers
[2025-03-12T10:00:17.641+0000] {task_command.py:467} INFO - Running <TaskInstance: weekly_category_analysis.customers manual__2025-03-12T10:00:01.174485+00:00 [running]> on host b404e9833d11
[2025-03-12T10:00:18.269+0000] {taskinstance.py:3134} INFO - Exporting env vars: AIRFLOW_CTX_DAG_OWNER='***' AIRFLOW_CTX_DAG_ID='weekly_category_analysis' AIRFLOW_CTX_TASK_ID='customers' AIRFLOW_CTX_EXECUTION_DATE='2025-03-12T10:00:01.174485+00:00' AIRFLOW_CTX_TRY_NUMBER='1' AIRFLOW_CTX_DAG_RUN_ID='manual__2025-03-12T10:00:01.174485+00:00'
[2025-03-12T10:00:18.301+0000] {logging_mixin.py:190} INFO - Task instance is in running state
[2025-03-12T10:00:18.332+0000] {logging_mixin.py:190} INFO -  Previous state of the Task instance: queued
[2025-03-12T10:00:18.333+0000] {logging_mixin.py:190} INFO - Current task name:customers state:running start_date:2025-03-12 10:00:16.338077+00:00
[2025-03-12T10:00:18.335+0000] {logging_mixin.py:190} INFO - Dag name:weekly_category_analysis and current dag run status:running
[2025-03-12T10:00:18.337+0000] {taskinstance.py:732} INFO - ::endgroup::
[2025-03-12T10:00:19.813+0000] {httpchecksum.py:481} INFO - Skipping checksum validation. Response did not contain one of the following algorithms: ['crc32', 'sha1', 'sha256'].
[2025-03-12T10:00:20.196+0000] {logging_mixin.py:190} INFO - Validation successful. Found 1445 customer records.
[2025-03-12T10:00:20.203+0000] {python.py:240} INFO - Done. Returned value was: None
[2025-03-12T10:00:20.245+0000] {taskinstance.py:341} INFO - ::group::Post task execution logs
[2025-03-12T10:00:20.247+0000] {taskinstance.py:353} INFO - Marking task as SUCCESS. dag_id=weekly_category_analysis, task_id=customers, run_id=manual__2025-03-12T10:00:01.174485+00:00, execution_date=20250312T100001, start_date=20250312T100016, end_date=20250312T100020
[2025-03-12T10:00:20.361+0000] {logging_mixin.py:190} INFO - Task instance in success state
[2025-03-12T10:00:20.362+0000] {logging_mixin.py:190} INFO -  Previous state of the Task instance: running
[2025-03-12T10:00:20.365+0000] {logging_mixin.py:190} INFO - Dag name:weekly_category_analysis queued_at:2025-03-12 10:00:01.229393+00:00
[2025-03-12T10:00:20.366+0000] {logging_mixin.py:190} INFO - Task hostname:b404e9833d11 operator:PythonOperator
[2025-03-12T10:00:20.413+0000] {local_task_job_runner.py:266} INFO - Task exited with return code 0
[2025-03-12T10:00:20.574+0000] {taskinstance.py:3901} INFO - 1 downstream tasks scheduled from follow-on schedule check
[2025-03-12T10:00:20.599+0000] {local_task_job_runner.py:245} INFO - ::endgroup::
