[2025-03-12T15:05:22.675+0000] {local_task_job_runner.py:123} INFO - ::group::Pre task execution logs
[2025-03-12T15:05:22.793+0000] {taskinstance.py:2614} INFO - Dependencies all met for dep_context=non-requeueable deps ti=<TaskInstance: weekly_category_analysis.categories scheduled__2025-03-05T13:00:00+00:00 [queued]>
[2025-03-12T15:05:22.913+0000] {taskinstance.py:2614} INFO - Dependencies all met for dep_context=requeueable deps ti=<TaskInstance: weekly_category_analysis.categories scheduled__2025-03-05T13:00:00+00:00 [queued]>
[2025-03-12T15:05:22.933+0000] {taskinstance.py:2867} INFO - Starting attempt 1 of 2
[2025-03-12T15:05:23.099+0000] {taskinstance.py:2890} INFO - Executing <Task(PythonOperator): categories> on 2025-03-05 13:00:00+00:00
[2025-03-12T15:05:23.158+0000] {warnings.py:112} WARNING - /home/***/.local/lib/python3.12/site-packages/***/task/task_runner/standard_task_runner.py:70: DeprecationWarning: This process (pid=1279) is multi-threaded, use of fork() may lead to deadlocks in the child.
  pid = os.fork()

[2025-03-12T15:05:23.178+0000] {standard_task_runner.py:72} INFO - Started process 1290 to run task
[2025-03-12T15:05:23.172+0000] {standard_task_runner.py:104} INFO - Running: ['***', 'tasks', 'run', 'weekly_category_analysis', 'categories', 'scheduled__2025-03-05T13:00:00+00:00', '--job-id', '477', '--raw', '--subdir', 'DAGS_FOLDER/s3_data.py', '--cfg-path', '/tmp/tmpfwlc5a8n']
[2025-03-12T15:05:23.215+0000] {standard_task_runner.py:105} INFO - Job 477: Subtask categories
[2025-03-12T15:05:24.033+0000] {task_command.py:467} INFO - Running <TaskInstance: weekly_category_analysis.categories scheduled__2025-03-05T13:00:00+00:00 [running]> on host b404e9833d11
[2025-03-12T15:05:24.834+0000] {taskinstance.py:3134} INFO - Exporting env vars: AIRFLOW_CTX_DAG_OWNER='***' AIRFLOW_CTX_DAG_ID='weekly_category_analysis' AIRFLOW_CTX_TASK_ID='categories' AIRFLOW_CTX_EXECUTION_DATE='2025-03-05T13:00:00+00:00' AIRFLOW_CTX_TRY_NUMBER='1' AIRFLOW_CTX_DAG_RUN_ID='scheduled__2025-03-05T13:00:00+00:00'
[2025-03-12T15:05:24.856+0000] {logging_mixin.py:190} INFO - Task instance is in running state
[2025-03-12T15:05:24.861+0000] {logging_mixin.py:190} INFO -  Previous state of the Task instance: queued
[2025-03-12T15:05:24.881+0000] {logging_mixin.py:190} INFO - Current task name:categories state:running start_date:2025-03-12 15:05:22.822099+00:00
[2025-03-12T15:05:24.894+0000] {logging_mixin.py:190} INFO - Dag name:weekly_category_analysis and current dag run status:running
[2025-03-12T15:05:24.927+0000] {taskinstance.py:732} INFO - ::endgroup::
[2025-03-12T15:05:26.930+0000] {httpchecksum.py:481} INFO - Skipping checksum validation. Response did not contain one of the following algorithms: ['crc32', 'sha1', 'sha256'].
[2025-03-12T15:05:27.021+0000] {logging_mixin.py:190} INFO - Validation successful. Found 7 category records.
[2025-03-12T15:05:27.033+0000] {python.py:240} INFO - Done. Returned value was: None
[2025-03-12T15:05:27.147+0000] {taskinstance.py:341} INFO - ::group::Post task execution logs
[2025-03-12T15:05:27.157+0000] {taskinstance.py:353} INFO - Marking task as SUCCESS. dag_id=weekly_category_analysis, task_id=categories, run_id=scheduled__2025-03-05T13:00:00+00:00, execution_date=20250305T130000, start_date=20250312T150522, end_date=20250312T150527
[2025-03-12T15:05:27.368+0000] {logging_mixin.py:190} INFO - Task instance in success state
[2025-03-12T15:05:27.376+0000] {logging_mixin.py:190} INFO -  Previous state of the Task instance: running
[2025-03-12T15:05:27.379+0000] {logging_mixin.py:190} INFO - Dag name:weekly_category_analysis queued_at:2025-03-12 15:04:59.119982+00:00
[2025-03-12T15:05:27.388+0000] {logging_mixin.py:190} INFO - Task hostname:b404e9833d11 operator:PythonOperator
[2025-03-12T15:05:27.473+0000] {local_task_job_runner.py:266} INFO - Task exited with return code 0
[2025-03-12T15:05:27.654+0000] {taskinstance.py:3901} INFO - 0 downstream tasks scheduled from follow-on schedule check
[2025-03-12T15:05:27.663+0000] {local_task_job_runner.py:245} INFO - ::endgroup::
