[2025-03-12T10:01:23.811+0000] {local_task_job_runner.py:123} INFO - ::group::Pre task execution logs
[2025-03-12T10:01:23.970+0000] {taskinstance.py:2614} INFO - Dependencies all met for dep_context=non-requeueable deps ti=<TaskInstance: weekly_category_analysis.customers manual__2025-03-12T10:01:06.740618+00:00 [queued]>
[2025-03-12T10:01:24.054+0000] {taskinstance.py:2614} INFO - Dependencies all met for dep_context=requeueable deps ti=<TaskInstance: weekly_category_analysis.customers manual__2025-03-12T10:01:06.740618+00:00 [queued]>
[2025-03-12T10:01:24.065+0000] {taskinstance.py:2867} INFO - Starting attempt 1 of 2
[2025-03-12T10:01:24.229+0000] {taskinstance.py:2890} INFO - Executing <Task(PythonOperator): customers> on 2025-03-12 10:01:06.740618+00:00
[2025-03-12T10:01:24.264+0000] {warnings.py:112} WARNING - /home/***/.local/lib/python3.12/site-packages/***/task/task_runner/standard_task_runner.py:70: DeprecationWarning: This process (pid=365) is multi-threaded, use of fork() may lead to deadlocks in the child.
  pid = os.fork()

[2025-03-12T10:01:24.280+0000] {standard_task_runner.py:72} INFO - Started process 377 to run task
[2025-03-12T10:01:24.295+0000] {standard_task_runner.py:104} INFO - Running: ['***', 'tasks', 'run', 'weekly_category_analysis', 'customers', 'manual__2025-03-12T10:01:06.740618+00:00', '--job-id', '423', '--raw', '--subdir', 'DAGS_FOLDER/s3_data.py', '--cfg-path', '/tmp/tmpatrhl07s']
[2025-03-12T10:01:24.309+0000] {standard_task_runner.py:105} INFO - Job 423: Subtask customers
[2025-03-12T10:01:24.539+0000] {task_command.py:467} INFO - Running <TaskInstance: weekly_category_analysis.customers manual__2025-03-12T10:01:06.740618+00:00 [running]> on host b404e9833d11
[2025-03-12T10:01:25.225+0000] {taskinstance.py:3134} INFO - Exporting env vars: AIRFLOW_CTX_DAG_OWNER='***' AIRFLOW_CTX_DAG_ID='weekly_category_analysis' AIRFLOW_CTX_TASK_ID='customers' AIRFLOW_CTX_EXECUTION_DATE='2025-03-12T10:01:06.740618+00:00' AIRFLOW_CTX_TRY_NUMBER='1' AIRFLOW_CTX_DAG_RUN_ID='manual__2025-03-12T10:01:06.740618+00:00'
[2025-03-12T10:01:25.228+0000] {logging_mixin.py:190} INFO - Task instance is in running state
[2025-03-12T10:01:25.255+0000] {logging_mixin.py:190} INFO -  Previous state of the Task instance: queued
[2025-03-12T10:01:25.258+0000] {logging_mixin.py:190} INFO - Current task name:customers state:running start_date:2025-03-12 10:01:24.001686+00:00
[2025-03-12T10:01:25.259+0000] {logging_mixin.py:190} INFO - Dag name:weekly_category_analysis and current dag run status:running
[2025-03-12T10:01:25.261+0000] {taskinstance.py:732} INFO - ::endgroup::
[2025-03-12T10:01:26.298+0000] {httpchecksum.py:481} INFO - Skipping checksum validation. Response did not contain one of the following algorithms: ['crc32', 'sha1', 'sha256'].
[2025-03-12T10:01:26.728+0000] {logging_mixin.py:190} INFO - Validation successful. Found 1445 customer records.
[2025-03-12T10:01:26.736+0000] {python.py:240} INFO - Done. Returned value was: None
[2025-03-12T10:01:26.838+0000] {taskinstance.py:341} INFO - ::group::Post task execution logs
[2025-03-12T10:01:26.840+0000] {taskinstance.py:353} INFO - Marking task as SUCCESS. dag_id=weekly_category_analysis, task_id=customers, run_id=manual__2025-03-12T10:01:06.740618+00:00, execution_date=20250312T100106, start_date=20250312T100124, end_date=20250312T100126
[2025-03-12T10:01:27.014+0000] {logging_mixin.py:190} INFO - Task instance in success state
[2025-03-12T10:01:27.016+0000] {logging_mixin.py:190} INFO -  Previous state of the Task instance: running
[2025-03-12T10:01:27.017+0000] {logging_mixin.py:190} INFO - Dag name:weekly_category_analysis queued_at:2025-03-12 10:01:06.895096+00:00
[2025-03-12T10:01:27.027+0000] {logging_mixin.py:190} INFO - Task hostname:b404e9833d11 operator:PythonOperator
[2025-03-12T10:01:27.083+0000] {local_task_job_runner.py:266} INFO - Task exited with return code 0
[2025-03-12T10:01:27.295+0000] {taskinstance.py:3901} INFO - 1 downstream tasks scheduled from follow-on schedule check
[2025-03-12T10:01:27.321+0000] {local_task_job_runner.py:245} INFO - ::endgroup::
