[2025-03-12T10:09:47.998+0000] {local_task_job_runner.py:123} INFO - ::group::Pre task execution logs
[2025-03-12T10:09:48.044+0000] {taskinstance.py:2614} INFO - Dependencies all met for dep_context=non-requeueable deps ti=<TaskInstance: daily_product_analysis.stores manual__2025-03-12T10:09:42.150569+00:00 [queued]>
[2025-03-12T10:09:48.072+0000] {taskinstance.py:2614} INFO - Dependencies all met for dep_context=requeueable deps ti=<TaskInstance: daily_product_analysis.stores manual__2025-03-12T10:09:42.150569+00:00 [queued]>
[2025-03-12T10:09:48.075+0000] {taskinstance.py:2867} INFO - Starting attempt 1 of 2
[2025-03-12T10:09:48.117+0000] {taskinstance.py:2890} INFO - Executing <Task(PythonOperator): stores> on 2025-03-12 10:09:42.150569+00:00
[2025-03-12T10:09:48.130+0000] {warnings.py:112} WARNING - /home/***/.local/lib/python3.12/site-packages/***/task/task_runner/standard_task_runner.py:70: DeprecationWarning: This process (pid=612) is multi-threaded, use of fork() may lead to deadlocks in the child.
  pid = os.fork()

[2025-03-12T10:09:48.134+0000] {standard_task_runner.py:72} INFO - Started process 626 to run task
[2025-03-12T10:09:48.135+0000] {standard_task_runner.py:104} INFO - Running: ['***', 'tasks', 'run', 'daily_product_analysis', 'stores', 'manual__2025-03-12T10:09:42.150569+00:00', '--job-id', '464', '--raw', '--subdir', 'DAGS_FOLDER/s3_data.py', '--cfg-path', '/tmp/tmpfweq2bcr']
[2025-03-12T10:09:48.137+0000] {standard_task_runner.py:105} INFO - Job 464: Subtask stores
[2025-03-12T10:09:48.227+0000] {task_command.py:467} INFO - Running <TaskInstance: daily_product_analysis.stores manual__2025-03-12T10:09:42.150569+00:00 [running]> on host b404e9833d11
[2025-03-12T10:09:48.406+0000] {taskinstance.py:3134} INFO - Exporting env vars: AIRFLOW_CTX_DAG_OWNER='***' AIRFLOW_CTX_DAG_ID='daily_product_analysis' AIRFLOW_CTX_TASK_ID='stores' AIRFLOW_CTX_EXECUTION_DATE='2025-03-12T10:09:42.150569+00:00' AIRFLOW_CTX_TRY_NUMBER='1' AIRFLOW_CTX_DAG_RUN_ID='manual__2025-03-12T10:09:42.150569+00:00'
[2025-03-12T10:09:48.409+0000] {logging_mixin.py:190} INFO - Task instance is in running state
[2025-03-12T10:09:48.410+0000] {logging_mixin.py:190} INFO -  Previous state of the Task instance: queued
[2025-03-12T10:09:48.411+0000] {logging_mixin.py:190} INFO - Current task name:stores state:running start_date:2025-03-12 10:09:48.045527+00:00
[2025-03-12T10:09:48.412+0000] {logging_mixin.py:190} INFO - Dag name:daily_product_analysis and current dag run status:running
[2025-03-12T10:09:48.413+0000] {taskinstance.py:732} INFO - ::endgroup::
[2025-03-12T10:10:20.450+0000] {httpchecksum.py:481} INFO - Skipping checksum validation. Response did not contain one of the following algorithms: ['crc32', 'sha1', 'sha256'].
[2025-03-12T10:10:20.464+0000] {logging_mixin.py:190} INFO - Validation successful. Found 3 store records.
[2025-03-12T10:10:20.465+0000] {python.py:240} INFO - Done. Returned value was: None
[2025-03-12T10:10:20.478+0000] {taskinstance.py:341} INFO - ::group::Post task execution logs
[2025-03-12T10:10:20.479+0000] {taskinstance.py:353} INFO - Marking task as SUCCESS. dag_id=daily_product_analysis, task_id=stores, run_id=manual__2025-03-12T10:09:42.150569+00:00, execution_date=20250312T100942, start_date=20250312T100948, end_date=20250312T101020
[2025-03-12T10:10:20.510+0000] {logging_mixin.py:190} INFO - Task instance in success state
[2025-03-12T10:10:20.511+0000] {logging_mixin.py:190} INFO -  Previous state of the Task instance: running
[2025-03-12T10:10:20.511+0000] {logging_mixin.py:190} INFO - Dag name:daily_product_analysis queued_at:2025-03-12 10:09:42.168285+00:00
[2025-03-12T10:10:20.512+0000] {logging_mixin.py:190} INFO - Task hostname:b404e9833d11 operator:PythonOperator
[2025-03-12T10:10:20.563+0000] {local_task_job_runner.py:266} INFO - Task exited with return code 0
[2025-03-12T10:10:20.614+0000] {taskinstance.py:3901} INFO - 2 downstream tasks scheduled from follow-on schedule check
[2025-03-12T10:10:20.617+0000] {local_task_job_runner.py:245} INFO - ::endgroup::
