[2025-03-12T08:17:55.549+0000] {local_task_job_runner.py:123} INFO - ::group::Pre task execution logs
[2025-03-12T08:17:55.637+0000] {taskinstance.py:2614} INFO - Dependencies all met for dep_context=non-requeueable deps ti=<TaskInstance: weekly_category_analysis.customers manual__2025-03-12T08:17:11.077845+00:00 [queued]>
[2025-03-12T08:17:55.705+0000] {taskinstance.py:2614} INFO - Dependencies all met for dep_context=requeueable deps ti=<TaskInstance: weekly_category_analysis.customers manual__2025-03-12T08:17:11.077845+00:00 [queued]>
[2025-03-12T08:17:55.709+0000] {taskinstance.py:2867} INFO - Starting attempt 1 of 2
[2025-03-12T08:17:55.801+0000] {taskinstance.py:2890} INFO - Executing <Task(PythonOperator): customers> on 2025-03-12 08:17:11.077845+00:00
[2025-03-12T08:17:55.816+0000] {warnings.py:112} WARNING - /home/***/.local/lib/python3.12/site-packages/***/task/task_runner/standard_task_runner.py:70: DeprecationWarning: This process (pid=107) is multi-threaded, use of fork() may lead to deadlocks in the child.
  pid = os.fork()

[2025-03-12T08:17:55.819+0000] {standard_task_runner.py:72} INFO - Started process 114 to run task
[2025-03-12T08:17:55.821+0000] {standard_task_runner.py:104} INFO - Running: ['***', 'tasks', 'run', 'weekly_category_analysis', 'customers', 'manual__2025-03-12T08:17:11.077845+00:00', '--job-id', '345', '--raw', '--subdir', 'DAGS_FOLDER/s3_data.py', '--cfg-path', '/tmp/tmpheovk9ul']
[2025-03-12T08:17:55.824+0000] {standard_task_runner.py:105} INFO - Job 345: Subtask customers
[2025-03-12T08:17:56.028+0000] {task_command.py:467} INFO - Running <TaskInstance: weekly_category_analysis.customers manual__2025-03-12T08:17:11.077845+00:00 [running]> on host fc342882eb4f
[2025-03-12T08:17:56.330+0000] {taskinstance.py:3134} INFO - Exporting env vars: AIRFLOW_CTX_DAG_OWNER='***' AIRFLOW_CTX_DAG_ID='weekly_category_analysis' AIRFLOW_CTX_TASK_ID='customers' AIRFLOW_CTX_EXECUTION_DATE='2025-03-12T08:17:11.077845+00:00' AIRFLOW_CTX_TRY_NUMBER='1' AIRFLOW_CTX_DAG_RUN_ID='manual__2025-03-12T08:17:11.077845+00:00'
[2025-03-12T08:17:56.342+0000] {logging_mixin.py:190} INFO - Task instance is in running state
[2025-03-12T08:17:56.344+0000] {logging_mixin.py:190} INFO -  Previous state of the Task instance: queued
[2025-03-12T08:17:56.345+0000] {logging_mixin.py:190} INFO - Current task name:customers state:running start_date:2025-03-12 08:17:55.654235+00:00
[2025-03-12T08:17:56.346+0000] {logging_mixin.py:190} INFO - Dag name:weekly_category_analysis and current dag run status:running
[2025-03-12T08:17:56.348+0000] {taskinstance.py:732} INFO - ::endgroup::
[2025-03-12T08:17:56.404+0000] {logging_mixin.py:190} INFO - Validation successful. Found 1445 customer records.
[2025-03-12T08:17:56.406+0000] {python.py:240} INFO - Done. Returned value was: None
[2025-03-12T08:17:56.440+0000] {taskinstance.py:341} INFO - ::group::Post task execution logs
[2025-03-12T08:17:56.442+0000] {taskinstance.py:353} INFO - Marking task as SUCCESS. dag_id=weekly_category_analysis, task_id=customers, run_id=manual__2025-03-12T08:17:11.077845+00:00, execution_date=20250312T081711, start_date=20250312T081755, end_date=20250312T081756
[2025-03-12T08:17:56.670+0000] {logging_mixin.py:190} INFO - Task instance in success state
[2025-03-12T08:17:56.672+0000] {logging_mixin.py:190} INFO -  Previous state of the Task instance: running
[2025-03-12T08:17:56.673+0000] {logging_mixin.py:190} INFO - Dag name:weekly_category_analysis queued_at:2025-03-12 08:17:11.121609+00:00
[2025-03-12T08:17:56.674+0000] {logging_mixin.py:190} INFO - Task hostname:fc342882eb4f operator:PythonOperator
[2025-03-12T08:17:56.758+0000] {local_task_job_runner.py:266} INFO - Task exited with return code 0
[2025-03-12T08:17:56.825+0000] {local_task_job_runner.py:245} INFO - ::endgroup::
