[2025-03-12T08:18:14.009+0000] {local_task_job_runner.py:123} INFO - ::group::Pre task execution logs
[2025-03-12T08:18:14.065+0000] {taskinstance.py:2614} INFO - Dependencies all met for dep_context=non-requeueable deps ti=<TaskInstance: weekly_category_analysis.order_items manual__2025-03-12T08:17:11.077845+00:00 [queued]>
[2025-03-12T08:18:14.088+0000] {taskinstance.py:2614} INFO - Dependencies all met for dep_context=requeueable deps ti=<TaskInstance: weekly_category_analysis.order_items manual__2025-03-12T08:17:11.077845+00:00 [queued]>
[2025-03-12T08:18:14.089+0000] {taskinstance.py:2867} INFO - Starting attempt 1 of 2
[2025-03-12T08:18:14.121+0000] {taskinstance.py:2890} INFO - Executing <Task(PythonOperator): order_items> on 2025-03-12 08:17:11.077845+00:00
[2025-03-12T08:18:14.141+0000] {warnings.py:112} WARNING - /home/***/.local/lib/python3.12/site-packages/***/task/task_runner/standard_task_runner.py:70: DeprecationWarning: This process (pid=138) is multi-threaded, use of fork() may lead to deadlocks in the child.
  pid = os.fork()

[2025-03-12T08:18:14.149+0000] {standard_task_runner.py:104} INFO - Running: ['***', 'tasks', 'run', 'weekly_category_analysis', 'order_items', 'manual__2025-03-12T08:17:11.077845+00:00', '--job-id', '352', '--raw', '--subdir', 'DAGS_FOLDER/s3_data.py', '--cfg-path', '/tmp/tmp9oc2q5wn']
[2025-03-12T08:18:14.154+0000] {standard_task_runner.py:72} INFO - Started process 144 to run task
[2025-03-12T08:18:14.159+0000] {standard_task_runner.py:105} INFO - Job 352: Subtask order_items
[2025-03-12T08:18:14.254+0000] {task_command.py:467} INFO - Running <TaskInstance: weekly_category_analysis.order_items manual__2025-03-12T08:17:11.077845+00:00 [running]> on host fc342882eb4f
[2025-03-12T08:18:14.450+0000] {taskinstance.py:3134} INFO - Exporting env vars: AIRFLOW_CTX_DAG_OWNER='***' AIRFLOW_CTX_DAG_ID='weekly_category_analysis' AIRFLOW_CTX_TASK_ID='order_items' AIRFLOW_CTX_EXECUTION_DATE='2025-03-12T08:17:11.077845+00:00' AIRFLOW_CTX_TRY_NUMBER='1' AIRFLOW_CTX_DAG_RUN_ID='manual__2025-03-12T08:17:11.077845+00:00'
[2025-03-12T08:18:14.452+0000] {logging_mixin.py:190} INFO - Task instance is in running state
[2025-03-12T08:18:14.453+0000] {logging_mixin.py:190} INFO -  Previous state of the Task instance: queued
[2025-03-12T08:18:14.454+0000] {logging_mixin.py:190} INFO - Current task name:order_items state:running start_date:2025-03-12 08:18:14.066943+00:00
[2025-03-12T08:18:14.455+0000] {logging_mixin.py:190} INFO - Dag name:weekly_category_analysis and current dag run status:running
[2025-03-12T08:18:14.455+0000] {taskinstance.py:732} INFO - ::endgroup::
[2025-03-12T08:18:14.478+0000] {logging_mixin.py:190} INFO - Validation successful. Found 4722 order item records.
[2025-03-12T08:18:14.479+0000] {python.py:240} INFO - Done. Returned value was: None
[2025-03-12T08:18:14.495+0000] {taskinstance.py:341} INFO - ::group::Post task execution logs
[2025-03-12T08:18:14.497+0000] {taskinstance.py:353} INFO - Marking task as SUCCESS. dag_id=weekly_category_analysis, task_id=order_items, run_id=manual__2025-03-12T08:17:11.077845+00:00, execution_date=20250312T081711, start_date=20250312T081814, end_date=20250312T081814
[2025-03-12T08:18:14.532+0000] {logging_mixin.py:190} INFO - Task instance in success state
[2025-03-12T08:18:14.533+0000] {logging_mixin.py:190} INFO -  Previous state of the Task instance: running
[2025-03-12T08:18:14.534+0000] {logging_mixin.py:190} INFO - Dag name:weekly_category_analysis queued_at:2025-03-12 08:17:11.121609+00:00
[2025-03-12T08:18:14.534+0000] {logging_mixin.py:190} INFO - Task hostname:fc342882eb4f operator:PythonOperator
[2025-03-12T08:18:14.578+0000] {local_task_job_runner.py:266} INFO - Task exited with return code 0
[2025-03-12T08:18:14.623+0000] {taskinstance.py:3901} INFO - 1 downstream tasks scheduled from follow-on schedule check
[2025-03-12T08:18:14.626+0000] {local_task_job_runner.py:245} INFO - ::endgroup::
