[2025-03-11T10:34:42.608+0000] {local_task_job_runner.py:123} INFO - ::group::Pre task execution logs
[2025-03-11T10:34:43.308+0000] {taskinstance.py:2614} INFO - Dependencies all met for dep_context=non-requeueable deps ti=<TaskInstance: daily_product_analysis.product_stocks_analysis scheduled__2025-03-10T00:00:00+00:00 [queued]>
[2025-03-11T10:34:43.642+0000] {taskinstance.py:2614} INFO - Dependencies all met for dep_context=requeueable deps ti=<TaskInstance: daily_product_analysis.product_stocks_analysis scheduled__2025-03-10T00:00:00+00:00 [queued]>
[2025-03-11T10:34:43.657+0000] {taskinstance.py:2867} INFO - Starting attempt 1 of 2
[2025-03-11T10:34:43.958+0000] {taskinstance.py:2890} INFO - Executing <Task(PythonOperator): product_stocks_analysis> on 2025-03-10 00:00:00+00:00
[2025-03-11T10:34:44.018+0000] {warnings.py:112} WARNING - /home/***/.local/lib/python3.12/site-packages/***/task/task_runner/standard_task_runner.py:70: DeprecationWarning: This process (pid=9378) is multi-threaded, use of fork() may lead to deadlocks in the child.
  pid = os.fork()

[2025-03-11T10:34:44.035+0000] {standard_task_runner.py:72} INFO - Started process 9398 to run task
[2025-03-11T10:34:44.038+0000] {standard_task_runner.py:104} INFO - Running: ['***', 'tasks', 'run', 'daily_product_analysis', 'product_stocks_analysis', 'scheduled__2025-03-10T00:00:00+00:00', '--job-id', '301', '--raw', '--subdir', 'DAGS_FOLDER/scheduled.py', '--cfg-path', '/tmp/tmp3xc2bwhf']
[2025-03-11T10:34:44.059+0000] {standard_task_runner.py:105} INFO - Job 301: Subtask product_stocks_analysis
[2025-03-11T10:34:44.410+0000] {task_command.py:467} INFO - Running <TaskInstance: daily_product_analysis.product_stocks_analysis scheduled__2025-03-10T00:00:00+00:00 [running]> on host efacfdd0be48
[2025-03-11T10:34:47.589+0000] {taskinstance.py:3134} INFO - Exporting env vars: AIRFLOW_CTX_DAG_OWNER='***' AIRFLOW_CTX_DAG_ID='daily_product_analysis' AIRFLOW_CTX_TASK_ID='product_stocks_analysis' AIRFLOW_CTX_EXECUTION_DATE='2025-03-10T00:00:00+00:00' AIRFLOW_CTX_TRY_NUMBER='1' AIRFLOW_CTX_DAG_RUN_ID='scheduled__2025-03-10T00:00:00+00:00'
[2025-03-11T10:34:47.594+0000] {logging_mixin.py:190} INFO - Task instance is in running state
[2025-03-11T10:34:47.596+0000] {logging_mixin.py:190} INFO -  Previous state of the Task instance: queued
[2025-03-11T10:34:47.598+0000] {logging_mixin.py:190} INFO - Current task name:product_stocks_analysis state:running start_date:2025-03-11 10:34:43.321403+00:00
[2025-03-11T10:34:47.610+0000] {logging_mixin.py:190} INFO - Dag name:daily_product_analysis and current dag run status:running
[2025-03-11T10:34:47.613+0000] {taskinstance.py:732} INFO - ::endgroup::
[2025-03-11T10:34:48.055+0000] {logging_mixin.py:190} INFO - Product stocks analysis completed successfully
[2025-03-11T10:34:48.061+0000] {python.py:240} INFO - Done. Returned value was: None
[2025-03-11T10:34:48.189+0000] {taskinstance.py:341} INFO - ::group::Post task execution logs
[2025-03-11T10:34:48.199+0000] {taskinstance.py:353} INFO - Marking task as SUCCESS. dag_id=daily_product_analysis, task_id=product_stocks_analysis, run_id=scheduled__2025-03-10T00:00:00+00:00, execution_date=20250310T000000, start_date=20250311T103443, end_date=20250311T103448
[2025-03-11T10:34:48.462+0000] {logging_mixin.py:190} INFO - Task instance in success state
[2025-03-11T10:34:48.475+0000] {logging_mixin.py:190} INFO -  Previous state of the Task instance: running
[2025-03-11T10:34:48.492+0000] {logging_mixin.py:190} INFO - Dag name:daily_product_analysis queued_at:2025-03-11 10:32:44.582675+00:00
[2025-03-11T10:34:48.501+0000] {logging_mixin.py:190} INFO - Task hostname:efacfdd0be48 operator:PythonOperator
[2025-03-11T10:34:48.680+0000] {local_task_job_runner.py:266} INFO - Task exited with return code 0
[2025-03-11T10:34:48.843+0000] {taskinstance.py:3901} INFO - 0 downstream tasks scheduled from follow-on schedule check
[2025-03-11T10:34:48.877+0000] {local_task_job_runner.py:245} INFO - ::endgroup::
[2025-03-11T10:34:49.063+0000] {standard_task_runner.py:217} INFO - Process not found (most likely exited), stop collecting metrics
