[2025-03-12T09:40:23.783+0000] {local_task_job_runner.py:123} INFO - ::group::Pre task execution logs
[2025-03-12T09:40:24.388+0000] {taskinstance.py:2614} INFO - Dependencies all met for dep_context=non-requeueable deps ti=<TaskInstance: weekly_category_analysis.customers manual__2025-03-12T09:40:17.859969+00:00 [queued]>
[2025-03-12T09:40:24.416+0000] {taskinstance.py:2614} INFO - Dependencies all met for dep_context=requeueable deps ti=<TaskInstance: weekly_category_analysis.customers manual__2025-03-12T09:40:17.859969+00:00 [queued]>
[2025-03-12T09:40:24.418+0000] {taskinstance.py:2867} INFO - Starting attempt 1 of 2
[2025-03-12T09:40:24.489+0000] {taskinstance.py:2890} INFO - Executing <Task(PythonOperator): customers> on 2025-03-12 09:40:17.859969+00:00
[2025-03-12T09:40:24.506+0000] {warnings.py:112} WARNING - /home/***/.local/lib/python3.12/site-packages/***/task/task_runner/standard_task_runner.py:70: DeprecationWarning: This process (pid=475) is multi-threaded, use of fork() may lead to deadlocks in the child.
  pid = os.fork()

[2025-03-12T09:40:24.511+0000] {standard_task_runner.py:72} INFO - Started process 487 to run task
[2025-03-12T09:40:24.510+0000] {standard_task_runner.py:104} INFO - Running: ['***', 'tasks', 'run', 'weekly_category_analysis', 'customers', 'manual__2025-03-12T09:40:17.859969+00:00', '--job-id', '381', '--raw', '--subdir', 'DAGS_FOLDER/data/scheduled.py', '--cfg-path', '/tmp/tmpgh77qioe']
[2025-03-12T09:40:24.513+0000] {standard_task_runner.py:105} INFO - Job 381: Subtask customers
[2025-03-12T09:40:24.694+0000] {task_command.py:467} INFO - Running <TaskInstance: weekly_category_analysis.customers manual__2025-03-12T09:40:17.859969+00:00 [running]> on host fc342882eb4f
[2025-03-12T09:40:25.037+0000] {taskinstance.py:3134} INFO - Exporting env vars: AIRFLOW_CTX_DAG_OWNER='***' AIRFLOW_CTX_DAG_ID='weekly_category_analysis' AIRFLOW_CTX_TASK_ID='customers' AIRFLOW_CTX_EXECUTION_DATE='2025-03-12T09:40:17.859969+00:00' AIRFLOW_CTX_TRY_NUMBER='1' AIRFLOW_CTX_DAG_RUN_ID='manual__2025-03-12T09:40:17.859969+00:00'
[2025-03-12T09:40:25.046+0000] {logging_mixin.py:190} INFO - Task instance is in running state
[2025-03-12T09:40:25.059+0000] {logging_mixin.py:190} INFO -  Previous state of the Task instance: queued
[2025-03-12T09:40:25.065+0000] {logging_mixin.py:190} INFO - Current task name:customers state:running start_date:2025-03-12 09:40:24.390084+00:00
[2025-03-12T09:40:25.076+0000] {logging_mixin.py:190} INFO - Dag name:weekly_category_analysis and current dag run status:running
[2025-03-12T09:40:25.080+0000] {taskinstance.py:732} INFO - ::endgroup::
[2025-03-12T09:40:25.238+0000] {logging_mixin.py:190} INFO - Validation successful. Found 1445 customer records.
[2025-03-12T09:40:25.251+0000] {python.py:240} INFO - Done. Returned value was: None
[2025-03-12T09:40:25.300+0000] {taskinstance.py:341} INFO - ::group::Post task execution logs
[2025-03-12T09:40:25.308+0000] {taskinstance.py:353} INFO - Marking task as SUCCESS. dag_id=weekly_category_analysis, task_id=customers, run_id=manual__2025-03-12T09:40:17.859969+00:00, execution_date=20250312T094017, start_date=20250312T094024, end_date=20250312T094025
[2025-03-12T09:40:25.447+0000] {logging_mixin.py:190} INFO - Task instance in success state
[2025-03-12T09:40:25.449+0000] {logging_mixin.py:190} INFO -  Previous state of the Task instance: running
[2025-03-12T09:40:25.450+0000] {logging_mixin.py:190} INFO - Dag name:weekly_category_analysis queued_at:2025-03-12 09:40:17.909407+00:00
[2025-03-12T09:40:25.452+0000] {logging_mixin.py:190} INFO - Task hostname:fc342882eb4f operator:PythonOperator
[2025-03-12T09:40:25.521+0000] {local_task_job_runner.py:266} INFO - Task exited with return code 0
[2025-03-12T09:40:25.667+0000] {taskinstance.py:3901} INFO - 1 downstream tasks scheduled from follow-on schedule check
[2025-03-12T09:40:25.674+0000] {local_task_job_runner.py:245} INFO - ::endgroup::
