[2025-03-12T10:10:31.455+0000] {local_task_job_runner.py:123} INFO - ::group::Pre task execution logs
[2025-03-12T10:10:31.533+0000] {taskinstance.py:2614} INFO - Dependencies all met for dep_context=non-requeueable deps ti=<TaskInstance: weekly_category_analysis.category_sales_analysis manual__2025-03-12T10:03:30.091434+00:00 [queued]>
[2025-03-12T10:10:31.571+0000] {taskinstance.py:2614} INFO - Dependencies all met for dep_context=requeueable deps ti=<TaskInstance: weekly_category_analysis.category_sales_analysis manual__2025-03-12T10:03:30.091434+00:00 [queued]>
[2025-03-12T10:10:31.574+0000] {taskinstance.py:2867} INFO - Starting attempt 2 of 2
[2025-03-12T10:10:31.616+0000] {taskinstance.py:2890} INFO - Executing <Task(PythonOperator): category_sales_analysis> on 2025-03-12 10:03:30.091434+00:00
[2025-03-12T10:10:31.626+0000] {warnings.py:112} WARNING - /home/***/.local/lib/python3.12/site-packages/***/task/task_runner/standard_task_runner.py:70: DeprecationWarning: This process (pid=661) is multi-threaded, use of fork() may lead to deadlocks in the child.
  pid = os.fork()

[2025-03-12T10:10:31.628+0000] {standard_task_runner.py:72} INFO - Started process 669 to run task
[2025-03-12T10:10:31.630+0000] {standard_task_runner.py:104} INFO - Running: ['***', 'tasks', 'run', 'weekly_category_analysis', 'category_sales_analysis', 'manual__2025-03-12T10:03:30.091434+00:00', '--job-id', '473', '--raw', '--subdir', 'DAGS_FOLDER/s3_data.py', '--cfg-path', '/tmp/tmp_pwzqw8m']
[2025-03-12T10:10:31.633+0000] {standard_task_runner.py:105} INFO - Job 473: Subtask category_sales_analysis
[2025-03-12T10:10:31.743+0000] {task_command.py:467} INFO - Running <TaskInstance: weekly_category_analysis.category_sales_analysis manual__2025-03-12T10:03:30.091434+00:00 [running]> on host b404e9833d11
[2025-03-12T10:10:32.007+0000] {taskinstance.py:3134} INFO - Exporting env vars: AIRFLOW_CTX_DAG_OWNER='***' AIRFLOW_CTX_DAG_ID='weekly_category_analysis' AIRFLOW_CTX_TASK_ID='category_sales_analysis' AIRFLOW_CTX_EXECUTION_DATE='2025-03-12T10:03:30.091434+00:00' AIRFLOW_CTX_TRY_NUMBER='2' AIRFLOW_CTX_DAG_RUN_ID='manual__2025-03-12T10:03:30.091434+00:00'
[2025-03-12T10:10:32.011+0000] {logging_mixin.py:190} INFO - Task instance is in running state
[2025-03-12T10:10:32.012+0000] {logging_mixin.py:190} INFO -  Previous state of the Task instance: queued
[2025-03-12T10:10:32.014+0000] {logging_mixin.py:190} INFO - Current task name:category_sales_analysis state:running start_date:2025-03-12 10:10:31.534809+00:00
[2025-03-12T10:10:32.019+0000] {logging_mixin.py:190} INFO - Dag name:weekly_category_analysis and current dag run status:running
[2025-03-12T10:10:32.020+0000] {taskinstance.py:732} INFO - ::endgroup::
[2025-03-12T10:10:32.741+0000] {httpchecksum.py:481} INFO - Skipping checksum validation. Response did not contain one of the following algorithms: ['crc32', 'sha1', 'sha256'].
[2025-03-12T10:10:32.922+0000] {httpchecksum.py:481} INFO - Skipping checksum validation. Response did not contain one of the following algorithms: ['crc32', 'sha1', 'sha256'].
[2025-03-12T10:10:33.143+0000] {httpchecksum.py:481} INFO - Skipping checksum validation. Response did not contain one of the following algorithms: ['crc32', 'sha1', 'sha256'].
[2025-03-12T10:10:33.706+0000] {logging_mixin.py:190} INFO - Category sales analysis completed successfully
[2025-03-12T10:10:33.713+0000] {python.py:240} INFO - Done. Returned value was: None
[2025-03-12T10:10:33.755+0000] {taskinstance.py:341} INFO - ::group::Post task execution logs
[2025-03-12T10:10:33.759+0000] {taskinstance.py:353} INFO - Marking task as SUCCESS. dag_id=weekly_category_analysis, task_id=category_sales_analysis, run_id=manual__2025-03-12T10:03:30.091434+00:00, execution_date=20250312T100330, start_date=20250312T101031, end_date=20250312T101033
[2025-03-12T10:10:33.835+0000] {logging_mixin.py:190} INFO - Task instance in success state
[2025-03-12T10:10:33.836+0000] {logging_mixin.py:190} INFO -  Previous state of the Task instance: running
[2025-03-12T10:10:33.838+0000] {logging_mixin.py:190} INFO - Dag name:weekly_category_analysis queued_at:2025-03-12 10:03:30.119001+00:00
[2025-03-12T10:10:33.841+0000] {logging_mixin.py:190} INFO - Task hostname:b404e9833d11 operator:PythonOperator
[2025-03-12T10:10:33.874+0000] {local_task_job_runner.py:266} INFO - Task exited with return code 0
[2025-03-12T10:10:33.886+0000] {local_task_job_runner.py:245} INFO - ::endgroup::
