[2025-03-12T10:09:47.935+0000] {local_task_job_runner.py:123} INFO - ::group::Pre task execution logs
[2025-03-12T10:09:47.982+0000] {taskinstance.py:2614} INFO - Dependencies all met for dep_context=non-requeueable deps ti=<TaskInstance: daily_product_analysis.brands manual__2025-03-12T10:09:42.150569+00:00 [queued]>
[2025-03-12T10:09:48.021+0000] {taskinstance.py:2614} INFO - Dependencies all met for dep_context=requeueable deps ti=<TaskInstance: daily_product_analysis.brands manual__2025-03-12T10:09:42.150569+00:00 [queued]>
[2025-03-12T10:09:48.022+0000] {taskinstance.py:2867} INFO - Starting attempt 1 of 2
[2025-03-12T10:09:48.081+0000] {taskinstance.py:2890} INFO - Executing <Task(PythonOperator): brands> on 2025-03-12 10:09:42.150569+00:00
[2025-03-12T10:09:48.095+0000] {warnings.py:112} WARNING - /home/***/.local/lib/python3.12/site-packages/***/task/task_runner/standard_task_runner.py:70: DeprecationWarning: This process (pid=613) is multi-threaded, use of fork() may lead to deadlocks in the child.
  pid = os.fork()

[2025-03-12T10:09:48.100+0000] {standard_task_runner.py:72} INFO - Started process 623 to run task
[2025-03-12T10:09:48.100+0000] {standard_task_runner.py:104} INFO - Running: ['***', 'tasks', 'run', 'daily_product_analysis', 'brands', 'manual__2025-03-12T10:09:42.150569+00:00', '--job-id', '462', '--raw', '--subdir', 'DAGS_FOLDER/s3_data.py', '--cfg-path', '/tmp/tmpy0aoy3_z']
[2025-03-12T10:09:48.102+0000] {standard_task_runner.py:105} INFO - Job 462: Subtask brands
[2025-03-12T10:09:48.198+0000] {task_command.py:467} INFO - Running <TaskInstance: daily_product_analysis.brands manual__2025-03-12T10:09:42.150569+00:00 [running]> on host b404e9833d11
[2025-03-12T10:09:48.391+0000] {taskinstance.py:3134} INFO - Exporting env vars: AIRFLOW_CTX_DAG_OWNER='***' AIRFLOW_CTX_DAG_ID='daily_product_analysis' AIRFLOW_CTX_TASK_ID='brands' AIRFLOW_CTX_EXECUTION_DATE='2025-03-12T10:09:42.150569+00:00' AIRFLOW_CTX_TRY_NUMBER='1' AIRFLOW_CTX_DAG_RUN_ID='manual__2025-03-12T10:09:42.150569+00:00'
[2025-03-12T10:09:48.394+0000] {logging_mixin.py:190} INFO - Task instance is in running state
[2025-03-12T10:09:48.395+0000] {logging_mixin.py:190} INFO -  Previous state of the Task instance: queued
[2025-03-12T10:09:48.396+0000] {logging_mixin.py:190} INFO - Current task name:brands state:running start_date:2025-03-12 10:09:47.984123+00:00
[2025-03-12T10:09:48.397+0000] {logging_mixin.py:190} INFO - Dag name:daily_product_analysis and current dag run status:running
[2025-03-12T10:09:48.397+0000] {taskinstance.py:732} INFO - ::endgroup::
[2025-03-12T10:09:49.136+0000] {httpchecksum.py:481} INFO - Skipping checksum validation. Response did not contain one of the following algorithms: ['crc32', 'sha1', 'sha256'].
[2025-03-12T10:09:49.149+0000] {logging_mixin.py:190} INFO - Validation successful. Found 9 brand records.
[2025-03-12T10:09:49.150+0000] {python.py:240} INFO - Done. Returned value was: None
[2025-03-12T10:09:49.168+0000] {taskinstance.py:341} INFO - ::group::Post task execution logs
[2025-03-12T10:09:49.169+0000] {taskinstance.py:353} INFO - Marking task as SUCCESS. dag_id=daily_product_analysis, task_id=brands, run_id=manual__2025-03-12T10:09:42.150569+00:00, execution_date=20250312T100942, start_date=20250312T100947, end_date=20250312T100949
[2025-03-12T10:09:49.211+0000] {logging_mixin.py:190} INFO - Task instance in success state
[2025-03-12T10:09:49.212+0000] {logging_mixin.py:190} INFO -  Previous state of the Task instance: running
[2025-03-12T10:09:49.213+0000] {logging_mixin.py:190} INFO - Dag name:daily_product_analysis queued_at:2025-03-12 10:09:42.168285+00:00
[2025-03-12T10:09:49.214+0000] {logging_mixin.py:190} INFO - Task hostname:b404e9833d11 operator:PythonOperator
[2025-03-12T10:09:49.245+0000] {local_task_job_runner.py:266} INFO - Task exited with return code 0
[2025-03-12T10:09:49.307+0000] {taskinstance.py:3901} INFO - 1 downstream tasks scheduled from follow-on schedule check
[2025-03-12T10:09:49.312+0000] {local_task_job_runner.py:245} INFO - ::endgroup::
