[2025-03-12T10:07:53.577+0000] {local_task_job_runner.py:123} INFO - ::group::Pre task execution logs
[2025-03-12T10:07:53.641+0000] {taskinstance.py:2614} INFO - Dependencies all met for dep_context=non-requeueable deps ti=<TaskInstance: weekly_category_analysis.customers manual__2025-03-12T10:07:47.232032+00:00 [queued]>
[2025-03-12T10:07:53.667+0000] {taskinstance.py:2614} INFO - Dependencies all met for dep_context=requeueable deps ti=<TaskInstance: weekly_category_analysis.customers manual__2025-03-12T10:07:47.232032+00:00 [queued]>
[2025-03-12T10:07:53.668+0000] {taskinstance.py:2867} INFO - Starting attempt 1 of 2
[2025-03-12T10:07:53.733+0000] {taskinstance.py:2890} INFO - Executing <Task(PythonOperator): customers> on 2025-03-12 10:07:47.232032+00:00
[2025-03-12T10:07:53.759+0000] {warnings.py:112} WARNING - /home/***/.local/lib/python3.12/site-packages/***/task/task_runner/standard_task_runner.py:70: DeprecationWarning: This process (pid=548) is multi-threaded, use of fork() may lead to deadlocks in the child.
  pid = os.fork()

[2025-03-12T10:07:53.764+0000] {standard_task_runner.py:72} INFO - Started process 561 to run task
[2025-03-12T10:07:53.770+0000] {standard_task_runner.py:104} INFO - Running: ['***', 'tasks', 'run', 'weekly_category_analysis', 'customers', 'manual__2025-03-12T10:07:47.232032+00:00', '--job-id', '452', '--raw', '--subdir', 'DAGS_FOLDER/s3_data.py', '--cfg-path', '/tmp/tmp5ueyte7o']
[2025-03-12T10:07:53.778+0000] {standard_task_runner.py:105} INFO - Job 452: Subtask customers
[2025-03-12T10:07:53.947+0000] {task_command.py:467} INFO - Running <TaskInstance: weekly_category_analysis.customers manual__2025-03-12T10:07:47.232032+00:00 [running]> on host b404e9833d11
[2025-03-12T10:07:54.215+0000] {taskinstance.py:3134} INFO - Exporting env vars: AIRFLOW_CTX_DAG_OWNER='***' AIRFLOW_CTX_DAG_ID='weekly_category_analysis' AIRFLOW_CTX_TASK_ID='customers' AIRFLOW_CTX_EXECUTION_DATE='2025-03-12T10:07:47.232032+00:00' AIRFLOW_CTX_TRY_NUMBER='1' AIRFLOW_CTX_DAG_RUN_ID='manual__2025-03-12T10:07:47.232032+00:00'
[2025-03-12T10:07:54.219+0000] {logging_mixin.py:190} INFO - Task instance is in running state
[2025-03-12T10:07:54.222+0000] {logging_mixin.py:190} INFO -  Previous state of the Task instance: queued
[2025-03-12T10:07:54.224+0000] {logging_mixin.py:190} INFO - Current task name:customers state:running start_date:2025-03-12 10:07:53.642133+00:00
[2025-03-12T10:07:54.225+0000] {logging_mixin.py:190} INFO - Dag name:weekly_category_analysis and current dag run status:running
[2025-03-12T10:07:54.226+0000] {taskinstance.py:732} INFO - ::endgroup::
[2025-03-12T10:07:55.043+0000] {httpchecksum.py:481} INFO - Skipping checksum validation. Response did not contain one of the following algorithms: ['crc32', 'sha1', 'sha256'].
[2025-03-12T10:07:55.326+0000] {logging_mixin.py:190} INFO - Validation successful. Found 1445 customer records.
[2025-03-12T10:07:55.327+0000] {python.py:240} INFO - Done. Returned value was: None
[2025-03-12T10:07:55.339+0000] {taskinstance.py:341} INFO - ::group::Post task execution logs
[2025-03-12T10:07:55.340+0000] {taskinstance.py:353} INFO - Marking task as SUCCESS. dag_id=weekly_category_analysis, task_id=customers, run_id=manual__2025-03-12T10:07:47.232032+00:00, execution_date=20250312T100747, start_date=20250312T100753, end_date=20250312T100755
[2025-03-12T10:07:55.368+0000] {logging_mixin.py:190} INFO - Task instance in success state
[2025-03-12T10:07:55.368+0000] {logging_mixin.py:190} INFO -  Previous state of the Task instance: running
[2025-03-12T10:07:55.369+0000] {logging_mixin.py:190} INFO - Dag name:weekly_category_analysis queued_at:2025-03-12 10:07:47.246755+00:00
[2025-03-12T10:07:55.370+0000] {logging_mixin.py:190} INFO - Task hostname:b404e9833d11 operator:PythonOperator
[2025-03-12T10:07:55.417+0000] {local_task_job_runner.py:266} INFO - Task exited with return code 0
[2025-03-12T10:07:55.461+0000] {taskinstance.py:3901} INFO - 1 downstream tasks scheduled from follow-on schedule check
[2025-03-12T10:07:55.464+0000] {local_task_job_runner.py:245} INFO - ::endgroup::
