[2025-03-12T10:07:53.577+0000] {local_task_job_runner.py:123} INFO - ::group::Pre task execution logs
[2025-03-12T10:07:53.630+0000] {taskinstance.py:2614} INFO - Dependencies all met for dep_context=non-requeueable deps ti=<TaskInstance: weekly_category_analysis.categories manual__2025-03-12T10:07:47.232032+00:00 [queued]>
[2025-03-12T10:07:53.653+0000] {taskinstance.py:2614} INFO - Dependencies all met for dep_context=requeueable deps ti=<TaskInstance: weekly_category_analysis.categories manual__2025-03-12T10:07:47.232032+00:00 [queued]>
[2025-03-12T10:07:53.655+0000] {taskinstance.py:2867} INFO - Starting attempt 1 of 2
[2025-03-12T10:07:53.710+0000] {taskinstance.py:2890} INFO - Executing <Task(PythonOperator): categories> on 2025-03-12 10:07:47.232032+00:00
[2025-03-12T10:07:53.724+0000] {warnings.py:112} WARNING - /home/***/.local/lib/python3.12/site-packages/***/task/task_runner/standard_task_runner.py:70: DeprecationWarning: This process (pid=550) is multi-threaded, use of fork() may lead to deadlocks in the child.
  pid = os.fork()

[2025-03-12T10:07:53.728+0000] {standard_task_runner.py:72} INFO - Started process 559 to run task
[2025-03-12T10:07:53.736+0000] {standard_task_runner.py:104} INFO - Running: ['***', 'tasks', 'run', 'weekly_category_analysis', 'categories', 'manual__2025-03-12T10:07:47.232032+00:00', '--job-id', '453', '--raw', '--subdir', 'DAGS_FOLDER/s3_data.py', '--cfg-path', '/tmp/tmp_ahwxutp']
[2025-03-12T10:07:53.745+0000] {standard_task_runner.py:105} INFO - Job 453: Subtask categories
[2025-03-12T10:07:53.912+0000] {task_command.py:467} INFO - Running <TaskInstance: weekly_category_analysis.categories manual__2025-03-12T10:07:47.232032+00:00 [running]> on host b404e9833d11
[2025-03-12T10:07:54.203+0000] {taskinstance.py:3134} INFO - Exporting env vars: AIRFLOW_CTX_DAG_OWNER='***' AIRFLOW_CTX_DAG_ID='weekly_category_analysis' AIRFLOW_CTX_TASK_ID='categories' AIRFLOW_CTX_EXECUTION_DATE='2025-03-12T10:07:47.232032+00:00' AIRFLOW_CTX_TRY_NUMBER='1' AIRFLOW_CTX_DAG_RUN_ID='manual__2025-03-12T10:07:47.232032+00:00'
[2025-03-12T10:07:54.206+0000] {logging_mixin.py:190} INFO - Task instance is in running state
[2025-03-12T10:07:54.207+0000] {logging_mixin.py:190} INFO -  Previous state of the Task instance: queued
[2025-03-12T10:07:54.208+0000] {logging_mixin.py:190} INFO - Current task name:categories state:running start_date:2025-03-12 10:07:53.632318+00:00
[2025-03-12T10:07:54.209+0000] {logging_mixin.py:190} INFO - Dag name:weekly_category_analysis and current dag run status:running
[2025-03-12T10:07:54.210+0000] {taskinstance.py:732} INFO - ::endgroup::
[2025-03-12T10:07:54.973+0000] {httpchecksum.py:481} INFO - Skipping checksum validation. Response did not contain one of the following algorithms: ['crc32', 'sha1', 'sha256'].
[2025-03-12T10:07:55.007+0000] {logging_mixin.py:190} INFO - Validation successful. Found 7 category records.
[2025-03-12T10:07:55.009+0000] {python.py:240} INFO - Done. Returned value was: None
[2025-03-12T10:07:55.048+0000] {taskinstance.py:341} INFO - ::group::Post task execution logs
[2025-03-12T10:07:55.049+0000] {taskinstance.py:353} INFO - Marking task as SUCCESS. dag_id=weekly_category_analysis, task_id=categories, run_id=manual__2025-03-12T10:07:47.232032+00:00, execution_date=20250312T100747, start_date=20250312T100753, end_date=20250312T100755
[2025-03-12T10:07:55.085+0000] {logging_mixin.py:190} INFO - Task instance in success state
[2025-03-12T10:07:55.086+0000] {logging_mixin.py:190} INFO -  Previous state of the Task instance: running
[2025-03-12T10:07:55.087+0000] {logging_mixin.py:190} INFO - Dag name:weekly_category_analysis queued_at:2025-03-12 10:07:47.246755+00:00
[2025-03-12T10:07:55.088+0000] {logging_mixin.py:190} INFO - Task hostname:b404e9833d11 operator:PythonOperator
[2025-03-12T10:07:55.106+0000] {local_task_job_runner.py:266} INFO - Task exited with return code 0
[2025-03-12T10:07:55.166+0000] {taskinstance.py:3901} INFO - 1 downstream tasks scheduled from follow-on schedule check
[2025-03-12T10:07:55.169+0000] {local_task_job_runner.py:245} INFO - ::endgroup::
