[2025-03-12T08:09:04.229+0000] {local_task_job_runner.py:123} INFO - ::group::Pre task execution logs
[2025-03-12T08:09:04.312+0000] {taskinstance.py:2614} INFO - Dependencies all met for dep_context=non-requeueable deps ti=<TaskInstance: weekly_category_analysis.stores manual__2025-03-12T08:08:41.718880+00:00 [queued]>
[2025-03-12T08:09:04.373+0000] {taskinstance.py:2614} INFO - Dependencies all met for dep_context=requeueable deps ti=<TaskInstance: weekly_category_analysis.stores manual__2025-03-12T08:08:41.718880+00:00 [queued]>
[2025-03-12T08:09:04.377+0000] {taskinstance.py:2867} INFO - Starting attempt 1 of 2
[2025-03-12T08:09:04.472+0000] {taskinstance.py:2890} INFO - Executing <Task(PythonOperator): stores> on 2025-03-12 08:08:41.718880+00:00
[2025-03-12T08:09:04.496+0000] {warnings.py:112} WARNING - /home/***/.local/lib/python3.12/site-packages/***/task/task_runner/standard_task_runner.py:70: DeprecationWarning: This process (pid=722) is multi-threaded, use of fork() may lead to deadlocks in the child.
  pid = os.fork()

[2025-03-12T08:09:04.500+0000] {standard_task_runner.py:72} INFO - Started process 734 to run task
[2025-03-12T08:09:04.505+0000] {standard_task_runner.py:104} INFO - Running: ['***', 'tasks', 'run', 'weekly_category_analysis', 'stores', 'manual__2025-03-12T08:08:41.718880+00:00', '--job-id', '329', '--raw', '--subdir', 'DAGS_FOLDER/s3_data.py', '--cfg-path', '/tmp/tmpbhsj0_z1']
[2025-03-12T08:09:04.518+0000] {standard_task_runner.py:105} INFO - Job 329: Subtask stores
[2025-03-12T08:09:04.710+0000] {task_command.py:467} INFO - Running <TaskInstance: weekly_category_analysis.stores manual__2025-03-12T08:08:41.718880+00:00 [running]> on host fc342882eb4f
[2025-03-12T08:09:05.882+0000] {taskinstance.py:3134} INFO - Exporting env vars: AIRFLOW_CTX_DAG_OWNER='***' AIRFLOW_CTX_DAG_ID='weekly_category_analysis' AIRFLOW_CTX_TASK_ID='stores' AIRFLOW_CTX_EXECUTION_DATE='2025-03-12T08:08:41.718880+00:00' AIRFLOW_CTX_TRY_NUMBER='1' AIRFLOW_CTX_DAG_RUN_ID='manual__2025-03-12T08:08:41.718880+00:00'
[2025-03-12T08:09:05.885+0000] {logging_mixin.py:190} INFO - Task instance is in running state
[2025-03-12T08:09:05.888+0000] {logging_mixin.py:190} INFO -  Previous state of the Task instance: queued
[2025-03-12T08:09:05.890+0000] {logging_mixin.py:190} INFO - Current task name:stores state:running start_date:2025-03-12 08:09:04.314793+00:00
[2025-03-12T08:09:05.891+0000] {logging_mixin.py:190} INFO - Dag name:weekly_category_analysis and current dag run status:running
[2025-03-12T08:09:05.896+0000] {taskinstance.py:732} INFO - ::endgroup::
[2025-03-12T08:09:05.929+0000] {logging_mixin.py:190} INFO - Validation successful. Found 3 store records.
[2025-03-12T08:09:05.933+0000] {python.py:240} INFO - Done. Returned value was: None
[2025-03-12T08:09:05.982+0000] {taskinstance.py:341} INFO - ::group::Post task execution logs
[2025-03-12T08:09:05.984+0000] {taskinstance.py:353} INFO - Marking task as SUCCESS. dag_id=weekly_category_analysis, task_id=stores, run_id=manual__2025-03-12T08:08:41.718880+00:00, execution_date=20250312T080841, start_date=20250312T080904, end_date=20250312T080905
[2025-03-12T08:09:06.061+0000] {logging_mixin.py:190} INFO - Task instance in success state
[2025-03-12T08:09:06.066+0000] {logging_mixin.py:190} INFO -  Previous state of the Task instance: running
[2025-03-12T08:09:06.067+0000] {logging_mixin.py:190} INFO - Dag name:weekly_category_analysis queued_at:2025-03-12 08:08:41.799977+00:00
[2025-03-12T08:09:06.068+0000] {logging_mixin.py:190} INFO - Task hostname:fc342882eb4f operator:PythonOperator
[2025-03-12T08:09:06.201+0000] {local_task_job_runner.py:266} INFO - Task exited with return code 0
[2025-03-12T08:09:06.239+0000] {local_task_job_runner.py:245} INFO - ::endgroup::
