[2025-03-12T10:00:16.431+0000] {local_task_job_runner.py:123} INFO - ::group::Pre task execution logs
[2025-03-12T10:00:16.636+0000] {taskinstance.py:2614} INFO - Dependencies all met for dep_context=non-requeueable deps ti=<TaskInstance: weekly_category_analysis.stores manual__2025-03-12T10:00:01.174485+00:00 [queued]>
[2025-03-12T10:00:16.756+0000] {taskinstance.py:2614} INFO - Dependencies all met for dep_context=requeueable deps ti=<TaskInstance: weekly_category_analysis.stores manual__2025-03-12T10:00:01.174485+00:00 [queued]>
[2025-03-12T10:00:16.788+0000] {taskinstance.py:2867} INFO - Starting attempt 1 of 2
[2025-03-12T10:00:17.145+0000] {taskinstance.py:2890} INFO - Executing <Task(PythonOperator): stores> on 2025-03-12 10:00:01.174485+00:00
[2025-03-12T10:00:17.229+0000] {warnings.py:112} WARNING - /home/***/.local/lib/python3.12/site-packages/***/task/task_runner/standard_task_runner.py:70: DeprecationWarning: This process (pid=328) is multi-threaded, use of fork() may lead to deadlocks in the child.
  pid = os.fork()

[2025-03-12T10:00:17.236+0000] {standard_task_runner.py:104} INFO - Running: ['***', 'tasks', 'run', 'weekly_category_analysis', 'stores', 'manual__2025-03-12T10:00:01.174485+00:00', '--job-id', '416', '--raw', '--subdir', 'DAGS_FOLDER/s3_data.py', '--cfg-path', '/tmp/tmp48du29th']
[2025-03-12T10:00:17.302+0000] {standard_task_runner.py:72} INFO - Started process 344 to run task
[2025-03-12T10:00:17.307+0000] {standard_task_runner.py:105} INFO - Job 416: Subtask stores
[2025-03-12T10:00:17.741+0000] {task_command.py:467} INFO - Running <TaskInstance: weekly_category_analysis.stores manual__2025-03-12T10:00:01.174485+00:00 [running]> on host b404e9833d11
[2025-03-12T10:00:18.378+0000] {taskinstance.py:3134} INFO - Exporting env vars: AIRFLOW_CTX_DAG_OWNER='***' AIRFLOW_CTX_DAG_ID='weekly_category_analysis' AIRFLOW_CTX_TASK_ID='stores' AIRFLOW_CTX_EXECUTION_DATE='2025-03-12T10:00:01.174485+00:00' AIRFLOW_CTX_TRY_NUMBER='1' AIRFLOW_CTX_DAG_RUN_ID='manual__2025-03-12T10:00:01.174485+00:00'
[2025-03-12T10:00:18.394+0000] {logging_mixin.py:190} INFO - Task instance is in running state
[2025-03-12T10:00:18.398+0000] {logging_mixin.py:190} INFO -  Previous state of the Task instance: queued
[2025-03-12T10:00:18.405+0000] {logging_mixin.py:190} INFO - Current task name:stores state:running start_date:2025-03-12 10:00:16.694828+00:00
[2025-03-12T10:00:18.412+0000] {logging_mixin.py:190} INFO - Dag name:weekly_category_analysis and current dag run status:running
[2025-03-12T10:00:18.415+0000] {taskinstance.py:732} INFO - ::endgroup::
[2025-03-12T10:00:18.556+0000] {logging_mixin.py:190} INFO - Validation successful. Found 3 store records.
[2025-03-12T10:00:18.560+0000] {python.py:240} INFO - Done. Returned value was: None
[2025-03-12T10:00:18.621+0000] {taskinstance.py:341} INFO - ::group::Post task execution logs
[2025-03-12T10:00:18.636+0000] {taskinstance.py:353} INFO - Marking task as SUCCESS. dag_id=weekly_category_analysis, task_id=stores, run_id=manual__2025-03-12T10:00:01.174485+00:00, execution_date=20250312T100001, start_date=20250312T100016, end_date=20250312T100018
[2025-03-12T10:00:18.790+0000] {logging_mixin.py:190} INFO - Task instance in success state
[2025-03-12T10:00:18.797+0000] {logging_mixin.py:190} INFO -  Previous state of the Task instance: running
[2025-03-12T10:00:18.802+0000] {logging_mixin.py:190} INFO - Dag name:weekly_category_analysis queued_at:2025-03-12 10:00:01.229393+00:00
[2025-03-12T10:00:18.815+0000] {logging_mixin.py:190} INFO - Task hostname:b404e9833d11 operator:PythonOperator
[2025-03-12T10:00:18.920+0000] {local_task_job_runner.py:266} INFO - Task exited with return code 0
[2025-03-12T10:00:19.356+0000] {taskinstance.py:3901} INFO - 1 downstream tasks scheduled from follow-on schedule check
[2025-03-12T10:00:19.378+0000] {local_task_job_runner.py:245} INFO - ::endgroup::
