[2025-03-12T09:54:57.811+0000] {local_task_job_runner.py:123} INFO - ::group::Pre task execution logs
[2025-03-12T09:54:57.945+0000] {taskinstance.py:2614} INFO - Dependencies all met for dep_context=non-requeueable deps ti=<TaskInstance: weekly_category_analysis.products manual__2025-03-12T09:54:44.136846+00:00 [queued]>
[2025-03-12T09:54:58.013+0000] {taskinstance.py:2614} INFO - Dependencies all met for dep_context=requeueable deps ti=<TaskInstance: weekly_category_analysis.products manual__2025-03-12T09:54:44.136846+00:00 [queued]>
[2025-03-12T09:54:58.019+0000] {taskinstance.py:2867} INFO - Starting attempt 1 of 2
[2025-03-12T09:54:58.086+0000] {taskinstance.py:2890} INFO - Executing <Task(PythonOperator): products> on 2025-03-12 09:54:44.136846+00:00
[2025-03-12T09:54:58.099+0000] {warnings.py:112} WARNING - /home/***/.local/lib/python3.12/site-packages/***/task/task_runner/standard_task_runner.py:70: DeprecationWarning: This process (pid=216) is multi-threaded, use of fork() may lead to deadlocks in the child.
  pid = os.fork()

[2025-03-12T09:54:58.107+0000] {standard_task_runner.py:72} INFO - Started process 222 to run task
[2025-03-12T09:54:58.113+0000] {standard_task_runner.py:104} INFO - Running: ['***', 'tasks', 'run', 'weekly_category_analysis', 'products', 'manual__2025-03-12T09:54:44.136846+00:00', '--job-id', '401', '--raw', '--subdir', 'DAGS_FOLDER/s3_data.py', '--cfg-path', '/tmp/tmpstulyt7l']
[2025-03-12T09:54:58.126+0000] {standard_task_runner.py:105} INFO - Job 401: Subtask products
[2025-03-12T09:54:58.299+0000] {task_command.py:467} INFO - Running <TaskInstance: weekly_category_analysis.products manual__2025-03-12T09:54:44.136846+00:00 [running]> on host b404e9833d11
[2025-03-12T09:54:58.733+0000] {taskinstance.py:3134} INFO - Exporting env vars: AIRFLOW_CTX_DAG_OWNER='***' AIRFLOW_CTX_DAG_ID='weekly_category_analysis' AIRFLOW_CTX_TASK_ID='products' AIRFLOW_CTX_EXECUTION_DATE='2025-03-12T09:54:44.136846+00:00' AIRFLOW_CTX_TRY_NUMBER='1' AIRFLOW_CTX_DAG_RUN_ID='manual__2025-03-12T09:54:44.136846+00:00'
[2025-03-12T09:54:58.736+0000] {logging_mixin.py:190} INFO - Task instance is in running state
[2025-03-12T09:54:58.737+0000] {logging_mixin.py:190} INFO -  Previous state of the Task instance: queued
[2025-03-12T09:54:58.739+0000] {logging_mixin.py:190} INFO - Current task name:products state:running start_date:2025-03-12 09:54:57.965542+00:00
[2025-03-12T09:54:58.745+0000] {logging_mixin.py:190} INFO - Dag name:weekly_category_analysis and current dag run status:running
[2025-03-12T09:54:58.748+0000] {taskinstance.py:732} INFO - ::endgroup::
[2025-03-12T09:54:58.812+0000] {logging_mixin.py:190} INFO - Validation successful. Found 321 product records.
[2025-03-12T09:54:58.814+0000] {python.py:240} INFO - Done. Returned value was: None
[2025-03-12T09:54:58.848+0000] {taskinstance.py:341} INFO - ::group::Post task execution logs
[2025-03-12T09:54:58.850+0000] {taskinstance.py:353} INFO - Marking task as SUCCESS. dag_id=weekly_category_analysis, task_id=products, run_id=manual__2025-03-12T09:54:44.136846+00:00, execution_date=20250312T095444, start_date=20250312T095457, end_date=20250312T095458
[2025-03-12T09:54:58.985+0000] {logging_mixin.py:190} INFO - Task instance in success state
[2025-03-12T09:54:58.991+0000] {logging_mixin.py:190} INFO -  Previous state of the Task instance: running
[2025-03-12T09:54:58.996+0000] {logging_mixin.py:190} INFO - Dag name:weekly_category_analysis queued_at:2025-03-12 09:54:44.176207+00:00
[2025-03-12T09:54:58.998+0000] {logging_mixin.py:190} INFO - Task hostname:b404e9833d11 operator:PythonOperator
[2025-03-12T09:54:59.034+0000] {local_task_job_runner.py:266} INFO - Task exited with return code 0
[2025-03-12T09:54:59.218+0000] {taskinstance.py:3901} INFO - 1 downstream tasks scheduled from follow-on schedule check
[2025-03-12T09:54:59.223+0000] {local_task_job_runner.py:245} INFO - ::endgroup::
