[2025-03-12T10:08:14.493+0000] {local_task_job_runner.py:123} INFO - ::group::Pre task execution logs
[2025-03-12T10:08:14.547+0000] {taskinstance.py:2614} INFO - Dependencies all met for dep_context=non-requeueable deps ti=<TaskInstance: weekly_category_analysis.category_stocks_analysis manual__2025-03-12T10:07:47.232032+00:00 [queued]>
[2025-03-12T10:08:14.573+0000] {taskinstance.py:2614} INFO - Dependencies all met for dep_context=requeueable deps ti=<TaskInstance: weekly_category_analysis.category_stocks_analysis manual__2025-03-12T10:07:47.232032+00:00 [queued]>
[2025-03-12T10:08:14.574+0000] {taskinstance.py:2867} INFO - Starting attempt 1 of 2
[2025-03-12T10:08:14.597+0000] {taskinstance.py:2890} INFO - Executing <Task(PythonOperator): category_stocks_analysis> on 2025-03-12 10:07:47.232032+00:00
[2025-03-12T10:08:14.608+0000] {warnings.py:112} WARNING - /home/***/.local/lib/python3.12/site-packages/***/task/task_runner/standard_task_runner.py:70: DeprecationWarning: This process (pid=590) is multi-threaded, use of fork() may lead to deadlocks in the child.
  pid = os.fork()

[2025-03-12T10:08:14.611+0000] {standard_task_runner.py:72} INFO - Started process 595 to run task
[2025-03-12T10:08:14.611+0000] {standard_task_runner.py:104} INFO - Running: ['***', 'tasks', 'run', 'weekly_category_analysis', 'category_stocks_analysis', 'manual__2025-03-12T10:07:47.232032+00:00', '--job-id', '460', '--raw', '--subdir', 'DAGS_FOLDER/s3_data.py', '--cfg-path', '/tmp/tmpo6fhqeb6']
[2025-03-12T10:08:14.613+0000] {standard_task_runner.py:105} INFO - Job 460: Subtask category_stocks_analysis
[2025-03-12T10:08:14.692+0000] {task_command.py:467} INFO - Running <TaskInstance: weekly_category_analysis.category_stocks_analysis manual__2025-03-12T10:07:47.232032+00:00 [running]> on host b404e9833d11
[2025-03-12T10:08:14.953+0000] {taskinstance.py:3134} INFO - Exporting env vars: AIRFLOW_CTX_DAG_OWNER='***' AIRFLOW_CTX_DAG_ID='weekly_category_analysis' AIRFLOW_CTX_TASK_ID='category_stocks_analysis' AIRFLOW_CTX_EXECUTION_DATE='2025-03-12T10:07:47.232032+00:00' AIRFLOW_CTX_TRY_NUMBER='1' AIRFLOW_CTX_DAG_RUN_ID='manual__2025-03-12T10:07:47.232032+00:00'
[2025-03-12T10:08:14.964+0000] {logging_mixin.py:190} INFO - Task instance is in running state
[2025-03-12T10:08:14.965+0000] {logging_mixin.py:190} INFO -  Previous state of the Task instance: queued
[2025-03-12T10:08:14.966+0000] {logging_mixin.py:190} INFO - Current task name:category_stocks_analysis state:running start_date:2025-03-12 10:08:14.548716+00:00
[2025-03-12T10:08:14.967+0000] {logging_mixin.py:190} INFO - Dag name:weekly_category_analysis and current dag run status:running
[2025-03-12T10:08:14.968+0000] {taskinstance.py:732} INFO - ::endgroup::
[2025-03-12T10:08:15.737+0000] {httpchecksum.py:481} INFO - Skipping checksum validation. Response did not contain one of the following algorithms: ['crc32', 'sha1', 'sha256'].
[2025-03-12T10:08:15.959+0000] {httpchecksum.py:481} INFO - Skipping checksum validation. Response did not contain one of the following algorithms: ['crc32', 'sha1', 'sha256'].
[2025-03-12T10:08:16.158+0000] {httpchecksum.py:481} INFO - Skipping checksum validation. Response did not contain one of the following algorithms: ['crc32', 'sha1', 'sha256'].
[2025-03-12T10:08:16.496+0000] {logging_mixin.py:190} INFO - Category stocks analysis completed successfully
[2025-03-12T10:08:16.497+0000] {python.py:240} INFO - Done. Returned value was: None
[2025-03-12T10:08:16.508+0000] {taskinstance.py:341} INFO - ::group::Post task execution logs
[2025-03-12T10:08:16.508+0000] {taskinstance.py:353} INFO - Marking task as SUCCESS. dag_id=weekly_category_analysis, task_id=category_stocks_analysis, run_id=manual__2025-03-12T10:07:47.232032+00:00, execution_date=20250312T100747, start_date=20250312T100814, end_date=20250312T100816
[2025-03-12T10:08:16.536+0000] {logging_mixin.py:190} INFO - Task instance in success state
[2025-03-12T10:08:16.537+0000] {logging_mixin.py:190} INFO -  Previous state of the Task instance: running
[2025-03-12T10:08:16.537+0000] {logging_mixin.py:190} INFO - Dag name:weekly_category_analysis queued_at:2025-03-12 10:07:47.246755+00:00
[2025-03-12T10:08:16.538+0000] {logging_mixin.py:190} INFO - Task hostname:b404e9833d11 operator:PythonOperator
[2025-03-12T10:08:16.558+0000] {local_task_job_runner.py:266} INFO - Task exited with return code 0
[2025-03-12T10:08:16.575+0000] {taskinstance.py:3901} INFO - 0 downstream tasks scheduled from follow-on schedule check
[2025-03-12T10:08:16.578+0000] {local_task_job_runner.py:245} INFO - ::endgroup::
