[2025-03-13T06:02:43.472+0000] {local_task_job_runner.py:123} INFO - ::group::Pre task execution logs
[2025-03-13T06:02:43.612+0000] {taskinstance.py:2614} INFO - Dependencies all met for dep_context=non-requeueable deps ti=<TaskInstance: daily_product_analysis.orders scheduled__2025-03-12T00:00:00+00:00 [queued]>
[2025-03-13T06:02:43.670+0000] {taskinstance.py:2614} INFO - Dependencies all met for dep_context=requeueable deps ti=<TaskInstance: daily_product_analysis.orders scheduled__2025-03-12T00:00:00+00:00 [queued]>
[2025-03-13T06:02:43.685+0000] {taskinstance.py:2867} INFO - Starting attempt 1 of 2
[2025-03-13T06:02:43.764+0000] {taskinstance.py:2890} INFO - Executing <Task(PythonOperator): orders> on 2025-03-12 00:00:00+00:00
[2025-03-13T06:02:43.789+0000] {warnings.py:112} WARNING - /home/***/.local/lib/python3.12/site-packages/***/task/task_runner/standard_task_runner.py:70: DeprecationWarning: This process (pid=2025) is multi-threaded, use of fork() may lead to deadlocks in the child.
  pid = os.fork()

[2025-03-13T06:02:43.803+0000] {standard_task_runner.py:72} INFO - Started process 2034 to run task
[2025-03-13T06:02:43.799+0000] {standard_task_runner.py:104} INFO - Running: ['***', 'tasks', 'run', 'daily_product_analysis', 'orders', 'scheduled__2025-03-12T00:00:00+00:00', '--job-id', '506', '--raw', '--subdir', 'DAGS_FOLDER/s3_data.py', '--cfg-path', '/tmp/tmpjiopmxns']
[2025-03-13T06:02:43.813+0000] {standard_task_runner.py:105} INFO - Job 506: Subtask orders
[2025-03-13T06:02:43.976+0000] {task_command.py:467} INFO - Running <TaskInstance: daily_product_analysis.orders scheduled__2025-03-12T00:00:00+00:00 [running]> on host b404e9833d11
[2025-03-13T06:02:44.446+0000] {taskinstance.py:3134} INFO - Exporting env vars: AIRFLOW_CTX_DAG_OWNER='***' AIRFLOW_CTX_DAG_ID='daily_product_analysis' AIRFLOW_CTX_TASK_ID='orders' AIRFLOW_CTX_EXECUTION_DATE='2025-03-12T00:00:00+00:00' AIRFLOW_CTX_TRY_NUMBER='1' AIRFLOW_CTX_DAG_RUN_ID='scheduled__2025-03-12T00:00:00+00:00'
[2025-03-13T06:02:44.453+0000] {logging_mixin.py:190} INFO - Task instance is in running state
[2025-03-13T06:02:44.454+0000] {logging_mixin.py:190} INFO -  Previous state of the Task instance: queued
[2025-03-13T06:02:44.456+0000] {logging_mixin.py:190} INFO - Current task name:orders state:running start_date:2025-03-13 06:02:43.613779+00:00
[2025-03-13T06:02:44.459+0000] {logging_mixin.py:190} INFO - Dag name:daily_product_analysis and current dag run status:running
[2025-03-13T06:02:44.462+0000] {taskinstance.py:732} INFO - ::endgroup::
[2025-03-13T06:02:45.196+0000] {httpchecksum.py:481} INFO - Skipping checksum validation. Response did not contain one of the following algorithms: ['crc32', 'sha1', 'sha256'].
[2025-03-13T06:02:45.372+0000] {logging_mixin.py:190} INFO - Validation successful. Found 1615 order records.
[2025-03-13T06:02:45.374+0000] {python.py:240} INFO - Done. Returned value was: None
[2025-03-13T06:02:45.430+0000] {taskinstance.py:341} INFO - ::group::Post task execution logs
[2025-03-13T06:02:45.457+0000] {taskinstance.py:353} INFO - Marking task as SUCCESS. dag_id=daily_product_analysis, task_id=orders, run_id=scheduled__2025-03-12T00:00:00+00:00, execution_date=20250312T000000, start_date=20250313T060243, end_date=20250313T060245
[2025-03-13T06:02:45.626+0000] {logging_mixin.py:190} INFO - Task instance in success state
[2025-03-13T06:02:45.642+0000] {logging_mixin.py:190} INFO -  Previous state of the Task instance: running
[2025-03-13T06:02:45.677+0000] {logging_mixin.py:190} INFO - Dag name:daily_product_analysis queued_at:2025-03-13 06:02:11.989705+00:00
[2025-03-13T06:02:45.694+0000] {logging_mixin.py:190} INFO - Task hostname:b404e9833d11 operator:PythonOperator
[2025-03-13T06:02:45.783+0000] {local_task_job_runner.py:266} INFO - Task exited with return code 0
[2025-03-13T06:02:45.909+0000] {taskinstance.py:3901} INFO - 1 downstream tasks scheduled from follow-on schedule check
[2025-03-13T06:02:45.919+0000] {local_task_job_runner.py:245} INFO - ::endgroup::
