[2025-03-10T06:08:45.558+0000] {local_task_job_runner.py:123} INFO - ::group::Pre task execution logs
[2025-03-10T06:08:46.162+0000] {taskinstance.py:2614} INFO - Dependencies all met for dep_context=non-requeueable deps ti=<TaskInstance: category_sales_analysis.create_product_sales manual__2025-03-10T06:08:19.044810+00:00 [queued]>
[2025-03-10T06:08:46.218+0000] {taskinstance.py:2614} INFO - Dependencies all met for dep_context=requeueable deps ti=<TaskInstance: category_sales_analysis.create_product_sales manual__2025-03-10T06:08:19.044810+00:00 [queued]>
[2025-03-10T06:08:46.220+0000] {taskinstance.py:2867} INFO - Starting attempt 1 of 2
[2025-03-10T06:08:46.279+0000] {taskinstance.py:2890} INFO - Executing <Task(PythonOperator): create_product_sales> on 2025-03-10 06:08:19.044810+00:00
[2025-03-10T06:08:46.303+0000] {warnings.py:112} WARNING - /home/***/.local/lib/python3.12/site-packages/***/task/task_runner/standard_task_runner.py:70: DeprecationWarning: This process (pid=2423) is multi-threaded, use of fork() may lead to deadlocks in the child.
  pid = os.fork()

[2025-03-10T06:08:46.307+0000] {standard_task_runner.py:72} INFO - Started process 2425 to run task
[2025-03-10T06:08:46.307+0000] {standard_task_runner.py:104} INFO - Running: ['***', 'tasks', 'run', 'category_sales_analysis', 'create_product_sales', 'manual__2025-03-10T06:08:19.044810+00:00', '--job-id', '6', '--raw', '--subdir', 'DAGS_FOLDER/category_sales_analysis.py', '--cfg-path', '/tmp/tmpz3v_56yl']
[2025-03-10T06:08:46.326+0000] {standard_task_runner.py:105} INFO - Job 6: Subtask create_product_sales
[2025-03-10T06:08:46.539+0000] {task_command.py:467} INFO - Running <TaskInstance: category_sales_analysis.create_product_sales manual__2025-03-10T06:08:19.044810+00:00 [running]> on host efacfdd0be48
[2025-03-10T06:08:47.148+0000] {taskinstance.py:3134} INFO - Exporting env vars: AIRFLOW_CTX_DAG_OWNER='***' AIRFLOW_CTX_DAG_ID='category_sales_analysis' AIRFLOW_CTX_TASK_ID='create_product_sales' AIRFLOW_CTX_EXECUTION_DATE='2025-03-10T06:08:19.044810+00:00' AIRFLOW_CTX_TRY_NUMBER='1' AIRFLOW_CTX_DAG_RUN_ID='manual__2025-03-10T06:08:19.044810+00:00'
[2025-03-10T06:08:47.166+0000] {logging_mixin.py:190} INFO - Task instance is in running state
[2025-03-10T06:08:47.173+0000] {logging_mixin.py:190} INFO -  Previous state of the Task instance: queued
[2025-03-10T06:08:47.191+0000] {logging_mixin.py:190} INFO - Current task name:create_product_sales state:running start_date:2025-03-10 06:08:46.178845+00:00
[2025-03-10T06:08:47.210+0000] {logging_mixin.py:190} INFO - Dag name:category_sales_analysis and current dag run status:running
[2025-03-10T06:08:47.233+0000] {taskinstance.py:732} INFO - ::endgroup::
[2025-03-10T06:08:47.459+0000] {python.py:240} INFO - Done. Returned value was: product_sales.csv
[2025-03-10T06:08:47.555+0000] {taskinstance.py:341} INFO - ::group::Post task execution logs
[2025-03-10T06:08:47.566+0000] {taskinstance.py:353} INFO - Marking task as SUCCESS. dag_id=category_sales_analysis, task_id=create_product_sales, run_id=manual__2025-03-10T06:08:19.044810+00:00, execution_date=20250310T060819, start_date=20250310T060846, end_date=20250310T060847
[2025-03-10T06:08:47.724+0000] {logging_mixin.py:190} INFO - Task instance in success state
[2025-03-10T06:08:47.726+0000] {logging_mixin.py:190} INFO -  Previous state of the Task instance: running
[2025-03-10T06:08:47.731+0000] {logging_mixin.py:190} INFO - Dag name:category_sales_analysis queued_at:2025-03-10 06:08:19.134602+00:00
[2025-03-10T06:08:47.744+0000] {logging_mixin.py:190} INFO - Task hostname:efacfdd0be48 operator:PythonOperator
[2025-03-10T06:08:47.853+0000] {local_task_job_runner.py:266} INFO - Task exited with return code 0
[2025-03-10T06:08:48.075+0000] {taskinstance.py:3901} INFO - 1 downstream tasks scheduled from follow-on schedule check
[2025-03-10T06:08:48.115+0000] {local_task_job_runner.py:245} INFO - ::endgroup::
