[2025-03-11T10:33:04.719+0000] {local_task_job_runner.py:123} INFO - ::group::Pre task execution logs
[2025-03-11T10:33:05.284+0000] {taskinstance.py:2614} INFO - Dependencies all met for dep_context=non-requeueable deps ti=<TaskInstance: daily_product_analysis.categories scheduled__2025-03-10T00:00:00+00:00 [queued]>
[2025-03-11T10:33:06.297+0000] {taskinstance.py:2614} INFO - Dependencies all met for dep_context=requeueable deps ti=<TaskInstance: daily_product_analysis.categories scheduled__2025-03-10T00:00:00+00:00 [queued]>
[2025-03-11T10:33:06.355+0000] {taskinstance.py:2867} INFO - Starting attempt 1 of 2
[2025-03-11T10:33:06.669+0000] {taskinstance.py:2890} INFO - Executing <Task(PythonOperator): categories> on 2025-03-10 00:00:00+00:00
[2025-03-11T10:33:06.740+0000] {warnings.py:112} WARNING - /home/***/.local/lib/python3.12/site-packages/***/task/task_runner/standard_task_runner.py:70: DeprecationWarning: This process (pid=9268) is multi-threaded, use of fork() may lead to deadlocks in the child.
  pid = os.fork()

[2025-03-11T10:33:06.794+0000] {standard_task_runner.py:72} INFO - Started process 9294 to run task
[2025-03-11T10:33:06.826+0000] {standard_task_runner.py:104} INFO - Running: ['***', 'tasks', 'run', 'daily_product_analysis', 'categories', 'scheduled__2025-03-10T00:00:00+00:00', '--job-id', '276', '--raw', '--subdir', 'DAGS_FOLDER/scheduled.py', '--cfg-path', '/tmp/tmpv9h0ohqf']
[2025-03-11T10:33:06.851+0000] {standard_task_runner.py:105} INFO - Job 276: Subtask categories
[2025-03-11T10:33:07.326+0000] {task_command.py:467} INFO - Running <TaskInstance: daily_product_analysis.categories scheduled__2025-03-10T00:00:00+00:00 [running]> on host efacfdd0be48
[2025-03-11T10:33:08.564+0000] {taskinstance.py:3134} INFO - Exporting env vars: AIRFLOW_CTX_DAG_OWNER='***' AIRFLOW_CTX_DAG_ID='daily_product_analysis' AIRFLOW_CTX_TASK_ID='categories' AIRFLOW_CTX_EXECUTION_DATE='2025-03-10T00:00:00+00:00' AIRFLOW_CTX_TRY_NUMBER='1' AIRFLOW_CTX_DAG_RUN_ID='scheduled__2025-03-10T00:00:00+00:00'
[2025-03-11T10:33:08.597+0000] {logging_mixin.py:190} INFO - Task instance is in running state
[2025-03-11T10:33:08.611+0000] {logging_mixin.py:190} INFO -  Previous state of the Task instance: queued
[2025-03-11T10:33:08.623+0000] {logging_mixin.py:190} INFO - Current task name:categories state:running start_date:2025-03-11 10:33:05.297805+00:00
[2025-03-11T10:33:08.627+0000] {logging_mixin.py:190} INFO - Dag name:daily_product_analysis and current dag run status:running
[2025-03-11T10:33:08.647+0000] {taskinstance.py:732} INFO - ::endgroup::
[2025-03-11T10:33:09.139+0000] {logging_mixin.py:190} INFO - Validation successful. Found 7 category records.
[2025-03-11T10:33:09.151+0000] {python.py:240} INFO - Done. Returned value was: None
[2025-03-11T10:33:09.322+0000] {taskinstance.py:341} INFO - ::group::Post task execution logs
[2025-03-11T10:33:09.348+0000] {taskinstance.py:353} INFO - Marking task as SUCCESS. dag_id=daily_product_analysis, task_id=categories, run_id=scheduled__2025-03-10T00:00:00+00:00, execution_date=20250310T000000, start_date=20250311T103305, end_date=20250311T103309
[2025-03-11T10:33:09.829+0000] {logging_mixin.py:190} INFO - Task instance in success state
[2025-03-11T10:33:09.854+0000] {logging_mixin.py:190} INFO -  Previous state of the Task instance: running
[2025-03-11T10:33:09.864+0000] {logging_mixin.py:190} INFO - Dag name:daily_product_analysis queued_at:2025-03-11 10:32:44.582675+00:00
[2025-03-11T10:33:09.885+0000] {logging_mixin.py:190} INFO - Task hostname:efacfdd0be48 operator:PythonOperator
[2025-03-11T10:33:09.997+0000] {local_task_job_runner.py:266} INFO - Task exited with return code 0
[2025-03-11T10:33:10.393+0000] {taskinstance.py:3901} INFO - 0 downstream tasks scheduled from follow-on schedule check
[2025-03-11T10:33:10.534+0000] {local_task_job_runner.py:245} INFO - ::endgroup::
