[2025-03-12T09:40:23.548+0000] {local_task_job_runner.py:123} INFO - ::group::Pre task execution logs
[2025-03-12T09:40:24.104+0000] {taskinstance.py:2614} INFO - Dependencies all met for dep_context=non-requeueable deps ti=<TaskInstance: weekly_category_analysis.stores manual__2025-03-12T09:40:17.859969+00:00 [queued]>
[2025-03-12T09:40:24.133+0000] {taskinstance.py:2614} INFO - Dependencies all met for dep_context=requeueable deps ti=<TaskInstance: weekly_category_analysis.stores manual__2025-03-12T09:40:17.859969+00:00 [queued]>
[2025-03-12T09:40:24.137+0000] {taskinstance.py:2867} INFO - Starting attempt 1 of 2
[2025-03-12T09:40:24.195+0000] {taskinstance.py:2890} INFO - Executing <Task(PythonOperator): stores> on 2025-03-12 09:40:17.859969+00:00
[2025-03-12T09:40:24.214+0000] {warnings.py:112} WARNING - /home/***/.local/lib/python3.12/site-packages/***/task/task_runner/standard_task_runner.py:70: DeprecationWarning: This process (pid=476) is multi-threaded, use of fork() may lead to deadlocks in the child.
  pid = os.fork()

[2025-03-12T09:40:24.218+0000] {standard_task_runner.py:72} INFO - Started process 483 to run task
[2025-03-12T09:40:24.219+0000] {standard_task_runner.py:104} INFO - Running: ['***', 'tasks', 'run', 'weekly_category_analysis', 'stores', 'manual__2025-03-12T09:40:17.859969+00:00', '--job-id', '379', '--raw', '--subdir', 'DAGS_FOLDER/data/scheduled.py', '--cfg-path', '/tmp/tmpro6gnpk6']
[2025-03-12T09:40:24.230+0000] {standard_task_runner.py:105} INFO - Job 379: Subtask stores
[2025-03-12T09:40:24.397+0000] {task_command.py:467} INFO - Running <TaskInstance: weekly_category_analysis.stores manual__2025-03-12T09:40:17.859969+00:00 [running]> on host fc342882eb4f
[2025-03-12T09:40:24.702+0000] {taskinstance.py:3134} INFO - Exporting env vars: AIRFLOW_CTX_DAG_OWNER='***' AIRFLOW_CTX_DAG_ID='weekly_category_analysis' AIRFLOW_CTX_TASK_ID='stores' AIRFLOW_CTX_EXECUTION_DATE='2025-03-12T09:40:17.859969+00:00' AIRFLOW_CTX_TRY_NUMBER='1' AIRFLOW_CTX_DAG_RUN_ID='manual__2025-03-12T09:40:17.859969+00:00'
[2025-03-12T09:40:24.709+0000] {logging_mixin.py:190} INFO - Task instance is in running state
[2025-03-12T09:40:24.713+0000] {logging_mixin.py:190} INFO -  Previous state of the Task instance: queued
[2025-03-12T09:40:24.716+0000] {logging_mixin.py:190} INFO - Current task name:stores state:running start_date:2025-03-12 09:40:24.106976+00:00
[2025-03-12T09:40:24.720+0000] {logging_mixin.py:190} INFO - Dag name:weekly_category_analysis and current dag run status:running
[2025-03-12T09:40:24.721+0000] {taskinstance.py:732} INFO - ::endgroup::
[2025-03-12T09:40:24.764+0000] {logging_mixin.py:190} INFO - Validation successful. Found 3 store records.
[2025-03-12T09:40:24.765+0000] {python.py:240} INFO - Done. Returned value was: None
[2025-03-12T09:40:24.795+0000] {taskinstance.py:341} INFO - ::group::Post task execution logs
[2025-03-12T09:40:24.797+0000] {taskinstance.py:353} INFO - Marking task as SUCCESS. dag_id=weekly_category_analysis, task_id=stores, run_id=manual__2025-03-12T09:40:17.859969+00:00, execution_date=20250312T094017, start_date=20250312T094024, end_date=20250312T094024
[2025-03-12T09:40:24.886+0000] {logging_mixin.py:190} INFO - Task instance in success state
[2025-03-12T09:40:24.892+0000] {logging_mixin.py:190} INFO -  Previous state of the Task instance: running
[2025-03-12T09:40:24.896+0000] {logging_mixin.py:190} INFO - Dag name:weekly_category_analysis queued_at:2025-03-12 09:40:17.909407+00:00
[2025-03-12T09:40:24.898+0000] {logging_mixin.py:190} INFO - Task hostname:fc342882eb4f operator:PythonOperator
[2025-03-12T09:40:24.950+0000] {local_task_job_runner.py:266} INFO - Task exited with return code 0
[2025-03-12T09:40:24.994+0000] {local_task_job_runner.py:245} INFO - ::endgroup::
