[2025-03-12T09:53:07.229+0000] {local_task_job_runner.py:123} INFO - ::group::Pre task execution logs
[2025-03-12T09:53:07.281+0000] {taskinstance.py:2614} INFO - Dependencies all met for dep_context=non-requeueable deps ti=<TaskInstance: weekly_category_analysis.customers manual__2025-03-12T09:52:51.626851+00:00 [queued]>
[2025-03-12T09:53:07.315+0000] {taskinstance.py:2614} INFO - Dependencies all met for dep_context=requeueable deps ti=<TaskInstance: weekly_category_analysis.customers manual__2025-03-12T09:52:51.626851+00:00 [queued]>
[2025-03-12T09:53:07.316+0000] {taskinstance.py:2867} INFO - Starting attempt 1 of 2
[2025-03-12T09:53:07.371+0000] {taskinstance.py:2890} INFO - Executing <Task(PythonOperator): customers> on 2025-03-12 09:52:51.626851+00:00
[2025-03-12T09:53:07.389+0000] {warnings.py:112} WARNING - /home/***/.local/lib/python3.12/site-packages/***/task/task_runner/standard_task_runner.py:70: DeprecationWarning: This process (pid=157) is multi-threaded, use of fork() may lead to deadlocks in the child.
  pid = os.fork()

[2025-03-12T09:53:07.392+0000] {standard_task_runner.py:72} INFO - Started process 167 to run task
[2025-03-12T09:53:07.411+0000] {standard_task_runner.py:104} INFO - Running: ['***', 'tasks', 'run', 'weekly_category_analysis', 'customers', 'manual__2025-03-12T09:52:51.626851+00:00', '--job-id', '392', '--raw', '--subdir', 'DAGS_FOLDER/s3_data.py', '--cfg-path', '/tmp/tmpj9jsyxnh']
[2025-03-12T09:53:07.413+0000] {standard_task_runner.py:105} INFO - Job 392: Subtask customers
[2025-03-12T09:53:07.525+0000] {task_command.py:467} INFO - Running <TaskInstance: weekly_category_analysis.customers manual__2025-03-12T09:52:51.626851+00:00 [running]> on host b404e9833d11
[2025-03-12T09:53:08.598+0000] {taskinstance.py:3134} INFO - Exporting env vars: AIRFLOW_CTX_DAG_OWNER='***' AIRFLOW_CTX_DAG_ID='weekly_category_analysis' AIRFLOW_CTX_TASK_ID='customers' AIRFLOW_CTX_EXECUTION_DATE='2025-03-12T09:52:51.626851+00:00' AIRFLOW_CTX_TRY_NUMBER='1' AIRFLOW_CTX_DAG_RUN_ID='manual__2025-03-12T09:52:51.626851+00:00'
[2025-03-12T09:53:08.601+0000] {logging_mixin.py:190} INFO - Task instance is in running state
[2025-03-12T09:53:08.604+0000] {logging_mixin.py:190} INFO -  Previous state of the Task instance: queued
[2025-03-12T09:53:08.605+0000] {logging_mixin.py:190} INFO - Current task name:customers state:running start_date:2025-03-12 09:53:07.283147+00:00
[2025-03-12T09:53:08.606+0000] {logging_mixin.py:190} INFO - Dag name:weekly_category_analysis and current dag run status:running
[2025-03-12T09:53:08.607+0000] {taskinstance.py:732} INFO - ::endgroup::
[2025-03-12T09:53:08.639+0000] {logging_mixin.py:190} INFO - Validation successful. Found 1445 customer records.
[2025-03-12T09:53:08.640+0000] {python.py:240} INFO - Done. Returned value was: None
[2025-03-12T09:53:08.664+0000] {taskinstance.py:341} INFO - ::group::Post task execution logs
[2025-03-12T09:53:08.665+0000] {taskinstance.py:353} INFO - Marking task as SUCCESS. dag_id=weekly_category_analysis, task_id=customers, run_id=manual__2025-03-12T09:52:51.626851+00:00, execution_date=20250312T095251, start_date=20250312T095307, end_date=20250312T095308
[2025-03-12T09:53:08.711+0000] {logging_mixin.py:190} INFO - Task instance in success state
[2025-03-12T09:53:08.712+0000] {logging_mixin.py:190} INFO -  Previous state of the Task instance: running
[2025-03-12T09:53:08.713+0000] {logging_mixin.py:190} INFO - Dag name:weekly_category_analysis queued_at:2025-03-12 09:52:51.692009+00:00
[2025-03-12T09:53:08.714+0000] {logging_mixin.py:190} INFO - Task hostname:b404e9833d11 operator:PythonOperator
[2025-03-12T09:53:08.779+0000] {local_task_job_runner.py:266} INFO - Task exited with return code 0
[2025-03-12T09:53:08.798+0000] {local_task_job_runner.py:245} INFO - ::endgroup::
