[2025-03-12T09:28:08.890+0000] {local_task_job_runner.py:123} INFO - ::group::Pre task execution logs
[2025-03-12T09:28:08.941+0000] {taskinstance.py:2614} INFO - Dependencies all met for dep_context=non-requeueable deps ti=<TaskInstance: weekly_category_analysis.brands manual__2025-03-12T09:28:02.351344+00:00 [queued]>
[2025-03-12T09:28:08.960+0000] {taskinstance.py:2614} INFO - Dependencies all met for dep_context=requeueable deps ti=<TaskInstance: weekly_category_analysis.brands manual__2025-03-12T09:28:02.351344+00:00 [queued]>
[2025-03-12T09:28:08.961+0000] {taskinstance.py:2867} INFO - Starting attempt 1 of 2
[2025-03-12T09:28:08.991+0000] {taskinstance.py:2890} INFO - Executing <Task(PythonOperator): brands> on 2025-03-12 09:28:02.351344+00:00
[2025-03-12T09:28:09.003+0000] {warnings.py:112} WARNING - /home/***/.local/lib/python3.12/site-packages/***/task/task_runner/standard_task_runner.py:70: DeprecationWarning: This process (pid=238) is multi-threaded, use of fork() may lead to deadlocks in the child.
  pid = os.fork()

[2025-03-12T09:28:09.006+0000] {standard_task_runner.py:72} INFO - Started process 246 to run task
[2025-03-12T09:28:09.007+0000] {standard_task_runner.py:104} INFO - Running: ['***', 'tasks', 'run', 'weekly_category_analysis', 'brands', 'manual__2025-03-12T09:28:02.351344+00:00', '--job-id', '355', '--raw', '--subdir', 'DAGS_FOLDER/s3_data.py', '--cfg-path', '/tmp/tmp5_fr3n_h']
[2025-03-12T09:28:09.010+0000] {standard_task_runner.py:105} INFO - Job 355: Subtask brands
[2025-03-12T09:28:09.116+0000] {task_command.py:467} INFO - Running <TaskInstance: weekly_category_analysis.brands manual__2025-03-12T09:28:02.351344+00:00 [running]> on host fc342882eb4f
[2025-03-12T09:28:09.795+0000] {taskinstance.py:3134} INFO - Exporting env vars: AIRFLOW_CTX_DAG_OWNER='***' AIRFLOW_CTX_DAG_ID='weekly_category_analysis' AIRFLOW_CTX_TASK_ID='brands' AIRFLOW_CTX_EXECUTION_DATE='2025-03-12T09:28:02.351344+00:00' AIRFLOW_CTX_TRY_NUMBER='1' AIRFLOW_CTX_DAG_RUN_ID='manual__2025-03-12T09:28:02.351344+00:00'
[2025-03-12T09:28:09.797+0000] {logging_mixin.py:190} INFO - Task instance is in running state
[2025-03-12T09:28:09.798+0000] {logging_mixin.py:190} INFO -  Previous state of the Task instance: queued
[2025-03-12T09:28:09.801+0000] {logging_mixin.py:190} INFO - Current task name:brands state:running start_date:2025-03-12 09:28:08.942783+00:00
[2025-03-12T09:28:09.801+0000] {logging_mixin.py:190} INFO - Dag name:weekly_category_analysis and current dag run status:running
[2025-03-12T09:28:09.802+0000] {taskinstance.py:732} INFO - ::endgroup::
[2025-03-12T09:28:09.817+0000] {logging_mixin.py:190} INFO - Validation successful. Found 9 brand records.
[2025-03-12T09:28:09.818+0000] {python.py:240} INFO - Done. Returned value was: None
[2025-03-12T09:28:09.834+0000] {taskinstance.py:341} INFO - ::group::Post task execution logs
[2025-03-12T09:28:09.835+0000] {taskinstance.py:353} INFO - Marking task as SUCCESS. dag_id=weekly_category_analysis, task_id=brands, run_id=manual__2025-03-12T09:28:02.351344+00:00, execution_date=20250312T092802, start_date=20250312T092808, end_date=20250312T092809
[2025-03-12T09:28:09.882+0000] {logging_mixin.py:190} INFO - Task instance in success state
[2025-03-12T09:28:09.883+0000] {logging_mixin.py:190} INFO -  Previous state of the Task instance: running
[2025-03-12T09:28:09.884+0000] {logging_mixin.py:190} INFO - Dag name:weekly_category_analysis queued_at:2025-03-12 09:28:02.376103+00:00
[2025-03-12T09:28:09.885+0000] {logging_mixin.py:190} INFO - Task hostname:fc342882eb4f operator:PythonOperator
[2025-03-12T09:28:09.911+0000] {local_task_job_runner.py:266} INFO - Task exited with return code 0
[2025-03-12T09:28:09.923+0000] {local_task_job_runner.py:245} INFO - ::endgroup::
