[2025-03-12T10:03:51.007+0000] {local_task_job_runner.py:123} INFO - ::group::Pre task execution logs
[2025-03-12T10:03:51.127+0000] {taskinstance.py:2614} INFO - Dependencies all met for dep_context=non-requeueable deps ti=<TaskInstance: weekly_category_analysis.products manual__2025-03-12T10:03:30.091434+00:00 [queued]>
[2025-03-12T10:04:07.936+0000] {taskinstance.py:2614} INFO - Dependencies all met for dep_context=requeueable deps ti=<TaskInstance: weekly_category_analysis.products manual__2025-03-12T10:03:30.091434+00:00 [queued]>
[2025-03-12T10:05:02.102+0000] {taskinstance.py:2867} INFO - Starting attempt 1 of 2
[2025-03-12T10:05:03.152+0000] {taskinstance.py:2890} INFO - Executing <Task(PythonOperator): products> on 2025-03-12 10:03:30.091434+00:00
[2025-03-12T10:05:03.224+0000] {standard_task_runner.py:104} INFO - Running: ['***', 'tasks', 'run', 'weekly_category_analysis', 'products', 'manual__2025-03-12T10:03:30.091434+00:00', '--job-id', '435', '--raw', '--subdir', 'DAGS_FOLDER/s3_data.py', '--cfg-path', '/tmp/tmp4xaxw097']
[2025-03-12T10:05:03.311+0000] {standard_task_runner.py:105} INFO - Job 435: Subtask products
[2025-03-12T10:05:03.228+0000] {warnings.py:112} WARNING - /home/***/.local/lib/python3.12/site-packages/***/task/task_runner/standard_task_runner.py:70: DeprecationWarning: This process (pid=452) is multi-threaded, use of fork() may lead to deadlocks in the child.
  pid = os.fork()

[2025-03-12T10:05:03.430+0000] {standard_task_runner.py:72} INFO - Started process 458 to run task
[2025-03-12T10:05:04.164+0000] {task_command.py:467} INFO - Running <TaskInstance: weekly_category_analysis.products manual__2025-03-12T10:03:30.091434+00:00 [running]> on host b404e9833d11
[2025-03-12T10:05:04.874+0000] {taskinstance.py:3134} INFO - Exporting env vars: AIRFLOW_CTX_DAG_OWNER='***' AIRFLOW_CTX_DAG_ID='weekly_category_analysis' AIRFLOW_CTX_TASK_ID='products' AIRFLOW_CTX_EXECUTION_DATE='2025-03-12T10:03:30.091434+00:00' AIRFLOW_CTX_TRY_NUMBER='1' AIRFLOW_CTX_DAG_RUN_ID='manual__2025-03-12T10:03:30.091434+00:00'
[2025-03-12T10:05:04.977+0000] {logging_mixin.py:190} INFO - Task instance is in running state
[2025-03-12T10:05:05.019+0000] {logging_mixin.py:190} INFO -  Previous state of the Task instance: queued
[2025-03-12T10:05:05.065+0000] {logging_mixin.py:190} INFO - Current task name:products state:running start_date:2025-03-12 10:03:51.128277+00:00
[2025-03-12T10:05:05.157+0000] {logging_mixin.py:190} INFO - Dag name:weekly_category_analysis and current dag run status:running
[2025-03-12T10:05:05.175+0000] {taskinstance.py:732} INFO - ::endgroup::
[2025-03-12T10:05:07.914+0000] {httpchecksum.py:481} INFO - Skipping checksum validation. Response did not contain one of the following algorithms: ['crc32', 'sha1', 'sha256'].
[2025-03-12T10:05:07.993+0000] {logging_mixin.py:190} INFO - Validation successful. Found 321 product records.
[2025-03-12T10:05:08.010+0000] {python.py:240} INFO - Done. Returned value was: None
[2025-03-12T10:05:08.053+0000] {taskinstance.py:341} INFO - ::group::Post task execution logs
[2025-03-12T10:05:08.173+0000] {taskinstance.py:353} INFO - Marking task as SUCCESS. dag_id=weekly_category_analysis, task_id=products, run_id=manual__2025-03-12T10:03:30.091434+00:00, execution_date=20250312T100330, start_date=20250312T100351, end_date=20250312T100508
[2025-03-12T10:05:08.389+0000] {logging_mixin.py:190} INFO - Task instance in success state
[2025-03-12T10:05:08.401+0000] {logging_mixin.py:190} INFO -  Previous state of the Task instance: running
[2025-03-12T10:05:08.402+0000] {logging_mixin.py:190} INFO - Dag name:weekly_category_analysis queued_at:2025-03-12 10:03:30.119001+00:00
[2025-03-12T10:05:08.406+0000] {logging_mixin.py:190} INFO - Task hostname:b404e9833d11 operator:PythonOperator
[2025-03-12T10:05:08.498+0000] {local_task_job_runner.py:266} INFO - Task exited with return code 0
[2025-03-12T10:05:08.665+0000] {standard_task_runner.py:217} INFO - Process not found (most likely exited), stop collecting metrics
[2025-03-12T10:05:08.807+0000] {taskinstance.py:3901} INFO - 1 downstream tasks scheduled from follow-on schedule check
[2025-03-12T10:05:08.821+0000] {local_task_job_runner.py:245} INFO - ::endgroup::
