[2025-03-12T10:10:49.150+0000] {local_task_job_runner.py:123} INFO - ::group::Pre task execution logs
[2025-03-12T10:10:49.190+0000] {taskinstance.py:2614} INFO - Dependencies all met for dep_context=non-requeueable deps ti=<TaskInstance: weekly_category_analysis.category_sales_analysis manual__2025-03-12T10:00:01.174485+00:00 [queued]>
[2025-03-12T10:10:49.218+0000] {taskinstance.py:2614} INFO - Dependencies all met for dep_context=requeueable deps ti=<TaskInstance: weekly_category_analysis.category_sales_analysis manual__2025-03-12T10:00:01.174485+00:00 [queued]>
[2025-03-12T10:10:49.218+0000] {taskinstance.py:2867} INFO - Starting attempt 2 of 2
[2025-03-12T10:10:49.241+0000] {taskinstance.py:2890} INFO - Executing <Task(PythonOperator): category_sales_analysis> on 2025-03-12 10:00:01.174485+00:00
[2025-03-12T10:10:49.251+0000] {warnings.py:112} WARNING - /home/***/.local/lib/python3.12/site-packages/***/task/task_runner/standard_task_runner.py:70: DeprecationWarning: This process (pid=678) is multi-threaded, use of fork() may lead to deadlocks in the child.
  pid = os.fork()

[2025-03-12T10:10:49.257+0000] {standard_task_runner.py:72} INFO - Started process 684 to run task
[2025-03-12T10:10:49.254+0000] {standard_task_runner.py:104} INFO - Running: ['***', 'tasks', 'run', 'weekly_category_analysis', 'category_sales_analysis', 'manual__2025-03-12T10:00:01.174485+00:00', '--job-id', '475', '--raw', '--subdir', 'DAGS_FOLDER/s3_data.py', '--cfg-path', '/tmp/tmp_0xobsrv']
[2025-03-12T10:10:49.258+0000] {standard_task_runner.py:105} INFO - Job 475: Subtask category_sales_analysis
[2025-03-12T10:10:49.358+0000] {task_command.py:467} INFO - Running <TaskInstance: weekly_category_analysis.category_sales_analysis manual__2025-03-12T10:00:01.174485+00:00 [running]> on host b404e9833d11
[2025-03-12T10:10:49.582+0000] {taskinstance.py:3134} INFO - Exporting env vars: AIRFLOW_CTX_DAG_OWNER='***' AIRFLOW_CTX_DAG_ID='weekly_category_analysis' AIRFLOW_CTX_TASK_ID='category_sales_analysis' AIRFLOW_CTX_EXECUTION_DATE='2025-03-12T10:00:01.174485+00:00' AIRFLOW_CTX_TRY_NUMBER='2' AIRFLOW_CTX_DAG_RUN_ID='manual__2025-03-12T10:00:01.174485+00:00'
[2025-03-12T10:10:49.585+0000] {logging_mixin.py:190} INFO - Task instance is in running state
[2025-03-12T10:10:49.587+0000] {logging_mixin.py:190} INFO -  Previous state of the Task instance: queued
[2025-03-12T10:10:49.588+0000] {logging_mixin.py:190} INFO - Current task name:category_sales_analysis state:running start_date:2025-03-12 10:10:49.192226+00:00
[2025-03-12T10:10:49.589+0000] {logging_mixin.py:190} INFO - Dag name:weekly_category_analysis and current dag run status:running
[2025-03-12T10:10:49.591+0000] {taskinstance.py:732} INFO - ::endgroup::
[2025-03-12T10:10:50.160+0000] {httpchecksum.py:481} INFO - Skipping checksum validation. Response did not contain one of the following algorithms: ['crc32', 'sha1', 'sha256'].
[2025-03-12T10:10:50.354+0000] {httpchecksum.py:481} INFO - Skipping checksum validation. Response did not contain one of the following algorithms: ['crc32', 'sha1', 'sha256'].
[2025-03-12T10:10:50.544+0000] {httpchecksum.py:481} INFO - Skipping checksum validation. Response did not contain one of the following algorithms: ['crc32', 'sha1', 'sha256'].
[2025-03-12T10:10:51.164+0000] {logging_mixin.py:190} INFO - Category sales analysis completed successfully
[2025-03-12T10:10:51.165+0000] {python.py:240} INFO - Done. Returned value was: None
[2025-03-12T10:10:51.179+0000] {taskinstance.py:341} INFO - ::group::Post task execution logs
[2025-03-12T10:10:51.180+0000] {taskinstance.py:353} INFO - Marking task as SUCCESS. dag_id=weekly_category_analysis, task_id=category_sales_analysis, run_id=manual__2025-03-12T10:00:01.174485+00:00, execution_date=20250312T100001, start_date=20250312T101049, end_date=20250312T101051
[2025-03-12T10:10:51.211+0000] {logging_mixin.py:190} INFO - Task instance in success state
[2025-03-12T10:10:51.212+0000] {logging_mixin.py:190} INFO -  Previous state of the Task instance: running
[2025-03-12T10:10:51.213+0000] {logging_mixin.py:190} INFO - Dag name:weekly_category_analysis queued_at:2025-03-12 10:00:01.229393+00:00
[2025-03-12T10:10:51.214+0000] {logging_mixin.py:190} INFO - Task hostname:b404e9833d11 operator:PythonOperator
[2025-03-12T10:10:51.240+0000] {local_task_job_runner.py:266} INFO - Task exited with return code 0
[2025-03-12T10:10:51.259+0000] {taskinstance.py:3901} INFO - 0 downstream tasks scheduled from follow-on schedule check
[2025-03-12T10:10:51.262+0000] {local_task_job_runner.py:245} INFO - ::endgroup::
