[2025-03-12T05:20:40.127+0000] {local_task_job_runner.py:123} INFO - ::group::Pre task execution logs
[2025-03-12T05:20:40.250+0000] {taskinstance.py:2614} INFO - Dependencies all met for dep_context=non-requeueable deps ti=<TaskInstance: daily_product_analysis.stores scheduled__2025-03-11T00:00:00+00:00 [queued]>
[2025-03-12T05:20:40.326+0000] {taskinstance.py:2614} INFO - Dependencies all met for dep_context=requeueable deps ti=<TaskInstance: daily_product_analysis.stores scheduled__2025-03-11T00:00:00+00:00 [queued]>
[2025-03-12T05:20:40.333+0000] {taskinstance.py:2867} INFO - Starting attempt 1 of 2
[2025-03-12T05:20:41.087+0000] {taskinstance.py:2890} INFO - Executing <Task(PythonOperator): stores> on 2025-03-11 00:00:00+00:00
[2025-03-12T05:20:41.134+0000] {warnings.py:112} WARNING - /home/***/.local/lib/python3.12/site-packages/***/task/task_runner/standard_task_runner.py:70: DeprecationWarning: This process (pid=9706) is multi-threaded, use of fork() may lead to deadlocks in the child.
  pid = os.fork()

[2025-03-12T05:20:41.137+0000] {standard_task_runner.py:72} INFO - Started process 9719 to run task
[2025-03-12T05:20:41.147+0000] {standard_task_runner.py:104} INFO - Running: ['***', 'tasks', 'run', 'daily_product_analysis', 'stores', 'scheduled__2025-03-11T00:00:00+00:00', '--job-id', '309', '--raw', '--subdir', 'DAGS_FOLDER/scheduled.py', '--cfg-path', '/tmp/tmpt630ycit']
[2025-03-12T05:20:41.150+0000] {standard_task_runner.py:105} INFO - Job 309: Subtask stores
[2025-03-12T05:20:41.586+0000] {task_command.py:467} INFO - Running <TaskInstance: daily_product_analysis.stores scheduled__2025-03-11T00:00:00+00:00 [running]> on host efacfdd0be48
[2025-03-12T05:20:42.480+0000] {taskinstance.py:3134} INFO - Exporting env vars: AIRFLOW_CTX_DAG_OWNER='***' AIRFLOW_CTX_DAG_ID='daily_product_analysis' AIRFLOW_CTX_TASK_ID='stores' AIRFLOW_CTX_EXECUTION_DATE='2025-03-11T00:00:00+00:00' AIRFLOW_CTX_TRY_NUMBER='1' AIRFLOW_CTX_DAG_RUN_ID='scheduled__2025-03-11T00:00:00+00:00'
[2025-03-12T05:20:42.498+0000] {logging_mixin.py:190} INFO - Task instance is in running state
[2025-03-12T05:20:42.511+0000] {logging_mixin.py:190} INFO -  Previous state of the Task instance: queued
[2025-03-12T05:20:42.512+0000] {logging_mixin.py:190} INFO - Current task name:stores state:running start_date:2025-03-12 05:20:40.268453+00:00
[2025-03-12T05:20:42.513+0000] {logging_mixin.py:190} INFO - Dag name:daily_product_analysis and current dag run status:running
[2025-03-12T05:20:42.543+0000] {taskinstance.py:732} INFO - ::endgroup::
[2025-03-12T05:20:43.390+0000] {logging_mixin.py:190} INFO - Validation successful. Found 3 store records.
[2025-03-12T05:20:43.410+0000] {python.py:240} INFO - Done. Returned value was: None
[2025-03-12T05:20:43.496+0000] {taskinstance.py:341} INFO - ::group::Post task execution logs
[2025-03-12T05:20:43.538+0000] {taskinstance.py:353} INFO - Marking task as SUCCESS. dag_id=daily_product_analysis, task_id=stores, run_id=scheduled__2025-03-11T00:00:00+00:00, execution_date=20250311T000000, start_date=20250312T052040, end_date=20250312T052043
[2025-03-12T05:20:43.761+0000] {logging_mixin.py:190} INFO - Task instance in success state
[2025-03-12T05:20:43.769+0000] {logging_mixin.py:190} INFO -  Previous state of the Task instance: running
[2025-03-12T05:20:43.784+0000] {logging_mixin.py:190} INFO - Dag name:daily_product_analysis queued_at:2025-03-12 05:20:17.055979+00:00
[2025-03-12T05:20:43.800+0000] {logging_mixin.py:190} INFO - Task hostname:efacfdd0be48 operator:PythonOperator
[2025-03-12T05:20:43.869+0000] {local_task_job_runner.py:266} INFO - Task exited with return code 0
[2025-03-12T05:20:44.189+0000] {taskinstance.py:3901} INFO - 1 downstream tasks scheduled from follow-on schedule check
[2025-03-12T05:20:44.220+0000] {local_task_job_runner.py:245} INFO - ::endgroup::
