[2025-03-12T05:20:41.201+0000] {local_task_job_runner.py:123} INFO - ::group::Pre task execution logs
[2025-03-12T05:20:41.285+0000] {taskinstance.py:2614} INFO - Dependencies all met for dep_context=non-requeueable deps ti=<TaskInstance: daily_product_analysis.categories scheduled__2025-03-11T00:00:00+00:00 [queued]>
[2025-03-12T05:20:41.455+0000] {taskinstance.py:2614} INFO - Dependencies all met for dep_context=requeueable deps ti=<TaskInstance: daily_product_analysis.categories scheduled__2025-03-11T00:00:00+00:00 [queued]>
[2025-03-12T05:20:41.471+0000] {taskinstance.py:2867} INFO - Starting attempt 1 of 2
[2025-03-12T05:20:42.338+0000] {taskinstance.py:2890} INFO - Executing <Task(PythonOperator): categories> on 2025-03-11 00:00:00+00:00
[2025-03-12T05:20:42.373+0000] {warnings.py:112} WARNING - /home/***/.local/lib/python3.12/site-packages/***/task/task_runner/standard_task_runner.py:70: DeprecationWarning: This process (pid=9707) is multi-threaded, use of fork() may lead to deadlocks in the child.
  pid = os.fork()

[2025-03-12T05:20:42.384+0000] {standard_task_runner.py:72} INFO - Started process 9725 to run task
[2025-03-12T05:20:42.422+0000] {standard_task_runner.py:104} INFO - Running: ['***', 'tasks', 'run', 'daily_product_analysis', 'categories', 'scheduled__2025-03-11T00:00:00+00:00', '--job-id', '312', '--raw', '--subdir', 'DAGS_FOLDER/scheduled.py', '--cfg-path', '/tmp/tmp_v45gyl3']
[2025-03-12T05:20:42.434+0000] {standard_task_runner.py:105} INFO - Job 312: Subtask categories
[2025-03-12T05:20:43.133+0000] {task_command.py:467} INFO - Running <TaskInstance: daily_product_analysis.categories scheduled__2025-03-11T00:00:00+00:00 [running]> on host efacfdd0be48
[2025-03-12T05:20:43.949+0000] {taskinstance.py:3134} INFO - Exporting env vars: AIRFLOW_CTX_DAG_OWNER='***' AIRFLOW_CTX_DAG_ID='daily_product_analysis' AIRFLOW_CTX_TASK_ID='categories' AIRFLOW_CTX_EXECUTION_DATE='2025-03-11T00:00:00+00:00' AIRFLOW_CTX_TRY_NUMBER='1' AIRFLOW_CTX_DAG_RUN_ID='scheduled__2025-03-11T00:00:00+00:00'
[2025-03-12T05:20:43.961+0000] {logging_mixin.py:190} INFO - Task instance is in running state
[2025-03-12T05:20:43.962+0000] {logging_mixin.py:190} INFO -  Previous state of the Task instance: queued
[2025-03-12T05:20:43.985+0000] {logging_mixin.py:190} INFO - Current task name:categories state:running start_date:2025-03-12 05:20:41.306472+00:00
[2025-03-12T05:20:43.992+0000] {logging_mixin.py:190} INFO - Dag name:daily_product_analysis and current dag run status:running
[2025-03-12T05:20:43.993+0000] {taskinstance.py:732} INFO - ::endgroup::
[2025-03-12T05:20:44.200+0000] {logging_mixin.py:190} INFO - Validation successful. Found 7 category records.
[2025-03-12T05:20:44.202+0000] {python.py:240} INFO - Done. Returned value was: None
[2025-03-12T05:20:44.280+0000] {taskinstance.py:341} INFO - ::group::Post task execution logs
[2025-03-12T05:20:44.293+0000] {taskinstance.py:353} INFO - Marking task as SUCCESS. dag_id=daily_product_analysis, task_id=categories, run_id=scheduled__2025-03-11T00:00:00+00:00, execution_date=20250311T000000, start_date=20250312T052041, end_date=20250312T052044
[2025-03-12T05:20:44.880+0000] {logging_mixin.py:190} INFO - Task instance in success state
[2025-03-12T05:20:44.900+0000] {logging_mixin.py:190} INFO -  Previous state of the Task instance: running
[2025-03-12T05:20:44.916+0000] {logging_mixin.py:190} INFO - Dag name:daily_product_analysis queued_at:2025-03-12 05:20:17.055979+00:00
[2025-03-12T05:20:44.958+0000] {logging_mixin.py:190} INFO - Task hostname:efacfdd0be48 operator:PythonOperator
[2025-03-12T05:20:45.015+0000] {local_task_job_runner.py:266} INFO - Task exited with return code 0
[2025-03-12T05:20:45.305+0000] {taskinstance.py:3901} INFO - 1 downstream tasks scheduled from follow-on schedule check
[2025-03-12T05:20:45.363+0000] {local_task_job_runner.py:245} INFO - ::endgroup::
