[2025-03-12T09:28:09.396+0000] {local_task_job_runner.py:123} INFO - ::group::Pre task execution logs
[2025-03-12T09:28:09.442+0000] {taskinstance.py:2614} INFO - Dependencies all met for dep_context=non-requeueable deps ti=<TaskInstance: weekly_category_analysis.stores manual__2025-03-12T09:28:02.351344+00:00 [queued]>
[2025-03-12T09:28:09.471+0000] {taskinstance.py:2614} INFO - Dependencies all met for dep_context=requeueable deps ti=<TaskInstance: weekly_category_analysis.stores manual__2025-03-12T09:28:02.351344+00:00 [queued]>
[2025-03-12T09:28:09.475+0000] {taskinstance.py:2867} INFO - Starting attempt 1 of 2
[2025-03-12T09:28:09.506+0000] {taskinstance.py:2890} INFO - Executing <Task(PythonOperator): stores> on 2025-03-12 09:28:02.351344+00:00
[2025-03-12T09:28:09.517+0000] {warnings.py:112} WARNING - /home/***/.local/lib/python3.12/site-packages/***/task/task_runner/standard_task_runner.py:70: DeprecationWarning: This process (pid=241) is multi-threaded, use of fork() may lead to deadlocks in the child.
  pid = os.fork()

[2025-03-12T09:28:09.520+0000] {standard_task_runner.py:72} INFO - Started process 252 to run task
[2025-03-12T09:28:09.520+0000] {standard_task_runner.py:104} INFO - Running: ['***', 'tasks', 'run', 'weekly_category_analysis', 'stores', 'manual__2025-03-12T09:28:02.351344+00:00', '--job-id', '358', '--raw', '--subdir', 'DAGS_FOLDER/s3_data.py', '--cfg-path', '/tmp/tmp94pwjvqr']
[2025-03-12T09:28:09.522+0000] {standard_task_runner.py:105} INFO - Job 358: Subtask stores
[2025-03-12T09:28:09.600+0000] {task_command.py:467} INFO - Running <TaskInstance: weekly_category_analysis.stores manual__2025-03-12T09:28:02.351344+00:00 [running]> on host fc342882eb4f
[2025-03-12T09:28:09.767+0000] {taskinstance.py:3134} INFO - Exporting env vars: AIRFLOW_CTX_DAG_OWNER='***' AIRFLOW_CTX_DAG_ID='weekly_category_analysis' AIRFLOW_CTX_TASK_ID='stores' AIRFLOW_CTX_EXECUTION_DATE='2025-03-12T09:28:02.351344+00:00' AIRFLOW_CTX_TRY_NUMBER='1' AIRFLOW_CTX_DAG_RUN_ID='manual__2025-03-12T09:28:02.351344+00:00'
[2025-03-12T09:28:09.770+0000] {logging_mixin.py:190} INFO - Task instance is in running state
[2025-03-12T09:28:09.770+0000] {logging_mixin.py:190} INFO -  Previous state of the Task instance: queued
[2025-03-12T09:28:09.771+0000] {logging_mixin.py:190} INFO - Current task name:stores state:running start_date:2025-03-12 09:28:09.443637+00:00
[2025-03-12T09:28:09.772+0000] {logging_mixin.py:190} INFO - Dag name:weekly_category_analysis and current dag run status:running
[2025-03-12T09:28:09.773+0000] {taskinstance.py:732} INFO - ::endgroup::
[2025-03-12T09:28:09.801+0000] {logging_mixin.py:190} INFO - Validation successful. Found 3 store records.
[2025-03-12T09:28:09.802+0000] {python.py:240} INFO - Done. Returned value was: None
[2025-03-12T09:28:09.820+0000] {taskinstance.py:341} INFO - ::group::Post task execution logs
[2025-03-12T09:28:09.821+0000] {taskinstance.py:353} INFO - Marking task as SUCCESS. dag_id=weekly_category_analysis, task_id=stores, run_id=manual__2025-03-12T09:28:02.351344+00:00, execution_date=20250312T092802, start_date=20250312T092809, end_date=20250312T092809
[2025-03-12T09:28:09.860+0000] {logging_mixin.py:190} INFO - Task instance in success state
[2025-03-12T09:28:09.861+0000] {logging_mixin.py:190} INFO -  Previous state of the Task instance: running
[2025-03-12T09:28:09.862+0000] {logging_mixin.py:190} INFO - Dag name:weekly_category_analysis queued_at:2025-03-12 09:28:02.376103+00:00
[2025-03-12T09:28:09.863+0000] {logging_mixin.py:190} INFO - Task hostname:fc342882eb4f operator:PythonOperator
[2025-03-12T09:28:09.900+0000] {local_task_job_runner.py:266} INFO - Task exited with return code 0
[2025-03-12T09:28:09.914+0000] {local_task_job_runner.py:245} INFO - ::endgroup::
