[2025-03-12T09:28:19.966+0000] {local_task_job_runner.py:123} INFO - ::group::Pre task execution logs
[2025-03-12T09:28:20.044+0000] {taskinstance.py:2614} INFO - Dependencies all met for dep_context=non-requeueable deps ti=<TaskInstance: weekly_category_analysis.stocks manual__2025-03-12T09:28:02.351344+00:00 [queued]>
[2025-03-12T09:28:20.081+0000] {taskinstance.py:2614} INFO - Dependencies all met for dep_context=requeueable deps ti=<TaskInstance: weekly_category_analysis.stocks manual__2025-03-12T09:28:02.351344+00:00 [queued]>
[2025-03-12T09:28:20.083+0000] {taskinstance.py:2867} INFO - Starting attempt 1 of 2
[2025-03-12T09:28:20.132+0000] {taskinstance.py:2890} INFO - Executing <Task(PythonOperator): stocks> on 2025-03-12 09:28:02.351344+00:00
[2025-03-12T09:28:20.150+0000] {warnings.py:112} WARNING - /home/***/.local/lib/python3.12/site-packages/***/task/task_runner/standard_task_runner.py:70: DeprecationWarning: This process (pid=268) is multi-threaded, use of fork() may lead to deadlocks in the child.
  pid = os.fork()

[2025-03-12T09:28:20.156+0000] {standard_task_runner.py:72} INFO - Started process 274 to run task
[2025-03-12T09:28:20.154+0000] {standard_task_runner.py:104} INFO - Running: ['***', 'tasks', 'run', 'weekly_category_analysis', 'stocks', 'manual__2025-03-12T09:28:02.351344+00:00', '--job-id', '363', '--raw', '--subdir', 'DAGS_FOLDER/s3_data.py', '--cfg-path', '/tmp/tmpkkn4_r8i']
[2025-03-12T09:28:20.158+0000] {standard_task_runner.py:105} INFO - Job 363: Subtask stocks
[2025-03-12T09:28:20.311+0000] {task_command.py:467} INFO - Running <TaskInstance: weekly_category_analysis.stocks manual__2025-03-12T09:28:02.351344+00:00 [running]> on host fc342882eb4f
[2025-03-12T09:28:20.636+0000] {taskinstance.py:3134} INFO - Exporting env vars: AIRFLOW_CTX_DAG_OWNER='***' AIRFLOW_CTX_DAG_ID='weekly_category_analysis' AIRFLOW_CTX_TASK_ID='stocks' AIRFLOW_CTX_EXECUTION_DATE='2025-03-12T09:28:02.351344+00:00' AIRFLOW_CTX_TRY_NUMBER='1' AIRFLOW_CTX_DAG_RUN_ID='manual__2025-03-12T09:28:02.351344+00:00'
[2025-03-12T09:28:20.640+0000] {logging_mixin.py:190} INFO - Task instance is in running state
[2025-03-12T09:28:20.641+0000] {logging_mixin.py:190} INFO -  Previous state of the Task instance: queued
[2025-03-12T09:28:20.642+0000] {logging_mixin.py:190} INFO - Current task name:stocks state:running start_date:2025-03-12 09:28:20.046170+00:00
[2025-03-12T09:28:20.642+0000] {logging_mixin.py:190} INFO - Dag name:weekly_category_analysis and current dag run status:running
[2025-03-12T09:28:20.643+0000] {taskinstance.py:732} INFO - ::endgroup::
[2025-03-12T09:28:20.663+0000] {logging_mixin.py:190} INFO - Validation successful. Found 939 stock records.
[2025-03-12T09:28:20.664+0000] {python.py:240} INFO - Done. Returned value was: None
[2025-03-12T09:28:20.685+0000] {taskinstance.py:341} INFO - ::group::Post task execution logs
[2025-03-12T09:28:20.686+0000] {taskinstance.py:353} INFO - Marking task as SUCCESS. dag_id=weekly_category_analysis, task_id=stocks, run_id=manual__2025-03-12T09:28:02.351344+00:00, execution_date=20250312T092802, start_date=20250312T092820, end_date=20250312T092820
[2025-03-12T09:28:20.741+0000] {logging_mixin.py:190} INFO - Task instance in success state
[2025-03-12T09:28:20.743+0000] {logging_mixin.py:190} INFO -  Previous state of the Task instance: running
[2025-03-12T09:28:20.744+0000] {logging_mixin.py:190} INFO - Dag name:weekly_category_analysis queued_at:2025-03-12 09:28:02.376103+00:00
[2025-03-12T09:28:20.744+0000] {logging_mixin.py:190} INFO - Task hostname:fc342882eb4f operator:PythonOperator
[2025-03-12T09:28:20.785+0000] {local_task_job_runner.py:266} INFO - Task exited with return code 0
[2025-03-12T09:28:20.801+0000] {local_task_job_runner.py:245} INFO - ::endgroup::
