[2025-03-10T06:08:31.600+0000] {local_task_job_runner.py:123} INFO - ::group::Pre task execution logs
[2025-03-10T06:08:32.341+0000] {taskinstance.py:2614} INFO - Dependencies all met for dep_context=non-requeueable deps ti=<TaskInstance: category_sales_analysis.create_order_sales manual__2025-03-10T06:08:19.044810+00:00 [queued]>
[2025-03-10T06:08:32.408+0000] {taskinstance.py:2614} INFO - Dependencies all met for dep_context=requeueable deps ti=<TaskInstance: category_sales_analysis.create_order_sales manual__2025-03-10T06:08:19.044810+00:00 [queued]>
[2025-03-10T06:08:32.440+0000] {taskinstance.py:2867} INFO - Starting attempt 1 of 2
[2025-03-10T06:08:32.579+0000] {taskinstance.py:2890} INFO - Executing <Task(PythonOperator): create_order_sales> on 2025-03-10 06:08:19.044810+00:00
[2025-03-10T06:08:32.619+0000] {warnings.py:112} WARNING - /home/***/.local/lib/python3.12/site-packages/***/task/task_runner/standard_task_runner.py:70: DeprecationWarning: This process (pid=2419) is multi-threaded, use of fork() may lead to deadlocks in the child.
  pid = os.fork()

[2025-03-10T06:08:32.649+0000] {standard_task_runner.py:72} INFO - Started process 2421 to run task
[2025-03-10T06:08:32.656+0000] {standard_task_runner.py:104} INFO - Running: ['***', 'tasks', 'run', 'category_sales_analysis', 'create_order_sales', 'manual__2025-03-10T06:08:19.044810+00:00', '--job-id', '5', '--raw', '--subdir', 'DAGS_FOLDER/category_sales_analysis.py', '--cfg-path', '/tmp/tmp5kwuhiwg']
[2025-03-10T06:08:32.663+0000] {standard_task_runner.py:105} INFO - Job 5: Subtask create_order_sales
[2025-03-10T06:08:32.995+0000] {task_command.py:467} INFO - Running <TaskInstance: category_sales_analysis.create_order_sales manual__2025-03-10T06:08:19.044810+00:00 [running]> on host efacfdd0be48
[2025-03-10T06:08:33.518+0000] {taskinstance.py:3134} INFO - Exporting env vars: AIRFLOW_CTX_DAG_OWNER='***' AIRFLOW_CTX_DAG_ID='category_sales_analysis' AIRFLOW_CTX_TASK_ID='create_order_sales' AIRFLOW_CTX_EXECUTION_DATE='2025-03-10T06:08:19.044810+00:00' AIRFLOW_CTX_TRY_NUMBER='1' AIRFLOW_CTX_DAG_RUN_ID='manual__2025-03-10T06:08:19.044810+00:00'
[2025-03-10T06:08:33.522+0000] {logging_mixin.py:190} INFO - Task instance is in running state
[2025-03-10T06:08:33.526+0000] {logging_mixin.py:190} INFO -  Previous state of the Task instance: queued
[2025-03-10T06:08:33.533+0000] {logging_mixin.py:190} INFO - Current task name:create_order_sales state:running start_date:2025-03-10 06:08:32.343639+00:00
[2025-03-10T06:08:33.535+0000] {logging_mixin.py:190} INFO - Dag name:category_sales_analysis and current dag run status:running
[2025-03-10T06:08:33.537+0000] {taskinstance.py:732} INFO - ::endgroup::
[2025-03-10T06:08:33.900+0000] {python.py:240} INFO - Done. Returned value was: order_sales.csv
[2025-03-10T06:08:34.064+0000] {taskinstance.py:341} INFO - ::group::Post task execution logs
[2025-03-10T06:08:34.074+0000] {taskinstance.py:353} INFO - Marking task as SUCCESS. dag_id=category_sales_analysis, task_id=create_order_sales, run_id=manual__2025-03-10T06:08:19.044810+00:00, execution_date=20250310T060819, start_date=20250310T060832, end_date=20250310T060834
[2025-03-10T06:08:34.239+0000] {logging_mixin.py:190} INFO - Task instance in success state
[2025-03-10T06:08:34.243+0000] {logging_mixin.py:190} INFO -  Previous state of the Task instance: running
[2025-03-10T06:08:34.245+0000] {logging_mixin.py:190} INFO - Dag name:category_sales_analysis queued_at:2025-03-10 06:08:19.134602+00:00
[2025-03-10T06:08:34.246+0000] {logging_mixin.py:190} INFO - Task hostname:efacfdd0be48 operator:PythonOperator
[2025-03-10T06:08:34.327+0000] {local_task_job_runner.py:266} INFO - Task exited with return code 0
[2025-03-10T06:08:34.488+0000] {taskinstance.py:3901} INFO - 1 downstream tasks scheduled from follow-on schedule check
[2025-03-10T06:08:34.516+0000] {local_task_job_runner.py:245} INFO - ::endgroup::
