[2025-03-11T10:34:42.986+0000] {local_task_job_runner.py:123} INFO - ::group::Pre task execution logs
[2025-03-11T10:34:44.324+0000] {taskinstance.py:2614} INFO - Dependencies all met for dep_context=non-requeueable deps ti=<TaskInstance: daily_product_analysis.product_sales_analysis scheduled__2025-03-10T00:00:00+00:00 [queued]>
[2025-03-11T10:34:44.445+0000] {taskinstance.py:2614} INFO - Dependencies all met for dep_context=requeueable deps ti=<TaskInstance: daily_product_analysis.product_sales_analysis scheduled__2025-03-10T00:00:00+00:00 [queued]>
[2025-03-11T10:34:44.447+0000] {taskinstance.py:2867} INFO - Starting attempt 1 of 2
[2025-03-11T10:34:44.816+0000] {taskinstance.py:2890} INFO - Executing <Task(PythonOperator): product_sales_analysis> on 2025-03-10 00:00:00+00:00
[2025-03-11T10:34:44.913+0000] {warnings.py:112} WARNING - /home/***/.local/lib/python3.12/site-packages/***/task/task_runner/standard_task_runner.py:70: DeprecationWarning: This process (pid=9381) is multi-threaded, use of fork() may lead to deadlocks in the child.
  pid = os.fork()

[2025-03-11T10:34:44.974+0000] {standard_task_runner.py:72} INFO - Started process 9401 to run task
[2025-03-11T10:34:44.930+0000] {standard_task_runner.py:104} INFO - Running: ['***', 'tasks', 'run', 'daily_product_analysis', 'product_sales_analysis', 'scheduled__2025-03-10T00:00:00+00:00', '--job-id', '302', '--raw', '--subdir', 'DAGS_FOLDER/scheduled.py', '--cfg-path', '/tmp/tmpa0dcdisj']
[2025-03-11T10:34:45.020+0000] {standard_task_runner.py:105} INFO - Job 302: Subtask product_sales_analysis
[2025-03-11T10:34:45.811+0000] {task_command.py:467} INFO - Running <TaskInstance: daily_product_analysis.product_sales_analysis scheduled__2025-03-10T00:00:00+00:00 [running]> on host efacfdd0be48
[2025-03-11T10:34:46.415+0000] {taskinstance.py:3134} INFO - Exporting env vars: AIRFLOW_CTX_DAG_OWNER='***' AIRFLOW_CTX_DAG_ID='daily_product_analysis' AIRFLOW_CTX_TASK_ID='product_sales_analysis' AIRFLOW_CTX_EXECUTION_DATE='2025-03-10T00:00:00+00:00' AIRFLOW_CTX_TRY_NUMBER='1' AIRFLOW_CTX_DAG_RUN_ID='scheduled__2025-03-10T00:00:00+00:00'
[2025-03-11T10:34:46.432+0000] {logging_mixin.py:190} INFO - Task instance is in running state
[2025-03-11T10:34:46.446+0000] {logging_mixin.py:190} INFO -  Previous state of the Task instance: queued
[2025-03-11T10:34:46.462+0000] {logging_mixin.py:190} INFO - Current task name:product_sales_analysis state:running start_date:2025-03-11 10:34:44.335660+00:00
[2025-03-11T10:34:46.478+0000] {logging_mixin.py:190} INFO - Dag name:daily_product_analysis and current dag run status:running
[2025-03-11T10:34:46.483+0000] {taskinstance.py:732} INFO - ::endgroup::
[2025-03-11T10:34:46.904+0000] {logging_mixin.py:190} INFO - Product sales analysis completed successfully
[2025-03-11T10:34:46.908+0000] {python.py:240} INFO - Done. Returned value was: None
[2025-03-11T10:34:46.988+0000] {taskinstance.py:341} INFO - ::group::Post task execution logs
[2025-03-11T10:34:46.994+0000] {taskinstance.py:353} INFO - Marking task as SUCCESS. dag_id=daily_product_analysis, task_id=product_sales_analysis, run_id=scheduled__2025-03-10T00:00:00+00:00, execution_date=20250310T000000, start_date=20250311T103444, end_date=20250311T103446
[2025-03-11T10:34:47.209+0000] {logging_mixin.py:190} INFO - Task instance in success state
[2025-03-11T10:34:47.230+0000] {logging_mixin.py:190} INFO -  Previous state of the Task instance: running
[2025-03-11T10:34:47.237+0000] {logging_mixin.py:190} INFO - Dag name:daily_product_analysis queued_at:2025-03-11 10:32:44.582675+00:00
[2025-03-11T10:34:47.253+0000] {logging_mixin.py:190} INFO - Task hostname:efacfdd0be48 operator:PythonOperator
[2025-03-11T10:34:47.345+0000] {local_task_job_runner.py:266} INFO - Task exited with return code 0
[2025-03-11T10:34:47.450+0000] {local_task_job_runner.py:245} INFO - ::endgroup::
