[2025-03-12T10:03:38.893+0000] {local_task_job_runner.py:123} INFO - ::group::Pre task execution logs
[2025-03-12T10:03:38.979+0000] {taskinstance.py:2614} INFO - Dependencies all met for dep_context=non-requeueable deps ti=<TaskInstance: weekly_category_analysis.brands manual__2025-03-12T10:03:30.091434+00:00 [queued]>
[2025-03-12T10:03:39.019+0000] {taskinstance.py:2614} INFO - Dependencies all met for dep_context=requeueable deps ti=<TaskInstance: weekly_category_analysis.brands manual__2025-03-12T10:03:30.091434+00:00 [queued]>
[2025-03-12T10:03:39.021+0000] {taskinstance.py:2867} INFO - Starting attempt 1 of 2
[2025-03-12T10:03:39.093+0000] {taskinstance.py:2890} INFO - Executing <Task(PythonOperator): brands> on 2025-03-12 10:03:30.091434+00:00
[2025-03-12T10:03:39.112+0000] {warnings.py:112} WARNING - /home/***/.local/lib/python3.12/site-packages/***/task/task_runner/standard_task_runner.py:70: DeprecationWarning: This process (pid=438) is multi-threaded, use of fork() may lead to deadlocks in the child.
  pid = os.fork()

[2025-03-12T10:03:39.117+0000] {standard_task_runner.py:104} INFO - Running: ['***', 'tasks', 'run', 'weekly_category_analysis', 'brands', 'manual__2025-03-12T10:03:30.091434+00:00', '--job-id', '433', '--raw', '--subdir', 'DAGS_FOLDER/data/scheduled.py', '--cfg-path', '/tmp/tmp8v16k41w']
[2025-03-12T10:03:39.118+0000] {standard_task_runner.py:72} INFO - Started process 448 to run task
[2025-03-12T10:03:39.120+0000] {standard_task_runner.py:105} INFO - Job 433: Subtask brands
[2025-03-12T10:03:39.281+0000] {task_command.py:467} INFO - Running <TaskInstance: weekly_category_analysis.brands manual__2025-03-12T10:03:30.091434+00:00 [running]> on host b404e9833d11
[2025-03-12T10:03:39.568+0000] {taskinstance.py:3134} INFO - Exporting env vars: AIRFLOW_CTX_DAG_OWNER='***' AIRFLOW_CTX_DAG_ID='weekly_category_analysis' AIRFLOW_CTX_TASK_ID='brands' AIRFLOW_CTX_EXECUTION_DATE='2025-03-12T10:03:30.091434+00:00' AIRFLOW_CTX_TRY_NUMBER='1' AIRFLOW_CTX_DAG_RUN_ID='manual__2025-03-12T10:03:30.091434+00:00'
[2025-03-12T10:03:39.574+0000] {logging_mixin.py:190} INFO - Task instance is in running state
[2025-03-12T10:03:39.583+0000] {logging_mixin.py:190} INFO -  Previous state of the Task instance: queued
[2025-03-12T10:03:39.588+0000] {logging_mixin.py:190} INFO - Current task name:brands state:running start_date:2025-03-12 10:03:38.993345+00:00
[2025-03-12T10:03:39.591+0000] {logging_mixin.py:190} INFO - Dag name:weekly_category_analysis and current dag run status:running
[2025-03-12T10:03:39.594+0000] {taskinstance.py:732} INFO - ::endgroup::
[2025-03-12T10:03:40.262+0000] {httpchecksum.py:481} INFO - Skipping checksum validation. Response did not contain one of the following algorithms: ['crc32', 'sha1', 'sha256'].
[2025-03-12T10:03:40.283+0000] {logging_mixin.py:190} INFO - Validation successful. Found 9 brand records.
[2025-03-12T10:03:40.284+0000] {python.py:240} INFO - Done. Returned value was: None
[2025-03-12T10:03:40.304+0000] {taskinstance.py:341} INFO - ::group::Post task execution logs
[2025-03-12T10:03:40.305+0000] {taskinstance.py:353} INFO - Marking task as SUCCESS. dag_id=weekly_category_analysis, task_id=brands, run_id=manual__2025-03-12T10:03:30.091434+00:00, execution_date=20250312T100330, start_date=20250312T100338, end_date=20250312T100340
[2025-03-12T10:03:40.445+0000] {logging_mixin.py:190} INFO - Task instance in success state
[2025-03-12T10:03:40.447+0000] {logging_mixin.py:190} INFO -  Previous state of the Task instance: running
[2025-03-12T10:03:40.464+0000] {logging_mixin.py:190} INFO - Dag name:weekly_category_analysis queued_at:2025-03-12 10:03:30.119001+00:00
[2025-03-12T10:03:40.474+0000] {logging_mixin.py:190} INFO - Task hostname:b404e9833d11 operator:PythonOperator
[2025-03-12T10:03:40.555+0000] {local_task_job_runner.py:266} INFO - Task exited with return code 0
[2025-03-12T10:03:40.779+0000] {taskinstance.py:3901} INFO - 1 downstream tasks scheduled from follow-on schedule check
[2025-03-12T10:03:40.817+0000] {local_task_job_runner.py:245} INFO - ::endgroup::
