[2025-03-12T10:03:38.978+0000] {local_task_job_runner.py:123} INFO - ::group::Pre task execution logs
[2025-03-12T10:03:39.049+0000] {taskinstance.py:2614} INFO - Dependencies all met for dep_context=non-requeueable deps ti=<TaskInstance: weekly_category_analysis.stores manual__2025-03-12T10:03:30.091434+00:00 [queued]>
[2025-03-12T10:03:39.079+0000] {taskinstance.py:2614} INFO - Dependencies all met for dep_context=requeueable deps ti=<TaskInstance: weekly_category_analysis.stores manual__2025-03-12T10:03:30.091434+00:00 [queued]>
[2025-03-12T10:03:39.081+0000] {taskinstance.py:2867} INFO - Starting attempt 1 of 2
[2025-03-12T10:03:39.140+0000] {taskinstance.py:2890} INFO - Executing <Task(PythonOperator): stores> on 2025-03-12 10:03:30.091434+00:00
[2025-03-12T10:03:39.161+0000] {warnings.py:112} WARNING - /home/***/.local/lib/python3.12/site-packages/***/task/task_runner/standard_task_runner.py:70: DeprecationWarning: This process (pid=436) is multi-threaded, use of fork() may lead to deadlocks in the child.
  pid = os.fork()

[2025-03-12T10:03:39.175+0000] {standard_task_runner.py:104} INFO - Running: ['***', 'tasks', 'run', 'weekly_category_analysis', 'stores', 'manual__2025-03-12T10:03:30.091434+00:00', '--job-id', '434', '--raw', '--subdir', 'DAGS_FOLDER/data/scheduled.py', '--cfg-path', '/tmp/tmptfcp19na']
[2025-03-12T10:03:39.177+0000] {standard_task_runner.py:72} INFO - Started process 450 to run task
[2025-03-12T10:03:39.179+0000] {standard_task_runner.py:105} INFO - Job 434: Subtask stores
[2025-03-12T10:03:39.327+0000] {task_command.py:467} INFO - Running <TaskInstance: weekly_category_analysis.stores manual__2025-03-12T10:03:30.091434+00:00 [running]> on host b404e9833d11
[2025-03-12T10:03:39.630+0000] {taskinstance.py:3134} INFO - Exporting env vars: AIRFLOW_CTX_DAG_OWNER='***' AIRFLOW_CTX_DAG_ID='weekly_category_analysis' AIRFLOW_CTX_TASK_ID='stores' AIRFLOW_CTX_EXECUTION_DATE='2025-03-12T10:03:30.091434+00:00' AIRFLOW_CTX_TRY_NUMBER='1' AIRFLOW_CTX_DAG_RUN_ID='manual__2025-03-12T10:03:30.091434+00:00'
[2025-03-12T10:03:39.634+0000] {logging_mixin.py:190} INFO - Task instance is in running state
[2025-03-12T10:03:39.635+0000] {logging_mixin.py:190} INFO -  Previous state of the Task instance: queued
[2025-03-12T10:03:39.636+0000] {logging_mixin.py:190} INFO - Current task name:stores state:running start_date:2025-03-12 10:03:39.051099+00:00
[2025-03-12T10:03:39.637+0000] {logging_mixin.py:190} INFO - Dag name:weekly_category_analysis and current dag run status:running
[2025-03-12T10:03:39.638+0000] {taskinstance.py:732} INFO - ::endgroup::
[2025-03-12T10:03:40.306+0000] {httpchecksum.py:481} INFO - Skipping checksum validation. Response did not contain one of the following algorithms: ['crc32', 'sha1', 'sha256'].
[2025-03-12T10:03:40.329+0000] {logging_mixin.py:190} INFO - Validation successful. Found 3 store records.
[2025-03-12T10:03:40.331+0000] {python.py:240} INFO - Done. Returned value was: None
[2025-03-12T10:03:40.426+0000] {taskinstance.py:341} INFO - ::group::Post task execution logs
[2025-03-12T10:03:40.445+0000] {taskinstance.py:353} INFO - Marking task as SUCCESS. dag_id=weekly_category_analysis, task_id=stores, run_id=manual__2025-03-12T10:03:30.091434+00:00, execution_date=20250312T100330, start_date=20250312T100339, end_date=20250312T100340
[2025-03-12T10:03:40.667+0000] {logging_mixin.py:190} INFO - Task instance in success state
[2025-03-12T10:03:40.763+0000] {logging_mixin.py:190} INFO -  Previous state of the Task instance: running
[2025-03-12T10:03:40.779+0000] {logging_mixin.py:190} INFO - Dag name:weekly_category_analysis queued_at:2025-03-12 10:03:30.119001+00:00
[2025-03-12T10:03:40.795+0000] {logging_mixin.py:190} INFO - Task hostname:b404e9833d11 operator:PythonOperator
[2025-03-12T10:03:40.921+0000] {local_task_job_runner.py:266} INFO - Task exited with return code 0
[2025-03-12T10:03:41.200+0000] {taskinstance.py:3901} INFO - 1 downstream tasks scheduled from follow-on schedule check
[2025-03-12T10:03:41.240+0000] {local_task_job_runner.py:245} INFO - ::endgroup::
