[2025-03-12T10:07:53.542+0000] {local_task_job_runner.py:123} INFO - ::group::Pre task execution logs
[2025-03-12T10:07:53.588+0000] {taskinstance.py:2614} INFO - Dependencies all met for dep_context=non-requeueable deps ti=<TaskInstance: weekly_category_analysis.brands manual__2025-03-12T10:07:47.232032+00:00 [queued]>
[2025-03-12T10:07:53.617+0000] {taskinstance.py:2614} INFO - Dependencies all met for dep_context=requeueable deps ti=<TaskInstance: weekly_category_analysis.brands manual__2025-03-12T10:07:47.232032+00:00 [queued]>
[2025-03-12T10:07:53.622+0000] {taskinstance.py:2867} INFO - Starting attempt 1 of 2
[2025-03-12T10:07:53.664+0000] {taskinstance.py:2890} INFO - Executing <Task(PythonOperator): brands> on 2025-03-12 10:07:47.232032+00:00
[2025-03-12T10:07:53.675+0000] {warnings.py:112} WARNING - /home/***/.local/lib/python3.12/site-packages/***/task/task_runner/standard_task_runner.py:70: DeprecationWarning: This process (pid=547) is multi-threaded, use of fork() may lead to deadlocks in the child.
  pid = os.fork()

[2025-03-12T10:07:53.679+0000] {standard_task_runner.py:72} INFO - Started process 555 to run task
[2025-03-12T10:07:53.681+0000] {standard_task_runner.py:104} INFO - Running: ['***', 'tasks', 'run', 'weekly_category_analysis', 'brands', 'manual__2025-03-12T10:07:47.232032+00:00', '--job-id', '450', '--raw', '--subdir', 'DAGS_FOLDER/s3_data.py', '--cfg-path', '/tmp/tmpjwczuch2']
[2025-03-12T10:07:53.686+0000] {standard_task_runner.py:105} INFO - Job 450: Subtask brands
[2025-03-12T10:07:53.856+0000] {task_command.py:467} INFO - Running <TaskInstance: weekly_category_analysis.brands manual__2025-03-12T10:07:47.232032+00:00 [running]> on host b404e9833d11
[2025-03-12T10:07:54.148+0000] {taskinstance.py:3134} INFO - Exporting env vars: AIRFLOW_CTX_DAG_OWNER='***' AIRFLOW_CTX_DAG_ID='weekly_category_analysis' AIRFLOW_CTX_TASK_ID='brands' AIRFLOW_CTX_EXECUTION_DATE='2025-03-12T10:07:47.232032+00:00' AIRFLOW_CTX_TRY_NUMBER='1' AIRFLOW_CTX_DAG_RUN_ID='manual__2025-03-12T10:07:47.232032+00:00'
[2025-03-12T10:07:54.152+0000] {logging_mixin.py:190} INFO - Task instance is in running state
[2025-03-12T10:07:54.155+0000] {logging_mixin.py:190} INFO -  Previous state of the Task instance: queued
[2025-03-12T10:07:54.159+0000] {logging_mixin.py:190} INFO - Current task name:brands state:running start_date:2025-03-12 10:07:53.589507+00:00
[2025-03-12T10:07:54.163+0000] {logging_mixin.py:190} INFO - Dag name:weekly_category_analysis and current dag run status:running
[2025-03-12T10:07:54.165+0000] {taskinstance.py:732} INFO - ::endgroup::
[2025-03-12T10:07:55.019+0000] {httpchecksum.py:481} INFO - Skipping checksum validation. Response did not contain one of the following algorithms: ['crc32', 'sha1', 'sha256'].
[2025-03-12T10:07:55.051+0000] {logging_mixin.py:190} INFO - Validation successful. Found 9 brand records.
[2025-03-12T10:07:55.052+0000] {python.py:240} INFO - Done. Returned value was: None
[2025-03-12T10:07:55.071+0000] {taskinstance.py:341} INFO - ::group::Post task execution logs
[2025-03-12T10:07:55.072+0000] {taskinstance.py:353} INFO - Marking task as SUCCESS. dag_id=weekly_category_analysis, task_id=brands, run_id=manual__2025-03-12T10:07:47.232032+00:00, execution_date=20250312T100747, start_date=20250312T100753, end_date=20250312T100755
[2025-03-12T10:07:55.100+0000] {logging_mixin.py:190} INFO - Task instance in success state
[2025-03-12T10:07:55.101+0000] {logging_mixin.py:190} INFO -  Previous state of the Task instance: running
[2025-03-12T10:07:55.103+0000] {logging_mixin.py:190} INFO - Dag name:weekly_category_analysis queued_at:2025-03-12 10:07:47.246755+00:00
[2025-03-12T10:07:55.105+0000] {logging_mixin.py:190} INFO - Task hostname:b404e9833d11 operator:PythonOperator
[2025-03-12T10:07:55.119+0000] {local_task_job_runner.py:266} INFO - Task exited with return code 0
[2025-03-12T10:07:55.130+0000] {local_task_job_runner.py:245} INFO - ::endgroup::
