[2025-03-12T08:18:13.886+0000] {local_task_job_runner.py:123} INFO - ::group::Pre task execution logs
[2025-03-12T08:18:13.930+0000] {taskinstance.py:2614} INFO - Dependencies all met for dep_context=non-requeueable deps ti=<TaskInstance: weekly_category_analysis.stocks manual__2025-03-12T08:17:11.077845+00:00 [queued]>
[2025-03-12T08:18:13.956+0000] {taskinstance.py:2614} INFO - Dependencies all met for dep_context=requeueable deps ti=<TaskInstance: weekly_category_analysis.stocks manual__2025-03-12T08:17:11.077845+00:00 [queued]>
[2025-03-12T08:18:13.956+0000] {taskinstance.py:2867} INFO - Starting attempt 1 of 2
[2025-03-12T08:18:13.989+0000] {taskinstance.py:2890} INFO - Executing <Task(PythonOperator): stocks> on 2025-03-12 08:17:11.077845+00:00
[2025-03-12T08:18:13.997+0000] {warnings.py:112} WARNING - /home/***/.local/lib/python3.12/site-packages/***/task/task_runner/standard_task_runner.py:70: DeprecationWarning: This process (pid=139) is multi-threaded, use of fork() may lead to deadlocks in the child.
  pid = os.fork()

[2025-03-12T08:18:13.999+0000] {standard_task_runner.py:72} INFO - Started process 142 to run task
[2025-03-12T08:18:14.001+0000] {standard_task_runner.py:104} INFO - Running: ['***', 'tasks', 'run', 'weekly_category_analysis', 'stocks', 'manual__2025-03-12T08:17:11.077845+00:00', '--job-id', '351', '--raw', '--subdir', 'DAGS_FOLDER/s3_data.py', '--cfg-path', '/tmp/tmpl2c6m7nn']
[2025-03-12T08:18:14.002+0000] {standard_task_runner.py:105} INFO - Job 351: Subtask stocks
[2025-03-12T08:18:14.086+0000] {task_command.py:467} INFO - Running <TaskInstance: weekly_category_analysis.stocks manual__2025-03-12T08:17:11.077845+00:00 [running]> on host fc342882eb4f
[2025-03-12T08:18:14.324+0000] {taskinstance.py:3134} INFO - Exporting env vars: AIRFLOW_CTX_DAG_OWNER='***' AIRFLOW_CTX_DAG_ID='weekly_category_analysis' AIRFLOW_CTX_TASK_ID='stocks' AIRFLOW_CTX_EXECUTION_DATE='2025-03-12T08:17:11.077845+00:00' AIRFLOW_CTX_TRY_NUMBER='1' AIRFLOW_CTX_DAG_RUN_ID='manual__2025-03-12T08:17:11.077845+00:00'
[2025-03-12T08:18:14.327+0000] {logging_mixin.py:190} INFO - Task instance is in running state
[2025-03-12T08:18:14.328+0000] {logging_mixin.py:190} INFO -  Previous state of the Task instance: queued
[2025-03-12T08:18:14.329+0000] {logging_mixin.py:190} INFO - Current task name:stocks state:running start_date:2025-03-12 08:18:13.931541+00:00
[2025-03-12T08:18:14.330+0000] {logging_mixin.py:190} INFO - Dag name:weekly_category_analysis and current dag run status:running
[2025-03-12T08:18:14.331+0000] {taskinstance.py:732} INFO - ::endgroup::
[2025-03-12T08:18:14.360+0000] {logging_mixin.py:190} INFO - Validation successful. Found 939 stock records.
[2025-03-12T08:18:14.361+0000] {python.py:240} INFO - Done. Returned value was: None
[2025-03-12T08:18:14.380+0000] {taskinstance.py:341} INFO - ::group::Post task execution logs
[2025-03-12T08:18:14.381+0000] {taskinstance.py:353} INFO - Marking task as SUCCESS. dag_id=weekly_category_analysis, task_id=stocks, run_id=manual__2025-03-12T08:17:11.077845+00:00, execution_date=20250312T081711, start_date=20250312T081813, end_date=20250312T081814
[2025-03-12T08:18:14.424+0000] {logging_mixin.py:190} INFO - Task instance in success state
[2025-03-12T08:18:14.425+0000] {logging_mixin.py:190} INFO -  Previous state of the Task instance: running
[2025-03-12T08:18:14.426+0000] {logging_mixin.py:190} INFO - Dag name:weekly_category_analysis queued_at:2025-03-12 08:17:11.121609+00:00
[2025-03-12T08:18:14.427+0000] {logging_mixin.py:190} INFO - Task hostname:fc342882eb4f operator:PythonOperator
[2025-03-12T08:18:14.457+0000] {local_task_job_runner.py:266} INFO - Task exited with return code 0
[2025-03-12T08:18:14.525+0000] {taskinstance.py:3901} INFO - 1 downstream tasks scheduled from follow-on schedule check
[2025-03-12T08:18:14.529+0000] {local_task_job_runner.py:245} INFO - ::endgroup::
