[2025-03-13T06:03:00.894+0000] {local_task_job_runner.py:123} INFO - ::group::Pre task execution logs
[2025-03-13T06:03:00.946+0000] {taskinstance.py:2614} INFO - Dependencies all met for dep_context=non-requeueable deps ti=<TaskInstance: daily_product_analysis.product_sales_analysis scheduled__2025-03-12T00:00:00+00:00 [queued]>
[2025-03-13T06:03:00.970+0000] {taskinstance.py:2614} INFO - Dependencies all met for dep_context=requeueable deps ti=<TaskInstance: daily_product_analysis.product_sales_analysis scheduled__2025-03-12T00:00:00+00:00 [queued]>
[2025-03-13T06:03:00.971+0000] {taskinstance.py:2867} INFO - Starting attempt 1 of 2
[2025-03-13T06:03:00.998+0000] {taskinstance.py:2890} INFO - Executing <Task(PythonOperator): product_sales_analysis> on 2025-03-12 00:00:00+00:00
[2025-03-13T06:03:01.009+0000] {warnings.py:112} WARNING - /home/***/.local/lib/python3.12/site-packages/***/task/task_runner/standard_task_runner.py:70: DeprecationWarning: This process (pid=2054) is multi-threaded, use of fork() may lead to deadlocks in the child.
  pid = os.fork()

[2025-03-13T06:03:01.022+0000] {standard_task_runner.py:72} INFO - Started process 2058 to run task
[2025-03-13T06:03:01.024+0000] {standard_task_runner.py:104} INFO - Running: ['***', 'tasks', 'run', 'daily_product_analysis', 'product_sales_analysis', 'scheduled__2025-03-12T00:00:00+00:00', '--job-id', '510', '--raw', '--subdir', 'DAGS_FOLDER/s3_data.py', '--cfg-path', '/tmp/tmpg8ug0ov0']
[2025-03-13T06:03:01.027+0000] {standard_task_runner.py:105} INFO - Job 510: Subtask product_sales_analysis
[2025-03-13T06:03:01.111+0000] {task_command.py:467} INFO - Running <TaskInstance: daily_product_analysis.product_sales_analysis scheduled__2025-03-12T00:00:00+00:00 [running]> on host b404e9833d11
[2025-03-13T06:03:01.270+0000] {taskinstance.py:3134} INFO - Exporting env vars: AIRFLOW_CTX_DAG_OWNER='***' AIRFLOW_CTX_DAG_ID='daily_product_analysis' AIRFLOW_CTX_TASK_ID='product_sales_analysis' AIRFLOW_CTX_EXECUTION_DATE='2025-03-12T00:00:00+00:00' AIRFLOW_CTX_TRY_NUMBER='1' AIRFLOW_CTX_DAG_RUN_ID='scheduled__2025-03-12T00:00:00+00:00'
[2025-03-13T06:03:01.273+0000] {logging_mixin.py:190} INFO - Task instance is in running state
[2025-03-13T06:03:01.274+0000] {logging_mixin.py:190} INFO -  Previous state of the Task instance: queued
[2025-03-13T06:03:01.275+0000] {logging_mixin.py:190} INFO - Current task name:product_sales_analysis state:running start_date:2025-03-13 06:03:00.947236+00:00
[2025-03-13T06:03:01.276+0000] {logging_mixin.py:190} INFO - Dag name:daily_product_analysis and current dag run status:running
[2025-03-13T06:03:01.277+0000] {taskinstance.py:732} INFO - ::endgroup::
[2025-03-13T06:03:01.837+0000] {httpchecksum.py:481} INFO - Skipping checksum validation. Response did not contain one of the following algorithms: ['crc32', 'sha1', 'sha256'].
[2025-03-13T06:03:02.039+0000] {httpchecksum.py:481} INFO - Skipping checksum validation. Response did not contain one of the following algorithms: ['crc32', 'sha1', 'sha256'].
[2025-03-13T06:03:02.558+0000] {logging_mixin.py:190} INFO - Product sales analysis completed successfully
[2025-03-13T06:03:02.560+0000] {python.py:240} INFO - Done. Returned value was: None
[2025-03-13T06:03:02.577+0000] {taskinstance.py:341} INFO - ::group::Post task execution logs
[2025-03-13T06:03:02.578+0000] {taskinstance.py:353} INFO - Marking task as SUCCESS. dag_id=daily_product_analysis, task_id=product_sales_analysis, run_id=scheduled__2025-03-12T00:00:00+00:00, execution_date=20250312T000000, start_date=20250313T060300, end_date=20250313T060302
[2025-03-13T06:03:02.620+0000] {logging_mixin.py:190} INFO - Task instance in success state
[2025-03-13T06:03:02.623+0000] {logging_mixin.py:190} INFO -  Previous state of the Task instance: running
[2025-03-13T06:03:02.624+0000] {logging_mixin.py:190} INFO - Dag name:daily_product_analysis queued_at:2025-03-13 06:02:11.989705+00:00
[2025-03-13T06:03:02.626+0000] {logging_mixin.py:190} INFO - Task hostname:b404e9833d11 operator:PythonOperator
[2025-03-13T06:03:02.647+0000] {local_task_job_runner.py:266} INFO - Task exited with return code 0
[2025-03-13T06:03:02.674+0000] {taskinstance.py:3901} INFO - 0 downstream tasks scheduled from follow-on schedule check
[2025-03-13T06:03:02.678+0000] {local_task_job_runner.py:245} INFO - ::endgroup::
