[2025-03-10T05:55:02.822+0000] {local_task_job_runner.py:123} INFO - ::group::Pre task execution logs
[2025-03-10T05:55:03.033+0000] {taskinstance.py:2614} INFO - Dependencies all met for dep_context=non-requeueable deps ti=<TaskInstance: category_sales_analysis.process_category_sales scheduled__2025-03-09T00:00:00+00:00 [queued]>
[2025-03-10T05:55:03.126+0000] {taskinstance.py:2614} INFO - Dependencies all met for dep_context=requeueable deps ti=<TaskInstance: category_sales_analysis.process_category_sales scheduled__2025-03-09T00:00:00+00:00 [queued]>
[2025-03-10T05:55:03.159+0000] {taskinstance.py:2867} INFO - Starting attempt 1 of 2
[2025-03-10T05:55:03.260+0000] {taskinstance.py:2890} INFO - Executing <Task(PythonOperator): process_category_sales> on 2025-03-09 00:00:00+00:00
[2025-03-10T05:55:03.288+0000] {warnings.py:112} WARNING - /home/***/.local/lib/python3.12/site-packages/***/task/task_runner/standard_task_runner.py:70: DeprecationWarning: This process (pid=2261) is multi-threaded, use of fork() may lead to deadlocks in the child.
  pid = os.fork()

[2025-03-10T05:55:03.292+0000] {standard_task_runner.py:72} INFO - Started process 2272 to run task
[2025-03-10T05:55:03.293+0000] {standard_task_runner.py:104} INFO - Running: ['***', 'tasks', 'run', 'category_sales_analysis', 'process_category_sales', 'scheduled__2025-03-09T00:00:00+00:00', '--job-id', '3', '--raw', '--subdir', 'DAGS_FOLDER/category_sales_analysis.py', '--cfg-path', '/tmp/tmpdsqhjzub']
[2025-03-10T05:55:03.321+0000] {standard_task_runner.py:105} INFO - Job 3: Subtask process_category_sales
[2025-03-10T05:55:03.617+0000] {task_command.py:467} INFO - Running <TaskInstance: category_sales_analysis.process_category_sales scheduled__2025-03-09T00:00:00+00:00 [running]> on host efacfdd0be48
[2025-03-10T05:55:05.208+0000] {taskinstance.py:3134} INFO - Exporting env vars: AIRFLOW_CTX_DAG_OWNER='***' AIRFLOW_CTX_DAG_ID='category_sales_analysis' AIRFLOW_CTX_TASK_ID='process_category_sales' AIRFLOW_CTX_EXECUTION_DATE='2025-03-09T00:00:00+00:00' AIRFLOW_CTX_TRY_NUMBER='1' AIRFLOW_CTX_DAG_RUN_ID='scheduled__2025-03-09T00:00:00+00:00'
[2025-03-10T05:55:05.210+0000] {logging_mixin.py:190} INFO - Task instance is in running state
[2025-03-10T05:55:05.223+0000] {logging_mixin.py:190} INFO -  Previous state of the Task instance: queued
[2025-03-10T05:55:05.239+0000] {logging_mixin.py:190} INFO - Current task name:process_category_sales state:running start_date:2025-03-10 05:55:03.061342+00:00
[2025-03-10T05:55:05.255+0000] {logging_mixin.py:190} INFO - Dag name:category_sales_analysis and current dag run status:running
[2025-03-10T05:55:05.271+0000] {taskinstance.py:732} INFO - ::endgroup::
[2025-03-10T05:55:05.822+0000] {logging_mixin.py:190} INFO - Category sales summary saved to /opt/***/dags/data/category_sales_summary.csv
[2025-03-10T05:55:05.835+0000] {python.py:240} INFO - Done. Returned value was: None
[2025-03-10T05:55:05.993+0000] {taskinstance.py:341} INFO - ::group::Post task execution logs
[2025-03-10T05:55:06.086+0000] {taskinstance.py:353} INFO - Marking task as SUCCESS. dag_id=category_sales_analysis, task_id=process_category_sales, run_id=scheduled__2025-03-09T00:00:00+00:00, execution_date=20250309T000000, start_date=20250310T055503, end_date=20250310T055506
[2025-03-10T05:55:06.303+0000] {logging_mixin.py:190} INFO - Task instance in success state
[2025-03-10T05:55:06.307+0000] {logging_mixin.py:190} INFO -  Previous state of the Task instance: running
[2025-03-10T05:55:06.308+0000] {logging_mixin.py:190} INFO - Dag name:category_sales_analysis queued_at:2025-03-10 05:54:36.841960+00:00
[2025-03-10T05:55:06.309+0000] {logging_mixin.py:190} INFO - Task hostname:efacfdd0be48 operator:PythonOperator
[2025-03-10T05:55:06.506+0000] {local_task_job_runner.py:266} INFO - Task exited with return code 0
[2025-03-10T05:55:06.608+0000] {taskinstance.py:3901} INFO - 0 downstream tasks scheduled from follow-on schedule check
[2025-03-10T05:55:06.659+0000] {local_task_job_runner.py:245} INFO - ::endgroup::
