[2025-03-12T09:58:43.069+0000] {local_task_job_runner.py:123} INFO - ::group::Pre task execution logs
[2025-03-12T09:58:43.165+0000] {taskinstance.py:2614} INFO - Dependencies all met for dep_context=non-requeueable deps ti=<TaskInstance: weekly_category_analysis.category_stocks_analysis manual__2025-03-12T09:52:51.626851+00:00 [queued]>
[2025-03-12T09:58:43.228+0000] {taskinstance.py:2614} INFO - Dependencies all met for dep_context=requeueable deps ti=<TaskInstance: weekly_category_analysis.category_stocks_analysis manual__2025-03-12T09:52:51.626851+00:00 [queued]>
[2025-03-12T09:58:43.231+0000] {taskinstance.py:2867} INFO - Starting attempt 1 of 2
[2025-03-12T09:58:43.304+0000] {taskinstance.py:2890} INFO - Executing <Task(PythonOperator): category_stocks_analysis> on 2025-03-12 09:52:51.626851+00:00
[2025-03-12T09:58:43.322+0000] {warnings.py:112} WARNING - /home/***/.local/lib/python3.12/site-packages/***/task/task_runner/standard_task_runner.py:70: DeprecationWarning: This process (pid=304) is multi-threaded, use of fork() may lead to deadlocks in the child.
  pid = os.fork()

[2025-03-12T09:58:43.328+0000] {standard_task_runner.py:104} INFO - Running: ['***', 'tasks', 'run', 'weekly_category_analysis', 'category_stocks_analysis', 'manual__2025-03-12T09:52:51.626851+00:00', '--job-id', '413', '--raw', '--subdir', 'DAGS_FOLDER/s3_data.py', '--cfg-path', '/tmp/tmpoqgjy6tm']
[2025-03-12T09:58:43.332+0000] {standard_task_runner.py:105} INFO - Job 413: Subtask category_stocks_analysis
[2025-03-12T09:58:43.330+0000] {standard_task_runner.py:72} INFO - Started process 309 to run task
[2025-03-12T09:58:43.452+0000] {task_command.py:467} INFO - Running <TaskInstance: weekly_category_analysis.category_stocks_analysis manual__2025-03-12T09:52:51.626851+00:00 [running]> on host b404e9833d11
[2025-03-12T09:58:43.646+0000] {taskinstance.py:3134} INFO - Exporting env vars: AIRFLOW_CTX_DAG_OWNER='***' AIRFLOW_CTX_DAG_ID='weekly_category_analysis' AIRFLOW_CTX_TASK_ID='category_stocks_analysis' AIRFLOW_CTX_EXECUTION_DATE='2025-03-12T09:52:51.626851+00:00' AIRFLOW_CTX_TRY_NUMBER='1' AIRFLOW_CTX_DAG_RUN_ID='manual__2025-03-12T09:52:51.626851+00:00'
[2025-03-12T09:58:43.648+0000] {logging_mixin.py:190} INFO - Task instance is in running state
[2025-03-12T09:58:43.649+0000] {logging_mixin.py:190} INFO -  Previous state of the Task instance: queued
[2025-03-12T09:58:43.650+0000] {logging_mixin.py:190} INFO - Current task name:category_stocks_analysis state:running start_date:2025-03-12 09:58:43.167251+00:00
[2025-03-12T09:58:43.651+0000] {logging_mixin.py:190} INFO - Dag name:weekly_category_analysis and current dag run status:running
[2025-03-12T09:58:43.652+0000] {taskinstance.py:732} INFO - ::endgroup::
[2025-03-12T09:58:44.477+0000] {httpchecksum.py:481} INFO - Skipping checksum validation. Response did not contain one of the following algorithms: ['crc32', 'sha1', 'sha256'].
[2025-03-12T09:58:44.771+0000] {httpchecksum.py:481} INFO - Skipping checksum validation. Response did not contain one of the following algorithms: ['crc32', 'sha1', 'sha256'].
[2025-03-12T09:58:44.999+0000] {httpchecksum.py:481} INFO - Skipping checksum validation. Response did not contain one of the following algorithms: ['crc32', 'sha1', 'sha256'].
[2025-03-12T09:58:45.417+0000] {logging_mixin.py:190} INFO - Category stocks analysis completed successfully
[2025-03-12T09:58:45.419+0000] {python.py:240} INFO - Done. Returned value was: None
[2025-03-12T09:58:45.437+0000] {taskinstance.py:341} INFO - ::group::Post task execution logs
[2025-03-12T09:58:45.438+0000] {taskinstance.py:353} INFO - Marking task as SUCCESS. dag_id=weekly_category_analysis, task_id=category_stocks_analysis, run_id=manual__2025-03-12T09:52:51.626851+00:00, execution_date=20250312T095251, start_date=20250312T095843, end_date=20250312T095845
[2025-03-12T09:58:45.484+0000] {logging_mixin.py:190} INFO - Task instance in success state
[2025-03-12T09:58:45.485+0000] {logging_mixin.py:190} INFO -  Previous state of the Task instance: running
[2025-03-12T09:58:45.486+0000] {logging_mixin.py:190} INFO - Dag name:weekly_category_analysis queued_at:2025-03-12 09:52:51.692009+00:00
[2025-03-12T09:58:45.487+0000] {logging_mixin.py:190} INFO - Task hostname:b404e9833d11 operator:PythonOperator
[2025-03-12T09:58:45.526+0000] {local_task_job_runner.py:266} INFO - Task exited with return code 0
[2025-03-12T09:58:45.561+0000] {taskinstance.py:3901} INFO - 0 downstream tasks scheduled from follow-on schedule check
[2025-03-12T09:58:45.565+0000] {local_task_job_runner.py:245} INFO - ::endgroup::
